
No sandbox specified


                            < M A T L A B (R) >
                  Copyright 1984-2015 The MathWorks, Inc.
                   R2015b (8.6.0.267246) 64-bit (glnxa64)
                              August 20, 2015

 
To get started, type one of these: helpwin, helpdesk, or demo.
For product information, visit www.mathworks.com.
 

	Academic License

>> >> >> >> Coregistation Script Created on 181126_17_13_27_859
>> >> >> >> >> >> [Warning: Name is nonexistent or not a directory:
/Users/rcwelsh/matlabScripts/WELLES/mfiles] 
[> In path (line 109)
  In addpath (line 86)] 
>> >> >> >> >> 
UMBatchJobName =

smoothfMRI_181126_17_13_27_859_tehsheng_madcbrai

>> 
UMBatchProcessName =

smoothfMRI

>> >> Initializing the job manager in SPM8
Sandbox is not preen and I can not preen it, thus turning it off
Smoothing 570 "vbm8_w3mm_utprun_" images in /nfs/fmri/Analysis/Sean_Working/Subjects_ABCDResting/madc1299_scan1/func/run_01 with 5.0 5.0 5.0
Entering UMBatchSmooth V1.1


------------------------------------------------------------------------
Running job #1
------------------------------------------------------------------------
Running 'Smooth'
Done    'Smooth'
Done

Smoothing done in 45.056459 seconds.


No need to try to move out of sandbox, it is presently disabled.

All done with smoothing images.
>> >> 

Start   : Mon Nov 26 17:13:29 EST 2018
Finish  : Mon Nov 26 17:14:48 EST 2018


