
                            < M A T L A B (R) >
                  Copyright 1984-2015 The MathWorks, Inc.
                   R2015b (8.6.0.267246) 64-bit (glnxa64)
                              August 20, 2015

 
To get started, type one of these: helpwin, helpdesk, or demo.
For product information, visit www.mathworks.com.
 
    ----------------------------------------------------
	Your MATLAB license will expire in 53 days.
	Please contact your system administrator or
	MathWorks to renew this license.
    ----------------------------------------------------

	Academic License

>> >> >> >> Coregistation Script Created on 181207_21_23_39_923
>> >> >> >> >> >> [Warning: Name is nonexistent or not a directory:
/Users/rcwelsh/matlabScripts/WELLES/mfiles] 
[> In path (line 109)
  In addpath (line 86)] 
>> >> >> >> >> 
UMBatchJobName =

coregOverlay_181207_21_23_39_923_tehsheng_madcbrai

>> 
UMBatchProcessName =

coregOverlay

>> >> Initializing the job manager in SPM8

UMReSlice =

     0



Calling UMBatchCoReg with:
/nfs/fmri/Analysis/Sean_Working/Git_MADC/preprocess/../../Subjects_ASL/madc1530_5703/func//run_01/vasc_3dasl.nii
/nfs/fmri/Analysis/Sean_Working/Subjects_ASL/madc1530_5703/func/coReg/t1spgr.nii
UMReSlice:0
Entering UMBatchCoReg V2.0 for SPM8
Coreging /nfs/fmri/Analysis/Sean_Working/Subjects_ASL/madc1530_5703/func/coReg/t1spgr.nii to
         /nfs/fmri/Analysis/Sean_Working/Git_MADC/preprocess/../../Subjects_ASL/madc1530_5703/func//run_01/vasc_3dasl.nii


------------------------------------------------------------------------
Running job #1
------------------------------------------------------------------------
Running 'Coregister: Estimate'
iteration 1...
-1.657   0        0        0        0        0        | -1.0439
-1.657   -3.036   0        0        0        0        | -1.0443
-1.657   -3.036   0.7609   0        0        0        | -1.0444
-1.657   -3.036   0.7609   -0.09641 0        0        | -1.0447
-1.657   -3.036   0.7609   -0.09641 0        0        | -1.0447
-1.657   -3.036   0.7609   -0.09641 0        0.02765  | -1.0448
iteration 2...
-1.35    -3.036   0.7609   -0.09641 0        0.02765  | -1.0449
-1.35    -2.266   0.7609   -0.09641 0        0.02765  | -1.0449
-1.35    -2.266   0.5852   -0.09641 0        0.02765  | -1.0449
-1.35    -2.266   0.5852   -0.1074  0        0.02765  | -1.0449
-1.35    -2.266   0.5852   -0.1074  -0.01301 0.02765  | -1.0449
-1.35    -2.266   0.5852   -0.1074  -0.01301 0.02988  | -1.0449
iteration 3...
-1.378   -2.266   0.5852   -0.1074  -0.01301 0.02988  | -1.0449
-1.378   -2.177   0.5852   -0.1074  -0.01301 0.02988  | -1.0449
-1.378   -2.177   0.2845   -0.1074  -0.01301 0.02988  | -1.045
-1.378   -2.177   0.2845   -0.1074  -0.01301 0.02988  | -1.045
-1.378   -2.177   0.2845   -0.1074  -0.01301 0.02988  | -1.045
-1.378   -2.177   0.2845   -0.1074  -0.01301 0.03065  | -1.045
iteration 4...
-1.378   -2.177   0.2845   -0.1074  -0.01301 0.03065  | -1.045
-1.378   -2.233   0.2845   -0.1074  -0.01301 0.03065  | -1.045
-1.378   -2.233   0.2845   -0.1074  -0.01301 0.03065  | -1.045
-1.378   -2.233   0.2845   -0.1074  -0.01301 0.03065  | -1.045
-1.378   -2.233   0.2845   -0.1074  -0.01301 0.03065  | -1.045
-1.378   -2.233   0.2845   -0.1074  -0.01301 0.03065  | -1.045
iteration 5...
-1.378   -2.233   0.2845   -0.1074  -0.01301 0.03065  | -1.045
-1.378   -2.233   0.2845   -0.1074  -0.01301 0.03065  | -1.045
-1.378   -2.233   0.2845   -0.1074  -0.01301 0.03065  | -1.045
-1.378   -2.233   0.2845   -0.1074  -0.01301 0.03065  | -1.045
-1.378   -2.233   0.2845   -0.1074  -0.01301 0.03065  | -1.045
-1.378   -2.233   0.2845   -0.1074  -0.01301 0.03065  | -1.045
iteration 1...
-1.148   -2.233   0.2845   -0.1074  -0.01301 0.03065  | -1.0448
-1.148   -2.233   0.2845   -0.1074  -0.01301 0.03065  | -1.0448
-1.148   -2.233   0.6506   -0.1074  -0.01301 0.03065  | -1.0448
-1.148   -2.233   0.6506   -0.1074  -0.01301 0.03065  | -1.0448
-1.148   -2.233   0.6506   -0.1074  -0.004122 0.03065  | -1.0448
-1.148   -2.233   0.6506   -0.1074  -0.004122 0.03904  | -1.0448
iteration 2...
-1.123   -2.233   0.6506   -0.1074  -0.004122 0.03904  | -1.0448
-1.123   -2.384   0.6506   -0.1074  -0.004122 0.03904  | -1.0448
-1.123   -2.384   0.5716   -0.1074  -0.004122 0.03904  | -1.0448
-1.123   -2.384   0.5716   -0.1136  -0.004122 0.03904  | -1.0448
-1.123   -2.384   0.5716   -0.1136  -0.003001 0.03904  | -1.0448
-1.123   -2.384   0.5716   -0.1136  -0.003001 0.03904  | -1.0448
iteration 3...
-1.099   -2.384   0.5716   -0.1136  -0.003001 0.03904  | -1.0448
-1.099   -2.467   0.5716   -0.1136  -0.003001 0.03904  | -1.0448
-1.099   -2.467   0.5035   -0.1136  -0.003001 0.03904  | -1.0448
-1.099   -2.467   0.5035   -0.114   -0.003001 0.03904  | -1.0448
-1.099   -2.467   0.5035   -0.114   0.006118 0.03904  | -1.0448
-1.099   -2.467   0.5035   -0.114   0.006118 0.03904  | -1.0448
iteration 4...
-1.099   -2.467   0.5035   -0.114   0.006118 0.03904  | -1.0448
-1.099   -2.559   0.5035   -0.114   0.006118 0.03904  | -1.0448
-1.099   -2.559   0.4169   -0.114   0.006118 0.03904  | -1.0448
-1.099   -2.559   0.4169   -0.1109  0.006118 0.03904  | -1.0448
-1.099   -2.559   0.4169   -0.1109  0.006118 0.03904  | -1.0448
-1.099   -2.559   0.4169   -0.1109  0.006118 0.04108  | -1.0448
iteration 5...
-1.088   -2.559   0.4169   -0.1109  0.006118 0.04108  | -1.0448
-1.088   -2.525   0.4169   -0.1109  0.006118 0.04108  | -1.0448
-1.088   -2.525   0.4076   -0.1109  0.006118 0.04108  | -1.0448
-1.088   -2.525   0.4076   -0.1109  0.006118 0.04108  | -1.0448
-1.088   -2.525   0.4076   -0.1109  0.008834 0.04108  | -1.0448
-1.088   -2.525   0.4076   -0.1109  0.008834 0.04108  | -1.0448
iteration 6...
-1.088   -2.525   0.4076   -0.1109  0.008834 0.04108  | -1.0448
-1.088   -2.525   0.4076   -0.1109  0.008834 0.04108  | -1.0448
-1.088   -2.525   0.4014   -0.1109  0.008834 0.04108  | -1.0448
-1.088   -2.525   0.4014   -0.1109  0.008834 0.04108  | -1.0448
-1.088   -2.525   0.4014   -0.1109  0.008834 0.04108  | -1.0448
-1.088   -2.525   0.4014   -0.1109  0.008834 0.04108  | -1.0448
Done    'Coregister: Estimate'
Done

CoReg Done in 41.351202 seconds

All done with coregistration.
>> >> 
No sandbox specified



Start   : Fri Dec  7 21:23:47 EST 2018
Finish  : Fri Dec  7 21:25:10 EST 2018


