
                            < M A T L A B (R) >
                  Copyright 1984-2015 The MathWorks, Inc.
                   R2015b (8.6.0.267246) 64-bit (glnxa64)
                              August 20, 2015

 
To get started, type one of these: helpwin, helpdesk, or demo.
For product information, visit www.mathworks.com.
 
    ----------------------------------------------------
	Your MATLAB license will expire in 53 days.
	Please contact your system administrator or
	MathWorks to renew this license.
    ----------------------------------------------------

	Academic License

>> >> >> >> Coregistation Script Created on 181207_16_09_58_701
>> >> >> >> >> >> [Warning: Name is nonexistent or not a directory:
/Users/rcwelsh/matlabScripts/WELLES/mfiles] 
[> In path (line 109)
  In addpath (line 86)] 
>> >> >> >> >> 
UMBatchJobName =

coregOverlay_181207_16_09_58_701_tehsheng_madcbrai

>> 
UMBatchProcessName =

coregOverlay

>> >> Initializing the job manager in SPM8

UMReSlice =

     0



Calling UMBatchCoReg with:
/nfs/fmri/Analysis/Sean_Working/Git_MADC/preprocess/../../Subjects_ASL/madc1539_5154/func//run_01/vasc_3dasl.nii
/nfs/fmri/Analysis/Sean_Working/Subjects_ASL/madc1539_5154/func/coReg/t1spgr.nii
UMReSlice:0
Entering UMBatchCoReg V2.0 for SPM8
Coreging /nfs/fmri/Analysis/Sean_Working/Subjects_ASL/madc1539_5154/func/coReg/t1spgr.nii to
         /nfs/fmri/Analysis/Sean_Working/Git_MADC/preprocess/../../Subjects_ASL/madc1539_5154/func//run_01/vasc_3dasl.nii


------------------------------------------------------------------------
Running job #1
------------------------------------------------------------------------
Running 'Coregister: Estimate'
iteration 1...
-1.008   0        0        0        0        0        | -1.0478
-1.008   -1.603   0        0        0        0        | -1.0483
-1.008   -1.603   -3.948   0        0        0        | -1.0493
-1.008   -1.603   -3.948   0        0        0        | -1.0493
-1.008   -1.603   -3.948   0        0        0        | -1.0493
-1.008   -1.603   -3.948   0        0        0.0371   | -1.0498
iteration 2...
-1.431   -1.603   -3.948   0        0        0.0371   | -1.0499
-1.431   -1.467   -3.948   0        0        0.0371   | -1.0499
-1.431   -1.467   -3.851   0        0        0.0371   | -1.0499
-1.431   -1.467   -3.851   -0.00717 0        0.0371   | -1.0499
-1.431   -1.467   -3.851   -0.00717 0        0.0371   | -1.0499
-1.431   -1.467   -3.851   -0.00717 0        0.0371   | -1.0499
iteration 3...
-1.433   -1.467   -3.851   -0.00717 0        0.0371   | -1.0499
-1.433   -1.174   -3.851   -0.00717 0        0.0371   | -1.0499
-1.433   -1.174   -3.862   -0.00717 0        0.0371   | -1.0499
-1.433   -1.174   -3.862   -0.01322 0        0.0371   | -1.0499
-1.433   -1.174   -3.862   -0.01322 -0.001512 0.0371   | -1.0499
-1.433   -1.174   -3.862   -0.01322 -0.001512 0.0371   | -1.0499
iteration 4...
-1.422   -1.174   -3.862   -0.01322 -0.001512 0.0371   | -1.0499
-1.422   -0.9962  -3.862   -0.01322 -0.001512 0.0371   | -1.0499
-1.422   -0.9962  -3.9     -0.01322 -0.001512 0.0371   | -1.0499
-1.422   -0.9962  -3.9     -0.01456 -0.001512 0.0371   | -1.0499
-1.422   -0.9962  -3.9     -0.01456 -0.001512 0.0371   | -1.0499
-1.422   -0.9962  -3.9     -0.01456 -0.001512 0.0371   | -1.0499
iteration 5...
-1.422   -0.9962  -3.9     -0.01456 -0.001512 0.0371   | -1.0499
-1.422   -0.9631  -3.9     -0.01456 -0.001512 0.0371   | -1.0499
-1.422   -0.9631  -3.926   -0.01456 -0.001512 0.0371   | -1.0499
-1.422   -0.9631  -3.926   -0.01456 -0.001512 0.0371   | -1.0499
-1.422   -0.9631  -3.926   -0.01456 -0.001512 0.0371   | -1.0499
-1.422   -0.9631  -3.926   -0.01456 -0.001512 0.03805  | -1.0499
-1.422   -0.9453  -3.939   -0.01456 -0.001512 0.03857  | -1.0499
iteration 6...
-1.456   -0.9453  -3.939   -0.01456 -0.001512 0.03857  | -1.0499
-1.456   -0.9276  -3.953   -0.01456 -0.001512 0.03908  | -1.0499
-1.456   -0.9276  -3.922   -0.01456 -0.001512 0.03908  | -1.0499
-1.456   -0.9276  -3.922   -0.01456 -0.001512 0.03908  | -1.0499
-1.456   -0.9276  -3.922   -0.01456 -0.001512 0.03908  | -1.0499
-1.456   -0.9276  -3.922   -0.01456 -0.001512 0.03908  | -1.0499
iteration 7...
-1.456   -0.9276  -3.922   -0.01456 -0.001512 0.03908  | -1.0499
-1.456   -0.9276  -3.922   -0.01456 -0.001512 0.03908  | -1.0499
-1.456   -0.9276  -3.922   -0.01456 -0.001512 0.03908  | -1.0499
-1.456   -0.9276  -3.922   -0.01456 -0.001512 0.03908  | -1.0499
-1.456   -0.9276  -3.922   -0.01456 -0.001512 0.03908  | -1.0499
-1.456   -0.9276  -3.922   -0.01456 -0.001512 0.03908  | -1.0499
iteration 1...
-1.456   -0.9276  -3.922   -0.01456 -0.001512 0.03908  | -1.0499
-1.456   -0.6866  -3.922   -0.01456 -0.001512 0.03908  | -1.0499
-1.456   -0.6866  -4.234   -0.01456 -0.001512 0.03908  | -1.0499
-1.456   -0.6866  -4.234   -0.01669 -0.001512 0.03908  | -1.0499
-1.456   -0.6866  -4.234   -0.01669 -0.001277 0.03908  | -1.0499
-1.456   -0.6866  -4.234   -0.01669 -0.001277 0.05018  | -1.0499
iteration 2...
-1.548   -0.6866  -4.234   -0.01669 -0.001277 0.05018  | -1.0499
-1.548   -0.5822  -4.234   -0.01669 -0.001277 0.05018  | -1.0499
-1.548   -0.5822  -4.396   -0.01669 -0.001277 0.05018  | -1.0499
-1.548   -0.5822  -4.396   -0.01824 -0.001277 0.05018  | -1.0499
-1.548   -0.5822  -4.396   -0.01824 -0.0007131 0.05018  | -1.0499
-1.548   -0.5822  -4.396   -0.01824 -0.0007131 0.05075  | -1.0499
iteration 3...
-1.554   -0.5822  -4.396   -0.01824 -0.0007131 0.05075  | -1.0499
-1.554   -0.5294  -4.396   -0.01824 -0.0007131 0.05075  | -1.0499
-1.554   -0.5294  -4.393   -0.01824 -0.0007131 0.05075  | -1.0499
-1.554   -0.5294  -4.393   -0.01871 -0.0007131 0.05075  | -1.0499
-1.554   -0.5294  -4.393   -0.01871 0.0003028 0.05075  | -1.0499
-1.554   -0.5294  -4.393   -0.01871 0.0003028 0.05075  | -1.0499
iteration 4...
-1.658   -0.5294  -4.393   -0.01871 0.0003028 0.05075  | -1.0499
-1.658   -0.499   -4.393   -0.01871 0.0003028 0.05075  | -1.0499
-1.658   -0.499   -4.369   -0.01871 0.0003028 0.05075  | -1.0499
-1.658   -0.499   -4.369   -0.01871 0.0003028 0.05075  | -1.0499
-1.658   -0.499   -4.369   -0.01871 0.001131 0.05075  | -1.0499
-1.658   -0.499   -4.369   -0.01871 0.001131 0.05179  | -1.0499
-1.805   -0.4566  -4.335   -0.01871 0.002289 0.05323  | -1.0499
iteration 5...
-1.805   -0.4566  -4.335   -0.01871 0.002289 0.05323  | -1.0499
-1.805   -0.4845  -4.335   -0.01871 0.002289 0.05323  | -1.0499
-1.805   -0.4845  -4.363   -0.01871 0.002289 0.05323  | -1.0499
-1.805   -0.4845  -4.363   -0.01875 0.002289 0.05323  | -1.0499
-1.805   -0.4845  -4.363   -0.01875 0.002885 0.05323  | -1.0499
-1.805   -0.4845  -4.363   -0.01875 0.002885 0.05408  | -1.0499
iteration 6...
-1.805   -0.4845  -4.363   -0.01875 0.002885 0.05408  | -1.0499
-1.805   -0.4845  -4.363   -0.01875 0.002885 0.05408  | -1.0499
-1.805   -0.4845  -4.359   -0.01875 0.002885 0.05408  | -1.0499
-1.805   -0.4845  -4.359   -0.01875 0.002885 0.05408  | -1.0499
-1.805   -0.4845  -4.359   -0.01875 0.004391 0.05408  | -1.0499
-1.805   -0.4845  -4.359   -0.01875 0.004391 0.05408  | -1.0499
iteration 7...
-1.805   -0.4845  -4.359   -0.01875 0.004391 0.05408  | -1.0499
-1.805   -0.4845  -4.359   -0.01875 0.004391 0.05408  | -1.0499
-1.805   -0.4845  -4.338   -0.01875 0.004391 0.05408  | -1.0499
-1.805   -0.4845  -4.338   -0.01972 0.004391 0.05408  | -1.0499
-1.805   -0.4845  -4.338   -0.01972 0.004391 0.05408  | -1.0499
-1.805   -0.4845  -4.338   -0.01972 0.004391 0.05405  | -1.0499
iteration 8...
-1.805   -0.4845  -4.338   -0.01972 0.004391 0.05405  | -1.0499
-1.805   -0.4707  -4.338   -0.01972 0.004391 0.05405  | -1.0499
-1.805   -0.4707  -4.338   -0.01972 0.004391 0.05405  | -1.0499
-1.805   -0.4707  -4.338   -0.01974 0.004391 0.05405  | -1.0499
-1.805   -0.4707  -4.338   -0.01974 0.004391 0.05405  | -1.0499
-1.805   -0.4707  -4.338   -0.01974 0.004391 0.05405  | -1.0499
Done    'Coregister: Estimate'
Done

CoReg Done in 47.877001 seconds

All done with coregistration.
>> >> 
No sandbox specified



Start   : Fri Dec  7 16:10:01 EST 2018
Finish  : Fri Dec  7 16:11:37 EST 2018


