
                            < M A T L A B (R) >
                  Copyright 1984-2015 The MathWorks, Inc.
                   R2015b (8.6.0.267246) 64-bit (glnxa64)
                              August 20, 2015

 
To get started, type one of these: helpwin, helpdesk, or demo.
For product information, visit www.mathworks.com.
 
    ----------------------------------------------------
	Your MATLAB license will expire in 53 days.
	Please contact your system administrator or
	MathWorks to renew this license.
    ----------------------------------------------------

	Academic License

>> >> >> >> Coregistation Script Created on 181207_16_55_12_877
>> >> >> >> >> >> [Warning: Name is nonexistent or not a directory:
/Users/rcwelsh/matlabScripts/WELLES/mfiles] 
[> In path (line 109)
  In addpath (line 86)] 
>> >> >> >> >> 
UMBatchJobName =

coregOverlay_181207_16_55_12_877_tehsheng_madcbrai

>> 
UMBatchProcessName =

coregOverlay

>> >> Initializing the job manager in SPM8

UMReSlice =

     0



Calling UMBatchCoReg with:
/nfs/fmri/Analysis/Sean_Working/Git_MADC/preprocess/../../Subjects_ASL/madc1446_4476/func//run_01/vasc_3dasl.nii
/nfs/fmri/Analysis/Sean_Working/Subjects_ASL/madc1446_4476/func/coReg/t1spgr.nii
UMReSlice:0
Entering UMBatchCoReg V2.0 for SPM8
Coreging /nfs/fmri/Analysis/Sean_Working/Subjects_ASL/madc1446_4476/func/coReg/t1spgr.nii to
         /nfs/fmri/Analysis/Sean_Working/Git_MADC/preprocess/../../Subjects_ASL/madc1446_4476/func//run_01/vasc_3dasl.nii


------------------------------------------------------------------------
Running job #1
------------------------------------------------------------------------
Running 'Coregister: Estimate'
iteration 1...
2.094    0        0        0        0        0        | -1.0354
2.094    0.177    0        0        0        0        | -1.0355
2.094    0.177    -7.333   0        0        0        | -1.0375
2.094    0.177    -7.333   -0.02827 0        0        | -1.0376
2.094    0.177    -7.333   -0.02827 0.03099  0        | -1.0377
2.094    0.177    -7.333   -0.02827 0.03099  0.03636  | -1.0377
iteration 2...
1.998    0.177    -7.333   -0.02827 0.03099  0.03636  | -1.0377
1.998    -1.084   -7.333   -0.02827 0.03099  0.03636  | -1.0379
1.998    -1.084   -6.691   -0.02827 0.03099  0.03636  | -1.0379
1.998    -1.084   -6.691   -0.04526 0.03099  0.03636  | -1.038
1.998    -1.084   -6.691   -0.04526 0.01111  0.03636  | -1.038
1.998    -1.084   -6.691   -0.04526 0.01111  0.03108  | -1.038
iteration 3...
1.59     -1.084   -6.691   -0.04526 0.01111  0.03108  | -1.0381
1.59     -1.606   -6.691   -0.04526 0.01111  0.03108  | -1.0381
1.59     -1.606   -6.633   -0.04526 0.01111  0.03108  | -1.0381
1.59     -1.606   -6.633   -0.05212 0.01111  0.03108  | -1.0381
1.59     -1.606   -6.633   -0.05212 -0.003901 0.03108  | -1.0381
1.59     -1.606   -6.633   -0.05212 -0.003901 0.03108  | -1.0381
1.257    -2.032   -6.587   -0.0577  -0.01612 0.03108  | -1.0382
iteration 4...
1.123    -2.032   -6.587   -0.0577  -0.01612 0.03108  | -1.0382
1.123    -2.032   -6.587   -0.0577  -0.01612 0.03108  | -1.0382
1.123    -2.032   -6.82    -0.0577  -0.01612 0.03108  | -1.0382
1.123    -2.032   -6.82    -0.0577  -0.01612 0.03108  | -1.0382
1.123    -2.032   -6.82    -0.0577  -0.01801 0.03108  | -1.0382
1.123    -2.032   -6.82    -0.0577  -0.01801 0.03108  | -1.0382
iteration 5...
1.123    -2.032   -6.82    -0.0577  -0.01801 0.03108  | -1.0382
1.123    -2.032   -6.82    -0.0577  -0.01801 0.03108  | -1.0382
1.123    -2.032   -6.82    -0.0577  -0.01801 0.03108  | -1.0382
1.123    -2.032   -6.82    -0.05695 -0.01801 0.03108  | -1.0382
1.123    -2.032   -6.82    -0.05695 -0.01801 0.03108  | -1.0382
1.123    -2.032   -6.82    -0.05695 -0.01801 0.03108  | -1.0382
iteration 1...
1.071    -2.032   -6.82    -0.05695 -0.01801 0.03108  | -1.038
1.071    -2.074   -6.82    -0.05695 -0.01801 0.03108  | -1.038
1.071    -2.074   -7.034   -0.05695 -0.01801 0.03108  | -1.038
1.071    -2.074   -7.034   -0.0729  -0.01801 0.03108  | -1.0381
1.071    -2.074   -7.034   -0.0729  -0.02472 0.03108  | -1.0381
1.071    -2.074   -7.034   -0.0729  -0.02472 0.03108  | -1.0381
iteration 2...
0.8485   -2.074   -7.034   -0.0729  -0.02472 0.03108  | -1.0381
0.8485   -2.479   -7.034   -0.0729  -0.02472 0.03108  | -1.0381
0.8485   -2.479   -6.935   -0.0729  -0.02472 0.03108  | -1.0381
0.8485   -2.479   -6.935   -0.07722 -0.02472 0.03108  | -1.0381
0.8485   -2.479   -6.935   -0.07722 -0.02753 0.03108  | -1.0381
0.8485   -2.479   -6.935   -0.07722 -0.02753 0.03365  | -1.0381
iteration 3...
0.7803   -2.479   -6.935   -0.07722 -0.02753 0.03365  | -1.0381
0.7803   -2.542   -6.935   -0.07722 -0.02753 0.03365  | -1.0381
0.7803   -2.542   -6.944   -0.07722 -0.02753 0.03365  | -1.0381
0.7803   -2.542   -6.944   -0.07722 -0.02753 0.03365  | -1.0381
0.7803   -2.542   -6.944   -0.07722 -0.02858 0.03365  | -1.0381
0.7803   -2.542   -6.944   -0.07722 -0.02858 0.03365  | -1.0381
iteration 4...
0.7803   -2.542   -6.944   -0.07722 -0.02858 0.03365  | -1.0381
0.7803   -2.522   -6.944   -0.07722 -0.02858 0.03365  | -1.0381
0.7803   -2.522   -6.912   -0.07722 -0.02858 0.03365  | -1.0381
0.7803   -2.522   -6.912   -0.07722 -0.02858 0.03365  | -1.0381
0.7803   -2.522   -6.912   -0.07722 -0.02858 0.03365  | -1.0381
0.7803   -2.522   -6.912   -0.07722 -0.02858 0.03365  | -1.0381
iteration 5...
0.7803   -2.522   -6.912   -0.07722 -0.02858 0.03365  | -1.0381
0.7803   -2.522   -6.912   -0.07722 -0.02858 0.03365  | -1.0381
0.7803   -2.522   -6.912   -0.07722 -0.02858 0.03365  | -1.0381
0.7803   -2.522   -6.912   -0.07722 -0.02858 0.03365  | -1.0381
0.7803   -2.522   -6.912   -0.07722 -0.02858 0.03365  | -1.0381
0.7803   -2.522   -6.912   -0.07722 -0.02858 0.03365  | -1.0381
Done    'Coregister: Estimate'
Done

CoReg Done in 36.193459 seconds

All done with coregistration.
>> >> 
No sandbox specified



Start   : Fri Dec  7 16:55:17 EST 2018
Finish  : Fri Dec  7 16:56:32 EST 2018


