
                            < M A T L A B (R) >
                  Copyright 1984-2015 The MathWorks, Inc.
                   R2015b (8.6.0.267246) 64-bit (glnxa64)
                              August 20, 2015

 
To get started, type one of these: helpwin, helpdesk, or demo.
For product information, visit www.mathworks.com.
 
    ----------------------------------------------------
	Your MATLAB license will expire in 53 days.
	Please contact your system administrator or
	MathWorks to renew this license.
    ----------------------------------------------------

	Academic License

>> >> >> >> Coregistation Script Created on 181207_18_23_14_135
>> >> >> >> >> >> [Warning: Name is nonexistent or not a directory:
/Users/rcwelsh/matlabScripts/WELLES/mfiles] 
[> In path (line 109)
  In addpath (line 86)] 
>> >> >> >> >> 
UMBatchJobName =

coregOverlay_181207_18_23_14_135_tehsheng_madcbrai

>> 
UMBatchProcessName =

coregOverlay

>> >> Initializing the job manager in SPM8

UMReSlice =

     0



Calling UMBatchCoReg with:
/nfs/fmri/Analysis/Sean_Working/Git_MADC/preprocess/../../Subjects_ASL/madc1483_5200/func//run_01/vasc_3dasl.nii
/nfs/fmri/Analysis/Sean_Working/Subjects_ASL/madc1483_5200/func/coReg/t1spgr.nii
UMReSlice:0
Entering UMBatchCoReg V2.0 for SPM8
Coreging /nfs/fmri/Analysis/Sean_Working/Subjects_ASL/madc1483_5200/func/coReg/t1spgr.nii to
         /nfs/fmri/Analysis/Sean_Working/Git_MADC/preprocess/../../Subjects_ASL/madc1483_5200/func//run_01/vasc_3dasl.nii


------------------------------------------------------------------------
Running job #1
------------------------------------------------------------------------
Running 'Coregister: Estimate'
iteration 1...
1.629    0        0        0        0        0        | -1.0299
1.629    -5.109   0        0        0        0        | -1.0306
1.629    -5.109   -4.849   0        0        0        | -1.0308
1.629    -5.109   -4.849   -0.0002695 0        0        | -1.0308
1.629    -5.109   -4.849   -0.0002695 0        0        | -1.0308
1.629    -5.109   -4.849   -0.0002695 0        0        | -1.0308
iteration 2...
1.629    -5.109   -4.849   -0.0002695 0        0        | -1.0308
1.629    -3.442   -4.849   -0.0002695 0        0        | -1.0309
1.629    -3.442   -4.849   -0.0002695 0        0        | -1.0309
1.629    -3.442   -4.849   -0.02177 0        0        | -1.031
1.629    -3.442   -4.849   -0.02177 0.007084 0        | -1.031
1.629    -3.442   -4.849   -0.02177 0.007084 0        | -1.031
iteration 3...
1.566    -3.442   -4.849   -0.02177 0.007084 0        | -1.031
1.566    -3.54    -4.849   -0.02177 0.007084 0        | -1.031
1.566    -3.54    -5.433   -0.02177 0.007084 0        | -1.031
1.566    -3.54    -5.433   -0.02177 0.007084 0        | -1.031
1.566    -3.54    -5.433   -0.02177 0.01348  0        | -1.031
1.566    -3.54    -5.433   -0.02177 0.01348  0.002454 | -1.031
iteration 4...
1.459    -3.54    -5.433   -0.02177 0.01348  0.002454 | -1.0311
1.459    -3.504   -5.433   -0.02177 0.01348  0.002454 | -1.0311
1.459    -3.504   -5.461   -0.02177 0.01348  0.002454 | -1.0311
1.459    -3.504   -5.461   -0.02094 0.01348  0.002454 | -1.0311
1.459    -3.504   -5.461   -0.02094 0.01348  0.002454 | -1.0311
1.459    -3.504   -5.461   -0.02094 0.01348  0.002454 | -1.0311
iteration 5...
1.459    -3.504   -5.461   -0.02094 0.01348  0.002454 | -1.0311
1.459    -3.504   -5.461   -0.02094 0.01348  0.002454 | -1.0311
1.459    -3.504   -5.434   -0.02094 0.01348  0.002454 | -1.0311
1.459    -3.504   -5.434   -0.02094 0.01348  0.002454 | -1.0311
1.459    -3.504   -5.434   -0.02094 0.01348  0.002454 | -1.0311
1.459    -3.504   -5.434   -0.02094 0.01348  0.002454 | -1.0311
iteration 6...
1.459    -3.504   -5.434   -0.02094 0.01348  0.002454 | -1.0311
1.459    -3.506   -5.434   -0.02094 0.01348  0.002454 | -1.0311
1.459    -3.506   -5.434   -0.02094 0.01348  0.002454 | -1.0311
1.459    -3.506   -5.434   -0.02094 0.01348  0.002454 | -1.0311
1.459    -3.506   -5.434   -0.02094 0.01348  0.002454 | -1.0311
1.459    -3.506   -5.434   -0.02094 0.01348  0.002454 | -1.0311
iteration 1...
1.909    -3.506   -5.434   -0.02094 0.01348  0.002454 | -1.0308
1.909    -3.183   -5.434   -0.02094 0.01348  0.002454 | -1.0308
1.909    -3.183   -5.299   -0.02094 0.01348  0.002454 | -1.0308
1.909    -3.183   -5.299   -0.02205 0.01348  0.002454 | -1.0308
1.909    -3.183   -5.299   -0.02205 0.09407  0.002454 | -1.0311
1.909    -3.183   -5.299   -0.02205 0.09407  0.01154  | -1.0312
iteration 2...
1.262    -3.183   -5.299   -0.02205 0.09407  0.01154  | -1.0312
1.262    -3.014   -5.299   -0.02205 0.09407  0.01154  | -1.0312
1.262    -3.014   -5.762   -0.02205 0.09407  0.01154  | -1.0312
1.262    -3.014   -5.762   -0.0283  0.09407  0.01154  | -1.0312
1.262    -3.014   -5.762   -0.0283  0.1097   0.01154  | -1.0312
1.262    -3.014   -5.762   -0.0283  0.1097   0.01445  | -1.0312
0.9362   -2.929   -5.995   -0.03145 0.1176   0.01592  | -1.0312
iteration 3...
0.9554   -2.934   -5.981   -0.03126 0.1171   0.01583  | -1.0312
0.9554   -2.748   -5.981   -0.03126 0.1171   0.01583  | -1.0312
0.9554   -2.748   -5.993   -0.03126 0.1171   0.01583  | -1.0312
0.9554   -2.748   -5.993   -0.03126 0.1171   0.01583  | -1.0312
0.9554   -2.748   -5.993   -0.03126 0.1171   0.01583  | -1.0312
0.9554   -2.748   -5.993   -0.03126 0.1171   0.01583  | -1.0312
iteration 4...
0.9554   -2.748   -5.993   -0.03126 0.1171   0.01583  | -1.0312
0.9554   -2.748   -5.993   -0.03126 0.1171   0.01583  | -1.0312
0.9554   -2.748   -5.993   -0.03126 0.1171   0.01583  | -1.0312
0.9554   -2.748   -5.993   -0.03126 0.1171   0.01583  | -1.0312
0.9554   -2.748   -5.993   -0.03126 0.1171   0.01583  | -1.0312
0.9554   -2.748   -5.993   -0.03126 0.1171   0.01583  | -1.0312
Done    'Coregister: Estimate'
Done

CoReg Done in 32.727916 seconds

All done with coregistration.
>> >> 
No sandbox specified



Start   : Fri Dec  7 18:23:16 EST 2018
Finish  : Fri Dec  7 18:24:39 EST 2018


