
                            < M A T L A B (R) >
                  Copyright 1984-2015 The MathWorks, Inc.
                   R2015b (8.6.0.267246) 64-bit (glnxa64)
                              August 20, 2015

 
To get started, type one of these: helpwin, helpdesk, or demo.
For product information, visit www.mathworks.com.
 
    ----------------------------------------------------
	Your MATLAB license will expire in 53 days.
	Please contact your system administrator or
	MathWorks to renew this license.
    ----------------------------------------------------

	Academic License

>> >> >> >> Coregistation Script Created on 181207_18_00_43_216
>> >> >> >> >> >> [Warning: Name is nonexistent or not a directory:
/Users/rcwelsh/matlabScripts/WELLES/mfiles] 
[> In path (line 109)
  In addpath (line 86)] 
>> >> >> >> >> 
UMBatchJobName =

coregOverlay_181207_18_00_43_216_tehsheng_madcbrai

>> 
UMBatchProcessName =

coregOverlay

>> >> Initializing the job manager in SPM8

UMReSlice =

     0



Calling UMBatchCoReg with:
/nfs/fmri/Analysis/Sean_Working/Git_MADC/preprocess/../../Subjects_ASL/madc1476_5633/func//run_01/vasc_3dasl.nii
/nfs/fmri/Analysis/Sean_Working/Subjects_ASL/madc1476_5633/func/coReg/t1spgr.nii
UMReSlice:0
Entering UMBatchCoReg V2.0 for SPM8
Coreging /nfs/fmri/Analysis/Sean_Working/Subjects_ASL/madc1476_5633/func/coReg/t1spgr.nii to
         /nfs/fmri/Analysis/Sean_Working/Git_MADC/preprocess/../../Subjects_ASL/madc1476_5633/func//run_01/vasc_3dasl.nii


------------------------------------------------------------------------
Running job #1
------------------------------------------------------------------------
Running 'Coregister: Estimate'
iteration 1...
1.047    0        0        0        0        0        | -1.0492
1.047    -2.054   0        0        0        0        | -1.0493
1.047    -2.054   1.047    0        0        0        | -1.0494
1.047    -2.054   1.047    -0.03822 0        0        | -1.0497
1.047    -2.054   1.047    -0.03822 -0.01904 0        | -1.0498
1.047    -2.054   1.047    -0.03822 -0.01904 0.05484  | -1.0499
iteration 2...
0.9385   -2.054   1.047    -0.03822 -0.01904 0.05484  | -1.0499
0.9385   -1.255   1.047    -0.03822 -0.01904 0.05484  | -1.05
0.9385   -1.255   1.447    -0.03822 -0.01904 0.05484  | -1.05
0.9385   -1.255   1.447    -0.04608 -0.01904 0.05484  | -1.05
0.9385   -1.255   1.447    -0.04608 -0.01904 0.05484  | -1.05
0.9385   -1.255   1.447    -0.04608 -0.01904 0.05044  | -1.05
iteration 3...
0.9108   -1.255   1.447    -0.04608 -0.01904 0.05044  | -1.05
0.9108   -1.094   1.447    -0.04608 -0.01904 0.05044  | -1.05
0.9108   -1.094   1.067    -0.04608 -0.01904 0.05044  | -1.05
0.9108   -1.094   1.067    -0.04635 -0.01904 0.05044  | -1.05
0.9108   -1.094   1.067    -0.04635 -0.01902 0.05044  | -1.05
0.9108   -1.094   1.067    -0.04635 -0.01902 0.05044  | -1.05
iteration 4...
0.9322   -1.094   1.067    -0.04635 -0.01902 0.05044  | -1.05
0.9322   -1.009   1.067    -0.04635 -0.01902 0.05044  | -1.05
0.9322   -1.009   1.067    -0.04635 -0.01902 0.05044  | -1.05
0.9322   -1.009   1.067    -0.04635 -0.01902 0.05044  | -1.05
0.9322   -1.009   1.067    -0.04635 -0.01902 0.05044  | -1.05
0.9322   -1.009   1.067    -0.04635 -0.01902 0.05044  | -1.05
iteration 5...
0.9322   -1.009   1.067    -0.04635 -0.01902 0.05044  | -1.05
0.9322   -1.009   1.067    -0.04635 -0.01902 0.05044  | -1.05
0.9322   -1.009   1.067    -0.04635 -0.01902 0.05044  | -1.05
0.9322   -1.009   1.067    -0.04635 -0.01902 0.05044  | -1.05
0.9322   -1.009   1.067    -0.04635 -0.01902 0.05044  | -1.05
0.9322   -1.009   1.067    -0.04635 -0.01902 0.05044  | -1.05
iteration 1...
0.8542   -1.009   1.067    -0.04635 -0.01902 0.05044  | -1.0499
0.8542   -1.162   1.067    -0.04635 -0.01902 0.05044  | -1.0499
0.8542   -1.162   0.7895   -0.04635 -0.01902 0.05044  | -1.0499
0.8542   -1.162   0.7895   -0.05541 -0.01902 0.05044  | -1.0499
0.8542   -1.162   0.7895   -0.05541 -0.01676 0.05044  | -1.0499
0.8542   -1.162   0.7895   -0.05541 -0.01676 0.05044  | -1.0499
iteration 2...
0.8363   -1.162   0.7895   -0.05541 -0.01676 0.05044  | -1.0499
0.8363   -0.818   0.7895   -0.05541 -0.01676 0.05044  | -1.0499
0.8363   -0.818   0.7585   -0.05541 -0.01676 0.05044  | -1.0499
0.8363   -0.818   0.7585   -0.06399 -0.01676 0.05044  | -1.05
0.8363   -0.818   0.7585   -0.06399 -0.01494 0.05044  | -1.05
0.8363   -0.818   0.7585   -0.06399 -0.01494 0.05136  | -1.05
iteration 3...
0.7855   -0.818   0.7585   -0.06399 -0.01494 0.05136  | -1.05
0.7855   -0.6795  0.7585   -0.06399 -0.01494 0.05136  | -1.05
0.7855   -0.6795  0.6366   -0.06399 -0.01494 0.05136  | -1.05
0.7855   -0.6795  0.6366   -0.06573 -0.01494 0.05136  | -1.05
0.7855   -0.6795  0.6366   -0.06573 -0.01494 0.05136  | -1.05
0.7855   -0.6795  0.6366   -0.06573 -0.01494 0.05136  | -1.05
iteration 4...
0.7855   -0.6795  0.6366   -0.06573 -0.01494 0.05136  | -1.05
0.7855   -0.5408  0.6366   -0.06573 -0.01494 0.05136  | -1.05
0.7855   -0.5408  0.6104   -0.06573 -0.01494 0.05136  | -1.05
0.7855   -0.5408  0.6104   -0.06573 -0.01494 0.05136  | -1.05
0.7855   -0.5408  0.6104   -0.06573 -0.01494 0.05136  | -1.05
0.7855   -0.5408  0.6104   -0.06573 -0.01494 0.05475  | -1.05
iteration 5...
0.6756   -0.5408  0.6104   -0.06573 -0.01494 0.05475  | -1.05
0.6756   -0.5408  0.6104   -0.06573 -0.01494 0.05475  | -1.05
0.6756   -0.5408  0.6334   -0.06573 -0.01494 0.05475  | -1.05
0.6756   -0.5408  0.6334   -0.06573 -0.01494 0.05475  | -1.05
0.6756   -0.5408  0.6334   -0.06573 -0.01101 0.05475  | -1.05
0.6756   -0.5408  0.6334   -0.06573 -0.01101 0.05568  | -1.05
0.5454   -0.5408  0.6606   -0.06573 -0.006349 0.05678  | -1.05
iteration 6...
0.3314   -0.5408  0.6606   -0.06573 -0.006349 0.05678  | -1.05
0.3314   -0.5408  0.6606   -0.06573 -0.006349 0.05678  | -1.05
0.3314   -0.5408  0.6289   -0.06573 -0.006349 0.05678  | -1.05
0.3314   -0.5408  0.6289   -0.06573 -0.006349 0.05678  | -1.05
0.2509   -0.5408  0.6457   -0.06573 -0.003469 0.05746  | -1.05
0.2509   -0.5408  0.6457   -0.06573 -0.003469 0.05746  | -1.05
iteration 7...
0.2509   -0.5408  0.6457   -0.06573 -0.003469 0.05746  | -1.05
0.2509   -0.4958  0.6457   -0.06573 -0.003469 0.05746  | -1.05
0.2509   -0.4958  0.6366   -0.06573 -0.003469 0.05746  | -1.05
0.2509   -0.4958  0.6366   -0.06573 -0.003469 0.05746  | -1.05
0.2384   -0.4958  0.6392   -0.06573 -0.003023 0.05756  | -1.05
0.2384   -0.4958  0.6392   -0.06573 -0.003023 0.05756  | -1.05
iteration 8...
0.2125   -0.4958  0.6392   -0.06573 -0.003023 0.05756  | -1.05
0.2125   -0.4958  0.6392   -0.06573 -0.003023 0.05756  | -1.05
0.2125   -0.4958  0.6395   -0.06573 -0.003023 0.05756  | -1.05
0.2125   -0.4958  0.6395   -0.06573 -0.003023 0.05756  | -1.05
0.146    -0.4958  0.6534   -0.06573 -0.0006461 0.05813  | -1.05
0.146    -0.4958  0.6534   -0.06573 -0.0006461 0.05774  | -1.05
iteration 9...
0.146    -0.4958  0.6534   -0.06573 -0.0006461 0.05774  | -1.05
0.146    -0.4958  0.6534   -0.06573 -0.0006461 0.05774  | -1.05
0.146    -0.4958  0.7377   -0.06573 -0.0006461 0.05774  | -1.05
0.146    -0.4958  0.7377   -0.06573 -0.0006461 0.05774  | -1.05
0.146    -0.4958  0.7377   -0.06573 -0.0006461 0.05774  | -1.05
0.146    -0.4958  0.7377   -0.06573 -0.0006461 0.05774  | -1.05
iteration 10...
0.146    -0.4958  0.7377   -0.06573 -0.0006461 0.05774  | -1.05
0.146    -0.4958  0.7377   -0.06573 -0.0006461 0.05774  | -1.05
0.146    -0.4958  0.7452   -0.06573 -0.0006461 0.05774  | -1.05
0.146    -0.4958  0.7452   -0.06573 -0.0006461 0.05774  | -1.05
0.146    -0.4958  0.7452   -0.06573 -0.0006461 0.05774  | -1.05
0.146    -0.4958  0.7452   -0.06573 -0.0006461 0.05774  | -1.05
Done    'Coregister: Estimate'
Done

CoReg Done in 61.771045 seconds

All done with coregistration.
>> >> 
No sandbox specified



Start   : Fri Dec  7 18:00:47 EST 2018
Finish  : Fri Dec  7 18:02:30 EST 2018


