
                            < M A T L A B (R) >
                  Copyright 1984-2015 The MathWorks, Inc.
                   R2015b (8.6.0.267246) 64-bit (glnxa64)
                              August 20, 2015

 
To get started, type one of these: helpwin, helpdesk, or demo.
For product information, visit www.mathworks.com.
 
    ----------------------------------------------------
	Your MATLAB license will expire in 53 days.
	Please contact your system administrator or
	MathWorks to renew this license.
    ----------------------------------------------------

	Academic License

>> >> >> >> Coregistation Script Created on 181207_16_09_55_268
>> >> >> >> >> >> [Warning: Name is nonexistent or not a directory:
/Users/rcwelsh/matlabScripts/WELLES/mfiles] 
[> In path (line 109)
  In addpath (line 86)] 
>> >> >> >> >> 
UMBatchJobName =

coregOverlay_181207_16_09_55_268_tehsheng_madcbrai

>> 
UMBatchProcessName =

coregOverlay

>> >> Initializing the job manager in SPM8

UMReSlice =

     0



Calling UMBatchCoReg with:
/nfs/fmri/Analysis/Sean_Working/Git_MADC/preprocess/../../Subjects_ASL/madc1416_5640/func//run_01/vasc_3dasl.nii
/nfs/fmri/Analysis/Sean_Working/Subjects_ASL/madc1416_5640/func/coReg/t1spgr.nii
UMReSlice:0
Entering UMBatchCoReg V2.0 for SPM8
Coreging /nfs/fmri/Analysis/Sean_Working/Subjects_ASL/madc1416_5640/func/coReg/t1spgr.nii to
         /nfs/fmri/Analysis/Sean_Working/Git_MADC/preprocess/../../Subjects_ASL/madc1416_5640/func//run_01/vasc_3dasl.nii


------------------------------------------------------------------------
Running job #1
------------------------------------------------------------------------
Running 'Coregister: Estimate'
iteration 1...
-1.098   0        0        0        0        0        | -1.0452
-1.098   -0.2653  0        0        0        0        | -1.0452
-1.098   -0.2653  -0.872   0        0        0        | -1.0453
-1.098   -0.2653  -0.872   0        0        0        | -1.0453
-1.098   -0.2653  -0.872   0        0        0        | -1.0453
-1.098   -0.2653  -0.872   0        0        0        | -1.0453
iteration 2...
-1.098   -0.2653  -0.872   0        0        0        | -1.0453
-1.098   -0.2343  -0.872   0        0        0        | -1.0453
-1.098   -0.2343  -0.872   0        0        0        | -1.0453
-1.098   -0.2343  -0.872   0        0        0        | -1.0453
-1.098   -0.2343  -0.872   0        0        0        | -1.0453
-1.098   -0.2343  -0.872   0        0        0        | -1.0453
iteration 3...
-1.098   -0.2343  -0.872   0        0        0        | -1.0453
-1.098   -0.2343  -0.872   0        0        0        | -1.0453
-1.098   -0.2343  -0.872   0        0        0        | -1.0453
-1.098   -0.2343  -0.872   0        0        0        | -1.0453
-1.098   -0.2343  -0.872   0        0        0        | -1.0453
-1.098   -0.2343  -0.872   0        0        0        | -1.0453
iteration 1...
-0.7113  -0.2343  -0.872   0        0        0        | -1.0452
-0.7113  -0.2051  -0.872   0        0        0        | -1.0452
-0.7113  -0.2051  -0.2579  0        0        0        | -1.0453
-0.7113  -0.2051  -0.2579  -0.05595 0        0        | -1.0453
-0.7113  -0.2051  -0.2579  -0.05595 -0.02442 0        | -1.0454
-0.7113  -0.2051  -0.2579  -0.05595 -0.02442 0.009104 | -1.0454
iteration 2...
-1.445   -0.2051  -0.2579  -0.05595 -0.02442 0.009104 | -1.0454
-1.445   -1.246   -0.2579  -0.05595 -0.02442 0.009104 | -1.0455
-1.445   -1.246   -1.982   -0.05595 -0.02442 0.009104 | -1.0455
-1.445   -1.246   -1.982   -0.1139  -0.02442 0.009104 | -1.0456
-1.445   -1.246   -1.982   -0.1139  -0.03716 0.009104 | -1.0456
-1.445   -1.246   -1.982   -0.1139  -0.03716 0.01829  | -1.0456
-1.872   -1.853   -2.987   -0.1477  -0.04459 0.02364  | -1.0457
iteration 3...
-2.016   -1.853   -2.987   -0.1477  -0.04459 0.02364  | -1.0457
-2.016   -2.657   -2.987   -0.1477  -0.04459 0.02364  | -1.0457
-2.016   -2.657   -2.987   -0.1477  -0.04459 0.02364  | -1.0457
-2.016   -2.657   -2.987   -0.1477  -0.04459 0.02364  | -1.0457
-2.016   -2.657   -2.987   -0.1477  -0.03107 0.02364  | -1.0457
-2.016   -2.657   -2.987   -0.1477  -0.03107 0.0204   | -1.0457
iteration 4...
-2.016   -2.657   -2.987   -0.1477  -0.03107 0.0204   | -1.0457
-2.016   -2.627   -2.987   -0.1477  -0.03107 0.0204   | -1.0457
-2.016   -2.627   -2.987   -0.1477  -0.03107 0.0204   | -1.0457
-2.016   -2.627   -2.987   -0.1508  -0.03107 0.0204   | -1.0457
-2.016   -2.627   -2.987   -0.1508  -0.03107 0.0204   | -1.0457
-2.016   -2.627   -2.987   -0.1508  -0.03107 0.0204   | -1.0457
iteration 5...
-2.016   -2.627   -2.987   -0.1508  -0.03107 0.0204   | -1.0457
-2.016   -2.627   -2.987   -0.1508  -0.03107 0.0204   | -1.0457
-2.003   -2.608   -2.956   -0.1497  -0.03084 0.02023  | -1.0457
-2.003   -2.608   -2.956   -0.1497  -0.03084 0.02023  | -1.0457
-2.003   -2.608   -2.956   -0.1497  -0.03084 0.02023  | -1.0457
-2.003   -2.608   -2.956   -0.1497  -0.03084 0.02023  | -1.0457
iteration 6...
-2.161   -2.608   -2.956   -0.1497  -0.03084 0.02023  | -1.0457
-2.161   -2.608   -2.956   -0.1497  -0.03084 0.02023  | -1.0457
-2.161   -2.608   -2.956   -0.1497  -0.03084 0.02023  | -1.0457
-2.161   -2.608   -2.956   -0.1507  -0.03084 0.02023  | -1.0457
-2.161   -2.608   -2.956   -0.1507  -0.03065 0.02023  | -1.0457
-2.161   -2.608   -2.956   -0.1507  -0.03065 0.02023  | -1.0457
iteration 7...
-2.161   -2.608   -2.956   -0.1507  -0.03065 0.02023  | -1.0457
-2.161   -2.608   -2.956   -0.1507  -0.03065 0.02023  | -1.0457
-2.161   -2.608   -2.956   -0.1507  -0.03065 0.02023  | -1.0457
-2.161   -2.608   -2.956   -0.1507  -0.03065 0.02023  | -1.0457
-2.161   -2.608   -2.956   -0.1507  -0.03065 0.02023  | -1.0457
-2.161   -2.608   -2.956   -0.1507  -0.03065 0.02023  | -1.0457
Done    'Coregister: Estimate'
Done

CoReg Done in 45.856271 seconds

All done with coregistration.
>> >> 
No sandbox specified



Start   : Fri Dec  7 16:09:57 EST 2018
Finish  : Fri Dec  7 16:11:37 EST 2018


