
                            < M A T L A B (R) >
                  Copyright 1984-2015 The MathWorks, Inc.
                   R2015b (8.6.0.267246) 64-bit (glnxa64)
                              August 20, 2015

 
To get started, type one of these: helpwin, helpdesk, or demo.
For product information, visit www.mathworks.com.
 
    ----------------------------------------------------
	Your MATLAB license will expire in 53 days.
	Please contact your system administrator or
	MathWorks to renew this license.
    ----------------------------------------------------

	Academic License

>> >> >> >> Coregistation Script Created on 181207_22_47_58_573
>> >> >> >> >> >> [Warning: Name is nonexistent or not a directory:
/Users/rcwelsh/matlabScripts/WELLES/mfiles] 
[> In path (line 109)
  In addpath (line 86)] 
>> >> >> >> >> 
UMBatchJobName =

coregOverlay_181207_22_47_58_573_tehsheng_madcbrai

>> 
UMBatchProcessName =

coregOverlay

>> >> Initializing the job manager in SPM8

UMReSlice =

     0



Calling UMBatchCoReg with:
/nfs/fmri/Analysis/Sean_Working/Git_MADC/preprocess/../../Subjects_ASL/madc1537_5308/func//run_01/vasc_3dasl.nii
/nfs/fmri/Analysis/Sean_Working/Subjects_ASL/madc1537_5308/func/coReg/t1spgr.nii
UMReSlice:0
Entering UMBatchCoReg V2.0 for SPM8
Coreging /nfs/fmri/Analysis/Sean_Working/Subjects_ASL/madc1537_5308/func/coReg/t1spgr.nii to
         /nfs/fmri/Analysis/Sean_Working/Git_MADC/preprocess/../../Subjects_ASL/madc1537_5308/func//run_01/vasc_3dasl.nii


------------------------------------------------------------------------
Running job #1
------------------------------------------------------------------------
Running 'Coregister: Estimate'
iteration 1...
-0.7111  0        0        0        0        0        | -1.0482
-0.7111  -0.2637  0        0        0        0        | -1.0482
-0.7111  -0.2637  0.1632   0        0        0        | -1.0482
-0.7111  -0.2637  0.1632   -0.0159  0        0        | -1.0482
-0.7111  -0.2637  0.1632   -0.0159  0        0        | -1.0482
-0.7111  -0.2637  0.1632   -0.0159  0        0.05244  | -1.0486
iteration 2...
-0.4822  -0.2637  0.1632   -0.0159  0        0.05244  | -1.0486
-0.4822  -0.5175  0.1632   -0.0159  0        0.05244  | -1.0486
-0.4822  -0.5175  0.6748   -0.0159  0        0.05244  | -1.0486
-0.4822  -0.5175  0.6748   -0.02099 0        0.05244  | -1.0487
-0.4822  -0.5175  0.6748   -0.02099 0.007312 0.05244  | -1.0487
-0.4822  -0.5175  0.6748   -0.02099 0.007312 0.0531   | -1.0487
iteration 3...
-0.514   -0.5175  0.6748   -0.02099 0.007312 0.0531   | -1.0487
-0.514   -0.7884  0.6748   -0.02099 0.007312 0.0531   | -1.0487
-0.514   -0.7884  0.3976   -0.02099 0.007312 0.0531   | -1.0487
-0.514   -0.7884  0.3976   -0.02963 0.007312 0.0531   | -1.0487
-0.514   -0.7884  0.3976   -0.02963 0.007312 0.0531   | -1.0487
-0.514   -0.7884  0.3976   -0.02963 0.007312 0.05136  | -1.0487
iteration 4...
-0.514   -0.7884  0.3976   -0.02963 0.007312 0.05136  | -1.0487
-0.514   -0.8068  0.3976   -0.02963 0.007312 0.05136  | -1.0487
-0.514   -0.8068  0.07136  -0.02963 0.007312 0.05136  | -1.0487
-0.514   -0.8068  0.07136  -0.0339  0.007312 0.05136  | -1.0487
-0.514   -0.8068  0.07136  -0.0339  0.007312 0.05136  | -1.0487
-0.514   -0.8068  0.07136  -0.0339  0.007312 0.05136  | -1.0487
iteration 5...
-0.514   -0.8068  0.07136  -0.0339  0.007312 0.05136  | -1.0487
-0.514   -0.7335  0.07136  -0.0339  0.007312 0.05136  | -1.0488
-0.514   -0.7335  -0.01168 -0.0339  0.007312 0.05136  | -1.0488
-0.514   -0.7335  -0.01168 -0.03502 0.007312 0.05136  | -1.0488
-0.514   -0.7335  -0.01168 -0.03502 0.007312 0.05136  | -1.0488
-0.514   -0.7335  -0.01168 -0.03502 0.007312 0.05136  | -1.0488
-0.514   -0.6958  -0.05445 -0.0356  0.007312 0.05136  | -1.0488
iteration 6...
-0.514   -0.6958  -0.05445 -0.0356  0.007312 0.05136  | -1.0488
-0.514   -0.6958  -0.05445 -0.0356  0.007312 0.05136  | -1.0488
-0.514   -0.6961  -0.05408 -0.03559 0.007312 0.05136  | -1.0488
-0.514   -0.6961  -0.05408 -0.03559 0.007312 0.05136  | -1.0488
-0.514   -0.6961  -0.05408 -0.03559 0.008692 0.05136  | -1.0488
-0.514   -0.6961  -0.05408 -0.03559 0.008692 0.05296  | -1.0488
iteration 7...
-0.514   -0.6961  -0.05408 -0.03559 0.008692 0.05296  | -1.0488
-0.514   -0.7085  -0.05408 -0.03559 0.008692 0.05296  | -1.0488
-0.514   -0.6708  -0.09685 -0.03617 0.008692 0.05296  | -1.0488
-0.514   -0.6708  -0.09685 -0.03617 0.008692 0.05296  | -1.0488
-0.514   -0.6708  -0.09685 -0.03617 0.009521 0.05296  | -1.0488
-0.514   -0.6708  -0.09685 -0.03617 0.009521 0.05372  | -1.0488
iteration 8...
-0.5028  -0.6708  -0.09685 -0.03617 0.009521 0.05372  | -1.0488
-0.5028  -0.7015  -0.09685 -0.03617 0.009521 0.05372  | -1.0488
-0.5028  -0.6793  -0.122   -0.03651 0.009521 0.05372  | -1.0488
-0.5028  -0.6793  -0.122   -0.03581 0.009521 0.05372  | -1.0488
-0.5028  -0.6793  -0.122   -0.03581 0.009521 0.05372  | -1.0488
-0.5028  -0.6793  -0.122   -0.03581 0.009521 0.05372  | -1.0488
-0.4944  -0.6857  -0.1407  -0.03554 0.009521 0.05372  | -1.0488
iteration 9...
-0.4944  -0.6857  -0.1407  -0.03554 0.009521 0.05372  | -1.0488
-0.4944  -0.7494  -0.1407  -0.03554 0.009521 0.05372  | -1.0488
-0.4944  -0.7694  -0.118   -0.03524 0.009521 0.05372  | -1.0488
-0.4944  -0.7694  -0.118   -0.03524 0.009521 0.05372  | -1.0488
-0.4944  -0.7694  -0.118   -0.03524 0.009563 0.05372  | -1.0488
-0.4944  -0.7694  -0.118   -0.03524 0.009563 0.05372  | -1.0488
iteration 10...
-0.5026  -0.7694  -0.118   -0.03524 0.009563 0.05372  | -1.0488
-0.5026  -0.7488  -0.118   -0.03524 0.009563 0.05372  | -1.0488
-0.5026  -0.7488  -0.118   -0.03524 0.009563 0.05372  | -1.0488
-0.5026  -0.7488  -0.118   -0.03524 0.009563 0.05372  | -1.0488
-0.5026  -0.7488  -0.118   -0.03524 0.009563 0.05372  | -1.0488
-0.5026  -0.7488  -0.118   -0.03524 0.009563 0.05372  | -1.0488
iteration 11...
-0.5026  -0.7488  -0.118   -0.03524 0.009563 0.05372  | -1.0488
-0.5026  -0.7488  -0.118   -0.03524 0.009563 0.05372  | -1.0488
-0.5026  -0.7488  -0.118   -0.03524 0.009563 0.05372  | -1.0488
-0.5026  -0.7488  -0.118   -0.03524 0.009563 0.05372  | -1.0488
-0.5026  -0.7488  -0.118   -0.03524 0.009563 0.05372  | -1.0488
-0.5026  -0.7488  -0.118   -0.03524 0.009563 0.05372  | -1.0488
iteration 1...
-0.4027  -0.7488  -0.118   -0.03524 0.009563 0.05372  | -1.049
-0.4027  -1.669   -0.118   -0.03524 0.009563 0.05372  | -1.049
-0.4027  -1.669   -0.4988  -0.03524 0.009563 0.05372  | -1.049
-0.4027  -1.669   -0.4988  -0.05495 0.009563 0.05372  | -1.0491
-0.4027  -1.669   -0.4988  -0.05495 0.03402  0.05372  | -1.0491
-0.4027  -1.669   -0.4988  -0.05495 0.03402  0.06838  | -1.0492
iteration 2...
-0.6616  -1.669   -0.4988  -0.05495 0.03402  0.06838  | -1.0492
-0.6616  -1.468   -0.4988  -0.05495 0.03402  0.06838  | -1.0492
-0.6616  -1.468   -0.916   -0.05495 0.03402  0.06838  | -1.0492
-0.6616  -1.468   -0.916   -0.06483 0.03402  0.06838  | -1.0492
-0.6616  -1.468   -0.916   -0.06483 0.02647  0.06838  | -1.0492
-0.6616  -1.468   -0.916   -0.06483 0.02647  0.07173  | -1.0492
iteration 3...
-0.6879  -1.468   -0.916   -0.06483 0.02647  0.07173  | -1.0492
-0.6879  -1.279   -0.916   -0.06483 0.02647  0.07173  | -1.0492
-0.6879  -1.279   -1.271   -0.06483 0.02647  0.07173  | -1.0492
-0.6879  -1.279   -1.271   -0.06827 0.02647  0.07173  | -1.0492
-0.6879  -1.279   -1.271   -0.06827 0.02647  0.07173  | -1.0492
-0.6879  -1.279   -1.271   -0.06827 0.02647  0.07173  | -1.0492
iteration 4...
-0.6879  -1.279   -1.271   -0.06827 0.02647  0.07173  | -1.0492
-0.6879  -1.276   -1.271   -0.06827 0.02647  0.07173  | -1.0492
-0.6879  -1.276   -1.302   -0.06827 0.02647  0.07173  | -1.0492
-0.6879  -1.276   -1.302   -0.06869 0.02647  0.07173  | -1.0492
-0.6879  -1.276   -1.302   -0.06869 0.02647  0.07173  | -1.0492
-0.6879  -1.276   -1.302   -0.06869 0.02647  0.07173  | -1.0492
-0.6879  -1.268   -1.373   -0.06968 0.02647  0.07173  | -1.0492
iteration 5...
-0.6879  -1.268   -1.373   -0.06968 0.02647  0.07173  | -1.0492
-0.6879  -1.268   -1.373   -0.06968 0.02647  0.07173  | -1.0492
-0.6879  -1.268   -1.408   -0.06968 0.02647  0.07173  | -1.0492
-0.6879  -1.26    -1.478   -0.07064 0.02647  0.07173  | -1.0492
-0.6879  -1.26    -1.478   -0.07064 0.02647  0.07173  | -1.0492
-0.6879  -1.26    -1.478   -0.07064 0.02647  0.0761   | -1.0492
iteration 6...
-0.6879  -1.26    -1.478   -0.07064 0.02647  0.0761   | -1.0492
-0.6879  -1.2     -1.478   -0.07064 0.02647  0.0761   | -1.0492
-0.6879  -1.2     -1.474   -0.07064 0.02647  0.0761   | -1.0492
-0.6879  -1.194   -1.525   -0.07134 0.02647  0.0761   | -1.0492
-0.6879  -1.194   -1.525   -0.07134 0.02647  0.0761   | -1.0492
-0.6879  -1.194   -1.525   -0.07134 0.02647  0.0761   | -1.0492
iteration 7...
-0.6879  -1.194   -1.525   -0.07134 0.02647  0.0761   | -1.0492
-0.6879  -1.194   -1.525   -0.07134 0.02647  0.0761   | -1.0492
-0.6879  -1.194   -1.506   -0.07134 0.02647  0.0761   | -1.0492
-0.6879  -1.194   -1.506   -0.07134 0.02647  0.0761   | -1.0492
-0.6879  -1.194   -1.506   -0.07134 0.02647  0.0761   | -1.0492
-0.6879  -1.194   -1.506   -0.07134 0.02647  0.0761   | -1.0492
Done    'Coregister: Estimate'
Done

CoReg Done in 49.281261 seconds

All done with coregistration.
>> >> 
No sandbox specified



Start   : Fri Dec  7 22:48:02 EST 2018
Finish  : Fri Dec  7 22:49:28 EST 2018


