
                            < M A T L A B (R) >
                  Copyright 1984-2015 The MathWorks, Inc.
                   R2015b (8.6.0.267246) 64-bit (glnxa64)
                              August 20, 2015

 
To get started, type one of these: helpwin, helpdesk, or demo.
For product information, visit www.mathworks.com.
 
    ----------------------------------------------------
	Your MATLAB license will expire in 53 days.
	Please contact your system administrator or
	MathWorks to renew this license.
    ----------------------------------------------------

	Academic License

>> >> >> >> Coregistation Script Created on 181207_19_33_02_144
>> >> >> >> >> >> [Warning: Name is nonexistent or not a directory:
/Users/rcwelsh/matlabScripts/WELLES/mfiles] 
[> In path (line 109)
  In addpath (line 86)] 
>> >> >> >> >> 
UMBatchJobName =

coregOverlay_181207_19_33_02_144_tehsheng_madcbrai

>> 
UMBatchProcessName =

coregOverlay

>> >> Initializing the job manager in SPM8

UMReSlice =

     0



Calling UMBatchCoReg with:
/nfs/fmri/Analysis/Sean_Working/Git_MADC/preprocess/../../Subjects_ASL/madc1500_5193/func//run_01/vasc_3dasl.nii
/nfs/fmri/Analysis/Sean_Working/Subjects_ASL/madc1500_5193/func/coReg/t1spgr.nii
UMReSlice:0
Entering UMBatchCoReg V2.0 for SPM8
Coreging /nfs/fmri/Analysis/Sean_Working/Subjects_ASL/madc1500_5193/func/coReg/t1spgr.nii to
         /nfs/fmri/Analysis/Sean_Working/Git_MADC/preprocess/../../Subjects_ASL/madc1500_5193/func//run_01/vasc_3dasl.nii


------------------------------------------------------------------------
Running job #1
------------------------------------------------------------------------
Running 'Coregister: Estimate'
iteration 1...
0.3678   0        0        0        0        0        | -1.0383
0.3678   -3.993   0        0        0        0        | -1.0389
0.3678   -3.993   0.261    0        0        0        | -1.0389
0.3678   -3.993   0.261    -0.04498 0        0        | -1.0391
0.3678   -3.993   0.261    -0.04498 -0.007232 0        | -1.0391
0.3678   -3.993   0.261    -0.04498 -0.007232 0.01389  | -1.0391
iteration 2...
-0.5001  -3.993   0.261    -0.04498 -0.007232 0.01389  | -1.0392
-0.5001  -2.378   0.261    -0.04498 -0.007232 0.01389  | -1.0393
-0.5001  -2.378   -3.096   -0.04498 -0.007232 0.01389  | -1.0395
-0.5001  -2.378   -3.096   -0.06528 -0.007232 0.01389  | -1.0395
-0.5001  -2.378   -3.096   -0.06528 -0.004346 0.01389  | -1.0395
-0.5001  -2.378   -3.096   -0.06528 -0.004346 0.03861  | -1.0396
iteration 3...
-0.455   -2.378   -3.096   -0.06528 -0.004346 0.03861  | -1.0396
-0.455   -1.404   -3.096   -0.06528 -0.004346 0.03861  | -1.0397
-0.455   -1.404   -2.696   -0.06528 -0.004346 0.03861  | -1.0397
-0.455   -1.404   -2.696   -0.08325 -0.004346 0.03861  | -1.0398
-0.455   -1.404   -2.696   -0.08325 -0.004346 0.03861  | -1.0398
-0.455   -1.404   -2.696   -0.08325 -0.004346 0.03861  | -1.0398
-0.3836  0.1395   -2.062   -0.1117  -0.004346 0.03861  | -1.0398
iteration 4...
-0.5015  0.1395   -2.062   -0.1117  -0.004346 0.03861  | -1.0398
-0.5015  0.5395   -2.062   -0.1117  -0.004346 0.03861  | -1.0399
-0.5015  0.5395   -1.8     -0.1117  -0.004346 0.03861  | -1.0399
-0.5083  0.3926   -1.861   -0.109   -0.004346 0.03861  | -1.0399
-0.5083  0.3926   -1.861   -0.109   -0.004033 0.03861  | -1.0399
-0.5083  0.3926   -1.861   -0.109   -0.004033 0.03669  | -1.0399
iteration 5...
-0.5083  0.3926   -1.861   -0.109   -0.004033 0.03669  | -1.0399
-0.5083  0.4314   -1.861   -0.109   -0.004033 0.03669  | -1.0399
-0.5083  0.4314   -1.861   -0.109   -0.004033 0.03669  | -1.0399
-0.5083  0.4314   -1.861   -0.109   -0.004033 0.03669  | -1.0399
-0.5083  0.4314   -1.861   -0.109   -0.004033 0.03669  | -1.0399
-0.5083  0.4314   -1.861   -0.109   -0.004033 0.03669  | -1.0399
iteration 6...
-0.5083  0.4314   -1.861   -0.109   -0.004033 0.03669  | -1.0399
-0.5083  0.4314   -1.861   -0.109   -0.004033 0.03669  | -1.0399
-0.5083  0.4314   -1.861   -0.109   -0.004033 0.03669  | -1.0399
-0.5083  0.4314   -1.861   -0.109   -0.004033 0.03669  | -1.0399
-0.5083  0.4314   -1.861   -0.109   -0.004033 0.03669  | -1.0399
-0.5083  0.4314   -1.861   -0.109   -0.004033 0.03669  | -1.0399
iteration 1...
0.1455   0.4314   -1.861   -0.109   -0.004033 0.03669  | -1.0398
0.1455   0.5857   -1.861   -0.109   -0.004033 0.03669  | -1.0398
0.1455   0.5857   -2.098   -0.109   -0.004033 0.03669  | -1.0398
0.1455   0.5857   -2.098   -0.109   -0.004033 0.03669  | -1.0398
0.1455   0.5857   -2.098   -0.109   -0.004033 0.03669  | -1.0398
0.1455   0.5857   -2.098   -0.109   -0.004033 0.04452  | -1.0398
iteration 2...
0.198    0.5857   -2.098   -0.109   -0.004033 0.04452  | -1.0398
0.198    0.7107   -2.098   -0.109   -0.004033 0.04452  | -1.0398
0.198    0.7107   -2.222   -0.109   -0.004033 0.04452  | -1.0398
0.198    0.7107   -2.222   -0.109   -0.004033 0.04452  | -1.0398
0.198    0.7107   -2.222   -0.109   -0.004033 0.04452  | -1.0398
0.198    0.7107   -2.222   -0.109   -0.004033 0.04428  | -1.0398
iteration 3...
0.198    0.7107   -2.222   -0.109   -0.004033 0.04428  | -1.0398
0.198    0.684    -2.222   -0.109   -0.004033 0.04428  | -1.0398
0.198    0.684    -2.235   -0.109   -0.004033 0.04428  | -1.0398
0.198    0.684    -2.235   -0.109   -0.004033 0.04428  | -1.0398
0.198    0.684    -2.235   -0.109   -0.004033 0.04428  | -1.0398
0.198    0.684    -2.235   -0.109   -0.004033 0.04428  | -1.0398
iteration 4...
0.198    0.684    -2.235   -0.109   -0.004033 0.04428  | -1.0398
0.198    0.684    -2.235   -0.109   -0.004033 0.04428  | -1.0398
0.198    0.684    -2.311   -0.109   -0.004033 0.04428  | -1.0398
0.198    0.684    -2.311   -0.109   -0.004033 0.04428  | -1.0398
0.198    0.684    -2.311   -0.109   -0.004033 0.04428  | -1.0398
0.198    0.684    -2.311   -0.109   -0.004033 0.04428  | -1.0398
iteration 5...
0.198    0.684    -2.311   -0.109   -0.004033 0.04428  | -1.0398
0.198    0.6695   -2.311   -0.109   -0.004033 0.04428  | -1.0398
0.198    0.6695   -2.311   -0.109   -0.004033 0.04428  | -1.0398
0.198    0.6695   -2.311   -0.109   -0.004033 0.04428  | -1.0398
0.198    0.6695   -2.311   -0.109   -0.004033 0.04428  | -1.0398
0.198    0.6695   -2.311   -0.109   -0.004033 0.04428  | -1.0398
Done    'Coregister: Estimate'
Done

CoReg Done in 37.685961 seconds

All done with coregistration.
>> >> 
No sandbox specified



Start   : Fri Dec  7 19:33:04 EST 2018
Finish  : Fri Dec  7 19:34:18 EST 2018


