
                            < M A T L A B (R) >
                  Copyright 1984-2015 The MathWorks, Inc.
                   R2015b (8.6.0.267246) 64-bit (glnxa64)
                              August 20, 2015

 
To get started, type one of these: helpwin, helpdesk, or demo.
For product information, visit www.mathworks.com.
 
    ----------------------------------------------------
	Your MATLAB license will expire in 53 days.
	Please contact your system administrator or
	MathWorks to renew this license.
    ----------------------------------------------------

	Academic License

>> >> >> >> Coregistation Script Created on 181207_23_10_06_524
>> >> >> >> >> >> [Warning: Name is nonexistent or not a directory:
/Users/rcwelsh/matlabScripts/WELLES/mfiles] 
[> In path (line 109)
  In addpath (line 86)] 
>> >> >> >> >> 
UMBatchJobName =

coregOverlay_181207_23_10_06_524_tehsheng_madcbrai

>> 
UMBatchProcessName =

coregOverlay

>> >> Initializing the job manager in SPM8

UMReSlice =

     0



Calling UMBatchCoReg with:
/nfs/fmri/Analysis/Sean_Working/Git_MADC/preprocess/../../Subjects_ASL/madc1389_3696/func//run_01/vasc_3dasl.nii
/nfs/fmri/Analysis/Sean_Working/Subjects_ASL/madc1389_3696/func/coReg/t1spgr.nii
UMReSlice:0
Entering UMBatchCoReg V2.0 for SPM8
Coreging /nfs/fmri/Analysis/Sean_Working/Subjects_ASL/madc1389_3696/func/coReg/t1spgr.nii to
         /nfs/fmri/Analysis/Sean_Working/Git_MADC/preprocess/../../Subjects_ASL/madc1389_3696/func//run_01/vasc_3dasl.nii


------------------------------------------------------------------------
Running job #1
------------------------------------------------------------------------
Running 'Coregister: Estimate'
iteration 1...
0.3694   0        0        0        0        0        | -1.0385
0.3694   0.04451  0        0        0        0        | -1.0385
0.3694   0.04451  1.047    0        0        0        | -1.0386
0.3694   0.04451  1.047    0.04383  0        0        | -1.0387
0.3694   0.04451  1.047    0.04383  0        0        | -1.0387
0.3694   0.04451  1.047    0.04383  0        0.07755  | -1.0391
iteration 2...
0.4269   0.04451  1.047    0.04383  0        0.07755  | -1.0391
0.4269   0.04451  1.047    0.04383  0        0.07755  | -1.0391
0.4269   0.04451  0.4754   0.04383  0        0.07755  | -1.0391
0.4269   0.04451  0.4754   0.04401  0        0.07755  | -1.0391
0.4269   0.04451  0.4754   0.04401  0.03646  0.07755  | -1.0392
0.4269   0.04451  0.4754   0.04401  0.03646  0.07733  | -1.0392
iteration 3...
0.4269   0.04451  0.4754   0.04401  0.03646  0.07733  | -1.0392
0.4269   0.07329  0.4754   0.04401  0.03646  0.07733  | -1.0392
0.4269   0.07329  0.372    0.04401  0.03646  0.07733  | -1.0392
0.4269   0.07329  0.372    0.04493  0.03646  0.07733  | -1.0392
0.4269   0.07329  0.372    0.04493  0.03608  0.07733  | -1.0392
0.4269   0.07329  0.372    0.04493  0.03608  0.07733  | -1.0392
iteration 4...
0.3985   0.07329  0.372    0.04493  0.03608  0.07733  | -1.0392
0.3985   0.06654  0.372    0.04493  0.03608  0.07733  | -1.0392
0.3985   0.06654  0.3641   0.04493  0.03608  0.07733  | -1.0392
0.3985   0.06654  0.3641   0.04493  0.03608  0.07733  | -1.0392
0.3985   0.06654  0.3641   0.04493  0.03608  0.07733  | -1.0392
0.3985   0.06654  0.3641   0.04493  0.03608  0.07733  | -1.0392
iteration 5...
0.3985   0.06654  0.3641   0.04493  0.03608  0.07733  | -1.0392
0.3985   0.06654  0.3641   0.04493  0.03608  0.07733  | -1.0392
0.3985   0.06654  0.3641   0.04493  0.03608  0.07733  | -1.0392
0.3985   0.06654  0.3641   0.04493  0.03608  0.07733  | -1.0392
0.3985   0.06654  0.3641   0.04493  0.03608  0.07733  | -1.0392
0.3985   0.06654  0.3641   0.04493  0.03608  0.07733  | -1.0392
iteration 1...
0.3418   0.06654  0.3641   0.04493  0.03608  0.07733  | -1.0394
0.3418   0.2235   0.3641   0.04493  0.03608  0.07733  | -1.0394
0.3418   0.2235   0.7975   0.04493  0.03608  0.07733  | -1.0394
0.3418   0.2235   0.7975   0.04543  0.03608  0.07733  | -1.0394
0.3418   0.2235   0.7975   0.04543  0.01689  0.07733  | -1.0395
0.3418   0.2235   0.7975   0.04543  0.01689  0.07327  | -1.0395
iteration 2...
0.3418   0.2235   0.7975   0.04543  0.01689  0.07327  | -1.0395
0.3418   0.1872   0.7975   0.04543  0.01689  0.07327  | -1.0395
0.3418   0.1872   0.8839   0.04543  0.01689  0.07327  | -1.0395
0.3418   0.1872   0.8839   0.04686  0.01689  0.07327  | -1.0395
0.3418   0.1872   0.8839   0.04686  0.01434  0.07327  | -1.0395
0.3418   0.1872   0.8839   0.04686  0.01434  0.07327  | -1.0395
iteration 3...
0.3591   0.1872   0.8839   0.04686  0.01434  0.07327  | -1.0395
0.3591   0.2103   0.8839   0.04686  0.01434  0.07327  | -1.0395
0.3591   0.2103   0.9415   0.04686  0.01434  0.07327  | -1.0395
0.3591   0.2103   0.9415   0.0485   0.01434  0.07327  | -1.0395
0.3591   0.2103   0.9415   0.0485   0.01434  0.07327  | -1.0395
0.3591   0.2103   0.9415   0.0485   0.01434  0.07327  | -1.0395
iteration 4...
0.3591   0.2103   0.9415   0.0485   0.01434  0.07327  | -1.0395
0.3591   0.2303   0.9415   0.0485   0.01434  0.07327  | -1.0395
0.3591   0.2303   0.9295   0.0485   0.01434  0.07327  | -1.0395
0.3591   0.2303   0.9295   0.0485   0.01434  0.07327  | -1.0395
0.3591   0.2303   0.9295   0.0485   0.01434  0.07327  | -1.0395
0.3591   0.2303   0.9295   0.0485   0.01434  0.07327  | -1.0395
iteration 5...
0.3591   0.2303   0.9295   0.0485   0.01434  0.07327  | -1.0395
0.3591   0.2303   0.9295   0.0485   0.01434  0.07327  | -1.0395
0.3591   0.2303   0.9295   0.0485   0.01434  0.07327  | -1.0395
0.3591   0.2303   0.9295   0.0485   0.01434  0.07327  | -1.0395
0.3591   0.2303   0.9295   0.0485   0.01434  0.07327  | -1.0395
0.3591   0.2303   0.9295   0.0485   0.01434  0.07327  | -1.0395
Done    'Coregister: Estimate'
Done

CoReg Done in 35.357960 seconds

All done with coregistration.
>> >> 
No sandbox specified



Start   : Fri Dec  7 23:10:09 EST 2018
Finish  : Fri Dec  7 23:11:34 EST 2018


