
                            < M A T L A B (R) >
                  Copyright 1984-2015 The MathWorks, Inc.
                   R2015b (8.6.0.267246) 64-bit (glnxa64)
                              August 20, 2015

 
To get started, type one of these: helpwin, helpdesk, or demo.
For product information, visit www.mathworks.com.
 
    ----------------------------------------------------
	Your MATLAB license will expire in 50 days.
	Please contact your system administrator or
	MathWorks to renew this license.
    ----------------------------------------------------

	Academic License

>> >> >> >> Coregistation Script Created on 181210_16_17_58_155
>> >> >> >> >> >> [Warning: Name is nonexistent or not a directory:
/Users/rcwelsh/matlabScripts/WELLES/mfiles] 
[> In path (line 109)
  In addpath (line 86)] 
>> >> >> >> >> 
UMBatchJobName =

coregOverlay_181210_16_17_58_155_tehsheng_madcbrai

>> 
UMBatchProcessName =

coregOverlay

>> >> Initializing the job manager in SPM8

UMReSlice =

     0



Calling UMBatchCoReg with:
/nfs/fmri/Analysis/Sean_Working/Git_MADC/preprocess/../../Subjects_ASL/madc1417_5641/func//run_01/vasc_3dasl.nii
/nfs/fmri/Analysis/Sean_Working/Subjects_ASL/madc1417_5641/func/coReg/t1spgr.nii
UMReSlice:0
Entering UMBatchCoReg V2.0 for SPM8
Coreging /nfs/fmri/Analysis/Sean_Working/Subjects_ASL/madc1417_5641/func/coReg/t1spgr.nii to
         /nfs/fmri/Analysis/Sean_Working/Git_MADC/preprocess/../../Subjects_ASL/madc1417_5641/func//run_01/vasc_3dasl.nii


------------------------------------------------------------------------
Running job #1
------------------------------------------------------------------------
Running 'Coregister: Estimate'
iteration 1...
0.3146   0        0        0        0        0        | -1.0375
0.3146   -5.125   0        0        0        0        | -1.0381
0.3146   -5.125   2.035    0        0        0        | -1.0383
0.3146   -5.125   2.035    -0.13    0        0        | -1.0386
0.3146   -5.125   2.035    -0.13    0.02946  0        | -1.0387
0.3146   -5.125   2.035    -0.13    0.02946  -0.001328 | -1.0387
iteration 2...
0.3308   -5.125   2.035    -0.13    0.02946  -0.001328 | -1.0387
0.3308   -5.621   2.035    -0.13    0.02946  -0.001328 | -1.0387
0.3308   -5.621   1.923    -0.13    0.02946  -0.001328 | -1.0387
0.3308   -5.621   1.923    -0.13    0.02946  -0.001328 | -1.0387
0.3308   -5.621   1.923    -0.13    0.02946  -0.001328 | -1.0387
0.3308   -5.621   1.923    -0.13    0.02946  -0.0004471 | -1.0387
iteration 3...
0.3308   -5.621   1.923    -0.13    0.02946  -0.0004471 | -1.0387
0.3308   -5.621   1.923    -0.13    0.02946  -0.0004471 | -1.0387
0.3308   -5.621   1.923    -0.13    0.02946  -0.0004471 | -1.0387
0.3308   -5.621   1.923    -0.13    0.02946  -0.0004471 | -1.0387
0.3308   -5.621   1.923    -0.13    0.02946  -0.0004471 | -1.0387
0.3308   -5.621   1.923    -0.13    0.02946  -0.0004471 | -1.0387
iteration 1...
-0.627   -5.621   1.923    -0.13    0.02946  -0.0004471 | -1.0388
-0.627   -6.888   1.923    -0.13    0.02946  -0.0004471 | -1.0388
-0.627   -6.888   2.085    -0.13    0.02946  -0.0004471 | -1.0388
-0.627   -6.888   2.085    -0.1651  0.02946  -0.0004471 | -1.0389
-0.627   -6.888   2.085    -0.1651  0.01817  -0.0004471 | -1.0389
-0.627   -6.888   2.085    -0.1651  0.01817  4.021e-05 | -1.0389
iteration 2...
-0.627   -6.888   2.085    -0.1651  0.01817  4.021e-05 | -1.0389
-0.627   -7.271   2.085    -0.1651  0.01817  4.021e-05 | -1.0389
-0.627   -7.271   2.079    -0.1651  0.01817  4.021e-05 | -1.0389
-0.627   -7.271   2.079    -0.1691  0.01817  4.021e-05 | -1.0389
-0.627   -7.271   2.079    -0.1691  0.01827  4.021e-05 | -1.0389
-0.627   -7.271   2.079    -0.1691  0.01827  4.021e-05 | -1.0389
iteration 3...
-0.8162  -7.271   2.079    -0.1691  0.01827  4.021e-05 | -1.0389
-0.8162  -7.325   2.079    -0.1691  0.01827  4.021e-05 | -1.0389
-0.8162  -7.325   1.932    -0.1691  0.01827  4.021e-05 | -1.0389
-0.8162  -7.325   1.932    -0.1699  0.01827  4.021e-05 | -1.0389
-0.8162  -7.325   1.932    -0.1699  -0.01288 4.021e-05 | -1.0389
-0.8162  -7.325   1.932    -0.1699  -0.01288 -0.01224 | -1.0389
iteration 4...
-1.334   -7.325   1.932    -0.1699  -0.01288 -0.01224 | -1.0389
-1.334   -7.521   1.932    -0.1699  -0.01288 -0.01224 | -1.0389
-1.334   -7.521   1.345    -0.1699  -0.01288 -0.01224 | -1.0389
-1.334   -7.521   1.345    -0.1737  -0.01288 -0.01224 | -1.0389
-1.334   -7.521   1.345    -0.1737  -0.02278 -0.01224 | -1.0389
-1.334   -7.521   1.345    -0.1737  -0.02278 -0.01742 | -1.0389
iteration 5...
-1.245   -7.521   1.345    -0.1737  -0.02278 -0.01742 | -1.0389
-1.245   -7.717   1.345    -0.1737  -0.02278 -0.01742 | -1.0389
-1.245   -7.717   1.31     -0.1737  -0.02278 -0.01742 | -1.0389
-1.245   -7.717   1.31     -0.1751  -0.02278 -0.01742 | -1.0389
-1.245   -7.717   1.31     -0.1751  -0.02278 -0.01742 | -1.0389
-1.245   -7.717   1.31     -0.1751  -0.02278 -0.01742 | -1.0389
iteration 6...
-1.224   -7.717   1.31     -0.1751  -0.02278 -0.01742 | -1.0389
-1.224   -7.717   1.31     -0.1751  -0.02278 -0.01742 | -1.0389
-1.224   -7.717   1.333    -0.1751  -0.02278 -0.01742 | -1.0389
-1.224   -7.717   1.333    -0.1755  -0.02278 -0.01742 | -1.0389
-1.224   -7.717   1.333    -0.1755  -0.02325 -0.01742 | -1.0389
-1.224   -7.717   1.333    -0.1755  -0.02325 -0.01742 | -1.0389
iteration 7...
-1.219   -7.717   1.333    -0.1755  -0.02325 -0.01742 | -1.0389
-1.219   -7.717   1.333    -0.1755  -0.02325 -0.01742 | -1.0389
-1.219   -7.717   1.333    -0.1755  -0.02325 -0.01742 | -1.0389
-1.219   -7.717   1.333    -0.1756  -0.02325 -0.01742 | -1.0389
-1.219   -7.717   1.333    -0.1756  -0.02334 -0.01742 | -1.0389
-1.219   -7.717   1.333    -0.1756  -0.02334 -0.01742 | -1.0389
Done    'Coregister: Estimate'
Done

CoReg Done in 43.340735 seconds

All done with coregistration.
>> >> 
No sandbox specified



Start   : Mon Dec 10 16:18:01 EST 2018
Finish  : Mon Dec 10 16:19:26 EST 2018


