
                            < M A T L A B (R) >
                  Copyright 1984-2015 The MathWorks, Inc.
                   R2015b (8.6.0.267246) 64-bit (glnxa64)
                              August 20, 2015

 
To get started, type one of these: helpwin, helpdesk, or demo.
For product information, visit www.mathworks.com.
 
    ----------------------------------------------------
	Your MATLAB license will expire in 52 days.
	Please contact your system administrator or
	MathWorks to renew this license.
    ----------------------------------------------------

	Academic License

>> >> >> >> Coregistation Script Created on 181208_03_48_10_942
>> >> >> >> >> >> [Warning: Name is nonexistent or not a directory:
/Users/rcwelsh/matlabScripts/WELLES/mfiles] 
[> In path (line 109)
  In addpath (line 86)] 
>> >> >> >> >> 
UMBatchJobName =

coregOverlay_181208_03_48_10_942_tehsheng_madcbrai

>> 
UMBatchProcessName =

coregOverlay

>> >> Initializing the job manager in SPM8

UMReSlice =

     0



Calling UMBatchCoReg with:
/nfs/fmri/Analysis/Sean_Working/Git_MADC/preprocess/../../Subjects_ASL/madc1575_5746/func//run_01/vasc_3dasl.nii
/nfs/fmri/Analysis/Sean_Working/Subjects_ASL/madc1575_5746/func/coReg/t1spgr.nii
UMReSlice:0
Entering UMBatchCoReg V2.0 for SPM8
Coreging /nfs/fmri/Analysis/Sean_Working/Subjects_ASL/madc1575_5746/func/coReg/t1spgr.nii to
         /nfs/fmri/Analysis/Sean_Working/Git_MADC/preprocess/../../Subjects_ASL/madc1575_5746/func//run_01/vasc_3dasl.nii


------------------------------------------------------------------------
Running job #1
------------------------------------------------------------------------
Running 'Coregister: Estimate'
iteration 1...
-0.01221 0        0        0        0        0        | -1.0327
-0.01221 -1.761   0        0        0        0        | -1.0328
-0.01221 -1.761   -0.1709  0        0        0        | -1.0329
-0.01221 -1.761   -0.1709  0        0        0        | -1.0329
-0.01221 -1.761   -0.1709  0        -0.07253 0        | -1.033
-0.01221 -1.761   -0.1709  0        -0.07253 0.02317  | -1.0331
iteration 2...
-0.1126  -1.761   -0.1709  0        -0.07253 0.02317  | -1.0331
-0.1126  -1.448   -0.1709  0        -0.07253 0.02317  | -1.0331
-0.1126  -1.448   -0.8594  0        -0.07253 0.02317  | -1.0331
-0.1126  -1.448   -0.8594  0        -0.07253 0.02317  | -1.0331
-0.1126  -1.448   -0.8594  0        -0.07242 0.02317  | -1.0331
-0.1126  -1.448   -0.8594  0        -0.07242 0.02317  | -1.0331
iteration 3...
-0.1126  -1.448   -0.8594  0        -0.07242 0.02317  | -1.0331
-0.1126  -1.448   -0.8594  0        -0.07242 0.02317  | -1.0331
-0.1126  -1.448   -0.8594  0        -0.07242 0.02317  | -1.0331
-0.1126  -1.448   -0.8594  0        -0.07242 0.02317  | -1.0331
-0.1126  -1.448   -0.8594  0        -0.07242 0.02317  | -1.0331
-0.1126  -1.448   -0.8594  0        -0.07242 0.02317  | -1.0331
iteration 1...
0.372    -1.448   -0.8594  0        -0.07242 0.02317  | -1.0329
0.372    -1.71    -0.8594  0        -0.07242 0.02317  | -1.0329
0.372    -1.71    -1.149   0        -0.07242 0.02317  | -1.0329
0.372    -1.71    -1.149   -0.0683  -0.07242 0.02317  | -1.0329
0.372    -1.71    -1.149   -0.0683  -0.07242 0.02317  | -1.0329
0.372    -1.71    -1.149   -0.0683  -0.07242 0.02777  | -1.033
iteration 2...
0.1839   -1.71    -1.149   -0.0683  -0.07242 0.02777  | -1.033
0.1839   -2.516   -1.149   -0.0683  -0.07242 0.02777  | -1.033
0.1839   -2.516   -0.8174  -0.0683  -0.07242 0.02777  | -1.033
0.1839   -2.516   -0.8174  -0.09889 -0.07242 0.02777  | -1.033
0.1839   -2.516   -0.8174  -0.09889 -0.07242 0.02777  | -1.033
0.1839   -2.516   -0.8174  -0.09889 -0.07242 0.0333   | -1.033
-0.07841 -3.639   -0.3551  -0.1415  -0.07242 0.04102  | -1.033
iteration 3...
-0.07841 -3.639   -0.3551  -0.1415  -0.07242 0.04102  | -1.033
-0.07841 -3.639   -0.3551  -0.1415  -0.07242 0.04102  | -1.033
-0.07841 -3.639   -0.71    -0.1415  -0.07242 0.04102  | -1.033
-0.07841 -3.639   -0.71    -0.1238  -0.07242 0.04102  | -1.0331
-0.07841 -3.639   -0.71    -0.1238  -0.07242 0.04102  | -1.0331
-0.07841 -3.639   -0.71    -0.1238  -0.07242 0.03607  | -1.0331
iteration 4...
-0.07183 -3.639   -0.71    -0.1238  -0.07242 0.03607  | -1.0331
-0.07183 -3.639   -0.71    -0.1238  -0.07242 0.03607  | -1.0331
-0.07183 -3.639   -0.8802  -0.1238  -0.07242 0.03607  | -1.0331
-0.07183 -3.639   -0.8802  -0.1238  -0.07242 0.03607  | -1.0331
-0.07183 -3.639   -0.8802  -0.1238  -0.07229 0.03607  | -1.0331
-0.07183 -3.639   -0.8802  -0.1238  -0.07229 0.03607  | -1.0331
iteration 5...
-0.07183 -3.639   -0.8802  -0.1238  -0.07229 0.03607  | -1.0331
-0.07183 -3.639   -0.8802  -0.1238  -0.07229 0.03607  | -1.0331
-0.07183 -3.639   -0.8802  -0.1238  -0.07229 0.03607  | -1.0331
-0.07183 -3.639   -0.8802  -0.1238  -0.07229 0.03607  | -1.0331
-0.07183 -3.639   -0.8802  -0.1238  -0.07229 0.03607  | -1.0331
-0.07183 -3.639   -0.8802  -0.1238  -0.07229 0.03607  | -1.0331
Done    'Coregister: Estimate'
Done

CoReg Done in 32.623223 seconds

All done with coregistration.
>> >> 
No sandbox specified



Start   : Sat Dec  8 03:48:12 EST 2018
Finish  : Sat Dec  8 03:49:16 EST 2018


