
                            < M A T L A B (R) >
                  Copyright 1984-2015 The MathWorks, Inc.
                   R2015b (8.6.0.267246) 64-bit (glnxa64)
                              August 20, 2015

 
To get started, type one of these: helpwin, helpdesk, or demo.
For product information, visit www.mathworks.com.
 
    ----------------------------------------------------
	Your MATLAB license will expire in 53 days.
	Please contact your system administrator or
	MathWorks to renew this license.
    ----------------------------------------------------

	Academic License

>> >> >> >> Coregistation Script Created on 181207_18_23_29_944
>> >> >> >> >> >> [Warning: Name is nonexistent or not a directory:
/Users/rcwelsh/matlabScripts/WELLES/mfiles] 
[> In path (line 109)
  In addpath (line 86)] 
>> >> >> >> >> 
UMBatchJobName =

coregOverlay_181207_18_23_29_944_tehsheng_madcbrai

>> 
UMBatchProcessName =

coregOverlay

>> >> Initializing the job manager in SPM8

UMReSlice =

     0



Calling UMBatchCoReg with:
/nfs/fmri/Analysis/Sean_Working/Git_MADC/preprocess/../../Subjects_ASL/madc1555_5471/func//run_01/vasc_3dasl.nii
/nfs/fmri/Analysis/Sean_Working/Subjects_ASL/madc1555_5471/func/coReg/t1spgr.nii
UMReSlice:0
Entering UMBatchCoReg V2.0 for SPM8
Coreging /nfs/fmri/Analysis/Sean_Working/Subjects_ASL/madc1555_5471/func/coReg/t1spgr.nii to
         /nfs/fmri/Analysis/Sean_Working/Git_MADC/preprocess/../../Subjects_ASL/madc1555_5471/func//run_01/vasc_3dasl.nii


------------------------------------------------------------------------
Running job #1
------------------------------------------------------------------------
Running 'Coregister: Estimate'
iteration 1...
-2.029   0        0        0        0        0        | -1.0381
-2.029   -2.615   0        0        0        0        | -1.0383
-2.029   -2.615   -0.09138 0        0        0        | -1.0383
-2.029   -2.615   -0.09138 -0.05044 0        0        | -1.0384
-2.029   -2.615   -0.09138 -0.05044 -0.01189 0        | -1.0384
-2.029   -2.615   -0.09138 -0.05044 -0.01189 0.008226 | -1.0384
iteration 2...
-2.029   -2.615   -0.09138 -0.05044 -0.01189 0.008226 | -1.0384
-2.029   -2.615   -0.09138 -0.05044 -0.01189 0.008226 | -1.0384
-2.029   -2.615   0.7067   -0.05044 -0.01189 0.008226 | -1.0385
-2.029   -2.615   0.7067   -0.05249 -0.01189 0.008226 | -1.0385
-2.029   -2.615   0.7067   -0.05249 -0.01434 0.008226 | -1.0385
-2.029   -2.615   0.7067   -0.05249 -0.01434 0.008226 | -1.0385
iteration 3...
-2.067   -2.615   0.7067   -0.05249 -0.01434 0.008226 | -1.0385
-2.067   -2.324   0.7067   -0.05249 -0.01434 0.008226 | -1.0385
-2.067   -2.324   0.7791   -0.05249 -0.01434 0.008226 | -1.0385
-2.067   -2.324   0.7791   -0.04854 -0.01434 0.008226 | -1.0385
-2.067   -2.324   0.7791   -0.04854 -0.01469 0.008226 | -1.0385
-2.067   -2.324   0.7791   -0.04854 -0.01469 0.008226 | -1.0385
-2.107   -2.008   0.8576   -0.04425 -0.01507 0.008226 | -1.0385
iteration 4...
-2.169   -2.008   0.8576   -0.04425 -0.01507 0.008226 | -1.0385
-2.169   -2.008   0.8576   -0.04425 -0.01507 0.008226 | -1.0385
-2.169   -2.008   1.077    -0.04425 -0.01507 0.008226 | -1.0385
-2.169   -2.008   1.077    -0.04324 -0.01507 0.008226 | -1.0385
-2.169   -2.008   1.077    -0.04324 -0.01507 0.008226 | -1.0385
-2.169   -2.008   1.077    -0.04324 -0.01507 0.008226 | -1.0385
iteration 5...
-2.233   -2.008   1.077    -0.04324 -0.01507 0.008226 | -1.0385
-2.229   -2.043   1.068    -0.04371 -0.01502 0.008226 | -1.0385
-2.229   -2.043   1.084    -0.04371 -0.01502 0.008226 | -1.0385
-2.229   -2.043   1.084    -0.04371 -0.01502 0.008226 | -1.0385
-2.229   -2.043   1.084    -0.04371 -0.01684 0.008226 | -1.0385
-2.229   -2.043   1.084    -0.04371 -0.01684 0.008226 | -1.0385
iteration 6...
-2.233   -2.043   1.084    -0.04371 -0.01684 0.008226 | -1.0385
-2.232   -2.054   1.081    -0.04387 -0.01683 0.008226 | -1.0385
-2.232   -2.054   1.016    -0.04387 -0.01683 0.008226 | -1.0385
-2.232   -2.054   1.016    -0.04387 -0.01683 0.008226 | -1.0385
-2.232   -2.054   1.016    -0.04387 -0.01683 0.008226 | -1.0385
-2.232   -2.054   1.016    -0.04387 -0.01683 0.008226 | -1.0385
iteration 7...
-2.232   -2.054   1.016    -0.04387 -0.01683 0.008226 | -1.0385
-2.231   -2.06    1.015    -0.04395 -0.01682 0.008226 | -1.0385
-2.231   -2.06    1.015    -0.04395 -0.01682 0.008226 | -1.0385
-2.231   -2.06    1.015    -0.04395 -0.01682 0.008226 | -1.0385
-2.231   -2.06    1.015    -0.04395 -0.01682 0.008226 | -1.0385
-2.231   -2.06    1.015    -0.04395 -0.01682 0.008226 | -1.0385
iteration 1...
-2.908   -2.06    1.015    -0.04395 -0.01682 0.008226 | -1.0384
-2.908   -3.367   1.015    -0.04395 -0.01682 0.008226 | -1.0385
-2.908   -3.367   3.506    -0.04395 -0.01682 0.008226 | -1.0385
-2.908   -3.367   3.506    -0.2589  -0.01682 0.008226 | -1.0388
-2.908   -3.367   3.506    -0.2589  -0.04078 0.008226 | -1.0388
-2.908   -3.367   3.506    -0.2589  -0.04078 -0.0009965 | -1.0388
iteration 2...
-3.227   -3.367   3.506    -0.2589  -0.04078 -0.0009965 | -1.0388
-3.227   -7.029   3.506    -0.2589  -0.04078 -0.0009965 | -1.0391
-3.227   -7.029   5.215    -0.2589  -0.04078 -0.0009965 | -1.0391
-3.227   -7.029   5.215    -0.278   -0.04078 -0.0009965 | -1.0391
-3.227   -7.029   5.215    -0.278   -0.04078 -0.0009965 | -1.0391
-3.227   -7.029   5.215    -0.278   -0.04078 -0.01326 | -1.0391
iteration 3...
-3.656   -7.029   5.215    -0.278   -0.04078 -0.01326 | -1.0391
-3.656   -7.302   5.215    -0.278   -0.04078 -0.01326 | -1.0391
-3.656   -7.302   4.959    -0.278   -0.04078 -0.01326 | -1.0391
-3.656   -7.302   4.959    -0.2851  -0.04078 -0.01326 | -1.0391
-3.656   -7.302   4.959    -0.2851  -0.03828 -0.01326 | -1.0391
-3.656   -7.302   4.959    -0.2851  -0.03828 -0.01839 | -1.0391
iteration 4...
-3.656   -7.302   4.959    -0.2851  -0.03828 -0.01839 | -1.0391
-3.656   -7.28    4.959    -0.2851  -0.03828 -0.01839 | -1.0391
-3.656   -7.28    4.855    -0.2851  -0.03828 -0.01839 | -1.0391
-3.656   -7.28    4.855    -0.2851  -0.03828 -0.01839 | -1.0391
-3.656   -7.28    4.855    -0.2851  -0.03828 -0.01839 | -1.0391
-3.656   -7.28    4.855    -0.2851  -0.03828 -0.01839 | -1.0391
iteration 5...
-3.655   -7.28    4.855    -0.2851  -0.03828 -0.01839 | -1.0391
-3.655   -7.378   4.855    -0.2851  -0.03828 -0.01839 | -1.0391
-3.655   -7.378   4.859    -0.2851  -0.03828 -0.01839 | -1.0391
-3.655   -7.378   4.859    -0.2854  -0.03828 -0.01839 | -1.0391
-3.655   -7.378   4.859    -0.2854  -0.03828 -0.01839 | -1.0391
-3.655   -7.378   4.859    -0.2854  -0.03828 -0.01839 | -1.0391
iteration 6...
-3.655   -7.378   4.859    -0.2854  -0.03828 -0.01839 | -1.0391
-3.655   -7.378   4.859    -0.2854  -0.03828 -0.01839 | -1.0391
-3.655   -7.378   4.859    -0.2854  -0.03828 -0.01839 | -1.0391
-3.655   -7.378   4.859    -0.2854  -0.03828 -0.01839 | -1.0391
-3.655   -7.378   4.859    -0.2854  -0.03828 -0.01839 | -1.0391
-3.655   -7.378   4.859    -0.2854  -0.03828 -0.01839 | -1.0391
Done    'Coregister: Estimate'
Done

CoReg Done in 45.618058 seconds

All done with coregistration.
>> >> 
No sandbox specified



Start   : Fri Dec  7 18:23:33 EST 2018
Finish  : Fri Dec  7 18:24:59 EST 2018


