
                            < M A T L A B (R) >
                  Copyright 1984-2015 The MathWorks, Inc.
                   R2015b (8.6.0.267246) 64-bit (glnxa64)
                              August 20, 2015

 
To get started, type one of these: helpwin, helpdesk, or demo.
For product information, visit www.mathworks.com.
 
    ----------------------------------------------------
	Your MATLAB license will expire in 53 days.
	Please contact your system administrator or
	MathWorks to renew this license.
    ----------------------------------------------------

	Academic License

>> >> >> >> Coregistation Script Created on 181207_19_54_00_739
>> >> >> >> >> >> [Warning: Name is nonexistent or not a directory:
/Users/rcwelsh/matlabScripts/WELLES/mfiles] 
[> In path (line 109)
  In addpath (line 86)] 
>> >> >> >> >> 
UMBatchJobName =

coregOverlay_181207_19_54_00_739_tehsheng_madcbrai

>> 
UMBatchProcessName =

coregOverlay

>> >> Initializing the job manager in SPM8

UMReSlice =

     0



Calling UMBatchCoReg with:
/nfs/fmri/Analysis/Sean_Working/Git_MADC/preprocess/../../Subjects_ASL/madc1299_5225/func//run_01/vasc_3dasl.nii
/nfs/fmri/Analysis/Sean_Working/Subjects_ASL/madc1299_5225/func/coReg/t1spgr.nii
UMReSlice:0
Entering UMBatchCoReg V2.0 for SPM8
Coreging /nfs/fmri/Analysis/Sean_Working/Subjects_ASL/madc1299_5225/func/coReg/t1spgr.nii to
         /nfs/fmri/Analysis/Sean_Working/Git_MADC/preprocess/../../Subjects_ASL/madc1299_5225/func//run_01/vasc_3dasl.nii


------------------------------------------------------------------------
Running job #1
------------------------------------------------------------------------
Running 'Coregister: Estimate'
iteration 1...
-0.4619  0        0        0        0        0        | -1.032
-0.4619  -0.1307  0        0        0        0        | -1.032
-0.4619  -0.1307  -0.1272  0        0        0        | -1.032
-0.4619  -0.1307  -0.1272  0.01843  0        0        | -1.032
-0.4619  -0.1307  -0.1272  0.01843  -0.0001757 0        | -1.032
-0.4619  -0.1307  -0.1272  0.01843  -0.0001757 0.01427  | -1.0321
iteration 2...
-0.4619  -0.1307  -0.1272  0.01843  -0.0001757 0.01427  | -1.0321
-0.4619  0.1247   -0.1272  0.01843  -0.0001757 0.01427  | -1.0321
-0.4619  0.1247   -3.231   0.01843  -0.0001757 0.01427  | -1.0322
-0.4619  0.1247   -3.231   0.007263 -0.0001757 0.01427  | -1.0322
-0.4619  0.1247   -3.231   0.007263 -0.0001757 0.01427  | -1.0322
-0.4619  0.1247   -3.231   0.007263 -0.0001757 0.01427  | -1.0322
iteration 3...
-0.4619  0.1247   -3.231   0.007263 -0.0001757 0.01427  | -1.0322
-0.4619  0.167    -3.231   0.007263 -0.0001757 0.01427  | -1.0322
-0.4619  0.167    -2.332   0.007263 -0.0001757 0.01427  | -1.0322
-0.4619  0.167    -2.332   0.007263 -0.0001757 0.01427  | -1.0322
-0.4619  0.167    -2.332   0.007263 -0.0007087 0.01427  | -1.0322
-0.4619  0.167    -2.332   0.007263 -0.0007087 0.01427  | -1.0322
iteration 4...
-0.6159  0.167    -2.332   0.007263 -0.0007087 0.01427  | -1.0322
-0.6159  0.167    -2.332   0.007263 -0.0007087 0.01427  | -1.0322
-0.6159  0.167    -2.332   0.007263 -0.0007087 0.01427  | -1.0322
-0.6159  0.167    -2.332   0.007263 -0.0007087 0.01427  | -1.0322
-0.6159  0.167    -2.332   0.007263 -0.002225 0.01427  | -1.0322
-0.6159  0.167    -2.332   0.007263 -0.002225 0.01427  | -1.0322
iteration 5...
-0.5824  0.167    -2.332   0.007263 -0.002225 0.01427  | -1.0322
-0.5824  0.167    -2.332   0.007263 -0.002225 0.01427  | -1.0322
-0.5824  0.167    -2.358   0.007263 -0.002225 0.01427  | -1.0322
-0.5824  0.167    -2.358   0.007263 -0.002225 0.01427  | -1.0322
-0.5824  0.167    -2.358   0.007263 -0.002225 0.01427  | -1.0322
-0.5824  0.167    -2.358   0.007263 -0.002225 0.01427  | -1.0322
-0.549   0.167    -2.384   0.007263 -0.002225 0.01427  | -1.0322
iteration 6...
-0.549   0.167    -2.384   0.007263 -0.002225 0.01427  | -1.0322
-0.549   0.167    -2.384   0.007263 -0.002225 0.01427  | -1.0322
-0.549   0.167    -2.345   0.007263 -0.002225 0.01427  | -1.0322
-0.549   0.167    -2.345   0.007263 -0.002225 0.01427  | -1.0322
-0.549   0.167    -2.345   0.007263 -0.002182 0.01427  | -1.0322
-0.549   0.167    -2.345   0.007263 -0.002182 0.01427  | -1.0322
iteration 7...
-0.549   0.167    -2.345   0.007263 -0.002182 0.01427  | -1.0322
-0.549   0.167    -2.345   0.007263 -0.002182 0.01427  | -1.0322
-0.549   0.167    -2.345   0.007263 -0.002182 0.01427  | -1.0322
-0.549   0.167    -2.345   0.007263 -0.002182 0.01427  | -1.0322
-0.549   0.167    -2.345   0.007263 -0.002182 0.01427  | -1.0322
-0.549   0.167    -2.345   0.007263 -0.002182 0.01427  | -1.0322
iteration 1...
-0.6971  0.167    -2.345   0.007263 -0.002182 0.01427  | -1.0321
-0.6971  0.4479   -2.345   0.007263 -0.002182 0.01427  | -1.0321
-0.6971  0.4479   -3.289   0.007263 -0.002182 0.01427  | -1.0321
-0.6971  0.4479   -3.289   0.001366 -0.002182 0.01427  | -1.0321
-0.6971  0.4479   -3.289   0.001366 -0.001232 0.01427  | -1.0321
-0.6971  0.4479   -3.289   0.001366 -0.001232 0.0166   | -1.0321
iteration 2...
-0.7414  0.4479   -3.289   0.001366 -0.001232 0.0166   | -1.0321
-0.7414  0.2839   -3.289   0.001366 -0.001232 0.0166   | -1.0321
-0.7414  0.2839   -3.45    0.001366 -0.001232 0.0166   | -1.0321
-0.7414  0.2839   -3.45    -0.001016 -0.001232 0.0166   | -1.0322
-0.7414  0.2839   -3.45    -0.001016 0.0005307 0.0166   | -1.0322
-0.7414  0.2839   -3.45    -0.001016 0.0005307 0.01779  | -1.0322
-0.7736  0.1643   -3.567   -0.002753 0.001817 0.01866  | -1.0322
iteration 3...
-0.7736  0.1643   -3.567   -0.002753 0.001817 0.01866  | -1.0322
-0.7736  0.1821   -3.567   -0.002753 0.001817 0.01866  | -1.0322
-0.7736  0.1821   -3.567   -0.002753 0.001817 0.01866  | -1.0322
-0.7736  0.1821   -3.567   -0.002753 0.001817 0.01866  | -1.0322
-0.7736  0.1821   -3.567   -0.002753 0.001817 0.01866  | -1.0322
-0.7736  0.1821   -3.567   -0.002753 0.001817 0.01861  | -1.0322
Done    'Coregister: Estimate'
Done

CoReg Done in 30.295575 seconds

All done with coregistration.
>> >> 
No sandbox specified



Start   : Fri Dec  7 19:54:04 EST 2018
Finish  : Fri Dec  7 19:55:10 EST 2018


