
                            < M A T L A B (R) >
                  Copyright 1984-2015 The MathWorks, Inc.
                   R2015b (8.6.0.267246) 64-bit (glnxa64)
                              August 20, 2015

 
To get started, type one of these: helpwin, helpdesk, or demo.
For product information, visit www.mathworks.com.
 
    ----------------------------------------------------
	Your MATLAB license will expire in 52 days.
	Please contact your system administrator or
	MathWorks to renew this license.
    ----------------------------------------------------

	Academic License

>> >> >> >> Coregistation Script Created on 181208_03_26_37_749
>> >> >> >> >> >> [Warning: Name is nonexistent or not a directory:
/Users/rcwelsh/matlabScripts/WELLES/mfiles] 
[> In path (line 109)
  In addpath (line 86)] 
>> >> >> >> >> 
UMBatchJobName =

coregOverlay_181208_03_26_37_749_tehsheng_madcbrai

>> 
UMBatchProcessName =

coregOverlay

>> >> Initializing the job manager in SPM8

UMReSlice =

     0



Calling UMBatchCoReg with:
/nfs/fmri/Analysis/Sean_Working/Git_MADC/preprocess/../../Subjects_ASL/madc1572_5785/func//run_01/vasc_3dasl.nii
/nfs/fmri/Analysis/Sean_Working/Subjects_ASL/madc1572_5785/func/coReg/t1spgr.nii
UMReSlice:0
Entering UMBatchCoReg V2.0 for SPM8
Coreging /nfs/fmri/Analysis/Sean_Working/Subjects_ASL/madc1572_5785/func/coReg/t1spgr.nii to
         /nfs/fmri/Analysis/Sean_Working/Git_MADC/preprocess/../../Subjects_ASL/madc1572_5785/func//run_01/vasc_3dasl.nii


------------------------------------------------------------------------
Running job #1
------------------------------------------------------------------------
Running 'Coregister: Estimate'
iteration 1...
-1.429   0        0        0        0        0        | -1.0311
-1.429   -2.638   0        0        0        0        | -1.0314
-1.429   -2.638   10.97    0        0        0        | -1.0338
-1.429   -2.638   10.97    -0.04913 0        0        | -1.0339
-1.429   -2.638   10.97    -0.04913 -0.004031 0        | -1.0339
-1.429   -2.638   10.97    -0.04913 -0.004031 0.05724  | -1.0341
iteration 2...
-1.747   -2.638   10.97    -0.04913 -0.004031 0.05724  | -1.0341
-1.747   -4.063   10.97    -0.04913 -0.004031 0.05724  | -1.0341
-1.747   -4.063   12.19    -0.04913 -0.004031 0.05724  | -1.0342
-1.747   -4.063   12.19    -0.03826 -0.004031 0.05724  | -1.0342
-1.747   -4.063   12.19    -0.03826 0.0064   0.05724  | -1.0342
-1.747   -4.063   12.19    -0.03826 0.0064   0.05053  | -1.0342
iteration 3...
-1.556   -4.063   12.19    -0.03826 0.0064   0.05053  | -1.0342
-1.556   -4.194   12.19    -0.03826 0.0064   0.05053  | -1.0342
-1.556   -4.194   12.35    -0.03826 0.0064   0.05053  | -1.0342
-1.556   -4.194   12.35    -0.04287 0.0064   0.05053  | -1.0342
-1.556   -4.194   12.35    -0.04287 0.0064   0.05053  | -1.0342
-1.556   -4.194   12.35    -0.04287 0.0064   0.04017  | -1.0342
iteration 4...
-1.438   -4.194   12.35    -0.04287 0.0064   0.04017  | -1.0342
-1.438   -4.216   12.35    -0.04287 0.0064   0.04017  | -1.0342
-1.438   -4.216   12.39    -0.04287 0.0064   0.04017  | -1.0342
-1.438   -4.216   12.39    -0.05128 0.0064   0.04017  | -1.0342
-1.438   -4.216   12.39    -0.05128 0.0064   0.04017  | -1.0342
-1.438   -4.216   12.39    -0.05128 0.0064   0.04023  | -1.0342
iteration 5...
-1.402   -4.216   12.39    -0.05128 0.0064   0.04023  | -1.0343
-1.402   -4.271   12.39    -0.05128 0.0064   0.04023  | -1.0343
-1.402   -4.271   12.46    -0.05128 0.0064   0.04023  | -1.0343
-1.402   -4.271   12.46    -0.05128 0.0064   0.04023  | -1.0343
-1.402   -4.271   12.46    -0.05128 0.0064   0.04023  | -1.0343
-1.402   -4.271   12.46    -0.05128 0.0064   0.04023  | -1.0343
iteration 6...
-1.34    -4.271   12.46    -0.05128 0.0064   0.04023  | -1.0343
-1.34    -4.267   12.46    -0.05128 0.0064   0.04023  | -1.0343
-1.34    -4.267   12.48    -0.05128 0.0064   0.04023  | -1.0343
-1.34    -4.267   12.48    -0.05128 0.0064   0.04023  | -1.0343
-1.34    -4.267   12.48    -0.05128 0.0064   0.04023  | -1.0343
-1.34    -4.267   12.48    -0.05128 0.0064   0.0383   | -1.0343
iteration 7...
-1.17    -4.267   12.48    -0.05128 0.0064   0.0383   | -1.0343
-1.17    -4.288   12.48    -0.05128 0.0064   0.0383   | -1.0343
-1.17    -4.288   12.5     -0.05128 0.0064   0.0383   | -1.0343
-1.17    -4.288   12.5     -0.05131 0.0064   0.0383   | -1.0343
-1.17    -4.288   12.5     -0.05131 0.0064   0.0383   | -1.0343
-1.17    -4.288   12.5     -0.05131 0.0064   0.0383   | -1.0343
iteration 8...
-1.182   -4.288   12.5     -0.05131 0.0064   0.0383   | -1.0343
-1.182   -4.288   12.5     -0.05131 0.0064   0.0383   | -1.0343
-1.182   -4.288   12.5     -0.05131 0.0064   0.0383   | -1.0343
-1.182   -4.288   12.5     -0.05131 0.0064   0.0383   | -1.0343
-1.182   -4.288   12.5     -0.05131 0.0064   0.0383   | -1.0343
-1.182   -4.288   12.5     -0.05131 0.0064   0.0383   | -1.0343
iteration 1...
-1.039   -4.288   12.5     -0.05131 0.0064   0.0383   | -1.0344
-1.039   -3.93    12.5     -0.05131 0.0064   0.0383   | -1.0344
-1.039   -3.93    11.13    -0.05131 0.0064   0.0383   | -1.0344
-1.039   -3.93    11.13    -0.04995 0.0064   0.0383   | -1.0344
-1.039   -3.93    11.13    -0.04995 0.0007794 0.0383   | -1.0344
-1.039   -3.93    11.13    -0.04995 0.0007794 0.02828  | -1.0344
iteration 2...
-0.7758  -3.93    11.13    -0.04995 0.0007794 0.02828  | -1.0344
-0.7758  -3.683   11.13    -0.04995 0.0007794 0.02828  | -1.0344
-0.7758  -3.683   11.11    -0.04995 0.0007794 0.02828  | -1.0344
-0.7758  -3.683   11.11    -0.05174 0.0007794 0.02828  | -1.0344
-0.7758  -3.683   11.11    -0.05174 0.001851 0.02828  | -1.0344
-0.7758  -3.683   11.11    -0.05174 0.001851 0.02828  | -1.0344
iteration 3...
-0.7535  -3.683   11.11    -0.05174 0.001851 0.02828  | -1.0344
-0.7535  -3.66    11.11    -0.05174 0.001851 0.02828  | -1.0344
-0.7535  -3.66    10.99    -0.05174 0.001851 0.02828  | -1.0344
-0.7535  -3.66    10.99    -0.05252 0.001851 0.02828  | -1.0344
-0.7535  -3.66    10.99    -0.05252 0.001851 0.02828  | -1.0344
-0.7535  -3.66    10.99    -0.05252 0.001851 0.02828  | -1.0344
iteration 4...
-0.7535  -3.66    10.99    -0.05252 0.001851 0.02828  | -1.0344
-0.7535  -3.646   10.99    -0.05252 0.001851 0.02828  | -1.0344
-0.7535  -3.646   10.95    -0.05252 0.001851 0.02828  | -1.0344
-0.7535  -3.646   10.95    -0.05291 0.001851 0.02828  | -1.0344
-0.7535  -3.646   10.95    -0.05291 0.001851 0.02828  | -1.0344
-0.7535  -3.646   10.95    -0.05291 0.001851 0.02828  | -1.0344
-0.7535  -3.634   10.92    -0.05323 0.001851 0.02828  | -1.0344
iteration 5...
-0.7535  -3.634   10.92    -0.05323 0.001851 0.02828  | -1.0344
-0.7535  -3.634   10.92    -0.05323 0.001851 0.02828  | -1.0344
-0.7535  -3.633   10.92    -0.05325 0.001851 0.02828  | -1.0344
-0.7535  -3.633   10.92    -0.05325 0.001851 0.02828  | -1.0344
-0.7535  -3.633   10.92    -0.05325 0.001851 0.02828  | -1.0344
-0.7535  -3.633   10.92    -0.05325 0.001851 0.02828  | -1.0344
Done    'Coregister: Estimate'
Done

CoReg Done in 34.158398 seconds

All done with coregistration.
>> >> 
No sandbox specified



Start   : Sat Dec  8 03:26:39 EST 2018
Finish  : Sat Dec  8 03:27:45 EST 2018


