
                            < M A T L A B (R) >
                  Copyright 1984-2015 The MathWorks, Inc.
                   R2015b (8.6.0.267246) 64-bit (glnxa64)
                              August 20, 2015

 
To get started, type one of these: helpwin, helpdesk, or demo.
For product information, visit www.mathworks.com.
 
    ----------------------------------------------------
	Your MATLAB license will expire in 53 days.
	Please contact your system administrator or
	MathWorks to renew this license.
    ----------------------------------------------------

	Academic License

>> >> >> >> Coregistation Script Created on 181207_16_09_46_144
>> >> >> >> >> >> [Warning: Name is nonexistent or not a directory:
/Users/rcwelsh/matlabScripts/WELLES/mfiles] 
[> In path (line 109)
  In addpath (line 86)] 
>> >> >> >> >> 
UMBatchJobName =

coregOverlay_181207_16_09_46_144_tehsheng_madcbrai

>> 
UMBatchProcessName =

coregOverlay

>> >> Initializing the job manager in SPM8

UMReSlice =

     0



Calling UMBatchCoReg with:
/nfs/fmri/Analysis/Sean_Working/Git_MADC/preprocess/../../Subjects_ASL/madc0798_5794/func//run_01/vasc_3dasl.nii
/nfs/fmri/Analysis/Sean_Working/Subjects_ASL/madc0798_5794/func/coReg/t1spgr.nii
UMReSlice:0
Entering UMBatchCoReg V2.0 for SPM8
Coreging /nfs/fmri/Analysis/Sean_Working/Subjects_ASL/madc0798_5794/func/coReg/t1spgr.nii to
         /nfs/fmri/Analysis/Sean_Working/Git_MADC/preprocess/../../Subjects_ASL/madc0798_5794/func//run_01/vasc_3dasl.nii


------------------------------------------------------------------------
Running job #1
------------------------------------------------------------------------
Running 'Coregister: Estimate'
iteration 1...
-0.2342  0        0        0        0        0        | -1.0474
-0.2342  -2.177   0        0        0        0        | -1.0478
-0.2342  -2.177   -1.957   0        0        0        | -1.0479
-0.2342  -2.177   -1.957   -0.001621 0        0        | -1.0479
-0.2342  -2.177   -1.957   -0.001621 0.01948  0        | -1.048
-0.2342  -2.177   -1.957   -0.001621 0.01948  0.02184  | -1.0481
iteration 2...
-0.508   -2.177   -1.957   -0.001621 0.01948  0.02184  | -1.0481
-0.508   -2.301   -1.957   -0.001621 0.01948  0.02184  | -1.0481
-0.508   -2.301   -1.084   -0.001621 0.01948  0.02184  | -1.0481
-0.508   -2.301   -1.084   -0.001621 0.01948  0.02184  | -1.0481
-0.508   -2.301   -1.084   -0.001621 0.02731  0.02184  | -1.0482
-0.508   -2.301   -1.084   -0.001621 0.02731  0.02184  | -1.0482
iteration 3...
-0.5333  -2.301   -1.084   -0.001621 0.02731  0.02184  | -1.0482
-0.5333  -2.311   -1.084   -0.001621 0.02731  0.02184  | -1.0482
-0.5333  -2.311   -0.8667  -0.001621 0.02731  0.02184  | -1.0482
-0.5333  -2.311   -0.8667  -5.037e-05 0.02731  0.02184  | -1.0482
-0.5333  -2.311   -0.8667  -5.037e-05 0.02731  0.02184  | -1.0482
-0.5333  -2.311   -0.8667  -5.037e-05 0.02731  0.02292  | -1.0482
iteration 4...
-0.5284  -2.311   -0.8667  -5.037e-05 0.02731  0.02292  | -1.0482
-0.5284  -2.421   -0.8667  -5.037e-05 0.02731  0.02292  | -1.0482
-0.5284  -2.421   -0.8976  -5.037e-05 0.02731  0.02292  | -1.0482
-0.5284  -2.421   -0.8976  0.007645 0.02731  0.02292  | -1.0482
-0.5284  -2.421   -0.8976  0.007645 0.02875  0.02292  | -1.0482
-0.5284  -2.421   -0.8976  0.007645 0.02875  0.02292  | -1.0482
iteration 5...
-0.5284  -2.421   -0.8976  0.007645 0.02875  0.02292  | -1.0482
-0.5284  -2.69    -0.8976  0.007645 0.02875  0.02292  | -1.0482
-0.5284  -2.69    -0.9305  0.007645 0.02875  0.02292  | -1.0482
-0.5284  -2.69    -0.9305  0.01185  0.02875  0.02292  | -1.0482
-0.5284  -2.69    -0.9305  0.01185  0.02981  0.02292  | -1.0482
-0.5284  -2.69    -0.9305  0.01185  0.02981  0.02292  | -1.0482
-0.5284  -2.886   -0.9546  0.01493  0.03059  0.02292  | -1.0482
iteration 6...
-0.6206  -2.886   -0.9546  0.01493  0.03059  0.02292  | -1.0482
-0.6206  -2.956   -0.9546  0.01493  0.03059  0.02292  | -1.0482
-0.6206  -2.956   -0.9057  0.01493  0.03059  0.02292  | -1.0482
-0.6206  -2.957   -0.9058  0.01494  0.03059  0.02292  | -1.0482
-0.6206  -2.957   -0.9058  0.01494  0.03059  0.02292  | -1.0482
-0.6206  -2.957   -0.9058  0.01494  0.03059  0.02292  | -1.0482
iteration 7...
-0.6206  -2.957   -0.9058  0.01494  0.03059  0.02292  | -1.0482
-0.6206  -2.958   -0.9058  0.01494  0.03059  0.02292  | -1.0482
-0.6206  -2.958   -0.9078  0.01494  0.03059  0.02292  | -1.0482
-0.6206  -2.958   -0.9078  0.01494  0.03059  0.02292  | -1.0482
-0.6206  -2.958   -0.9078  0.01494  0.03059  0.02292  | -1.0482
-0.6206  -2.958   -0.9078  0.01494  0.03059  0.02292  | -1.0482
iteration 1...
-0.6076  -2.958   -0.9078  0.01494  0.03059  0.02292  | -1.0481
-0.6076  -3.505   -0.9078  0.01494  0.03059  0.02292  | -1.0481
-0.6076  -3.505   -1.025   0.01494  0.03059  0.02292  | -1.0481
-0.6076  -3.505   -1.025   0.01494  0.03059  0.02292  | -1.0481
-0.6076  -3.505   -1.025   0.01494  0.0295   0.02292  | -1.0481
-0.6076  -3.505   -1.025   0.01494  0.0295   0.03752  | -1.0481
iteration 2...
-0.6517  -3.505   -1.025   0.01494  0.0295   0.03752  | -1.0481
-0.6517  -3.402   -1.025   0.01494  0.0295   0.03752  | -1.0481
-0.6517  -3.402   -1.015   0.01494  0.0295   0.03752  | -1.0481
-0.6517  -3.402   -1.015   0.01317  0.0295   0.03752  | -1.0481
-0.6517  -3.402   -1.015   0.01317  0.0295   0.03752  | -1.0481
-0.6517  -3.402   -1.015   0.01317  0.0295   0.03752  | -1.0481
iteration 3...
-0.6517  -3.402   -1.015   0.01317  0.0295   0.03752  | -1.0481
-0.6517  -3.375   -1.015   0.01317  0.0295   0.03752  | -1.0481
-0.6517  -3.375   -1.098   0.01317  0.0295   0.03752  | -1.0481
-0.6517  -3.375   -1.098   0.01227  0.0295   0.03752  | -1.0481
-0.6517  -3.375   -1.098   0.01227  0.0295   0.03752  | -1.0481
-0.6517  -3.375   -1.098   0.01227  0.0295   0.03752  | -1.0481
iteration 4...
-0.6517  -3.375   -1.098   0.01227  0.0295   0.03752  | -1.0481
-0.6517  -3.375   -1.098   0.01227  0.0295   0.03752  | -1.0481
-0.6517  -3.375   -1.098   0.01227  0.0295   0.03752  | -1.0481
-0.6517  -3.375   -1.098   0.01227  0.0295   0.03752  | -1.0481
-0.6517  -3.375   -1.098   0.01227  0.0295   0.03752  | -1.0481
-0.6517  -3.375   -1.098   0.01227  0.0295   0.03752  | -1.0481
Done    'Coregister: Estimate'
Done

CoReg Done in 31.669242 seconds

All done with coregistration.
>> >> 
No sandbox specified



Start   : Fri Dec  7 16:09:49 EST 2018
Finish  : Fri Dec  7 16:11:31 EST 2018


