
                            < M A T L A B (R) >
                  Copyright 1984-2015 The MathWorks, Inc.
                   R2015b (8.6.0.267246) 64-bit (glnxa64)
                              August 20, 2015

 
To get started, type one of these: helpwin, helpdesk, or demo.
For product information, visit www.mathworks.com.
 
    ----------------------------------------------------
	Your MATLAB license will expire in 53 days.
	Please contact your system administrator or
	MathWorks to renew this license.
    ----------------------------------------------------

	Academic License

>> >> >> >> Coregistation Script Created on 181207_19_54_25_044
>> >> >> >> >> >> [Warning: Name is nonexistent or not a directory:
/Users/rcwelsh/matlabScripts/WELLES/mfiles] 
[> In path (line 109)
  In addpath (line 86)] 
>> >> >> >> >> 
UMBatchJobName =

coregOverlay_181207_19_54_25_044_tehsheng_madcbrai

>> 
UMBatchProcessName =

coregOverlay

>> >> Initializing the job manager in SPM8

UMReSlice =

     0



Calling UMBatchCoReg with:
/nfs/fmri/Analysis/Sean_Working/Git_MADC/preprocess/../../Subjects_ASL/madc1508_5049/func//run_01/vasc_3dasl.nii
/nfs/fmri/Analysis/Sean_Working/Subjects_ASL/madc1508_5049/func/coReg/t1spgr.nii
UMReSlice:0
Entering UMBatchCoReg V2.0 for SPM8
Coreging /nfs/fmri/Analysis/Sean_Working/Subjects_ASL/madc1508_5049/func/coReg/t1spgr.nii to
         /nfs/fmri/Analysis/Sean_Working/Git_MADC/preprocess/../../Subjects_ASL/madc1508_5049/func//run_01/vasc_3dasl.nii


------------------------------------------------------------------------
Running job #1
------------------------------------------------------------------------
Running 'Coregister: Estimate'
iteration 1...
-2.311   0        0        0        0        0        | -1.0382
-2.311   -5.837   0        0        0        0        | -1.0388
-2.311   -5.837   2.169    0        0        0        | -1.039
-2.311   -5.837   2.169    -0.1826  0        0        | -1.0395
-2.311   -5.837   2.169    -0.1826  -3.684e-05 0        | -1.0395
-2.311   -5.837   2.169    -0.1826  -3.684e-05 -0.02234 | -1.0396
iteration 2...
-2.589   -5.837   2.169    -0.1826  -3.684e-05 -0.02234 | -1.0396
-2.589   -5.876   2.169    -0.1826  -3.684e-05 -0.02234 | -1.0396
-2.589   -5.876   1.779    -0.1826  -3.684e-05 -0.02234 | -1.0396
-2.589   -5.876   1.779    -0.186   -3.684e-05 -0.02234 | -1.0396
-2.589   -5.876   1.779    -0.186   -3.684e-05 -0.02234 | -1.0396
-2.589   -5.876   1.779    -0.186   -3.684e-05 -0.02234 | -1.0396
iteration 3...
-2.448   -5.876   1.779    -0.186   -3.684e-05 -0.02234 | -1.0396
-2.448   -5.989   1.779    -0.186   -3.684e-05 -0.02234 | -1.0396
-2.448   -5.989   1.775    -0.186   -3.684e-05 -0.02234 | -1.0396
-2.448   -5.989   1.775    -0.1877  -3.684e-05 -0.02234 | -1.0396
-2.448   -5.989   1.775    -0.1877  -3.684e-05 -0.02234 | -1.0396
-2.448   -5.989   1.775    -0.1877  -3.684e-05 -0.02234 | -1.0396
iteration 4...
-2.448   -5.989   1.775    -0.1877  -3.684e-05 -0.02234 | -1.0396
-2.448   -5.989   1.775    -0.1877  -3.684e-05 -0.02234 | -1.0396
-2.448   -5.989   1.722    -0.1877  -3.684e-05 -0.02234 | -1.0396
-2.448   -5.989   1.722    -0.1877  -3.684e-05 -0.02234 | -1.0396
-2.448   -5.989   1.722    -0.1877  0.003788 -0.02234 | -1.0396
-2.448   -5.989   1.722    -0.1877  0.003788 -0.02118 | -1.0396
iteration 5...
-2.443   -5.989   1.722    -0.1877  0.003788 -0.02118 | -1.0396
-2.443   -5.981   1.722    -0.1877  0.003788 -0.02118 | -1.0396
-2.443   -5.981   1.601    -0.1877  0.003788 -0.02118 | -1.0396
-2.443   -5.981   1.601    -0.1888  0.003788 -0.02118 | -1.0396
-2.443   -5.981   1.601    -0.1888  0.003937 -0.02118 | -1.0396
-2.443   -5.981   1.601    -0.1888  0.003937 -0.02118 | -1.0396
iteration 6...
-2.443   -5.981   1.601    -0.1888  0.003937 -0.02118 | -1.0396
-2.443   -5.983   1.601    -0.1888  0.003937 -0.02118 | -1.0396
-2.443   -5.983   1.537    -0.1888  0.003937 -0.02118 | -1.0396
-2.443   -5.983   1.537    -0.1893  0.003937 -0.02118 | -1.0396
-2.443   -5.983   1.537    -0.1893  0.003937 -0.02118 | -1.0396
-2.443   -5.983   1.537    -0.1893  0.003937 -0.02118 | -1.0396
iteration 7...
-2.443   -5.983   1.537    -0.1893  0.003937 -0.02118 | -1.0396
-2.443   -5.986   1.537    -0.1893  0.003937 -0.02118 | -1.0396
-2.443   -5.986   1.537    -0.1893  0.003937 -0.02118 | -1.0396
-2.443   -5.986   1.537    -0.1893  0.003937 -0.02118 | -1.0396
-2.443   -5.986   1.537    -0.1893  0.003937 -0.02118 | -1.0396
-2.443   -5.986   1.537    -0.1893  0.003937 -0.02118 | -1.0396
iteration 1...
-1.907   -5.986   1.537    -0.1893  0.003937 -0.02118 | -1.0395
-1.907   -7.313   1.537    -0.1893  0.003937 -0.02118 | -1.0396
-1.907   -7.313   2.899    -0.1893  0.003937 -0.02118 | -1.0396
-1.907   -7.313   2.899    -0.2     0.003937 -0.02118 | -1.0396
-1.907   -7.313   2.899    -0.2     -0.02035 -0.02118 | -1.0396
-1.907   -7.313   2.899    -0.2     -0.02035 0.0127   | -1.0397
iteration 2...
-1.918   -7.313   2.899    -0.2     -0.02035 0.0127   | -1.0397
-1.918   -7.527   2.899    -0.2     -0.02035 0.0127   | -1.0397
-1.918   -7.527   2.766    -0.2     -0.02035 0.0127   | -1.0397
-1.918   -7.527   2.766    -0.1984  -0.02035 0.0127   | -1.0397
-1.918   -7.527   2.766    -0.1984  -0.02035 0.0127   | -1.0397
-1.918   -7.527   2.766    -0.1984  -0.02035 0.0127   | -1.0397
iteration 3...
-1.918   -7.527   2.766    -0.1984  -0.02035 0.0127   | -1.0397
-1.918   -7.527   2.766    -0.1984  -0.02035 0.0127   | -1.0397
-1.918   -7.527   2.725    -0.1984  -0.02035 0.0127   | -1.0397
-1.918   -7.527   2.725    -0.1919  -0.02035 0.0127   | -1.0397
-1.918   -7.527   2.725    -0.1919  -0.02035 0.0127   | -1.0397
-1.918   -7.527   2.725    -0.1919  -0.02035 0.0127   | -1.0397
iteration 4...
-1.918   -7.527   2.725    -0.1919  -0.02035 0.0127   | -1.0397
-1.918   -7.45    2.725    -0.1919  -0.02035 0.0127   | -1.0397
-1.918   -7.45    2.797    -0.1919  -0.02035 0.0127   | -1.0397
-1.918   -7.45    2.797    -0.1917  -0.02035 0.0127   | -1.0397
-1.918   -7.45    2.797    -0.1917  -0.02035 0.0127   | -1.0397
-1.918   -7.45    2.797    -0.1917  -0.02035 0.01303  | -1.0397
iteration 5...
-1.903   -7.45    2.797    -0.1917  -0.02035 0.01303  | -1.0397
-1.903   -7.45    2.797    -0.1917  -0.02035 0.01303  | -1.0397
-1.903   -7.45    2.802    -0.1917  -0.02035 0.01303  | -1.0397
-1.903   -7.45    2.802    -0.1917  -0.02035 0.01303  | -1.0397
-1.903   -7.45    2.802    -0.1917  -0.02035 0.01303  | -1.0397
-1.903   -7.45    2.802    -0.1917  -0.02035 0.01303  | -1.0397
Done    'Coregister: Estimate'
Done

CoReg Done in 40.564575 seconds

All done with coregistration.
>> >> 
No sandbox specified



Start   : Fri Dec  7 19:54:28 EST 2018
Finish  : Fri Dec  7 19:55:54 EST 2018


