
                            < M A T L A B (R) >
                  Copyright 1984-2015 The MathWorks, Inc.
                   R2015b (8.6.0.267246) 64-bit (glnxa64)
                              August 20, 2015

 
To get started, type one of these: helpwin, helpdesk, or demo.
For product information, visit www.mathworks.com.
 
    ----------------------------------------------------
	Your MATLAB license will expire in 53 days.
	Please contact your system administrator or
	MathWorks to renew this license.
    ----------------------------------------------------

	Academic License

>> >> >> >> Coregistation Script Created on 181207_21_46_08_624
>> >> >> >> >> >> [Warning: Name is nonexistent or not a directory:
/Users/rcwelsh/matlabScripts/WELLES/mfiles] 
[> In path (line 109)
  In addpath (line 86)] 
>> >> >> >> >> 
UMBatchJobName =

coregOverlay_181207_21_46_08_624_tehsheng_madcbrai

>> 
UMBatchProcessName =

coregOverlay

>> >> Initializing the job manager in SPM8

UMReSlice =

     0



Calling UMBatchCoReg with:
/nfs/fmri/Analysis/Sean_Working/Git_MADC/preprocess/../../Subjects_ASL/madc1371_5133/func//run_01/vasc_3dasl.nii
/nfs/fmri/Analysis/Sean_Working/Subjects_ASL/madc1371_5133/func/coReg/t1spgr.nii
UMReSlice:0
Entering UMBatchCoReg V2.0 for SPM8
Coreging /nfs/fmri/Analysis/Sean_Working/Subjects_ASL/madc1371_5133/func/coReg/t1spgr.nii to
         /nfs/fmri/Analysis/Sean_Working/Git_MADC/preprocess/../../Subjects_ASL/madc1371_5133/func//run_01/vasc_3dasl.nii


------------------------------------------------------------------------
Running job #1
------------------------------------------------------------------------
Running 'Coregister: Estimate'
iteration 1...
0.2698   0        0        0        0        0        | -1.051
0.2698   0.4      0        0        0        0        | -1.0511
0.2698   0.4      -1.717   0        0        0        | -1.0512
0.2698   0.4      -1.717   -0.0151  0        0        | -1.0512
0.2698   0.4      -1.717   -0.0151  0.001079 0        | -1.0512
0.2698   0.4      -1.717   -0.0151  0.001079 0.04037  | -1.0517
iteration 2...
0.2186   0.4      -1.717   -0.0151  0.001079 0.04037  | -1.0517
0.2186   0.3781   -1.717   -0.0151  0.001079 0.04037  | -1.0517
0.2186   0.3781   -1.7     -0.0151  0.001079 0.04037  | -1.0517
0.2186   0.3781   -1.7     -0.01328 0.001079 0.04037  | -1.0517
0.2186   0.3781   -1.7     -0.01328 0.006081 0.04037  | -1.0517
0.2186   0.3781   -1.7     -0.01328 0.006081 0.04145  | -1.0517
iteration 3...
0.2186   0.3781   -1.7     -0.01328 0.006081 0.04145  | -1.0517
0.2186   0.3772   -1.7     -0.01328 0.006081 0.04145  | -1.0517
0.2186   0.3772   -1.617   -0.01328 0.006081 0.04145  | -1.0517
0.2186   0.3772   -1.617   -0.01074 0.006081 0.04145  | -1.0517
0.2186   0.3772   -1.617   -0.01074 0.007055 0.04145  | -1.0517
0.2186   0.3772   -1.617   -0.01074 0.007055 0.04145  | -1.0517
iteration 4...
0.2232   0.3772   -1.617   -0.01074 0.007055 0.04145  | -1.0517
0.2232   0.3772   -1.617   -0.01074 0.007055 0.04145  | -1.0517
0.2232   0.3772   -1.617   -0.01074 0.007055 0.04145  | -1.0517
0.2232   0.3772   -1.617   -0.01014 0.007055 0.04145  | -1.0517
0.2232   0.3772   -1.617   -0.01014 0.007055 0.04145  | -1.0517
0.2232   0.3772   -1.617   -0.01014 0.007055 0.04145  | -1.0517
iteration 1...
0.2232   0.3772   -1.617   -0.01014 0.007055 0.04145  | -1.0516
0.2232   0.3715   -1.617   -0.01014 0.007055 0.04145  | -1.0516
0.2232   0.3715   -1.967   -0.01014 0.007055 0.04145  | -1.0517
0.2232   0.3715   -1.967   -0.009635 0.007055 0.04145  | -1.0517
0.2232   0.3715   -1.967   -0.009635 0.01618  0.04145  | -1.0517
0.2232   0.3715   -1.967   -0.009635 0.01618  0.05083  | -1.0517
iteration 2...
0.2368   0.3715   -1.967   -0.009635 0.01618  0.05083  | -1.0517
0.2368   0.3715   -1.967   -0.009635 0.01618  0.05083  | -1.0517
0.2368   0.3715   -2.131   -0.009635 0.01618  0.05083  | -1.0517
0.2368   0.3715   -2.131   -0.01359 0.01618  0.05083  | -1.0517
0.2368   0.3715   -2.131   -0.01359 0.0185   0.05083  | -1.0517
0.2368   0.3715   -2.131   -0.01359 0.0185   0.05083  | -1.0517
iteration 3...
0.2368   0.3715   -2.131   -0.01359 0.0185   0.05083  | -1.0517
0.2368   0.3704   -2.131   -0.01359 0.0185   0.05083  | -1.0517
0.2368   0.3704   -2.101   -0.01359 0.0185   0.05083  | -1.0517
0.2368   0.3704   -2.101   -0.01359 0.0185   0.05083  | -1.0517
0.2368   0.3704   -2.101   -0.01359 0.0185   0.05083  | -1.0517
0.2368   0.3704   -2.101   -0.01359 0.0185   0.05083  | -1.0517
iteration 4...
0.2368   0.3704   -2.101   -0.01359 0.0185   0.05083  | -1.0517
0.2368   0.3818   -2.101   -0.01359 0.0185   0.05083  | -1.0517
0.2368   0.3818   -2.101   -0.01359 0.0185   0.05083  | -1.0517
0.2368   0.3818   -2.101   -0.01359 0.0185   0.05083  | -1.0517
0.2368   0.3818   -2.101   -0.01359 0.0185   0.05083  | -1.0517
0.2368   0.3818   -2.101   -0.01359 0.0185   0.05083  | -1.0517
Done    'Coregister: Estimate'
Done

CoReg Done in 28.231206 seconds

All done with coregistration.
>> >> 
No sandbox specified



Start   : Fri Dec  7 21:46:12 EST 2018
Finish  : Fri Dec  7 21:47:15 EST 2018


