
                            < M A T L A B (R) >
                  Copyright 1984-2015 The MathWorks, Inc.
                   R2015b (8.6.0.267246) 64-bit (glnxa64)
                              August 20, 2015

 
To get started, type one of these: helpwin, helpdesk, or demo.
For product information, visit www.mathworks.com.
 
    ----------------------------------------------------
	Your MATLAB license will expire in 52 days.
	Please contact your system administrator or
	MathWorks to renew this license.
    ----------------------------------------------------

	Academic License

>> >> >> >> Coregistation Script Created on 181208_01_11_13_275
>> >> >> >> >> >> [Warning: Name is nonexistent or not a directory:
/Users/rcwelsh/matlabScripts/WELLES/mfiles] 
[> In path (line 109)
  In addpath (line 86)] 
>> >> >> >> >> 
UMBatchJobName =

coregOverlay_181208_01_11_13_275_tehsheng_madcbrai

>> 
UMBatchProcessName =

coregOverlay

>> >> Initializing the job manager in SPM8

UMReSlice =

     0



Calling UMBatchCoReg with:
/nfs/fmri/Analysis/Sean_Working/Git_MADC/preprocess/../../Subjects_ASL/madc1550_5786/func//run_01/vasc_3dasl.nii
/nfs/fmri/Analysis/Sean_Working/Subjects_ASL/madc1550_5786/func/coReg/t1spgr.nii
UMReSlice:0
Entering UMBatchCoReg V2.0 for SPM8
Coreging /nfs/fmri/Analysis/Sean_Working/Subjects_ASL/madc1550_5786/func/coReg/t1spgr.nii to
         /nfs/fmri/Analysis/Sean_Working/Git_MADC/preprocess/../../Subjects_ASL/madc1550_5786/func//run_01/vasc_3dasl.nii


------------------------------------------------------------------------
Running job #1
------------------------------------------------------------------------
Running 'Coregister: Estimate'
iteration 1...
-0.5106  0        0        0        0        0        | -1.0485
-0.5106  -0.6974  0        0        0        0        | -1.0485
-0.5106  -0.6974  -2.291   0        0        0        | -1.0487
-0.5106  -0.6974  -2.291   -0.08472 0        0        | -1.049
-0.5106  -0.6974  -2.291   -0.08472 0.00346  0        | -1.049
-0.5106  -0.6974  -2.291   -0.08472 0.00346  0.01696  | -1.0491
iteration 2...
-0.5106  -0.6974  -2.291   -0.08472 0.00346  0.01696  | -1.0491
-0.5106  0.3499   -2.291   -0.08472 0.00346  0.01696  | -1.0492
-0.5106  0.3499   -2.098   -0.08472 0.00346  0.01696  | -1.0492
-0.5106  0.3499   -2.098   -0.06769 0.00346  0.01696  | -1.0492
-0.5106  0.3499   -2.098   -0.06769 0.003608 0.01696  | -1.0492
-0.5106  0.3499   -2.098   -0.06769 0.003608 0.02617  | -1.0492
iteration 3...
-0.5251  0.3499   -2.098   -0.06769 0.003608 0.02617  | -1.0492
-0.5251  0.3499   -2.098   -0.06769 0.003608 0.02617  | -1.0492
-0.5251  0.3499   -1.427   -0.06769 0.003608 0.02617  | -1.0493
-0.5251  0.3499   -1.427   -0.06769 0.003608 0.02617  | -1.0493
-0.5251  0.3499   -1.427   -0.06769 0.004473 0.02617  | -1.0493
-0.5251  0.3499   -1.427   -0.06769 0.004473 0.02692  | -1.0493
iteration 4...
-0.5251  0.3499   -1.427   -0.06769 0.004473 0.02692  | -1.0493
-0.5251  0.3833   -1.427   -0.06769 0.004473 0.02692  | -1.0493
-0.5251  0.3833   -1.455   -0.06769 0.004473 0.02692  | -1.0493
-0.5251  0.3833   -1.455   -0.06282 0.004473 0.02692  | -1.0493
-0.5251  0.3833   -1.455   -0.06282 0.006523 0.02692  | -1.0493
-0.5251  0.3833   -1.455   -0.06282 0.006523 0.02692  | -1.0493
iteration 5...
-0.5313  0.3833   -1.455   -0.06282 0.006523 0.02692  | -1.0493
-0.5313  0.4647   -1.455   -0.06282 0.006523 0.02692  | -1.0493
-0.5313  0.4647   -1.528   -0.06282 0.006523 0.02692  | -1.0493
-0.5313  0.4647   -1.528   -0.06282 0.006523 0.02692  | -1.0493
-0.5313  0.4647   -1.528   -0.06282 0.006523 0.02692  | -1.0493
-0.5313  0.4647   -1.528   -0.06282 0.006523 0.02692  | -1.0493
iteration 6...
-0.5319  0.4647   -1.528   -0.06282 0.006523 0.02692  | -1.0493
-0.5319  0.4539   -1.528   -0.06282 0.006523 0.02692  | -1.0493
-0.5319  0.4539   -1.531   -0.06282 0.006523 0.02692  | -1.0493
-0.5319  0.4539   -1.531   -0.06282 0.006523 0.02692  | -1.0493
-0.5319  0.4539   -1.531   -0.06282 0.006523 0.02692  | -1.0493
-0.5319  0.4539   -1.531   -0.06282 0.006523 0.02692  | -1.0493
iteration 1...
-0.7398  0.4539   -1.531   -0.06282 0.006523 0.02692  | -1.0491
-0.7398  0.7874   -1.531   -0.06282 0.006523 0.02692  | -1.0491
-0.7398  0.7874   -1.293   -0.06282 0.006523 0.02692  | -1.0491
-0.7398  0.7874   -1.293   -0.08603 0.006523 0.02692  | -1.0491
-0.7398  0.7874   -1.293   -0.08603 -0.0001637 0.02692  | -1.0491
-0.7398  0.7874   -1.293   -0.08603 -0.0001637 0.03611  | -1.0491
iteration 2...
-0.6053  0.7874   -1.293   -0.08603 -0.0001637 0.03611  | -1.0491
-0.6053  1.016    -1.293   -0.08603 -0.0001637 0.03611  | -1.0491
-0.6053  1.016    -1.138   -0.08603 -0.0001637 0.03611  | -1.0491
-0.6053  1.016    -1.138   -0.08796 -0.0001637 0.03611  | -1.0491
-0.6053  1.016    -1.138   -0.08796 0.001607 0.03611  | -1.0491
-0.6053  1.016    -1.138   -0.08796 0.001607 0.03405  | -1.0491
iteration 3...
-0.6053  1.016    -1.138   -0.08796 0.001607 0.03405  | -1.0491
-0.6053  1.029    -1.138   -0.08796 0.001607 0.03405  | -1.0491
-0.6053  1.029    -1.18    -0.08796 0.001607 0.03405  | -1.0491
-0.6053  1.029    -1.18    -0.08895 0.001607 0.03405  | -1.0491
-0.6053  1.029    -1.18    -0.08895 0.001688 0.03405  | -1.0491
-0.6053  1.029    -1.18    -0.08895 0.001688 0.03405  | -1.0491
iteration 4...
-0.6053  1.029    -1.18    -0.08895 0.001688 0.03405  | -1.0491
-0.6053  1.055    -1.18    -0.08895 0.001688 0.03405  | -1.0491
-0.6053  1.055    -1.203   -0.08895 0.001688 0.03405  | -1.0491
-0.6053  1.055    -1.203   -0.08895 0.001688 0.03405  | -1.0491
-0.6053  1.055    -1.203   -0.08895 0.001688 0.03405  | -1.0491
-0.6053  1.055    -1.203   -0.08895 0.001688 0.03405  | -1.0491
iteration 5...
-0.6053  1.055    -1.203   -0.08895 0.001688 0.03405  | -1.0491
-0.6053  1.055    -1.203   -0.08895 0.001688 0.03405  | -1.0491
-0.6053  1.055    -1.203   -0.08895 0.001688 0.03405  | -1.0491
-0.6053  1.055    -1.203   -0.08895 0.001688 0.03405  | -1.0491
-0.6053  1.055    -1.203   -0.08895 0.001688 0.03405  | -1.0491
-0.6053  1.055    -1.203   -0.08895 0.001688 0.03405  | -1.0491
Done    'Coregister: Estimate'
Done

CoReg Done in 31.793412 seconds

All done with coregistration.
>> >> 
No sandbox specified



Start   : Sat Dec  8 01:11:14 EST 2018
Finish  : Sat Dec  8 01:12:18 EST 2018


