
                            < M A T L A B (R) >
                  Copyright 1984-2015 The MathWorks, Inc.
                   R2015b (8.6.0.267246) 64-bit (glnxa64)
                              August 20, 2015

 
To get started, type one of these: helpwin, helpdesk, or demo.
For product information, visit www.mathworks.com.
 
    ----------------------------------------------------
	Your MATLAB license will expire in 52 days.
	Please contact your system administrator or
	MathWorks to renew this license.
    ----------------------------------------------------

	Academic License

>> >> >> >> Coregistation Script Created on 181208_02_28_17_605
>> >> >> >> >> >> [Warning: Name is nonexistent or not a directory:
/Users/rcwelsh/matlabScripts/WELLES/mfiles] 
[> In path (line 109)
  In addpath (line 86)] 
>> >> >> >> >> 
UMBatchJobName =

coregOverlay_181208_02_28_17_605_tehsheng_madcbrai

>> 
UMBatchProcessName =

coregOverlay

>> >> Initializing the job manager in SPM8

UMReSlice =

     0



Calling UMBatchCoReg with:
/nfs/fmri/Analysis/Sean_Working/Git_MADC/preprocess/../../Subjects_ASL/madc1561_5696/func//run_01/vasc_3dasl.nii
/nfs/fmri/Analysis/Sean_Working/Subjects_ASL/madc1561_5696/func/coReg/t1spgr.nii
UMReSlice:0
Entering UMBatchCoReg V2.0 for SPM8
Coreging /nfs/fmri/Analysis/Sean_Working/Subjects_ASL/madc1561_5696/func/coReg/t1spgr.nii to
         /nfs/fmri/Analysis/Sean_Working/Git_MADC/preprocess/../../Subjects_ASL/madc1561_5696/func//run_01/vasc_3dasl.nii


------------------------------------------------------------------------
Running job #1
------------------------------------------------------------------------
Running 'Coregister: Estimate'
iteration 1...
0.1409   0        0        0        0        0        | -1.0367
0.1409   -1.445   0        0        0        0        | -1.0369
0.1409   -1.445   -0.09258 0        0        0        | -1.0369
0.1409   -1.445   -0.09258 0.0166   0        0        | -1.0369
0.1409   -1.445   -0.09258 0.0166   0        0        | -1.0369
0.1409   -1.445   -0.09258 0.0166   0        0.03795  | -1.037
iteration 2...
-0.269   -1.445   -0.09258 0.0166   0        0.03795  | -1.037
-0.269   -1.989   -0.09258 0.0166   0        0.03795  | -1.0371
-0.269   -1.989   0.8928   0.0166   0        0.03795  | -1.0371
-0.269   -1.989   0.8928   0.003117 0        0.03795  | -1.0371
-0.269   -1.989   0.8928   0.003117 -0.00376 0.03795  | -1.0371
-0.269   -1.989   0.8928   0.003117 -0.00376 0.04295  | -1.0372
iteration 3...
-0.2575  -1.989   0.8928   0.003117 -0.00376 0.04295  | -1.0372
-0.2575  -1.905   0.8928   0.003117 -0.00376 0.04295  | -1.0372
-0.2575  -1.905   0.8181   0.003117 -0.00376 0.04295  | -1.0372
-0.2575  -1.905   0.8181   0.003117 -0.00376 0.04295  | -1.0372
-0.2575  -1.905   0.8181   0.003117 -0.004639 0.04295  | -1.0372
-0.2575  -1.905   0.8181   0.003117 -0.004639 0.04295  | -1.0372
iteration 4...
-0.2851  -1.905   0.8181   0.003117 -0.004639 0.04295  | -1.0372
-0.2851  -1.879   0.8181   0.003117 -0.004639 0.04295  | -1.0372
-0.2851  -1.879   0.8047   0.003117 -0.004639 0.04295  | -1.0372
-0.2851  -1.879   0.8047   0.003117 -0.004639 0.04295  | -1.0372
-0.2851  -1.879   0.8047   0.003117 -0.002578 0.04295  | -1.0372
-0.2851  -1.879   0.8047   0.003117 -0.002578 0.04295  | -1.0372
-0.3126  -1.852   0.7913   0.003117 -0.0005171 0.04295  | -1.0372
iteration 5...
-0.3126  -1.852   0.7913   0.003117 -0.0005171 0.04295  | -1.0372
-0.3126  -1.868   0.7913   0.003117 -0.0005171 0.04295  | -1.0372
-0.3126  -1.868   0.7939   0.003117 -0.0005171 0.04295  | -1.0372
-0.3126  -1.868   0.7939   0.00294  -0.0005171 0.04295  | -1.0372
-0.3126  -1.868   0.7939   0.00294  -0.0005171 0.04295  | -1.0372
-0.3126  -1.868   0.7939   0.00294  -0.0005171 0.04295  | -1.0372
iteration 1...
-0.01636 -1.868   0.7939   0.00294  -0.0005171 0.04295  | -1.0371
-0.01636 -1.666   0.7939   0.00294  -0.0005171 0.04295  | -1.0371
-0.01636 -1.666   0.5662   0.00294  -0.0005171 0.04295  | -1.0372
-0.01636 -1.666   0.5662   -9.593e-05 -0.0005171 0.04295  | -1.0372
-0.01636 -1.666   0.5662   -9.593e-05 -0.0005171 0.04295  | -1.0372
-0.01636 -1.666   0.5662   -9.593e-05 -0.0005171 0.04509  | -1.0372
iteration 2...
-0.05283 -1.666   0.5662   -9.593e-05 -0.0005171 0.04509  | -1.0372
-0.05283 -1.701   0.5662   -9.593e-05 -0.0005171 0.04509  | -1.0372
-0.05283 -1.701   0.5129   -9.593e-05 -0.0005171 0.04509  | -1.0372
-0.05283 -1.701   0.5129   -0.0001746 -0.0005171 0.04509  | -1.0372
-0.05283 -1.701   0.5129   -0.0001746 -0.0005171 0.04509  | -1.0372
-0.05283 -1.701   0.5129   -0.0001746 -0.0005171 0.04509  | -1.0372
iteration 3...
-0.05283 -1.701   0.5129   -0.0001746 -0.0005171 0.04509  | -1.0372
-0.05283 -1.701   0.5129   -0.0001746 -0.0005171 0.04509  | -1.0372
-0.05283 -1.701   0.5129   -0.0001746 -0.0005171 0.04509  | -1.0372
-0.05283 -1.701   0.5129   -0.0001746 -0.0005171 0.04509  | -1.0372
-0.05283 -1.701   0.5129   -0.0001746 -0.0005171 0.04509  | -1.0372
-0.05283 -1.701   0.5129   -0.0001746 -0.0005171 0.04509  | -1.0372
Done    'Coregister: Estimate'
Done

CoReg Done in 23.818049 seconds

All done with coregistration.
>> >> 
No sandbox specified



Start   : Sat Dec  8 02:28:19 EST 2018
Finish  : Sat Dec  8 02:29:14 EST 2018


