
                            < M A T L A B (R) >
                  Copyright 1984-2015 The MathWorks, Inc.
                   R2015b (8.6.0.267246) 64-bit (glnxa64)
                              August 20, 2015

 
To get started, type one of these: helpwin, helpdesk, or demo.
For product information, visit www.mathworks.com.
 
    ----------------------------------------------------
	Your MATLAB license will expire in 53 days.
	Please contact your system administrator or
	MathWorks to renew this license.
    ----------------------------------------------------

	Academic License

>> >> >> >> Coregistation Script Created on 181207_20_16_47_833
>> >> >> >> >> >> [Warning: Name is nonexistent or not a directory:
/Users/rcwelsh/matlabScripts/WELLES/mfiles] 
[> In path (line 109)
  In addpath (line 86)] 
>> >> >> >> >> 
UMBatchJobName =

coregOverlay_181207_20_16_47_833_tehsheng_madcbrai

>> 
UMBatchProcessName =

coregOverlay

>> >> Initializing the job manager in SPM8

UMReSlice =

     0



Calling UMBatchCoReg with:
/nfs/fmri/Analysis/Sean_Working/Git_MADC/preprocess/../../Subjects_ASL/madc1307_5883/func//run_01/vasc_3dasl.nii
/nfs/fmri/Analysis/Sean_Working/Subjects_ASL/madc1307_5883/func/coReg/t1spgr.nii
UMReSlice:0
Entering UMBatchCoReg V2.0 for SPM8
Coreging /nfs/fmri/Analysis/Sean_Working/Subjects_ASL/madc1307_5883/func/coReg/t1spgr.nii to
         /nfs/fmri/Analysis/Sean_Working/Git_MADC/preprocess/../../Subjects_ASL/madc1307_5883/func//run_01/vasc_3dasl.nii


------------------------------------------------------------------------
Running job #1
------------------------------------------------------------------------
Running 'Coregister: Estimate'
iteration 1...
0.2472   0        0        0        0        0        | -1.0418
0.2472   -1.224   0        0        0        0        | -1.042
0.2472   -1.224   0.163    0        0        0        | -1.042
0.2472   -1.224   0.163    -0.01947 0        0        | -1.0421
0.2472   -1.224   0.163    -0.01947 -0.03306 0        | -1.0422
0.2472   -1.224   0.163    -0.01947 -0.03306 0.04617  | -1.0422
iteration 2...
1.178    -1.224   0.163    -0.01947 -0.03306 0.04617  | -1.0424
1.178    -1.07    0.163    -0.01947 -0.03306 0.04617  | -1.0424
1.178    -1.07    1.311    -0.01947 -0.03306 0.04617  | -1.0424
1.178    -1.07    1.311    -0.02113 -0.03306 0.04617  | -1.0424
1.178    -1.07    1.311    -0.02113 -0.03306 0.04617  | -1.0424
1.178    -1.07    1.311    -0.02113 -0.03306 0.04617  | -1.0424
iteration 3...
1.179    -1.07    1.311    -0.02113 -0.03306 0.04617  | -1.0424
1.179    -0.9101  1.311    -0.02113 -0.03306 0.04617  | -1.0425
1.179    -0.9101  1.334    -0.02113 -0.03306 0.04617  | -1.0425
1.179    -0.9101  1.334    -0.02113 -0.03306 0.04617  | -1.0425
1.179    -0.9101  1.334    -0.02113 -0.03306 0.04617  | -1.0425
1.179    -0.9101  1.334    -0.02113 -0.03306 0.04617  | -1.0425
iteration 4...
1.179    -0.9101  1.334    -0.02113 -0.03306 0.04617  | -1.0425
1.179    -0.907   1.334    -0.02113 -0.03306 0.04617  | -1.0425
1.179    -0.907   1.334    -0.02113 -0.03306 0.04617  | -1.0425
1.179    -0.907   1.334    -0.02113 -0.03306 0.04617  | -1.0425
1.179    -0.907   1.334    -0.02113 -0.03306 0.04617  | -1.0425
1.179    -0.907   1.334    -0.02113 -0.03306 0.04617  | -1.0425
iteration 1...
2.008    -0.907   1.334    -0.02113 -0.03306 0.04617  | -1.0424
2.008    -0.5273  1.334    -0.02113 -0.03306 0.04617  | -1.0424
2.008    -0.5273  1.212    -0.02113 -0.03306 0.04617  | -1.0424
2.008    -0.5273  1.212    -0.02756 -0.03306 0.04617  | -1.0424
2.008    -0.5273  1.212    -0.02756 -0.03306 0.04617  | -1.0424
2.008    -0.5273  1.212    -0.02756 -0.03306 0.04071  | -1.0424
iteration 2...
2.073    -0.5273  1.212    -0.02756 -0.03306 0.04071  | -1.0424
2.073    -0.1277  1.212    -0.02756 -0.03306 0.04071  | -1.0424
2.073    -0.1277  1.098    -0.02756 -0.03306 0.04071  | -1.0424
2.073    -0.1277  1.098    -0.03188 -0.03306 0.04071  | -1.0425
2.073    -0.1277  1.098    -0.03188 -0.03394 0.04071  | -1.0425
2.073    -0.1277  1.098    -0.03188 -0.03394 0.04071  | -1.0425
2.358    1.617    0.5998   -0.05071 -0.03777 0.04071  | -1.0425
iteration 3...
2.294    1.617    0.5998   -0.05071 -0.03777 0.04071  | -1.0425
2.294    2.054    0.5998   -0.05071 -0.03777 0.04071  | -1.0425
2.294    2.054    0.8961   -0.05071 -0.03777 0.04071  | -1.0425
2.414    2.793    0.6853   -0.05869 -0.03939 0.04071  | -1.0425
2.414    2.793    0.6853   -0.05869 -0.03939 0.04071  | -1.0425
2.414    2.793    0.6853   -0.05869 -0.03939 0.04064  | -1.0425
iteration 4...
2.414    2.793    0.6853   -0.05869 -0.03939 0.04064  | -1.0425
2.414    2.743    0.6853   -0.05869 -0.03939 0.04064  | -1.0425
2.414    2.743    1.299    -0.05869 -0.03939 0.04064  | -1.0425
2.524    3.418    1.106    -0.06597 -0.04087 0.04064  | -1.0425
2.524    3.418    1.106    -0.06597 -0.04087 0.04064  | -1.0425
2.524    3.418    1.106    -0.06597 -0.04087 0.03985  | -1.0425
iteration 5...
2.524    3.418    1.106    -0.06597 -0.04087 0.03985  | -1.0425
2.524    3.303    1.106    -0.06597 -0.04087 0.03985  | -1.0425
2.524    3.303    1.408    -0.06597 -0.04087 0.03985  | -1.0425
2.524    3.303    1.408    -0.06597 -0.04087 0.03985  | -1.0425
2.524    3.303    1.408    -0.06597 -0.04087 0.03985  | -1.0425
2.524    3.303    1.408    -0.06597 -0.04087 0.03985  | -1.0425
iteration 6...
2.524    3.303    1.408    -0.06597 -0.04087 0.03985  | -1.0425
2.524    3.221    1.408    -0.06597 -0.04087 0.03985  | -1.0425
2.524    3.221    1.417    -0.06597 -0.04087 0.03985  | -1.0425
2.528    3.243    1.411    -0.0662  -0.04092 0.03985  | -1.0425
2.528    3.243    1.411    -0.0662  -0.04092 0.03985  | -1.0425
2.528    3.243    1.411    -0.0662  -0.04092 0.03985  | -1.0425
iteration 7...
2.528    3.243    1.411    -0.0662  -0.04092 0.03985  | -1.0425
2.528    3.243    1.411    -0.0662  -0.04092 0.03985  | -1.0425
2.528    3.243    1.411    -0.0662  -0.04092 0.03985  | -1.0425
2.528    3.243    1.411    -0.06621 -0.04092 0.03985  | -1.0425
2.528    3.243    1.411    -0.06621 -0.04092 0.03985  | -1.0425
2.528    3.243    1.411    -0.06621 -0.04092 0.03985  | -1.0425
Done    'Coregister: Estimate'
Done

CoReg Done in 45.884527 seconds

All done with coregistration.
>> >> 
No sandbox specified



Start   : Fri Dec  7 20:16:50 EST 2018
Finish  : Fri Dec  7 20:18:13 EST 2018


