
                            < M A T L A B (R) >
                  Copyright 1984-2015 The MathWorks, Inc.
                   R2015b (8.6.0.267246) 64-bit (glnxa64)
                              August 20, 2015

 
To get started, type one of these: helpwin, helpdesk, or demo.
For product information, visit www.mathworks.com.
 
    ----------------------------------------------------
	Your MATLAB license will expire in 53 days.
	Please contact your system administrator or
	MathWorks to renew this license.
    ----------------------------------------------------

	Academic License

>> >> >> >> Coregistation Script Created on 181207_22_26_16_825
>> >> >> >> >> >> [Warning: Name is nonexistent or not a directory:
/Users/rcwelsh/matlabScripts/WELLES/mfiles] 
[> In path (line 109)
  In addpath (line 86)] 
>> >> >> >> >> 
UMBatchJobName =

coregOverlay_181207_22_26_16_825_tehsheng_madcbrai

>> 
UMBatchProcessName =

coregOverlay

>> >> Initializing the job manager in SPM8

UMReSlice =

     0



Calling UMBatchCoReg with:
/nfs/fmri/Analysis/Sean_Working/Git_MADC/preprocess/../../Subjects_ASL/madc1384_5358/func//run_01/vasc_3dasl.nii
/nfs/fmri/Analysis/Sean_Working/Subjects_ASL/madc1384_5358/func/coReg/t1spgr.nii
UMReSlice:0
Entering UMBatchCoReg V2.0 for SPM8
Coreging /nfs/fmri/Analysis/Sean_Working/Subjects_ASL/madc1384_5358/func/coReg/t1spgr.nii to
         /nfs/fmri/Analysis/Sean_Working/Git_MADC/preprocess/../../Subjects_ASL/madc1384_5358/func//run_01/vasc_3dasl.nii


------------------------------------------------------------------------
Running job #1
------------------------------------------------------------------------
Running 'Coregister: Estimate'
iteration 1...
0.6821   0        0        0        0        0        | -1.0511
0.6821   -1.007   0        0        0        0        | -1.0512
0.6821   -1.007   0.9884   0        0        0        | -1.0512
0.6821   -1.007   0.9884   -0.03237 0        0        | -1.0513
0.6821   -1.007   0.9884   -0.03237 0        0        | -1.0513
0.6821   -1.007   0.9884   -0.03237 0        0.04079  | -1.0515
iteration 2...
0.678    -1.007   0.9884   -0.03237 0        0.04079  | -1.0515
0.678    -1.308   0.9884   -0.03237 0        0.04079  | -1.0515
0.678    -1.308   -1.017   -0.03237 0        0.04079  | -1.0516
0.678    -1.308   -1.017   -0.02912 0        0.04079  | -1.0516
0.678    -1.308   -1.017   -0.02912 1.454e-05 0.04079  | -1.0516
0.678    -1.308   -1.017   -0.02912 1.454e-05 0.04374  | -1.0516
iteration 3...
0.6093   -1.308   -1.017   -0.02912 1.454e-05 0.04374  | -1.0516
0.6093   -1.316   -1.017   -0.02912 1.454e-05 0.04374  | -1.0516
0.6093   -1.316   -1.366   -0.02912 1.454e-05 0.04374  | -1.0516
0.6093   -1.316   -1.366   -0.02515 1.454e-05 0.04374  | -1.0516
0.6093   -1.316   -1.366   -0.02515 1.454e-05 0.04374  | -1.0516
0.6093   -1.316   -1.366   -0.02515 1.454e-05 0.04374  | -1.0516
iteration 4...
0.5995   -1.316   -1.366   -0.02515 1.454e-05 0.04374  | -1.0516
0.5995   -1.339   -1.366   -0.02515 1.454e-05 0.04374  | -1.0516
0.5995   -1.339   -1.494   -0.02515 1.454e-05 0.04374  | -1.0516
0.5995   -1.339   -1.494   -0.02515 1.454e-05 0.04374  | -1.0516
0.5995   -1.339   -1.494   -0.02515 1.454e-05 0.04374  | -1.0516
0.5995   -1.339   -1.494   -0.02515 1.454e-05 0.04374  | -1.0516
iteration 5...
0.5995   -1.339   -1.494   -0.02515 1.454e-05 0.04374  | -1.0516
0.5995   -1.235   -1.494   -0.02515 1.454e-05 0.04374  | -1.0516
0.5995   -1.235   -1.503   -0.02515 1.454e-05 0.04374  | -1.0516
0.5995   -1.235   -1.503   -0.02515 1.454e-05 0.04374  | -1.0516
0.5995   -1.235   -1.503   -0.02515 -0.0004979 0.04374  | -1.0516
0.5995   -1.235   -1.503   -0.02515 -0.0004979 0.04374  | -1.0516
iteration 6...
0.5995   -1.235   -1.503   -0.02515 -0.0004979 0.04374  | -1.0516
0.5995   -1.235   -1.503   -0.02515 -0.0004979 0.04374  | -1.0516
0.5995   -1.235   -1.507   -0.02515 -0.0004979 0.04374  | -1.0516
0.5995   -1.235   -1.507   -0.02515 -0.0004979 0.04374  | -1.0516
0.5995   -1.235   -1.507   -0.02515 -0.0004979 0.04374  | -1.0516
0.5995   -1.235   -1.507   -0.02515 -0.0004979 0.04374  | -1.0516
iteration 1...
0.7254   -1.235   -1.507   -0.02515 -0.0004979 0.04374  | -1.0516
0.7254   -0.6464  -1.507   -0.02515 -0.0004979 0.04374  | -1.0517
0.7254   -0.6464  -0.4597  -0.02515 -0.0004979 0.04374  | -1.0517
0.7254   -0.6464  -0.4597  -0.04666 -0.0004979 0.04374  | -1.0518
0.7254   -0.6464  -0.4597  -0.04666 -0.007838 0.04374  | -1.0518
0.7254   -0.6464  -0.4597  -0.04666 -0.007838 0.0491   | -1.0518
iteration 2...
0.743    -0.6464  -0.4597  -0.04666 -0.007838 0.0491   | -1.0518
0.743    -0.2956  -0.4597  -0.04666 -0.007838 0.0491   | -1.0518
0.743    -0.2956  -0.1024  -0.04666 -0.007838 0.0491   | -1.0518
0.743    -0.2956  -0.1024  -0.05025 -0.007838 0.0491   | -1.0518
0.743    -0.2956  -0.1024  -0.05025 -0.007838 0.0491   | -1.0518
0.743    -0.2956  -0.1024  -0.05025 -0.007838 0.05291  | -1.0518
iteration 3...
0.7799   -0.2956  -0.1024  -0.05025 -0.007838 0.05291  | -1.0518
0.7799   -0.3057  -0.1024  -0.05025 -0.007838 0.05291  | -1.0518
0.7799   -0.3057  -0.1866  -0.05025 -0.007838 0.05291  | -1.0518
0.7799   -0.3057  -0.1866  -0.05092 -0.007838 0.05291  | -1.0518
0.7799   -0.3057  -0.1866  -0.05092 -0.009764 0.05291  | -1.0518
0.7799   -0.3057  -0.1866  -0.05092 -0.009764 0.05283  | -1.0518
0.7986   -0.3108  -0.2292  -0.05126 -0.01074 0.05278  | -1.0518
iteration 4...
0.7896   -0.3108  -0.2292  -0.05126 -0.01074 0.05278  | -1.0518
0.7896   -0.2224  -0.2292  -0.05126 -0.01074 0.05278  | -1.0518
0.7896   -0.2224  -0.2051  -0.05126 -0.01074 0.05278  | -1.0518
0.7896   -0.2224  -0.2051  -0.05264 -0.01074 0.05278  | -1.0518
0.7896   -0.2224  -0.2051  -0.05264 -0.01074 0.05278  | -1.0518
0.7896   -0.2224  -0.2051  -0.05264 -0.01074 0.05278  | -1.0518
iteration 5...
0.7896   -0.2224  -0.2051  -0.05264 -0.01074 0.05278  | -1.0518
0.7896   -0.2057  -0.2051  -0.05264 -0.01074 0.05278  | -1.0518
0.7896   -0.2057  -0.1873  -0.05264 -0.01074 0.05278  | -1.0518
0.7896   -0.2057  -0.1873  -0.05264 -0.01074 0.05278  | -1.0518
0.7896   -0.2057  -0.1873  -0.05264 -0.01074 0.05278  | -1.0518
0.7896   -0.2057  -0.1873  -0.05264 -0.01074 0.05278  | -1.0518
iteration 6...
0.7896   -0.2057  -0.1873  -0.05264 -0.01074 0.05278  | -1.0518
0.7896   -0.2057  -0.1873  -0.05264 -0.01074 0.05278  | -1.0518
0.7896   -0.2057  -0.1873  -0.05264 -0.01074 0.05278  | -1.0518
0.7896   -0.2057  -0.1873  -0.05264 -0.01074 0.05278  | -1.0518
0.7896   -0.2057  -0.1873  -0.05264 -0.01074 0.05278  | -1.0518
0.7896   -0.2057  -0.1873  -0.05264 -0.01074 0.05278  | -1.0518
Done    'Coregister: Estimate'
Done

CoReg Done in 39.810506 seconds

All done with coregistration.
>> >> 
No sandbox specified



Start   : Fri Dec  7 22:26:20 EST 2018
Finish  : Fri Dec  7 22:27:46 EST 2018


