
                            < M A T L A B (R) >
                  Copyright 1984-2015 The MathWorks, Inc.
                   R2015b (8.6.0.267246) 64-bit (glnxa64)
                              August 20, 2015

 
To get started, type one of these: helpwin, helpdesk, or demo.
For product information, visit www.mathworks.com.
 
    ----------------------------------------------------
	Your MATLAB license will expire in 52 days.
	Please contact your system administrator or
	MathWorks to renew this license.
    ----------------------------------------------------

	Academic License

>> >> >> >> Coregistation Script Created on 181208_02_47_00_270
>> >> >> >> >> >> [Warning: Name is nonexistent or not a directory:
/Users/rcwelsh/matlabScripts/WELLES/mfiles] 
[> In path (line 109)
  In addpath (line 86)] 
>> >> >> >> >> 
UMBatchJobName =

coregOverlay_181208_02_47_00_270_tehsheng_madcbrai

>> 
UMBatchProcessName =

coregOverlay

>> >> Initializing the job manager in SPM8

UMReSlice =

     0



Calling UMBatchCoReg with:
/nfs/fmri/Analysis/Sean_Working/Git_MADC/preprocess/../../Subjects_ASL/madc1564_5806/func//run_01/vasc_3dasl.nii
/nfs/fmri/Analysis/Sean_Working/Subjects_ASL/madc1564_5806/func/coReg/t1spgr.nii
UMReSlice:0
Entering UMBatchCoReg V2.0 for SPM8
Coreging /nfs/fmri/Analysis/Sean_Working/Subjects_ASL/madc1564_5806/func/coReg/t1spgr.nii to
         /nfs/fmri/Analysis/Sean_Working/Git_MADC/preprocess/../../Subjects_ASL/madc1564_5806/func//run_01/vasc_3dasl.nii


------------------------------------------------------------------------
Running job #1
------------------------------------------------------------------------
Running 'Coregister: Estimate'
iteration 1...
-0.2815  0        0        0        0        0        | -1.0367
-0.2815  -1.694   0        0        0        0        | -1.0368
-0.2815  -1.694   -1.992   0        0        0        | -1.0369
-0.2815  -1.694   -1.992   -0.01101 0        0        | -1.037
-0.2815  -1.694   -1.992   -0.01101 0        0        | -1.037
-0.2815  -1.694   -1.992   -0.01101 0        0.01906  | -1.037
iteration 2...
0.1185   -1.694   -1.992   -0.01101 0        0.01906  | -1.037
0.1185   -1.797   -1.992   -0.01101 0        0.01906  | -1.037
0.1185   -1.797   -1.44    -0.01101 0        0.01906  | -1.037
0.1185   -1.797   -1.44    -0.01361 0        0.01906  | -1.037
0.1185   -1.797   -1.44    -0.01361 0        0.01906  | -1.037
0.1185   -1.797   -1.44    -0.01361 0        0.01434  | -1.037
iteration 3...
0.1185   -1.797   -1.44    -0.01361 0        0.01434  | -1.037
0.1185   -1.575   -1.44    -0.01361 0        0.01434  | -1.037
0.1185   -1.575   -1.355   -0.01361 0        0.01434  | -1.037
0.1185   -1.575   -1.355   -0.01639 0        0.01434  | -1.0371
0.1185   -1.575   -1.355   -0.01639 0        0.01434  | -1.0371
0.1185   -1.575   -1.355   -0.01639 0        0.01434  | -1.0371
iteration 4...
0.1185   -1.575   -1.355   -0.01639 0        0.01434  | -1.0371
0.1185   -1.479   -1.355   -0.01639 0        0.01434  | -1.0371
0.1185   -1.479   -1.343   -0.01639 0        0.01434  | -1.0371
0.1185   -1.479   -1.343   -0.01743 0        0.01434  | -1.0371
0.1185   -1.479   -1.343   -0.01743 0.0005193 0.01434  | -1.0371
0.1185   -1.479   -1.343   -0.01743 0.0005193 0.01434  | -1.0371
iteration 5...
0.1185   -1.479   -1.343   -0.01743 0.0005193 0.01434  | -1.0371
0.1185   -1.432   -1.343   -0.01743 0.0005193 0.01434  | -1.0371
0.1185   -1.432   -1.363   -0.01743 0.0005193 0.01434  | -1.0371
0.1185   -1.432   -1.363   -0.01743 0.0005193 0.01434  | -1.0371
0.1185   -1.432   -1.363   -0.01743 0.0005193 0.01434  | -1.0371
0.1185   -1.432   -1.363   -0.01743 0.0005193 0.01434  | -1.0371
iteration 6...
0.1201   -1.432   -1.363   -0.01743 0.0005193 0.01434  | -1.0371
0.1201   -1.432   -1.363   -0.01743 0.0005193 0.01434  | -1.0371
0.1201   -1.432   -1.372   -0.01743 0.0005193 0.01434  | -1.0371
0.1201   -1.432   -1.372   -0.01743 0.0005193 0.01434  | -1.0371
0.1201   -1.432   -1.372   -0.01743 0.0005193 0.01434  | -1.0371
0.1201   -1.432   -1.372   -0.01743 0.0005193 0.01434  | -1.0371
iteration 1...
0.2573   -1.432   -1.372   -0.01743 0.0005193 0.01434  | -1.0369
0.2573   -1.544   -1.372   -0.01743 0.0005193 0.01434  | -1.0369
0.2573   -1.544   -1.395   -0.01743 0.0005193 0.01434  | -1.0369
0.2573   -1.544   -1.395   -0.05907 0.0005193 0.01434  | -1.0369
0.2573   -1.544   -1.395   -0.05907 0.002091 0.01434  | -1.0369
0.2573   -1.544   -1.395   -0.05907 0.002091 0.0563   | -1.037
iteration 2...
0.2573   -1.544   -1.395   -0.05907 0.002091 0.0563   | -1.037
0.2573   -0.8484  -1.395   -0.05907 0.002091 0.0563   | -1.037
0.2573   -0.8484  -0.9908  -0.05907 0.002091 0.0563   | -1.037
0.2573   -0.8484  -0.9908  -0.08795 0.002091 0.0563   | -1.037
0.2573   -0.8484  -0.9908  -0.08795 0.002091 0.0563   | -1.037
0.2573   -0.8484  -0.9908  -0.08795 0.002091 0.0563   | -1.037
iteration 3...
0.2573   -0.8484  -0.9908  -0.08795 0.002091 0.0563   | -1.037
0.2573   -0.6863  -0.9908  -0.08795 0.002091 0.0563   | -1.037
0.2573   -0.6863  -0.9477  -0.08795 0.002091 0.0563   | -1.037
0.2573   -0.6863  -0.9477  -0.08854 0.002091 0.0563   | -1.037
0.2573   -0.6863  -0.9477  -0.08854 0.002095 0.0563   | -1.037
0.2573   -0.6863  -0.9477  -0.08854 0.002095 0.05627  | -1.037
iteration 4...
0.2573   -0.6863  -0.9477  -0.08854 0.002095 0.05627  | -1.037
0.2573   -0.6285  -0.9477  -0.08854 0.002095 0.05627  | -1.037
0.2573   -0.6285  -0.9609  -0.08854 0.002095 0.05627  | -1.037
0.2573   -0.6285  -0.9609  -0.08854 0.002095 0.05627  | -1.037
0.2573   -0.6285  -0.9609  -0.08854 0.002095 0.05627  | -1.037
0.2573   -0.6285  -0.9609  -0.08854 0.002095 0.05627  | -1.037
iteration 5...
0.2573   -0.6285  -0.9609  -0.08854 0.002095 0.05627  | -1.037
0.2573   -0.6336  -0.9609  -0.08854 0.002095 0.05627  | -1.037
0.2573   -0.6336  -0.9609  -0.08854 0.002095 0.05627  | -1.037
0.2573   -0.6336  -0.9609  -0.08854 0.002095 0.05627  | -1.037
0.2573   -0.6336  -0.9609  -0.08854 0.002095 0.05627  | -1.037
0.2573   -0.6336  -0.9609  -0.08854 0.002095 0.05627  | -1.037
Done    'Coregister: Estimate'
Done

CoReg Done in 32.323407 seconds

All done with coregistration.
>> >> 
No sandbox specified



Start   : Sat Dec  8 02:47:02 EST 2018
Finish  : Sat Dec  8 02:48:07 EST 2018


