
                            < M A T L A B (R) >
                  Copyright 1984-2015 The MathWorks, Inc.
                   R2015b (8.6.0.267246) 64-bit (glnxa64)
                              August 20, 2015

 
To get started, type one of these: helpwin, helpdesk, or demo.
For product information, visit www.mathworks.com.
 
    ----------------------------------------------------
	Your MATLAB license will expire in 53 days.
	Please contact your system administrator or
	MathWorks to renew this license.
    ----------------------------------------------------

	Academic License

>> >> >> >> Coregistation Script Created on 181207_21_03_38_201
>> >> >> >> >> >> [Warning: Name is nonexistent or not a directory:
/Users/rcwelsh/matlabScripts/WELLES/mfiles] 
[> In path (line 109)
  In addpath (line 86)] 
>> >> >> >> >> 
UMBatchJobName =

coregOverlay_181207_21_03_38_201_tehsheng_madcbrai

>> 
UMBatchProcessName =

coregOverlay

>> >> Initializing the job manager in SPM8

UMReSlice =

     0



Calling UMBatchCoReg with:
/nfs/fmri/Analysis/Sean_Working/Git_MADC/preprocess/../../Subjects_ASL/madc1348_5194/func//run_01/vasc_3dasl.nii
/nfs/fmri/Analysis/Sean_Working/Subjects_ASL/madc1348_5194/func/coReg/t1spgr.nii
UMReSlice:0
Entering UMBatchCoReg V2.0 for SPM8
Coreging /nfs/fmri/Analysis/Sean_Working/Subjects_ASL/madc1348_5194/func/coReg/t1spgr.nii to
         /nfs/fmri/Analysis/Sean_Working/Git_MADC/preprocess/../../Subjects_ASL/madc1348_5194/func//run_01/vasc_3dasl.nii


------------------------------------------------------------------------
Running job #1
------------------------------------------------------------------------
Running 'Coregister: Estimate'
iteration 1...
-0.3225  0        0        0        0        0        | -1.043
-0.3225  -2.973   0        0        0        0        | -1.0435
-0.3225  -2.973   0.02707  0        0        0        | -1.0435
-0.3225  -2.973   0.02707  -0.001882 0        0        | -1.0435
-0.3225  -2.973   0.02707  -0.001882 0        0        | -1.0435
-0.3225  -2.973   0.02707  -0.001882 0        0.02561  | -1.0436
iteration 2...
-0.3222  -2.973   0.02707  -0.001882 0        0.02561  | -1.0436
-0.3222  -2.367   0.02707  -0.001882 0        0.02561  | -1.0437
-0.3222  -2.367   0.05981  -0.001882 0        0.02561  | -1.0437
-0.3222  -2.367   0.05981  -0.002004 0        0.02561  | -1.0437
-0.3222  -2.367   0.05981  -0.002004 -0.001239 0.02561  | -1.0437
-0.3222  -2.367   0.05981  -0.002004 -0.001239 0.02561  | -1.0437
iteration 3...
-0.3117  -2.367   0.05981  -0.002004 -0.001239 0.02561  | -1.0437
-0.3117  -2.357   0.05981  -0.002004 -0.001239 0.02561  | -1.0437
-0.3117  -2.357   0.02595  -0.002004 -0.001239 0.02561  | -1.0437
-0.3117  -2.357   0.02595  -0.001801 -0.001239 0.02561  | -1.0437
-0.3117  -2.357   0.02595  -0.001801 -0.001239 0.02561  | -1.0437
-0.3117  -2.357   0.02595  -0.001801 -0.001239 0.02561  | -1.0437
iteration 4...
-0.3167  -2.357   0.02595  -0.001801 -0.001239 0.02561  | -1.0437
-0.3167  -2.357   0.02595  -0.001801 -0.001239 0.02561  | -1.0437
-0.3167  -2.357   0.02595  -0.001801 -0.001239 0.02561  | -1.0437
-0.3167  -2.357   0.02595  -0.001801 -0.001239 0.02561  | -1.0437
-0.3167  -2.357   0.02595  -0.001801 -0.001239 0.02561  | -1.0437
-0.3167  -2.357   0.02595  -0.001801 -0.001239 0.02561  | -1.0437
iteration 1...
-0.4634  -2.357   0.02595  -0.001801 -0.001239 0.02561  | -1.0436
-0.4634  -2.028   0.02595  -0.001801 -0.001239 0.02561  | -1.0436
-0.4634  -2.028   0.6437   -0.001801 -0.001239 0.02561  | -1.0436
-0.4634  -2.028   0.6437   -0.01343 -0.001239 0.02561  | -1.0437
-0.4634  -2.028   0.6437   -0.01343 -0.008591 0.02561  | -1.0437
-0.4634  -2.028   0.6437   -0.01343 -0.008591 0.03481  | -1.0437
iteration 2...
-0.5426  -2.028   0.6437   -0.01343 -0.008591 0.03481  | -1.0437
-0.5426  -1.451   0.6437   -0.01343 -0.008591 0.03481  | -1.0437
-0.5426  -1.451   0.7402   -0.01343 -0.008591 0.03481  | -1.0437
-0.5426  -1.451   0.7402   -0.01889 -0.008591 0.03481  | -1.0437
-0.5426  -1.451   0.7402   -0.01889 -0.008587 0.03481  | -1.0437
-0.5426  -1.451   0.7402   -0.01889 -0.008587 0.03481  | -1.0437
-0.6332  -0.7894  0.8506   -0.02514 -0.008582 0.03481  | -1.0437
iteration 3...
-0.5394  -0.7894  0.8506   -0.02514 -0.008582 0.03481  | -1.0437
-0.5394  -0.7894  0.8506   -0.02514 -0.008582 0.03481  | -1.0437
-0.5394  -0.7894  0.6895   -0.02514 -0.008582 0.03481  | -1.0438
-0.5394  -0.7894  0.6895   -0.03015 -0.008582 0.03481  | -1.0438
-0.5394  -0.7894  0.6895   -0.03015 -0.008582 0.03481  | -1.0438
-0.5394  -0.7894  0.6895   -0.03015 -0.008582 0.03479  | -1.0438
iteration 4...
-0.4007  -0.7894  0.6895   -0.03015 -0.008582 0.03479  | -1.0438
-0.4372  -0.5233  0.734    -0.03266 -0.008581 0.03479  | -1.0438
-0.4372  -0.5233  0.623    -0.03266 -0.008581 0.03479  | -1.0438
-0.4372  -0.5233  0.623    -0.03386 -0.008581 0.03479  | -1.0438
-0.4372  -0.5233  0.623    -0.03386 -0.01144 0.03479  | -1.0438
-0.4372  -0.5233  0.623    -0.03386 -0.01144 0.03425  | -1.0438
iteration 5...
-0.2808  -0.5233  0.623    -0.03386 -0.01144 0.03425  | -1.0438
-0.2789  -0.5372  0.6207   -0.03373 -0.01145 0.03425  | -1.0438
-0.2789  -0.5372  0.6269   -0.03373 -0.01145 0.03425  | -1.0438
-0.2789  -0.5372  0.6269   -0.03373 -0.01145 0.03425  | -1.0438
-0.2789  -0.5372  0.6269   -0.03373 -0.01145 0.03425  | -1.0438
-0.2789  -0.5372  0.6269   -0.03373 -0.01145 0.03425  | -1.0438
iteration 6...
-0.2789  -0.5372  0.6269   -0.03373 -0.01145 0.03425  | -1.0438
-0.2789  -0.5372  0.6269   -0.03373 -0.01145 0.03425  | -1.0438
-0.2789  -0.5372  0.6277   -0.03373 -0.01145 0.03425  | -1.0438
-0.2789  -0.5372  0.6277   -0.03373 -0.01145 0.03425  | -1.0438
-0.2789  -0.5372  0.6277   -0.03373 -0.01145 0.03425  | -1.0438
-0.2789  -0.5372  0.6277   -0.03373 -0.01145 0.03425  | -1.0438
Done    'Coregister: Estimate'
Done

CoReg Done in 38.495982 seconds

All done with coregistration.
>> >> 
No sandbox specified



Start   : Fri Dec  7 21:03:41 EST 2018
Finish  : Fri Dec  7 21:04:58 EST 2018


