
                            < M A T L A B (R) >
                  Copyright 1984-2015 The MathWorks, Inc.
                   R2015b (8.6.0.267246) 64-bit (glnxa64)
                              August 20, 2015

 
To get started, type one of these: helpwin, helpdesk, or demo.
For product information, visit www.mathworks.com.
 
    ----------------------------------------------------
	Your MATLAB license will expire in 53 days.
	Please contact your system administrator or
	MathWorks to renew this license.
    ----------------------------------------------------

	Academic License

>> >> >> >> Coregistation Script Created on 181207_17_19_51_530
>> >> >> >> >> >> [Warning: Name is nonexistent or not a directory:
/Users/rcwelsh/matlabScripts/WELLES/mfiles] 
[> In path (line 109)
  In addpath (line 86)] 
>> >> >> >> >> 
UMBatchJobName =

coregOverlay_181207_17_19_51_530_tehsheng_madcbrai

>> 
UMBatchProcessName =

coregOverlay

>> >> Initializing the job manager in SPM8

UMReSlice =

     0



Calling UMBatchCoReg with:
/nfs/fmri/Analysis/Sean_Working/Git_MADC/preprocess/../../Subjects_ASL/madc1549_5224/func//run_01/vasc_3dasl.nii
/nfs/fmri/Analysis/Sean_Working/Subjects_ASL/madc1549_5224/func/coReg/t1spgr.nii
UMReSlice:0
Entering UMBatchCoReg V2.0 for SPM8
Coreging /nfs/fmri/Analysis/Sean_Working/Subjects_ASL/madc1549_5224/func/coReg/t1spgr.nii to
         /nfs/fmri/Analysis/Sean_Working/Git_MADC/preprocess/../../Subjects_ASL/madc1549_5224/func//run_01/vasc_3dasl.nii


------------------------------------------------------------------------
Running job #1
------------------------------------------------------------------------
Running 'Coregister: Estimate'
iteration 1...
-1.092   0        0        0        0        0        | -1.039
-1.092   -0.9778  0        0        0        0        | -1.0391
-1.092   -0.9778  -0.3418  0        0        0        | -1.0391
-1.092   -0.9778  -0.3418  -0.003905 0        0        | -1.0391
-1.092   -0.9778  -0.3418  -0.003905 0        0        | -1.0391
-1.092   -0.9778  -0.3418  -0.003905 0        0.01562  | -1.0391
iteration 2...
-1.504   -0.9778  -0.3418  -0.003905 0        0.01562  | -1.0392
-1.504   -0.9778  -0.3418  -0.003905 0        0.01562  | -1.0392
-1.504   -0.9778  -0.3418  -0.003905 0        0.01562  | -1.0392
-1.504   -0.9778  -0.3418  0.0005378 0        0.01562  | -1.0392
-1.504   -0.9778  -0.3418  0.0005378 0        0.01562  | -1.0392
-1.504   -0.9778  -0.3418  0.0005378 0        0.01562  | -1.0392
iteration 3...
-1.527   -0.9778  -0.3418  0.0005378 0        0.01562  | -1.0392
-1.527   -0.9778  -0.3418  0.0005378 0        0.01562  | -1.0392
-1.527   -0.9778  -0.3405  0.0005378 0        0.01562  | -1.0392
-1.527   -0.9778  -0.3405  0.0005378 0        0.01562  | -1.0392
-1.527   -0.9778  -0.3405  0.0005378 0        0.01562  | -1.0392
-1.527   -0.9778  -0.3405  0.0005378 0        0.01562  | -1.0392
iteration 4...
-1.527   -0.9778  -0.3405  0.0005378 0        0.01562  | -1.0392
-1.527   -0.9778  -0.3405  0.0005378 0        0.01562  | -1.0392
-1.527   -0.9778  -0.3407  0.0005378 0        0.01562  | -1.0392
-1.527   -0.9778  -0.3407  0.0005378 0        0.01562  | -1.0392
-1.527   -0.9778  -0.3407  0.0005378 0        0.01562  | -1.0392
-1.527   -0.9778  -0.3407  0.0005378 0        0.01562  | -1.0392
iteration 1...
-1.309   -0.9778  -0.3407  0.0005378 0        0.01562  | -1.0393
-1.309   -0.922   -0.3407  0.0005378 0        0.01562  | -1.0393
-1.309   -0.922   -0.7412  0.0005378 0        0.01562  | -1.0394
-1.309   -0.922   -0.7412  -0.0007532 0        0.01562  | -1.0394
-1.309   -0.922   -0.7412  -0.0007532 -0.001136 0.01562  | -1.0394
-1.309   -0.922   -0.7412  -0.0007532 -0.001136 0.01176  | -1.0394
iteration 2...
-1.309   -0.922   -0.7412  -0.0007532 -0.001136 0.01176  | -1.0394
-1.309   -1.079   -0.7412  -0.0007532 -0.001136 0.01176  | -1.0394
-1.309   -1.079   -0.7681  -0.0007532 -0.001136 0.01176  | -1.0394
-1.309   -1.079   -0.7681  -0.0007532 -0.001136 0.01176  | -1.0394
-1.309   -1.079   -0.7681  -0.0007532 -0.001136 0.01176  | -1.0394
-1.309   -1.079   -0.7681  -0.0007532 -0.001136 0.01176  | -1.0394
iteration 3...
-1.321   -1.079   -0.7681  -0.0007532 -0.001136 0.01176  | -1.0394
-1.321   -1.079   -0.7681  -0.0007532 -0.001136 0.01176  | -1.0394
-1.321   -1.079   -0.7681  -0.0007532 -0.001136 0.01176  | -1.0394
-1.321   -1.079   -0.7681  -0.0007532 -0.001136 0.01176  | -1.0394
-1.321   -1.079   -0.7681  -0.0007532 -0.001136 0.01176  | -1.0394
-1.321   -1.079   -0.7681  -0.0007532 -0.001136 0.01176  | -1.0394
Done    'Coregister: Estimate'
Done

CoReg Done in 25.905392 seconds

All done with coregistration.
>> >> 
No sandbox specified



Start   : Fri Dec  7 17:19:55 EST 2018
Finish  : Fri Dec  7 17:20:55 EST 2018


