
                            < M A T L A B (R) >
                  Copyright 1984-2015 The MathWorks, Inc.
                   R2015b (8.6.0.267246) 64-bit (glnxa64)
                              August 20, 2015

 
To get started, type one of these: helpwin, helpdesk, or demo.
For product information, visit www.mathworks.com.
 
    ----------------------------------------------------
	Your MATLAB license will expire in 53 days.
	Please contact your system administrator or
	MathWorks to renew this license.
    ----------------------------------------------------

	Academic License

>> >> >> >> Coregistation Script Created on 181207_17_39_32_390
>> >> >> >> >> >> [Warning: Name is nonexistent or not a directory:
/Users/rcwelsh/matlabScripts/WELLES/mfiles] 
[> In path (line 109)
  In addpath (line 86)] 
>> >> >> >> >> 
UMBatchJobName =

coregOverlay_181207_17_39_32_390_tehsheng_madcbrai

>> 
UMBatchProcessName =

coregOverlay

>> >> Initializing the job manager in SPM8

UMReSlice =

     0



Calling UMBatchCoReg with:
/nfs/fmri/Analysis/Sean_Working/Git_MADC/preprocess/../../Subjects_ASL/madc1462_4510/func//run_01/vasc_3dasl.nii
/nfs/fmri/Analysis/Sean_Working/Subjects_ASL/madc1462_4510/func/coReg/t1spgr.nii
UMReSlice:0
Entering UMBatchCoReg V2.0 for SPM8
Coreging /nfs/fmri/Analysis/Sean_Working/Subjects_ASL/madc1462_4510/func/coReg/t1spgr.nii to
         /nfs/fmri/Analysis/Sean_Working/Git_MADC/preprocess/../../Subjects_ASL/madc1462_4510/func//run_01/vasc_3dasl.nii


------------------------------------------------------------------------
Running job #1
------------------------------------------------------------------------
Running 'Coregister: Estimate'
iteration 1...
0.1842   0        0        0        0        0        | -1.0508
0.1842   -1.226   0        0        0        0        | -1.051
0.1842   -1.226   0.4383   0        0        0        | -1.051
0.1842   -1.226   0.4383   -0.02691 0        0        | -1.0513
0.1842   -1.226   0.4383   -0.02691 0        0        | -1.0513
0.1842   -1.226   0.4383   -0.02691 0        0        | -1.0513
iteration 2...
0.02471  -1.226   0.4383   -0.02691 0        0        | -1.0513
0.02471  -1.06    0.4383   -0.02691 0        0        | -1.0513
0.02471  -1.06    0.2219   -0.02691 0        0        | -1.0513
0.02471  -1.06    0.2219   -0.0288  0        0        | -1.0514
0.02471  -1.06    0.2219   -0.0288  1.366e-05 0        | -1.0514
0.02471  -1.06    0.2219   -0.0288  1.366e-05 0        | -1.0514
iteration 3...
0.02471  -1.06    0.2219   -0.0288  1.366e-05 0        | -1.0514
0.02471  -0.9038  0.2219   -0.0288  1.366e-05 0        | -1.0514
0.02471  -0.9038  0.2219   -0.0288  1.366e-05 0        | -1.0514
0.02471  -0.9038  0.2219   -0.03052 1.366e-05 0        | -1.0514
0.02471  -0.9038  0.2219   -0.03052 1.366e-05 0        | -1.0514
0.02471  -0.9038  0.2219   -0.03052 1.366e-05 0.00272  | -1.0514
0.02471  -0.2551  0.2219   -0.03763 1.366e-05 0.014    | -1.0514
iteration 4...
-0.4409  -0.2551  0.2219   -0.03763 1.366e-05 0.014    | -1.0514
-0.4409  0.329    0.2219   -0.03763 1.366e-05 0.014    | -1.0515
-0.4409  0.329    0.3955   -0.03763 1.366e-05 0.014    | -1.0515
-0.4409  1.396    0.3955   -0.04934 1.366e-05 0.03255  | -1.0516
-0.4409  1.396    0.3955   -0.04934 0.0008761 0.03255  | -1.0516
-0.4409  1.396    0.3955   -0.04934 0.0008761 0.03122  | -1.0516
iteration 5...
-0.5621  1.396    0.3955   -0.04934 0.0008761 0.03122  | -1.0516
-0.5621  1.829    0.3955   -0.04934 0.0008761 0.03122  | -1.0516
-0.5621  1.829    -0.1587  -0.04934 0.0008761 0.03122  | -1.0516
-0.5621  2.054    -0.1587  -0.05181 0.0008761 0.03514  | -1.0516
-0.5621  2.054    -0.1587  -0.05181 0.004207 0.03514  | -1.0516
-0.5621  2.054    -0.1587  -0.05181 0.004207 0.03382  | -1.0516
-0.6766  2.677    -0.6825  -0.05415 0.007354 0.03627  | -1.0517
iteration 6...
-0.867   2.677    -0.6825  -0.05415 0.007354 0.03627  | -1.0517
-0.867   2.676    -0.6825  -0.05415 0.007354 0.03627  | -1.0517
-0.867   2.676    -0.9366  -0.05415 0.007354 0.03627  | -1.0517
-0.867   2.683    -0.9366  -0.05423 0.007354 0.03639  | -1.0517
-0.8716  2.708    -0.9573  -0.05432 0.007479 0.03648  | -1.0517
-0.8716  2.708    -0.9573  -0.05432 0.007479 0.03382  | -1.0517
iteration 7...
-0.982   2.708    -0.9573  -0.05432 0.007479 0.03382  | -1.0517
-0.982   2.706    -0.9573  -0.05432 0.007479 0.03382  | -1.0517
-0.982   2.706    -0.951   -0.05432 0.007479 0.03382  | -1.0517
-0.982   2.783    -0.951   -0.05516 0.007479 0.03515  | -1.0517
-0.9848  2.798    -0.964   -0.05522 0.007557 0.03521  | -1.0517
-0.9848  2.798    -0.964   -0.05522 0.007557 0.03521  | -1.0517
iteration 8...
-0.9848  2.798    -0.964   -0.05522 0.007557 0.03521  | -1.0517
-0.9848  2.779    -0.964   -0.05522 0.007557 0.03521  | -1.0517
-0.9848  2.779    -0.9803  -0.05522 0.007557 0.03521  | -1.0517
-0.9848  2.779    -0.9803  -0.05522 0.007557 0.03521  | -1.0517
-0.9848  2.779    -0.9803  -0.05522 0.007557 0.03521  | -1.0517
-0.9848  2.779    -0.9803  -0.05522 0.007557 0.03521  | -1.0517
iteration 9...
-1.002   2.779    -0.9803  -0.05522 0.007557 0.03521  | -1.0517
-1.002   2.789    -0.9803  -0.05522 0.007557 0.03521  | -1.0517
-1.002   2.789    -0.9803  -0.05522 0.007557 0.03521  | -1.0517
-1.002   2.789    -0.9803  -0.05522 0.007557 0.03521  | -1.0517
-1.002   2.789    -0.9803  -0.05522 0.007557 0.03521  | -1.0517
-1.002   2.789    -0.9803  -0.05522 0.007557 0.03521  | -1.0517
iteration 1...
-0.7946  2.789    -0.9803  -0.05522 0.007557 0.03521  | -1.0516
-0.7946  2.811    -0.9803  -0.05522 0.007557 0.03521  | -1.0516
-0.7946  2.811    -0.7019  -0.05522 0.007557 0.03521  | -1.0516
-0.7946  2.811    -0.7019  -0.05999 0.007557 0.03521  | -1.0517
-0.7946  2.811    -0.7019  -0.05999 0.007557 0.03521  | -1.0517
-0.7946  2.811    -0.7019  -0.05999 0.007557 0.03521  | -1.0517
iteration 2...
-0.8785  2.811    -0.7019  -0.05999 0.007557 0.03521  | -1.0517
-0.8785  3.186    -0.7019  -0.05999 0.007557 0.03521  | -1.0517
-0.8785  3.186    -0.517   -0.05999 0.007557 0.03521  | -1.0517
-0.8785  3.186    -0.517   -0.06378 0.007557 0.03521  | -1.0517
-0.8785  3.186    -0.517   -0.06378 0.008874 0.03521  | -1.0517
-0.8785  3.186    -0.517   -0.06378 0.008874 0.03446  | -1.0517
-1.066   4.028    -0.1026  -0.07227 0.01182  0.03277  | -1.0517
iteration 3...
-1.103   4.028    -0.1026  -0.07227 0.01182  0.03277  | -1.0517
-1.103   4.028    -0.1026  -0.07227 0.01182  0.03277  | -1.0517
-1.103   4.028    -0.3042  -0.07227 0.01182  0.03277  | -1.0517
-1.153   4.252    -0.1935  -0.07454 0.01261  0.03232  | -1.0517
-1.153   4.252    -0.1935  -0.07454 0.01261  0.03232  | -1.0517
-1.153   4.252    -0.1935  -0.07454 0.01261  0.03232  | -1.0517
-1.419   4.943    -0.4729  -0.08151 0.01503  0.03093  | -1.0517
iteration 4...
-1.412   4.943    -0.4729  -0.08151 0.01503  0.03093  | -1.0517
-1.412   4.893    -0.4729  -0.08151 0.01503  0.03093  | -1.0517
-1.427   4.932    -0.4887  -0.0819  0.01517  0.03085  | -1.0517
-1.427   4.932    -0.4887  -0.0819  0.01517  0.03085  | -1.0517
-1.427   4.932    -0.4887  -0.0819  0.01642  0.03085  | -1.0517
-1.427   4.932    -0.4887  -0.0819  0.01642  0.03706  | -1.0517
iteration 5...
-1.489   4.932    -0.4887  -0.0819  0.01642  0.03706  | -1.0517
-1.489   5.017    -0.4887  -0.0819  0.01642  0.03706  | -1.0517
-1.575   5.24     -0.5789  -0.08415 0.0172   0.03661  | -1.0517
-1.58    5.263    -0.5679  -0.08438 0.01728  0.03656  | -1.0517
-1.58    5.263    -0.5679  -0.08438 0.01728  0.03656  | -1.0517
-1.58    5.263    -0.5679  -0.08438 0.01728  0.03656  | -1.0517
iteration 6...
-1.599   5.263    -0.5679  -0.08438 0.01728  0.03656  | -1.0517
-1.599   5.263    -0.5679  -0.08438 0.01728  0.03656  | -1.0517
-1.599   5.263    -0.5679  -0.08438 0.01728  0.03656  | -1.0517
-1.599   5.263    -0.5679  -0.08438 0.01728  0.03656  | -1.0517
-1.599   5.263    -0.5679  -0.08438 0.01728  0.03656  | -1.0517
-1.599   5.263    -0.5679  -0.08438 0.01728  0.03656  | -1.0517
Done    'Coregister: Estimate'
Done

CoReg Done in 44.332239 seconds

All done with coregistration.
>> >> 
No sandbox specified



Start   : Fri Dec  7 17:39:36 EST 2018
Finish  : Fri Dec  7 17:40:56 EST 2018


