
                            < M A T L A B (R) >
                  Copyright 1984-2015 The MathWorks, Inc.
                   R2015b (8.6.0.267246) 64-bit (glnxa64)
                              August 20, 2015

 
To get started, type one of these: helpwin, helpdesk, or demo.
For product information, visit www.mathworks.com.
 
    ----------------------------------------------------
	Your MATLAB license will expire in 53 days.
	Please contact your system administrator or
	MathWorks to renew this license.
    ----------------------------------------------------

	Academic License

>> >> >> >> Coregistation Script Created on 181207_18_47_52_661
>> >> >> >> >> >> [Warning: Name is nonexistent or not a directory:
/Users/rcwelsh/matlabScripts/WELLES/mfiles] 
[> In path (line 109)
  In addpath (line 86)] 
>> >> >> >> >> 
UMBatchJobName =

coregOverlay_181207_18_47_52_661_tehsheng_madcbrai

>> 
UMBatchProcessName =

coregOverlay

>> >> Initializing the job manager in SPM8

UMReSlice =

     0



Calling UMBatchCoReg with:
/nfs/fmri/Analysis/Sean_Working/Git_MADC/preprocess/../../Subjects_ASL/madc1487_4682/func//run_01/vasc_3dasl.nii
/nfs/fmri/Analysis/Sean_Working/Subjects_ASL/madc1487_4682/func/coReg/t1spgr.nii
UMReSlice:0
Entering UMBatchCoReg V2.0 for SPM8
Coreging /nfs/fmri/Analysis/Sean_Working/Subjects_ASL/madc1487_4682/func/coReg/t1spgr.nii to
         /nfs/fmri/Analysis/Sean_Working/Git_MADC/preprocess/../../Subjects_ASL/madc1487_4682/func//run_01/vasc_3dasl.nii


------------------------------------------------------------------------
Running job #1
------------------------------------------------------------------------
Running 'Coregister: Estimate'
iteration 1...
0.1406   0        0        0        0        0        | -1.0404
0.1406   -4.499   0        0        0        0        | -1.0411
0.1406   -4.499   0.76     0        0        0        | -1.0411
0.1406   -4.499   0.76     -0.08409 0        0        | -1.0417
0.1406   -4.499   0.76     -0.08409 0        0        | -1.0417
0.1406   -4.499   0.76     -0.08409 0        0        | -1.0417
iteration 2...
0.1168   -4.499   0.76     -0.08409 0        0        | -1.0417
0.1168   -4.499   0.76     -0.08409 0        0        | -1.0417
0.1168   -4.499   3.285    -0.08409 0        0        | -1.0419
0.1168   -4.499   3.285    -0.1211  0        0        | -1.0419
0.1168   -4.499   3.285    -0.1211  -0.0002371 0        | -1.0419
0.1168   -4.499   3.285    -0.1211  -0.0002371 -0.005638 | -1.0419
iteration 3...
-0.4573  -4.499   3.285    -0.1211  -0.0002371 -0.005638 | -1.0419
-0.4573  -6.221   3.285    -0.1211  -0.0002371 -0.005638 | -1.042
-0.4573  -6.221   2.715    -0.1211  -0.0002371 -0.005638 | -1.042
-0.4573  -6.221   2.715    -0.1211  -0.0002371 -0.005638 | -1.042
-0.4573  -6.221   2.715    -0.1211  -0.01051 -0.005638 | -1.042
-0.4573  -6.221   2.715    -0.1211  -0.01051 -0.009732 | -1.0421
iteration 4...
-0.4573  -6.221   2.715    -0.1211  -0.01051 -0.009732 | -1.0421
-0.4573  -6.268   2.715    -0.1211  -0.01051 -0.009732 | -1.0421
-0.4573  -6.268   2.797    -0.1211  -0.01051 -0.009732 | -1.0421
-0.4573  -6.268   2.797    -0.1215  -0.01051 -0.009732 | -1.0421
-0.4573  -6.268   2.797    -0.1215  -0.01051 -0.009732 | -1.0421
-0.4573  -6.268   2.797    -0.1215  -0.01051 -0.009711 | -1.0421
iteration 5...
-0.4911  -6.268   2.797    -0.1215  -0.01051 -0.009711 | -1.0421
-0.4911  -6.268   2.797    -0.1215  -0.01051 -0.009711 | -1.0421
-0.4911  -6.268   2.789    -0.1215  -0.01051 -0.009711 | -1.0421
-0.4911  -6.268   2.789    -0.1216  -0.01051 -0.009711 | -1.0421
-0.4911  -6.268   2.789    -0.1216  -0.01069 -0.009711 | -1.0421
-0.4911  -6.268   2.789    -0.1216  -0.01069 -0.009711 | -1.0421
iteration 6...
-0.4911  -6.268   2.789    -0.1216  -0.01069 -0.009711 | -1.0421
-0.4911  -6.268   2.789    -0.1216  -0.01069 -0.009711 | -1.0421
-0.4911  -6.268   2.783    -0.1216  -0.01069 -0.009711 | -1.0421
-0.4911  -6.268   2.783    -0.1216  -0.01069 -0.009711 | -1.0421
-0.4911  -6.268   2.783    -0.1216  -0.01069 -0.009711 | -1.0421
-0.4911  -6.268   2.783    -0.1216  -0.01069 -0.009711 | -1.0421
iteration 1...
0.1965   -6.268   2.783    -0.1216  -0.01069 -0.009711 | -1.0419
0.1965   -5.681   2.783    -0.1216  -0.01069 -0.009711 | -1.0419
0.1965   -5.681   2.21     -0.1216  -0.01069 -0.009711 | -1.0419
0.1965   -5.681   2.21     -0.1264  -0.01069 -0.009711 | -1.0419
0.1965   -5.681   2.21     -0.1264  -0.01679 -0.009711 | -1.0419
0.1965   -5.681   2.21     -0.1264  -0.01679 -0.009711 | -1.0419
iteration 2...
0.1965   -5.681   2.21     -0.1264  -0.01679 -0.009711 | -1.0419
0.1965   -5.719   2.21     -0.1264  -0.01679 -0.009711 | -1.0419
0.1965   -5.719   2.168    -0.1264  -0.01679 -0.009711 | -1.0419
0.1965   -5.719   2.168    -0.1263  -0.01679 -0.009711 | -1.0419
0.1965   -5.719   2.168    -0.1263  -0.01679 -0.009711 | -1.0419
0.1965   -5.719   2.168    -0.1263  -0.01679 -0.01306 | -1.0419
iteration 3...
0.3844   -5.719   2.168    -0.1263  -0.01679 -0.01306 | -1.0419
0.3844   -5.865   2.168    -0.1263  -0.01679 -0.01306 | -1.0419
0.3844   -5.865   2.129    -0.1263  -0.01679 -0.01306 | -1.0419
0.3844   -5.865   2.129    -0.1263  -0.01679 -0.01306 | -1.0419
0.3844   -5.865   2.129    -0.1263  -0.01679 -0.01306 | -1.0419
0.3844   -5.865   2.129    -0.1263  -0.01679 -0.01306 | -1.0419
iteration 4...
0.3844   -5.865   2.129    -0.1263  -0.01679 -0.01306 | -1.0419
0.3844   -5.859   2.129    -0.1263  -0.01679 -0.01306 | -1.0419
0.3844   -5.859   2.128    -0.1263  -0.01679 -0.01306 | -1.0419
0.3844   -5.859   2.128    -0.1263  -0.01679 -0.01306 | -1.0419
0.3844   -5.859   2.128    -0.1263  -0.01679 -0.01306 | -1.0419
0.3844   -5.859   2.128    -0.1263  -0.01679 -0.01306 | -1.0419
Done    'Coregister: Estimate'
Done

CoReg Done in 32.764026 seconds

All done with coregistration.
>> >> 
No sandbox specified



Start   : Fri Dec  7 18:47:54 EST 2018
Finish  : Fri Dec  7 18:49:07 EST 2018


