
                            < M A T L A B (R) >
                  Copyright 1984-2015 The MathWorks, Inc.
                   R2015b (8.6.0.267246) 64-bit (glnxa64)
                              August 20, 2015

 
To get started, type one of these: helpwin, helpdesk, or demo.
For product information, visit www.mathworks.com.
 
    ----------------------------------------------------
	Your MATLAB license will expire in 53 days.
	Please contact your system administrator or
	MathWorks to renew this license.
    ----------------------------------------------------

	Academic License

>> >> >> >> Coregistation Script Created on 181207_18_27_25_840
>> >> >> >> >> >> [Warning: Name is nonexistent or not a directory:
/Users/rcwelsh/matlabScripts/WELLES/mfiles] 
[> In path (line 109)
  In addpath (line 86)] 
>> >> >> >> >> 
UMBatchJobName =

coregOverlay_181207_18_27_25_840_tehsheng_madcbrai

>> 
UMBatchProcessName =

coregOverlay

>> >> Initializing the job manager in SPM8

UMReSlice =

     0



Calling UMBatchCoReg with:
/nfs/fmri/Analysis/Sean_Working/Git_MADC/preprocess/../../Subjects_ASL/madc1246_5153/func//run_01/vasc_3dasl.nii
/nfs/fmri/Analysis/Sean_Working/Subjects_ASL/madc1246_5153/func/coReg/t1spgr.nii
UMReSlice:0
Entering UMBatchCoReg V2.0 for SPM8
Coreging /nfs/fmri/Analysis/Sean_Working/Subjects_ASL/madc1246_5153/func/coReg/t1spgr.nii to
         /nfs/fmri/Analysis/Sean_Working/Git_MADC/preprocess/../../Subjects_ASL/madc1246_5153/func//run_01/vasc_3dasl.nii


------------------------------------------------------------------------
Running job #1
------------------------------------------------------------------------
Running 'Coregister: Estimate'
iteration 1...
0.2382   0        0        0        0        0        | -1.0332
0.2382   -4.547   0        0        0        0        | -1.0336
0.2382   -4.547   -4.681   0        0        0        | -1.034
0.2382   -4.547   -4.681   -0.001157 0        0        | -1.034
0.2382   -4.547   -4.681   -0.001157 0        0        | -1.034
0.2382   -4.547   -4.681   -0.001157 0        0.03745  | -1.0342
iteration 2...
-1.184   -4.547   -4.681   -0.001157 0        0.03745  | -1.0343
-1.184   -4.147   -4.681   -0.001157 0        0.03745  | -1.0343
-1.184   -4.147   -3.84    -0.001157 0        0.03745  | -1.0343
-1.184   -4.147   -3.84    -0.006232 0        0.03745  | -1.0343
-1.184   -4.147   -3.84    -0.006232 0.002542 0.03745  | -1.0343
-1.184   -4.147   -3.84    -0.006232 0.002542 0.04716  | -1.0344
iteration 3...
-0.7836  -4.147   -3.84    -0.006232 0.002542 0.04716  | -1.0344
-0.7836  -4.034   -3.84    -0.006232 0.002542 0.04716  | -1.0344
-0.7836  -4.034   -3.902   -0.006232 0.002542 0.04716  | -1.0344
-0.7836  -4.034   -3.902   -0.01387 0.002542 0.04716  | -1.0344
-0.7836  -4.034   -3.902   -0.01387 0.003667 0.04716  | -1.0344
-0.7836  -4.034   -3.902   -0.01387 0.003667 0.04716  | -1.0344
iteration 4...
-0.7836  -4.034   -3.902   -0.01387 0.003667 0.04716  | -1.0344
-0.7836  -3.429   -3.902   -0.01387 0.003667 0.04716  | -1.0344
-0.7836  -3.429   -3.939   -0.01387 0.003667 0.04716  | -1.0344
-0.7836  -3.429   -3.939   -0.01557 0.003667 0.04716  | -1.0345
-0.7836  -3.429   -3.939   -0.01557 0.004162 0.04716  | -1.0345
-0.7836  -3.429   -3.939   -0.01557 0.004162 0.04503  | -1.0345
iteration 5...
-1.404   -3.429   -3.939   -0.01557 0.004162 0.04503  | -1.0345
-1.404   -3.241   -3.939   -0.01557 0.004162 0.04503  | -1.0345
-1.404   -3.241   -3.936   -0.01557 0.004162 0.04503  | -1.0345
-1.404   -3.241   -3.936   -0.01766 0.004162 0.04503  | -1.0345
-1.404   -3.241   -3.936   -0.01766 0.00453  0.04503  | -1.0345
-1.404   -3.241   -3.936   -0.01766 0.00453  0.04503  | -1.0345
iteration 6...
-1.404   -3.241   -3.936   -0.01766 0.00453  0.04503  | -1.0345
-1.404   -3.105   -3.936   -0.01766 0.00453  0.04503  | -1.0345
-1.404   -3.105   -3.963   -0.01766 0.00453  0.04503  | -1.0345
-1.404   -3.105   -3.963   -0.01766 0.00453  0.04503  | -1.0345
-1.404   -3.105   -3.963   -0.01766 0.00453  0.04503  | -1.0345
-1.404   -3.105   -3.963   -0.01766 0.00453  0.04503  | -1.0345
iteration 7...
-1.404   -3.105   -3.963   -0.01766 0.00453  0.04503  | -1.0345
-1.404   -3.105   -3.963   -0.01766 0.00453  0.04503  | -1.0345
-1.404   -3.105   -3.954   -0.01766 0.00453  0.04503  | -1.0345
-1.404   -3.105   -3.954   -0.01766 0.00453  0.04503  | -1.0345
-1.404   -3.105   -3.954   -0.01766 0.00453  0.04503  | -1.0345
-1.404   -3.105   -3.954   -0.01766 0.00453  0.04503  | -1.0345
iteration 1...
-0.357   -3.105   -3.954   -0.01766 0.00453  0.04503  | -1.0343
-0.357   -2.381   -3.954   -0.01766 0.00453  0.04503  | -1.0344
-0.357   -2.381   -4.483   -0.01766 0.00453  0.04503  | -1.0344
-0.357   -2.381   -4.483   -0.0308  0.00453  0.04503  | -1.0344
-0.357   -2.381   -4.483   -0.0308  0.007448 0.04503  | -1.0344
-0.357   -2.381   -4.483   -0.0308  0.007448 0.05174  | -1.0344
iteration 2...
-1.004   -2.381   -4.483   -0.0308  0.007448 0.05174  | -1.0344
-1.004   -1.903   -4.483   -0.0308  0.007448 0.05174  | -1.0345
-1.004   -1.903   -4.38    -0.0308  0.007448 0.05174  | -1.0345
-1.004   -1.903   -4.38    -0.03566 0.007448 0.05174  | -1.0345
-1.004   -1.903   -4.38    -0.03566 0.007448 0.05174  | -1.0345
-1.004   -1.903   -4.38    -0.03566 0.007448 0.05582  | -1.0345
iteration 3...
-1.004   -1.903   -4.38    -0.03566 0.007448 0.05582  | -1.0345
-1.004   -1.483   -4.38    -0.03566 0.007448 0.05582  | -1.0345
-1.004   -1.483   -4.36    -0.03566 0.007448 0.05582  | -1.0345
-1.004   -1.483   -4.36    -0.03845 0.007448 0.05582  | -1.0345
-1.004   -1.483   -4.36    -0.03845 0.007821 0.05582  | -1.0345
-1.004   -1.483   -4.36    -0.03845 0.007821 0.05582  | -1.0345
-1.004   -1.074   -4.34    -0.04117 0.008183 0.05582  | -1.0345
iteration 4...
-1.004   -1.074   -4.34    -0.04117 0.008183 0.05582  | -1.0345
-1.004   -1.074   -4.34    -0.04117 0.008183 0.05582  | -1.0345
-1.004   -1.074   -4.506   -0.04117 0.008183 0.05582  | -1.0345
-1.004   -1.074   -4.506   -0.04356 0.008183 0.05582  | -1.0345
-1.004   -1.074   -4.506   -0.04356 0.008183 0.05582  | -1.0345
-1.004   -1.074   -4.506   -0.04356 0.008183 0.05814  | -1.0345
iteration 5...
-0.9479  -1.074   -4.506   -0.04356 0.008183 0.05814  | -1.0345
-0.9479  -0.9773  -4.501   -0.0442  0.008269 0.05814  | -1.0345
-0.9479  -0.9773  -4.989   -0.0442  0.008269 0.05814  | -1.0345
-0.9479  -0.9773  -4.989   -0.04762 0.008269 0.05814  | -1.0345
-0.9479  -0.9773  -4.989   -0.04762 0.008269 0.05814  | -1.0345
-0.9479  -0.9773  -4.989   -0.04762 0.008269 0.05814  | -1.0345
iteration 6...
-0.9479  -0.9773  -4.989   -0.04762 0.008269 0.05814  | -1.0345
-0.9479  -0.9597  -4.989   -0.04773 0.008284 0.05814  | -1.0345
-0.9479  -0.9597  -4.995   -0.04773 0.008284 0.05814  | -1.0345
-0.9479  -0.9597  -4.995   -0.04773 0.008284 0.05814  | -1.0345
-0.9479  -0.9597  -4.995   -0.04773 0.008284 0.05814  | -1.0345
-0.9479  -0.9597  -4.995   -0.04773 0.008284 0.05814  | -1.0345
Done    'Coregister: Estimate'
Done

CoReg Done in 44.163723 seconds

All done with coregistration.
>> >> 
No sandbox specified



Start   : Fri Dec  7 18:27:29 EST 2018
Finish  : Fri Dec  7 18:28:53 EST 2018


