
                            < M A T L A B (R) >
                  Copyright 1984-2015 The MathWorks, Inc.
                   R2015b (8.6.0.267246) 64-bit (glnxa64)
                              August 20, 2015

 
To get started, type one of these: helpwin, helpdesk, or demo.
For product information, visit www.mathworks.com.
 
    ----------------------------------------------------
	Your MATLAB license will expire in 53 days.
	Please contact your system administrator or
	MathWorks to renew this license.
    ----------------------------------------------------

	Academic License

>> >> >> >> Coregistation Script Created on 181207_23_31_23_042
>> >> >> >> >> >> [Warning: Name is nonexistent or not a directory:
/Users/rcwelsh/matlabScripts/WELLES/mfiles] 
[> In path (line 109)
  In addpath (line 86)] 
>> >> >> >> >> 
UMBatchJobName =

coregOverlay_181207_23_31_23_042_tehsheng_madcbrai

>> 
UMBatchProcessName =

coregOverlay

>> >> Initializing the job manager in SPM8

UMReSlice =

     0



Calling UMBatchCoReg with:
/nfs/fmri/Analysis/Sean_Working/Git_MADC/preprocess/../../Subjects_ASL/madc1543_5181/func//run_01/vasc_3dasl.nii
/nfs/fmri/Analysis/Sean_Working/Subjects_ASL/madc1543_5181/func/coReg/t1spgr.nii
UMReSlice:0
Entering UMBatchCoReg V2.0 for SPM8
Coreging /nfs/fmri/Analysis/Sean_Working/Subjects_ASL/madc1543_5181/func/coReg/t1spgr.nii to
         /nfs/fmri/Analysis/Sean_Working/Git_MADC/preprocess/../../Subjects_ASL/madc1543_5181/func//run_01/vasc_3dasl.nii


------------------------------------------------------------------------
Running job #1
------------------------------------------------------------------------
Running 'Coregister: Estimate'
iteration 1...
0.4066   0        0        0        0        0        | -1.0371
0.4066   -2.691   0        0        0        0        | -1.0375
0.4066   -2.691   -4.418   0        0        0        | -1.0378
0.4066   -2.691   -4.418   -0.05063 0        0        | -1.038
0.4066   -2.691   -4.418   -0.05063 -5.671e-05 0        | -1.038
0.4066   -2.691   -4.418   -0.05063 -5.671e-05 0.003967 | -1.038
iteration 2...
0.4287   -2.691   -4.418   -0.05063 -5.671e-05 0.003967 | -1.038
0.4287   -2.255   -4.418   -0.05063 -5.671e-05 0.003967 | -1.038
0.4287   -2.255   -5.265   -0.05063 -5.671e-05 0.003967 | -1.038
0.4287   -2.255   -5.265   -0.05625 -5.671e-05 0.003967 | -1.038
0.4287   -2.255   -5.265   -0.05625 -5.671e-05 0.003967 | -1.038
0.4287   -2.255   -5.265   -0.05625 -5.671e-05 0.004294 | -1.038
iteration 3...
0.4287   -2.255   -5.265   -0.05625 -5.671e-05 0.004294 | -1.038
0.4287   -3.053   -5.265   -0.05625 -5.671e-05 0.004294 | -1.0381
0.4287   -3.053   -6.092   -0.05625 -5.671e-05 0.004294 | -1.0381
0.4287   -3.053   -6.092   -0.07058 -5.671e-05 0.004294 | -1.0381
0.4287   -3.053   -6.092   -0.07058 -3.435e-05 0.004294 | -1.0381
0.4287   -3.053   -6.092   -0.07058 -3.435e-05 0.004294 | -1.0381
0.4287   -3.757   -6.82    -0.08322 -1.463e-05 0.004294 | -1.0382
iteration 4...
0.4287   -3.757   -6.82    -0.08322 -1.463e-05 0.004294 | -1.0382
0.4287   -3.666   -6.82    -0.08322 -1.463e-05 0.004294 | -1.0382
0.4287   -3.666   -7.441   -0.08322 -1.463e-05 0.004294 | -1.0382
0.4287   -3.648   -7.423   -0.0829  -1.514e-05 0.004294 | -1.0382
0.4287   -3.648   -7.423   -0.0829  -0.001511 0.004294 | -1.0382
0.4287   -3.648   -7.423   -0.0829  -0.001511 0.004294 | -1.0382
iteration 5...
0.4499   -3.648   -7.423   -0.0829  -0.001511 0.004294 | -1.0382
0.4499   -3.483   -7.423   -0.0829  -0.001511 0.004294 | -1.0382
0.4499   -3.483   -7.598   -0.0829  -0.001511 0.004294 | -1.0382
0.4499   -3.483   -7.598   -0.08289 -0.001511 0.004294 | -1.0382
0.4499   -3.483   -7.598   -0.08289 -0.01135 0.004294 | -1.0382
0.4499   -3.483   -7.598   -0.08289 -0.01135 0.003302 | -1.0382
iteration 6...
-0.1096  -3.483   -7.598   -0.08289 -0.01135 0.003302 | -1.0382
-0.1096  -3.265   -7.598   -0.08289 -0.01135 0.003302 | -1.0382
-0.1096  -3.265   -7.767   -0.08289 -0.01135 0.003302 | -1.0382
-0.1096  -3.231   -7.731   -0.08228 -0.01135 0.003302 | -1.0382
-0.1096  -3.231   -7.731   -0.08228 -0.02107 0.003302 | -1.0382
-0.1096  -3.231   -7.731   -0.08228 -0.02107 0.001969 | -1.0382
iteration 7...
-0.162   -3.231   -7.731   -0.08228 -0.02107 0.001969 | -1.0382
-0.162   -3.241   -7.731   -0.08228 -0.02107 0.001969 | -1.0382
-0.162   -3.241   -7.808   -0.08228 -0.02107 0.001969 | -1.0382
-0.162   -3.119   -7.681   -0.08008 -0.02108 0.001969 | -1.0383
-0.162   -3.119   -7.681   -0.08008 -0.02108 0.001969 | -1.0383
-0.162   -3.119   -7.681   -0.08008 -0.02108 0.003429 | -1.0383
iteration 8...
-0.162   -3.119   -7.681   -0.08008 -0.02108 0.003429 | -1.0383
-0.162   -3.193   -7.681   -0.08008 -0.02108 0.003429 | -1.0383
-0.162   -3.193   -7.74    -0.08008 -0.02108 0.003429 | -1.0383
-0.162   -3.159   -7.704   -0.07946 -0.02108 0.003429 | -1.0383
-0.162   -3.159   -7.704   -0.07946 -0.02108 0.003429 | -1.0383
-0.162   -3.159   -7.704   -0.07946 -0.02108 0.003429 | -1.0383
-0.162   -3.205   -7.73    -0.07876 -0.02108 0.003429 | -1.0383
iteration 9...
-0.162   -3.205   -7.73    -0.07876 -0.02108 0.003429 | -1.0383
-0.162   -3.208   -7.732   -0.07871 -0.02108 0.003429 | -1.0383
-0.162   -3.208   -7.732   -0.07871 -0.02108 0.003429 | -1.0383
-0.162   -3.143   -7.665   -0.07754 -0.02108 0.003429 | -1.0383
-0.162   -3.143   -7.665   -0.07754 -0.02108 0.003429 | -1.0383
-0.162   -3.143   -7.665   -0.07754 -0.02108 0.003429 | -1.0383
iteration 10...
-0.162   -3.143   -7.665   -0.07754 -0.02108 0.003429 | -1.0383
-0.162   -3.151   -7.67    -0.07741 -0.02108 0.003429 | -1.0383
-0.162   -3.151   -7.627   -0.07741 -0.02108 0.003429 | -1.0383
-0.162   -3.151   -7.627   -0.07741 -0.02108 0.003429 | -1.0383
-0.162   -3.151   -7.627   -0.07741 -0.02108 0.003429 | -1.0383
-0.162   -3.151   -7.627   -0.07741 -0.02108 0.003429 | -1.0383
iteration 11...
-0.1689  -3.151   -7.627   -0.07741 -0.02108 0.003429 | -1.0383
-0.1689  -3.166   -7.635   -0.07719 -0.02108 0.003429 | -1.0383
-0.1689  -3.166   -7.618   -0.07719 -0.02108 0.003429 | -1.0383
-0.1689  -3.148   -7.6     -0.07688 -0.02108 0.003429 | -1.0383
-0.1689  -3.148   -7.6     -0.07688 -0.02108 0.003429 | -1.0383
-0.1689  -3.148   -7.6     -0.07688 -0.02108 0.003429 | -1.0383
iteration 12...
-0.1689  -3.148   -7.6     -0.07688 -0.02108 0.003429 | -1.0383
-0.1689  -3.157   -7.605   -0.07674 -0.02108 0.003429 | -1.0383
-0.1689  -3.157   -7.59    -0.07674 -0.02108 0.003429 | -1.0383
-0.1689  -3.152   -7.584   -0.07664 -0.02108 0.003429 | -1.0383
-0.1689  -3.152   -7.584   -0.07664 -0.02108 0.003429 | -1.0383
-0.1689  -3.152   -7.584   -0.07664 -0.02108 0.003429 | -1.0383
iteration 1...
-0.00963 -3.152   -7.584   -0.07664 -0.02108 0.003429 | -1.0382
-0.00963 -3.176   -7.584   -0.07664 -0.02108 0.003429 | -1.0382
-0.00963 -3.176   -7.64    -0.07664 -0.02108 0.003429 | -1.0382
-0.00963 -3.176   -7.64    -0.07664 -0.02108 0.003429 | -1.0382
-0.00963 -3.176   -7.64    -0.07664 -0.02108 0.003429 | -1.0382
-0.00963 -3.176   -7.64    -0.07664 -0.02108 0.03739  | -1.0382
iteration 2...
-0.06265 -3.176   -7.64    -0.07664 -0.02108 0.03739  | -1.0382
-0.06265 -3.487   -7.64    -0.07664 -0.02108 0.03739  | -1.0382
-0.06265 -3.487   -6.781   -0.07664 -0.02108 0.03739  | -1.0382
-0.06265 -3.487   -6.781   -0.07664 -0.02108 0.03739  | -1.0382
-0.06265 -3.487   -6.781   -0.07664 -0.01534 0.03739  | -1.0382
-0.06265 -3.487   -6.781   -0.07664 -0.01534 0.05276  | -1.0382
iteration 3...
-0.06265 -3.487   -6.781   -0.07664 -0.01534 0.05276  | -1.0382
-0.06265 -3.659   -6.781   -0.07664 -0.01534 0.05276  | -1.0382
-0.06265 -3.659   -6.896   -0.07664 -0.01534 0.05276  | -1.0382
-0.06265 -3.659   -6.896   -0.07664 -0.01534 0.05276  | -1.0382
-0.06265 -3.659   -6.896   -0.07664 -0.01648 0.05276  | -1.0382
-0.06265 -3.659   -6.896   -0.07664 -0.01648 0.05276  | -1.0382
iteration 4...
-0.06265 -3.659   -6.896   -0.07664 -0.01648 0.05276  | -1.0382
-0.06265 -3.655   -6.896   -0.07664 -0.01648 0.05276  | -1.0382
-0.06265 -3.655   -6.901   -0.07664 -0.01648 0.05276  | -1.0382
-0.06265 -3.655   -6.901   -0.07664 -0.01648 0.05276  | -1.0382
-0.06265 -3.655   -6.901   -0.07664 -0.01648 0.05276  | -1.0382
-0.06265 -3.655   -6.901   -0.07664 -0.01648 0.05276  | -1.0382
Done    'Coregister: Estimate'
Done

CoReg Done in 38.619098 seconds

All done with coregistration.
>> >> 
No sandbox specified



Start   : Fri Dec  7 23:31:24 EST 2018
Finish  : Fri Dec  7 23:32:46 EST 2018


