
                            < M A T L A B (R) >
                  Copyright 1984-2015 The MathWorks, Inc.
                   R2015b (8.6.0.267246) 64-bit (glnxa64)
                              August 20, 2015

 
To get started, type one of these: helpwin, helpdesk, or demo.
For product information, visit www.mathworks.com.
 
    ----------------------------------------------------
	Your MATLAB license will expire in 50 days.
	Please contact your system administrator or
	MathWorks to renew this license.
    ----------------------------------------------------

	Academic License

>> >> >> >> Coregistation Script Created on 181210_16_38_50_357
>> >> >> >> >> >> [Warning: Name is nonexistent or not a directory:
/Users/rcwelsh/matlabScripts/WELLES/mfiles] 
[> In path (line 109)
  In addpath (line 86)] 
>> >> >> >> >> 
UMBatchJobName =

coregOverlay_181210_16_38_50_357_tehsheng_madcbrai

>> 
UMBatchProcessName =

coregOverlay

>> >> Initializing the job manager in SPM8

UMReSlice =

     0



Calling UMBatchCoReg with:
/nfs/fmri/Analysis/Sean_Working/Git_MADC/preprocess/../../Subjects_ASL/madc1458_4524/func//run_01/vasc_3dasl.nii
/nfs/fmri/Analysis/Sean_Working/Subjects_ASL/madc1458_4524/func/coReg/t1spgr.nii
UMReSlice:0
Entering UMBatchCoReg V2.0 for SPM8
Coreging /nfs/fmri/Analysis/Sean_Working/Subjects_ASL/madc1458_4524/func/coReg/t1spgr.nii to
         /nfs/fmri/Analysis/Sean_Working/Git_MADC/preprocess/../../Subjects_ASL/madc1458_4524/func//run_01/vasc_3dasl.nii


------------------------------------------------------------------------
Running job #1
------------------------------------------------------------------------
Running 'Coregister: Estimate'
iteration 1...
0.1635   0        0        0        0        0        | -1.0501
0.1635   -1.708   0        0        0        0        | -1.0506
0.1635   -1.708   -1.917   0        0        0        | -1.0507
0.1635   -1.708   -1.917   -0.01059 0        0        | -1.0508
0.1635   -1.708   -1.917   -0.01059 0        0        | -1.0508
0.1635   -1.708   -1.917   -0.01059 0        0.0505   | -1.0512
iteration 2...
0.2885   -1.708   -1.917   -0.01059 0        0.0505   | -1.0512
0.2885   -1.497   -1.917   -0.01059 0        0.0505   | -1.0512
0.2885   -1.497   -2.159   -0.01059 0        0.0505   | -1.0512
0.2885   -1.497   -2.159   -0.0001702 0        0.0505   | -1.0512
0.2885   -1.497   -2.159   -0.0001702 0.02     0.0505   | -1.0512
0.2885   -1.497   -2.159   -0.0001702 0.02     0.0505   | -1.0512
iteration 3...
0.2885   -1.497   -2.159   -0.0001702 0.02     0.0505   | -1.0512
0.2885   -1.497   -2.159   -0.0001702 0.02     0.0505   | -1.0512
0.2885   -1.497   -2.157   -0.0001702 0.02     0.0505   | -1.0512
0.2885   -1.497   -2.157   -0.005064 0.02     0.0505   | -1.0512
0.2885   -1.497   -2.157   -0.005064 0.02     0.0505   | -1.0512
0.2885   -1.497   -2.157   -0.005064 0.02     0.0505   | -1.0512
iteration 4...
0.2885   -1.497   -2.157   -0.005064 0.02     0.0505   | -1.0512
0.2885   -1.45    -2.157   -0.005064 0.02     0.0505   | -1.0512
0.2885   -1.45    -2.157   -0.005064 0.02     0.0505   | -1.0512
0.2885   -1.45    -2.157   -0.005064 0.02     0.0505   | -1.0512
0.2885   -1.45    -2.157   -0.005064 0.02     0.0505   | -1.0512
0.2885   -1.45    -2.157   -0.005064 0.02     0.0505   | -1.0512
iteration 5...
0.2885   -1.45    -2.157   -0.005064 0.02     0.0505   | -1.0512
0.2885   -1.45    -2.157   -0.005064 0.02     0.0505   | -1.0512
0.2885   -1.45    -2.157   -0.005064 0.02     0.0505   | -1.0512
0.2885   -1.45    -2.157   -0.005064 0.02     0.0505   | -1.0512
0.2885   -1.45    -2.157   -0.005064 0.02     0.0505   | -1.0512
0.2885   -1.45    -2.157   -0.005064 0.02     0.0505   | -1.0512
iteration 1...
0.2885   -1.45    -2.157   -0.005064 0.02     0.0505   | -1.0511
0.2885   -0.8983  -2.157   -0.005064 0.02     0.0505   | -1.0511
0.2885   -0.8983  -1.778   -0.005064 0.02     0.0505   | -1.0511
0.2885   -0.8983  -1.778   -0.01353 0.02     0.0505   | -1.0511
0.2885   -0.8983  -1.778   -0.01353 0.01853  0.0505   | -1.0511
0.2885   -0.8983  -1.778   -0.01353 0.01853  0.05168  | -1.0511
iteration 2...
0.2885   -0.8983  -1.778   -0.01353 0.01853  0.05168  | -1.0511
0.2885   -1.031   -1.778   -0.01353 0.01853  0.05168  | -1.0511
0.2885   -1.031   -1.964   -0.01353 0.01853  0.05168  | -1.0511
0.2885   -1.031   -1.964   -0.01502 0.01853  0.05168  | -1.0511
0.2885   -1.031   -1.964   -0.01502 0.01853  0.05168  | -1.0511
0.2885   -1.031   -1.964   -0.01502 0.01853  0.05168  | -1.0511
iteration 3...
0.2885   -1.031   -1.964   -0.01502 0.01853  0.05168  | -1.0511
0.2885   -1.031   -1.964   -0.01502 0.01853  0.05168  | -1.0511
0.2885   -1.031   -1.975   -0.01502 0.01853  0.05168  | -1.0511
0.2885   -1.031   -1.975   -0.01502 0.01853  0.05168  | -1.0511
0.2885   -1.031   -1.975   -0.01502 0.01853  0.05168  | -1.0511
0.2885   -1.031   -1.975   -0.01502 0.01853  0.05168  | -1.0511
Done    'Coregister: Estimate'
Done

CoReg Done in 23.982018 seconds

All done with coregistration.
>> >> 
No sandbox specified



Start   : Mon Dec 10 16:38:52 EST 2018
Finish  : Mon Dec 10 16:39:51 EST 2018


