
                            < M A T L A B (R) >
                  Copyright 1984-2015 The MathWorks, Inc.
                   R2015b (8.6.0.267246) 64-bit (glnxa64)
                              August 20, 2015

 
To get started, type one of these: helpwin, helpdesk, or demo.
For product information, visit www.mathworks.com.
 
    ----------------------------------------------------
	Your MATLAB license will expire in 53 days.
	Please contact your system administrator or
	MathWorks to renew this license.
    ----------------------------------------------------

	Academic License

>> >> >> >> Coregistation Script Created on 181207_19_06_29_701
>> >> >> >> >> >> [Warning: Name is nonexistent or not a directory:
/Users/rcwelsh/matlabScripts/WELLES/mfiles] 
[> In path (line 109)
  In addpath (line 86)] 
>> >> >> >> >> 
UMBatchJobName =

coregOverlay_181207_19_06_29_701_tehsheng_madcbrai

>> 
UMBatchProcessName =

coregOverlay

>> >> Initializing the job manager in SPM8

UMReSlice =

     0



Calling UMBatchCoReg with:
/nfs/fmri/Analysis/Sean_Working/Git_MADC/preprocess/../../Subjects_ASL/madc1557_5890/func//run_01/vasc_3dasl.nii
/nfs/fmri/Analysis/Sean_Working/Subjects_ASL/madc1557_5890/func/coReg/t1spgr.nii
UMReSlice:0
Entering UMBatchCoReg V2.0 for SPM8
Coreging /nfs/fmri/Analysis/Sean_Working/Subjects_ASL/madc1557_5890/func/coReg/t1spgr.nii to
         /nfs/fmri/Analysis/Sean_Working/Git_MADC/preprocess/../../Subjects_ASL/madc1557_5890/func//run_01/vasc_3dasl.nii


------------------------------------------------------------------------
Running job #1
------------------------------------------------------------------------
Running 'Coregister: Estimate'
iteration 1...
-0.4535  0        0        0        0        0        | -1.0372
-0.4535  -0.1204  0        0        0        0        | -1.0373
-0.4535  -0.1204  0.1078   0        0        0        | -1.0373
-0.4535  -0.1204  0.1078   -0.009075 0        0        | -1.0373
-0.4535  -0.1204  0.1078   -0.009075 0.001631 0        | -1.0373
-0.4535  -0.1204  0.1078   -0.009075 0.001631 0.0406   | -1.0374
iteration 2...
-0.9354  -0.1204  0.1078   -0.009075 0.001631 0.0406   | -1.0374
-0.9354  -0.2962  0.1078   -0.009075 0.001631 0.0406   | -1.0374
-0.9354  -0.2962  -0.3253  -0.009075 0.001631 0.0406   | -1.0375
-0.9354  -0.2962  -0.3253  -0.01032 0.001631 0.0406   | -1.0375
-0.9354  -0.2962  -0.3253  -0.01032 -0.00556 0.0406   | -1.0375
-0.9354  -0.2962  -0.3253  -0.01032 -0.00556 0.04451  | -1.0375
iteration 3...
-0.9573  -0.2962  -0.3253  -0.01032 -0.00556 0.04451  | -1.0375
-0.9573  -0.264   -0.3253  -0.01032 -0.00556 0.04451  | -1.0375
-0.9573  -0.264   -0.2359  -0.01032 -0.00556 0.04451  | -1.0375
-0.9573  -0.264   -0.2359  -0.01163 -0.00556 0.04451  | -1.0375
-0.9573  -0.264   -0.2359  -0.01163 -0.00556 0.04451  | -1.0375
-0.9573  -0.264   -0.2359  -0.01163 -0.00556 0.04488  | -1.0375
iteration 4...
-0.9564  -0.264   -0.2359  -0.01163 -0.00556 0.04488  | -1.0375
-0.9564  -0.2182  -0.2359  -0.01163 -0.00556 0.04488  | -1.0375
-0.9564  -0.2182  -0.2455  -0.01163 -0.00556 0.04488  | -1.0375
-0.9564  -0.2182  -0.2455  -0.01159 -0.00556 0.04488  | -1.0375
-0.9564  -0.2182  -0.2455  -0.01159 -0.00556 0.04488  | -1.0375
-0.9564  -0.2182  -0.2455  -0.01159 -0.00556 0.04488  | -1.0375
iteration 5...
-0.9564  -0.2182  -0.2455  -0.01159 -0.00556 0.04488  | -1.0375
-0.9564  -0.2182  -0.2455  -0.01159 -0.00556 0.04488  | -1.0375
-0.9564  -0.2182  -0.2665  -0.01159 -0.00556 0.04488  | -1.0375
-0.9564  -0.2182  -0.2665  -0.01159 -0.00556 0.04488  | -1.0375
-0.9564  -0.2182  -0.2665  -0.01159 -0.00556 0.04488  | -1.0375
-0.9564  -0.2182  -0.2665  -0.01159 -0.00556 0.04488  | -1.0375
iteration 6...
-0.9564  -0.2182  -0.2665  -0.01159 -0.00556 0.04488  | -1.0375
-0.9564  -0.2182  -0.2665  -0.01159 -0.00556 0.04488  | -1.0375
-0.9564  -0.2182  -0.2527  -0.01159 -0.00556 0.04488  | -1.0375
-0.9564  -0.2182  -0.2527  -0.01159 -0.00556 0.04488  | -1.0375
-0.9564  -0.2182  -0.2527  -0.01159 -0.00556 0.04488  | -1.0375
-0.9564  -0.2182  -0.2527  -0.01159 -0.00556 0.04488  | -1.0375
iteration 1...
-1.192   -0.2182  -0.2527  -0.01159 -0.00556 0.04488  | -1.0375
-1.192   0.2123   -0.2527  -0.01159 -0.00556 0.04488  | -1.0375
-1.192   0.2123   -2.006   -0.01159 -0.00556 0.04488  | -1.0376
-1.192   0.2123   -2.006   -0.02958 -0.00556 0.04488  | -1.0376
-1.192   0.2123   -2.006   -0.02958 0.02764  0.04488  | -1.0376
-1.192   0.2123   -2.006   -0.02958 0.02764  0.06437  | -1.0376
iteration 2...
-1.793   0.2123   -2.006   -0.02958 0.02764  0.06437  | -1.0377
-1.793   0.3892   -2.006   -0.02958 0.02764  0.06437  | -1.0377
-1.793   0.3892   -2.229   -0.02958 0.02764  0.06437  | -1.0377
-1.793   0.3892   -2.229   -0.03193 0.02764  0.06437  | -1.0377
-1.793   0.3892   -2.229   -0.03193 0.03353  0.06437  | -1.0377
-1.793   0.3892   -2.229   -0.03193 0.03353  0.0667   | -1.0377
iteration 3...
-1.941   0.3892   -2.229   -0.03193 0.03353  0.0667   | -1.0377
-1.941   0.4875   -2.229   -0.03193 0.03353  0.0667   | -1.0377
-1.941   0.4875   -2.139   -0.03193 0.03353  0.0667   | -1.0377
-1.941   0.4875   -2.139   -0.03313 0.03353  0.0667   | -1.0377
-1.941   0.4875   -2.139   -0.03313 0.04413  0.0667   | -1.0377
-1.941   0.4875   -2.139   -0.03313 0.04413  0.0667   | -1.0377
iteration 4...
-2.136   0.4875   -2.139   -0.03313 0.04413  0.0667   | -1.0377
-2.136   0.5109   -2.139   -0.03313 0.04413  0.0667   | -1.0377
-2.136   0.5109   -2.158   -0.03313 0.04413  0.0667   | -1.0377
-2.136   0.5109   -2.158   -0.03085 0.04413  0.0667   | -1.0377
-2.136   0.5109   -2.158   -0.03085 0.0457   0.0667   | -1.0377
-2.136   0.5109   -2.158   -0.03085 0.0457   0.06785  | -1.0377
iteration 5...
-2.156   0.5109   -2.158   -0.03085 0.0457   0.06785  | -1.0377
-2.156   0.515    -2.158   -0.03085 0.0457   0.06785  | -1.0377
-2.156   0.515    -2.11    -0.03085 0.0457   0.06785  | -1.0377
-2.156   0.515    -2.11    -0.03089 0.0457   0.06785  | -1.0377
-2.156   0.515    -2.11    -0.03089 0.0457   0.06785  | -1.0377
-2.156   0.515    -2.11    -0.03089 0.0457   0.06785  | -1.0377
iteration 6...
-2.134   0.515    -2.11    -0.03089 0.0457   0.06785  | -1.0377
-2.134   0.5181   -2.11    -0.03089 0.0457   0.06785  | -1.0377
-2.134   0.5181   -2.111   -0.03089 0.0457   0.06785  | -1.0377
-2.134   0.5181   -2.111   -0.03093 0.0457   0.06785  | -1.0377
-2.134   0.5181   -2.111   -0.03093 0.0457   0.06785  | -1.0377
-2.134   0.5181   -2.111   -0.03093 0.0457   0.06785  | -1.0377
iteration 7...
-2.073   0.5181   -2.111   -0.03093 0.0457   0.06785  | -1.0377
-2.073   0.522    -2.111   -0.03093 0.0457   0.06785  | -1.0377
-2.073   0.522    -2.089   -0.03093 0.0457   0.06785  | -1.0377
-2.073   0.522    -2.089   -0.029   0.0457   0.06785  | -1.0377
-2.073   0.522    -2.089   -0.029   0.0457   0.06785  | -1.0377
-2.073   0.522    -2.089   -0.029   0.0457   0.06785  | -1.0377
iteration 8...
-2.073   0.522    -2.089   -0.029   0.0457   0.06785  | -1.0377
-2.073   0.5156   -2.089   -0.029   0.0457   0.06785  | -1.0377
-2.073   0.5156   -2.06    -0.029   0.0457   0.06785  | -1.0377
-2.073   0.5156   -2.06    -0.02817 0.0457   0.06785  | -1.0377
-2.073   0.5156   -2.06    -0.02817 0.0457   0.06785  | -1.0377
-2.073   0.5156   -2.06    -0.02817 0.0457   0.06785  | -1.0377
-2.073   0.5091   -2.03    -0.02734 0.0457   0.06785  | -1.0377
iteration 9...
-2.073   0.5091   -2.03    -0.02734 0.0457   0.06785  | -1.0377
-2.073   0.4706   -2.03    -0.02734 0.0457   0.06785  | -1.0377
-2.073   0.4706   -2.005   -0.02734 0.0457   0.06785  | -1.0377
-2.073   0.4711   -2.007   -0.02741 0.0457   0.06785  | -1.0377
-2.073   0.4711   -2.007   -0.02741 0.0457   0.06785  | -1.0377
-2.073   0.4711   -2.007   -0.02741 0.0457   0.06785  | -1.0377
iteration 10...
-2.073   0.4711   -2.007   -0.02741 0.0457   0.06785  | -1.0377
-2.073   0.4711   -2.007   -0.02741 0.0457   0.06785  | -1.0377
-2.073   0.4711   -2.007   -0.02741 0.0457   0.06785  | -1.0377
-2.073   0.4711   -2.007   -0.02741 0.0457   0.06785  | -1.0377
-2.073   0.4711   -2.007   -0.02741 0.0457   0.06785  | -1.0377
-2.073   0.4711   -2.007   -0.02741 0.0457   0.06785  | -1.0377
Done    'Coregister: Estimate'
Done

CoReg Done in 59.027541 seconds

All done with coregistration.
>> >> 
No sandbox specified



Start   : Fri Dec  7 19:06:34 EST 2018
Finish  : Fri Dec  7 19:08:33 EST 2018


