
                            < M A T L A B (R) >
                  Copyright 1984-2015 The MathWorks, Inc.
                   R2015b (8.6.0.267246) 64-bit (glnxa64)
                              August 20, 2015

 
To get started, type one of these: helpwin, helpdesk, or demo.
For product information, visit www.mathworks.com.
 
    ----------------------------------------------------
	Your MATLAB license will expire in 53 days.
	Please contact your system administrator or
	MathWorks to renew this license.
    ----------------------------------------------------

	Academic License

>> >> >> >> Coregistation Script Created on 181207_16_34_44_591
>> >> >> >> >> >> [Warning: Name is nonexistent or not a directory:
/Users/rcwelsh/matlabScripts/WELLES/mfiles] 
[> In path (line 109)
  In addpath (line 86)] 
>> >> >> >> >> 
UMBatchJobName =

coregOverlay_181207_16_34_44_591_tehsheng_madcbrai

>> 
UMBatchProcessName =

coregOverlay

>> >> Initializing the job manager in SPM8

UMReSlice =

     0



Calling UMBatchCoReg with:
/nfs/fmri/Analysis/Sean_Working/Git_MADC/preprocess/../../Subjects_ASL/madc1435_5392/func//run_01/vasc_3dasl.nii
/nfs/fmri/Analysis/Sean_Working/Subjects_ASL/madc1435_5392/func/coReg/t1spgr.nii
UMReSlice:0
Entering UMBatchCoReg V2.0 for SPM8
Coreging /nfs/fmri/Analysis/Sean_Working/Subjects_ASL/madc1435_5392/func/coReg/t1spgr.nii to
         /nfs/fmri/Analysis/Sean_Working/Git_MADC/preprocess/../../Subjects_ASL/madc1435_5392/func//run_01/vasc_3dasl.nii


------------------------------------------------------------------------
Running job #1
------------------------------------------------------------------------
Running 'Coregister: Estimate'
iteration 1...
-1.547   0        0        0        0        0        | -1.0437
-1.547   -0.8738  0        0        0        0        | -1.0438
-1.547   -0.8738  0.1383   0        0        0        | -1.0438
-1.547   -0.8738  0.1383   -0.02334 0        0        | -1.0438
-1.547   -0.8738  0.1383   -0.02334 0        0        | -1.0438
-1.547   -0.8738  0.1383   -0.02334 0        0.02161  | -1.0439
iteration 2...
-1.539   -0.8738  0.1383   -0.02334 0        0.02161  | -1.0439
-1.539   -2.144   0.1383   -0.02334 0        0.02161  | -1.044
-1.539   -2.144   0.3086   -0.02334 0        0.02161  | -1.044
-1.539   -2.144   0.3086   -0.04358 0        0.02161  | -1.044
-1.539   -2.144   0.3086   -0.04358 -0.005971 0.02161  | -1.044
-1.539   -2.144   0.3086   -0.04358 -0.005971 0.01943  | -1.044
iteration 3...
-1.572   -2.144   0.3086   -0.04358 -0.005971 0.01943  | -1.044
-1.572   -2.431   0.3086   -0.04358 -0.005971 0.01943  | -1.044
-1.572   -2.431   -0.2083  -0.04358 -0.005971 0.01943  | -1.0441
-1.572   -2.431   -0.2083  -0.04515 -0.005971 0.01943  | -1.0441
-1.572   -2.431   -0.2083  -0.04515 -0.005971 0.01943  | -1.0441
-1.572   -2.431   -0.2083  -0.04515 -0.005971 0.01943  | -1.0441
iteration 4...
-1.572   -2.431   -0.2083  -0.04515 -0.005971 0.01943  | -1.0441
-1.572   -2.376   -0.2083  -0.04515 -0.005971 0.01943  | -1.0441
-1.572   -2.376   -0.1906  -0.04515 -0.005971 0.01943  | -1.0441
-1.572   -2.376   -0.1906  -0.04541 -0.005971 0.01943  | -1.0441
-1.572   -2.376   -0.1906  -0.04541 -0.005971 0.01943  | -1.0441
-1.572   -2.376   -0.1906  -0.04541 -0.005971 0.01943  | -1.0441
iteration 5...
-1.581   -2.376   -0.1906  -0.04541 -0.005971 0.01943  | -1.0441
-1.581   -2.377   -0.1906  -0.04541 -0.005971 0.01943  | -1.0441
-1.581   -2.377   -0.1906  -0.04541 -0.005971 0.01943  | -1.0441
-1.581   -2.377   -0.1906  -0.04541 -0.005971 0.01943  | -1.0441
-1.581   -2.377   -0.1906  -0.04541 -0.005971 0.01943  | -1.0441
-1.581   -2.377   -0.1906  -0.04541 -0.005971 0.01943  | -1.0441
iteration 1...
-1.624   -2.377   -0.1906  -0.04541 -0.005971 0.01943  | -1.044
-1.624   -2.346   -0.1906  -0.04541 -0.005971 0.01943  | -1.044
-1.624   -2.346   -1.037   -0.04541 -0.005971 0.01943  | -1.044
-1.624   -2.346   -1.037   -0.05375 -0.005971 0.01943  | -1.044
-1.624   -2.346   -1.037   -0.05375 -0.01254 0.01943  | -1.044
-1.624   -2.346   -1.037   -0.05375 -0.01254 0.01853  | -1.044
iteration 2...
-1.531   -2.346   -1.037   -0.05375 -0.01254 0.01853  | -1.044
-1.531   -2.494   -1.037   -0.05375 -0.01254 0.01853  | -1.044
-1.531   -2.494   -1.164   -0.05375 -0.01254 0.01853  | -1.044
-1.531   -2.494   -1.164   -0.0548  -0.01254 0.01853  | -1.044
-1.531   -2.494   -1.164   -0.0548  -0.01254 0.01853  | -1.044
-1.531   -2.494   -1.164   -0.0548  -0.01254 0.01853  | -1.044
iteration 3...
-1.531   -2.494   -1.164   -0.0548  -0.01254 0.01853  | -1.044
-1.531   -2.525   -1.164   -0.0548  -0.01254 0.01853  | -1.044
-1.531   -2.525   -1.203   -0.0548  -0.01254 0.01853  | -1.044
-1.531   -2.525   -1.203   -0.0548  -0.01254 0.01853  | -1.044
-1.531   -2.525   -1.203   -0.0548  -0.01254 0.01853  | -1.044
-1.531   -2.525   -1.203   -0.0548  -0.01254 0.01853  | -1.044
iteration 4...
-1.531   -2.525   -1.203   -0.0548  -0.01254 0.01853  | -1.044
-1.531   -2.525   -1.203   -0.0548  -0.01254 0.01853  | -1.044
-1.531   -2.525   -1.204   -0.0548  -0.01254 0.01853  | -1.044
-1.531   -2.525   -1.204   -0.0548  -0.01254 0.01853  | -1.044
-1.531   -2.525   -1.204   -0.0548  -0.01254 0.01853  | -1.044
-1.531   -2.525   -1.204   -0.0548  -0.01254 0.01853  | -1.044
Done    'Coregister: Estimate'
Done

CoReg Done in 30.447887 seconds

All done with coregistration.
>> >> 
No sandbox specified



Start   : Fri Dec  7 16:34:49 EST 2018
Finish  : Fri Dec  7 16:36:01 EST 2018


