
                            < M A T L A B (R) >
                  Copyright 1984-2015 The MathWorks, Inc.
                   R2015b (8.6.0.267246) 64-bit (glnxa64)
                              August 20, 2015

 
To get started, type one of these: helpwin, helpdesk, or demo.
For product information, visit www.mathworks.com.
 
    ----------------------------------------------------
	Your MATLAB license will expire in 53 days.
	Please contact your system administrator or
	MathWorks to renew this license.
    ----------------------------------------------------

	Academic License

>> >> >> >> Coregistation Script Created on 181207_21_26_05_811
>> >> >> >> >> >> [Warning: Name is nonexistent or not a directory:
/Users/rcwelsh/matlabScripts/WELLES/mfiles] 
[> In path (line 109)
  In addpath (line 86)] 
>> >> >> >> >> 
UMBatchJobName =

coregOverlay_181207_21_26_05_811_tehsheng_madcbrai

>> 
UMBatchProcessName =

coregOverlay

>> >> Initializing the job manager in SPM8

UMReSlice =

     0



Calling UMBatchCoReg with:
/nfs/fmri/Analysis/Sean_Working/Git_MADC/preprocess/../../Subjects_ASL/madc1350_5521/func//run_01/vasc_3dasl.nii
/nfs/fmri/Analysis/Sean_Working/Subjects_ASL/madc1350_5521/func/coReg/t1spgr.nii
UMReSlice:0
Entering UMBatchCoReg V2.0 for SPM8
Coreging /nfs/fmri/Analysis/Sean_Working/Subjects_ASL/madc1350_5521/func/coReg/t1spgr.nii to
         /nfs/fmri/Analysis/Sean_Working/Git_MADC/preprocess/../../Subjects_ASL/madc1350_5521/func//run_01/vasc_3dasl.nii


------------------------------------------------------------------------
Running job #1
------------------------------------------------------------------------
Running 'Coregister: Estimate'
iteration 1...
-0.3467  0        0        0        0        0        | -1.0467
-0.3467  -0.2128  0        0        0        0        | -1.0467
-0.3467  -0.2128  6.204    0        0        0        | -1.0476
-0.3467  -0.2128  6.204    -0.05324 0        0        | -1.0479
-0.3467  -0.2128  6.204    -0.05324 -0.01443 0        | -1.048
-0.3467  -0.2128  6.204    -0.05324 -0.01443 0.005066 | -1.048
iteration 2...
-0.4908  -0.2128  6.204    -0.05324 -0.01443 0.005066 | -1.048
-0.4908  -0.2843  6.204    -0.05324 -0.01443 0.005066 | -1.048
-0.4908  -0.2843  6.481    -0.05324 -0.01443 0.005066 | -1.048
-0.4908  -0.2843  6.481    -0.05517 -0.01443 0.005066 | -1.048
-0.4908  -0.2843  6.481    -0.05517 -0.01491 0.005066 | -1.048
-0.4908  -0.2843  6.481    -0.05517 -0.01491 0.0009804 | -1.048
iteration 3...
-0.4908  -0.2843  6.481    -0.05517 -0.01491 0.0009804 | -1.048
-0.4908  -0.308   6.481    -0.05517 -0.01491 0.0009804 | -1.048
-0.4908  -0.308   6.477    -0.05517 -0.01491 0.0009804 | -1.048
-0.4908  -0.308   6.477    -0.05391 -0.01491 0.0009804 | -1.048
-0.4908  -0.308   6.477    -0.05391 -0.01585 0.0009804 | -1.048
-0.4908  -0.308   6.477    -0.05391 -0.01585 0.0009804 | -1.048
iteration 4...
-0.5258  -0.308   6.477    -0.05391 -0.01585 0.0009804 | -1.048
-0.5258  -0.3573  6.477    -0.05391 -0.01585 0.0009804 | -1.048
-0.5258  -0.3573  6.477    -0.05391 -0.01585 0.0009804 | -1.048
-0.5258  -0.3573  6.477    -0.05355 -0.01585 0.0009804 | -1.048
-0.5258  -0.3573  6.477    -0.05355 -0.01585 0.0009804 | -1.048
-0.5258  -0.3573  6.477    -0.05355 -0.01585 0.0009804 | -1.048
iteration 5...
-0.54    -0.3573  6.477    -0.05355 -0.01585 0.0009804 | -1.048
-0.54    -0.3429  6.477    -0.05355 -0.01585 0.0009804 | -1.048
-0.54    -0.3429  6.473    -0.05355 -0.01585 0.0009804 | -1.048
-0.54    -0.3429  6.473    -0.05355 -0.01585 0.0009804 | -1.048
-0.54    -0.3429  6.473    -0.05355 -0.01585 0.0009804 | -1.048
-0.54    -0.3429  6.473    -0.05355 -0.01585 0.0009804 | -1.048
iteration 6...
-0.54    -0.3429  6.473    -0.05355 -0.01585 0.0009804 | -1.048
-0.54    -0.3429  6.473    -0.05355 -0.01585 0.0009804 | -1.048
-0.54    -0.3429  6.473    -0.05355 -0.01585 0.0009804 | -1.048
-0.54    -0.3429  6.473    -0.05355 -0.01585 0.0009804 | -1.048
-0.54    -0.3429  6.473    -0.05355 -0.01585 0.0009804 | -1.048
-0.54    -0.3429  6.473    -0.05355 -0.01585 0.0009804 | -1.048
iteration 1...
-0.2268  -0.3429  6.473    -0.05355 -0.01585 0.0009804 | -1.0478
-0.2268  -0.00313 6.473    -0.05355 -0.01585 0.0009804 | -1.0478
-0.2268  -0.00313 6.039    -0.05355 -0.01585 0.0009804 | -1.0478
-0.2268  -0.00313 6.039    -0.07633 -0.01585 0.0009804 | -1.0479
-0.2268  -0.00313 6.039    -0.07633 -0.01585 0.0009804 | -1.0479
-0.2268  -0.00313 6.039    -0.07633 -0.01585 -0.002684 | -1.0479
iteration 2...
-0.3792  -0.00313 6.039    -0.07633 -0.01585 -0.002684 | -1.0479
-0.3792  -0.08323 6.039    -0.07633 -0.01585 -0.002684 | -1.0479
-0.3792  -0.08323 6.335    -0.07633 -0.01585 -0.002684 | -1.0479
-0.3792  -0.08323 6.335    -0.07821 -0.01585 -0.002684 | -1.0479
-0.3792  -0.08323 6.335    -0.07821 -0.02022 -0.002684 | -1.0479
-0.3792  -0.08323 6.335    -0.07821 -0.02022 -0.002684 | -1.0479
iteration 3...
-0.3692  -0.08323 6.335    -0.07821 -0.02022 -0.002684 | -1.0479
-0.3692  -0.0923  6.335    -0.07821 -0.02022 -0.002684 | -1.0479
-0.3692  -0.0923  6.355    -0.07821 -0.02022 -0.002684 | -1.0479
-0.3692  -0.0923  6.355    -0.07719 -0.02022 -0.002684 | -1.0479
-0.3692  -0.0923  6.355    -0.07719 -0.01997 -0.002684 | -1.0479
-0.3692  -0.0923  6.355    -0.07719 -0.01997 -0.002931 | -1.0479
iteration 4...
-0.3692  -0.0923  6.355    -0.07719 -0.01997 -0.002931 | -1.0479
-0.3692  -0.1085  6.355    -0.07719 -0.01997 -0.002931 | -1.0479
-0.3692  -0.1085  6.35     -0.07719 -0.01997 -0.002931 | -1.0479
-0.3692  -0.1085  6.35     -0.07719 -0.01997 -0.002931 | -1.0479
-0.3692  -0.1085  6.35     -0.07719 -0.01997 -0.002931 | -1.0479
-0.3692  -0.1085  6.35     -0.07719 -0.01997 -0.002931 | -1.0479
Done    'Coregister: Estimate'
Done

CoReg Done in 31.565942 seconds

All done with coregistration.
>> >> 
No sandbox specified



Start   : Fri Dec  7 21:26:10 EST 2018
Finish  : Fri Dec  7 21:27:23 EST 2018


