
                            < M A T L A B (R) >
                  Copyright 1984-2015 The MathWorks, Inc.
                   R2015b (8.6.0.267246) 64-bit (glnxa64)
                              August 20, 2015

 
To get started, type one of these: helpwin, helpdesk, or demo.
For product information, visit www.mathworks.com.
 
    ----------------------------------------------------
	Your MATLAB license will expire in 53 days.
	Please contact your system administrator or
	MathWorks to renew this license.
    ----------------------------------------------------

	Academic License

>> >> >> >> Coregistation Script Created on 181207_18_48_08_961
>> >> >> >> >> >> [Warning: Name is nonexistent or not a directory:
/Users/rcwelsh/matlabScripts/WELLES/mfiles] 
[> In path (line 109)
  In addpath (line 86)] 
>> >> >> >> >> 
UMBatchJobName =

coregOverlay_181207_18_48_08_961_tehsheng_madcbrai

>> 
UMBatchProcessName =

coregOverlay

>> >> Initializing the job manager in SPM8

UMReSlice =

     0



Calling UMBatchCoReg with:
/nfs/fmri/Analysis/Sean_Working/Git_MADC/preprocess/../../Subjects_ASL/madc1252_5187/func//run_01/vasc_3dasl.nii
/nfs/fmri/Analysis/Sean_Working/Subjects_ASL/madc1252_5187/func/coReg/t1spgr.nii
UMReSlice:0
Entering UMBatchCoReg V2.0 for SPM8
Coreging /nfs/fmri/Analysis/Sean_Working/Subjects_ASL/madc1252_5187/func/coReg/t1spgr.nii to
         /nfs/fmri/Analysis/Sean_Working/Git_MADC/preprocess/../../Subjects_ASL/madc1252_5187/func//run_01/vasc_3dasl.nii


------------------------------------------------------------------------
Running job #1
------------------------------------------------------------------------
Running 'Coregister: Estimate'
iteration 1...
-2.525   0        0        0        0        0        | -1.0438
-2.525   -1.847   0        0        0        0        | -1.0438
-2.525   -1.847   1.047    0        0        0        | -1.044
-2.525   -1.847   1.047    -0.008827 0        0        | -1.044
-2.525   -1.847   1.047    -0.008827 0.01765  0        | -1.044
-2.525   -1.847   1.047    -0.008827 0.01765  0.03354  | -1.0442
iteration 2...
-2.525   -1.847   1.047    -0.008827 0.01765  0.03354  | -1.0442
-2.525   -1.807   1.047    -0.008827 0.01765  0.03354  | -1.0442
-2.525   -1.807   1.201    -0.008827 0.01765  0.03354  | -1.0442
-2.525   -1.807   1.201    -0.00754 0.01765  0.03354  | -1.0442
-2.525   -1.807   1.201    -0.00754 0.01507  0.03354  | -1.0442
-2.525   -1.807   1.201    -0.00754 0.01507  0.02839  | -1.0442
iteration 3...
-2.525   -1.807   1.201    -0.00754 0.01507  0.02839  | -1.0442
-2.525   -1.8     1.201    -0.00754 0.01507  0.02839  | -1.0442
-2.525   -1.8     1.18     -0.00754 0.01507  0.02839  | -1.0442
-2.525   -1.8     1.18     -0.004009 0.01507  0.02839  | -1.0442
-2.525   -1.8     1.18     -0.004009 0.01507  0.02839  | -1.0442
-2.525   -1.8     1.18     -0.004009 0.01507  0.02839  | -1.0442
iteration 4...
-2.529   -1.8     1.18     -0.004009 0.01507  0.02839  | -1.0442
-2.529   -1.712   1.18     -0.004009 0.01507  0.02839  | -1.0442
-2.529   -1.712   1.18     -0.004009 0.01507  0.02839  | -1.0442
-2.529   -1.712   1.18     -0.003211 0.01507  0.02839  | -1.0442
-2.529   -1.712   1.18     -0.003211 0.01507  0.02839  | -1.0442
-2.529   -1.712   1.18     -0.003211 0.01507  0.02839  | -1.0442
iteration 5...
-2.529   -1.712   1.18     -0.003211 0.01507  0.02839  | -1.0442
-2.529   -1.687   1.18     -0.003211 0.01507  0.02839  | -1.0442
-2.529   -1.687   1.178    -0.003211 0.01507  0.02839  | -1.0442
-2.529   -1.687   1.178    -0.003211 0.01507  0.02839  | -1.0442
-2.529   -1.687   1.178    -0.003211 0.01507  0.02839  | -1.0442
-2.529   -1.687   1.178    -0.003211 0.01507  0.02839  | -1.0442
iteration 6...
-2.529   -1.687   1.178    -0.003211 0.01507  0.02839  | -1.0442
-2.529   -1.685   1.178    -0.003211 0.01507  0.02839  | -1.0442
-2.529   -1.685   1.175    -0.003211 0.01507  0.02839  | -1.0442
-2.529   -1.685   1.175    -0.003211 0.01507  0.02839  | -1.0442
-2.529   -1.685   1.175    -0.003211 0.01507  0.02839  | -1.0442
-2.529   -1.685   1.175    -0.003211 0.01507  0.02839  | -1.0442
iteration 1...
-1.719   -1.685   1.175    -0.003211 0.01507  0.02839  | -1.0441
-1.719   -1.42    1.175    -0.003211 0.01507  0.02839  | -1.0441
-1.719   -1.42    1.773    -0.003211 0.01507  0.02839  | -1.0441
-1.719   -1.42    1.773    -0.001542 0.01507  0.02839  | -1.0441
-1.719   -1.42    1.773    -0.001542 0.007254 0.02839  | -1.0441
-1.719   -1.42    1.773    -0.001542 0.007254 0.07315  | -1.0443
iteration 2...
-1.666   -1.42    1.773    -0.001542 0.007254 0.07315  | -1.0443
-1.666   -1.357   1.773    -0.001542 0.007254 0.07315  | -1.0443
-1.666   -1.357   1.872    -0.001542 0.007254 0.07315  | -1.0443
-1.666   -1.357   1.872    -0.003189 0.007254 0.07315  | -1.0443
-1.666   -1.357   1.872    -0.003189 0.007254 0.07315  | -1.0443
-1.666   -1.357   1.872    -0.003189 0.007254 0.07204  | -1.0443
iteration 3...
-1.618   -1.357   1.872    -0.003189 0.007254 0.07204  | -1.0443
-1.618   -1.357   1.872    -0.003189 0.007254 0.07204  | -1.0443
-1.618   -1.357   1.831    -0.003189 0.007254 0.07204  | -1.0443
-1.618   -1.357   1.831    -0.003189 0.007254 0.07204  | -1.0443
-1.618   -1.357   1.831    -0.003189 0.007254 0.07204  | -1.0443
-1.618   -1.357   1.831    -0.003189 0.007254 0.07204  | -1.0443
iteration 4...
-1.615   -1.357   1.831    -0.003189 0.007254 0.07204  | -1.0443
-1.615   -1.355   1.831    -0.003189 0.007254 0.07204  | -1.0443
-1.615   -1.355   1.831    -0.003189 0.007254 0.07204  | -1.0443
-1.615   -1.355   1.831    -0.003189 0.007254 0.07204  | -1.0443
-1.615   -1.355   1.831    -0.003189 0.007254 0.07204  | -1.0443
-1.615   -1.355   1.831    -0.003189 0.007254 0.07204  | -1.0443
Done    'Coregister: Estimate'
Done

CoReg Done in 31.121109 seconds

All done with coregistration.
>> >> 
No sandbox specified



Start   : Fri Dec  7 18:48:10 EST 2018
Finish  : Fri Dec  7 18:49:16 EST 2018


