
                            < M A T L A B (R) >
                  Copyright 1984-2015 The MathWorks, Inc.
                   R2015b (8.6.0.267246) 64-bit (glnxa64)
                              August 20, 2015

 
To get started, type one of these: helpwin, helpdesk, or demo.
For product information, visit www.mathworks.com.
 
    ----------------------------------------------------
	Your MATLAB license will expire in 53 days.
	Please contact your system administrator or
	MathWorks to renew this license.
    ----------------------------------------------------

	Academic License

>> >> >> >> Coregistation Script Created on 181207_18_03_20_726
>> >> >> >> >> >> [Warning: Name is nonexistent or not a directory:
/Users/rcwelsh/matlabScripts/WELLES/mfiles] 
[> In path (line 109)
  In addpath (line 86)] 
>> >> >> >> >> 
UMBatchJobName =

coregOverlay_181207_18_03_20_726_tehsheng_madcbrai

>> 
UMBatchProcessName =

coregOverlay

>> >> Initializing the job manager in SPM8

UMReSlice =

     0



Calling UMBatchCoReg with:
/nfs/fmri/Analysis/Sean_Working/Git_MADC/preprocess/../../Subjects_ASL/madc1243_4201/func//run_01/vasc_3dasl.nii
/nfs/fmri/Analysis/Sean_Working/Subjects_ASL/madc1243_4201/func/coReg/t1spgr.nii
UMReSlice:0
Entering UMBatchCoReg V2.0 for SPM8
Coreging /nfs/fmri/Analysis/Sean_Working/Subjects_ASL/madc1243_4201/func/coReg/t1spgr.nii to
         /nfs/fmri/Analysis/Sean_Working/Git_MADC/preprocess/../../Subjects_ASL/madc1243_4201/func//run_01/vasc_3dasl.nii


------------------------------------------------------------------------
Running job #1
------------------------------------------------------------------------
Running 'Coregister: Estimate'
iteration 1...
-0.6287  0        0        0        0        0        | -1.0468
-0.6287  0.6134   0        0        0        0        | -1.0468
-0.6287  0.6134   0.1142   0        0        0        | -1.0468
-0.6287  0.6134   0.1142   -0.03775 0        0        | -1.0471
-0.6287  0.6134   0.1142   -0.03775 0        0        | -1.0471
-0.6287  0.6134   0.1142   -0.03775 0        0.02472  | -1.0471
iteration 2...
-0.3025  0.6134   0.1142   -0.03775 0        0.02472  | -1.0472
-0.3025  1.013    0.1142   -0.03775 0        0.02472  | -1.0472
-0.3025  1.013    -0.09493 -0.03775 0        0.02472  | -1.0472
-0.3025  1.013    -0.09493 -0.04508 0        0.02472  | -1.0472
-0.3025  1.013    -0.09493 -0.04508 0        0.02472  | -1.0472
-0.3025  1.013    -0.09493 -0.04508 0        0.02472  | -1.0472
iteration 3...
-0.3025  1.013    -0.09493 -0.04508 0        0.02472  | -1.0472
-0.3025  1.276    -0.09493 -0.04508 0        0.02472  | -1.0472
-0.3025  1.276    0.05667  -0.04508 0        0.02472  | -1.0472
-0.3025  1.276    0.05667  -0.04508 0        0.02472  | -1.0472
-0.3025  1.276    0.05667  -0.04508 0        0.02472  | -1.0472
-0.3025  1.276    0.05667  -0.04508 0        0.02472  | -1.0472
iteration 4...
-0.3025  1.276    0.05667  -0.04508 0        0.02472  | -1.0472
-0.3025  1.276    0.05667  -0.04508 0        0.02472  | -1.0472
-0.3025  1.276    0.05725  -0.04508 0        0.02472  | -1.0472
-0.3025  1.276    0.05725  -0.04508 0        0.02472  | -1.0472
-0.3025  1.276    0.05725  -0.04508 0        0.02472  | -1.0472
-0.3025  1.276    0.05725  -0.04508 0        0.02472  | -1.0472
iteration 1...
-0.4433  1.276    0.05725  -0.04508 0        0.02472  | -1.0472
-0.4433  1.186    0.05725  -0.04508 0        0.02472  | -1.0472
-0.4433  1.186    0.743    -0.04508 0        0.02472  | -1.0473
-0.4433  1.186    0.743    -0.04609 0        0.02472  | -1.0473
-0.4433  1.186    0.743    -0.04609 -0.008214 0.02472  | -1.0473
-0.4433  1.186    0.743    -0.04609 -0.008214 0.02328  | -1.0473
iteration 2...
-0.2531  1.186    0.743    -0.04609 -0.008214 0.02328  | -1.0473
-0.2531  1.281    0.743    -0.04609 -0.008214 0.02328  | -1.0473
-0.2531  1.281    0.8262   -0.04609 -0.008214 0.02328  | -1.0473
-0.2531  1.281    0.8262   -0.04783 -0.008214 0.02328  | -1.0473
-0.2531  1.281    0.8262   -0.04783 -0.01166 0.02328  | -1.0473
-0.2531  1.281    0.8262   -0.04783 -0.01166 0.02294  | -1.0473
-0.06289 1.376    0.9095   -0.04957 -0.01511 0.0226   | -1.0473
iteration 3...
-0.06289 1.376    0.9095   -0.04957 -0.01511 0.0226   | -1.0473
-0.06289 1.352    0.9095   -0.04957 -0.01511 0.0226   | -1.0473
-0.06289 1.352    0.7932   -0.04957 -0.01511 0.0226   | -1.0473
-0.06289 1.352    0.7932   -0.04957 -0.01511 0.0226   | -1.0473
-0.06289 1.352    0.7932   -0.04957 -0.01511 0.0226   | -1.0473
-0.06289 1.352    0.7932   -0.04957 -0.01511 0.0226   | -1.0473
iteration 4...
-0.08004 1.343    0.7857   -0.04941 -0.0148  0.02263  | -1.0473
-0.08004 1.343    0.7857   -0.04941 -0.0148  0.02263  | -1.0473
-0.08004 1.343    0.7857   -0.04941 -0.0148  0.02263  | -1.0473
-0.08004 1.343    0.7857   -0.04941 -0.0148  0.02263  | -1.0473
-0.08004 1.343    0.7857   -0.04941 -0.0148  0.02263  | -1.0473
-0.08004 1.343    0.7857   -0.04941 -0.0148  0.02263  | -1.0473
iteration 5...
-0.08004 1.343    0.7857   -0.04941 -0.0148  0.02263  | -1.0473
-0.08004 1.343    0.7857   -0.04941 -0.0148  0.02263  | -1.0473
-0.08004 1.343    0.7857   -0.04941 -0.0148  0.02263  | -1.0473
-0.08004 1.343    0.7857   -0.04941 -0.0148  0.02263  | -1.0473
-0.08004 1.343    0.7857   -0.04941 -0.0148  0.02263  | -1.0473
-0.08004 1.343    0.7857   -0.04941 -0.0148  0.02263  | -1.0473
Done    'Coregister: Estimate'
Done

CoReg Done in 34.617581 seconds

All done with coregistration.
>> >> 
No sandbox specified



Start   : Fri Dec  7 18:03:22 EST 2018
Finish  : Fri Dec  7 18:04:33 EST 2018


