
                            < M A T L A B (R) >
                  Copyright 1984-2015 The MathWorks, Inc.
                   R2015b (8.6.0.267246) 64-bit (glnxa64)
                              August 20, 2015

 
To get started, type one of these: helpwin, helpdesk, or demo.
For product information, visit www.mathworks.com.
 
    ----------------------------------------------------
	Your MATLAB license will expire in 53 days.
	Please contact your system administrator or
	MathWorks to renew this license.
    ----------------------------------------------------

	Academic License

>> >> >> >> Coregistation Script Created on 181207_22_06_19_346
>> >> >> >> >> >> [Warning: Name is nonexistent or not a directory:
/Users/rcwelsh/matlabScripts/WELLES/mfiles] 
[> In path (line 109)
  In addpath (line 86)] 
>> >> >> >> >> 
UMBatchJobName =

coregOverlay_181207_22_06_19_346_tehsheng_madcbrai

>> 
UMBatchProcessName =

coregOverlay

>> >> Initializing the job manager in SPM8

UMReSlice =

     0



Calling UMBatchCoReg with:
/nfs/fmri/Analysis/Sean_Working/Git_MADC/preprocess/../../Subjects_ASL/madc1373_5314/func//run_01/vasc_3dasl.nii
/nfs/fmri/Analysis/Sean_Working/Subjects_ASL/madc1373_5314/func/coReg/t1spgr.nii
UMReSlice:0
Entering UMBatchCoReg V2.0 for SPM8
Coreging /nfs/fmri/Analysis/Sean_Working/Subjects_ASL/madc1373_5314/func/coReg/t1spgr.nii to
         /nfs/fmri/Analysis/Sean_Working/Git_MADC/preprocess/../../Subjects_ASL/madc1373_5314/func//run_01/vasc_3dasl.nii


------------------------------------------------------------------------
Running job #1
------------------------------------------------------------------------
Running 'Coregister: Estimate'
iteration 1...
-1.127   0        0        0        0        0        | -1.0484
-1.127   -1.115   0        0        0        0        | -1.0485
-1.127   -1.115   -0.584   0        0        0        | -1.0485
-1.127   -1.115   -0.584   0.002721 0        0        | -1.0485
-1.127   -1.115   -0.584   0.002721 0        0        | -1.0485
-1.127   -1.115   -0.584   0.002721 0        0.001996 | -1.0485
iteration 2...
-1.186   -1.115   -0.584   0.002721 0        0.001996 | -1.0485
-1.186   -1.019   -0.584   0.002721 0        0.001996 | -1.0485
-1.186   -1.019   -0.4699  0.002721 0        0.001996 | -1.0485
-1.186   -1.019   -0.4699  0.003155 0        0.001996 | -1.0485
-1.186   -1.019   -0.4699  0.003155 -0.0008762 0.001996 | -1.0485
-1.186   -1.019   -0.4699  0.003155 -0.0008762 0.008839 | -1.0485
-1.227   -0.9511  -0.3896  0.003461 -0.001493 0.01365  | -1.0485
iteration 3...
-1.254   -0.9511  -0.3896  0.003461 -0.001493 0.01365  | -1.0485
-1.254   -0.9315  -0.3896  0.003461 -0.001493 0.01365  | -1.0485
-1.246   -0.9451  -0.4057  0.003399 -0.001369 0.01269  | -1.0485
-1.246   -0.9451  -0.4057  0.005512 -0.001369 0.01269  | -1.0486
-1.246   -0.9451  -0.4057  0.005512 -0.005193 0.01269  | -1.0486
-1.246   -0.9451  -0.4057  0.005512 -0.005193 0.01269  | -1.0486
iteration 4...
-1.246   -0.9451  -0.4057  0.005512 -0.005193 0.01269  | -1.0486
-1.246   -1.01    -0.4057  0.005512 -0.005193 0.01269  | -1.0486
-1.244   -1.012   -0.4082  0.005503 -0.005173 0.01253  | -1.0486
-1.244   -1.012   -0.4082  0.01498  -0.005173 0.01253  | -1.0486
-1.244   -1.012   -0.4082  0.01498  -0.005173 0.01253  | -1.0486
-1.244   -1.012   -0.4082  0.01498  -0.005173 0.01253  | -1.0486
iteration 5...
-1.242   -1.012   -0.4082  0.01498  -0.005173 0.01253  | -1.0486
-1.242   -1.116   -0.4082  0.01498  -0.005173 0.01253  | -1.0486
-1.242   -1.116   -0.4082  0.01498  -0.005173 0.01253  | -1.0486
-1.242   -1.116   -0.4082  0.01498  -0.005173 0.01253  | -1.0486
-1.242   -1.116   -0.4082  0.01498  -0.005173 0.01253  | -1.0486
-1.242   -1.116   -0.4082  0.01498  -0.005173 0.01253  | -1.0486
iteration 6...
-1.242   -1.116   -0.4082  0.01498  -0.005173 0.01253  | -1.0486
-1.242   -1.116   -0.4082  0.01498  -0.005173 0.01253  | -1.0486
-1.242   -1.116   -0.4082  0.01498  -0.005173 0.01253  | -1.0486
-1.242   -1.116   -0.4082  0.01498  -0.005173 0.01253  | -1.0486
-1.242   -1.116   -0.4082  0.01498  -0.005173 0.01253  | -1.0486
-1.242   -1.116   -0.4082  0.01498  -0.005173 0.01253  | -1.0486
iteration 1...
-1.464   -1.116   -0.4082  0.01498  -0.005173 0.01253  | -1.0486
-1.464   -1.348   -0.4082  0.01498  -0.005173 0.01253  | -1.0486
-1.464   -1.348   -0.6303  0.01498  -0.005173 0.01253  | -1.0486
-1.464   -1.348   -0.6303  -0.009503 -0.005173 0.01253  | -1.0487
-1.464   -1.348   -0.6303  -0.009503 -0.005173 0.01253  | -1.0487
-1.464   -1.348   -0.6303  -0.009503 -0.005173 0.02222  | -1.0487
iteration 2...
-1.464   -1.348   -0.6303  -0.009503 -0.005173 0.02222  | -1.0487
-1.464   -1.144   -0.6303  -0.009503 -0.005173 0.02222  | -1.0487
-1.464   -1.144   -1.306   -0.009503 -0.005173 0.02222  | -1.0487
-1.464   -1.144   -1.306   -0.009915 -0.005173 0.02222  | -1.0487
-1.464   -1.144   -1.306   -0.009915 -0.005809 0.02222  | -1.0487
-1.464   -1.144   -1.306   -0.009915 -0.005809 0.02222  | -1.0487
iteration 3...
-1.464   -1.144   -1.306   -0.009915 -0.005809 0.02222  | -1.0487
-1.464   -1.139   -1.306   -0.009915 -0.005809 0.02222  | -1.0487
-1.464   -1.139   -1.306   -0.009915 -0.005809 0.02222  | -1.0487
-1.464   -1.139   -1.306   -0.01114 -0.005809 0.02222  | -1.0487
-1.464   -1.139   -1.306   -0.01114 -0.006969 0.02222  | -1.0487
-1.464   -1.139   -1.306   -0.01114 -0.006969 0.02413  | -1.0487
iteration 4...
-1.463   -1.139   -1.306   -0.01114 -0.006969 0.02413  | -1.0487
-1.463   -1.124   -1.306   -0.01114 -0.006969 0.02413  | -1.0487
-1.463   -1.124   -1.322   -0.01114 -0.006969 0.02413  | -1.0487
-1.463   -1.124   -1.322   -0.01114 -0.006969 0.02413  | -1.0487
-1.463   -1.124   -1.322   -0.01114 -0.006969 0.02413  | -1.0487
-1.463   -1.124   -1.322   -0.01114 -0.006969 0.02413  | -1.0487
iteration 5...
-1.492   -1.124   -1.322   -0.01114 -0.006969 0.02413  | -1.0487
-1.492   -1.105   -1.322   -0.01114 -0.006969 0.02413  | -1.0487
-1.492   -1.105   -1.322   -0.01114 -0.006969 0.02413  | -1.0487
-1.492   -1.105   -1.322   -0.01114 -0.006969 0.02413  | -1.0487
-1.492   -1.105   -1.322   -0.01114 -0.006641 0.02413  | -1.0487
-1.492   -1.105   -1.322   -0.01114 -0.006641 0.02413  | -1.0487
iteration 6...
-1.492   -1.105   -1.322   -0.01114 -0.006641 0.02413  | -1.0487
-1.492   -1.106   -1.322   -0.01114 -0.006641 0.02413  | -1.0487
-1.492   -1.106   -1.322   -0.01114 -0.006641 0.02413  | -1.0487
-1.492   -1.106   -1.322   -0.01114 -0.006641 0.02413  | -1.0487
-1.492   -1.106   -1.322   -0.01114 -0.006637 0.02413  | -1.0487
-1.492   -1.106   -1.322   -0.01114 -0.006637 0.02413  | -1.0487
Done    'Coregister: Estimate'
Done

CoReg Done in 41.228302 seconds

All done with coregistration.
>> >> 
No sandbox specified



Start   : Fri Dec  7 22:06:22 EST 2018
Finish  : Fri Dec  7 22:07:41 EST 2018


