
                            < M A T L A B (R) >
                  Copyright 1984-2015 The MathWorks, Inc.
                   R2015b (8.6.0.267246) 64-bit (glnxa64)
                              August 20, 2015

 
To get started, type one of these: helpwin, helpdesk, or demo.
For product information, visit www.mathworks.com.
 
    ----------------------------------------------------
	Your MATLAB license will expire in 52 days.
	Please contact your system administrator or
	MathWorks to renew this license.
    ----------------------------------------------------

	Academic License

>> >> >> >> Coregistation Script Created on 181208_04_07_44_368
>> >> >> >> >> >> [Warning: Name is nonexistent or not a directory:
/Users/rcwelsh/matlabScripts/WELLES/mfiles] 
[> In path (line 109)
  In addpath (line 86)] 
>> >> >> >> >> 
UMBatchJobName =

coregOverlay_181208_04_07_44_368_tehsheng_madcbrai

>> 
UMBatchProcessName =

coregOverlay

>> >> Initializing the job manager in SPM8

UMReSlice =

     0



Calling UMBatchCoReg with:
/nfs/fmri/Analysis/Sean_Working/Git_MADC/preprocess/../../Subjects_ASL/madc1588_5891/func//run_01/vasc_3dasl.nii
/nfs/fmri/Analysis/Sean_Working/Subjects_ASL/madc1588_5891/func/coReg/t1spgr.nii
UMReSlice:0
Entering UMBatchCoReg V2.0 for SPM8
Coreging /nfs/fmri/Analysis/Sean_Working/Subjects_ASL/madc1588_5891/func/coReg/t1spgr.nii to
         /nfs/fmri/Analysis/Sean_Working/Git_MADC/preprocess/../../Subjects_ASL/madc1588_5891/func//run_01/vasc_3dasl.nii


------------------------------------------------------------------------
Running job #1
------------------------------------------------------------------------
Running 'Coregister: Estimate'
iteration 1...
0.4254   0        0        0        0        0        | -1.0385
0.4254   0.6336   0        0        0        0        | -1.0385
0.4254   0.6336   -2.578   0        0        0        | -1.0393
0.4254   0.6336   -2.578   -0.001358 0        0        | -1.0393
0.4254   0.6336   -2.578   -0.001358 0        0        | -1.0393
0.4254   0.6336   -2.578   -0.001358 0        0.02842  | -1.0395
iteration 2...
0.2933   0.6336   -2.578   -0.001358 0        0.02842  | -1.0395
0.2933   0.984    -2.578   -0.001358 0        0.02842  | -1.0395
0.2933   0.984    -2.636   -0.001358 0        0.02842  | -1.0395
0.2933   0.984    -2.636   -0.00108 0        0.02842  | -1.0395
0.2933   0.984    -2.636   -0.00108 0        0.02842  | -1.0395
0.2933   0.984    -2.636   -0.00108 0        0.02842  | -1.0395
iteration 3...
0.2933   0.984    -2.636   -0.00108 0        0.02842  | -1.0395
0.2933   0.9673   -2.636   -0.00108 0        0.02842  | -1.0395
0.2933   0.9673   -2.636   -0.00108 0        0.02842  | -1.0395
0.2933   0.9673   -2.636   -0.001013 0        0.02842  | -1.0395
0.2933   0.9673   -2.636   -0.001013 0        0.02842  | -1.0395
0.2933   0.9673   -2.636   -0.001013 0        0.02842  | -1.0395
iteration 1...
0.4524   0.9673   -2.636   -0.001013 0        0.02842  | -1.0394
0.4524   0.3317   -2.636   -0.001013 0        0.02842  | -1.0395
0.4524   0.3317   -2.508   -0.001013 0        0.02842  | -1.0395
0.4524   0.3317   -2.508   0.0005833 0        0.02842  | -1.0395
0.4524   0.3317   -2.508   0.0005833 0.001682 0.02842  | -1.0395
0.4524   0.3317   -2.508   0.0005833 0.001682 0.04029  | -1.0395
iteration 2...
0.3112   0.3317   -2.508   0.0005833 0.001682 0.04029  | -1.0395
0.3112   0.2679   -2.508   0.0005833 0.001682 0.04029  | -1.0395
0.3112   0.2679   -2.531   0.0005833 0.001682 0.04029  | -1.0395
0.3112   0.2679   -2.531   0.0008237 0.001682 0.04029  | -1.0395
0.3112   0.2679   -2.531   0.0008237 0.002699 0.04029  | -1.0395
0.3112   0.2679   -2.531   0.0008237 0.002699 0.04117  | -1.0395
0.08212  0.1643   -2.569   0.001214 0.004349 0.04261  | -1.0396
iteration 3...
0.08212  0.1643   -2.569   0.001214 0.004349 0.04261  | -1.0396
0.08212  0.2206   -2.569   0.001214 0.004349 0.04261  | -1.0396
0.08212  0.2206   -2.729   0.001214 0.004349 0.04261  | -1.0396
0.08212  0.2206   -2.729   0.001564 0.004349 0.04261  | -1.0396
0.08212  0.2206   -2.729   0.001564 0.005309 0.04261  | -1.0396
0.08212  0.2206   -2.729   0.001564 0.005309 0.04261  | -1.0396
iteration 4...
-0.07233 0.1507   -2.755   0.001827 0.006422 0.04357  | -1.0396
-0.07233 0.1507   -2.755   0.001827 0.006422 0.04357  | -1.0396
-0.07233 0.1507   -2.618   0.001827 0.006422 0.04357  | -1.0396
-0.07233 0.1507   -2.618   0.002049 0.006422 0.04357  | -1.0396
-0.07233 0.1507   -2.618   0.002049 0.008031 0.04357  | -1.0396
-0.07233 0.1507   -2.618   0.002049 0.008031 0.04357  | -1.0396
-0.2268  0.08087  -2.507   0.002534 0.01075  0.04454  | -1.0396
iteration 5...
-0.2268  0.08087  -2.507   0.002534 0.01075  0.04454  | -1.0396
-0.2268  0.08087  -2.507   0.002534 0.01075  0.04454  | -1.0396
-0.2268  0.08087  -2.465   0.002534 0.01075  0.04454  | -1.0396
-0.2268  0.08087  -2.465   0.004136 0.01075  0.04454  | -1.0396
-0.2268  0.08087  -2.465   0.004136 0.01045  0.04454  | -1.0396
-0.2268  0.08087  -2.465   0.004136 0.01045  0.04155  | -1.0396
iteration 6...
-0.2685  0.06198  -2.435   0.004268 0.01118  0.04181  | -1.0396
-0.2685  0.08428  -2.435   0.004268 0.01118  0.04181  | -1.0396
-0.2685  0.08428  -2.435   0.004268 0.01118  0.04181  | -1.0396
-0.2685  0.08428  -2.435   0.004268 0.01118  0.04181  | -1.0396
-0.2685  0.08428  -2.435   0.004268 0.01061  0.04181  | -1.0396
-0.2685  0.08428  -2.435   0.004268 0.01061  0.04181  | -1.0396
iteration 7...
-0.2685  0.08428  -2.435   0.004268 0.01061  0.04181  | -1.0396
-0.2685  0.08428  -2.435   0.004268 0.01061  0.04181  | -1.0396
-0.2685  0.08428  -2.432   0.004268 0.01061  0.04181  | -1.0396
-0.2685  0.08428  -2.432   0.004268 0.01061  0.04181  | -1.0396
-0.2685  0.08428  -2.432   0.004268 0.01061  0.04181  | -1.0396
-0.2685  0.08428  -2.432   0.004268 0.01061  0.04181  | -1.0396
Done    'Coregister: Estimate'
Done

CoReg Done in 41.987536 seconds

All done with coregistration.
>> >> 
No sandbox specified



Start   : Sat Dec  8 04:07:46 EST 2018
Finish  : Sat Dec  8 04:09:02 EST 2018


