
                            < M A T L A B (R) >
                  Copyright 1984-2015 The MathWorks, Inc.
                   R2015b (8.6.0.267246) 64-bit (glnxa64)
                              August 20, 2015

 
To get started, type one of these: helpwin, helpdesk, or demo.
For product information, visit www.mathworks.com.
 
    ----------------------------------------------------
	Your MATLAB license will expire in 53 days.
	Please contact your system administrator or
	MathWorks to renew this license.
    ----------------------------------------------------

	Academic License

>> >> >> >> Coregistation Script Created on 181207_19_09_57_249
>> >> >> >> >> >> [Warning: Name is nonexistent or not a directory:
/Users/rcwelsh/matlabScripts/WELLES/mfiles] 
[> In path (line 109)
  In addpath (line 86)] 
>> >> >> >> >> 
UMBatchJobName =

coregOverlay_181207_19_09_57_249_tehsheng_madcbrai

>> 
UMBatchProcessName =

coregOverlay

>> >> Initializing the job manager in SPM8

UMReSlice =

     0



Calling UMBatchCoReg with:
/nfs/fmri/Analysis/Sean_Working/Git_MADC/preprocess/../../Subjects_ASL/madc1492_5182/func//run_01/vasc_3dasl.nii
/nfs/fmri/Analysis/Sean_Working/Subjects_ASL/madc1492_5182/func/coReg/t1spgr.nii
UMReSlice:0
Entering UMBatchCoReg V2.0 for SPM8
Coreging /nfs/fmri/Analysis/Sean_Working/Subjects_ASL/madc1492_5182/func/coReg/t1spgr.nii to
         /nfs/fmri/Analysis/Sean_Working/Git_MADC/preprocess/../../Subjects_ASL/madc1492_5182/func//run_01/vasc_3dasl.nii


------------------------------------------------------------------------
Running job #1
------------------------------------------------------------------------
Running 'Coregister: Estimate'
iteration 1...
-0.2981  0        0        0        0        0        | -1.0411
-0.2981  -1.17    0        0        0        0        | -1.0412
-0.2981  -1.17    -3.6     0        0        0        | -1.0418
-0.2981  -1.17    -3.6     -0.05898 0        0        | -1.0421
-0.2981  -1.17    -3.6     -0.05898 0.008992 0        | -1.0421
-0.2981  -1.17    -3.6     -0.05898 0.008992 0.02     | -1.0423
iteration 2...
-0.2354  -1.17    -3.6     -0.05898 0.008992 0.02     | -1.0423
-0.2354  -1.055   -3.6     -0.05898 0.008992 0.02     | -1.0423
-0.2354  -1.055   -3.347   -0.05898 0.008992 0.02     | -1.0423
-0.2354  -1.055   -3.347   -0.05898 0.008992 0.02     | -1.0423
-0.2354  -1.055   -3.347   -0.05898 0.008992 0.02     | -1.0423
-0.2354  -1.055   -3.347   -0.05898 0.008992 0.02     | -1.0423
iteration 3...
-0.2117  -1.055   -3.347   -0.05898 0.008992 0.02     | -1.0423
-0.2117  -1.113   -3.347   -0.05898 0.008992 0.02     | -1.0423
-0.2117  -1.113   -3.347   -0.05898 0.008992 0.02     | -1.0423
-0.2117  -1.113   -3.347   -0.05898 0.008992 0.02     | -1.0423
-0.2117  -1.113   -3.347   -0.05898 0.008102 0.02     | -1.0423
-0.2117  -1.113   -3.347   -0.05898 0.008102 0.02     | -1.0423
iteration 4...
-0.1811  -1.113   -3.347   -0.05898 0.008102 0.02     | -1.0423
-0.1811  -1.113   -3.347   -0.05898 0.008102 0.02     | -1.0423
-0.1811  -1.113   -3.347   -0.05898 0.008102 0.02     | -1.0423
-0.1811  -1.113   -3.347   -0.05898 0.008102 0.02     | -1.0423
-0.1811  -1.113   -3.347   -0.05898 0.008102 0.02     | -1.0423
-0.1811  -1.113   -3.347   -0.05898 0.008102 0.02     | -1.0423
iteration 5...
-0.1811  -1.113   -3.347   -0.05898 0.008102 0.02     | -1.0423
-0.1811  -1.113   -3.347   -0.05898 0.008102 0.02     | -1.0423
-0.1811  -1.113   -3.347   -0.05898 0.008102 0.02     | -1.0423
-0.1811  -1.113   -3.347   -0.05898 0.008102 0.02     | -1.0423
-0.1811  -1.113   -3.347   -0.05898 0.008102 0.02     | -1.0423
-0.1811  -1.113   -3.347   -0.05898 0.008102 0.02     | -1.0423
iteration 1...
-0.2841  -1.113   -3.347   -0.05898 0.008102 0.02     | -1.0421
-0.2841  -1.548   -3.347   -0.05898 0.008102 0.02     | -1.0422
-0.2841  -1.548   -3.875   -0.05898 0.008102 0.02     | -1.0422
-0.2841  -1.548   -3.875   -0.05487 0.008102 0.02     | -1.0422
-0.2841  -1.548   -3.875   -0.05487 0.01865  0.02     | -1.0422
-0.2841  -1.548   -3.875   -0.05487 0.01865  0.03345  | -1.0422
iteration 2...
-0.2841  -1.548   -3.875   -0.05487 0.01865  0.03345  | -1.0422
-0.2841  -1.168   -3.875   -0.05487 0.01865  0.03345  | -1.0422
-0.2841  -1.168   -3.769   -0.05487 0.01865  0.03345  | -1.0422
-0.2841  -1.168   -3.769   -0.04884 0.01865  0.03345  | -1.0422
-0.2841  -1.168   -3.769   -0.04884 0.01865  0.03345  | -1.0422
-0.2841  -1.168   -3.769   -0.04884 0.01865  0.03333  | -1.0422
iteration 3...
-0.3464  -1.168   -3.769   -0.04884 0.01865  0.03333  | -1.0422
-0.3464  -1.132   -3.769   -0.04884 0.01865  0.03333  | -1.0422
-0.3464  -1.132   -3.78    -0.04884 0.01865  0.03333  | -1.0422
-0.3464  -1.132   -3.78    -0.04884 0.01865  0.03333  | -1.0422
-0.3464  -1.132   -3.78    -0.04884 0.01948  0.03333  | -1.0422
-0.3464  -1.132   -3.78    -0.04884 0.01948  0.034    | -1.0422
iteration 4...
-0.3897  -1.132   -3.78    -0.04884 0.01948  0.034    | -1.0422
-0.3897  -1.108   -3.78    -0.04884 0.01948  0.034    | -1.0422
-0.3897  -1.108   -3.837   -0.04884 0.01948  0.034    | -1.0422
-0.3897  -1.108   -3.837   -0.04884 0.01948  0.034    | -1.0422
-0.3897  -1.108   -3.837   -0.04884 0.01987  0.034    | -1.0422
-0.3897  -1.108   -3.837   -0.04884 0.01987  0.034    | -1.0422
iteration 5...
-0.3897  -1.108   -3.837   -0.04884 0.01987  0.034    | -1.0422
-0.3897  -1.104   -3.837   -0.04884 0.01987  0.034    | -1.0422
-0.3897  -1.104   -3.856   -0.04884 0.01987  0.034    | -1.0422
-0.3897  -1.104   -3.856   -0.04884 0.01987  0.034    | -1.0422
-0.3897  -1.104   -3.856   -0.04884 0.01987  0.034    | -1.0422
-0.3897  -1.104   -3.856   -0.04884 0.01987  0.034    | -1.0422
Done    'Coregister: Estimate'
Done

CoReg Done in 34.573769 seconds

All done with coregistration.
>> >> 
No sandbox specified



Start   : Fri Dec  7 19:09:59 EST 2018
Finish  : Fri Dec  7 19:11:08 EST 2018


