
                            < M A T L A B (R) >
                  Copyright 1984-2015 The MathWorks, Inc.
                   R2015b (8.6.0.267246) 64-bit (glnxa64)
                              August 20, 2015

 
To get started, type one of these: helpwin, helpdesk, or demo.
For product information, visit www.mathworks.com.
 
    ----------------------------------------------------
	Your MATLAB license will expire in 53 days.
	Please contact your system administrator or
	MathWorks to renew this license.
    ----------------------------------------------------

	Academic License

>> >> >> >> Coregistation Script Created on 181207_23_31_23_060
>> >> >> >> >> >> [Warning: Name is nonexistent or not a directory:
/Users/rcwelsh/matlabScripts/WELLES/mfiles] 
[> In path (line 109)
  In addpath (line 86)] 
>> >> >> >> >> 
UMBatchJobName =

coregOverlay_181207_23_31_23_060_tehsheng_madcbrai

>> 
UMBatchProcessName =

coregOverlay

>> >> Initializing the job manager in SPM8

UMReSlice =

     0



Calling UMBatchCoReg with:
/nfs/fmri/Analysis/Sean_Working/Git_MADC/preprocess/../../Subjects_ASL/madc1395_5848/func//run_01/vasc_3dasl.nii
/nfs/fmri/Analysis/Sean_Working/Subjects_ASL/madc1395_5848/func/coReg/t1spgr.nii
UMReSlice:0
Entering UMBatchCoReg V2.0 for SPM8
Coreging /nfs/fmri/Analysis/Sean_Working/Subjects_ASL/madc1395_5848/func/coReg/t1spgr.nii to
         /nfs/fmri/Analysis/Sean_Working/Git_MADC/preprocess/../../Subjects_ASL/madc1395_5848/func//run_01/vasc_3dasl.nii


------------------------------------------------------------------------
Running job #1
------------------------------------------------------------------------
Running 'Coregister: Estimate'
iteration 1...
-0.04826 0        0        0        0        0        | -1.0415
-0.04826 -0.6015  0        0        0        0        | -1.0415
-0.04826 -0.6015  0.1558   0        0        0        | -1.0415
-0.04826 -0.6015  0.1558   -0.06062 0        0        | -1.0418
-0.04826 -0.6015  0.1558   -0.06062 0.01492  0        | -1.0418
-0.04826 -0.6015  0.1558   -0.06062 0.01492  0.009958 | -1.0419
iteration 2...
-0.7491  -0.6015  0.1558   -0.06062 0.01492  0.009958 | -1.0419
-0.7491  0.1841   0.1558   -0.06062 0.01492  0.009958 | -1.042
-0.7491  0.1841   0.2556   -0.06062 0.01492  0.009958 | -1.042
-0.7491  0.1841   0.2556   -0.0631  0.01492  0.009958 | -1.042
-0.7491  0.1841   0.2556   -0.0631  0.02197  0.009958 | -1.042
-0.7491  0.1841   0.2556   -0.0631  0.02197  0.008524 | -1.042
iteration 3...
-0.7491  0.1841   0.2556   -0.0631  0.02197  0.008524 | -1.042
-0.7491  0.2601   0.2556   -0.0631  0.02197  0.008524 | -1.0421
-0.7491  0.2601   0.1552   -0.0631  0.02197  0.008524 | -1.0421
-0.7491  0.2601   0.1552   -0.0631  0.02197  0.008524 | -1.0421
-0.7491  0.2601   0.1552   -0.0631  0.02394  0.008524 | -1.0421
-0.7491  0.2601   0.1552   -0.0631  0.02394  0.008524 | -1.0421
-0.7491  0.3539   0.03121  -0.0631  0.02637  0.008524 | -1.0421
iteration 4...
-0.7491  0.3539   0.03121  -0.0631  0.02637  0.008524 | -1.0421
-0.7491  0.3268   0.03121  -0.0631  0.02637  0.008524 | -1.0421
-0.7491  0.3268   0.06115  -0.0631  0.02637  0.008524 | -1.0421
-0.7491  0.3268   0.06115  -0.06327 0.02637  0.008524 | -1.0421
-0.7491  0.3268   0.06115  -0.06327 0.02637  0.008524 | -1.0421
-0.7491  0.3268   0.06115  -0.06327 0.02637  0.008524 | -1.0421
iteration 5...
-0.7491  0.3268   0.06115  -0.06327 0.02637  0.008524 | -1.0421
-0.7491  0.3347   0.06115  -0.06327 0.02637  0.008524 | -1.0421
-0.7491  0.3347   0.06115  -0.06327 0.02637  0.008524 | -1.0421
-0.7491  0.3347   0.06115  -0.06327 0.02637  0.008524 | -1.0421
-0.7491  0.3347   0.06115  -0.06327 0.02637  0.008524 | -1.0421
-0.7491  0.3347   0.06115  -0.06327 0.02637  0.008524 | -1.0421
iteration 1...
-0.9249  0.3347   0.06115  -0.06327 0.02637  0.008524 | -1.0418
-0.9249  -0.4238  0.06115  -0.06327 0.02637  0.008524 | -1.0418
-0.9249  -0.4238  0.2949   -0.06327 0.02637  0.008524 | -1.0418
-0.9249  -0.4238  0.2949   -0.09643 0.02637  0.008524 | -1.0419
-0.9249  -0.4238  0.2949   -0.09643 0.03658  0.008524 | -1.0419
-0.9249  -0.4238  0.2949   -0.09643 0.03658  0.02387  | -1.0419
iteration 2...
-1.217   -0.4238  0.2949   -0.09643 0.03658  0.02387  | -1.042
-1.217   -0.3469  0.2949   -0.09643 0.03658  0.02387  | -1.042
-1.217   -0.3469  1.342    -0.09643 0.03658  0.02387  | -1.042
-1.217   -0.3469  1.342    -0.1004  0.03658  0.02387  | -1.042
-1.217   -0.3469  1.342    -0.1004  0.04104  0.02387  | -1.042
-1.217   -0.3469  1.342    -0.1004  0.04104  0.02387  | -1.042
iteration 3...
-1.409   -0.3469  1.342    -0.1004  0.04104  0.02387  | -1.042
-1.409   -0.3469  1.342    -0.1004  0.04104  0.02387  | -1.042
-1.409   -0.3469  1.558    -0.1004  0.04104  0.02387  | -1.042
-1.409   -0.3469  1.558    -0.1004  0.04104  0.02387  | -1.042
-1.409   -0.3469  1.558    -0.1004  0.04404  0.02387  | -1.042
-1.409   -0.3469  1.558    -0.1004  0.04404  0.02387  | -1.042
iteration 4...
-1.509   -0.3469  1.558    -0.1004  0.04404  0.02387  | -1.042
-1.509   -0.3469  1.558    -0.1004  0.04404  0.02387  | -1.042
-1.509   -0.3469  1.526    -0.1004  0.04404  0.02387  | -1.042
-1.509   -0.3469  1.526    -0.1004  0.04404  0.02387  | -1.042
-1.509   -0.3469  1.526    -0.1004  0.04494  0.02387  | -1.042
-1.509   -0.3469  1.526    -0.1004  0.04494  0.02387  | -1.042
iteration 5...
-1.524   -0.3469  1.526    -0.1004  0.04494  0.02387  | -1.042
-1.524   -0.3469  1.526    -0.1004  0.04494  0.02387  | -1.042
-1.524   -0.3469  1.493    -0.1004  0.04494  0.02387  | -1.042
-1.524   -0.3469  1.493    -0.1004  0.04494  0.02387  | -1.042
-1.524   -0.3469  1.493    -0.1004  0.04494  0.02387  | -1.042
-1.524   -0.3469  1.493    -0.1004  0.04494  0.02387  | -1.042
iteration 6...
-1.524   -0.3469  1.493    -0.1004  0.04494  0.02387  | -1.042
-1.524   -0.3469  1.493    -0.1004  0.04494  0.02387  | -1.042
-1.524   -0.3469  1.457    -0.1004  0.04494  0.02387  | -1.042
-1.524   -0.3469  1.457    -0.1004  0.04494  0.02387  | -1.042
-1.524   -0.3469  1.457    -0.1004  0.04494  0.02387  | -1.042
-1.524   -0.3469  1.457    -0.1004  0.04494  0.02387  | -1.042
iteration 7...
-1.524   -0.3469  1.457    -0.1004  0.04494  0.02387  | -1.042
-1.524   -0.3469  1.457    -0.1004  0.04494  0.02387  | -1.042
-1.524   -0.3469  1.457    -0.1004  0.04494  0.02387  | -1.042
-1.524   -0.3469  1.457    -0.1004  0.04494  0.02387  | -1.042
-1.524   -0.3469  1.457    -0.1004  0.04494  0.02387  | -1.042
-1.524   -0.3469  1.457    -0.1004  0.04494  0.02387  | -1.042
Done    'Coregister: Estimate'
Done

CoReg Done in 44.487894 seconds

All done with coregistration.
>> >> 
No sandbox specified



Start   : Fri Dec  7 23:31:27 EST 2018
Finish  : Fri Dec  7 23:32:46 EST 2018


