
                            < M A T L A B (R) >
                  Copyright 1984-2015 The MathWorks, Inc.
                   R2015b (8.6.0.267246) 64-bit (glnxa64)
                              August 20, 2015

 
To get started, type one of these: helpwin, helpdesk, or demo.
For product information, visit www.mathworks.com.
 
    ----------------------------------------------------
	Your MATLAB license will expire in 53 days.
	Please contact your system administrator or
	MathWorks to renew this license.
    ----------------------------------------------------

	Academic License

>> >> >> >> Coregistation Script Created on 181207_21_44_01_427
>> >> >> >> >> >> [Warning: Name is nonexistent or not a directory:
/Users/rcwelsh/matlabScripts/WELLES/mfiles] 
[> In path (line 109)
  In addpath (line 86)] 
>> >> >> >> >> 
UMBatchJobName =

coregOverlay_181207_21_44_01_427_tehsheng_madcbrai

>> 
UMBatchProcessName =

coregOverlay

>> >> Initializing the job manager in SPM8

UMReSlice =

     0



Calling UMBatchCoReg with:
/nfs/fmri/Analysis/Sean_Working/Git_MADC/preprocess/../../Subjects_ASL/madc1531_5159/func//run_01/vasc_3dasl.nii
/nfs/fmri/Analysis/Sean_Working/Subjects_ASL/madc1531_5159/func/coReg/t1spgr.nii
UMReSlice:0
Entering UMBatchCoReg V2.0 for SPM8
Coreging /nfs/fmri/Analysis/Sean_Working/Subjects_ASL/madc1531_5159/func/coReg/t1spgr.nii to
         /nfs/fmri/Analysis/Sean_Working/Git_MADC/preprocess/../../Subjects_ASL/madc1531_5159/func//run_01/vasc_3dasl.nii


------------------------------------------------------------------------
Running job #1
------------------------------------------------------------------------
Running 'Coregister: Estimate'
iteration 1...
-0.6111  0        0        0        0        0        | -1.0316
-0.6111  -2.433   0        0        0        0        | -1.0319
-0.6111  -2.433   -4.332   0        0        0        | -1.0324
-0.6111  -2.433   -4.332   0        0        0        | -1.0324
-0.6111  -2.433   -4.332   0        0        0        | -1.0324
-0.6111  -2.433   -4.332   0        0        0.02689  | -1.0325
iteration 2...
-0.9503  -2.433   -4.332   0        0        0.02689  | -1.0325
-0.9503  -2.165   -4.332   0        0        0.02689  | -1.0325
-0.9503  -2.165   -3.995   0        0        0.02689  | -1.0325
-0.9503  -2.165   -3.995   -0.001706 0        0.02689  | -1.0325
-0.9503  -2.165   -3.995   -0.001706 0.07038  0.02689  | -1.0327
-0.9503  -2.165   -3.995   -0.001706 0.07038  0.02689  | -1.0327
iteration 3...
-0.9503  -2.165   -3.995   -0.001706 0.07038  0.02689  | -1.0327
-0.9503  -2.134   -3.995   -0.001706 0.07038  0.02689  | -1.0327
-0.9503  -2.134   -3.853   -0.001706 0.07038  0.02689  | -1.0327
-0.9503  -2.134   -3.853   0.01043  0.07038  0.02689  | -1.0327
-0.9503  -2.134   -3.853   0.01043  0.06215  0.02689  | -1.0327
-0.9503  -2.134   -3.853   0.01043  0.06215  0.02689  | -1.0327
iteration 4...
-1.206   -2.134   -3.853   0.01043  0.06215  0.02689  | -1.0327
-1.206   -2.005   -3.853   0.01043  0.06215  0.02689  | -1.0327
-1.206   -2.005   -3.261   0.01043  0.06215  0.02689  | -1.0328
-1.206   -2.005   -3.261   0.01196  0.06215  0.02689  | -1.0328
-1.206   -2.005   -3.261   0.01196  0.06215  0.02689  | -1.0328
-1.206   -2.005   -3.261   0.01196  0.06215  0.02689  | -1.0328
iteration 5...
-1.206   -2.005   -3.261   0.01196  0.06215  0.02689  | -1.0328
-1.206   -2.005   -3.261   0.01196  0.06215  0.02689  | -1.0328
-1.206   -2.005   -3.229   0.01196  0.06215  0.02689  | -1.0328
-1.206   -2.005   -3.229   0.01196  0.06215  0.02689  | -1.0328
-1.206   -2.005   -3.229   0.01196  0.06215  0.02689  | -1.0328
-1.206   -2.005   -3.229   0.01196  0.06215  0.02689  | -1.0328
iteration 6...
-1.206   -2.005   -3.229   0.01196  0.06215  0.02689  | -1.0328
-1.206   -2.012   -3.229   0.01196  0.06215  0.02689  | -1.0328
-1.206   -2.012   -3.229   0.01196  0.06215  0.02689  | -1.0328
-1.206   -2.012   -3.229   0.01196  0.06215  0.02689  | -1.0328
-1.206   -2.012   -3.229   0.01196  0.06215  0.02689  | -1.0328
-1.206   -2.012   -3.229   0.01196  0.06215  0.02689  | -1.0328
iteration 1...
-1.147   -2.012   -3.229   0.01196  0.06215  0.02689  | -1.0327
-1.147   -1.899   -3.229   0.01196  0.06215  0.02689  | -1.0327
-1.147   -1.899   -3.528   0.01196  0.06215  0.02689  | -1.0327
-1.147   -1.899   -3.528   0.02225  0.06215  0.02689  | -1.0328
-1.147   -1.899   -3.528   0.02225  0.09234  0.02689  | -1.0328
-1.147   -1.899   -3.528   0.02225  0.09234  0.03975  | -1.0328
iteration 2...
-1.483   -1.899   -3.528   0.02225  0.09234  0.03975  | -1.0328
-1.483   -2.027   -3.528   0.02225  0.09234  0.03975  | -1.0328
-1.483   -2.027   -2.868   0.02225  0.09234  0.03975  | -1.0329
-1.483   -2.027   -2.868   0.02166  0.09234  0.03975  | -1.0329
-1.483   -2.027   -2.868   0.02166  0.09113  0.03975  | -1.0329
-1.483   -2.027   -2.868   0.02166  0.09113  0.04293  | -1.0329
iteration 3...
-1.483   -2.027   -2.868   0.02166  0.09113  0.04293  | -1.0329
-1.483   -2       -2.868   0.02166  0.09113  0.04293  | -1.0329
-1.483   -2       -2.852   0.02166  0.09113  0.04293  | -1.0329
-1.483   -2       -2.852   0.02127  0.09113  0.04293  | -1.0329
-1.483   -2       -2.852   0.02127  0.09295  0.04293  | -1.0329
-1.483   -2       -2.852   0.02127  0.09295  0.04464  | -1.0329
iteration 4...
-1.577   -2       -2.852   0.02127  0.09295  0.04464  | -1.0329
-1.577   -1.948   -2.852   0.02127  0.09295  0.04464  | -1.0329
-1.577   -1.948   -2.846   0.02127  0.09295  0.04464  | -1.0329
-1.577   -1.948   -2.846   0.01972  0.09295  0.04464  | -1.0329
-1.577   -1.948   -2.846   0.01972  0.09295  0.04464  | -1.0329
-1.577   -1.948   -2.846   0.01972  0.09295  0.04596  | -1.0329
iteration 5...
-1.577   -1.948   -2.846   0.01972  0.09295  0.04596  | -1.0329
-1.577   -1.963   -2.846   0.01972  0.09295  0.04596  | -1.0329
-1.577   -1.963   -2.865   0.01972  0.09295  0.04596  | -1.0329
-1.577   -1.963   -2.865   0.01885  0.09295  0.04596  | -1.0329
-1.577   -1.963   -2.865   0.01885  0.09295  0.04596  | -1.0329
-1.577   -1.963   -2.865   0.01885  0.09295  0.04596  | -1.0329
iteration 6...
-1.577   -1.963   -2.865   0.01885  0.09295  0.04596  | -1.0329
-1.577   -1.947   -2.865   0.01885  0.09295  0.04596  | -1.0329
-1.577   -1.947   -2.896   0.01885  0.09295  0.04596  | -1.0329
-1.577   -1.947   -2.896   0.01864  0.09295  0.04596  | -1.0329
-1.577   -1.947   -2.896   0.01864  0.09295  0.04596  | -1.0329
-1.577   -1.947   -2.896   0.01864  0.09295  0.04596  | -1.0329
iteration 7...
-1.577   -1.947   -2.896   0.01864  0.09295  0.04596  | -1.0329
-1.577   -1.946   -2.896   0.01864  0.09295  0.04596  | -1.0329
-1.577   -1.946   -2.896   0.01864  0.09295  0.04596  | -1.0329
-1.577   -1.946   -2.896   0.01806  0.09295  0.04596  | -1.0329
-1.577   -1.946   -2.896   0.01806  0.09295  0.04596  | -1.0329
-1.577   -1.946   -2.896   0.01806  0.09295  0.04596  | -1.0329
Done    'Coregister: Estimate'
Done

CoReg Done in 44.047135 seconds

All done with coregistration.
>> >> 
No sandbox specified



Start   : Fri Dec  7 21:44:07 EST 2018
Finish  : Fri Dec  7 21:45:47 EST 2018


