
                            < M A T L A B (R) >
                  Copyright 1984-2015 The MathWorks, Inc.
                   R2015b (8.6.0.267246) 64-bit (glnxa64)
                              August 20, 2015

 
To get started, type one of these: helpwin, helpdesk, or demo.
For product information, visit www.mathworks.com.
 
    ----------------------------------------------------
	Your MATLAB license will expire in 53 days.
	Please contact your system administrator or
	MathWorks to renew this license.
    ----------------------------------------------------

	Academic License

>> >> >> >> Coregistation Script Created on 181207_16_36_32_439
>> >> >> >> >> >> [Warning: Name is nonexistent or not a directory:
/Users/rcwelsh/matlabScripts/WELLES/mfiles] 
[> In path (line 109)
  In addpath (line 86)] 
>> >> >> >> >> 
UMBatchJobName =

coregOverlay_181207_16_36_32_439_tehsheng_madcbrai

>> 
UMBatchProcessName =

coregOverlay

>> >> Initializing the job manager in SPM8

UMReSlice =

     0



Calling UMBatchCoReg with:
/nfs/fmri/Analysis/Sean_Working/Git_MADC/preprocess/../../Subjects_ASL/madc0799_5795/func//run_01/vasc_3dasl.nii
/nfs/fmri/Analysis/Sean_Working/Subjects_ASL/madc0799_5795/func/coReg/t1spgr.nii
UMReSlice:0
Entering UMBatchCoReg V2.0 for SPM8
Coreging /nfs/fmri/Analysis/Sean_Working/Subjects_ASL/madc0799_5795/func/coReg/t1spgr.nii to
         /nfs/fmri/Analysis/Sean_Working/Git_MADC/preprocess/../../Subjects_ASL/madc0799_5795/func//run_01/vasc_3dasl.nii


------------------------------------------------------------------------
Running job #1
------------------------------------------------------------------------
Running 'Coregister: Estimate'
iteration 1...
0.7792   0        0        0        0        0        | -1.042
0.7792   -4.416   0        0        0        0        | -1.0429
0.7792   -4.416   -0.1774  0        0        0        | -1.0429
0.7792   -4.416   -0.1774  0.0327   0        0        | -1.043
0.7792   -4.416   -0.1774  0.0327   -0.0001913 0        | -1.043
0.7792   -4.416   -0.1774  0.0327   -0.0001913 0.02705  | -1.0432
iteration 2...
0.7792   -4.416   -0.1774  0.0327   -0.0001913 0.02705  | -1.0432
0.7792   -3.67    -0.1774  0.0327   -0.0001913 0.02705  | -1.0433
0.7792   -3.67    -0.1774  0.0327   -0.0001913 0.02705  | -1.0433
0.7792   -3.67    -0.1774  0.02828  -0.0001913 0.02705  | -1.0433
0.7792   -3.67    -0.1774  0.02828  -0.0001913 0.02705  | -1.0433
0.7792   -3.67    -0.1774  0.02828  -0.0001913 0.02705  | -1.0433
iteration 3...
0.7792   -3.67    -0.1774  0.02828  -0.0001913 0.02705  | -1.0433
0.7792   -3.415   -0.1774  0.02828  -0.0001913 0.02705  | -1.0433
0.7792   -3.415   -0.2261  0.02828  -0.0001913 0.02705  | -1.0433
0.7792   -3.415   -0.2261  0.02672  -0.0001913 0.02705  | -1.0433
0.7792   -3.415   -0.2261  0.02672  -0.0001913 0.02705  | -1.0433
0.7792   -3.415   -0.2261  0.02672  -0.0001913 0.02687  | -1.0433
iteration 4...
0.7792   -3.415   -0.2261  0.02672  -0.0001913 0.02687  | -1.0433
0.7792   -3.377   -0.2261  0.02672  -0.0001913 0.02687  | -1.0433
0.7792   -3.377   -0.2851  0.02672  -0.0001913 0.02687  | -1.0433
0.7792   -3.377   -0.2851  0.02672  -0.0001913 0.02687  | -1.0433
0.7792   -3.377   -0.2851  0.02672  -0.0001913 0.02687  | -1.0433
0.7792   -3.377   -0.2851  0.02672  -0.0001913 0.02687  | -1.0433
iteration 5...
0.7818   -3.377   -0.2851  0.02672  -0.0001913 0.02687  | -1.0433
0.7818   -3.377   -0.2851  0.02672  -0.0001913 0.02687  | -1.0433
0.7818   -3.377   -0.2851  0.02672  -0.0001913 0.02687  | -1.0433
0.7818   -3.377   -0.2851  0.02672  -0.0001913 0.02687  | -1.0433
0.7818   -3.377   -0.2851  0.02672  -0.0001913 0.02687  | -1.0433
0.7818   -3.377   -0.2851  0.02672  -0.0001913 0.02675  | -1.0433
iteration 1...
0.711    -3.377   -0.2851  0.02672  -0.0001913 0.02675  | -1.0432
0.711    -3.781   -0.2851  0.02672  -0.0001913 0.02675  | -1.0432
0.711    -3.781   -1.082   0.02672  -0.0001913 0.02675  | -1.0432
0.711    -3.781   -1.082   0.0105   -0.0001913 0.02675  | -1.0433
0.711    -3.781   -1.082   0.0105   -0.004645 0.02675  | -1.0433
0.711    -3.781   -1.082   0.0105   -0.004645 0.04675  | -1.0433
iteration 2...
0.711    -3.781   -1.082   0.0105   -0.004645 0.04675  | -1.0433
0.711    -3.572   -1.082   0.0105   -0.004645 0.04675  | -1.0433
0.711    -3.572   -1.201   0.0105   -0.004645 0.04675  | -1.0433
0.711    -3.572   -1.201   0.004713 -0.004645 0.04675  | -1.0433
0.711    -3.572   -1.201   0.004713 0.001307 0.04675  | -1.0433
0.711    -3.572   -1.201   0.004713 0.001307 0.0467   | -1.0433
iteration 3...
0.5572   -3.572   -1.201   0.004713 0.001307 0.0467   | -1.0433
0.5572   -3.516   -1.201   0.004713 0.001307 0.0467   | -1.0433
0.5572   -3.516   -1.487   0.004713 0.001307 0.0467   | -1.0433
0.5572   -3.516   -1.487   0.002562 0.001307 0.0467   | -1.0434
0.5572   -3.516   -1.487   0.002562 0.002148 0.0467   | -1.0434
0.5572   -3.516   -1.487   0.002562 0.002148 0.04739  | -1.0434
iteration 4...
0.5572   -3.516   -1.487   0.002562 0.002148 0.04739  | -1.0434
0.5572   -3.452   -1.487   0.002562 0.002148 0.04739  | -1.0434
0.5572   -3.452   -1.494   0.002562 0.002148 0.04739  | -1.0434
0.5572   -3.452   -1.494   0.002141 0.002148 0.04739  | -1.0434
0.5572   -3.452   -1.494   0.002141 0.002252 0.04739  | -1.0434
0.5572   -3.452   -1.494   0.002141 0.002252 0.04739  | -1.0434
iteration 5...
0.5513   -3.452   -1.494   0.002141 0.002252 0.04739  | -1.0434
0.5513   -3.44    -1.494   0.002141 0.002252 0.04739  | -1.0434
0.5513   -3.44    -1.494   0.002141 0.002252 0.04739  | -1.0434
0.5513   -3.44    -1.494   0.002141 0.002252 0.04739  | -1.0434
0.5513   -3.44    -1.494   0.002141 0.002252 0.04739  | -1.0434
0.5513   -3.44    -1.494   0.002141 0.002252 0.04739  | -1.0434
Done    'Coregister: Estimate'
Done

CoReg Done in 33.349247 seconds

All done with coregistration.
>> >> 
No sandbox specified



Start   : Fri Dec  7 16:36:34 EST 2018
Finish  : Fri Dec  7 16:37:49 EST 2018


