
                            < M A T L A B (R) >
                  Copyright 1984-2015 The MathWorks, Inc.
                   R2015b (8.6.0.267246) 64-bit (glnxa64)
                              August 20, 2015

 
To get started, type one of these: helpwin, helpdesk, or demo.
For product information, visit www.mathworks.com.
 
    ----------------------------------------------------
	Your MATLAB license will expire in 50 days.
	Please contact your system administrator or
	MathWorks to renew this license.
    ----------------------------------------------------

	Academic License

>> >> >> >> Coregistation Script Created on 181210_16_57_54_191
>> >> >> >> >> >> [Warning: Name is nonexistent or not a directory:
/Users/rcwelsh/matlabScripts/WELLES/mfiles] 
[> In path (line 109)
  In addpath (line 86)] 
>> >> >> >> >> 
UMBatchJobName =

coregOverlay_181210_16_57_54_191_tehsheng_madcbrai

>> 
UMBatchProcessName =

coregOverlay

>> >> Initializing the job manager in SPM8

UMReSlice =

     0



Calling UMBatchCoReg with:
/nfs/fmri/Analysis/Sean_Working/Git_MADC/preprocess/../../Subjects_ASL/madc1519_5232/func//run_01/vasc_3dasl.nii
/nfs/fmri/Analysis/Sean_Working/Subjects_ASL/madc1519_5232/func/coReg/t1spgr.nii
UMReSlice:0
Entering UMBatchCoReg V2.0 for SPM8
Coreging /nfs/fmri/Analysis/Sean_Working/Subjects_ASL/madc1519_5232/func/coReg/t1spgr.nii to
         /nfs/fmri/Analysis/Sean_Working/Git_MADC/preprocess/../../Subjects_ASL/madc1519_5232/func//run_01/vasc_3dasl.nii


------------------------------------------------------------------------
Running job #1
------------------------------------------------------------------------
Running 'Coregister: Estimate'
iteration 1...
0.7683   0        0        0        0        0        | -1.0391
0.7683   0.8247   0        0        0        0        | -1.0391
0.7683   0.8247   -4.093   0        0        0        | -1.0397
0.7683   0.8247   -4.093   -0.01895 0        0        | -1.0397
0.7683   0.8247   -4.093   -0.01895 -0.02662 0        | -1.0398
0.7683   0.8247   -4.093   -0.01895 -0.02662 0.04935  | -1.0401
iteration 2...
0.819    0.8247   -4.093   -0.01895 -0.02662 0.04935  | -1.0401
0.819    0.3369   -4.093   -0.01895 -0.02662 0.04935  | -1.0401
0.819    0.3369   -4.215   -0.01895 -0.02662 0.04935  | -1.0401
0.819    0.3369   -4.215   -0.02274 -0.02662 0.04935  | -1.0401
0.819    0.3369   -4.215   -0.02274 -0.01256 0.04935  | -1.0402
0.819    0.3369   -4.215   -0.02274 -0.01256 0.05023  | -1.0402
iteration 3...
0.6322   0.3369   -4.215   -0.02274 -0.01256 0.05023  | -1.0402
0.6322   0.4804   -4.215   -0.02274 -0.01256 0.05023  | -1.0402
0.6322   0.4804   -4.305   -0.02274 -0.01256 0.05023  | -1.0402
0.6322   0.4804   -4.305   -0.02083 -0.01256 0.05023  | -1.0402
0.6322   0.4804   -4.305   -0.02083 -0.01074 0.05023  | -1.0402
0.6322   0.4804   -4.305   -0.02083 -0.01074 0.05431  | -1.0402
iteration 4...
0.5614   0.4804   -4.305   -0.02083 -0.01074 0.05431  | -1.0402
0.5614   0.5032   -4.305   -0.02083 -0.01074 0.05431  | -1.0402
0.5614   0.5032   -4.257   -0.02083 -0.01074 0.05431  | -1.0402
0.5614   0.5032   -4.257   -0.023   -0.01074 0.05431  | -1.0402
0.5614   0.5032   -4.257   -0.023   -0.01074 0.05431  | -1.0402
0.5614   0.5032   -4.257   -0.023   -0.01074 0.05431  | -1.0402
iteration 5...
0.5614   0.5032   -4.257   -0.023   -0.01074 0.05431  | -1.0402
0.5614   0.4505   -4.257   -0.023   -0.01074 0.05431  | -1.0402
0.5614   0.4505   -4.318   -0.023   -0.01074 0.05431  | -1.0402
0.5614   0.4505   -4.318   -0.02371 -0.01074 0.05431  | -1.0402
0.5614   0.4505   -4.318   -0.02371 -0.01074 0.05431  | -1.0402
0.5614   0.4505   -4.318   -0.02371 -0.01074 0.05431  | -1.0402
iteration 6...
0.5614   0.4505   -4.318   -0.02371 -0.01074 0.05431  | -1.0402
0.5614   0.4505   -4.318   -0.02371 -0.01074 0.05431  | -1.0402
0.5614   0.4505   -4.338   -0.02371 -0.01074 0.05431  | -1.0402
0.5614   0.4505   -4.338   -0.02371 -0.01074 0.05431  | -1.0402
0.5614   0.4505   -4.338   -0.02371 -0.01074 0.05431  | -1.0402
0.5614   0.4505   -4.338   -0.02371 -0.01074 0.05431  | -1.0402
iteration 1...
0.4791   0.4505   -4.338   -0.02371 -0.01074 0.05431  | -1.0403
0.4791   0.6109   -4.338   -0.02371 -0.01074 0.05431  | -1.0404
0.4791   0.6109   -4.272   -0.02371 -0.01074 0.05431  | -1.0404
0.4791   0.6109   -4.272   -0.02682 -0.01074 0.05431  | -1.0404
0.4791   0.6109   -4.272   -0.02682 0.009262 0.05431  | -1.0404
0.4791   0.6109   -4.272   -0.02682 0.009262 0.05509  | -1.0404
iteration 2...
0.5337   0.6109   -4.272   -0.02682 0.009262 0.05509  | -1.0404
0.5337   0.6109   -4.272   -0.02682 0.009262 0.05509  | -1.0404
0.5337   0.6109   -4.272   -0.02682 0.009262 0.05509  | -1.0404
0.5337   0.6109   -4.272   -0.02682 0.009262 0.05509  | -1.0404
0.5337   0.6109   -4.272   -0.02682 0.009003 0.05509  | -1.0404
0.5337   0.6109   -4.272   -0.02682 0.009003 0.05509  | -1.0404
iteration 3...
0.5337   0.6109   -4.272   -0.02682 0.009003 0.05509  | -1.0404
0.5337   0.6109   -4.272   -0.02682 0.009003 0.05509  | -1.0404
0.5337   0.6109   -4.261   -0.02682 0.009003 0.05509  | -1.0404
0.5337   0.6109   -4.261   -0.02682 0.009003 0.05509  | -1.0404
0.5337   0.6109   -4.261   -0.02682 0.009003 0.05509  | -1.0404
0.5337   0.6109   -4.261   -0.02682 0.009003 0.05509  | -1.0404
Done    'Coregister: Estimate'
Done

CoReg Done in 25.203242 seconds

All done with coregistration.
>> >> 
No sandbox specified



Start   : Mon Dec 10 16:57:56 EST 2018
Finish  : Mon Dec 10 16:58:55 EST 2018


