
                            < M A T L A B (R) >
                  Copyright 1984-2015 The MathWorks, Inc.
                   R2015b (8.6.0.267246) 64-bit (glnxa64)
                              August 20, 2015

 
To get started, type one of these: helpwin, helpdesk, or demo.
For product information, visit www.mathworks.com.
 
    ----------------------------------------------------
	Your MATLAB license will expire in 53 days.
	Please contact your system administrator or
	MathWorks to renew this license.
    ----------------------------------------------------

	Academic License

>> >> >> >> Coregistation Script Created on 181207_19_31_02_604
>> >> >> >> >> >> [Warning: Name is nonexistent or not a directory:
/Users/rcwelsh/matlabScripts/WELLES/mfiles] 
[> In path (line 109)
  In addpath (line 86)] 
>> >> >> >> >> 
UMBatchJobName =

coregOverlay_181207_19_31_02_604_tehsheng_madcbrai

>> 
UMBatchProcessName =

coregOverlay

>> >> Initializing the job manager in SPM8

UMReSlice =

     0



Calling UMBatchCoReg with:
/nfs/fmri/Analysis/Sean_Working/Git_MADC/preprocess/../../Subjects_ASL/madc1276_3938/func//run_01/vasc_3dasl.nii
/nfs/fmri/Analysis/Sean_Working/Subjects_ASL/madc1276_3938/func/coReg/t1spgr.nii
UMReSlice:0
Entering UMBatchCoReg V2.0 for SPM8
Coreging /nfs/fmri/Analysis/Sean_Working/Subjects_ASL/madc1276_3938/func/coReg/t1spgr.nii to
         /nfs/fmri/Analysis/Sean_Working/Git_MADC/preprocess/../../Subjects_ASL/madc1276_3938/func//run_01/vasc_3dasl.nii


------------------------------------------------------------------------
Running job #1
------------------------------------------------------------------------
Running 'Coregister: Estimate'
iteration 1...
0.8184   0        0        0        0        0        | -1.0441
0.8184   -0.1591  0        0        0        0        | -1.0441
0.8184   -0.1591  0.3055   0        0        0        | -1.0441
0.8184   -0.1591  0.3055   0        0        0        | -1.0441
0.8184   -0.1591  0.3055   0        0.06217  0        | -1.0442
0.8184   -0.1591  0.3055   0        0.06217  0        | -1.0442
iteration 2...
1.501    -0.1591  0.3055   0        0.06217  0        | -1.0442
1.501    -0.1638  0.3055   0        0.06217  0        | -1.0442
1.501    -0.1638  0.7638   0        0.06217  0        | -1.0442
1.501    -0.1638  0.7638   -0.01685 0.06217  0        | -1.0443
1.501    -0.1638  0.7638   -0.01685 0.06735  0        | -1.0443
1.501    -0.1638  0.7638   -0.01685 0.06735  0        | -1.0443
iteration 3...
1.497    -0.1638  0.7638   -0.01685 0.06735  0        | -1.0443
1.497    -0.5968  0.7638   -0.01685 0.06735  0        | -1.0444
1.497    -0.5968  0.6949   -0.01685 0.06735  0        | -1.0444
1.497    -0.5968  0.6949   -0.01836 0.06735  0        | -1.0444
1.497    -0.5968  0.6949   -0.01836 0.06735  0        | -1.0444
1.497    -0.5968  0.6949   -0.01836 0.06735  0        | -1.0444
iteration 4...
1.588    -0.5968  0.6949   -0.01836 0.06735  0        | -1.0444
1.588    -0.5968  0.6949   -0.01836 0.06735  0        | -1.0444
1.588    -0.5968  0.7066   -0.01836 0.06735  0        | -1.0444
1.588    -0.5968  0.7066   -0.01836 0.06735  0        | -1.0444
1.588    -0.5968  0.7066   -0.01836 0.06735  0        | -1.0444
1.588    -0.5968  0.7066   -0.01836 0.06735  0        | -1.0444
iteration 5...
1.588    -0.5968  0.7066   -0.01836 0.06735  0        | -1.0444
1.588    -0.5968  0.7066   -0.01836 0.06735  0        | -1.0444
1.588    -0.5968  0.7066   -0.01836 0.06735  0        | -1.0444
1.588    -0.5968  0.7066   -0.01836 0.06735  0        | -1.0444
1.588    -0.5968  0.7066   -0.01836 0.06735  0        | -1.0444
1.588    -0.5968  0.7066   -0.01836 0.06735  0        | -1.0444
iteration 1...
1.249    -0.5968  0.7066   -0.01836 0.06735  0        | -1.0442
1.249    -1.811   0.7066   -0.01836 0.06735  0        | -1.0443
1.249    -1.811   -0.8969  -0.01836 0.06735  0        | -1.0444
1.249    -1.811   -0.8969  -0.06379 0.06735  0        | -1.0445
1.249    -1.811   -0.8969  -0.06379 0.03041  0        | -1.0445
1.249    -1.811   -0.8969  -0.06379 0.03041  0.04125  | -1.0447
iteration 2...
1.72     -1.811   -0.8969  -0.06379 0.03041  0.04125  | -1.0447
1.72     -2.923   -0.8969  -0.06379 0.03041  0.04125  | -1.0448
1.72     -2.923   -0.2818  -0.06379 0.03041  0.04125  | -1.0448
1.72     -2.923   -0.2818  -0.08027 0.03041  0.04125  | -1.0448
1.72     -2.923   -0.2818  -0.08027 0.02619  0.04125  | -1.0448
1.72     -2.923   -0.2818  -0.08027 0.02619  0.04517  | -1.0448
iteration 3...
1.72     -2.923   -0.2818  -0.08027 0.02619  0.04517  | -1.0448
1.72     -3.19    -0.2818  -0.08027 0.02619  0.04517  | -1.0448
1.72     -3.19    0.02684  -0.08027 0.02619  0.04517  | -1.0448
1.72     -3.19    0.02684  -0.08524 0.02619  0.04517  | -1.0448
1.72     -3.19    0.02684  -0.08524 0.02529  0.04517  | -1.0448
1.72     -3.19    0.02684  -0.08524 0.02529  0.04517  | -1.0448
1.72     -4.106   1.084    -0.1023  0.02219  0.04517  | -1.0449
iteration 4...
1.686    -4.106   1.084    -0.1023  0.02219  0.04517  | -1.0449
1.686    -4.106   1.084    -0.1023  0.02219  0.04517  | -1.0449
1.686    -4.106   0.8754   -0.1023  0.02219  0.04517  | -1.0449
1.686    -4.106   0.8754   -0.1048  0.02219  0.04517  | -1.0449
1.686    -4.106   0.8754   -0.1048  0.01856  0.04517  | -1.0449
1.686    -4.106   0.8754   -0.1048  0.01856  0.04517  | -1.0449
iteration 5...
1.64     -4.106   0.8754   -0.1048  0.01856  0.04517  | -1.0449
1.64     -4.164   0.9425   -0.1059  0.01836  0.04517  | -1.0449
1.64     -4.164   0.881    -0.1059  0.01836  0.04517  | -1.0449
1.64     -4.164   0.881    -0.1067  0.01836  0.04517  | -1.0449
1.64     -4.164   0.881    -0.1067  0.01509  0.04517  | -1.0449
1.64     -4.164   0.881    -0.1067  0.01509  0.04504  | -1.0449
iteration 6...
1.607    -4.164   0.881    -0.1067  0.01509  0.04504  | -1.0449
1.607    -4.164   0.881    -0.1067  0.01509  0.04504  | -1.0449
1.607    -4.164   0.8751   -0.1067  0.01509  0.04504  | -1.0449
1.607    -4.164   0.8751   -0.107   0.01509  0.04504  | -1.0449
1.607    -4.164   0.8751   -0.107   0.01509  0.04504  | -1.0449
1.607    -4.164   0.8751   -0.107   0.01509  0.04504  | -1.0449
iteration 7...
1.607    -4.164   0.8751   -0.107   0.01509  0.04504  | -1.0449
1.607    -4.192   0.9072   -0.1075  0.01499  0.04504  | -1.0449
1.607    -4.192   0.8629   -0.1075  0.01499  0.04504  | -1.0449
1.607    -4.192   0.8629   -0.1076  0.01499  0.04504  | -1.0449
1.607    -4.192   0.8629   -0.1076  0.01499  0.04504  | -1.0449
1.607    -4.192   0.8629   -0.1076  0.01499  0.04504  | -1.0449
1.607    -4.242   0.8408   -0.1086  0.01482  0.04504  | -1.0449
iteration 8...
1.581    -4.242   0.8408   -0.1086  0.01482  0.04504  | -1.0449
1.581    -4.242   0.8408   -0.1086  0.01482  0.04504  | -1.0449
1.581    -4.242   0.8915   -0.1086  0.01482  0.04504  | -1.0449
1.581    -4.242   0.8915   -0.1086  0.01482  0.04504  | -1.0449
1.581    -4.242   0.8915   -0.1086  0.0162   0.04504  | -1.0449
1.581    -4.242   0.8915   -0.1086  0.0162   0.04315  | -1.0449
iteration 9...
1.53     -4.242   0.8915   -0.1086  0.0162   0.04315  | -1.0449
1.53     -4.211   0.9051   -0.108   0.01631  0.04315  | -1.0449
1.53     -4.211   0.9032   -0.108   0.01631  0.04315  | -1.0449
1.53     -4.211   0.9032   -0.108   0.01631  0.04315  | -1.0449
1.53     -4.211   0.9032   -0.108   0.01636  0.04315  | -1.0449
1.53     -4.211   0.9032   -0.108   0.01636  0.04315  | -1.0449
iteration 10...
1.542    -4.211   0.9032   -0.108   0.01636  0.04315  | -1.0449
1.542    -4.223   0.8982   -0.1082  0.01632  0.04315  | -1.0449
1.542    -4.223   0.9056   -0.1082  0.01632  0.04315  | -1.0449
1.542    -4.223   0.9056   -0.1082  0.01632  0.04315  | -1.0449
1.542    -4.223   0.9056   -0.1082  0.01632  0.04315  | -1.0449
1.542    -4.223   0.9056   -0.1082  0.01632  0.04315  | -1.0449
Done    'Coregister: Estimate'
Done

CoReg Done in 58.414779 seconds

All done with coregistration.
>> >> 
No sandbox specified



Start   : Fri Dec  7 19:31:06 EST 2018
Finish  : Fri Dec  7 19:32:49 EST 2018


