
                            < M A T L A B (R) >
                  Copyright 1984-2015 The MathWorks, Inc.
                   R2015b (8.6.0.267246) 64-bit (glnxa64)
                              August 20, 2015

 
To get started, type one of these: helpwin, helpdesk, or demo.
For product information, visit www.mathworks.com.
 
    ----------------------------------------------------
	Your MATLAB license will expire in 53 days.
	Please contact your system administrator or
	MathWorks to renew this license.
    ----------------------------------------------------

	Academic License

>> >> >> >> Coregistation Script Created on 181207_17_40_57_503
>> >> >> >> >> >> [Warning: Name is nonexistent or not a directory:
/Users/rcwelsh/matlabScripts/WELLES/mfiles] 
[> In path (line 109)
  In addpath (line 86)] 
>> >> >> >> >> 
UMBatchJobName =

coregOverlay_181207_17_40_57_503_tehsheng_madcbrai

>> 
UMBatchProcessName =

coregOverlay

>> >> Initializing the job manager in SPM8

UMReSlice =

     0



Calling UMBatchCoReg with:
/nfs/fmri/Analysis/Sean_Working/Git_MADC/preprocess/../../Subjects_ASL/madc1550_5702/func//run_01/vasc_3dasl.nii
/nfs/fmri/Analysis/Sean_Working/Subjects_ASL/madc1550_5702/func/coReg/t1spgr.nii
UMReSlice:0
Entering UMBatchCoReg V2.0 for SPM8
Coreging /nfs/fmri/Analysis/Sean_Working/Subjects_ASL/madc1550_5702/func/coReg/t1spgr.nii to
         /nfs/fmri/Analysis/Sean_Working/Git_MADC/preprocess/../../Subjects_ASL/madc1550_5702/func//run_01/vasc_3dasl.nii


------------------------------------------------------------------------
Running job #1
------------------------------------------------------------------------
Running 'Coregister: Estimate'
iteration 1...
0.2152   0        0        0        0        0        | -1.0428
0.2152   -0.696   0        0        0        0        | -1.0428
0.2152   -0.696   0.1528   0        0        0        | -1.0429
0.2152   -0.696   0.1528   -0.0194  0        0        | -1.043
0.2152   -0.696   0.1528   -0.0194  -0.02705 0        | -1.043
0.2152   -0.696   0.1528   -0.0194  -0.02705 0.04276  | -1.0435
iteration 2...
0.04952  -0.696   0.1528   -0.0194  -0.02705 0.04276  | -1.0435
0.04952  -0.4613  0.1528   -0.0194  -0.02705 0.04276  | -1.0435
0.04952  -0.4613  -0.2096  -0.0194  -0.02705 0.04276  | -1.0436
0.04952  -0.4613  -0.2096  -0.01237 -0.02705 0.04276  | -1.0436
0.04952  -0.4613  -0.2096  -0.01237 -0.01768 0.04276  | -1.0436
0.04952  -0.4613  -0.2096  -0.01237 -0.01768 0.04292  | -1.0436
iteration 3...
-0.2172  -0.4613  -0.2096  -0.01237 -0.01768 0.04292  | -1.0436
-0.2172  -0.5765  -0.2096  -0.01237 -0.01768 0.04292  | -1.0436
-0.2172  -0.5765  -0.2096  -0.01237 -0.01768 0.04292  | -1.0436
-0.2172  -0.5765  -0.2096  -0.01262 -0.01768 0.04292  | -1.0436
-0.2172  -0.5765  -0.2096  -0.01262 -0.01768 0.04292  | -1.0436
-0.2172  -0.5765  -0.2096  -0.01262 -0.01768 0.04516  | -1.0436
iteration 4...
-0.1406  -0.5765  -0.2096  -0.01262 -0.01768 0.04516  | -1.0436
-0.1406  -0.6235  -0.2096  -0.01262 -0.01768 0.04516  | -1.0436
-0.1406  -0.6235  -0.3749  -0.01262 -0.01768 0.04516  | -1.0436
-0.1406  -0.6235  -0.3749  -0.01314 -0.01768 0.04516  | -1.0436
-0.1406  -0.6235  -0.3749  -0.01314 -0.01768 0.04516  | -1.0436
-0.1406  -0.6235  -0.3749  -0.01314 -0.01768 0.04516  | -1.0436
iteration 5...
-0.1406  -0.6235  -0.3749  -0.01314 -0.01768 0.04516  | -1.0436
-0.1406  -0.6049  -0.3749  -0.01314 -0.01768 0.04516  | -1.0436
-0.1406  -0.6049  -0.3736  -0.01314 -0.01768 0.04516  | -1.0436
-0.1406  -0.6049  -0.3736  -0.01314 -0.01768 0.04516  | -1.0436
-0.1406  -0.6049  -0.3736  -0.01314 -0.01768 0.04516  | -1.0436
-0.1406  -0.6049  -0.3736  -0.01314 -0.01768 0.04516  | -1.0436
iteration 1...
0.3728   -0.6049  -0.3736  -0.01314 -0.01768 0.04516  | -1.0435
0.3728   -1.102   -0.3736  -0.01314 -0.01768 0.04516  | -1.0435
0.3728   -1.102   -0.8976  -0.01314 -0.01768 0.04516  | -1.0435
0.3728   -1.102   -0.8976  -0.02636 -0.01768 0.04516  | -1.0435
0.3728   -1.102   -0.8976  -0.02636 -0.02026 0.04516  | -1.0435
0.3728   -1.102   -0.8976  -0.02636 -0.02026 0.05568  | -1.0435
iteration 2...
0.392    -1.102   -0.8976  -0.02636 -0.02026 0.05568  | -1.0435
0.392    -0.9117  -0.8976  -0.02636 -0.02026 0.05568  | -1.0435
0.392    -0.9117  -0.8724  -0.02636 -0.02026 0.05568  | -1.0435
0.392    -0.9117  -0.8724  -0.02465 -0.02026 0.05568  | -1.0435
0.392    -0.9117  -0.8724  -0.02465 -0.02051 0.05568  | -1.0435
0.392    -0.9117  -0.8724  -0.02465 -0.02051 0.05458  | -1.0435
iteration 3...
0.3537   -0.9117  -0.8724  -0.02465 -0.02051 0.05458  | -1.0435
0.3537   -0.9307  -0.8724  -0.02465 -0.02051 0.05458  | -1.0435
0.3537   -0.9307  -0.9062  -0.02465 -0.02051 0.05458  | -1.0435
0.3537   -0.9307  -0.9062  -0.0252  -0.02051 0.05458  | -1.0435
0.3537   -0.9307  -0.9062  -0.0252  -0.02045 0.05458  | -1.0435
0.3537   -0.9307  -0.9062  -0.0252  -0.02045 0.05458  | -1.0435
iteration 4...
0.3644   -0.9307  -0.9062  -0.0252  -0.02045 0.05458  | -1.0435
0.3644   -0.921   -0.9062  -0.0252  -0.02045 0.05458  | -1.0435
0.3644   -0.921   -0.9094  -0.0252  -0.02045 0.05458  | -1.0435
0.3644   -0.921   -0.9094  -0.0253  -0.02045 0.05458  | -1.0435
0.3644   -0.921   -0.9094  -0.0253  -0.02045 0.05458  | -1.0435
0.3644   -0.921   -0.9094  -0.0253  -0.02045 0.05458  | -1.0435
Done    'Coregister: Estimate'
Done

CoReg Done in 31.691808 seconds

All done with coregistration.
>> >> 
No sandbox specified



Start   : Fri Dec  7 17:40:59 EST 2018
Finish  : Fri Dec  7 17:42:13 EST 2018


