
                            < M A T L A B (R) >
                  Copyright 1984-2015 The MathWorks, Inc.
                   R2015b (8.6.0.267246) 64-bit (glnxa64)
                              August 20, 2015

 
To get started, type one of these: helpwin, helpdesk, or demo.
For product information, visit www.mathworks.com.
 
    ----------------------------------------------------
	Your MATLAB license will expire in 53 days.
	Please contact your system administrator or
	MathWorks to renew this license.
    ----------------------------------------------------

	Academic License

>> >> >> >> Coregistation Script Created on 181207_20_14_54_425
>> >> >> >> >> >> [Warning: Name is nonexistent or not a directory:
/Users/rcwelsh/matlabScripts/WELLES/mfiles] 
[> In path (line 109)
  In addpath (line 86)] 
>> >> >> >> >> 
UMBatchJobName =

coregOverlay_181207_20_14_54_425_tehsheng_madcbrai

>> 
UMBatchProcessName =

coregOverlay

>> >> Initializing the job manager in SPM8

UMReSlice =

     0



Calling UMBatchCoReg with:
/nfs/fmri/Analysis/Sean_Working/Git_MADC/preprocess/../../Subjects_ASL/madc1565_5522/func//run_01/vasc_3dasl.nii
/nfs/fmri/Analysis/Sean_Working/Subjects_ASL/madc1565_5522/func/coReg/t1spgr.nii
UMReSlice:0
Entering UMBatchCoReg V2.0 for SPM8
Coreging /nfs/fmri/Analysis/Sean_Working/Subjects_ASL/madc1565_5522/func/coReg/t1spgr.nii to
         /nfs/fmri/Analysis/Sean_Working/Git_MADC/preprocess/../../Subjects_ASL/madc1565_5522/func//run_01/vasc_3dasl.nii


------------------------------------------------------------------------
Running job #1
------------------------------------------------------------------------
Running 'Coregister: Estimate'
iteration 1...
1.594    0        0        0        0        0        | -1.0359
1.594    -2.411   0        0        0        0        | -1.0363
1.594    -2.411   1.316    0        0        0        | -1.0364
1.594    -2.411   1.316    0.004225 0        0        | -1.0364
1.594    -2.411   1.316    0.004225 0.05241  0        | -1.0366
1.594    -2.411   1.316    0.004225 0.05241  0.02     | -1.0367
iteration 2...
1.841    -2.411   1.316    0.004225 0.05241  0.02     | -1.0367
1.841    -1.861   1.316    0.004225 0.05241  0.02     | -1.0367
1.841    -1.861   1.605    0.004225 0.05241  0.02     | -1.0368
1.841    -1.861   1.605    0.015    0.05241  0.02     | -1.0368
1.841    -1.861   1.605    0.015    0.0526   0.02     | -1.0368
1.841    -1.861   1.605    0.015    0.0526   0.02     | -1.0368
iteration 3...
1.841    -1.861   1.605    0.015    0.0526   0.02     | -1.0368
1.841    -1.747   1.605    0.015    0.0526   0.02     | -1.0368
1.841    -1.747   1.605    0.015    0.0526   0.02     | -1.0368
1.841    -1.747   1.605    0.015    0.0526   0.02     | -1.0368
1.841    -1.747   1.605    0.015    0.0526   0.02     | -1.0368
1.841    -1.747   1.605    0.015    0.0526   0.02     | -1.0368
iteration 4...
1.877    -1.747   1.605    0.015    0.0526   0.02     | -1.0368
1.877    -1.746   1.605    0.015    0.0526   0.02     | -1.0368
1.877    -1.746   1.605    0.015    0.0526   0.02     | -1.0368
1.877    -1.746   1.605    0.015    0.0526   0.02     | -1.0368
1.877    -1.746   1.605    0.015    0.0526   0.02     | -1.0368
1.877    -1.746   1.605    0.015    0.0526   0.02     | -1.0368
iteration 5...
1.877    -1.746   1.605    0.015    0.0526   0.02     | -1.0368
1.877    -1.746   1.605    0.015    0.0526   0.02     | -1.0368
1.877    -1.746   1.605    0.015    0.0526   0.02     | -1.0368
1.877    -1.746   1.605    0.015    0.0526   0.02     | -1.0368
1.877    -1.746   1.605    0.015    0.0526   0.02     | -1.0368
1.877    -1.746   1.605    0.015    0.0526   0.02     | -1.0368
iteration 1...
3.162    -1.746   1.605    0.015    0.0526   0.02     | -1.0366
3.162    -2.453   1.605    0.015    0.0526   0.02     | -1.0366
3.162    -2.453   0.5116   0.015    0.0526   0.02     | -1.0366
3.162    -2.453   0.5116   0.02758  0.0526   0.02     | -1.0366
3.162    -2.453   0.5116   0.02758  0.07757  0.02     | -1.0367
3.162    -2.453   0.5116   0.02758  0.07757  0.02     | -1.0367
iteration 2...
3.52     -2.453   0.5116   0.02758  0.07757  0.02     | -1.0367
3.52     -2.315   0.5116   0.02758  0.07757  0.02     | -1.0367
3.52     -2.315   0.5519   0.02758  0.07757  0.02     | -1.0367
3.52     -2.315   0.5519   0.03044  0.07757  0.02     | -1.0367
3.52     -2.315   0.5519   0.03044  0.08267  0.02     | -1.0367
3.52     -2.315   0.5519   0.03044  0.08267  0.02     | -1.0367
iteration 3...
3.602    -2.315   0.5519   0.03044  0.08267  0.02     | -1.0367
3.602    -2.315   0.5519   0.03044  0.08267  0.02     | -1.0367
3.602    -2.315   0.7339   0.03044  0.08267  0.02     | -1.0367
3.602    -2.315   0.7339   0.02962  0.08267  0.02     | -1.0367
3.602    -2.315   0.7339   0.02962  0.08447  0.02     | -1.0367
3.602    -2.315   0.7339   0.02962  0.08447  0.02     | -1.0367
iteration 4...
3.64     -2.315   0.7339   0.02962  0.08447  0.02     | -1.0367
3.64     -2.304   0.7339   0.02962  0.08447  0.02     | -1.0367
3.64     -2.304   0.7607   0.02962  0.08447  0.02     | -1.0367
3.64     -2.304   0.7607   0.02962  0.08447  0.02     | -1.0367
3.64     -2.304   0.7607   0.02962  0.08447  0.02     | -1.0367
3.64     -2.304   0.7607   0.02962  0.08447  0.02     | -1.0367
iteration 5...
3.64     -2.304   0.7607   0.02962  0.08447  0.02     | -1.0367
3.64     -2.304   0.7607   0.02962  0.08447  0.02     | -1.0367
3.64     -2.304   0.7493   0.02962  0.08447  0.02     | -1.0367
3.64     -2.304   0.7493   0.02962  0.08447  0.02     | -1.0367
3.64     -2.304   0.7493   0.02962  0.08447  0.02     | -1.0367
3.64     -2.304   0.7493   0.02962  0.08447  0.02     | -1.0367
Done    'Coregister: Estimate'
Done

CoReg Done in 34.271626 seconds

All done with coregistration.
>> >> 
No sandbox specified



Start   : Fri Dec  7 20:14:59 EST 2018
Finish  : Fri Dec  7 20:16:19 EST 2018


