
                            < M A T L A B (R) >
                  Copyright 1984-2015 The MathWorks, Inc.
                   R2015b (8.6.0.267246) 64-bit (glnxa64)
                              August 20, 2015

 
To get started, type one of these: helpwin, helpdesk, or demo.
For product information, visit www.mathworks.com.
 
    ----------------------------------------------------
	Your MATLAB license will expire in 53 days.
	Please contact your system administrator or
	MathWorks to renew this license.
    ----------------------------------------------------

	Academic License

>> >> >> >> Coregistation Script Created on 181207_20_39_17_053
>> >> >> >> >> >> [Warning: Name is nonexistent or not a directory:
/Users/rcwelsh/matlabScripts/WELLES/mfiles] 
[> In path (line 109)
  In addpath (line 86)] 
>> >> >> >> >> 
UMBatchJobName =

coregOverlay_181207_20_39_17_053_tehsheng_madcbrai

>> 
UMBatchProcessName =

coregOverlay

>> >> Initializing the job manager in SPM8

UMReSlice =

     0



Calling UMBatchCoReg with:
/nfs/fmri/Analysis/Sean_Working/Git_MADC/preprocess/../../Subjects_ASL/madc1513_5315/func//run_01/vasc_3dasl.nii
/nfs/fmri/Analysis/Sean_Working/Subjects_ASL/madc1513_5315/func/coReg/t1spgr.nii
UMReSlice:0
Entering UMBatchCoReg V2.0 for SPM8
Coreging /nfs/fmri/Analysis/Sean_Working/Subjects_ASL/madc1513_5315/func/coReg/t1spgr.nii to
         /nfs/fmri/Analysis/Sean_Working/Git_MADC/preprocess/../../Subjects_ASL/madc1513_5315/func//run_01/vasc_3dasl.nii


------------------------------------------------------------------------
Running job #1
------------------------------------------------------------------------
Running 'Coregister: Estimate'
iteration 1...
-0.4426  0        0        0        0        0        | -1.0351
-0.4426  -4.187   0        0        0        0        | -1.0355
-0.4426  -4.187   3.04     0        0        0        | -1.0358
-0.4426  -4.187   3.04     -0.01061 0        0        | -1.0358
-0.4426  -4.187   3.04     -0.01061 -0.07216 0        | -1.036
-0.4426  -4.187   3.04     -0.01061 -0.07216 0.01743  | -1.036
iteration 2...
-1.841   -4.187   3.04     -0.01061 -0.07216 0.01743  | -1.0361
-1.841   -4.443   3.04     -0.01061 -0.07216 0.01743  | -1.0361
-1.841   -4.443   4.408    -0.01061 -0.07216 0.01743  | -1.0362
-1.841   -4.443   4.408    -0.01184 -0.07216 0.01743  | -1.0362
-1.841   -4.443   4.408    -0.01184 -0.07216 0.01743  | -1.0362
-1.841   -4.443   4.408    -0.01184 -0.07216 0.02292  | -1.0362
iteration 3...
-1.837   -4.443   4.408    -0.01184 -0.07216 0.02292  | -1.0362
-1.837   -4.917   4.408    -0.01184 -0.07216 0.02292  | -1.0362
-1.837   -4.917   4.416    -0.01184 -0.07216 0.02292  | -1.0362
-1.837   -4.917   4.416    -0.01448 -0.07216 0.02292  | -1.0362
-1.837   -4.917   4.416    -0.01448 -0.07295 0.02292  | -1.0362
-1.837   -4.917   4.416    -0.01448 -0.07295 0.02292  | -1.0362
iteration 4...
-1.832   -4.917   4.416    -0.01448 -0.07295 0.02292  | -1.0362
-1.832   -4.944   4.416    -0.01448 -0.07295 0.02292  | -1.0362
-1.832   -4.944   4.43     -0.01448 -0.07295 0.02292  | -1.0362
-1.832   -4.944   4.43     -0.01457 -0.07295 0.02292  | -1.0362
-1.832   -4.944   4.43     -0.01457 -0.07295 0.02292  | -1.0362
-1.832   -4.944   4.43     -0.01457 -0.07295 0.02292  | -1.0362
iteration 5...
-1.832   -4.944   4.43     -0.01457 -0.07295 0.02292  | -1.0362
-1.832   -4.944   4.43     -0.01457 -0.07295 0.02292  | -1.0362
-1.832   -4.944   4.427    -0.01457 -0.07295 0.02292  | -1.0362
-1.832   -4.944   4.427    -0.01457 -0.07295 0.02292  | -1.0362
-1.832   -4.944   4.427    -0.01457 -0.07295 0.02292  | -1.0362
-1.832   -4.944   4.427    -0.01457 -0.07295 0.02292  | -1.0362
iteration 1...
-1.656   -4.944   4.427    -0.01457 -0.07295 0.02292  | -1.0363
-1.656   -4.397   4.427    -0.01457 -0.07295 0.02292  | -1.0363
-1.656   -4.397   6.077    -0.01457 -0.07295 0.02292  | -1.0363
-1.656   -4.397   6.077    -0.05714 -0.07295 0.02292  | -1.0363
-1.656   -4.397   6.077    -0.05714 -0.06275 0.02292  | -1.0363
-1.656   -4.397   6.077    -0.05714 -0.06275 0.008457 | -1.0363
iteration 2...
-2.326   -4.397   6.077    -0.05714 -0.06275 0.008457 | -1.0364
-2.326   -4.733   6.077    -0.05714 -0.06275 0.008457 | -1.0364
-2.326   -4.733   5.095    -0.05714 -0.06275 0.008457 | -1.0364
-2.326   -4.733   5.095    -0.07607 -0.06275 0.008457 | -1.0364
-2.326   -4.733   5.095    -0.07607 -0.04521 0.008457 | -1.0364
-2.326   -4.733   5.095    -0.07607 -0.04521 -0.002137 | -1.0364
iteration 3...
-2.431   -4.733   5.095    -0.07607 -0.04521 -0.002137 | -1.0364
-2.431   -5.049   5.095    -0.07607 -0.04521 -0.002137 | -1.0364
-2.431   -5.049   4.825    -0.07607 -0.04521 -0.002137 | -1.0364
-2.431   -5.049   4.825    -0.07924 -0.04521 -0.002137 | -1.0364
-2.431   -5.049   4.825    -0.07924 -0.04521 -0.002137 | -1.0364
-2.431   -5.049   4.825    -0.07924 -0.04521 -0.003593 | -1.0364
iteration 4...
-2.431   -5.049   4.825    -0.07924 -0.04521 -0.003593 | -1.0364
-2.431   -4.853   4.825    -0.07924 -0.04521 -0.003593 | -1.0364
-2.431   -4.853   4.93     -0.07924 -0.04521 -0.003593 | -1.0364
-2.431   -4.853   4.93     -0.08281 -0.04521 -0.003593 | -1.0364
-2.431   -4.853   4.93     -0.08281 -0.04521 -0.003593 | -1.0364
-2.431   -4.853   4.93     -0.08281 -0.04521 -0.003593 | -1.0364
iteration 5...
-2.431   -4.853   4.93     -0.08281 -0.04521 -0.003593 | -1.0364
-2.431   -4.947   4.93     -0.08281 -0.04521 -0.003593 | -1.0364
-2.431   -4.947   5.075    -0.08281 -0.04521 -0.003593 | -1.0364
-2.431   -4.947   5.075    -0.0829  -0.04521 -0.003593 | -1.0364
-2.431   -4.947   5.075    -0.0829  -0.04521 -0.003593 | -1.0364
-2.431   -4.947   5.075    -0.0829  -0.04521 -0.003593 | -1.0364
iteration 6...
-2.431   -4.947   5.075    -0.0829  -0.04521 -0.003593 | -1.0364
-2.431   -4.951   5.075    -0.0829  -0.04521 -0.003593 | -1.0364
-2.431   -4.951   5.081    -0.0829  -0.04521 -0.003593 | -1.0364
-2.431   -4.951   5.081    -0.08297 -0.04521 -0.003593 | -1.0364
-2.431   -4.951   5.081    -0.08297 -0.04521 -0.003593 | -1.0364
-2.431   -4.951   5.081    -0.08297 -0.04521 -0.003593 | -1.0364
Done    'Coregister: Estimate'
Done

CoReg Done in 43.128757 seconds

All done with coregistration.
>> >> 
No sandbox specified



Start   : Fri Dec  7 20:39:19 EST 2018
Finish  : Fri Dec  7 20:40:40 EST 2018


