
                            < M A T L A B (R) >
                  Copyright 1984-2015 The MathWorks, Inc.
                   R2015b (8.6.0.267246) 64-bit (glnxa64)
                              August 20, 2015

 
To get started, type one of these: helpwin, helpdesk, or demo.
For product information, visit www.mathworks.com.
 
    ----------------------------------------------------
	Your MATLAB license will expire in 53 days.
	Please contact your system administrator or
	MathWorks to renew this license.
    ----------------------------------------------------

	Academic License

>> >> >> >> Coregistation Script Created on 181207_20_38_04_502
>> >> >> >> >> >> [Warning: Name is nonexistent or not a directory:
/Users/rcwelsh/matlabScripts/WELLES/mfiles] 
[> In path (line 109)
  In addpath (line 86)] 
>> >> >> >> >> 
UMBatchJobName =

coregOverlay_181207_20_38_04_502_tehsheng_madcbrai

>> 
UMBatchProcessName =

coregOverlay

>> >> Initializing the job manager in SPM8

UMReSlice =

     0



Calling UMBatchCoReg with:
/nfs/fmri/Analysis/Sean_Working/Git_MADC/preprocess/../../Subjects_ASL/madc1320_5807/func//run_01/vasc_3dasl.nii
/nfs/fmri/Analysis/Sean_Working/Subjects_ASL/madc1320_5807/func/coReg/t1spgr.nii
UMReSlice:0
Entering UMBatchCoReg V2.0 for SPM8
Coreging /nfs/fmri/Analysis/Sean_Working/Subjects_ASL/madc1320_5807/func/coReg/t1spgr.nii to
         /nfs/fmri/Analysis/Sean_Working/Git_MADC/preprocess/../../Subjects_ASL/madc1320_5807/func//run_01/vasc_3dasl.nii


------------------------------------------------------------------------
Running job #1
------------------------------------------------------------------------
Running 'Coregister: Estimate'
iteration 1...
-0.7666  0        0        0        0        0        | -1.0427
-0.7666  -2.618   0        0        0        0        | -1.0428
-0.7666  -2.618   3.155    0        0        0        | -1.0431
-0.7666  -2.618   3.155    -0.02678 0        0        | -1.0432
-0.7666  -2.618   3.155    -0.02678 -0.00608 0        | -1.0432
-0.7666  -2.618   3.155    -0.02678 -0.00608 -0.02309 | -1.0433
iteration 2...
-0.7666  -2.618   3.155    -0.02678 -0.00608 -0.02309 | -1.0433
-0.7666  -2.312   3.155    -0.02678 -0.00608 -0.02309 | -1.0433
-0.7666  -2.312   3.968    -0.02678 -0.00608 -0.02309 | -1.0433
-0.7666  -2.312   3.968    -0.03064 -0.00608 -0.02309 | -1.0433
-0.7666  -2.312   3.968    -0.03064 -0.00608 -0.02309 | -1.0433
-0.7666  -2.312   3.968    -0.03064 -0.00608 -0.02309 | -1.0433
iteration 3...
-0.7666  -2.312   3.968    -0.03064 -0.00608 -0.02309 | -1.0433
-0.7666  -1.879   3.968    -0.03064 -0.00608 -0.02309 | -1.0433
-0.7666  -1.879   4.123    -0.03064 -0.00608 -0.02309 | -1.0433
-0.7666  -1.879   4.123    -0.02657 -0.00608 -0.02309 | -1.0433
-0.7666  -1.879   4.123    -0.02657 -0.0211  -0.02309 | -1.0434
-0.7666  -1.879   4.123    -0.02657 -0.0211  -0.02489 | -1.0434
iteration 4...
-0.5589  -1.879   4.123    -0.02657 -0.0211  -0.02489 | -1.0434
-0.5589  -1.599   4.123    -0.02657 -0.0211  -0.02489 | -1.0434
-0.5589  -1.599   4.168    -0.02657 -0.0211  -0.02489 | -1.0434
-0.5589  -1.599   4.168    -0.02997 -0.0211  -0.02489 | -1.0434
-0.5589  -1.599   4.168    -0.02997 -0.02382 -0.02489 | -1.0434
-0.5589  -1.599   4.168    -0.02997 -0.02382 -0.02489 | -1.0434
iteration 5...
-0.5589  -1.599   4.168    -0.02997 -0.02382 -0.02489 | -1.0434
-0.5589  -1.599   4.168    -0.02997 -0.02382 -0.02489 | -1.0434
-0.5589  -1.599   4.22     -0.02997 -0.02382 -0.02489 | -1.0434
-0.5589  -1.599   4.22     -0.0323  -0.02382 -0.02489 | -1.0434
-0.5589  -1.599   4.22     -0.0323  -0.02431 -0.02489 | -1.0434
-0.5589  -1.599   4.22     -0.0323  -0.02431 -0.02405 | -1.0434
iteration 6...
-0.5583  -1.599   4.22     -0.0323  -0.02431 -0.02405 | -1.0434
-0.5583  -1.549   4.22     -0.0323  -0.02431 -0.02405 | -1.0434
-0.5583  -1.549   4.233    -0.0323  -0.02431 -0.02405 | -1.0434
-0.5583  -1.549   4.233    -0.0324  -0.02431 -0.02405 | -1.0434
-0.5583  -1.549   4.233    -0.0324  -0.02431 -0.02405 | -1.0434
-0.5583  -1.549   4.233    -0.0324  -0.02431 -0.02405 | -1.0434
iteration 7...
-0.5583  -1.549   4.233    -0.0324  -0.02431 -0.02405 | -1.0434
-0.5583  -1.549   4.233    -0.0324  -0.02431 -0.02405 | -1.0434
-0.5583  -1.549   4.239    -0.0324  -0.02431 -0.02405 | -1.0434
-0.5583  -1.549   4.239    -0.03299 -0.02431 -0.02405 | -1.0434
-0.5583  -1.549   4.239    -0.03299 -0.02431 -0.02405 | -1.0434
-0.5583  -1.549   4.239    -0.03299 -0.02431 -0.02405 | -1.0434
iteration 1...
0.3382   -1.549   4.239    -0.03299 -0.02431 -0.02405 | -1.0433
0.3382   -0.9028  4.239    -0.03299 -0.02431 -0.02405 | -1.0434
0.3382   -0.9028  4.087    -0.03299 -0.02431 -0.02405 | -1.0434
0.3382   -0.9028  4.087    -0.05386 -0.02431 -0.02405 | -1.0434
0.3382   -0.9028  4.087    -0.05386 -0.03952 -0.02405 | -1.0434
0.3382   -0.9028  4.087    -0.05386 -0.03952 0.0094   | -1.0435
1.156    -0.313   3.949    -0.07291 -0.0534  0.03992  | -1.0435
iteration 2...
1.156    -0.313   3.949    -0.07291 -0.0534  0.03992  | -1.0435
1.156    -0.5983  3.949    -0.07291 -0.0534  0.03992  | -1.0435
1.156    -0.5983  4.271    -0.07291 -0.0534  0.03992  | -1.0435
1.156    -0.5983  4.271    -0.08844 -0.0534  0.03992  | -1.0435
1.156    -0.5983  4.271    -0.08844 -0.03675 0.03992  | -1.0435
1.133    -0.6154  4.275    -0.08789 -0.03635 0.03903  | -1.0435
iteration 3...
1.154    -0.6154  4.275    -0.08789 -0.03635 0.03903  | -1.0435
1.154    -0.08959 4.275    -0.08789 -0.03635 0.03903  | -1.0435
1.154    -0.08959 4.636    -0.08789 -0.03635 0.03903  | -1.0435
1.154    -0.08959 4.636    -0.08905 -0.03635 0.03903  | -1.0435
1.154    -0.08959 4.636    -0.08905 -0.03635 0.03903  | -1.0435
1.154    -0.08959 4.636    -0.08905 -0.03635 0.03903  | -1.0435
iteration 4...
1.106    -0.08959 4.636    -0.08905 -0.03635 0.03903  | -1.0435
1.106    -0.01429 4.636    -0.08905 -0.03635 0.03903  | -1.0435
1.106    -0.01429 4.636    -0.08905 -0.03635 0.03903  | -1.0435
1.106    -0.01429 4.636    -0.08974 -0.03635 0.03903  | -1.0435
1.106    -0.01429 4.636    -0.08974 -0.03635 0.03903  | -1.0435
1.066    -0.04373 4.643    -0.08879 -0.03566 0.03751  | -1.0435
0.8872   0.04916  4.657    -0.08826 -0.03425 0.03442  | -1.0435
iteration 5...
0.868    0.04916  4.657    -0.08826 -0.03425 0.03442  | -1.0435
0.868    0.0354   4.657    -0.08826 -0.03425 0.03442  | -1.0435
0.868    0.0354   4.565    -0.08826 -0.03425 0.03442  | -1.0435
0.868    0.0354   4.565    -0.08926 -0.03425 0.03442  | -1.0435
0.868    0.0354   4.565    -0.08926 -0.03425 0.03442  | -1.0435
0.9111   0.01293  4.562    -0.08939 -0.03459 0.03517  | -1.0435
iteration 6...
0.9172   0.01293  4.562    -0.08939 -0.03459 0.03517  | -1.0435
0.9172   0.01293  4.562    -0.08939 -0.03459 0.03517  | -1.0435
0.9172   0.01293  4.538    -0.08939 -0.03459 0.03517  | -1.0435
0.9172   0.01293  4.538    -0.08939 -0.03459 0.03517  | -1.0435
0.9172   0.01293  4.538    -0.08939 -0.03459 0.03517  | -1.0435
0.9177   0.01267  4.538    -0.08939 -0.0346  0.03518  | -1.0435
iteration 7...
0.9177   0.01267  4.538    -0.08939 -0.0346  0.03518  | -1.0435
0.9177   0.01799  4.538    -0.08939 -0.0346  0.03518  | -1.0435
0.9177   0.01799  4.538    -0.08939 -0.0346  0.03518  | -1.0435
0.9177   0.01799  4.538    -0.08939 -0.0346  0.03518  | -1.0435
0.9177   0.01799  4.538    -0.08939 -0.0346  0.03518  | -1.0435
0.9177   0.01799  4.538    -0.08939 -0.0346  0.03518  | -1.0435
Done    'Coregister: Estimate'
Done

CoReg Done in 49.418003 seconds

All done with coregistration.
>> >> 
No sandbox specified



Start   : Fri Dec  7 20:38:07 EST 2018
Finish  : Fri Dec  7 20:39:38 EST 2018


