
                            < M A T L A B (R) >
                  Copyright 1984-2015 The MathWorks, Inc.
                   R2015b (8.6.0.267246) 64-bit (glnxa64)
                              August 20, 2015

 
To get started, type one of these: helpwin, helpdesk, or demo.
For product information, visit www.mathworks.com.
 
    ----------------------------------------------------
	Your MATLAB license will expire in 53 days.
	Please contact your system administrator or
	MathWorks to renew this license.
    ----------------------------------------------------

	Academic License

>> >> >> >> Coregistation Script Created on 181207_22_06_20_467
>> >> >> >> >> >> [Warning: Name is nonexistent or not a directory:
/Users/rcwelsh/matlabScripts/WELLES/mfiles] 
[> In path (line 109)
  In addpath (line 86)] 
>> >> >> >> >> 
UMBatchJobName =

coregOverlay_181207_22_06_20_467_tehsheng_madcbrai

>> 
UMBatchProcessName =

coregOverlay

>> >> Initializing the job manager in SPM8

UMReSlice =

     0



Calling UMBatchCoReg with:
/nfs/fmri/Analysis/Sean_Working/Git_MADC/preprocess/../../Subjects_ASL/madc1532_5160/func//run_01/vasc_3dasl.nii
/nfs/fmri/Analysis/Sean_Working/Subjects_ASL/madc1532_5160/func/coReg/t1spgr.nii
UMReSlice:0
Entering UMBatchCoReg V2.0 for SPM8
Coreging /nfs/fmri/Analysis/Sean_Working/Subjects_ASL/madc1532_5160/func/coReg/t1spgr.nii to
         /nfs/fmri/Analysis/Sean_Working/Git_MADC/preprocess/../../Subjects_ASL/madc1532_5160/func//run_01/vasc_3dasl.nii


------------------------------------------------------------------------
Running job #1
------------------------------------------------------------------------
Running 'Coregister: Estimate'
iteration 1...
0.4248   0        0        0        0        0        | -1.0425
0.4248   -1.843   0        0        0        0        | -1.0427
0.4248   -1.843   0.5885   0        0        0        | -1.0427
0.4248   -1.843   0.5885   -0.07316 0        0        | -1.0431
0.4248   -1.843   0.5885   -0.07316 0.01518  0        | -1.0432
0.4248   -1.843   0.5885   -0.07316 0.01518  0.03703  | -1.0434
iteration 2...
0.7204   -1.843   0.5885   -0.07316 0.01518  0.03703  | -1.0434
0.7204   -3.417   0.5885   -0.07316 0.01518  0.03703  | -1.0436
0.7204   -3.417   0.4431   -0.07316 0.01518  0.03703  | -1.0436
0.7204   -3.417   0.4431   -0.07744 0.01518  0.03703  | -1.0436
0.7204   -3.417   0.4431   -0.07744 0.02305  0.03703  | -1.0436
0.7204   -3.417   0.4431   -0.07744 0.02305  0.03764  | -1.0436
iteration 3...
0.5665   -3.417   0.4431   -0.07744 0.02305  0.03764  | -1.0436
0.5665   -3.461   0.4431   -0.07744 0.02305  0.03764  | -1.0436
0.5665   -3.461   0.3131   -0.07744 0.02305  0.03764  | -1.0436
0.5665   -3.461   0.3131   -0.07744 0.02305  0.03764  | -1.0436
0.5665   -3.461   0.3131   -0.07744 0.01971  0.03764  | -1.0436
0.5665   -3.461   0.3131   -0.07744 0.01971  0.0356   | -1.0436
iteration 4...
0.5194   -3.461   0.3131   -0.07744 0.01971  0.0356   | -1.0436
0.5194   -3.453   0.3131   -0.07744 0.01971  0.0356   | -1.0436
0.5194   -3.453   0.3131   -0.07744 0.01971  0.0356   | -1.0436
0.5194   -3.453   0.3131   -0.07744 0.01971  0.0356   | -1.0436
0.5194   -3.453   0.3131   -0.07744 0.02196  0.0356   | -1.0436
0.5194   -3.453   0.3131   -0.07744 0.02196  0.03519  | -1.0436
iteration 5...
0.5194   -3.453   0.3131   -0.07744 0.02196  0.03519  | -1.0436
0.5194   -3.453   0.3131   -0.07744 0.02196  0.03519  | -1.0436
0.5194   -3.453   0.3131   -0.07744 0.02196  0.03519  | -1.0436
0.5194   -3.453   0.3131   -0.07744 0.02196  0.03519  | -1.0436
0.5194   -3.453   0.3131   -0.07744 0.02182  0.03519  | -1.0436
0.5194   -3.453   0.3131   -0.07744 0.02182  0.03484  | -1.0436
iteration 1...
0.2457   -3.453   0.3131   -0.07744 0.02182  0.03484  | -1.0438
0.2457   -3.869   0.3131   -0.07744 0.02182  0.03484  | -1.0438
0.2457   -3.869   -0.2253  -0.07744 0.02182  0.03484  | -1.0438
0.2457   -3.869   -0.2253  -0.08642 0.02182  0.03484  | -1.0438
0.2457   -3.869   -0.2253  -0.08642 0.01663  0.03484  | -1.0438
0.2457   -3.869   -0.2253  -0.08642 0.01663  0.04596  | -1.0438
iteration 2...
0.2457   -3.869   -0.2253  -0.08642 0.01663  0.04596  | -1.0438
0.2457   -3.869   -0.2253  -0.08642 0.01663  0.04596  | -1.0438
0.2457   -3.869   -0.3524  -0.08642 0.01663  0.04596  | -1.0438
0.2457   -3.869   -0.3524  -0.08601 0.01663  0.04596  | -1.0438
0.2457   -3.869   -0.3524  -0.08601 0.003311 0.04596  | -1.0438
0.2457   -3.869   -0.3524  -0.08601 0.003311 0.04688  | -1.0438
iteration 3...
0.1882   -3.869   -0.3524  -0.08601 0.003311 0.04688  | -1.0438
0.1882   -3.98    -0.3524  -0.08601 0.003311 0.04688  | -1.0438
0.1882   -3.98    -0.3524  -0.08601 0.003311 0.04688  | -1.0438
0.1882   -3.98    -0.3524  -0.08727 0.003311 0.04688  | -1.0438
0.1882   -3.98    -0.3524  -0.08727 0.00538  0.04688  | -1.0438
0.1882   -3.98    -0.3524  -0.08727 0.00538  0.04688  | -1.0438
iteration 4...
0.1761   -3.98    -0.3524  -0.08727 0.00538  0.04688  | -1.0438
0.1761   -3.98    -0.3524  -0.08727 0.00538  0.04688  | -1.0438
0.1761   -3.98    -0.3339  -0.08727 0.00538  0.04688  | -1.0438
0.1761   -3.98    -0.3339  -0.08727 0.00538  0.04688  | -1.0438
0.1761   -3.98    -0.3339  -0.08727 0.00538  0.04688  | -1.0438
0.1761   -3.98    -0.3339  -0.08727 0.00538  0.04688  | -1.0438
iteration 5...
0.1761   -3.98    -0.3339  -0.08727 0.00538  0.04688  | -1.0438
0.1761   -3.98    -0.3339  -0.08727 0.00538  0.04688  | -1.0438
0.1761   -3.98    -0.3379  -0.08727 0.00538  0.04688  | -1.0438
0.1761   -3.98    -0.3379  -0.08727 0.00538  0.04688  | -1.0438
0.1761   -3.98    -0.3379  -0.08727 0.00538  0.04688  | -1.0438
0.1761   -3.98    -0.3379  -0.08727 0.00538  0.04688  | -1.0438
Done    'Coregister: Estimate'
Done

CoReg Done in 35.074099 seconds

All done with coregistration.
>> >> 
No sandbox specified



Start   : Fri Dec  7 22:06:24 EST 2018
Finish  : Fri Dec  7 22:07:39 EST 2018


