
                            < M A T L A B (R) >
                  Copyright 1984-2015 The MathWorks, Inc.
                   R2015b (8.6.0.267246) 64-bit (glnxa64)
                              August 20, 2015

 
To get started, type one of these: helpwin, helpdesk, or demo.
For product information, visit www.mathworks.com.
 
    ----------------------------------------------------
	Your MATLAB license will expire in 53 days.
	Please contact your system administrator or
	MathWorks to renew this license.
    ----------------------------------------------------

	Academic License

>> >> >> >> Coregistation Script Created on 181207_16_57_46_237
>> >> >> >> >> >> [Warning: Name is nonexistent or not a directory:
/Users/rcwelsh/matlabScripts/WELLES/mfiles] 
[> In path (line 109)
  In addpath (line 86)] 
>> >> >> >> >> 
UMBatchJobName =

coregOverlay_181207_16_57_46_237_tehsheng_madcbrai

>> 
UMBatchProcessName =

coregOverlay

>> >> Initializing the job manager in SPM8

UMReSlice =

     0



Calling UMBatchCoReg with:
/nfs/fmri/Analysis/Sean_Working/Git_MADC/preprocess/../../Subjects_ASL/madc1040_5745/func//run_01/vasc_3dasl.nii
/nfs/fmri/Analysis/Sean_Working/Subjects_ASL/madc1040_5745/func/coReg/t1spgr.nii
UMReSlice:0
Entering UMBatchCoReg V2.0 for SPM8
Coreging /nfs/fmri/Analysis/Sean_Working/Subjects_ASL/madc1040_5745/func/coReg/t1spgr.nii to
         /nfs/fmri/Analysis/Sean_Working/Git_MADC/preprocess/../../Subjects_ASL/madc1040_5745/func//run_01/vasc_3dasl.nii


------------------------------------------------------------------------
Running job #1
------------------------------------------------------------------------
Running 'Coregister: Estimate'
iteration 1...
-1.566   0        0        0        0        0        | -1.0464
-1.566   -0.3452  0        0        0        0        | -1.0464
-1.566   -0.3452  0.0406   0        0        0        | -1.0464
-1.566   -0.3452  0.0406   -0.006408 0        0        | -1.0464
-1.566   -0.3452  0.0406   -0.006408 0.02     0        | -1.0465
-1.566   -0.3452  0.0406   -0.006408 0.02     0.02399  | -1.0465
iteration 2...
-1.166   -0.3452  0.0406   -0.006408 0.02     0.02399  | -1.0466
-1.166   -0.6778  0.0406   -0.006408 0.02     0.02399  | -1.0466
-1.166   -0.6778  -0.4769  -0.006408 0.02     0.02399  | -1.0466
-1.166   -0.6778  -0.4769  -0.002822 0.02     0.02399  | -1.0467
-1.166   -0.6778  -0.4769  -0.002822 0.02287  0.02399  | -1.0467
-1.166   -0.6778  -0.4769  -0.002822 0.02287  0.02399  | -1.0467
iteration 3...
-1.282   -0.6778  -0.4769  -0.002822 0.02287  0.02399  | -1.0467
-1.282   -0.6778  -0.4769  -0.002822 0.02287  0.02399  | -1.0467
-1.282   -0.6778  -0.5409  -0.002822 0.02287  0.02399  | -1.0467
-1.282   -0.6778  -0.5409  -0.002822 0.02287  0.02399  | -1.0467
-1.282   -0.6778  -0.5409  -0.002822 0.02287  0.02399  | -1.0467
-1.282   -0.6778  -0.5409  -0.002822 0.02287  0.02399  | -1.0467
iteration 4...
-1.29    -0.6778  -0.5409  -0.002822 0.02287  0.02399  | -1.0467
-1.29    -0.6778  -0.5409  -0.002822 0.02287  0.02399  | -1.0467
-1.29    -0.6778  -0.5409  -0.002822 0.02287  0.02399  | -1.0467
-1.29    -0.6778  -0.5409  -0.002822 0.02287  0.02399  | -1.0467
-1.29    -0.6778  -0.5409  -0.002822 0.02438  0.02399  | -1.0467
-1.29    -0.6778  -0.5409  -0.002822 0.02438  0.02233  | -1.0467
iteration 5...
-1.29    -0.6778  -0.5409  -0.002822 0.02438  0.02233  | -1.0467
-1.29    -0.6778  -0.5409  -0.002822 0.02438  0.02233  | -1.0467
-1.29    -0.6778  -0.5435  -0.002822 0.02438  0.02233  | -1.0467
-1.29    -0.6778  -0.5435  -0.002822 0.02438  0.02233  | -1.0467
-1.29    -0.6778  -0.5435  -0.002822 0.02438  0.02233  | -1.0467
-1.29    -0.6778  -0.5435  -0.002822 0.02438  0.02233  | -1.0467
iteration 1...
-1.562   -0.6778  -0.5435  -0.002822 0.02438  0.02233  | -1.0467
-1.562   -0.9673  -0.5435  -0.002822 0.02438  0.02233  | -1.0467
-1.562   -0.9673  -1.17    -0.002822 0.02438  0.02233  | -1.0467
-1.562   -0.9673  -1.17    -0.002822 0.02438  0.02233  | -1.0467
-1.562   -0.9673  -1.17    -0.002822 0.02058  0.02233  | -1.0467
-1.562   -0.9673  -1.17    -0.002822 0.02058  0.02368  | -1.0467
iteration 2...
-1.604   -0.9673  -1.17    -0.002822 0.02058  0.02368  | -1.0467
-1.604   -1.069   -1.17    -0.002822 0.02058  0.02368  | -1.0467
-1.604   -1.069   -1.225   -0.002822 0.02058  0.02368  | -1.0467
-1.604   -1.069   -1.225   0.001752 0.02058  0.02368  | -1.0467
-1.604   -1.069   -1.225   0.001752 0.02058  0.02368  | -1.0467
-1.604   -1.069   -1.225   0.001752 0.02058  0.02368  | -1.0467
iteration 3...
-1.583   -1.069   -1.225   0.001752 0.02058  0.02368  | -1.0467
-1.583   -1.208   -1.225   0.001752 0.02058  0.02368  | -1.0467
-1.583   -1.208   -1.165   0.001752 0.02058  0.02368  | -1.0467
-1.583   -1.208   -1.165   0.001752 0.02058  0.02368  | -1.0467
-1.583   -1.208   -1.165   0.001752 0.02058  0.02368  | -1.0467
-1.583   -1.208   -1.165   0.001752 0.02058  0.02368  | -1.0467
iteration 4...
-1.583   -1.208   -1.165   0.001752 0.02058  0.02368  | -1.0467
-1.583   -1.208   -1.165   0.001752 0.02058  0.02368  | -1.0467
-1.583   -1.208   -1.165   0.001752 0.02058  0.02368  | -1.0467
-1.583   -1.208   -1.165   0.001752 0.02058  0.02368  | -1.0467
-1.583   -1.208   -1.165   0.001752 0.02058  0.02368  | -1.0467
-1.583   -1.208   -1.165   0.001752 0.02058  0.02368  | -1.0467
Done    'Coregister: Estimate'
Done

CoReg Done in 29.462722 seconds

All done with coregistration.
>> >> 
No sandbox specified



Start   : Fri Dec  7 16:57:49 EST 2018
Finish  : Fri Dec  7 16:58:54 EST 2018


