
                            < M A T L A B (R) >
                  Copyright 1984-2015 The MathWorks, Inc.
                   R2015b (8.6.0.267246) 64-bit (glnxa64)
                              August 20, 2015

 
To get started, type one of these: helpwin, helpdesk, or demo.
For product information, visit www.mathworks.com.
 
    ----------------------------------------------------
	Your MATLAB license will expire in 53 days.
	Please contact your system administrator or
	MathWorks to renew this license.
    ----------------------------------------------------

	Academic License

>> >> >> >> Coregistation Script Created on 181207_19_09_40_131
>> >> >> >> >> >> [Warning: Name is nonexistent or not a directory:
/Users/rcwelsh/matlabScripts/WELLES/mfiles] 
[> In path (line 109)
  In addpath (line 86)] 
>> >> >> >> >> 
UMBatchJobName =

coregOverlay_181207_19_09_40_131_tehsheng_madcbrai

>> 
UMBatchProcessName =

coregOverlay

>> >> Initializing the job manager in SPM8

UMReSlice =

     0



Calling UMBatchCoReg with:
/nfs/fmri/Analysis/Sean_Working/Git_MADC/preprocess/../../Subjects_ASL/madc1263_3874/func//run_01/vasc_3dasl.nii
/nfs/fmri/Analysis/Sean_Working/Subjects_ASL/madc1263_3874/func/coReg/t1spgr.nii
UMReSlice:0
Entering UMBatchCoReg V2.0 for SPM8
Coreging /nfs/fmri/Analysis/Sean_Working/Subjects_ASL/madc1263_3874/func/coReg/t1spgr.nii to
         /nfs/fmri/Analysis/Sean_Working/Git_MADC/preprocess/../../Subjects_ASL/madc1263_3874/func//run_01/vasc_3dasl.nii


------------------------------------------------------------------------
Running job #1
------------------------------------------------------------------------
Running 'Coregister: Estimate'
iteration 1...
-0.4645  0        0        0        0        0        | -1.0488
-0.4645  -1.85    0        0        0        0        | -1.049
-0.4645  -1.85    -0.1352  0        0        0        | -1.049
-0.4645  -1.85    -0.1352  -0.06164 0        0        | -1.0492
-0.4645  -1.85    -0.1352  -0.06164 0        0        | -1.0492
-0.4645  -1.85    -0.1352  -0.06164 0        0.05842  | -1.0495
iteration 2...
-0.4645  -1.85    -0.1352  -0.06164 0        0.05842  | -1.0495
-0.4645  -1.487   -0.1352  -0.06164 0        0.05842  | -1.0496
-0.4645  -1.487   0.2211   -0.06164 0        0.05842  | -1.0496
-0.4645  -1.487   0.2211   -0.07262 0        0.05842  | -1.0496
-0.4645  -1.487   0.2211   -0.07262 0.01116  0.05842  | -1.0496
-0.4645  -1.487   0.2211   -0.07262 0.01116  0.06425  | -1.0496
iteration 3...
-0.5853  -1.487   0.2211   -0.07262 0.01116  0.06425  | -1.0496
-0.5853  -1.323   0.2211   -0.07262 0.01116  0.06425  | -1.0496
-0.5853  -1.323   0.3299   -0.07262 0.01116  0.06425  | -1.0496
-0.5853  -1.323   0.3299   -0.07262 0.01116  0.06425  | -1.0496
-0.5853  -1.323   0.3299   -0.07262 0.01477  0.06425  | -1.0496
-0.5853  -1.323   0.3299   -0.07262 0.01477  0.06425  | -1.0496
iteration 4...
-0.5853  -1.323   0.3299   -0.07262 0.01477  0.06425  | -1.0496
-0.5853  -1.217   0.3299   -0.07262 0.01477  0.06425  | -1.0496
-0.5853  -1.217   0.2569   -0.07262 0.01477  0.06425  | -1.0496
-0.5853  -1.217   0.2569   -0.07071 0.01477  0.06425  | -1.0496
-0.5853  -1.217   0.2569   -0.07071 0.01556  0.06425  | -1.0496
-0.5853  -1.217   0.2569   -0.07071 0.01556  0.06415  | -1.0496
iteration 5...
-0.5788  -1.217   0.2569   -0.07071 0.01556  0.06415  | -1.0496
-0.5788  -1.217   0.2569   -0.07071 0.01556  0.06415  | -1.0496
-0.5788  -1.217   0.2569   -0.07071 0.01556  0.06415  | -1.0496
-0.5788  -1.217   0.2569   -0.07071 0.01556  0.06415  | -1.0496
-0.5788  -1.217   0.2569   -0.07071 0.01556  0.06415  | -1.0496
-0.5788  -1.217   0.2569   -0.07071 0.01556  0.06415  | -1.0496
iteration 1...
-0.8239  -1.217   0.2569   -0.07071 0.01556  0.06415  | -1.0493
-0.8239  -1.688   0.2569   -0.07071 0.01556  0.06415  | -1.0493
-0.8239  -1.688   -0.2703  -0.07071 0.01556  0.06415  | -1.0494
-0.8239  -1.688   -0.2703  -0.1271  0.01556  0.06415  | -1.0495
-0.8239  -1.688   -0.2703  -0.1271  0.005551 0.06415  | -1.0495
-0.8239  -1.688   -0.2703  -0.1271  0.005551 0.05922  | -1.0495
iteration 2...
-0.6324  -1.688   -0.2703  -0.1271  0.005551 0.05922  | -1.0495
-0.6324  -1.946   -0.2703  -0.1271  0.005551 0.05922  | -1.0495
-0.6324  -1.946   0.04583  -0.1271  0.005551 0.05922  | -1.0495
-0.6324  -1.946   0.04583  -0.1271  0.005551 0.05922  | -1.0495
-0.6324  -1.946   0.04583  -0.1271  0.005551 0.05922  | -1.0495
-0.6324  -1.946   0.04583  -0.1271  0.005551 0.05592  | -1.0495
iteration 3...
-0.6324  -1.946   0.04583  -0.1271  0.005551 0.05592  | -1.0495
-0.6324  -1.902   0.04583  -0.1271  0.005551 0.05592  | -1.0495
-0.6324  -1.902   0.04386  -0.1271  0.005551 0.05592  | -1.0495
-0.6324  -1.902   0.04386  -0.1249  0.005551 0.05592  | -1.0495
-0.6324  -1.902   0.04386  -0.1249  0.005036 0.05592  | -1.0495
-0.6324  -1.902   0.04386  -0.1249  0.005036 0.05655  | -1.0495
iteration 4...
-0.6324  -1.902   0.04386  -0.1249  0.005036 0.05655  | -1.0495
-0.6324  -1.902   0.04386  -0.1249  0.005036 0.05655  | -1.0495
-0.6324  -1.902   0.06108  -0.1249  0.005036 0.05655  | -1.0495
-0.6324  -1.902   0.06108  -0.1249  0.005036 0.05655  | -1.0495
-0.6324  -1.902   0.06108  -0.1249  0.005036 0.05655  | -1.0495
-0.6324  -1.902   0.06108  -0.1249  0.005036 0.05655  | -1.0495
Done    'Coregister: Estimate'
Done

CoReg Done in 30.362855 seconds

All done with coregistration.
>> >> 
No sandbox specified



Start   : Fri Dec  7 19:09:43 EST 2018
Finish  : Fri Dec  7 19:10:50 EST 2018


