
                            < M A T L A B (R) >
                  Copyright 1984-2015 The MathWorks, Inc.
                   R2015b (8.6.0.267246) 64-bit (glnxa64)
                              August 20, 2015

 
To get started, type one of these: helpwin, helpdesk, or demo.
For product information, visit www.mathworks.com.
 
    ----------------------------------------------------
	Your MATLAB license will expire in 53 days.
	Please contact your system administrator or
	MathWorks to renew this license.
    ----------------------------------------------------

	Academic License

>> >> >> >> Coregistation Script Created on 181207_22_47_41_970
>> >> >> >> >> >> [Warning: Name is nonexistent or not a directory:
/Users/rcwelsh/matlabScripts/WELLES/mfiles] 
[> In path (line 109)
  In addpath (line 86)] 
>> >> >> >> >> 
UMBatchJobName =

coregOverlay_181207_22_47_41_970_tehsheng_madcbrai

>> 
UMBatchProcessName =

coregOverlay

>> >> Initializing the job manager in SPM8

UMReSlice =

     0



Calling UMBatchCoReg with:
/nfs/fmri/Analysis/Sean_Working/Git_MADC/preprocess/../../Subjects_ASL/madc1387_5556/func//run_01/vasc_3dasl.nii
/nfs/fmri/Analysis/Sean_Working/Subjects_ASL/madc1387_5556/func/coReg/t1spgr.nii
UMReSlice:0
Entering UMBatchCoReg V2.0 for SPM8
Coreging /nfs/fmri/Analysis/Sean_Working/Subjects_ASL/madc1387_5556/func/coReg/t1spgr.nii to
         /nfs/fmri/Analysis/Sean_Working/Git_MADC/preprocess/../../Subjects_ASL/madc1387_5556/func//run_01/vasc_3dasl.nii


------------------------------------------------------------------------
Running job #1
------------------------------------------------------------------------
Running 'Coregister: Estimate'
iteration 1...
2.002    0        0        0        0        0        | -1.0385
2.002    -3.367   0        0        0        0        | -1.0389
2.002    -3.367   -0.2075  0        0        0        | -1.039
2.002    -3.367   -0.2075  -0.003407 0        0        | -1.039
2.002    -3.367   -0.2075  -0.003407 0        0        | -1.039
2.002    -3.367   -0.2075  -0.003407 0        0.01301  | -1.039
iteration 2...
1.327    -3.367   -0.2075  -0.003407 0        0.01301  | -1.0391
1.327    -3.639   -0.2075  -0.003407 0        0.01301  | -1.0391
1.327    -3.639   -0.2281  -0.003407 0        0.01301  | -1.0391
1.327    -3.639   -0.2281  -0.007759 0        0.01301  | -1.0391
1.327    -3.639   -0.2281  -0.007759 -0.006246 0.01301  | -1.0391
1.327    -3.639   -0.2281  -0.007759 -0.006246 0.01492  | -1.0391
0.6525   -3.91    -0.2487  -0.01211 -0.01249 0.01683  | -1.0391
iteration 3...
0.6525   -3.91    -0.2487  -0.01211 -0.01249 0.01683  | -1.0391
0.6525   -3.693   -0.2487  -0.01211 -0.01249 0.01683  | -1.0392
0.6525   -3.693   -2.682   -0.01211 -0.01249 0.01683  | -1.0393
0.6525   -3.693   -2.682   -0.02219 -0.01249 0.01683  | -1.0393
0.6525   -3.693   -2.682   -0.02219 -0.01249 0.01683  | -1.0393
0.6525   -3.693   -2.682   -0.02219 -0.01249 0.01677  | -1.0393
iteration 4...
0.3026   -3.834   -2.693   -0.02445 -0.01573 0.01776  | -1.0393
0.3026   -3.269   -2.693   -0.02445 -0.01573 0.01776  | -1.0394
0.3026   -3.269   -3.011   -0.02445 -0.01573 0.01776  | -1.0394
0.3026   -3.269   -3.011   -0.02741 -0.01573 0.01776  | -1.0394
0.3026   -3.269   -3.011   -0.02741 -0.01573 0.01776  | -1.0394
0.3026   -3.269   -3.011   -0.02741 -0.01573 0.01845  | -1.0394
iteration 5...
0.3026   -3.269   -3.011   -0.02741 -0.01573 0.01845  | -1.0394
0.3026   -3.269   -3.011   -0.02741 -0.01573 0.01845  | -1.0394
0.3026   -3.269   -3.041   -0.02741 -0.01573 0.01845  | -1.0394
0.3026   -3.269   -3.041   -0.02741 -0.01573 0.01845  | -1.0394
0.3026   -3.269   -3.041   -0.02741 -0.0146  0.01845  | -1.0394
0.3026   -3.269   -3.041   -0.02741 -0.0146  0.01883  | -1.0394
iteration 6...
0.2915   -3.274   -3.041   -0.02748 -0.0147  0.01886  | -1.0394
0.2915   -3.246   -3.041   -0.02748 -0.0147  0.01886  | -1.0394
0.2915   -3.246   -3.202   -0.02748 -0.0147  0.01886  | -1.0394
0.2915   -3.246   -3.202   -0.02883 -0.0147  0.01886  | -1.0394
0.2915   -3.246   -3.202   -0.02883 -0.0147  0.01886  | -1.0394
0.2915   -3.246   -3.202   -0.02883 -0.0147  0.01886  | -1.0394
iteration 7...
0.2915   -3.246   -3.202   -0.02883 -0.0147  0.01886  | -1.0394
0.2915   -3.209   -3.202   -0.02883 -0.0147  0.01886  | -1.0394
0.2915   -3.209   -3.16    -0.02883 -0.0147  0.01886  | -1.0394
0.2915   -3.209   -3.16    -0.02883 -0.0147  0.01886  | -1.0394
0.2915   -3.209   -3.16    -0.02883 -0.0147  0.01886  | -1.0394
0.2915   -3.209   -3.16    -0.02883 -0.0147  0.01886  | -1.0394
iteration 8...
0.2915   -3.209   -3.16    -0.02883 -0.0147  0.01886  | -1.0394
0.2915   -3.209   -3.16    -0.02883 -0.0147  0.01886  | -1.0394
0.2915   -3.209   -3.16    -0.02883 -0.0147  0.01886  | -1.0394
0.2915   -3.209   -3.16    -0.02883 -0.0147  0.01886  | -1.0394
0.2915   -3.209   -3.16    -0.02883 -0.0147  0.01886  | -1.0394
0.2915   -3.209   -3.16    -0.02883 -0.0147  0.01886  | -1.0394
iteration 1...
0.5948   -3.209   -3.16    -0.02883 -0.0147  0.01886  | -1.0392
0.5948   -2.769   -3.16    -0.02883 -0.0147  0.01886  | -1.0392
0.5948   -2.769   -4.097   -0.02883 -0.0147  0.01886  | -1.0393
0.5948   -2.769   -4.097   -0.02341 -0.0147  0.01886  | -1.0393
0.5948   -2.769   -4.097   -0.02341 -0.01846 0.01886  | -1.0393
0.5948   -2.769   -4.097   -0.02341 -0.01846 0.02672  | -1.0393
iteration 2...
0.304    -2.769   -4.097   -0.02341 -0.01846 0.02672  | -1.0393
0.304    -2.673   -4.097   -0.02341 -0.01846 0.02672  | -1.0393
0.304    -2.673   -3.841   -0.02341 -0.01846 0.02672  | -1.0393
0.304    -2.673   -3.841   -0.01635 -0.01846 0.02672  | -1.0393
0.304    -2.673   -3.841   -0.01635 -0.01846 0.02672  | -1.0393
0.304    -2.673   -3.841   -0.01635 -0.01846 0.03159  | -1.0393
0.09011  -2.603   -3.652   -0.01116 -0.01846 0.03518  | -1.0393
iteration 3...
0.09011  -2.603   -3.652   -0.01116 -0.01846 0.03518  | -1.0393
0.09011  -2.274   -3.652   -0.01116 -0.01846 0.03518  | -1.0393
0.09011  -2.274   -3.605   -0.01116 -0.01846 0.03518  | -1.0393
0.09011  -2.274   -3.605   -0.01068 -0.01846 0.03518  | -1.0393
0.09011  -2.274   -3.605   -0.01068 -0.01261 0.03518  | -1.0394
0.09011  -2.274   -3.605   -0.01068 -0.01261 0.03518  | -1.0394
iteration 4...
0.08858  -2.274   -3.604   -0.01064 -0.01261 0.03521  | -1.0394
0.08858  -2.274   -3.604   -0.01064 -0.01261 0.03521  | -1.0394
0.08858  -2.274   -3.603   -0.01064 -0.01261 0.03521  | -1.0394
0.08858  -2.274   -3.603   -0.01064 -0.01261 0.03521  | -1.0394
0.08858  -2.274   -3.603   -0.01064 -0.01261 0.03521  | -1.0394
0.08858  -2.274   -3.603   -0.01064 -0.01261 0.03521  | -1.0394
Done    'Coregister: Estimate'
Done

CoReg Done in 37.274142 seconds

All done with coregistration.
>> >> 
No sandbox specified



Start   : Fri Dec  7 22:47:45 EST 2018
Finish  : Fri Dec  7 22:49:15 EST 2018


