
                            < M A T L A B (R) >
                  Copyright 1984-2015 The MathWorks, Inc.
                   R2015b (8.6.0.267246) 64-bit (glnxa64)
                              August 20, 2015

 
To get started, type one of these: helpwin, helpdesk, or demo.
For product information, visit www.mathworks.com.
 
    ----------------------------------------------------
	Your MATLAB license will expire in 53 days.
	Please contact your system administrator or
	MathWorks to renew this license.
    ----------------------------------------------------

	Academic License

>> >> >> >> Coregistation Script Created on 181207_18_44_59_489
>> >> >> >> >> >> [Warning: Name is nonexistent or not a directory:
/Users/rcwelsh/matlabScripts/WELLES/mfiles] 
[> In path (line 109)
  In addpath (line 86)] 
>> >> >> >> >> 
UMBatchJobName =

coregOverlay_181207_18_44_59_489_tehsheng_madcbrai

>> 
UMBatchProcessName =

coregOverlay

>> >> Initializing the job manager in SPM8

UMReSlice =

     0



Calling UMBatchCoReg with:
/nfs/fmri/Analysis/Sean_Working/Git_MADC/preprocess/../../Subjects_ASL/madc1556_5503/func//run_01/vasc_3dasl.nii
/nfs/fmri/Analysis/Sean_Working/Subjects_ASL/madc1556_5503/func/coReg/t1spgr.nii
UMReSlice:0
Entering UMBatchCoReg V2.0 for SPM8
Coreging /nfs/fmri/Analysis/Sean_Working/Subjects_ASL/madc1556_5503/func/coReg/t1spgr.nii to
         /nfs/fmri/Analysis/Sean_Working/Git_MADC/preprocess/../../Subjects_ASL/madc1556_5503/func//run_01/vasc_3dasl.nii


------------------------------------------------------------------------
Running job #1
------------------------------------------------------------------------
Running 'Coregister: Estimate'
iteration 1...
-1.891   0        0        0        0        0        | -1.0387
-1.891   -2.392   0        0        0        0        | -1.0391
-1.891   -2.392   -0.2326  0        0        0        | -1.0392
-1.891   -2.392   -0.2326  -0.03033 0        0        | -1.0392
-1.891   -2.392   -0.2326  -0.03033 -9.843e-05 0        | -1.0392
-1.891   -2.392   -0.2326  -0.03033 -9.843e-05 0.006494 | -1.0392
iteration 2...
-1.692   -2.392   -0.2326  -0.03033 -9.843e-05 0.006494 | -1.0393
-1.692   -1.848   -0.2326  -0.03033 -9.843e-05 0.006494 | -1.0393
-1.692   -1.848   0.3115   -0.03033 -9.843e-05 0.006494 | -1.0393
-1.692   -1.848   0.3115   -0.03896 -9.843e-05 0.006494 | -1.0393
-1.692   -1.848   0.3115   -0.03896 -9.843e-05 0.006494 | -1.0393
-1.692   -1.848   0.3115   -0.03896 -9.843e-05 0.004972 | -1.0393
iteration 3...
-1.672   -1.848   0.3115   -0.03896 -9.843e-05 0.004972 | -1.0393
-1.672   -1.768   0.3115   -0.03896 -9.843e-05 0.004972 | -1.0393
-1.672   -1.768   0.284    -0.03896 -9.843e-05 0.004972 | -1.0393
-1.672   -1.768   0.284    -0.03959 -9.843e-05 0.004972 | -1.0393
-1.672   -1.768   0.284    -0.03959 -5.437e-05 0.004972 | -1.0393
-1.672   -1.768   0.284    -0.03959 -5.437e-05 0.004972 | -1.0393
iteration 4...
-1.678   -1.768   0.284    -0.03959 -5.437e-05 0.004972 | -1.0393
-1.678   -1.768   0.284    -0.03959 -5.437e-05 0.004972 | -1.0393
-1.678   -1.768   0.2699   -0.03959 -5.437e-05 0.004972 | -1.0393
-1.678   -1.768   0.2699   -0.0402  -5.437e-05 0.004972 | -1.0393
-1.678   -1.768   0.2699   -0.0402  -5.437e-05 0.004972 | -1.0393
-1.678   -1.768   0.2699   -0.0402  -5.437e-05 0.004972 | -1.0393
iteration 1...
-1.227   -1.768   0.2699   -0.0402  -5.437e-05 0.004972 | -1.0392
-1.227   -0.8533  0.2699   -0.0402  -5.437e-05 0.004972 | -1.0392
-1.227   -0.8533  -0.8523  -0.0402  -5.437e-05 0.004972 | -1.0392
-1.227   -0.8533  -0.8523  -0.04251 -5.437e-05 0.004972 | -1.0392
-1.227   -0.8533  -0.8523  -0.04251 0.0129   0.004972 | -1.0393
-1.227   -0.8533  -0.8523  -0.04251 0.0129   0.009874 | -1.0393
iteration 2...
-1.741   -0.8533  -0.8523  -0.04251 0.0129   0.009874 | -1.0393
-1.741   -0.7766  -0.8523  -0.04251 0.0129   0.009874 | -1.0393
-1.741   -0.7766  -0.473   -0.04251 0.0129   0.009874 | -1.0393
-1.741   -0.7766  -0.473   -0.04338 0.0129   0.009874 | -1.0393
-1.741   -0.7766  -0.473   -0.04338 0.01675  0.009874 | -1.0393
-1.741   -0.7766  -0.473   -0.04338 0.01675  0.01095  | -1.0393
-2.45    -0.6708  0.05025  -0.04458 0.02207  0.01243  | -1.0394
iteration 3...
-2.45    -0.6708  0.05025  -0.04458 0.02207  0.01243  | -1.0394
-2.45    -0.5428  0.05025  -0.04458 0.02207  0.01243  | -1.0394
-2.45    -0.5428  -0.1538  -0.04458 0.02207  0.01243  | -1.0394
-2.45    -0.5428  -0.1538  -0.04458 0.02207  0.01243  | -1.0394
-2.45    -0.5428  -0.1538  -0.04458 0.02396  0.01243  | -1.0394
-2.45    -0.5428  -0.1538  -0.04458 0.02396  0.01249  | -1.0394
iteration 4...
-2.533   -0.5304  -0.09265 -0.04472 0.02458  0.01267  | -1.0394
-2.533   -0.5565  -0.09265 -0.04472 0.02458  0.01267  | -1.0394
-2.533   -0.5565  -0.2112  -0.04472 0.02458  0.01267  | -1.0394
-2.533   -0.5565  -0.2112  -0.04472 0.02458  0.01267  | -1.0394
-2.533   -0.5565  -0.2112  -0.04472 0.02458  0.01267  | -1.0394
-2.533   -0.5565  -0.2112  -0.04472 0.02458  0.01267  | -1.0394
-2.616   -0.5701  -0.2686  -0.04486 0.0252   0.01284  | -1.0394
iteration 5...
-2.616   -0.5701  -0.2686  -0.04486 0.0252   0.01284  | -1.0394
-2.616   -0.528   -0.2686  -0.04486 0.0252   0.01284  | -1.0394
-2.616   -0.528   -0.2272  -0.04486 0.0252   0.01284  | -1.0394
-2.616   -0.528   -0.2272  -0.04486 0.0252   0.01284  | -1.0394
-2.616   -0.528   -0.2272  -0.04486 0.02655  0.01284  | -1.0394
-2.616   -0.528   -0.2272  -0.04486 0.02655  0.01263  | -1.0394
iteration 6...
-2.699   -0.5417  -0.2847  -0.045   0.02717  0.01281  | -1.0394
-2.699   -0.5417  -0.2847  -0.045   0.02717  0.01281  | -1.0394
-2.699   -0.5417  -0.1792  -0.045   0.02717  0.01281  | -1.0394
-2.699   -0.5417  -0.1792  -0.045   0.02717  0.01281  | -1.0394
-2.699   -0.5417  -0.1792  -0.045   0.03003  0.01281  | -1.0394
-2.699   -0.5417  -0.1792  -0.045   0.03003  0.01281  | -1.0394
iteration 7...
-2.729   -0.5466  -0.1999  -0.04505 0.03026  0.01287  | -1.0394
-2.729   -0.533   -0.1999  -0.04505 0.03026  0.01287  | -1.0394
-2.729   -0.533   -0.2051  -0.04505 0.03026  0.01287  | -1.0394
-2.729   -0.533   -0.2051  -0.04505 0.03026  0.01287  | -1.0394
-2.729   -0.533   -0.2051  -0.04505 0.03026  0.01287  | -1.0394
-2.729   -0.533   -0.2051  -0.04505 0.03026  0.01287  | -1.0394
iteration 8...
-2.729   -0.533   -0.2051  -0.04505 0.03026  0.01287  | -1.0394
-2.729   -0.533   -0.2051  -0.04505 0.03026  0.01287  | -1.0394
-2.729   -0.533   -0.2049  -0.04505 0.03026  0.01287  | -1.0394
-2.729   -0.533   -0.2049  -0.04505 0.03026  0.01287  | -1.0394
-2.729   -0.533   -0.2049  -0.04505 0.03026  0.01287  | -1.0394
-2.729   -0.533   -0.2049  -0.04505 0.03026  0.01287  | -1.0394
Done    'Coregister: Estimate'
Done

CoReg Done in 47.422838 seconds

All done with coregistration.
>> >> 
No sandbox specified



Start   : Fri Dec  7 18:45:03 EST 2018
Finish  : Fri Dec  7 18:46:48 EST 2018


