
                            < M A T L A B (R) >
                  Copyright 1984-2015 The MathWorks, Inc.
                   R2015b (8.6.0.267246) 64-bit (glnxa64)
                              August 20, 2015

 
To get started, type one of these: helpwin, helpdesk, or demo.
For product information, visit www.mathworks.com.
 
    ----------------------------------------------------
	Your MATLAB license will expire in 52 days.
	Please contact your system administrator or
	MathWorks to renew this license.
    ----------------------------------------------------

	Academic License

>> >> >> >> Coregistation Script Created on 181208_04_28_33_221
>> >> >> >> >> >> [Warning: Name is nonexistent or not a directory:
/Users/rcwelsh/matlabScripts/WELLES/mfiles] 
[> In path (line 109)
  In addpath (line 86)] 
>> >> >> >> >> 
UMBatchJobName =

coregOverlay_181208_04_28_33_221_tehsheng_madcbrai

>> 
UMBatchProcessName =

coregOverlay

>> >> Initializing the job manager in SPM8

UMReSlice =

     0



Calling UMBatchCoReg with:
/nfs/fmri/Analysis/Sean_Working/Git_MADC/preprocess/../../Subjects_ASL/madc1595_5847/func//run_01/vasc_3dasl.nii
/nfs/fmri/Analysis/Sean_Working/Subjects_ASL/madc1595_5847/func/coReg/t1spgr.nii
UMReSlice:0
Entering UMBatchCoReg V2.0 for SPM8
Coreging /nfs/fmri/Analysis/Sean_Working/Subjects_ASL/madc1595_5847/func/coReg/t1spgr.nii to
         /nfs/fmri/Analysis/Sean_Working/Git_MADC/preprocess/../../Subjects_ASL/madc1595_5847/func//run_01/vasc_3dasl.nii


------------------------------------------------------------------------
Running job #1
------------------------------------------------------------------------
Running 'Coregister: Estimate'
iteration 1...
0.4      0        0        0        0        0        | -1.0466
0.4      -3.404   0        0        0        0        | -1.0468
0.4      -3.404   0.4828   0        0        0        | -1.0468
0.4      -3.404   0.4828   0.001138 0        0        | -1.0468
0.4      -3.404   0.4828   0.001138 0        0        | -1.0468
0.4      -3.404   0.4828   0.001138 0        0.01028  | -1.0469
iteration 2...
0.1322   -3.404   0.4828   0.001138 0        0.01028  | -1.0469
0.1322   -3.367   0.4828   0.001138 0        0.01028  | -1.0469
0.1322   -3.367   0.5078   0.001138 0        0.01028  | -1.0469
0.1322   -3.367   0.5078   0.0002899 0        0.01028  | -1.0469
0.1322   -3.367   0.5078   0.0002899 0.0001869 0.01028  | -1.0469
0.1322   -3.367   0.5078   0.0002899 0.0001869 0.01028  | -1.0469
iteration 3...
0.1322   -3.367   0.5078   0.0002899 0.0001869 0.01028  | -1.0469
0.1322   -3.281   0.5078   0.0002899 0.0001869 0.01028  | -1.0469
0.1322   -3.281   0.5339   0.0002899 0.0001869 0.01028  | -1.0469
0.1322   -3.281   0.5339   6.683e-05 0.0001869 0.01028  | -1.0469
0.1322   -3.281   0.5339   6.683e-05 0.001056 0.01028  | -1.0469
0.1322   -3.281   0.5339   6.683e-05 0.001056 0.01028  | -1.0469
iteration 4...
0.02837  -3.281   0.5339   6.683e-05 0.001056 0.01028  | -1.0469
0.02837  -3.281   0.5339   6.683e-05 0.001056 0.01028  | -1.0469
0.02837  -3.281   0.5226   6.683e-05 0.001056 0.01028  | -1.0469
0.02837  -3.281   0.5226   -0.0002112 0.001056 0.01028  | -1.0469
0.02837  -3.281   0.5226   -0.0002112 0.001056 0.01028  | -1.0469
0.02837  -3.281   0.5226   -0.0002112 0.001056 0.01028  | -1.0469
iteration 5...
0.02837  -3.281   0.5226   -0.0002112 0.001056 0.01028  | -1.0469
0.02837  -3.231   0.5226   -0.0002112 0.001056 0.01028  | -1.0469
0.02837  -3.231   0.5307   -0.0002112 0.001056 0.01028  | -1.0469
0.02837  -3.231   0.5307   -0.0006872 0.001056 0.01028  | -1.0469
0.02837  -3.231   0.5307   -0.0006872 0.001056 0.01028  | -1.0469
0.02837  -3.231   0.5307   -0.0006872 0.001056 0.01028  | -1.0469
0.02837  -2.988   0.5697   -0.002998 0.001056 0.01028  | -1.0469
iteration 6...
0.000469 -2.988   0.5697   -0.002998 0.001056 0.01028  | -1.0469
0.000469 -0.9659  0.8947   -0.02225 0.001056 0.01028  | -1.047
0.000469 -0.9659  1.184    -0.02225 0.001056 0.01028  | -1.047
0.000469 -0.9659  1.184    -0.027   0.001056 0.01028  | -1.047
0.000469 -0.9659  1.184    -0.027   0.0001842 0.01028  | -1.047
0.000469 -0.9659  1.184    -0.027   0.0001842 0.02029  | -1.047
iteration 7...
-0.5217  -0.9659  1.184    -0.027   0.0001842 0.02029  | -1.047
-0.5217  -0.7231  1.223    -0.02931 0.0001842 0.02029  | -1.047
-0.5217  -0.7231  1.124    -0.02931 0.0001842 0.02029  | -1.047
-0.5217  -0.7231  1.124    -0.02931 0.0001842 0.02029  | -1.047
-0.5217  -0.7231  1.124    -0.02931 0.0001842 0.02029  | -1.047
-0.5217  -0.7231  1.124    -0.02931 0.0001842 0.02029  | -1.047
iteration 8...
-0.5217  -0.7231  1.124    -0.02931 0.0001842 0.02029  | -1.047
-0.5217  -0.8361  1.105    -0.02823 0.0001842 0.02029  | -1.047
-0.5217  -0.8361  1.071    -0.02823 0.0001842 0.02029  | -1.047
-0.5217  -0.8361  1.071    -0.02776 0.0001842 0.02029  | -1.047
-0.5217  -0.8361  1.071    -0.02776 0.0001842 0.02029  | -1.047
-0.5217  -0.8361  1.071    -0.02776 0.0001842 0.02029  | -1.047
iteration 9...
-0.5217  -0.8361  1.071    -0.02776 0.0001842 0.02029  | -1.047
-0.5217  -0.8252  1.073    -0.02786 0.0001842 0.02029  | -1.047
-0.5217  -0.8252  1.073    -0.02786 0.0001842 0.02029  | -1.047
-0.5217  -0.8252  1.073    -0.02786 0.0001842 0.02029  | -1.047
-0.5217  -0.8252  1.073    -0.02786 0.0001842 0.02029  | -1.047
-0.5217  -0.8252  1.073    -0.02786 0.0001842 0.02029  | -1.047
iteration 1...
-0.6288  -0.8252  1.073    -0.02786 0.0001842 0.02029  | -1.0472
-0.6288  -0.1653  1.073    -0.02786 0.0001842 0.02029  | -1.0472
-0.6288  -0.1653  0.4256   -0.02786 0.0001842 0.02029  | -1.0472
-0.6288  -0.1653  0.4256   -0.02271 0.0001842 0.02029  | -1.0472
-0.6288  -0.1653  0.4256   -0.02271 0.0001842 0.02029  | -1.0472
-0.6288  -0.1653  0.4256   -0.02271 0.0001842 0.03281  | -1.0472
iteration 2...
-0.3891  -0.1653  0.4256   -0.02271 0.0001842 0.03281  | -1.0473
-0.3891  -0.363   0.4256   -0.02271 0.0001842 0.03281  | -1.0473
-0.3891  -0.363   0.4142   -0.02271 0.0001842 0.03281  | -1.0473
-0.3891  -0.363   0.4142   -0.02271 0.0001842 0.03281  | -1.0473
-0.3891  -0.363   0.4142   -0.02271 0.002426 0.03281  | -1.0473
-0.3891  -0.363   0.4142   -0.02271 0.002426 0.03308  | -1.0473
iteration 3...
-0.5007  -0.363   0.4142   -0.02271 0.002426 0.03308  | -1.0473
-0.5007  -0.3545  0.4142   -0.02271 0.002426 0.03308  | -1.0473
-0.5007  -0.3545  0.3966   -0.02271 0.002426 0.03308  | -1.0473
-0.5007  -0.3545  0.3966   -0.02271 0.002426 0.03308  | -1.0473
-0.5007  -0.3545  0.3966   -0.02271 0.004151 0.03308  | -1.0473
-0.5007  -0.3545  0.3966   -0.02271 0.004151 0.03288  | -1.0473
-1.365   -0.2884  0.2598   -0.02271 0.01753  0.03135  | -1.0473
iteration 4...
-1.296   -0.2884  0.2598   -0.02271 0.01753  0.03135  | -1.0473
-1.296   -0.3967  0.2598   -0.02271 0.01753  0.03135  | -1.0473
-1.296   -0.3967  0.4447   -0.02271 0.01753  0.03135  | -1.0473
-1.296   -0.3967  0.4447   -0.02271 0.01753  0.03135  | -1.0473
-1.296   -0.3967  0.4447   -0.02271 0.01753  0.03135  | -1.0473
-1.296   -0.3967  0.4447   -0.02271 0.01753  0.03135  | -1.0473
iteration 5...
-1.296   -0.3967  0.4447   -0.02271 0.01753  0.03135  | -1.0473
-1.296   -0.3967  0.4447   -0.02271 0.01753  0.03135  | -1.0473
-1.296   -0.3967  0.4388   -0.02271 0.01753  0.03135  | -1.0473
-1.296   -0.3967  0.4388   -0.02271 0.01753  0.03135  | -1.0473
-1.296   -0.3967  0.4388   -0.02271 0.01753  0.03135  | -1.0473
-1.296   -0.3967  0.4388   -0.02271 0.01753  0.03135  | -1.0473
Done    'Coregister: Estimate'
Done

CoReg Done in 38.013029 seconds

All done with coregistration.
>> >> 
No sandbox specified



Start   : Sat Dec  8 04:28:34 EST 2018
Finish  : Sat Dec  8 04:29:45 EST 2018


