
                            < M A T L A B (R) >
                  Copyright 1984-2015 The MathWorks, Inc.
                   R2015b (8.6.0.267246) 64-bit (glnxa64)
                              August 20, 2015

 
To get started, type one of these: helpwin, helpdesk, or demo.
For product information, visit www.mathworks.com.
 
    ----------------------------------------------------
	Your MATLAB license will expire in 53 days.
	Please contact your system administrator or
	MathWorks to renew this license.
    ----------------------------------------------------

	Academic License

>> >> >> >> Coregistation Script Created on 181207_17_18_26_567
>> >> >> >> >> >> [Warning: Name is nonexistent or not a directory:
/Users/rcwelsh/matlabScripts/WELLES/mfiles] 
[> In path (line 109)
  In addpath (line 86)] 
>> >> >> >> >> 
UMBatchJobName =

coregOverlay_181207_17_18_26_567_tehsheng_madcbrai

>> 
UMBatchProcessName =

coregOverlay

>> >> Initializing the job manager in SPM8

UMReSlice =

     0



Calling UMBatchCoReg with:
/nfs/fmri/Analysis/Sean_Working/Git_MADC/preprocess/../../Subjects_ASL/madc1447_4475/func//run_01/vasc_3dasl.nii
/nfs/fmri/Analysis/Sean_Working/Subjects_ASL/madc1447_4475/func/coReg/t1spgr.nii
UMReSlice:0
Entering UMBatchCoReg V2.0 for SPM8
Coreging /nfs/fmri/Analysis/Sean_Working/Subjects_ASL/madc1447_4475/func/coReg/t1spgr.nii to
         /nfs/fmri/Analysis/Sean_Working/Git_MADC/preprocess/../../Subjects_ASL/madc1447_4475/func//run_01/vasc_3dasl.nii


------------------------------------------------------------------------
Running job #1
------------------------------------------------------------------------
Running 'Coregister: Estimate'
iteration 1...
-2.88    0        0        0        0        0        | -1.0438
-2.88    0.2151   0        0        0        0        | -1.0439
-2.88    0.2151   0.03465  0        0        0        | -1.0439
-2.88    0.2151   0.03465  0        0        0        | -1.0439
-2.88    0.2151   0.03465  0        0        0        | -1.0439
-2.88    0.2151   0.03465  0        0        0.01537  | -1.0439
iteration 2...
-2.996   0.2151   0.03465  0        0        0.01537  | -1.0439
-2.996   0.2151   0.03465  0        0        0.01537  | -1.0439
-2.996   0.2151   0.02798  0        0        0.01537  | -1.0439
-2.996   0.2151   0.02798  0.02591  0        0.01537  | -1.0439
-2.996   0.2151   0.02798  0.02591  0.009843 0.01537  | -1.044
-2.996   0.2151   0.02798  0.02591  0.009843 0.01824  | -1.044
iteration 3...
-3.005   0.2151   0.02798  0.02591  0.009843 0.01824  | -1.044
-3.005   0.8624   0.02798  0.02591  0.009843 0.01824  | -1.044
-3.005   0.8624   -3.756   0.02591  0.009843 0.01824  | -1.0441
-3.005   0.8624   -3.756   0.02139  0.009843 0.01824  | -1.0441
-3.005   0.8624   -3.756   0.02139  -0.00441 0.01824  | -1.0441
-3.005   0.8624   -3.756   0.02139  -0.00441 0.01835  | -1.0441
iteration 4...
-3.005   0.8624   -3.756   0.02139  -0.00441 0.01835  | -1.0441
-3.005   -0.09007 -3.756   0.02139  -0.00441 0.01835  | -1.0442
-3.005   -0.09007 -3.756   0.02139  -0.00441 0.01835  | -1.0442
-3.005   -0.09007 -3.756   0.01747  -0.00441 0.01835  | -1.0442
-3.005   -0.09007 -3.756   0.01747  -0.01024 0.01835  | -1.0442
-3.005   -0.09007 -3.756   0.01747  -0.01024 0.01957  | -1.0442
iteration 5...
-2.954   -0.09007 -3.756   0.01747  -0.01024 0.01957  | -1.0442
-2.954   -0.1424  -3.756   0.01747  -0.01024 0.01957  | -1.0442
-2.954   -0.1424  -3.722   0.01747  -0.01024 0.01957  | -1.0442
-2.954   -0.1424  -3.722   0.01464  -0.01024 0.01957  | -1.0442
-2.954   -0.1424  -3.722   0.01464  -0.01024 0.01957  | -1.0442
-2.954   -0.1424  -3.722   0.01464  -0.01024 0.01957  | -1.0442
iteration 6...
-2.958   -0.1424  -3.722   0.01464  -0.01024 0.01957  | -1.0442
-2.958   -0.1785  -3.722   0.01464  -0.01024 0.01957  | -1.0442
-2.958   -0.1785  -3.689   0.01464  -0.01024 0.01957  | -1.0442
-2.958   -0.1785  -3.689   0.01464  -0.01024 0.01957  | -1.0442
-2.958   -0.1785  -3.689   0.01464  -0.01024 0.01957  | -1.0442
-2.958   -0.1785  -3.689   0.01464  -0.01024 0.01957  | -1.0442
iteration 7...
-2.958   -0.1785  -3.689   0.01464  -0.01024 0.01957  | -1.0442
-2.958   -0.1849  -3.689   0.01464  -0.01024 0.01957  | -1.0442
-2.958   -0.1849  -3.684   0.01464  -0.01024 0.01957  | -1.0442
-2.958   -0.1849  -3.684   0.01464  -0.01024 0.01957  | -1.0442
-2.958   -0.1849  -3.684   0.01464  -0.01024 0.01957  | -1.0442
-2.958   -0.1849  -3.684   0.01464  -0.01024 0.01952  | -1.0442
iteration 1...
-3.036   -0.1849  -3.684   0.01464  -0.01024 0.01952  | -1.0441
-3.036   0.03821  -3.684   0.01464  -0.01024 0.01952  | -1.0441
-3.036   0.03821  -4.551   0.01464  -0.01024 0.01952  | -1.0441
-3.036   0.03821  -4.551   0.004563 -0.01024 0.01952  | -1.0441
-3.036   0.03821  -4.551   0.004563 -0.01327 0.01952  | -1.0441
-3.036   0.03821  -4.551   0.004563 -0.01327 0.01952  | -1.0441
iteration 2...
-2.865   0.03821  -4.551   0.004563 -0.01327 0.01952  | -1.0441
-2.865   -0.3037  -4.551   0.004563 -0.01327 0.01952  | -1.0441
-2.865   -0.3037  -4.738   0.004563 -0.01327 0.01952  | -1.0441
-2.865   -0.3037  -4.738   0.004563 -0.01327 0.01952  | -1.0441
-2.865   -0.3037  -4.738   0.004563 -0.01198 0.01952  | -1.0441
-2.865   -0.3037  -4.738   0.004563 -0.01198 0.01952  | -1.0441
iteration 3...
-2.865   -0.3037  -4.738   0.004563 -0.01198 0.01952  | -1.0441
-2.865   -0.3037  -4.738   0.004563 -0.01198 0.01952  | -1.0441
-2.865   -0.3037  -4.725   0.004563 -0.01198 0.01952  | -1.0441
-2.865   -0.3037  -4.725   0.003243 -0.01198 0.01952  | -1.0441
-2.865   -0.3037  -4.725   0.003243 -0.01101 0.01952  | -1.0441
-2.865   -0.3037  -4.725   0.003243 -0.01101 0.01952  | -1.0441
iteration 4...
-2.838   -0.3037  -4.725   0.003243 -0.01101 0.01952  | -1.0441
-2.838   -0.3037  -4.725   0.003243 -0.01101 0.01952  | -1.0441
-2.838   -0.3037  -4.746   0.003243 -0.01101 0.01952  | -1.0441
-2.838   -0.3037  -4.746   0.003243 -0.01101 0.01952  | -1.0441
-2.838   -0.3037  -4.746   0.003243 -0.01076 0.01952  | -1.0441
-2.838   -0.3037  -4.746   0.003243 -0.01076 0.01952  | -1.0441
iteration 5...
-2.831   -0.3037  -4.746   0.003243 -0.01076 0.01952  | -1.0441
-2.831   -0.3037  -4.746   0.003243 -0.01076 0.01952  | -1.0441
-2.831   -0.3037  -4.741   0.003243 -0.01076 0.01952  | -1.0441
-2.831   -0.3037  -4.741   0.003243 -0.01076 0.01952  | -1.0441
-2.831   -0.3037  -4.741   0.003243 -0.01083 0.01952  | -1.0441
-2.831   -0.3037  -4.741   0.003243 -0.01083 0.01952  | -1.0441
Done    'Coregister: Estimate'
Done

CoReg Done in 36.832013 seconds

All done with coregistration.
>> >> 
No sandbox specified



Start   : Fri Dec  7 17:18:30 EST 2018
Finish  : Fri Dec  7 17:19:47 EST 2018


