
                            < M A T L A B (R) >
                  Copyright 1984-2015 The MathWorks, Inc.
                   R2015b (8.6.0.267246) 64-bit (glnxa64)
                              August 20, 2015

 
To get started, type one of these: helpwin, helpdesk, or demo.
For product information, visit www.mathworks.com.
 
    ----------------------------------------------------
	Your MATLAB license will expire in 53 days.
	Please contact your system administrator or
	MathWorks to renew this license.
    ----------------------------------------------------

	Academic License

>> >> >> >> Coregistation Script Created on 181207_17_20_51_986
>> >> >> >> >> >> [Warning: Name is nonexistent or not a directory:
/Users/rcwelsh/matlabScripts/WELLES/mfiles] 
[> In path (line 109)
  In addpath (line 86)] 
>> >> >> >> >> 
UMBatchJobName =

coregOverlay_181207_17_20_51_986_tehsheng_madcbrai

>> 
UMBatchProcessName =

coregOverlay

>> >> Initializing the job manager in SPM8

UMReSlice =

     0



Calling UMBatchCoReg with:
/nfs/fmri/Analysis/Sean_Working/Git_MADC/preprocess/../../Subjects_ASL/madc1182_5506/func//run_01/vasc_3dasl.nii
/nfs/fmri/Analysis/Sean_Working/Subjects_ASL/madc1182_5506/func/coReg/t1spgr.nii
UMReSlice:0
Entering UMBatchCoReg V2.0 for SPM8
Coreging /nfs/fmri/Analysis/Sean_Working/Subjects_ASL/madc1182_5506/func/coReg/t1spgr.nii to
         /nfs/fmri/Analysis/Sean_Working/Git_MADC/preprocess/../../Subjects_ASL/madc1182_5506/func//run_01/vasc_3dasl.nii


------------------------------------------------------------------------
Running job #1
------------------------------------------------------------------------
Running 'Coregister: Estimate'
iteration 1...
-1.694   0        0        0        0        0        | -1.0415
-1.694   -3.031   0        0        0        0        | -1.0417
-1.694   -3.031   -0.6126  0        0        0        | -1.0418
-1.694   -3.031   -0.6126  -0.01451 0        0        | -1.0418
-1.694   -3.031   -0.6126  -0.01451 0        0        | -1.0418
-1.694   -3.031   -0.6126  -0.01451 0        0        | -1.0418
iteration 2...
-1.611   -3.031   -0.6126  -0.01451 0        0        | -1.0418
-1.611   -2.509   -0.6126  -0.01451 0        0        | -1.0418
-1.611   -2.509   -0.6874  -0.01451 0        0        | -1.0418
-1.611   -2.509   -0.6874  -0.01451 0        0        | -1.0418
-1.611   -2.509   -0.6874  -0.01451 0        0        | -1.0418
-1.611   -2.509   -0.6874  -0.01451 0        0.007725 | -1.0419
iteration 3...
-1.535   -2.509   -0.6874  -0.01451 0        0.007725 | -1.0419
-1.535   -2.345   -0.6874  -0.01451 0        0.007725 | -1.0419
-1.535   -2.345   -0.714   -0.01451 0        0.007725 | -1.0419
-1.535   -2.345   -0.714   -0.01746 0        0.007725 | -1.0419
-1.535   -2.345   -0.714   -0.01746 0        0.007725 | -1.0419
-1.535   -2.345   -0.714   -0.01746 0        0.007725 | -1.0419
iteration 4...
-1.527   -2.345   -0.714   -0.01746 0        0.007725 | -1.0419
-1.527   -2.345   -0.714   -0.01746 0        0.007725 | -1.0419
-1.527   -2.345   -0.7257  -0.01746 0        0.007725 | -1.0419
-1.527   -2.345   -0.7257  -0.01746 0        0.007725 | -1.0419
-1.527   -2.345   -0.7257  -0.01746 0        0.007725 | -1.0419
-1.527   -2.345   -0.7257  -0.01746 0        0.007725 | -1.0419
iteration 1...
-1.127   -2.345   -0.7257  -0.01746 0        0.007725 | -1.0419
-1.127   -2.623   -0.7257  -0.01746 0        0.007725 | -1.0419
-1.127   -2.623   0.6953   -0.01746 0        0.007725 | -1.0419
-1.127   -2.623   0.6953   -0.033   0        0.007725 | -1.0419
-1.127   -2.623   0.6953   -0.033   -0.03941 0.007725 | -1.042
-1.127   -2.623   0.6953   -0.033   -0.03941 0.03372  | -1.042
iteration 2...
-1.127   -2.623   0.6953   -0.033   -0.03941 0.03372  | -1.042
-1.127   -2.623   0.6953   -0.033   -0.03941 0.03372  | -1.042
-1.127   -2.623   0.4041   -0.033   -0.03941 0.03372  | -1.042
-1.127   -2.623   0.4041   -0.0539  -0.03941 0.03372  | -1.0421
-1.127   -2.623   0.4041   -0.0539  -0.03941 0.03372  | -1.0421
-1.127   -2.623   0.4041   -0.0539  -0.03941 0.03372  | -1.0421
iteration 3...
-1.127   -2.623   0.4041   -0.0539  -0.03941 0.03372  | -1.0421
-1.127   -2.653   0.4041   -0.0539  -0.03941 0.03372  | -1.0421
-1.127   -2.653   0.337    -0.0539  -0.03941 0.03372  | -1.0421
-1.127   -2.653   0.337    -0.0539  -0.03941 0.03372  | -1.0421
-1.127   -2.653   0.337    -0.0539  -0.03994 0.03372  | -1.0421
-1.127   -2.653   0.337    -0.0539  -0.03994 0.03372  | -1.0421
iteration 4...
-1.127   -2.653   0.337    -0.0539  -0.03994 0.03372  | -1.0421
-1.127   -2.653   0.337    -0.0539  -0.03994 0.03372  | -1.0421
-1.127   -2.653   0.3142   -0.0539  -0.03994 0.03372  | -1.0421
-1.127   -2.653   0.3142   -0.0539  -0.03994 0.03372  | -1.0421
-1.127   -2.653   0.3142   -0.0539  -0.03994 0.03372  | -1.0421
-1.127   -2.653   0.3142   -0.0539  -0.03994 0.03372  | -1.0421
iteration 5...
-1.083   -2.653   0.3142   -0.0539  -0.03994 0.03372  | -1.0421
-1.083   -2.653   0.3142   -0.0539  -0.03994 0.03372  | -1.0421
-1.083   -2.653   0.2351   -0.0539  -0.03994 0.03372  | -1.0421
-1.083   -2.653   0.2351   -0.0539  -0.03994 0.03372  | -1.0421
-1.083   -2.653   0.2351   -0.0539  -0.03994 0.03372  | -1.0421
-1.083   -2.653   0.2351   -0.0539  -0.03994 0.03372  | -1.0421
iteration 6...
-1.083   -2.653   0.2351   -0.0539  -0.03994 0.03372  | -1.0421
-1.083   -2.653   0.2351   -0.0539  -0.03994 0.03372  | -1.0421
-1.083   -2.653   0.2351   -0.0539  -0.03994 0.03372  | -1.0421
-1.083   -2.653   0.2351   -0.0539  -0.03994 0.03372  | -1.0421
-1.083   -2.653   0.2351   -0.0539  -0.03994 0.03372  | -1.0421
-1.083   -2.653   0.2351   -0.0539  -0.03994 0.03372  | -1.0421
Done    'Coregister: Estimate'
Done

CoReg Done in 38.258376 seconds

All done with coregistration.
>> >> 
No sandbox specified



Start   : Fri Dec  7 17:20:54 EST 2018
Finish  : Fri Dec  7 17:22:11 EST 2018


