
                            < M A T L A B (R) >
                  Copyright 1984-2015 The MathWorks, Inc.
                   R2015b (8.6.0.267246) 64-bit (glnxa64)
                              August 20, 2015

 
To get started, type one of these: helpwin, helpdesk, or demo.
For product information, visit www.mathworks.com.
 
    ----------------------------------------------------
	Your MATLAB license will expire in 53 days.
	Please contact your system administrator or
	MathWorks to renew this license.
    ----------------------------------------------------

	Academic License

>> >> >> >> Coregistation Script Created on 181207_16_56_46_860
>> >> >> >> >> >> [Warning: Name is nonexistent or not a directory:
/Users/rcwelsh/matlabScripts/WELLES/mfiles] 
[> In path (line 109)
  In addpath (line 86)] 
>> >> >> >> >> 
UMBatchJobName =

coregOverlay_181207_16_56_46_860_tehsheng_madcbrai

>> 
UMBatchProcessName =

coregOverlay

>> >> Initializing the job manager in SPM8

UMReSlice =

     0



Calling UMBatchCoReg with:
/nfs/fmri/Analysis/Sean_Working/Git_MADC/preprocess/../../Subjects_ASL/madc1545_5550/func//run_01/vasc_3dasl.nii
/nfs/fmri/Analysis/Sean_Working/Subjects_ASL/madc1545_5550/func/coReg/t1spgr.nii
UMReSlice:0
Entering UMBatchCoReg V2.0 for SPM8
Coreging /nfs/fmri/Analysis/Sean_Working/Subjects_ASL/madc1545_5550/func/coReg/t1spgr.nii to
         /nfs/fmri/Analysis/Sean_Working/Git_MADC/preprocess/../../Subjects_ASL/madc1545_5550/func//run_01/vasc_3dasl.nii


------------------------------------------------------------------------
Running job #1
------------------------------------------------------------------------
Running 'Coregister: Estimate'
iteration 1...
-0.4873  0        0        0        0        0        | -1.0435
-0.4873  -3.937   0        0        0        0        | -1.0441
-0.4873  -3.937   0.8984   0        0        0        | -1.0442
-0.4873  -3.937   0.8984   -6.592e-05 0        0        | -1.0442
-0.4873  -3.937   0.8984   -6.592e-05 -0.02205 0        | -1.0443
-0.4873  -3.937   0.8984   -6.592e-05 -0.02205 0.000488 | -1.0443
iteration 2...
-0.7258  -3.937   0.8984   -6.592e-05 -0.02205 0.000488 | -1.0443
-0.7258  -3.4     0.8984   -6.592e-05 -0.02205 0.000488 | -1.0443
-0.7258  -3.4     1.024    -6.592e-05 -0.02205 0.000488 | -1.0443
-0.7258  -3.4     1.024    0.001353 -0.02205 0.000488 | -1.0443
-0.7258  -3.4     1.024    0.001353 -0.02218 0.000488 | -1.0443
-0.7258  -3.4     1.024    0.001353 -0.02218 0.002061 | -1.0443
iteration 3...
-0.725   -3.4     1.024    0.001353 -0.02218 0.002061 | -1.0443
-0.725   -3.463   1.024    0.001353 -0.02218 0.002061 | -1.0443
-0.725   -3.463   0.9603   0.001353 -0.02218 0.002061 | -1.0443
-0.725   -3.463   0.9603   0.001838 -0.02218 0.002061 | -1.0443
-0.725   -3.463   0.9603   0.001838 -0.02056 0.002061 | -1.0443
-0.725   -3.463   0.9603   0.001838 -0.02056 0.002061 | -1.0443
iteration 4...
-0.7537  -3.463   0.9603   0.001838 -0.02056 0.002061 | -1.0443
-0.7537  -3.492   0.9603   0.001838 -0.02056 0.002061 | -1.0443
-0.7537  -3.492   0.9801   0.001838 -0.02056 0.002061 | -1.0443
-0.7537  -3.492   0.9801   0.002071 -0.02056 0.002061 | -1.0443
-0.7537  -3.492   0.9801   0.002071 -0.02056 0.002061 | -1.0443
-0.7537  -3.492   0.9801   0.002071 -0.02056 0.002061 | -1.0443
iteration 5...
-0.7346  -3.492   0.9801   0.002071 -0.02056 0.002061 | -1.0443
-0.7346  -3.51    0.9801   0.002071 -0.02056 0.002061 | -1.0443
-0.7346  -3.51    0.9801   0.002071 -0.02056 0.002061 | -1.0443
-0.7346  -3.51    0.9801   0.002482 -0.02056 0.002061 | -1.0443
-0.7346  -3.51    0.9801   0.002482 -0.02147 0.002061 | -1.0443
-0.7346  -3.51    0.9801   0.002482 -0.02147 0.002061 | -1.0443
iteration 6...
-0.7344  -3.51    0.9801   0.002482 -0.02147 0.002061 | -1.0443
-0.7344  -3.524   0.9801   0.002482 -0.02147 0.002061 | -1.0443
-0.7344  -3.524   1.01     0.002482 -0.02147 0.002061 | -1.0443
-0.7344  -3.524   1.01     0.002931 -0.02147 0.002061 | -1.0443
-0.7344  -3.524   1.01     0.002931 -0.02147 0.002061 | -1.0443
-0.7344  -3.524   1.01     0.002931 -0.02147 0.002061 | -1.0443
iteration 7...
-0.7344  -3.524   1.01     0.002931 -0.02147 0.002061 | -1.0443
-0.7344  -3.525   1.01     0.002931 -0.02147 0.002061 | -1.0443
-0.7344  -3.525   1.023    0.002931 -0.02147 0.002061 | -1.0443
-0.7344  -3.525   1.023    0.003013 -0.02147 0.002061 | -1.0443
-0.7344  -3.525   1.023    0.003013 -0.02147 0.002061 | -1.0443
-0.7344  -3.525   1.023    0.003013 -0.02147 0.002061 | -1.0443
iteration 1...
-0.6807  -3.525   1.023    0.003013 -0.02147 0.002061 | -1.0442
-0.6807  -4.739   1.023    0.003013 -0.02147 0.002061 | -1.0443
-0.6807  -4.739   1.621    0.003013 -0.02147 0.002061 | -1.0443
-0.6807  -4.739   1.621    0.01682  -0.02147 0.002061 | -1.0443
-0.6807  -4.739   1.621    0.01682  -0.03163 0.002061 | -1.0443
-0.6807  -4.739   1.621    0.01682  -0.03163 0.006337 | -1.0443
iteration 2...
-0.6807  -4.739   1.621    0.01682  -0.03163 0.006337 | -1.0443
-0.6807  -4.447   1.621    0.01682  -0.03163 0.006337 | -1.0443
-0.6807  -4.447   1.897    0.01682  -0.03163 0.006337 | -1.0443
-0.6807  -4.447   1.897    0.02283  -0.03163 0.006337 | -1.0443
-0.6807  -4.447   1.897    0.02283  -0.03648 0.006337 | -1.0444
-0.6807  -4.447   1.897    0.02283  -0.03648 0.007209 | -1.0444
iteration 3...
-0.6807  -4.447   1.897    0.02283  -0.03648 0.007209 | -1.0444
-0.6807  -4.343   1.897    0.02283  -0.03648 0.007209 | -1.0444
-0.6807  -4.343   1.973    0.02283  -0.03648 0.007209 | -1.0444
-0.6807  -4.343   1.973    0.04102  -0.03648 0.007209 | -1.0444
-0.6807  -4.343   1.973    0.04102  -0.04888 0.007209 | -1.0444
-0.6807  -4.343   1.973    0.04102  -0.04888 0.0164   | -1.0444
iteration 4...
-0.6975  -4.343   1.973    0.04102  -0.04888 0.0164   | -1.0444
-0.6975  -3.616   1.973    0.04102  -0.04888 0.0164   | -1.0444
-0.6975  -3.616   1.991    0.04102  -0.04888 0.0164   | -1.0444
-0.6975  -3.616   1.991    0.04964  -0.04888 0.0164   | -1.0444
-0.6975  -3.616   1.991    0.04964  -0.04888 0.0164   | -1.0444
-0.6975  -3.616   1.991    0.04964  -0.04888 0.0164   | -1.0444
iteration 5...
-0.6975  -3.616   1.991    0.04964  -0.04888 0.0164   | -1.0444
-0.6975  -3.6     1.991    0.04964  -0.04888 0.0164   | -1.0444
-0.6975  -3.6     2.132    0.04964  -0.04888 0.0164   | -1.0444
-0.6975  -3.6     2.132    0.05022  -0.04888 0.0164   | -1.0444
-0.6975  -3.6     2.132    0.05022  -0.04888 0.0164   | -1.0444
-0.6975  -3.6     2.132    0.05022  -0.04888 0.0164   | -1.0444
iteration 6...
-0.6129  -3.6     2.132    0.05022  -0.04888 0.0164   | -1.0444
-0.6129  -3.612   2.132    0.05022  -0.04888 0.0164   | -1.0444
-0.6129  -3.612   2.132    0.05022  -0.04888 0.0164   | -1.0444
-0.6129  -3.612   2.132    0.05022  -0.04888 0.0164   | -1.0444
-0.6129  -3.612   2.132    0.05022  -0.04995 0.0164   | -1.0444
-0.6129  -3.612   2.132    0.05022  -0.04995 0.0164   | -1.0444
iteration 7...
-0.6085  -3.612   2.132    0.05022  -0.04995 0.0164   | -1.0444
-0.6085  -3.609   2.132    0.05022  -0.04995 0.0164   | -1.0444
-0.6085  -3.609   2.118    0.05022  -0.04995 0.0164   | -1.0444
-0.6085  -3.609   2.118    0.05022  -0.04995 0.0164   | -1.0444
-0.6085  -3.609   2.118    0.05022  -0.04995 0.0164   | -1.0444
-0.6085  -3.609   2.118    0.05022  -0.04995 0.0164   | -1.0444
Done    'Coregister: Estimate'
Done

CoReg Done in 49.277141 seconds

All done with coregistration.
>> >> 
No sandbox specified



Start   : Fri Dec  7 16:56:50 EST 2018
Finish  : Fri Dec  7 16:58:14 EST 2018


