
                            < M A T L A B (R) >
                  Copyright 1984-2015 The MathWorks, Inc.
                   R2015b (8.6.0.267246) 64-bit (glnxa64)
                              August 20, 2015

 
To get started, type one of these: helpwin, helpdesk, or demo.
For product information, visit www.mathworks.com.
 
    ----------------------------------------------------
	Your MATLAB license will expire in 53 days.
	Please contact your system administrator or
	MathWorks to renew this license.
    ----------------------------------------------------

	Academic License

>> >> >> >> Coregistation Script Created on 181207_22_26_34_495
>> >> >> >> >> >> [Warning: Name is nonexistent or not a directory:
/Users/rcwelsh/matlabScripts/WELLES/mfiles] 
[> In path (line 109)
  In addpath (line 86)] 
>> >> >> >> >> 
UMBatchJobName =

coregOverlay_181207_22_26_34_495_tehsheng_madcbrai

>> 
UMBatchProcessName =

coregOverlay

>> >> Initializing the job manager in SPM8

UMReSlice =

     0



Calling UMBatchCoReg with:
/nfs/fmri/Analysis/Sean_Working/Git_MADC/preprocess/../../Subjects_ASL/madc1535_5853/func//run_01/vasc_3dasl.nii
/nfs/fmri/Analysis/Sean_Working/Subjects_ASL/madc1535_5853/func/coReg/t1spgr.nii
UMReSlice:0
Entering UMBatchCoReg V2.0 for SPM8
Coreging /nfs/fmri/Analysis/Sean_Working/Subjects_ASL/madc1535_5853/func/coReg/t1spgr.nii to
         /nfs/fmri/Analysis/Sean_Working/Git_MADC/preprocess/../../Subjects_ASL/madc1535_5853/func//run_01/vasc_3dasl.nii


------------------------------------------------------------------------
Running job #1
------------------------------------------------------------------------
Running 'Coregister: Estimate'
iteration 1...
0.1267   0        0        0        0        0        | -1.05
0.1267   -0.947   0        0        0        0        | -1.0501
0.1267   -0.947   2.65     0        0        0        | -1.0505
0.1267   -0.947   2.65     -0.08472 0        0        | -1.0507
0.1267   -0.947   2.65     -0.08472 -0.0002961 0        | -1.0507
0.1267   -0.947   2.65     -0.08472 -0.0002961 0.04343  | -1.0508
iteration 2...
-0.08141 -0.947   2.65     -0.08472 -0.0002961 0.04343  | -1.0508
-0.08141 -0.7588  2.65     -0.08472 -0.0002961 0.04343  | -1.0509
-0.08141 -0.7588  2.526    -0.08472 -0.0002961 0.04343  | -1.0509
-0.08141 -0.7588  2.526    -0.08859 -0.0002961 0.04343  | -1.0509
-0.08141 -0.7588  2.526    -0.08859 0.0179   0.04343  | -1.0509
-0.08141 -0.7588  2.526    -0.08859 0.0179   0.03833  | -1.0509
iteration 3...
-0.08141 -0.7588  2.526    -0.08859 0.0179   0.03833  | -1.0509
-0.08141 -0.7588  2.526    -0.08859 0.0179   0.03833  | -1.0509
-0.08141 -0.7588  2.475    -0.08859 0.0179   0.03833  | -1.0509
-0.08141 -0.7588  2.475    -0.08859 0.0179   0.03833  | -1.0509
-0.08141 -0.7588  2.475    -0.08859 0.0179   0.03833  | -1.0509
-0.08141 -0.7588  2.475    -0.08859 0.0179   0.03833  | -1.0509
iteration 4...
-0.08141 -0.7588  2.475    -0.08859 0.0179   0.03833  | -1.0509
-0.08141 -0.7588  2.475    -0.08859 0.0179   0.03833  | -1.0509
-0.08141 -0.7588  2.475    -0.08859 0.0179   0.03833  | -1.0509
-0.08141 -0.7588  2.475    -0.08859 0.0179   0.03833  | -1.0509
-0.08141 -0.7588  2.475    -0.08859 0.0179   0.03833  | -1.0509
-0.08141 -0.7588  2.475    -0.08859 0.0179   0.03833  | -1.0509
iteration 1...
-0.1642  -0.7588  2.475    -0.08859 0.0179   0.03833  | -1.0507
-0.1642  -0.7805  2.475    -0.08859 0.0179   0.03833  | -1.0507
-0.1642  -0.7805  2.169    -0.08859 0.0179   0.03833  | -1.0507
-0.1642  -0.7805  2.169    -0.06659 0.0179   0.03833  | -1.0507
-0.1642  -0.7805  2.169    -0.06659 0.03918  0.03833  | -1.0507
-0.1642  -0.7805  2.169    -0.06659 0.03918  0.04858  | -1.0507
iteration 2...
-0.207   -0.7805  2.169    -0.06659 0.03918  0.04858  | -1.0507
-0.207   -0.7805  2.169    -0.06659 0.03918  0.04858  | -1.0507
-0.207   -0.7805  2.375    -0.06659 0.03918  0.04858  | -1.0508
-0.207   -0.7805  2.375    -0.06472 0.03918  0.04858  | -1.0508
-0.207   -0.7805  2.375    -0.06472 0.03881  0.04858  | -1.0508
-0.207   -0.7805  2.375    -0.06472 0.03881  0.04858  | -1.0508
iteration 3...
-0.207   -0.7805  2.375    -0.06472 0.03881  0.04858  | -1.0508
-0.207   -0.5479  2.375    -0.06472 0.03881  0.04858  | -1.0508
-0.207   -0.5479  2.418    -0.06472 0.03881  0.04858  | -1.0508
-0.207   -0.5479  2.418    -0.0609  0.03881  0.04858  | -1.0508
-0.207   -0.5479  2.418    -0.0609  0.03881  0.04858  | -1.0508
-0.207   -0.5479  2.418    -0.0609  0.03881  0.04858  | -1.0508
iteration 4...
-0.2112  -0.5479  2.418    -0.0609  0.03881  0.04858  | -1.0508
-0.2112  -0.522   2.418    -0.0609  0.03881  0.04858  | -1.0508
-0.2112  -0.522   2.486    -0.0609  0.03881  0.04858  | -1.0508
-0.2112  -0.522   2.486    -0.0609  0.03881  0.04858  | -1.0508
-0.2112  -0.522   2.486    -0.0609  0.03881  0.04858  | -1.0508
-0.2112  -0.522   2.486    -0.0609  0.03881  0.04858  | -1.0508
iteration 5...
-0.2112  -0.522   2.486    -0.0609  0.03881  0.04858  | -1.0508
-0.2112  -0.522   2.486    -0.0609  0.03881  0.04858  | -1.0508
-0.2112  -0.522   2.487    -0.0609  0.03881  0.04858  | -1.0508
-0.2112  -0.522   2.487    -0.0609  0.03881  0.04858  | -1.0508
-0.2112  -0.522   2.487    -0.0609  0.03881  0.04858  | -1.0508
-0.2112  -0.522   2.487    -0.0609  0.03881  0.04858  | -1.0508
Done    'Coregister: Estimate'
Done

CoReg Done in 35.274871 seconds

All done with coregistration.
>> >> 
No sandbox specified



Start   : Fri Dec  7 22:26:38 EST 2018
Finish  : Fri Dec  7 22:27:49 EST 2018


