
                            < M A T L A B (R) >
                  Copyright 1984-2015 The MathWorks, Inc.
                   R2015b (8.6.0.267246) 64-bit (glnxa64)
                              August 20, 2015

 
To get started, type one of these: helpwin, helpdesk, or demo.
For product information, visit www.mathworks.com.
 
    ----------------------------------------------------
	Your MATLAB license will expire in 53 days.
	Please contact your system administrator or
	MathWorks to renew this license.
    ----------------------------------------------------

	Academic License

>> >> >> >> Coregistation Script Created on 181207_16_35_13_291
>> >> >> >> >> >> [Warning: Name is nonexistent or not a directory:
/Users/rcwelsh/matlabScripts/WELLES/mfiles] 
[> In path (line 109)
  In addpath (line 86)] 
>> >> >> >> >> 
UMBatchJobName =

coregOverlay_181207_16_35_13_291_tehsheng_madcbrai

>> 
UMBatchProcessName =

coregOverlay

>> >> Initializing the job manager in SPM8

UMReSlice =

     0



Calling UMBatchCoReg with:
/nfs/fmri/Analysis/Sean_Working/Git_MADC/preprocess/../../Subjects_ASL/madc1544_5549/func//run_01/vasc_3dasl.nii
/nfs/fmri/Analysis/Sean_Working/Subjects_ASL/madc1544_5549/func/coReg/t1spgr.nii
UMReSlice:0
Entering UMBatchCoReg V2.0 for SPM8
Coreging /nfs/fmri/Analysis/Sean_Working/Subjects_ASL/madc1544_5549/func/coReg/t1spgr.nii to
         /nfs/fmri/Analysis/Sean_Working/Git_MADC/preprocess/../../Subjects_ASL/madc1544_5549/func//run_01/vasc_3dasl.nii


------------------------------------------------------------------------
Running job #1
------------------------------------------------------------------------
Running 'Coregister: Estimate'
iteration 1...
-2.338   0        0        0        0        0        | -1.0435
-2.338   -1.367   0        0        0        0        | -1.0437
-2.338   -1.367   2.176    0        0        0        | -1.0437
-2.338   -1.367   2.176    0        0        0        | -1.0437
-2.338   -1.367   2.176    0        -0.02242 0        | -1.0438
-2.338   -1.367   2.176    0        -0.02242 -0.003849 | -1.0438
iteration 2...
-2.338   -1.367   2.176    0        -0.02242 -0.003849 | -1.0438
-2.338   -1.412   2.176    0        -0.02242 -0.003849 | -1.0438
-2.338   -1.412   2.758    0        -0.02242 -0.003849 | -1.0438
-2.338   -1.412   2.758    0        -0.02242 -0.003849 | -1.0438
-2.338   -1.412   2.758    0        -0.02219 -0.003849 | -1.0438
-2.338   -1.412   2.758    0        -0.02219 -0.003849 | -1.0438
iteration 3...
-2.289   -1.412   2.758    0        -0.02219 -0.003849 | -1.0438
-2.289   -1.412   2.758    0        -0.02219 -0.003849 | -1.0438
-2.289   -1.412   2.747    0        -0.02219 -0.003849 | -1.0438
-2.289   -1.412   2.747    0        -0.02219 -0.003849 | -1.0438
-2.289   -1.412   2.747    0        -0.02398 -0.003849 | -1.0438
-2.289   -1.412   2.747    0        -0.02398 -0.003849 | -1.0438
iteration 4...
-2.289   -1.412   2.747    0        -0.02398 -0.003849 | -1.0438
-2.289   -1.412   2.747    0        -0.02398 -0.003849 | -1.0438
-2.289   -1.412   2.73     0        -0.02398 -0.003849 | -1.0438
-2.289   -1.412   2.73     0        -0.02398 -0.003849 | -1.0438
-2.289   -1.412   2.73     0        -0.02398 -0.003849 | -1.0438
-2.289   -1.412   2.73     0        -0.02398 -0.003849 | -1.0438
iteration 1...
-0.9031  -1.412   2.73     0        -0.02398 -0.003849 | -1.0439
-0.9031  -1.099   2.73     0        -0.02398 -0.003849 | -1.0439
-0.9031  -1.099   1.821    0        -0.02398 -0.003849 | -1.0439
-0.9031  -1.099   1.821    0.0003239 -0.02398 -0.003849 | -1.0439
-0.9031  -1.099   1.821    0.0003239 -0.07057 -0.003849 | -1.044
-0.9031  -1.099   1.821    0.0003239 -0.07057 0.02236  | -1.0441
iteration 2...
-0.9555  -1.099   1.821    0.0003239 -0.07057 0.02236  | -1.0441
-0.9555  -1.073   1.821    0.0003239 -0.07057 0.02236  | -1.0441
-0.9555  -1.073   1.903    0.0003239 -0.07057 0.02236  | -1.0441
-0.9555  -1.073   1.903    -0.01056 -0.07057 0.02236  | -1.0441
-0.9555  -1.073   1.903    -0.01056 -0.07459 0.02236  | -1.0441
-0.9555  -1.073   1.903    -0.01056 -0.07459 0.02236  | -1.0441
iteration 3...
-0.9555  -1.073   1.903    -0.01056 -0.07459 0.02236  | -1.0441
-0.9555  -1.473   1.903    -0.01056 -0.07459 0.02236  | -1.0441
-0.9555  -1.473   1.949    -0.01056 -0.07459 0.02236  | -1.0441
-0.9555  -1.473   1.949    -0.01056 -0.07459 0.02236  | -1.0441
-0.9555  -1.473   1.949    -0.01056 -0.07459 0.02236  | -1.0441
-0.9555  -1.473   1.949    -0.01056 -0.07459 0.02236  | -1.0441
iteration 4...
-0.9555  -1.473   1.949    -0.01056 -0.07459 0.02236  | -1.0441
-0.9555  -1.507   1.949    -0.01056 -0.07459 0.02236  | -1.0441
-0.9555  -1.507   1.949    -0.01056 -0.07459 0.02236  | -1.0441
-0.9555  -1.507   1.949    -0.01171 -0.07459 0.02236  | -1.0441
-0.9555  -1.507   1.949    -0.01171 -0.07459 0.02236  | -1.0441
-0.9555  -1.507   1.949    -0.01171 -0.07459 0.02236  | -1.0441
iteration 5...
-0.9555  -1.507   1.949    -0.01171 -0.07459 0.02236  | -1.0441
-0.9555  -1.507   1.949    -0.01171 -0.07459 0.02236  | -1.0441
-0.9555  -1.507   1.957    -0.01171 -0.07459 0.02236  | -1.0441
-0.9555  -1.507   1.957    -0.01171 -0.07459 0.02236  | -1.0441
-0.9555  -1.507   1.957    -0.01171 -0.07459 0.02236  | -1.0441
-0.9555  -1.507   1.957    -0.01171 -0.07459 0.02236  | -1.0441
Done    'Coregister: Estimate'
Done

CoReg Done in 35.568650 seconds

All done with coregistration.
>> >> 
No sandbox specified



Start   : Fri Dec  7 16:35:16 EST 2018
Finish  : Fri Dec  7 16:36:33 EST 2018


