
                            < M A T L A B (R) >
                  Copyright 1984-2015 The MathWorks, Inc.
                   R2015b (8.6.0.267246) 64-bit (glnxa64)
                              August 20, 2015

 
To get started, type one of these: helpwin, helpdesk, or demo.
For product information, visit www.mathworks.com.
 
    ----------------------------------------------------
	Your MATLAB license will expire in 53 days.
	Please contact your system administrator or
	MathWorks to renew this license.
    ----------------------------------------------------

	Academic License

>> >> >> >> Coregistation Script Created on 181207_17_40_56_493
>> >> >> >> >> >> [Warning: Name is nonexistent or not a directory:
/Users/rcwelsh/matlabScripts/WELLES/mfiles] 
[> In path (line 109)
  In addpath (line 86)] 
>> >> >> >> >> 
UMBatchJobName =

coregOverlay_181207_17_40_56_493_tehsheng_madcbrai

>> 
UMBatchProcessName =

coregOverlay

>> >> Initializing the job manager in SPM8

UMReSlice =

     0



Calling UMBatchCoReg with:
/nfs/fmri/Analysis/Sean_Working/Git_MADC/preprocess/../../Subjects_ASL/madc1220_3783/func//run_01/vasc_3dasl.nii
/nfs/fmri/Analysis/Sean_Working/Subjects_ASL/madc1220_3783/func/coReg/t1spgr.nii
UMReSlice:0
Entering UMBatchCoReg V2.0 for SPM8
Coreging /nfs/fmri/Analysis/Sean_Working/Subjects_ASL/madc1220_3783/func/coReg/t1spgr.nii to
         /nfs/fmri/Analysis/Sean_Working/Git_MADC/preprocess/../../Subjects_ASL/madc1220_3783/func//run_01/vasc_3dasl.nii


------------------------------------------------------------------------
Running job #1
------------------------------------------------------------------------
Running 'Coregister: Estimate'
iteration 1...
0.01856  0        0        0        0        0        | -1.0249
0.01856  -3.974   0        0        0        0        | -1.0253
0.01856  -3.974   -8.226   0        0        0        | -1.0262
0.01856  -3.974   -8.226   -0.02438 0        0        | -1.0263
0.01856  -3.974   -8.226   -0.02438 -0.1205  0        | -1.0265
0.01856  -3.974   -8.226   -0.02438 -0.1205  0        | -1.0265
iteration 2...
-2.135   -3.974   -8.226   -0.02438 -0.1205  0        | -1.0265
-2.135   -4.228   -8.226   -0.02438 -0.1205  0        | -1.0265
-2.135   -4.228   -12.94   -0.02438 -0.1205  0        | -1.0268
-2.135   -4.228   -12.94   -0.02409 -0.1205  0        | -1.0268
-2.135   -4.228   -12.94   -0.02409 -0.1205  0        | -1.0268
-2.135   -4.228   -12.94   -0.02409 -0.1205  -0.0004672 | -1.0268
iteration 3...
-2.029   -4.228   -12.94   -0.02409 -0.1205  -0.0004672 | -1.0268
-2.029   -4.255   -12.94   -0.02409 -0.1205  -0.0004672 | -1.0268
-2.029   -4.255   -12.91   -0.02409 -0.1205  -0.0004672 | -1.0268
-2.029   -4.255   -12.91   -0.02409 -0.1205  -0.0004672 | -1.0268
-2.029   -4.255   -12.91   -0.02409 -0.1205  -0.0004672 | -1.0268
-2.029   -4.255   -12.91   -0.02409 -0.1205  -0.0004672 | -1.0268
iteration 4...
-2.029   -4.255   -12.91   -0.02409 -0.1205  -0.0004672 | -1.0268
-2.029   -4.255   -12.91   -0.02409 -0.1205  -0.0004672 | -1.0268
-2.029   -4.255   -12.91   -0.02409 -0.1205  -0.0004672 | -1.0268
-2.029   -4.255   -12.91   -0.02409 -0.1205  -0.0004672 | -1.0268
-2.029   -4.255   -12.91   -0.02409 -0.1205  -0.0004672 | -1.0268
-2.029   -4.255   -12.91   -0.02409 -0.1205  -0.0004672 | -1.0268
iteration 1...
-1.234   -4.255   -12.91   -0.02409 -0.1205  -0.0004672 | -1.0269
-1.234   -3.851   -12.91   -0.02409 -0.1205  -0.0004672 | -1.0269
-1.234   -3.851   -11.18   -0.02409 -0.1205  -0.0004672 | -1.0269
-1.234   -3.851   -11.18   -0.03487 -0.1205  -0.0004672 | -1.0269
-1.234   -3.851   -11.18   -0.03487 -0.1176  -0.0004672 | -1.0269
-1.234   -3.851   -11.18   -0.03487 -0.1176  0.005839 | -1.0269
iteration 2...
-1.362   -3.851   -11.18   -0.03487 -0.1176  0.005839 | -1.0269
-1.362   -3.523   -11.18   -0.03487 -0.1176  0.005839 | -1.0269
-1.362   -3.523   -11.18   -0.03487 -0.1176  0.005839 | -1.0269
-1.362   -3.523   -11.18   -0.04081 -0.1176  0.005839 | -1.0269
-1.362   -3.523   -11.18   -0.04081 -0.1176  0.005839 | -1.0269
-1.362   -3.523   -11.18   -0.04081 -0.1176  0.005839 | -1.0269
iteration 3...
-1.362   -3.523   -11.18   -0.04081 -0.1176  0.005839 | -1.0269
-1.362   -3.404   -11.18   -0.04081 -0.1176  0.005839 | -1.0269
-1.362   -3.404   -11.43   -0.04081 -0.1176  0.005839 | -1.0269
-1.362   -3.404   -11.43   -0.04172 -0.1176  0.005839 | -1.0269
-1.362   -3.404   -11.43   -0.04172 -0.1176  0.005839 | -1.0269
-1.362   -3.404   -11.43   -0.04172 -0.1176  0.005839 | -1.0269
iteration 4...
-1.362   -3.404   -11.43   -0.04172 -0.1176  0.005839 | -1.0269
-1.362   -3.404   -11.43   -0.04172 -0.1176  0.005839 | -1.0269
-1.362   -3.404   -11.48   -0.04172 -0.1176  0.005839 | -1.0269
-1.362   -3.404   -11.48   -0.04172 -0.1176  0.005839 | -1.0269
-1.362   -3.404   -11.48   -0.04172 -0.1176  0.005839 | -1.0269
-1.362   -3.404   -11.48   -0.04172 -0.1176  0.005839 | -1.0269
iteration 5...
-1.362   -3.404   -11.48   -0.04172 -0.1176  0.005839 | -1.0269
-1.362   -3.404   -11.48   -0.04172 -0.1176  0.005839 | -1.0269
-1.362   -3.404   -11.48   -0.04172 -0.1176  0.005839 | -1.0269
-1.362   -3.404   -11.48   -0.04172 -0.1176  0.005839 | -1.0269
-1.362   -3.404   -11.48   -0.04172 -0.1176  0.005839 | -1.0269
-1.362   -3.404   -11.48   -0.04172 -0.1176  0.005839 | -1.0269
Done    'Coregister: Estimate'
Done

CoReg Done in 36.152142 seconds

All done with coregistration.
>> >> 
No sandbox specified



Start   : Fri Dec  7 17:40:58 EST 2018
Finish  : Fri Dec  7 17:42:13 EST 2018


