
                            < M A T L A B (R) >
                  Copyright 1984-2015 The MathWorks, Inc.
                   R2015b (8.6.0.267246) 64-bit (glnxa64)
                              August 20, 2015

 
To get started, type one of these: helpwin, helpdesk, or demo.
For product information, visit www.mathworks.com.
 
    ----------------------------------------------------
	Your MATLAB license will expire in 53 days.
	Please contact your system administrator or
	MathWorks to renew this license.
    ----------------------------------------------------

	Academic License

>> >> >> >> Coregistation Script Created on 181207_20_16_48_053
>> >> >> >> >> >> [Warning: Name is nonexistent or not a directory:
/Users/rcwelsh/matlabScripts/WELLES/mfiles] 
[> In path (line 109)
  In addpath (line 86)] 
>> >> >> >> >> 
UMBatchJobName =

coregOverlay_181207_20_16_48_053_tehsheng_madcbrai

>> 
UMBatchProcessName =

coregOverlay

>> >> Initializing the job manager in SPM8

UMReSlice =

     0



Calling UMBatchCoReg with:
/nfs/fmri/Analysis/Sean_Working/Git_MADC/preprocess/../../Subjects_ASL/madc1511_5424/func//run_01/vasc_3dasl.nii
/nfs/fmri/Analysis/Sean_Working/Subjects_ASL/madc1511_5424/func/coReg/t1spgr.nii
UMReSlice:0
Entering UMBatchCoReg V2.0 for SPM8
Coreging /nfs/fmri/Analysis/Sean_Working/Subjects_ASL/madc1511_5424/func/coReg/t1spgr.nii to
         /nfs/fmri/Analysis/Sean_Working/Git_MADC/preprocess/../../Subjects_ASL/madc1511_5424/func//run_01/vasc_3dasl.nii


------------------------------------------------------------------------
Running job #1
------------------------------------------------------------------------
Running 'Coregister: Estimate'
iteration 1...
0.1212   0        0        0        0        0        | -1.0464
0.1212   -3.248   0        0        0        0        | -1.0466
0.1212   -3.248   1.047    0        0        0        | -1.0468
0.1212   -3.248   1.047    -0.02166 0        0        | -1.0469
0.1212   -3.248   1.047    -0.02166 -0.05103 0        | -1.0471
0.1212   -3.248   1.047    -0.02166 -0.05103 0.01677  | -1.0472
iteration 2...
0.5361   -3.248   1.047    -0.02166 -0.05103 0.01677  | -1.0472
0.5361   -2.9     1.047    -0.02166 -0.05103 0.01677  | -1.0473
0.5361   -2.9     3.628    -0.02166 -0.05103 0.01677  | -1.0475
0.5361   -2.9     3.628    -0.01277 -0.05103 0.01677  | -1.0475
0.5361   -2.9     3.628    -0.01277 -0.03103 0.01677  | -1.0477
0.5361   -2.9     3.628    -0.01277 -0.03103 0.03677  | -1.0477
iteration 3...
0.8858   -2.9     3.628    -0.01277 -0.03103 0.03677  | -1.0478
0.8858   -2.179   3.628    -0.01277 -0.03103 0.03677  | -1.0478
0.8858   -2.179   3.981    -0.01277 -0.03103 0.03677  | -1.0478
0.8858   -2.179   3.981    -0.03014 -0.03103 0.03677  | -1.0479
0.8858   -2.179   3.981    -0.03014 -0.03357 0.03677  | -1.0479
0.8858   -2.179   3.981    -0.03014 -0.03357 0.03744  | -1.0479
1.739    -0.4184  4.841    -0.07251 -0.03976 0.03908  | -1.048
iteration 4...
1.448    -0.4184  4.841    -0.07251 -0.03976 0.03908  | -1.048
1.448    0.2385   4.841    -0.07251 -0.03976 0.03908  | -1.0481
1.448    0.2385   4.949    -0.07251 -0.03976 0.03908  | -1.0481
1.424    0.1905   4.926    -0.07136 -0.03959 0.03904  | -1.0481
1.424    0.1905   4.926    -0.07136 -0.03889 0.03904  | -1.0481
1.424    0.1905   4.926    -0.07136 -0.03889 0.03904  | -1.0481
iteration 5...
1.367    0.1905   4.926    -0.07136 -0.03889 0.03904  | -1.0481
1.367    0.1706   4.926    -0.07136 -0.03889 0.03904  | -1.0481
1.367    0.1706   4.941    -0.07136 -0.03889 0.03904  | -1.0481
1.367    0.1706   4.941    -0.07136 -0.03889 0.03904  | -1.0481
1.367    0.1706   4.941    -0.07136 -0.03889 0.03904  | -1.0481
1.367    0.1706   4.941    -0.07136 -0.03889 0.03904  | -1.0481
iteration 6...
1.367    0.1706   4.941    -0.07136 -0.03889 0.03904  | -1.0481
1.367    0.1706   4.941    -0.07136 -0.03889 0.03904  | -1.0481
1.367    0.1706   4.941    -0.07136 -0.03889 0.03904  | -1.0481
1.367    0.1706   4.941    -0.07136 -0.03889 0.03904  | -1.0481
1.367    0.1706   4.941    -0.07136 -0.03889 0.03904  | -1.0481
1.367    0.1706   4.941    -0.07136 -0.03889 0.03904  | -1.0481
iteration 1...
1.462    0.1706   4.941    -0.07136 -0.03889 0.03904  | -1.048
1.462    0.855    4.941    -0.07136 -0.03889 0.03904  | -1.048
1.462    0.855    5.341    -0.07136 -0.03889 0.03904  | -1.048
1.462    0.855    5.341    -0.093   -0.03889 0.03904  | -1.048
1.462    0.855    5.341    -0.093   -0.03889 0.03904  | -1.048
1.462    0.855    5.341    -0.093   -0.03889 0.03197  | -1.048
iteration 2...
1.226    0.855    5.341    -0.093   -0.03889 0.03197  | -1.048
1.226    1.79     5.341    -0.093   -0.03889 0.03197  | -1.0481
1.226    1.79     5.757    -0.093   -0.03889 0.03197  | -1.0481
1.226    1.79     5.757    -0.09941 -0.03889 0.03197  | -1.0481
1.226    1.79     5.757    -0.09941 -0.03682 0.03197  | -1.0481
1.226    1.79     5.757    -0.09941 -0.03682 0.03108  | -1.0481
iteration 3...
1.235    1.79     5.757    -0.09941 -0.03682 0.03108  | -1.0481
1.235    1.781    5.757    -0.09941 -0.03682 0.03108  | -1.0481
1.235    1.781    5.661    -0.09941 -0.03682 0.03108  | -1.0481
1.235    1.781    5.661    -0.09941 -0.03682 0.03108  | -1.0481
1.235    1.781    5.661    -0.09941 -0.03682 0.03108  | -1.0481
1.235    1.781    5.661    -0.09941 -0.03682 0.03108  | -1.0481
iteration 4...
1.235    1.781    5.661    -0.09941 -0.03682 0.03108  | -1.0481
1.235    1.781    5.661    -0.09941 -0.03682 0.03108  | -1.0481
1.235    1.781    5.661    -0.09941 -0.03682 0.03108  | -1.0481
1.235    1.781    5.661    -0.09941 -0.03682 0.03108  | -1.0481
1.235    1.781    5.661    -0.09941 -0.03682 0.03108  | -1.0481
1.235    1.781    5.661    -0.09941 -0.03682 0.03108  | -1.0481
Done    'Coregister: Estimate'
Done

CoReg Done in 32.759373 seconds

All done with coregistration.
>> >> 
No sandbox specified



Start   : Fri Dec  7 20:16:50 EST 2018
Finish  : Fri Dec  7 20:18:02 EST 2018


