
                            < M A T L A B (R) >
                  Copyright 1984-2017 The MathWorks, Inc.
                   R2017a (9.2.0.556344) 64-bit (glnxa64)
                               March 27, 2017

 
To get started, type one of these: helpwin, helpdesk, or demo.
For product information, visit www.mathworks.com.
 
>> >> >> >> Coregistation Script Created on 180604_15_44_43_739
>> >> >> >> >> >> [Warning: Name is nonexistent or not a directory:
/Users/rcwelsh/matlabScripts/WELLES/mfiles] 
[> In path (line 109)
  In addpath (line 86)] 
>> >> >> >> >> 
UMBatchJobName =

    'coregOverlay_180604_15_44_43_739_tehsheng_madcbrai'

>> 
UMBatchProcessName =

    'coregOverlay'

>> >> Initializing the job manager in SPM8

UMReSlice =

     0



Calling UMBatchCoReg with:
/nfs/fmri/Analysis/Sean_Working/Git_MADC/preprocess/../../../Subjects_oldResting/madc1276_scan1/func//run_01/utprun_01.nii
/nfs/fmri/Analysis/Subjects_oldResting/madc1276_scan1/func/coReg/t1mprage.nii
UMReSlice:0
Entering UMBatchCoReg V2.0 for SPM8
Coreging /nfs/fmri/Analysis/Subjects_oldResting/madc1276_scan1/func/coReg/t1mprage.nii to
         /nfs/fmri/Analysis/Sean_Working/Git_MADC/preprocess/../../../Subjects_oldResting/madc1276_scan1/func//run_01/utprun_01.nii


------------------------------------------------------------------------
Running job #1
------------------------------------------------------------------------
Running 'Coregister: Estimate'
iteration 1...
-1.758   0        0        0        0        0        | -1.0474
-1.758   3.556    0        0        0        0        | -1.0492
-1.758   3.556    -0.01563 0        0        0        | -1.0492
-1.758   3.556    -0.01563 -0.04132 0        0        | -1.0496
-1.758   3.556    -0.01563 -0.04132 -0.002192 0        | -1.0496
-1.758   3.556    -0.01563 -0.04132 -0.002192 0.001677 | -1.0496
iteration 2...
-1.892   3.556    -0.01563 -0.04132 -0.002192 0.001677 | -1.0496
-1.892   3.238    -0.01563 -0.04132 -0.002192 0.001677 | -1.0497
-1.892   3.238    0.3066   -0.04132 -0.002192 0.001677 | -1.0497
-1.892   3.238    0.3066   -0.04132 -0.002192 0.001677 | -1.0497
-1.892   3.238    0.3066   -0.04132 -0.003464 0.001677 | -1.0497
-1.892   3.238    0.3066   -0.04132 -0.003464 0.001218 | -1.0497
iteration 3...
-1.892   3.238    0.3066   -0.04132 -0.003464 0.001218 | -1.0497
-1.892   3.192    0.3066   -0.04132 -0.003464 0.001218 | -1.0497
-1.892   3.192    0.3413   -0.04132 -0.003464 0.001218 | -1.0497
-1.892   3.192    0.3413   -0.03946 -0.003464 0.001218 | -1.0497
-1.892   3.192    0.3413   -0.03946 -0.003821 0.001218 | -1.0497
-1.892   3.192    0.3413   -0.03946 -0.003821 0.001218 | -1.0497
iteration 4...
-1.892   3.192    0.3413   -0.03946 -0.003821 0.001218 | -1.0497
-1.892   3.237    0.3413   -0.03946 -0.003821 0.001218 | -1.0497
-1.892   3.237    0.3727   -0.03946 -0.003821 0.001218 | -1.0497
-1.892   3.237    0.3727   -0.03946 -0.003821 0.001218 | -1.0497
-1.892   3.237    0.3727   -0.03946 -0.003821 0.001218 | -1.0497
-1.892   3.237    0.3727   -0.03946 -0.003821 0.001706 | -1.0497
iteration 5...
-1.892   3.237    0.3727   -0.03946 -0.003821 0.001706 | -1.0497
-1.892   3.237    0.3727   -0.03946 -0.003821 0.001706 | -1.0497
-1.892   3.237    0.3727   -0.03946 -0.003821 0.001706 | -1.0497
-1.892   3.237    0.3727   -0.03859 -0.003821 0.001706 | -1.0497
-1.892   3.237    0.3727   -0.03859 -0.003821 0.001706 | -1.0497
-1.892   3.237    0.3727   -0.03859 -0.003821 0.001683 | -1.0497
iteration 1...
-2.075   3.237    0.3727   -0.03859 -0.003821 0.001683 | -1.0496
-2.075   3.068    0.3727   -0.03859 -0.003821 0.001683 | -1.0496
-2.075   3.068    0.3982   -0.03859 -0.003821 0.001683 | -1.0496
-2.075   3.068    0.3982   -0.05057 -0.003821 0.001683 | -1.0496
-2.075   3.068    0.3982   -0.05057 -0.01502 0.001683 | -1.0496
-2.075   3.068    0.3982   -0.05057 -0.01502 -0.0007477 | -1.0496
iteration 2...
-2.222   3.068    0.3982   -0.05057 -0.01502 -0.0007477 | -1.0496
-2.222   2.964    0.3982   -0.05057 -0.01502 -0.0007477 | -1.0496
-2.222   2.964    0.5879   -0.05057 -0.01502 -0.0007477 | -1.0496
-2.222   2.964    0.5879   -0.05552 -0.01502 -0.0007477 | -1.0496
-2.222   2.964    0.5879   -0.05552 -0.01873 -0.0007477 | -1.0496
-2.222   2.964    0.5879   -0.05552 -0.01873 -0.004279 | -1.0496
-2.335   2.884    0.7329   -0.05931 -0.02156 -0.006978 | -1.0496
iteration 3...
-2.378   2.884    0.7329   -0.05931 -0.02156 -0.006978 | -1.0496
-2.378   2.805    0.7329   -0.05931 -0.02156 -0.006978 | -1.0496
-2.378   2.805    0.7329   -0.05931 -0.02156 -0.006978 | -1.0496
-2.378   2.805    0.7329   -0.06252 -0.02156 -0.006978 | -1.0496
-2.378   2.805    0.7329   -0.06252 -0.01788 -0.006978 | -1.0496
-2.378   2.805    0.7329   -0.06252 -0.01788 -0.006978 | -1.0496
iteration 4...
-2.378   2.805    0.7329   -0.06252 -0.01788 -0.006978 | -1.0496
-2.378   2.702    0.7329   -0.06252 -0.01788 -0.006978 | -1.0496
-2.438   2.659    0.8106   -0.06455 -0.0194  -0.008426 | -1.0496
-2.438   2.659    0.8106   -0.06455 -0.0194  -0.008426 | -1.0496
-2.438   2.659    0.8106   -0.06455 -0.01862 -0.008426 | -1.0496
-2.438   2.659    0.8106   -0.06455 -0.01862 -0.008426 | -1.0496
iteration 5...
-2.438   2.659    0.8106   -0.06455 -0.01862 -0.008426 | -1.0496
-2.438   2.659    0.8106   -0.06455 -0.01862 -0.008426 | -1.0496
-2.438   2.659    0.8106   -0.06455 -0.01862 -0.008426 | -1.0496
-2.438   2.659    0.8106   -0.06455 -0.01862 -0.008426 | -1.0496
-2.438   2.659    0.8106   -0.06455 -0.01862 -0.008426 | -1.0496
-2.438   2.659    0.8106   -0.06455 -0.01862 -0.008426 | -1.0496
Done    'Coregister: Estimate'
Done

CoReg Done in 37.312454 seconds

All done with coregistration.
>> >> 
No sandbox specified



Start   : Mon Jun  4 15:44:48 EDT 2018
Finish  : Mon Jun  4 15:46:09 EDT 2018


