
                            < M A T L A B (R) >
                  Copyright 1984-2017 The MathWorks, Inc.
                   R2017a (9.2.0.556344) 64-bit (glnxa64)
                               March 27, 2017

 
To get started, type one of these: helpwin, helpdesk, or demo.
For product information, visit www.mathworks.com.
 
>> >> >> >> Coregistation Script Created on 180604_19_05_18_699
>> >> >> >> >> >> [Warning: Name is nonexistent or not a directory:
/Users/rcwelsh/matlabScripts/WELLES/mfiles] 
[> In path (line 109)
  In addpath (line 86)] 
>> >> >> >> >> 
UMBatchJobName =

    'coregOverlay_180604_19_05_18_699_tehsheng_madcbrai'

>> 
UMBatchProcessName =

    'coregOverlay'

>> >> Initializing the job manager in SPM8

UMReSlice =

     0



Calling UMBatchCoReg with:
/nfs/fmri/Analysis/Sean_Working/Git_MADC/preprocess/../../../Subjects_oldResting/madc1179_scan1/func//run_01/utprun_01.nii
/nfs/fmri/Analysis/Subjects_oldResting/madc1179_scan1/func/coReg/t1mprage.nii
UMReSlice:0
Entering UMBatchCoReg V2.0 for SPM8
Coreging /nfs/fmri/Analysis/Subjects_oldResting/madc1179_scan1/func/coReg/t1mprage.nii to
         /nfs/fmri/Analysis/Sean_Working/Git_MADC/preprocess/../../../Subjects_oldResting/madc1179_scan1/func//run_01/utprun_01.nii


------------------------------------------------------------------------
Running job #1
------------------------------------------------------------------------
Running 'Coregister: Estimate'
iteration 1...
-2.28    0        0        0        0        0        | -1.0503
-2.28    2.518    0        0        0        0        | -1.0506
-2.28    2.518    -3.422   0        0        0        | -1.051
-2.28    2.518    -3.422   -0.01231 0        0        | -1.051
-2.28    2.518    -3.422   -0.01231 0        0        | -1.051
-2.28    2.518    -3.422   -0.01231 0        -0.048   | -1.0512
iteration 2...
-2.167   2.518    -3.422   -0.01231 0        -0.048   | -1.0512
-2.167   2.946    -3.422   -0.01231 0        -0.048   | -1.0512
-2.167   2.946    -3.205   -0.01231 0        -0.048   | -1.0512
-2.167   2.946    -3.205   -0.01514 0        -0.048   | -1.0512
-2.167   2.946    -3.205   -0.01514 0.00798  -0.048   | -1.0513
-2.167   2.946    -3.205   -0.01514 0.00798  -0.048   | -1.0513
iteration 3...
-2.122   2.946    -3.205   -0.01514 0.00798  -0.048   | -1.0513
-2.122   2.926    -3.205   -0.01514 0.00798  -0.048   | -1.0513
-2.122   2.926    -3.177   -0.01514 0.00798  -0.048   | -1.0513
-2.122   2.926    -3.177   -0.01514 0.00798  -0.048   | -1.0513
-2.122   2.926    -3.177   -0.01514 0.00798  -0.048   | -1.0513
-2.122   2.926    -3.177   -0.01514 0.00798  -0.048   | -1.0513
iteration 4...
-2.122   2.926    -3.177   -0.01514 0.00798  -0.048   | -1.0513
-2.122   2.879    -3.177   -0.01514 0.00798  -0.048   | -1.0513
-2.122   2.879    -3.177   -0.01514 0.00798  -0.048   | -1.0513
-2.122   2.879    -3.177   -0.01514 0.00798  -0.048   | -1.0513
-2.122   2.879    -3.177   -0.01514 0.00798  -0.048   | -1.0513
-2.122   2.879    -3.177   -0.01514 0.00798  -0.048   | -1.0513
iteration 5...
-2.122   2.879    -3.177   -0.01514 0.00798  -0.048   | -1.0513
-2.122   2.879    -3.177   -0.01514 0.00798  -0.048   | -1.0513
-2.122   2.879    -3.177   -0.01514 0.00798  -0.048   | -1.0513
-2.122   2.879    -3.177   -0.01514 0.00798  -0.048   | -1.0513
-2.122   2.879    -3.177   -0.01514 0.00798  -0.048   | -1.0513
-2.122   2.879    -3.177   -0.01514 0.00798  -0.048   | -1.0513
iteration 1...
-1.789   2.879    -3.177   -0.01514 0.00798  -0.048   | -1.0512
-1.789   2.959    -3.177   -0.01514 0.00798  -0.048   | -1.0512
-1.789   2.959    -3.451   -0.01514 0.00798  -0.048   | -1.0512
-1.789   2.959    -3.451   -0.04409 0.00798  -0.048   | -1.0513
-1.789   2.959    -3.451   -0.04409 -0.002546 -0.048   | -1.0513
-1.789   2.959    -3.451   -0.04409 -0.002546 -0.03095 | -1.0514
iteration 2...
-1.897   2.959    -3.451   -0.04409 -0.002546 -0.03095 | -1.0514
-1.897   2.533    -3.451   -0.04409 -0.002546 -0.03095 | -1.0514
-1.897   2.533    -3.332   -0.04409 -0.002546 -0.03095 | -1.0514
-1.897   2.533    -3.332   -0.04506 -0.002546 -0.03095 | -1.0514
-1.897   2.533    -3.332   -0.04506 -0.001205 -0.03095 | -1.0514
-1.897   2.533    -3.332   -0.04506 -0.001205 -0.02996 | -1.0514
iteration 3...
-1.822   2.533    -3.332   -0.04506 -0.001205 -0.02996 | -1.0514
-1.822   2.444    -3.332   -0.04506 -0.001205 -0.02996 | -1.0514
-1.822   2.444    -3.293   -0.04506 -0.001205 -0.02996 | -1.0514
-1.822   2.444    -3.293   -0.04506 -0.001205 -0.02996 | -1.0514
-1.822   2.444    -3.293   -0.04506 -0.001205 -0.02996 | -1.0514
-1.822   2.444    -3.293   -0.04506 -0.001205 -0.02996 | -1.0514
iteration 4...
-1.822   2.444    -3.293   -0.04506 -0.001205 -0.02996 | -1.0514
-1.822   2.378    -3.293   -0.04506 -0.001205 -0.02996 | -1.0514
-1.822   2.378    -3.293   -0.04506 -0.001205 -0.02996 | -1.0514
-1.822   2.378    -3.293   -0.04613 -0.001205 -0.02996 | -1.0514
-1.822   2.378    -3.293   -0.04613 0.0008667 -0.02996 | -1.0514
-1.822   2.378    -3.293   -0.04613 0.0008667 -0.02963 | -1.0514
iteration 5...
-1.801   2.378    -3.293   -0.04613 0.0008667 -0.02963 | -1.0514
-1.801   2.378    -3.293   -0.04613 0.0008667 -0.02963 | -1.0514
-1.801   2.378    -3.288   -0.04613 0.0008667 -0.02963 | -1.0514
-1.801   2.378    -3.288   -0.04613 0.0008667 -0.02963 | -1.0514
-1.801   2.378    -3.288   -0.04613 0.001362 -0.02963 | -1.0514
-1.801   2.378    -3.288   -0.04613 0.001362 -0.02963 | -1.0514
-1.781   2.378    -3.283   -0.04613 0.001856 -0.02963 | -1.0514
iteration 6...
-1.768   2.378    -3.283   -0.04613 0.001856 -0.02963 | -1.0514
-1.768   2.378    -3.283   -0.04613 0.001856 -0.02963 | -1.0514
-1.768   2.378    -3.283   -0.04613 0.001856 -0.02963 | -1.0514
-1.768   2.378    -3.283   -0.04613 0.001856 -0.02963 | -1.0514
-1.768   2.378    -3.283   -0.04613 0.001856 -0.02963 | -1.0514
-1.768   2.378    -3.283   -0.04613 0.001856 -0.02963 | -1.0514
Done    'Coregister: Estimate'
Done

CoReg Done in 58.440669 seconds

All done with coregistration.
>> >> 
No sandbox specified



Start   : Mon Jun  4 19:05:20 EDT 2018
Finish  : Mon Jun  4 19:07:02 EDT 2018


