
                            < M A T L A B (R) >
                  Copyright 1984-2017 The MathWorks, Inc.
                   R2017a (9.2.0.556344) 64-bit (glnxa64)
                               March 27, 2017

 
To get started, type one of these: helpwin, helpdesk, or demo.
For product information, visit www.mathworks.com.
 
>> >> >> >> Coregistation Script Created on 180604_22_30_33_208
>> >> >> >> >> >> [Warning: Name is nonexistent or not a directory:
/Users/rcwelsh/matlabScripts/WELLES/mfiles] 
[> In path (line 109)
  In addpath (line 86)] 
>> >> >> >> >> 
UMBatchJobName =

    'coregOverlay_180604_22_30_33_208_tehsheng_madcbrai'

>> 
UMBatchProcessName =

    'coregOverlay'

>> >> Initializing the job manager in SPM8

UMReSlice =

     0



Calling UMBatchCoReg with:
/nfs/fmri/Analysis/Sean_Working/Git_MADC/preprocess/../../../Subjects_oldResting/madc1438_scan1/func//run_01/utprun_01.nii
/nfs/fmri/Analysis/Subjects_oldResting/madc1438_scan1/func/coReg/t1mprage.nii
UMReSlice:0
Entering UMBatchCoReg V2.0 for SPM8
Coreging /nfs/fmri/Analysis/Subjects_oldResting/madc1438_scan1/func/coReg/t1mprage.nii to
         /nfs/fmri/Analysis/Sean_Working/Git_MADC/preprocess/../../../Subjects_oldResting/madc1438_scan1/func//run_01/utprun_01.nii


------------------------------------------------------------------------
Running job #1
------------------------------------------------------------------------
Running 'Coregister: Estimate'
iteration 1...
-2.582   0        0        0        0        0        | -1.0496
-2.582   3.389    0        0        0        0        | -1.0507
-2.582   3.389    -2.864   0        0        0        | -1.0512
-2.582   3.389    -2.864   -0.06583 0        0        | -1.0515
-2.582   3.389    -2.864   -0.06583 0.005034 0        | -1.0515
-2.582   3.389    -2.864   -0.06583 0.005034 -0.01224 | -1.0516
iteration 2...
-2.722   3.389    -2.864   -0.06583 0.005034 -0.01224 | -1.0516
-2.722   3.237    -2.864   -0.06583 0.005034 -0.01224 | -1.0516
-2.722   3.237    -3.019   -0.06583 0.005034 -0.01224 | -1.0516
-2.722   3.237    -3.019   -0.05761 0.005034 -0.01224 | -1.0516
-2.722   3.237    -3.019   -0.05761 0.009915 -0.01224 | -1.0516
-2.722   3.237    -3.019   -0.05761 0.009915 -0.01224 | -1.0516
iteration 3...
-2.764   3.237    -3.019   -0.05761 0.009915 -0.01224 | -1.0516
-2.764   3.367    -3.019   -0.05761 0.009915 -0.01224 | -1.0516
-2.764   3.367    -3.149   -0.05761 0.009915 -0.01224 | -1.0516
-2.764   3.367    -3.149   -0.05761 0.009915 -0.01224 | -1.0516
-2.764   3.367    -3.149   -0.05761 0.009915 -0.01224 | -1.0516
-2.764   3.367    -3.149   -0.05761 0.009915 -0.01618 | -1.0516
iteration 4...
-2.84    3.367    -3.149   -0.05761 0.009915 -0.01618 | -1.0516
-2.84    3.316    -3.149   -0.05761 0.009915 -0.01618 | -1.0516
-2.84    3.316    -3.184   -0.05761 0.009915 -0.01618 | -1.0516
-2.84    3.316    -3.184   -0.05751 0.009915 -0.01618 | -1.0516
-2.84    3.316    -3.184   -0.05751 0.009915 -0.01618 | -1.0516
-2.84    3.316    -3.184   -0.05751 0.009915 -0.01696 | -1.0516
iteration 5...
-2.875   3.316    -3.184   -0.05751 0.009915 -0.01696 | -1.0516
-2.875   3.313    -3.184   -0.05751 0.009915 -0.01696 | -1.0516
-2.875   3.313    -3.207   -0.05751 0.009915 -0.01696 | -1.0516
-2.875   3.313    -3.207   -0.05772 0.009915 -0.01696 | -1.0516
-2.875   3.313    -3.207   -0.05772 0.009221 -0.01696 | -1.0516
-2.875   3.313    -3.207   -0.05772 0.009221 -0.01727 | -1.0516
iteration 6...
-2.875   3.313    -3.207   -0.05772 0.009221 -0.01727 | -1.0516
-2.875   3.313    -3.207   -0.05772 0.009221 -0.01727 | -1.0516
-2.875   3.313    -3.214   -0.05772 0.009221 -0.01727 | -1.0516
-2.875   3.313    -3.214   -0.05779 0.009221 -0.01727 | -1.0516
-2.875   3.313    -3.214   -0.05779 0.009221 -0.01727 | -1.0516
-2.875   3.313    -3.214   -0.05779 0.009221 -0.01727 | -1.0516
iteration 1...
-3.172   3.313    -3.214   -0.05779 0.009221 -0.01727 | -1.0514
-3.172   3.228    -3.214   -0.05779 0.009221 -0.01727 | -1.0514
-3.172   3.228    -3.615   -0.05779 0.009221 -0.01727 | -1.0514
-3.172   3.228    -3.615   -0.05779 0.009221 -0.01727 | -1.0514
-3.172   3.228    -3.615   -0.05779 -0.007801 -0.01727 | -1.0514
-3.172   3.228    -3.615   -0.05779 -0.007801 -0.01989 | -1.0514
iteration 2...
-3.351   3.228    -3.615   -0.05779 -0.007801 -0.01989 | -1.0514
-3.351   3.218    -3.615   -0.05779 -0.007801 -0.01989 | -1.0514
-3.351   3.218    -3.659   -0.05779 -0.007801 -0.01989 | -1.0514
-3.351   3.218    -3.659   -0.05779 -0.007801 -0.01989 | -1.0514
-3.351   3.218    -3.659   -0.05779 -0.007801 -0.01989 | -1.0514
-3.351   3.218    -3.659   -0.05779 -0.007801 -0.02453 | -1.0514
-3.53    3.208    -3.703   -0.05779 -0.007801 -0.02916 | -1.0514
iteration 3...
-3.53    3.208    -3.703   -0.05779 -0.007801 -0.02916 | -1.0514
-3.53    3.227    -3.703   -0.05779 -0.007801 -0.02916 | -1.0514
-3.53    3.227    -3.544   -0.05779 -0.007801 -0.02916 | -1.0514
-3.53    3.227    -3.544   -0.05455 -0.007801 -0.02916 | -1.0514
-3.53    3.227    -3.544   -0.05455 -0.012   -0.02916 | -1.0514
-3.53    3.227    -3.544   -0.05455 -0.012   -0.02632 | -1.0514
iteration 4...
-3.51    3.228    -3.539   -0.05455 -0.012   -0.02581 | -1.0514
-3.51    3.276    -3.539   -0.05455 -0.012   -0.02581 | -1.0514
-3.51    3.276    -3.44    -0.05455 -0.012   -0.02581 | -1.0514
-3.51    3.276    -3.44    -0.05455 -0.012   -0.02581 | -1.0514
-3.51    3.276    -3.44    -0.05455 -0.01127 -0.02581 | -1.0514
-3.51    3.276    -3.44    -0.05455 -0.01127 -0.02581 | -1.0514
iteration 5...
-3.512   3.276    -3.44    -0.05455 -0.01127 -0.02585 | -1.0514
-3.512   3.276    -3.44    -0.05455 -0.01127 -0.02585 | -1.0514
-3.512   3.276    -3.435   -0.05455 -0.01127 -0.02585 | -1.0514
-3.512   3.276    -3.435   -0.05455 -0.01127 -0.02585 | -1.0514
-3.512   3.276    -3.435   -0.05455 -0.0114  -0.02585 | -1.0514
-3.512   3.276    -3.435   -0.05455 -0.0114  -0.02566 | -1.0514
Done    'Coregister: Estimate'
Done

CoReg Done in 38.203879 seconds

All done with coregistration.
>> >> 
No sandbox specified



Start   : Mon Jun  4 22:30:35 EDT 2018
Finish  : Mon Jun  4 22:31:52 EDT 2018


