
                            < M A T L A B (R) >
                  Copyright 1984-2017 The MathWorks, Inc.
                   R2017a (9.2.0.556344) 64-bit (glnxa64)
                               March 27, 2017

 
To get started, type one of these: helpwin, helpdesk, or demo.
For product information, visit www.mathworks.com.
 
>> >> >> >> Coregistation Script Created on 180604_15_44_36_204
>> >> >> >> >> >> [Warning: Name is nonexistent or not a directory:
/Users/rcwelsh/matlabScripts/WELLES/mfiles] 
[> In path (line 109)
  In addpath (line 86)] 
>> >> >> >> >> 
UMBatchJobName =

    'coregOverlay_180604_15_44_36_204_tehsheng_madcbrai'

>> 
UMBatchProcessName =

    'coregOverlay'

>> >> Initializing the job manager in SPM8

UMReSlice =

     0



Calling UMBatchCoReg with:
/nfs/fmri/Analysis/Sean_Working/Git_MADC/preprocess/../../../Subjects_oldResting/madc0768_scan1/func//run_01/utprun_01.nii
/nfs/fmri/Analysis/Subjects_oldResting/madc0768_scan1/func/coReg/t1mprage.nii
UMReSlice:0
Entering UMBatchCoReg V2.0 for SPM8
Coreging /nfs/fmri/Analysis/Subjects_oldResting/madc0768_scan1/func/coReg/t1mprage.nii to
         /nfs/fmri/Analysis/Sean_Working/Git_MADC/preprocess/../../../Subjects_oldResting/madc0768_scan1/func//run_01/utprun_01.nii


------------------------------------------------------------------------
Running job #1
------------------------------------------------------------------------
Running 'Coregister: Estimate'
iteration 1...
-1.373   0        0        0        0        0        | -1.0513
-1.373   0.31     0        0        0        0        | -1.0513
-1.373   0.31     -2.083   0        0        0        | -1.0515
-1.373   0.31     -2.083   -0.05972 0        0        | -1.0517
-1.373   0.31     -2.083   -0.05972 0.005383 0        | -1.0517
-1.373   0.31     -2.083   -0.05972 0.005383 0.002048 | -1.0517
iteration 2...
-1.742   0.31     -2.083   -0.05972 0.005383 0.002048 | -1.0517
-1.742   0.6217   -2.083   -0.05972 0.005383 0.002048 | -1.0517
-1.742   0.6217   -2.679   -0.05972 0.005383 0.002048 | -1.0518
-1.742   0.6217   -2.679   -0.05972 0.005383 0.002048 | -1.0518
-1.742   0.6217   -2.679   -0.05972 0.005383 0.002048 | -1.0518
-1.742   0.6217   -2.679   -0.05972 0.005383 0.005865 | -1.0518
iteration 3...
-1.742   0.6217   -2.679   -0.05972 0.005383 0.005865 | -1.0518
-1.742   0.7695   -2.679   -0.05972 0.005383 0.005865 | -1.0518
-1.742   0.7695   -2.806   -0.05972 0.005383 0.005865 | -1.0518
-1.742   0.7695   -2.806   -0.05937 0.005383 0.005865 | -1.0518
-1.742   0.7695   -2.806   -0.05937 0.005383 0.005865 | -1.0518
-1.742   0.7695   -2.806   -0.05937 0.005383 0.005865 | -1.0518
iteration 4...
-1.742   0.7695   -2.806   -0.05937 0.005383 0.005865 | -1.0518
-1.742   0.8093   -2.806   -0.05937 0.005383 0.005865 | -1.0518
-1.742   0.8093   -2.88    -0.05937 0.005383 0.005865 | -1.0518
-1.742   0.8093   -2.88    -0.05935 0.005383 0.005865 | -1.0518
-1.742   0.8093   -2.88    -0.05935 0.005383 0.005865 | -1.0518
-1.742   0.8093   -2.88    -0.05935 0.005383 0.005839 | -1.0518
iteration 5...
-1.742   0.8093   -2.88    -0.05935 0.005383 0.005839 | -1.0518
-1.742   0.8093   -2.88    -0.05935 0.005383 0.005839 | -1.0518
-1.742   0.8093   -2.88    -0.05935 0.005383 0.005839 | -1.0518
-1.742   0.8093   -2.88    -0.05935 0.005383 0.005839 | -1.0518
-1.742   0.8093   -2.88    -0.05935 0.005383 0.005839 | -1.0518
-1.742   0.8093   -2.88    -0.05935 0.005383 0.005839 | -1.0518
iteration 1...
-1.437   0.8093   -2.88    -0.05935 0.005383 0.005839 | -1.052
-1.437   1.48     -2.88    -0.05935 0.005383 0.005839 | -1.052
-1.437   1.48     -3.413   -0.05935 0.005383 0.005839 | -1.052
-1.437   1.48     -3.413   -0.05536 0.005383 0.005839 | -1.052
-1.437   1.48     -3.413   -0.05536 -0.01109 0.005839 | -1.052
-1.437   1.48     -3.413   -0.05536 -0.01109 0.01418  | -1.0521
iteration 2...
-1.646   1.48     -3.413   -0.05536 -0.01109 0.01418  | -1.0521
-1.646   1.607    -3.413   -0.05536 -0.01109 0.01418  | -1.0521
-1.646   1.607    -3.393   -0.05536 -0.01109 0.01418  | -1.0521
-1.646   1.607    -3.393   -0.04992 -0.01109 0.01418  | -1.0521
-1.646   1.607    -3.393   -0.04992 -0.007455 0.01418  | -1.0521
-1.646   1.607    -3.393   -0.04992 -0.007455 0.01418  | -1.0521
iteration 3...
-1.648   1.607    -3.393   -0.04992 -0.007455 0.01418  | -1.0521
-1.648   1.598    -3.393   -0.04992 -0.007455 0.01418  | -1.0521
-1.648   1.598    -3.356   -0.04992 -0.007455 0.01418  | -1.0521
-1.648   1.598    -3.356   -0.0523  -0.007455 0.01418  | -1.0521
-1.648   1.598    -3.356   -0.0523  -0.007455 0.01418  | -1.0521
-1.648   1.598    -3.356   -0.0523  -0.007455 0.01418  | -1.0521
iteration 4...
-1.647   1.598    -3.356   -0.0523  -0.007455 0.01418  | -1.0521
-1.647   1.594    -3.356   -0.0523  -0.007455 0.01418  | -1.0521
-1.647   1.594    -3.402   -0.0523  -0.007455 0.01418  | -1.0521
-1.647   1.594    -3.402   -0.05159 -0.007455 0.01418  | -1.0521
-1.647   1.594    -3.402   -0.05159 -0.007455 0.01418  | -1.0521
-1.647   1.594    -3.402   -0.05159 -0.007455 0.01418  | -1.0521
iteration 5...
-1.647   1.594    -3.402   -0.05159 -0.007455 0.01418  | -1.0521
-1.647   1.594    -3.402   -0.05159 -0.007455 0.01418  | -1.0521
-1.647   1.594    -3.409   -0.05159 -0.007455 0.01418  | -1.0521
-1.647   1.594    -3.409   -0.05168 -0.007455 0.01418  | -1.0521
-1.647   1.594    -3.409   -0.05168 -0.007455 0.01418  | -1.0521
-1.647   1.594    -3.409   -0.05168 -0.007455 0.01418  | -1.0521
Done    'Coregister: Estimate'
Done

CoReg Done in 38.590367 seconds

All done with coregistration.
>> >> 
No sandbox specified



Start   : Mon Jun  4 15:44:43 EDT 2018
Finish  : Mon Jun  4 15:46:08 EDT 2018


