
                            < M A T L A B (R) >
                  Copyright 1984-2017 The MathWorks, Inc.
                   R2017a (9.2.0.556344) 64-bit (glnxa64)
                               March 27, 2017

 
To get started, type one of these: helpwin, helpdesk, or demo.
For product information, visit www.mathworks.com.
 
>> >> >> >> Coregistation Script Created on 180605_00_35_01_592
>> >> >> >> >> >> [Warning: Name is nonexistent or not a directory:
/Users/rcwelsh/matlabScripts/WELLES/mfiles] 
[> In path (line 109)
  In addpath (line 86)] 
>> >> >> >> >> 
UMBatchJobName =

    'coregOverlay_180605_00_35_01_592_tehsheng_madcbrai'

>> 
UMBatchProcessName =

    'coregOverlay'

>> >> Initializing the job manager in SPM8

UMReSlice =

     0



Calling UMBatchCoReg with:
/nfs/fmri/Analysis/Sean_Working/Git_MADC/preprocess/../../../Subjects_oldResting/madc1408_scan1/func//run_01/utprun_01.nii
/nfs/fmri/Analysis/Subjects_oldResting/madc1408_scan1/func/coReg/t1mprage.nii
UMReSlice:0
Entering UMBatchCoReg V2.0 for SPM8
Coreging /nfs/fmri/Analysis/Subjects_oldResting/madc1408_scan1/func/coReg/t1mprage.nii to
         /nfs/fmri/Analysis/Sean_Working/Git_MADC/preprocess/../../../Subjects_oldResting/madc1408_scan1/func//run_01/utprun_01.nii


------------------------------------------------------------------------
Running job #1
------------------------------------------------------------------------
Running 'Coregister: Estimate'
iteration 1...
-2.13    0        0        0        0        0        | -1.0503
-2.13    -1.263   0        0        0        0        | -1.0504
-2.13    -1.263   -1.909   0        0        0        | -1.0513
-2.13    -1.263   -1.909   0.01444  0        0        | -1.0514
-2.13    -1.263   -1.909   0.01444  0        0        | -1.0514
-2.13    -1.263   -1.909   0.01444  0        0.0002899 | -1.0514
iteration 2...
-2.234   -1.263   -1.909   0.01444  0        0.0002899 | -1.0514
-2.234   -0.7037  -1.909   0.01444  0        0.0002899 | -1.0515
-2.234   -0.7037  -2.175   0.01444  0        0.0002899 | -1.0515
-2.234   -0.7037  -2.175   0.00803  0        0.0002899 | -1.0515
-2.234   -0.7037  -2.175   0.00803  0        0.0002899 | -1.0515
-2.234   -0.7037  -2.175   0.00803  0        0.002487 | -1.0515
-2.338   -0.1442  -2.44    0.001623 0        0.004684 | -1.0516
iteration 3...
-2.31    -0.1442  -2.44    0.001623 0        0.004684 | -1.0516
-2.31    -0.1442  -2.44    0.001623 0        0.004684 | -1.0516
-2.31    -0.1442  -2.427   0.001623 0        0.004684 | -1.0516
-2.31    -0.1442  -2.427   0.004264 0        0.004684 | -1.0516
-2.31    -0.1442  -2.427   0.004264 0.0007724 0.004684 | -1.0516
-2.31    -0.1442  -2.427   0.004264 0.0007724 0.002316 | -1.0516
iteration 4...
-2.197   -0.1442  -2.427   0.004264 0.0007724 0.002316 | -1.0516
-2.198   -0.1353  -2.431   0.004163 0.0007724 0.002351 | -1.0516
-2.198   -0.1353  -2.444   0.004163 0.0007724 0.002351 | -1.0516
-2.198   -0.1353  -2.444   0.004163 0.0007724 0.002351 | -1.0516
-2.198   -0.1353  -2.444   0.004163 -0.0002449 0.002351 | -1.0516
-2.198   -0.1353  -2.444   0.004163 -0.0002449 0.002351 | -1.0516
iteration 5...
-2.176   -0.1353  -2.444   0.004163 -0.0002449 0.002351 | -1.0516
-2.179   -0.1215  -2.451   0.004005 -0.0002449 0.002405 | -1.0516
-2.179   -0.1215  -2.451   0.004005 -0.0002449 0.002405 | -1.0516
-2.179   -0.1215  -2.451   0.004005 -0.0002449 0.002405 | -1.0516
-2.179   -0.1215  -2.451   0.004005 -0.0005541 0.002405 | -1.0516
-2.179   -0.1215  -2.451   0.004005 -0.0005541 0.001722 | -1.0516
-2.16    -0.1077  -2.457   0.003847 -0.0008634 0.001094 | -1.0516
iteration 6...
-2.092   -0.1077  -2.457   0.003847 -0.0008634 0.001094 | -1.0516
-2.092   -0.1077  -2.457   0.003847 -0.0008634 0.001094 | -1.0516
-2.092   -0.1077  -2.457   0.003847 -0.0008634 0.001094 | -1.0516
-2.092   -0.1077  -2.457   0.003847 -0.0008634 0.001094 | -1.0516
-2.092   -0.1077  -2.457   0.003847 -0.0008634 0.001094 | -1.0516
-2.076   -0.09685 -2.462   0.003722 -0.001107 0.0005982 | -1.0516
iteration 7...
-2.049   -0.09685 -2.462   0.003722 -0.001107 0.0005982 | -1.0516
-2.05    -0.08771 -2.467   0.003618 -0.001107 0.0006341 | -1.0516
-2.05    -0.08771 -2.467   0.003618 -0.001107 0.0006341 | -1.0516
-2.05    -0.08771 -2.467   0.003618 -0.001107 0.0006341 | -1.0516
-2.05    -0.08771 -2.467   0.003618 -0.001107 0.0006341 | -1.0516
-2.04    -0.08    -2.47    0.003529 -0.00128 0.0002833 | -1.0516
iteration 8...
-2.025   -0.08    -2.47    0.003529 -0.00128 0.0002833 | -1.0516
-2.025   -0.08416 -2.468   0.003577 -0.00128 0.000267 | -1.0516
-2.025   -0.08416 -2.459   0.003577 -0.00128 0.000267 | -1.0516
-2.025   -0.08416 -2.459   0.003596 -0.00128 0.000267 | -1.0516
-2.025   -0.08416 -2.459   0.003596 -0.00128 0.000267 | -1.0516
-2.025   -0.08416 -2.459   0.003596 -0.00128 0.000267 | -1.0516
iteration 1...
-2.324   -0.08416 -2.459   0.003596 -0.00128 0.000267 | -1.0518
-2.324   0.05408  -2.459   0.003596 -0.00128 0.000267 | -1.0518
-2.324   0.05408  -2.815   0.003596 -0.00128 0.000267 | -1.0518
-2.324   0.05408  -2.815   0.003813 -0.00128 0.000267 | -1.0518
-2.324   0.05408  -2.815   0.003813 -0.00128 0.000267 | -1.0518
-2.324   0.05408  -2.815   0.003813 -0.00128 0.000267 | -1.0518
iteration 2...
-2.329   0.05408  -2.815   0.003813 -0.00128 0.000267 | -1.0518
-2.329   0.167    -2.815   0.003813 -0.00128 0.000267 | -1.0518
-2.329   0.167    -2.841   0.003813 -0.00128 0.000267 | -1.0518
-2.329   0.167    -2.841   0.001791 -0.00128 0.000267 | -1.0518
-2.329   0.167    -2.841   0.001791 -0.0009224 0.000267 | -1.0518
-2.329   0.167    -2.841   0.001791 -0.0009224 0.000267 | -1.0518
-2.333   0.2438   -2.859   0.0004148 -0.0006791 0.000267 | -1.0518
iteration 3...
-2.348   0.2438   -2.859   0.0004148 -0.0006791 0.000267 | -1.0518
-2.348   0.3056   -2.859   0.0004148 -0.0006791 0.000267 | -1.0518
-2.348   0.3056   -2.907   0.0004148 -0.0006791 0.000267 | -1.0518
-2.347   0.2892   -2.904   0.0007073 -0.0007308 0.000267 | -1.0518
-2.347   0.2892   -2.904   0.0007073 -0.0008856 0.000267 | -1.0518
-2.347   0.2892   -2.904   0.0007073 -0.0008856 0.000267 | -1.0518
iteration 4...
-2.347   0.2892   -2.904   0.0007073 -0.0008856 0.000267 | -1.0518
-2.347   0.3074   -2.904   0.0007073 -0.0008856 0.000267 | -1.0518
-2.347   0.3074   -2.904   0.0007073 -0.0008856 0.000267 | -1.0518
-2.347   0.3074   -2.904   0.0007073 -0.0008856 0.000267 | -1.0518
-2.347   0.3074   -2.904   0.0007073 -0.0008856 0.000267 | -1.0518
-2.347   0.3074   -2.904   0.0007073 -0.0008856 0.000267 | -1.0518
Done    'Coregister: Estimate'
Done

CoReg Done in 33.938379 seconds

All done with coregistration.
>> >> 
No sandbox specified



Start   : Tue Jun  5 00:35:05 EDT 2018
Finish  : Tue Jun  5 00:36:27 EDT 2018


