
                            < M A T L A B (R) >
                  Copyright 1984-2017 The MathWorks, Inc.
                   R2017a (9.2.0.556344) 64-bit (glnxa64)
                               March 27, 2017

 
To get started, type one of these: helpwin, helpdesk, or demo.
For product information, visit www.mathworks.com.
 
>> >> >> >> Coregistation Script Created on 180604_23_43_30_769
>> >> >> >> >> >> [Warning: Name is nonexistent or not a directory:
/Users/rcwelsh/matlabScripts/WELLES/mfiles] 
[> In path (line 109)
  In addpath (line 86)] 
>> >> >> >> >> 
UMBatchJobName =

    'coregOverlay_180604_23_43_30_769_tehsheng_madcbrai'

>> 
UMBatchProcessName =

    'coregOverlay'

>> >> Initializing the job manager in SPM8

UMReSlice =

     0



Calling UMBatchCoReg with:
/nfs/fmri/Analysis/Sean_Working/Git_MADC/preprocess/../../../Subjects_oldResting/madc1404_scan1/func//run_01/utprun_01.nii
/nfs/fmri/Analysis/Subjects_oldResting/madc1404_scan1/func/coReg/t1mprage.nii
UMReSlice:0
Entering UMBatchCoReg V2.0 for SPM8
Coreging /nfs/fmri/Analysis/Subjects_oldResting/madc1404_scan1/func/coReg/t1mprage.nii to
         /nfs/fmri/Analysis/Sean_Working/Git_MADC/preprocess/../../../Subjects_oldResting/madc1404_scan1/func//run_01/utprun_01.nii


------------------------------------------------------------------------
Running job #1
------------------------------------------------------------------------
Running 'Coregister: Estimate'
iteration 1...
-1.922   0        0        0        0        0        | -1.0488
-1.922   2.094    0        0        0        0        | -1.0492
-1.922   2.094    -1.827   0        0        0        | -1.0493
-1.922   2.094    -1.827   -0.01431 0        0        | -1.0494
-1.922   2.094    -1.827   -0.01431 0.005212 0        | -1.0494
-1.922   2.094    -1.827   -0.01431 0.005212 0.009047 | -1.0494
iteration 2...
-1.63    2.094    -1.827   -0.01431 0.005212 0.009047 | -1.0494
-1.63    1.77     -1.827   -0.01431 0.005212 0.009047 | -1.0494
-1.63    1.77     -1.806   -0.01431 0.005212 0.009047 | -1.0494
-1.63    1.77     -1.806   -0.02149 0.005212 0.009047 | -1.0494
-1.63    1.77     -1.806   -0.02149 0.008385 0.009047 | -1.0494
-1.63    1.77     -1.806   -0.02149 0.008385 0.007352 | -1.0494
-1.384   1.496    -1.788   -0.02755 0.01106  0.005921 | -1.0495
iteration 3...
-1.412   1.496    -1.788   -0.02755 0.01106  0.005921 | -1.0495
-1.412   1.338    -1.788   -0.02755 0.01106  0.005921 | -1.0495
-1.412   1.338    -1.309   -0.02755 0.01106  0.005921 | -1.0495
-1.402   1.327    -1.308   -0.0278  0.01117  0.005862 | -1.0495
-1.402   1.327    -1.308   -0.0278  0.01287  0.005862 | -1.0495
-1.402   1.327    -1.308   -0.0278  0.01287  0.01365  | -1.0495
iteration 4...
-1.293   1.327    -1.308   -0.0278  0.01287  0.01365  | -1.0495
-1.293   1.327    -1.308   -0.0278  0.01287  0.01365  | -1.0495
-1.293   1.327    -1.284   -0.0278  0.01287  0.01365  | -1.0495
-1.246   1.275    -1.28    -0.02896 0.01338  0.01338  | -1.0495
-1.246   1.275    -1.28    -0.02896 0.01495  0.01338  | -1.0495
-1.246   1.275    -1.28    -0.02896 0.01495  0.01338  | -1.0495
iteration 5...
-1.246   1.275    -1.28    -0.02896 0.01495  0.01338  | -1.0495
-1.246   1.275    -1.28    -0.02896 0.01495  0.01338  | -1.0495
-1.246   1.275    -1.271   -0.02896 0.01495  0.01338  | -1.0495
-1.246   1.275    -1.271   -0.02896 0.01495  0.01338  | -1.0495
-1.246   1.275    -1.271   -0.02896 0.01495  0.01338  | -1.0495
-1.246   1.275    -1.271   -0.02896 0.01495  0.01338  | -1.0495
iteration 1...
-1.467   1.275    -1.271   -0.02896 0.01495  0.01338  | -1.0496
-1.467   1.146    -1.271   -0.02896 0.01495  0.01338  | -1.0496
-1.467   1.146    -1.951   -0.02896 0.01495  0.01338  | -1.0496
-1.467   1.146    -1.951   -0.03818 0.01495  0.01338  | -1.0496
-1.467   1.146    -1.951   -0.03818 0.01184  0.01338  | -1.0496
-1.467   1.146    -1.951   -0.03818 0.01184  0.02784  | -1.0496
iteration 2...
-1.633   1.146    -1.951   -0.03818 0.01184  0.02784  | -1.0497
-1.633   1.168    -1.951   -0.03818 0.01184  0.02784  | -1.0497
-1.633   1.168    -2.283   -0.03818 0.01184  0.02784  | -1.0497
-1.633   1.168    -2.283   -0.04045 0.01184  0.02784  | -1.0497
-1.633   1.168    -2.283   -0.04045 0.01184  0.02784  | -1.0497
-1.633   1.168    -2.283   -0.04045 0.01184  0.02784  | -1.0497
iteration 3...
-1.6     1.168    -2.283   -0.04045 0.01184  0.02784  | -1.0497
-1.6     1.124    -2.283   -0.04045 0.01184  0.02784  | -1.0497
-1.6     1.124    -2.283   -0.04045 0.01184  0.02784  | -1.0497
-1.6     1.124    -2.283   -0.04045 0.01184  0.02784  | -1.0497
-1.6     1.124    -2.283   -0.04045 0.01184  0.02784  | -1.0497
-1.6     1.124    -2.283   -0.04045 0.01184  0.02784  | -1.0497
iteration 4...
-1.6     1.124    -2.283   -0.04045 0.01184  0.02784  | -1.0497
-1.6     1.124    -2.283   -0.04045 0.01184  0.02784  | -1.0497
-1.6     1.124    -2.283   -0.04045 0.01184  0.02784  | -1.0497
-1.6     1.124    -2.283   -0.04045 0.01184  0.02784  | -1.0497
-1.6     1.124    -2.283   -0.04045 0.01184  0.02784  | -1.0497
-1.6     1.124    -2.283   -0.04045 0.01184  0.02784  | -1.0497
Done    'Coregister: Estimate'
Done

CoReg Done in 29.196670 seconds

All done with coregistration.
>> >> 
No sandbox specified



Start   : Mon Jun  4 23:43:33 EDT 2018
Finish  : Mon Jun  4 23:44:44 EDT 2018


