
                            < M A T L A B (R) >
                  Copyright 1984-2017 The MathWorks, Inc.
                   R2017a (9.2.0.556344) 64-bit (glnxa64)
                               March 27, 2017

 
To get started, type one of these: helpwin, helpdesk, or demo.
For product information, visit www.mathworks.com.
 
>> >> >> >> Coregistation Script Created on 180604_23_56_57_761
>> >> >> >> >> >> [Warning: Name is nonexistent or not a directory:
/Users/rcwelsh/matlabScripts/WELLES/mfiles] 
[> In path (line 109)
  In addpath (line 86)] 
>> >> >> >> >> 
UMBatchJobName =

    'coregOverlay_180604_23_56_57_761_tehsheng_madcbrai'

>> 
UMBatchProcessName =

    'coregOverlay'

>> >> Initializing the job manager in SPM8

UMReSlice =

     0



Calling UMBatchCoReg with:
/nfs/fmri/Analysis/Sean_Working/Git_MADC/preprocess/../../../Subjects_oldResting/madc1507_scan1/func//run_01/utprun_01.nii
/nfs/fmri/Analysis/Subjects_oldResting/madc1507_scan1/func/coReg/t1mprage.nii
UMReSlice:0
Entering UMBatchCoReg V2.0 for SPM8
Coreging /nfs/fmri/Analysis/Subjects_oldResting/madc1507_scan1/func/coReg/t1mprage.nii to
         /nfs/fmri/Analysis/Sean_Working/Git_MADC/preprocess/../../../Subjects_oldResting/madc1507_scan1/func//run_01/utprun_01.nii


------------------------------------------------------------------------
Running job #1
------------------------------------------------------------------------
Running 'Coregister: Estimate'
iteration 1...
-1.256   0        0        0        0        0        | -1.0584
-1.256   2.279    0        0        0        0        | -1.0591
-1.256   2.279    1.58     0        0        0        | -1.0593
-1.256   2.279    1.58     -0.01328 0        0        | -1.0594
-1.256   2.279    1.58     -0.01328 -0.01546 0        | -1.0594
-1.256   2.279    1.58     -0.01328 -0.01546 0        | -1.0594
iteration 2...
-1.113   2.279    1.58     -0.01328 -0.01546 0        | -1.0594
-1.113   2.219    1.58     -0.01328 -0.01546 0        | -1.0595
-1.113   2.219    1.432    -0.01328 -0.01546 0        | -1.0595
-1.113   2.219    1.432    -0.01208 -0.01546 0        | -1.0595
-1.113   2.219    1.432    -0.01208 -0.01718 0        | -1.0595
-1.113   2.219    1.432    -0.01208 -0.01718 0.001873 | -1.0595
iteration 3...
-1.105   2.219    1.432    -0.01208 -0.01718 0.001873 | -1.0595
-1.105   2.157    1.432    -0.01208 -0.01718 0.001873 | -1.0595
-1.105   2.157    1.485    -0.01208 -0.01718 0.001873 | -1.0595
-1.105   2.157    1.485    -0.01096 -0.01718 0.001873 | -1.0595
-1.105   2.157    1.485    -0.01096 -0.01566 0.001873 | -1.0595
-1.105   2.157    1.485    -0.01096 -0.01566 0.003682 | -1.0595
-1.088   2.025    1.599    -0.008569 -0.01239 0.007571 | -1.0595
iteration 4...
-1.032   2.025    1.599    -0.008569 -0.01239 0.007571 | -1.0595
-1.032   2.025    1.599    -0.008569 -0.01239 0.007571 | -1.0595
-1.032   2.025    1.65     -0.008569 -0.01239 0.007571 | -1.0595
-1.032   2.025    1.65     -0.008569 -0.01239 0.007571 | -1.0595
-1.032   2.025    1.65     -0.008569 -0.01459 0.007571 | -1.0595
-1.032   2.025    1.65     -0.008569 -0.01459 0.007571 | -1.0595
iteration 5...
-1.032   2.025    1.65     -0.008569 -0.01459 0.007571 | -1.0595
-1.032   2.007    1.65     -0.008569 -0.01459 0.007571 | -1.0595
-1.032   2.007    1.687    -0.008569 -0.01459 0.007571 | -1.0595
-1.032   2.007    1.687    -0.008419 -0.01459 0.007571 | -1.0595
-1.032   2.007    1.687    -0.008419 -0.01459 0.007571 | -1.0595
-1.032   2.007    1.687    -0.008419 -0.01459 0.007571 | -1.0595
iteration 6...
-1.032   2.007    1.687    -0.008419 -0.01459 0.007571 | -1.0595
-1.032   2.007    1.687    -0.008419 -0.01459 0.007571 | -1.0595
-1.032   2.007    1.683    -0.008419 -0.01459 0.007571 | -1.0595
-1.032   2.007    1.683    -0.008376 -0.01459 0.007571 | -1.0595
-1.032   2.007    1.683    -0.008376 -0.01459 0.007571 | -1.0595
-1.032   2.007    1.683    -0.008376 -0.01459 0.007571 | -1.0595
iteration 1...
-1.235   2.007    1.683    -0.008376 -0.01459 0.007571 | -1.0596
-1.235   2.19     1.683    -0.008376 -0.01459 0.007571 | -1.0596
-1.235   2.19     1.116    -0.008376 -0.01459 0.007571 | -1.0596
-1.235   2.19     1.116    -0.008376 -0.01459 0.007571 | -1.0596
-1.235   2.19     1.116    -0.008376 -0.01578 0.007571 | -1.0596
-1.235   2.19     1.116    -0.008376 -0.01578 0.008833 | -1.0596
iteration 2...
-1.236   2.19     1.116    -0.008376 -0.01578 0.008833 | -1.0596
-1.236   2.229    1.116    -0.008376 -0.01578 0.008833 | -1.0596
-1.236   2.229    1.121    -0.008376 -0.01578 0.008833 | -1.0596
-1.236   2.229    1.121    -0.008376 -0.01578 0.008833 | -1.0596
-1.236   2.229    1.121    -0.008376 -0.01578 0.008833 | -1.0596
-1.236   2.229    1.121    -0.008376 -0.01578 0.008833 | -1.0596
iteration 3...
-1.237   2.229    1.121    -0.008376 -0.01578 0.008833 | -1.0596
-1.237   2.231    1.121    -0.008376 -0.01578 0.008833 | -1.0596
-1.237   2.231    1.12     -0.008376 -0.01578 0.008833 | -1.0596
-1.237   2.231    1.12     -0.008376 -0.01578 0.008833 | -1.0596
-1.237   2.231    1.12     -0.008376 -0.01578 0.008833 | -1.0596
-1.237   2.231    1.12     -0.008376 -0.01578 0.008833 | -1.0596
Done    'Coregister: Estimate'
Done

CoReg Done in 25.849083 seconds

All done with coregistration.
>> >> 
No sandbox specified



Start   : Mon Jun  4 23:56:59 EDT 2018
Finish  : Mon Jun  4 23:58:07 EDT 2018


