
                            < M A T L A B (R) >
                  Copyright 1984-2017 The MathWorks, Inc.
                   R2017a (9.2.0.556344) 64-bit (glnxa64)
                               March 27, 2017

 
To get started, type one of these: helpwin, helpdesk, or demo.
For product information, visit www.mathworks.com.
 
>> >> >> >> Coregistation Script Created on 180604_21_14_43_603
>> >> >> >> >> >> [Warning: Name is nonexistent or not a directory:
/Users/rcwelsh/matlabScripts/WELLES/mfiles] 
[> In path (line 109)
  In addpath (line 86)] 
>> >> >> >> >> 
UMBatchJobName =

    'coregOverlay_180604_21_14_43_603_tehsheng_madcbrai'

>> 
UMBatchProcessName =

    'coregOverlay'

>> >> Initializing the job manager in SPM8

UMReSlice =

     0



Calling UMBatchCoReg with:
/nfs/fmri/Analysis/Sean_Working/Git_MADC/preprocess/../../../Subjects_oldResting/madc1243_scan1/func//run_01/utprun_01.nii
/nfs/fmri/Analysis/Subjects_oldResting/madc1243_scan1/func/coReg/t1mprage.nii
UMReSlice:0
Entering UMBatchCoReg V2.0 for SPM8
Coreging /nfs/fmri/Analysis/Subjects_oldResting/madc1243_scan1/func/coReg/t1mprage.nii to
         /nfs/fmri/Analysis/Sean_Working/Git_MADC/preprocess/../../../Subjects_oldResting/madc1243_scan1/func//run_01/utprun_01.nii


------------------------------------------------------------------------
Running job #1
------------------------------------------------------------------------
Running 'Coregister: Estimate'
iteration 1...
-2.532   0        0        0        0        0        | -1.0491
-2.532   2.758    0        0        0        0        | -1.0504
-2.532   2.758    0.5125   0        0        0        | -1.0504
-2.532   2.758    0.5125   -0.001714 0        0        | -1.0504
-2.532   2.758    0.5125   -0.001714 0.001839 0        | -1.0504
-2.532   2.758    0.5125   -0.001714 0.001839 -0.002815 | -1.0504
iteration 2...
-2.65    2.758    0.5125   -0.001714 0.001839 -0.002815 | -1.0505
-2.65    2.758    0.5125   -0.001714 0.001839 -0.002815 | -1.0505
-2.65    2.758    0.5449   -0.001714 0.001839 -0.002815 | -1.0505
-2.65    2.758    0.5449   -0.003633 0.001839 -0.002815 | -1.0505
-2.65    2.758    0.5449   -0.003633 0.002827 -0.002815 | -1.0505
-2.65    2.758    0.5449   -0.003633 0.002827 -0.004192 | -1.0505
-2.796   2.758    0.5852   -0.006013 0.004054 -0.005901 | -1.0505
iteration 3...
-2.8     2.758    0.5862   -0.006075 0.004086 -0.005946 | -1.0505
-2.8     2.875    0.5862   -0.006075 0.004086 -0.005946 | -1.0505
-2.8     2.875    0.6757   -0.006075 0.004086 -0.005946 | -1.0505
-2.8     2.875    0.6757   -0.008028 0.004086 -0.005946 | -1.0505
-2.8     2.875    0.6757   -0.008028 0.005261 -0.005946 | -1.0505
-2.8     2.875    0.6757   -0.008028 0.005261 -0.005196 | -1.0505
-2.806   3.082    0.8356   -0.01159 0.007395 -0.003948 | -1.0505
iteration 4...
-3.016   3.082    0.8934   -0.01501 0.009155 -0.006402 | -1.0505
-3.017   3.131    0.9315   -0.01585 0.009664 -0.006105 | -1.0505
-3.017   3.131    0.5306   -0.01585 0.009664 -0.006105 | -1.0505
-3.017   3.131    0.5306   -0.01646 0.009664 -0.006105 | -1.0505
-3.017   3.131    0.5306   -0.01646 0.00896  -0.006105 | -1.0505
-3.017   3.131    0.5306   -0.01646 0.00896  -0.009584 | -1.0505
iteration 5...
-3.017   3.131    0.5306   -0.01646 0.00896  -0.009584 | -1.0505
-3.022   3.275    0.6413   -0.01892 0.01044  -0.00872 | -1.0506
-3.022   3.275    0.6164   -0.01892 0.01044  -0.00872 | -1.0506
-3.022   3.275    0.6164   -0.01975 0.01044  -0.00872 | -1.0506
-3.022   3.275    0.6164   -0.01975 0.009079 -0.00872 | -1.0506
-3.022   3.275    0.6164   -0.01975 0.009079 -0.008748 | -1.0506
-3.027   3.417    0.7015   -0.02301 0.009197 -0.007919 | -1.0506
iteration 6...
-2.988   3.417    0.6908   -0.02237 0.008868 -0.007461 | -1.0506
-2.988   3.43     0.6984   -0.02267 0.008879 -0.007386 | -1.0506
-2.988   3.43     0.7188   -0.02267 0.008879 -0.007386 | -1.0506
-2.988   3.43     0.7188   -0.02153 0.008879 -0.007386 | -1.0506
-2.988   3.43     0.7188   -0.02153 0.007957 -0.007386 | -1.0506
-2.988   3.43     0.7188   -0.02153 0.007957 -0.009884 | -1.0506
iteration 7...
-3.052   3.43     0.7363   -0.02256 0.00849  -0.01063 | -1.0506
-3.053   3.468    0.7593   -0.02345 0.008522 -0.0104  | -1.0506
-3.053   3.468    0.7593   -0.02345 0.008522 -0.0104  | -1.0506
-3.053   3.468    0.7593   -0.02224 0.008522 -0.0104  | -1.0506
-3.053   3.468    0.7593   -0.02224 0.007774 -0.0104  | -1.0506
-3.053   3.468    0.7593   -0.02224 0.007774 -0.01028 | -1.0506
-3.156   3.529    0.8238   -0.02336 0.007483 -0.0109  | -1.0506
iteration 8...
-3.156   3.529    0.8238   -0.02336 0.007483 -0.0109  | -1.0506
-3.156   3.529    0.8238   -0.02336 0.007483 -0.0109  | -1.0506
-3.156   3.529    0.7666   -0.02336 0.007483 -0.0109  | -1.0506
-3.182   3.545    0.7832   -0.02365 0.007408 -0.01106 | -1.0506
-3.182   3.545    0.7832   -0.02365 0.009133 -0.01106 | -1.0506
-3.182   3.545    0.7832   -0.02365 0.009133 -0.01155 | -1.0506
iteration 9...
-3.182   3.545    0.7832   -0.02365 0.009133 -0.01155 | -1.0506
-3.182   3.55     0.7861   -0.02376 0.009137 -0.01153 | -1.0506
-3.182   3.55     0.7861   -0.02376 0.009137 -0.01153 | -1.0506
-3.219   3.572    0.8089   -0.02416 0.009034 -0.01175 | -1.0506
-3.219   3.572    0.8089   -0.02416 0.009034 -0.01175 | -1.0506
-3.219   3.572    0.8089   -0.02416 0.009034 -0.01214 | -1.0506
iteration 10...
-3.2     3.572    0.8037   -0.02385 0.008876 -0.01192 | -1.0506
-3.2     3.562    0.7981   -0.02364 0.008868 -0.01197 | -1.0506
-3.2     3.562    0.7981   -0.02364 0.008868 -0.01197 | -1.0506
-3.2     3.562    0.7981   -0.02364 0.008868 -0.01197 | -1.0506
-3.2     3.562    0.7981   -0.02364 0.008868 -0.01197 | -1.0506
-3.2     3.562    0.7981   -0.02364 0.008868 -0.01216 | -1.0506
iteration 11...
-3.2     3.562    0.7981   -0.02364 0.008868 -0.01216 | -1.0506
-3.2     3.568    0.8017   -0.02377 0.008873 -0.01213 | -1.0506
-3.2     3.568    0.8017   -0.02377 0.008873 -0.01213 | -1.0506
-3.204   3.571    0.8045   -0.02382 0.008861 -0.01215 | -1.0506
-3.204   3.571    0.8045   -0.02382 0.008751 -0.01215 | -1.0506
-3.204   3.571    0.8045   -0.02382 0.008751 -0.01235 | -1.0506
iteration 1...
-3.319   3.571    0.8045   -0.02382 0.008751 -0.01235 | -1.0505
-3.319   3.674    0.8045   -0.02382 0.008751 -0.01235 | -1.0505
-3.319   3.674    0.6307   -0.02382 0.008751 -0.01235 | -1.0505
-3.319   3.674    0.6307   -0.0265  0.008751 -0.01235 | -1.0505
-3.319   3.674    0.6307   -0.0265  0.005145 -0.01235 | -1.0505
-3.319   3.674    0.6307   -0.0265  0.005145 -0.01561 | -1.0505
iteration 2...
-3.246   3.674    0.6307   -0.0265  0.005145 -0.01561 | -1.0505
-3.246   3.674    0.6307   -0.0265  0.005145 -0.01561 | -1.0505
-3.246   3.674    0.6516   -0.0265  0.005145 -0.01561 | -1.0505
-3.246   3.674    0.6516   -0.02733 0.005145 -0.01561 | -1.0505
-3.246   3.674    0.6516   -0.02733 0.003362 -0.01561 | -1.0505
-3.246   3.674    0.6516   -0.02733 0.003362 -0.01561 | -1.0505
-3.174   3.674    0.672    -0.02813 0.001623 -0.01561 | -1.0505
iteration 3...
-3.064   3.674    0.672    -0.02813 0.001623 -0.01561 | -1.0505
-3.064   3.779    0.672    -0.02813 0.001623 -0.01561 | -1.0505
-3.064   3.779    0.5881   -0.02813 0.001623 -0.01561 | -1.0505
-3.064   3.779    0.5881   -0.02822 0.001623 -0.01561 | -1.0505
-3.005   3.779    0.605    -0.02889 0.0001822 -0.01561 | -1.0505
-3.005   3.779    0.605    -0.02889 0.0001822 -0.01228 | -1.0505
-2.904   3.842    0.565    -0.02934 -0.0006772 -0.0103  | -1.0505
iteration 4...
-2.886   3.842    0.565    -0.02934 -0.0006772 -0.0103  | -1.0505
-2.886   3.842    0.565    -0.02934 -0.0006772 -0.0103  | -1.0505
-2.886   3.842    0.624    -0.02934 -0.0006772 -0.0103  | -1.0505
-2.886   3.842    0.624    -0.02934 -0.0006772 -0.0103  | -1.0505
-2.886   3.842    0.6241   -0.02935 -0.000689 -0.0103  | -1.0505
-2.873   3.85     0.619    -0.0294  -0.000798 -0.01005 | -1.0505
iteration 5...
-2.873   3.85     0.619    -0.0294  -0.000798 -0.01005 | -1.0505
-2.873   3.85     0.619    -0.0294  -0.000798 -0.01005 | -1.0505
-2.873   3.85     0.619    -0.0294  -0.000798 -0.01005 | -1.0505
-2.873   3.85     0.619    -0.0294  -0.000798 -0.01005 | -1.0505
-2.873   3.85     0.619    -0.0294  -0.000798 -0.01005 | -1.0505
-2.873   3.85     0.619    -0.0294  -0.000798 -0.01005 | -1.0505
Done    'Coregister: Estimate'
Done

CoReg Done in 37.885163 seconds

All done with coregistration.
>> >> 
No sandbox specified



Start   : Mon Jun  4 21:14:45 EDT 2018
Finish  : Mon Jun  4 21:16:05 EDT 2018


