
                            < M A T L A B (R) >
                  Copyright 1984-2017 The MathWorks, Inc.
                   R2017a (9.2.0.556344) 64-bit (glnxa64)
                               March 27, 2017

 
To get started, type one of these: helpwin, helpdesk, or demo.
For product information, visit www.mathworks.com.
 
>> >> >> >> Coregistation Script Created on 180604_18_39_47_238
>> >> >> >> >> >> [Warning: Name is nonexistent or not a directory:
/Users/rcwelsh/matlabScripts/WELLES/mfiles] 
[> In path (line 109)
  In addpath (line 86)] 
>> >> >> >> >> 
UMBatchJobName =

    'coregOverlay_180604_18_39_47_238_tehsheng_madcbrai'

>> 
UMBatchProcessName =

    'coregOverlay'

>> >> Initializing the job manager in SPM8

UMReSlice =

     0



Calling UMBatchCoReg with:
/nfs/fmri/Analysis/Sean_Working/Git_MADC/preprocess/../../../Subjects_oldResting/madc1419_scan1/func//run_01/utprun_01.nii
/nfs/fmri/Analysis/Subjects_oldResting/madc1419_scan1/func/coReg/t1mprage.nii
UMReSlice:0
Entering UMBatchCoReg V2.0 for SPM8
Coreging /nfs/fmri/Analysis/Subjects_oldResting/madc1419_scan1/func/coReg/t1mprage.nii to
         /nfs/fmri/Analysis/Sean_Working/Git_MADC/preprocess/../../../Subjects_oldResting/madc1419_scan1/func//run_01/utprun_01.nii


------------------------------------------------------------------------
Running job #1
------------------------------------------------------------------------
Running 'Coregister: Estimate'
iteration 1...
-1.561   0        0        0        0        0        | -1.0509
-1.561   1.676    0        0        0        0        | -1.0513
-1.561   1.676    -0.736   0        0        0        | -1.0515
-1.561   1.676    -0.736   -0.01773 0        0        | -1.0515
-1.561   1.676    -0.736   -0.01773 0.002316 0        | -1.0516
-1.561   1.676    -0.736   -0.01773 0.002316 0        | -1.0516
iteration 2...
-2.021   1.676    -0.736   -0.01773 0.002316 0        | -1.0516
-2.021   2.039    -0.736   -0.01773 0.002316 0        | -1.0516
-2.021   2.039    -0.5445  -0.01773 0.002316 0        | -1.0516
-2.021   2.039    -0.5445  -0.02299 0.002316 0        | -1.0516
-2.021   2.039    -0.5445  -0.02299 0.008979 0        | -1.0516
-2.021   2.039    -0.5445  -0.02299 0.008979 -0.001214 | -1.0516
iteration 3...
-2.054   2.039    -0.5445  -0.02299 0.008979 -0.001214 | -1.0516
-2.054   2.081    -0.5445  -0.02299 0.008979 -0.001214 | -1.0516
-2.054   2.081    -0.4624  -0.02299 0.008979 -0.001214 | -1.0516
-2.054   2.081    -0.4624  -0.02299 0.008979 -0.001214 | -1.0516
-2.054   2.081    -0.4624  -0.02299 0.01014  -0.001214 | -1.0516
-2.054   2.081    -0.4624  -0.02299 0.01014  -0.001214 | -1.0516
iteration 4...
-2.122   2.081    -0.4624  -0.02299 0.01014  -0.001214 | -1.0516
-2.122   2.081    -0.4624  -0.02299 0.01014  -0.001214 | -1.0516
-2.122   2.081    -0.451   -0.02299 0.01014  -0.001214 | -1.0516
-2.122   2.081    -0.451   -0.02299 0.01014  -0.001214 | -1.0516
-2.122   2.081    -0.451   -0.02299 0.0106   -0.001214 | -1.0516
-2.122   2.081    -0.451   -0.02299 0.0106   -0.001214 | -1.0516
-2.158   2.081    -0.4449  -0.02299 0.01085  -0.001214 | -1.0516
iteration 5...
-2.174   2.081    -0.4422  -0.02299 0.01097  -0.001214 | -1.0516
-2.174   2.081    -0.4422  -0.02299 0.01097  -0.001214 | -1.0516
-2.174   2.081    -0.4518  -0.02299 0.01097  -0.001214 | -1.0516
-2.174   2.081    -0.4518  -0.02299 0.01097  -0.001214 | -1.0516
-2.174   2.081    -0.4518  -0.02299 0.01097  -0.001214 | -1.0516
-2.174   2.081    -0.4518  -0.02299 0.01097  -0.001214 | -1.0516
iteration 1...
-2.332   2.081    -0.4518  -0.02299 0.01097  -0.001214 | -1.0516
-2.332   2.104    -0.4518  -0.02299 0.01097  -0.001214 | -1.0516
-2.332   2.104    -1.32    -0.02299 0.01097  -0.001214 | -1.0517
-2.332   2.104    -1.32    -0.0193  0.01097  -0.001214 | -1.0517
-2.332   2.104    -1.32    -0.0193  0.005075 -0.001214 | -1.0517
-2.332   2.104    -1.32    -0.0193  0.005075 -0.002821 | -1.0517
iteration 2...
-2.235   2.104    -1.32    -0.0193  0.005075 -0.002821 | -1.0517
-2.235   2.298    -1.32    -0.0193  0.005075 -0.002821 | -1.0517
-2.235   2.298    -1.475   -0.0193  0.005075 -0.002821 | -1.0517
-2.235   2.298    -1.475   -0.02355 0.005075 -0.002821 | -1.0517
-2.235   2.298    -1.475   -0.02355 0.005075 -0.002821 | -1.0517
-2.235   2.298    -1.475   -0.02355 0.005075 -0.002821 | -1.0517
iteration 3...
-2.266   2.298    -1.475   -0.02355 0.005075 -0.002821 | -1.0517
-2.266   2.432    -1.475   -0.02355 0.005075 -0.002821 | -1.0517
-2.266   2.432    -1.552   -0.02355 0.005075 -0.002821 | -1.0517
-2.266   2.432    -1.552   -0.02355 0.005075 -0.002821 | -1.0517
-2.266   2.432    -1.552   -0.02355 0.005075 -0.002821 | -1.0517
-2.266   2.432    -1.552   -0.02355 0.005075 -0.002821 | -1.0517
iteration 4...
-2.266   2.432    -1.552   -0.02355 0.005075 -0.002821 | -1.0517
-2.266   2.439    -1.552   -0.02355 0.005075 -0.002821 | -1.0517
-2.266   2.439    -1.552   -0.02355 0.005075 -0.002821 | -1.0517
-2.266   2.439    -1.552   -0.02355 0.005075 -0.002821 | -1.0517
-2.266   2.439    -1.552   -0.02355 0.005075 -0.002821 | -1.0517
-2.266   2.439    -1.552   -0.02355 0.005075 -0.002821 | -1.0517
Done    'Coregister: Estimate'
Done

CoReg Done in 50.732023 seconds

All done with coregistration.
>> >> 
No sandbox specified



Start   : Mon Jun  4 18:39:49 EDT 2018
Finish  : Mon Jun  4 18:41:16 EDT 2018


