
                            < M A T L A B (R) >
                  Copyright 1984-2017 The MathWorks, Inc.
                   R2017a (9.2.0.556344) 64-bit (glnxa64)
                               March 27, 2017

 
To get started, type one of these: helpwin, helpdesk, or demo.
For product information, visit www.mathworks.com.
 
>> >> >> >> Coregistation Script Created on 180604_20_33_24_990
>> >> >> >> >> >> [Warning: Name is nonexistent or not a directory:
/Users/rcwelsh/matlabScripts/WELLES/mfiles] 
[> In path (line 109)
  In addpath (line 86)] 
>> >> >> >> >> 
UMBatchJobName =

    'coregOverlay_180604_20_33_24_990_tehsheng_madcbrai'

>> 
UMBatchProcessName =

    'coregOverlay'

>> >> Initializing the job manager in SPM8

UMReSlice =

     0



Calling UMBatchCoReg with:
/nfs/fmri/Analysis/Sean_Working/Git_MADC/preprocess/../../../Subjects_oldResting/madc1353_scan1/func//run_01/utprun_01.nii
/nfs/fmri/Analysis/Subjects_oldResting/madc1353_scan1/func/coReg/t1mprage.nii
UMReSlice:0
Entering UMBatchCoReg V2.0 for SPM8
Coreging /nfs/fmri/Analysis/Subjects_oldResting/madc1353_scan1/func/coReg/t1mprage.nii to
         /nfs/fmri/Analysis/Sean_Working/Git_MADC/preprocess/../../../Subjects_oldResting/madc1353_scan1/func//run_01/utprun_01.nii


------------------------------------------------------------------------
Running job #1
------------------------------------------------------------------------
Running 'Coregister: Estimate'
iteration 1...
-1.645   0        0        0        0        0        | -1.0538
-1.645   1.335    0        0        0        0        | -1.0541
-1.645   1.335    -1.469   0        0        0        | -1.0544
-1.645   1.335    -1.469   0.03123  0        0        | -1.0545
-1.645   1.335    -1.469   0.03123  0.002313 0        | -1.0545
-1.645   1.335    -1.469   0.03123  0.002313 -0.006667 | -1.0545
iteration 2...
-1.536   1.335    -1.469   0.03123  0.002313 -0.006667 | -1.0545
-1.536   1.484    -1.469   0.03123  0.002313 -0.006667 | -1.0545
-1.536   1.484    -1.571   0.03123  0.002313 -0.006667 | -1.0545
-1.536   1.484    -1.571   0.02406  0.002313 -0.006667 | -1.0545
-1.536   1.484    -1.571   0.02406  -0.0001849 -0.006667 | -1.0545
-1.536   1.484    -1.571   0.02406  -0.0001849 -0.006667 | -1.0545
iteration 3...
-1.604   1.484    -1.571   0.02406  -0.0001849 -0.006667 | -1.0545
-1.604   1.653    -1.571   0.02406  -0.0001849 -0.006667 | -1.0545
-1.604   1.653    -1.498   0.02406  -0.0001849 -0.006667 | -1.0545
-1.604   1.653    -1.498   0.0216   -0.0001849 -0.006667 | -1.0545
-1.604   1.653    -1.498   0.0216   -0.0002157 -0.006667 | -1.0545
-1.604   1.653    -1.498   0.0216   -0.0002157 -0.006667 | -1.0545
-1.636   1.734    -1.463   0.02043  -0.0002303 -0.006667 | -1.0545
iteration 4...
-1.636   1.734    -1.463   0.02043  -0.0002303 -0.006667 | -1.0545
-1.636   1.734    -1.463   0.02043  -0.0002303 -0.006667 | -1.0545
-1.636   1.734    -1.201   0.02043  -0.0002303 -0.006667 | -1.0545
-1.636   1.734    -1.201   0.01842  -0.0002303 -0.006667 | -1.0545
-1.636   1.734    -1.201   0.01842  0.0006676 -0.006667 | -1.0545
-1.636   1.734    -1.201   0.01842  0.0006676 -0.006667 | -1.0545
iteration 5...
-1.644   1.734    -1.201   0.01842  0.0006676 -0.006667 | -1.0545
-1.635   1.711    -1.211   0.01875  0.0006717 -0.006667 | -1.0545
-1.635   1.711    -1.171   0.01875  0.0006717 -0.006667 | -1.0545
-1.635   1.711    -1.171   0.01875  0.0006717 -0.006667 | -1.0545
-1.635   1.711    -1.171   0.01875  0.0005466 -0.006667 | -1.0545
-1.635   1.711    -1.171   0.01875  0.0005466 -0.006667 | -1.0545
-1.634   1.688    -1.141   0.01907  0.0004257 -0.006667 | -1.0545
iteration 6...
-1.649   1.688    -1.141   0.01907  0.0004257 -0.006667 | -1.0545
-1.642   1.671    -1.148   0.01932  0.0004288 -0.006667 | -1.0545
-1.642   1.671    -1.148   0.01932  0.0004288 -0.006667 | -1.0545
-1.642   1.671    -1.148   0.01837  0.0004288 -0.006667 | -1.0545
-1.642   1.671    -1.148   0.01837  0.0004288 -0.006667 | -1.0545
-1.642   1.671    -1.148   0.01837  0.0004288 -0.006667 | -1.0545
-1.652   1.653    -1.156   0.01762  0.0004321 -0.006667 | -1.0545
iteration 7...
-1.648   1.653    -1.156   0.01762  0.0004321 -0.006667 | -1.0546
-1.643   1.641    -1.161   0.01779  0.0004343 -0.006667 | -1.0546
-1.643   1.641    -1.161   0.01779  0.0004343 -0.006667 | -1.0546
-1.643   1.641    -1.161   0.01779  0.0004343 -0.006667 | -1.0546
-1.643   1.641    -1.161   0.01779  0.0004343 -0.006667 | -1.0546
-1.643   1.641    -1.161   0.01779  0.0004343 -0.006667 | -1.0546
iteration 1...
-1.622   1.641    -1.161   0.01779  0.0004343 -0.006667 | -1.0547
-1.622   1.621    -1.161   0.01779  0.0004343 -0.006667 | -1.0547
-1.622   1.621    -1.849   0.01779  0.0004343 -0.006667 | -1.0548
-1.622   1.621    -1.849   0.02406  0.0004343 -0.006667 | -1.0548
-1.622   1.621    -1.849   0.02406  -0.000834 -0.006667 | -1.0548
-1.622   1.621    -1.849   0.02406  -0.000834 -0.008248 | -1.0548
iteration 2...
-1.59    1.621    -1.849   0.02406  -0.000834 -0.008248 | -1.0548
-1.59    1.692    -1.849   0.02406  -0.000834 -0.008248 | -1.0548
-1.59    1.692    -1.838   0.02406  -0.000834 -0.008248 | -1.0548
-1.59    1.692    -1.838   0.02406  -0.000834 -0.008248 | -1.0548
-1.59    1.692    -1.838   0.02406  -0.000834 -0.008248 | -1.0548
-1.59    1.692    -1.838   0.02406  -0.000834 -0.008248 | -1.0548
iteration 3...
-1.59    1.692    -1.838   0.02406  -0.000834 -0.008248 | -1.0548
-1.59    1.69     -1.838   0.02406  -0.000834 -0.008248 | -1.0548
-1.59    1.69     -1.839   0.02406  -0.000834 -0.008248 | -1.0548
-1.59    1.69     -1.839   0.02406  -0.000834 -0.008248 | -1.0548
-1.59    1.69     -1.839   0.02406  -0.000834 -0.008248 | -1.0548
-1.59    1.69     -1.839   0.02406  -0.000834 -0.008248 | -1.0548
Done    'Coregister: Estimate'
Done

CoReg Done in 26.385693 seconds

All done with coregistration.
>> >> 
No sandbox specified



Start   : Mon Jun  4 20:33:26 EDT 2018
Finish  : Mon Jun  4 20:34:32 EDT 2018


