
                            < M A T L A B (R) >
                  Copyright 1984-2017 The MathWorks, Inc.
                   R2017a (9.2.0.556344) 64-bit (glnxa64)
                               March 27, 2017

 
To get started, type one of these: helpwin, helpdesk, or demo.
For product information, visit www.mathworks.com.
 
>> >> >> >> Coregistation Script Created on 180604_17_13_01_478
>> >> >> >> >> >> [Warning: Name is nonexistent or not a directory:
/Users/rcwelsh/matlabScripts/WELLES/mfiles] 
[> In path (line 109)
  In addpath (line 86)] 
>> >> >> >> >> 
UMBatchJobName =

    'coregOverlay_180604_17_13_01_478_tehsheng_madcbrai'

>> 
UMBatchProcessName =

    'coregOverlay'

>> >> Initializing the job manager in SPM8

UMReSlice =

     0



Calling UMBatchCoReg with:
/nfs/fmri/Analysis/Sean_Working/Git_MADC/preprocess/../../../Subjects_oldResting/madc1378_scan2/func//run_01/utprun_01.nii
/nfs/fmri/Analysis/Subjects_oldResting/madc1378_scan2/func/coReg/t1mprage.nii
UMReSlice:0
Entering UMBatchCoReg V2.0 for SPM8
Coreging /nfs/fmri/Analysis/Subjects_oldResting/madc1378_scan2/func/coReg/t1mprage.nii to
         /nfs/fmri/Analysis/Sean_Working/Git_MADC/preprocess/../../../Subjects_oldResting/madc1378_scan2/func//run_01/utprun_01.nii


------------------------------------------------------------------------
Running job #1
------------------------------------------------------------------------
Running 'Coregister: Estimate'
iteration 1...
-1.652   0        0        0        0        0        | -1.0403
-1.652   1.047    0        0        0        0        | -1.0405
-1.652   1.047    -1.226   0        0        0        | -1.0406
-1.652   1.047    -1.226   -0.004909 0        0        | -1.0406
-1.652   1.047    -1.226   -0.004909 0        0        | -1.0406
-1.652   1.047    -1.226   -0.004909 0        0        | -1.0406
iteration 2...
-1.582   1.047    -1.226   -0.004909 0        0        | -1.0406
-1.582   1.408    -1.226   -0.004909 0        0        | -1.0406
-1.582   1.408    -1.043   -0.004909 0        0        | -1.0406
-1.582   1.408    -1.043   -0.001177 0        0        | -1.0406
-1.582   1.408    -1.043   -0.001177 0        0        | -1.0406
-1.582   1.408    -1.043   -0.001177 0        0        | -1.0406
iteration 3...
-1.65    1.408    -1.043   -0.001177 0        0        | -1.0406
-1.65    1.366    -1.043   -0.001177 0        0        | -1.0406
-1.65    1.366    -1.206   -0.001177 0        0        | -1.0406
-1.65    1.366    -1.206   0.0002391 0        0        | -1.0406
-1.65    1.366    -1.206   0.0002391 0        0        | -1.0406
-1.65    1.366    -1.206   0.0002391 0        0        | -1.0406
iteration 4...
-1.65    1.366    -1.206   0.0002391 0        0        | -1.0406
-1.65    1.334    -1.206   0.0002391 0        0        | -1.0406
-1.65    1.334    -1.228   0.0002391 0        0        | -1.0406
-1.65    1.334    -1.228   0.0002391 0        0        | -1.0406
-1.65    1.334    -1.228   0.0002391 0        0        | -1.0406
-1.65    1.334    -1.228   0.0002391 0        0        | -1.0406
iteration 5...
-1.635   1.334    -1.228   0.0002391 0        0        | -1.0406
-1.635   1.328    -1.228   0.0002391 0        0        | -1.0406
-1.635   1.328    -1.228   0.0002391 0        0        | -1.0406
-1.635   1.328    -1.228   0.0002391 0        0        | -1.0406
-1.635   1.328    -1.228   0.0002391 0        0        | -1.0406
-1.635   1.328    -1.228   0.0002391 0        0        | -1.0406
iteration 1...
-1.325   1.328    -1.228   0.0002391 0        0        | -1.0405
-1.325   1.968    -1.228   0.0002391 0        0        | -1.0406
-1.325   1.968    -1.847   0.0002391 0        0        | -1.0406
-1.325   1.968    -1.847   -0.02406 0        0        | -1.0407
-1.325   1.968    -1.847   -0.02406 0.0003812 0        | -1.0407
-1.325   1.968    -1.847   -0.02406 0.0003812 0        | -1.0407
iteration 2...
-1.321   1.968    -1.847   -0.02406 0.0003812 0        | -1.0407
-1.321   1.357    -1.847   -0.02406 0.0003812 0        | -1.0407
-1.321   1.357    -2.006   -0.02406 0.0003812 0        | -1.0407
-1.321   1.357    -2.006   -0.0261  0.0003812 0        | -1.0407
-1.321   1.357    -2.006   -0.0261  0.0003812 0        | -1.0407
-1.321   1.357    -2.006   -0.0261  0.0003812 0        | -1.0407
iteration 3...
-1.321   1.357    -2.006   -0.0261  0.0003812 0        | -1.0407
-1.321   1.296    -2.006   -0.0261  0.0003812 0        | -1.0407
-1.321   1.296    -2.006   -0.0261  0.0003812 0        | -1.0407
-1.321   1.296    -2.006   -0.02656 0.0003812 0        | -1.0407
-1.321   1.296    -2.006   -0.02656 0.0003812 0        | -1.0407
-1.321   1.296    -2.006   -0.02656 0.0003812 0        | -1.0407
iteration 4...
-1.321   1.296    -2.006   -0.02656 0.0003812 0        | -1.0407
-1.321   1.295    -2.006   -0.02656 0.0003812 0        | -1.0407
-1.321   1.295    -2.026   -0.02656 0.0003812 0        | -1.0407
-1.321   1.295    -2.026   -0.02656 0.0003812 0        | -1.0407
-1.321   1.295    -2.026   -0.02656 0.0003812 0        | -1.0407
-1.321   1.295    -2.026   -0.02656 0.0003812 0        | -1.0407
Done    'Coregister: Estimate'
Done

CoReg Done in 29.854747 seconds

All done with coregistration.
>> >> 
No sandbox specified



Start   : Mon Jun  4 17:13:03 EDT 2018
Finish  : Mon Jun  4 17:14:16 EDT 2018


