
                            < M A T L A B (R) >
                  Copyright 1984-2017 The MathWorks, Inc.
                   R2017a (9.2.0.556344) 64-bit (glnxa64)
                               March 27, 2017

 
To get started, type one of these: helpwin, helpdesk, or demo.
For product information, visit www.mathworks.com.
 
>> >> >> >> Coregistation Script Created on 180604_19_24_15_467
>> >> >> >> >> >> [Warning: Name is nonexistent or not a directory:
/Users/rcwelsh/matlabScripts/WELLES/mfiles] 
[> In path (line 109)
  In addpath (line 86)] 
>> >> >> >> >> 
UMBatchJobName =

    'coregOverlay_180604_19_24_15_467_tehsheng_madcbrai'

>> 
UMBatchProcessName =

    'coregOverlay'

>> >> Initializing the job manager in SPM8

UMReSlice =

     0



Calling UMBatchCoReg with:
/nfs/fmri/Analysis/Sean_Working/Git_MADC/preprocess/../../../Subjects_oldResting/madc1388_scan1/func//run_01/utprun_01.nii
/nfs/fmri/Analysis/Subjects_oldResting/madc1388_scan1/func/coReg/t1mprage.nii
UMReSlice:0
Entering UMBatchCoReg V2.0 for SPM8
Coreging /nfs/fmri/Analysis/Subjects_oldResting/madc1388_scan1/func/coReg/t1mprage.nii to
         /nfs/fmri/Analysis/Sean_Working/Git_MADC/preprocess/../../../Subjects_oldResting/madc1388_scan1/func//run_01/utprun_01.nii


------------------------------------------------------------------------
Running job #1
------------------------------------------------------------------------
Running 'Coregister: Estimate'
iteration 1...
-2.203   0        0        0        0        0        | -1.0496
-2.203   0.8396   0        0        0        0        | -1.0497
-2.203   0.8396   -2.03    0        0        0        | -1.0499
-2.203   0.8396   -2.03    0.03168  0        0        | -1.0501
-2.203   0.8396   -2.03    0.03168  0        0        | -1.0501
-2.203   0.8396   -2.03    0.03168  0        -0.001847 | -1.0501
iteration 2...
-2.177   0.8396   -2.03    0.03168  0        -0.001847 | -1.0501
-2.177   1.114    -2.03    0.03168  0        -0.001847 | -1.0501
-2.177   1.114    -1.591   0.03168  0        -0.001847 | -1.0501
-2.177   1.114    -1.591   0.03168  0        -0.001847 | -1.0501
-2.177   1.114    -1.591   0.03168  0        -0.001847 | -1.0501
-2.177   1.114    -1.591   0.03168  0        -0.001754 | -1.0501
iteration 3...
-1.922   1.114    -1.591   0.03168  0        -0.001754 | -1.0502
-1.922   1.117    -1.591   0.03168  0        -0.001754 | -1.0502
-1.922   1.117    -1.532   0.03168  0        -0.001754 | -1.0502
-1.922   1.117    -1.532   0.03601  0        -0.001754 | -1.0502
-1.922   1.117    -1.532   0.03601  0.001099 -0.001754 | -1.0502
-1.922   1.117    -1.532   0.03601  0.001099 -0.005292 | -1.0502
iteration 4...
-1.829   1.117    -1.532   0.03601  0.001099 -0.005292 | -1.0502
-1.829   1.068    -1.532   0.03601  0.001099 -0.005292 | -1.0502
-1.829   1.068    -1.402   0.03601  0.001099 -0.005292 | -1.0502
-1.829   1.068    -1.402   0.03601  0.001099 -0.005292 | -1.0502
-1.829   1.068    -1.402   0.03601  0.00177  -0.005292 | -1.0502
-1.829   1.068    -1.402   0.03601  0.00177  -0.00537 | -1.0502
iteration 5...
-1.833   1.068    -1.402   0.03601  0.00177  -0.00537 | -1.0502
-1.833   1.051    -1.402   0.03601  0.00177  -0.00537 | -1.0502
-1.833   1.051    -1.402   0.03601  0.00177  -0.00537 | -1.0502
-1.833   1.051    -1.402   0.0373   0.00177  -0.00537 | -1.0502
-1.833   1.051    -1.402   0.0373   0.00177  -0.00537 | -1.0502
-1.833   1.051    -1.402   0.0373   0.00177  -0.00537 | -1.0502
iteration 6...
-1.833   1.051    -1.402   0.0373   0.00177  -0.00537 | -1.0502
-1.833   1.031    -1.402   0.0373   0.00177  -0.00537 | -1.0502
-1.833   1.031    -1.395   0.0373   0.00177  -0.00537 | -1.0502
-1.833   1.031    -1.395   0.03751  0.00177  -0.00537 | -1.0502
-1.833   1.031    -1.395   0.03751  0.00177  -0.00537 | -1.0502
-1.833   1.031    -1.395   0.03751  0.00177  -0.00537 | -1.0502
iteration 7...
-1.833   1.031    -1.395   0.03751  0.00177  -0.00537 | -1.0502
-1.833   1.036    -1.395   0.03751  0.00177  -0.00537 | -1.0502
-1.833   1.036    -1.39    0.03751  0.00177  -0.00537 | -1.0502
-1.833   1.036    -1.39    0.03751  0.00177  -0.00537 | -1.0502
-1.833   1.036    -1.39    0.03751  0.00177  -0.00537 | -1.0502
-1.833   1.036    -1.39    0.03751  0.00177  -0.00537 | -1.0502
iteration 1...
-2.147   1.036    -1.39    0.03751  0.00177  -0.00537 | -1.0502
-2.147   0.9152   -1.39    0.03751  0.00177  -0.00537 | -1.0502
-2.147   0.9152   -1.59    0.03751  0.00177  -0.00537 | -1.0502
-2.147   0.9152   -1.59    0.03962  0.00177  -0.00537 | -1.0502
-2.147   0.9152   -1.59    0.03962  -0.0003004 -0.00537 | -1.0502
-2.147   0.9152   -1.59    0.03962  -0.0003004 -0.004388 | -1.0502
iteration 2...
-2.086   0.9152   -1.59    0.03962  -0.0003004 -0.004388 | -1.0502
-2.086   0.9152   -1.59    0.03962  -0.0003004 -0.004388 | -1.0502
-2.086   0.9152   -1.5     0.03962  -0.0003004 -0.004388 | -1.0502
-2.086   0.9152   -1.5     0.03962  -0.0003004 -0.004388 | -1.0502
-2.086   0.9152   -1.5     0.03962  -0.002587 -0.004388 | -1.0502
-2.086   0.9152   -1.5     0.03962  -0.002587 -0.004388 | -1.0502
iteration 3...
-2.086   0.9152   -1.5     0.03962  -0.002587 -0.004388 | -1.0502
-2.086   0.9039   -1.5     0.03962  -0.002587 -0.004388 | -1.0502
-2.086   0.9039   -1.49    0.03962  -0.002587 -0.004388 | -1.0502
-2.086   0.9039   -1.49    0.03962  -0.002587 -0.004388 | -1.0502
-2.086   0.9039   -1.49    0.03962  -0.002587 -0.004388 | -1.0502
-2.086   0.9039   -1.49    0.03962  -0.002587 -0.004388 | -1.0502
Done    'Coregister: Estimate'
Done

CoReg Done in 26.083537 seconds

All done with coregistration.
>> >> 
No sandbox specified



Start   : Mon Jun  4 19:24:17 EDT 2018
Finish  : Mon Jun  4 19:25:24 EDT 2018


