
                            < M A T L A B (R) >
                  Copyright 1984-2017 The MathWorks, Inc.
                   R2017a (9.2.0.556344) 64-bit (glnxa64)
                               March 27, 2017

 
To get started, type one of these: helpwin, helpdesk, or demo.
For product information, visit www.mathworks.com.
 
>> >> >> >> Coregistation Script Created on 180604_20_59_44_185
>> >> >> >> >> >> [Warning: Name is nonexistent or not a directory:
/Users/rcwelsh/matlabScripts/WELLES/mfiles] 
[> In path (line 109)
  In addpath (line 86)] 
>> >> >> >> >> 
UMBatchJobName =

    'coregOverlay_180604_20_59_44_185_tehsheng_madcbrai'

>> 
UMBatchProcessName =

    'coregOverlay'

>> >> Initializing the job manager in SPM8

UMReSlice =

     0



Calling UMBatchCoReg with:
/nfs/fmri/Analysis/Sean_Working/Git_MADC/preprocess/../../../Subjects_oldResting/madc1473_scan1/func//run_01/utprun_01.nii
/nfs/fmri/Analysis/Subjects_oldResting/madc1473_scan1/func/coReg/t1mprage.nii
UMReSlice:0
Entering UMBatchCoReg V2.0 for SPM8
Coreging /nfs/fmri/Analysis/Subjects_oldResting/madc1473_scan1/func/coReg/t1mprage.nii to
         /nfs/fmri/Analysis/Sean_Working/Git_MADC/preprocess/../../../Subjects_oldResting/madc1473_scan1/func//run_01/utprun_01.nii


------------------------------------------------------------------------
Running job #1
------------------------------------------------------------------------
Running 'Coregister: Estimate'
iteration 1...
-1.373   0        0        0        0        0        | -1.0484
-1.373   3.443    0        0        0        0        | -1.0493
-1.373   3.443    -4.107   0        0        0        | -1.0506
-1.373   3.443    -4.107   -0.03151 0        0        | -1.0507
-1.373   3.443    -4.107   -0.03151 -0.006932 0        | -1.0507
-1.373   3.443    -4.107   -0.03151 -0.006932 0.001297 | -1.0507
iteration 2...
-1.373   3.443    -4.107   -0.03151 -0.006932 0.001297 | -1.0507
-1.373   3.984    -4.107   -0.03151 -0.006932 0.001297 | -1.0507
-1.373   3.984    -4.521   -0.03151 -0.006932 0.001297 | -1.0507
-1.373   3.984    -4.521   -0.0331  -0.006932 0.001297 | -1.0507
-1.373   3.984    -4.521   -0.0331  -0.007126 0.001297 | -1.0507
-1.373   3.984    -4.521   -0.0331  -0.007126 0.001297 | -1.0507
iteration 3...
-1.219   3.984    -4.521   -0.0331  -0.007126 0.001297 | -1.0507
-1.219   3.961    -4.521   -0.0331  -0.007126 0.001297 | -1.0507
-1.219   3.961    -4.521   -0.0331  -0.007126 0.001297 | -1.0507
-1.219   3.961    -4.521   -0.0331  -0.007126 0.001297 | -1.0507
-1.219   3.961    -4.521   -0.0331  -0.003608 0.001297 | -1.0507
-1.219   3.961    -4.521   -0.0331  -0.003608 0.005068 | -1.0507
iteration 4...
-1.147   3.961    -4.521   -0.0331  -0.003608 0.005068 | -1.0508
-1.147   4        -4.521   -0.0331  -0.003608 0.005068 | -1.0508
-1.147   4        -4.521   -0.0331  -0.003608 0.005068 | -1.0508
-1.147   4        -4.521   -0.0331  -0.003608 0.005068 | -1.0508
-1.147   4        -4.521   -0.0331  -0.003608 0.005068 | -1.0508
-1.147   4        -4.521   -0.0331  -0.003608 0.008504 | -1.0508
iteration 5...
-1.147   4        -4.521   -0.0331  -0.003608 0.008504 | -1.0508
-1.147   4.004    -4.521   -0.0331  -0.003608 0.008504 | -1.0508
-1.147   4.004    -4.491   -0.0331  -0.003608 0.008504 | -1.0508
-1.147   4.004    -4.491   -0.0343  -0.003608 0.008504 | -1.0508
-1.147   4.004    -4.491   -0.0343  -0.005666 0.008504 | -1.0508
-1.147   4.004    -4.491   -0.0343  -0.005666 0.008504 | -1.0508
iteration 6...
-1.095   4.004    -4.491   -0.0343  -0.005666 0.008504 | -1.0508
-1.095   4.083    -4.491   -0.0343  -0.005666 0.008504 | -1.0508
-1.095   4.083    -4.47    -0.0343  -0.005666 0.008504 | -1.0508
-1.095   4.083    -4.47    -0.0343  -0.005666 0.008504 | -1.0508
-1.095   4.083    -4.47    -0.0343  -0.005666 0.008504 | -1.0508
-1.095   4.083    -4.47    -0.0343  -0.005666 0.008504 | -1.0508
iteration 7...
-1.095   4.083    -4.47    -0.0343  -0.005666 0.008504 | -1.0508
-1.095   4.083    -4.47    -0.0343  -0.005666 0.008504 | -1.0508
-1.095   4.083    -4.47    -0.0343  -0.005666 0.008504 | -1.0508
-1.095   4.083    -4.47    -0.0343  -0.005666 0.008504 | -1.0508
-1.095   4.083    -4.47    -0.0343  -0.005666 0.008504 | -1.0508
-1.095   4.083    -4.47    -0.0343  -0.005666 0.008504 | -1.0508
iteration 1...
-1.226   4.083    -4.47    -0.0343  -0.005666 0.008504 | -1.0508
-1.226   3.893    -4.47    -0.0343  -0.005666 0.008504 | -1.0508
-1.226   3.893    -4.009   -0.0343  -0.005666 0.008504 | -1.0508
-1.226   3.893    -4.009   -0.02314 -0.005666 0.008504 | -1.0508
-1.226   3.893    -4.009   -0.02314 -0.007201 0.008504 | -1.0508
-1.226   3.893    -4.009   -0.02314 -0.007201 -0.005293 | -1.0509
iteration 2...
-1.205   3.893    -4.009   -0.02314 -0.007201 -0.005293 | -1.0509
-1.205   3.706    -4.009   -0.02314 -0.007201 -0.005293 | -1.0509
-1.205   3.706    -3.819   -0.02314 -0.007201 -0.005293 | -1.0509
-1.205   3.706    -3.819   -0.02314 -0.007201 -0.005293 | -1.0509
-1.205   3.706    -3.819   -0.02314 -0.002612 -0.005293 | -1.0509
-1.205   3.706    -3.819   -0.02314 -0.002612 -0.005125 | -1.0509
iteration 3...
-1.205   3.706    -3.819   -0.02314 -0.002612 -0.005125 | -1.0509
-1.205   3.7      -3.819   -0.02314 -0.002612 -0.005125 | -1.0509
-1.205   3.7      -3.879   -0.02314 -0.002612 -0.005125 | -1.0509
-1.205   3.7      -3.879   -0.02314 -0.002612 -0.005125 | -1.0509
-1.205   3.7      -3.879   -0.02314 -0.002612 -0.005125 | -1.0509
-1.205   3.7      -3.879   -0.02314 -0.002612 -0.005125 | -1.0509
iteration 4...
-1.205   3.7      -3.879   -0.02314 -0.002612 -0.005125 | -1.0509
-1.205   3.7      -3.879   -0.02314 -0.002612 -0.005125 | -1.0509
-1.205   3.7      -3.879   -0.02314 -0.002612 -0.005125 | -1.0509
-1.205   3.7      -3.879   -0.02314 -0.002612 -0.005125 | -1.0509
-1.205   3.7      -3.879   -0.02314 -0.002612 -0.005125 | -1.0509
-1.205   3.7      -3.879   -0.02314 -0.002612 -0.005125 | -1.0509
Done    'Coregister: Estimate'
Done

CoReg Done in 33.657570 seconds

All done with coregistration.
>> >> 
No sandbox specified



Start   : Mon Jun  4 20:59:46 EDT 2018
Finish  : Mon Jun  4 21:01:01 EDT 2018


