
                            < M A T L A B (R) >
                  Copyright 1984-2017 The MathWorks, Inc.
                   R2017a (9.2.0.556344) 64-bit (glnxa64)
                               March 27, 2017

 
To get started, type one of these: helpwin, helpdesk, or demo.
For product information, visit www.mathworks.com.
 
>> >> >> >> Coregistation Script Created on 180604_20_59_05_560
>> >> >> >> >> >> [Warning: Name is nonexistent or not a directory:
/Users/rcwelsh/matlabScripts/WELLES/mfiles] 
[> In path (line 109)
  In addpath (line 86)] 
>> >> >> >> >> 
UMBatchJobName =

    'coregOverlay_180604_20_59_05_560_tehsheng_madcbrai'

>> 
UMBatchProcessName =

    'coregOverlay'

>> >> Initializing the job manager in SPM8

UMReSlice =

     0



Calling UMBatchCoReg with:
/nfs/fmri/Analysis/Sean_Working/Git_MADC/preprocess/../../../Subjects_oldResting/madc1356_scan1/func//run_01/utprun_01.nii
/nfs/fmri/Analysis/Subjects_oldResting/madc1356_scan1/func/coReg/t1mprage.nii
UMReSlice:0
Entering UMBatchCoReg V2.0 for SPM8
Coreging /nfs/fmri/Analysis/Subjects_oldResting/madc1356_scan1/func/coReg/t1mprage.nii to
         /nfs/fmri/Analysis/Sean_Working/Git_MADC/preprocess/../../../Subjects_oldResting/madc1356_scan1/func//run_01/utprun_01.nii


------------------------------------------------------------------------
Running job #1
------------------------------------------------------------------------
Running 'Coregister: Estimate'
iteration 1...
-2.026   0        0        0        0        0        | -1.0382
-2.026   6.331    0        0        0        0        | -1.0397
-2.026   6.331    28.26    0        0        0        | -1.048
-2.026   6.331    28.26    0.0814   0        0        | -1.0483
-2.026   6.331    28.26    0.0814   -0.03927 0        | -1.0484
-2.026   6.331    28.26    0.0814   -0.03927 -0.01369 | -1.0485
iteration 2...
-1.724   6.331    28.26    0.0814   -0.03927 -0.01369 | -1.0485
-1.724   0.5941   28.26    0.0814   -0.03927 -0.01369 | -1.0509
-1.724   0.5941   28.41    0.0814   -0.03927 -0.01369 | -1.0509
-1.724   0.5941   28.41    0.004803 -0.03927 -0.01369 | -1.0514
-1.724   0.5941   28.41    0.004803 -0.007501 -0.01369 | -1.0515
-1.724   0.5941   28.41    0.004803 -0.007501 -0.02641 | -1.0516
iteration 3...
-1.968   0.5941   28.41    0.004803 -0.007501 -0.02641 | -1.0516
-1.968   -1.297   28.41    0.004803 -0.007501 -0.02641 | -1.0521
-1.968   -1.297   28.78    0.004803 -0.007501 -0.02641 | -1.0522
-1.968   -1.297   28.78    -0.01527 -0.007501 -0.02641 | -1.0523
-1.968   -1.297   28.78    -0.01527 -0.002779 -0.02641 | -1.0523
-1.968   -1.297   28.78    -0.01527 -0.002779 -0.03059 | -1.0523
iteration 4...
-1.644   -1.297   28.78    -0.01527 -0.002779 -0.03059 | -1.0523
-1.644   -1.595   28.78    -0.01527 -0.002779 -0.03059 | -1.0524
-1.644   -1.595   28.94    -0.01527 -0.002779 -0.03059 | -1.0524
-1.644   -1.595   28.94    -0.0173  -0.002779 -0.03059 | -1.0524
-1.644   -1.595   28.94    -0.0173  -0.002779 -0.03059 | -1.0524
-1.644   -1.595   28.94    -0.0173  -0.002779 -0.02918 | -1.0524
iteration 5...
-1.644   -1.595   28.94    -0.0173  -0.002779 -0.02918 | -1.0524
-1.644   -1.629   28.94    -0.0173  -0.002779 -0.02918 | -1.0524
-1.644   -1.629   28.97    -0.0173  -0.002779 -0.02918 | -1.0524
-1.644   -1.629   28.97    -0.01653 -0.002779 -0.02918 | -1.0524
-1.644   -1.629   28.97    -0.01653 -0.00201 -0.02918 | -1.0524
-1.644   -1.629   28.97    -0.01653 -0.00201 -0.02876 | -1.0524
iteration 6...
-1.579   -1.629   28.97    -0.01653 -0.00201 -0.02876 | -1.0524
-1.579   -1.629   28.97    -0.01653 -0.00201 -0.02876 | -1.0524
-1.579   -1.629   28.95    -0.01653 -0.00201 -0.02876 | -1.0524
-1.579   -1.629   28.95    -0.01575 -0.00201 -0.02876 | -1.0524
-1.579   -1.629   28.95    -0.01575 -0.00201 -0.02876 | -1.0524
-1.579   -1.629   28.95    -0.01575 -0.00201 -0.02876 | -1.0524
iteration 7...
-1.579   -1.629   28.95    -0.01575 -0.00201 -0.02876 | -1.0524
-1.579   -1.601   28.95    -0.01575 -0.00201 -0.02876 | -1.0524
-1.579   -1.601   28.94    -0.01575 -0.00201 -0.02876 | -1.0524
-1.579   -1.601   28.94    -0.01575 -0.00201 -0.02876 | -1.0524
-1.579   -1.601   28.94    -0.01575 -0.00201 -0.02876 | -1.0524
-1.579   -1.601   28.94    -0.01575 -0.00201 -0.02876 | -1.0524
iteration 8...
-1.61    -1.601   28.94    -0.01575 -0.00201 -0.02876 | -1.0524
-1.61    -1.607   28.94    -0.01575 -0.00201 -0.02876 | -1.0524
-1.61    -1.607   28.94    -0.01575 -0.00201 -0.02876 | -1.0524
-1.61    -1.607   28.94    -0.01575 -0.00201 -0.02876 | -1.0524
-1.61    -1.607   28.94    -0.01575 -0.00201 -0.02876 | -1.0524
-1.61    -1.607   28.94    -0.01575 -0.00201 -0.02876 | -1.0524
iteration 9...
-1.61    -1.607   28.94    -0.01575 -0.00201 -0.02876 | -1.0524
-1.61    -1.607   28.94    -0.01575 -0.00201 -0.02876 | -1.0524
-1.61    -1.607   28.94    -0.01575 -0.00201 -0.02876 | -1.0524
-1.61    -1.607   28.94    -0.01575 -0.00201 -0.02876 | -1.0524
-1.61    -1.607   28.94    -0.01575 -0.00201 -0.02876 | -1.0524
-1.61    -1.607   28.94    -0.01575 -0.00201 -0.02876 | -1.0524
iteration 1...
-1.505   -1.607   28.94    -0.01575 -0.00201 -0.02876 | -1.0523
-1.505   -1.732   28.94    -0.01575 -0.00201 -0.02876 | -1.0523
-1.505   -1.732   28.96    -0.01575 -0.00201 -0.02876 | -1.0523
-1.505   -1.732   28.96    -0.01463 -0.00201 -0.02876 | -1.0523
-1.505   -1.732   28.96    -0.01463 0.005977 -0.02876 | -1.0523
-1.505   -1.732   28.96    -0.01463 0.005977 -0.02941 | -1.0523
iteration 2...
-1.469   -1.732   28.96    -0.01463 0.005977 -0.02941 | -1.0523
-1.469   -1.732   28.96    -0.01463 0.005977 -0.02941 | -1.0523
-1.469   -1.732   29.04    -0.01463 0.005977 -0.02941 | -1.0523
-1.469   -1.732   29.04    -0.01349 0.005977 -0.02941 | -1.0523
-1.469   -1.732   29.04    -0.01349 0.007854 -0.02941 | -1.0523
-1.469   -1.732   29.04    -0.01349 0.007854 -0.02941 | -1.0523
iteration 3...
-1.46    -1.732   29.04    -0.01349 0.007854 -0.02941 | -1.0523
-1.46    -1.732   29.04    -0.01349 0.007854 -0.02941 | -1.0523
-1.46    -1.732   29.07    -0.01349 0.007854 -0.02941 | -1.0523
-1.46    -1.732   29.07    -0.01349 0.007854 -0.02941 | -1.0523
-1.46    -1.732   29.07    -0.01349 0.007854 -0.02941 | -1.0523
-1.46    -1.732   29.07    -0.01349 0.007854 -0.02941 | -1.0523
iteration 4...
-1.46    -1.732   29.07    -0.01349 0.007854 -0.02941 | -1.0523
-1.46    -1.741   29.07    -0.01349 0.007854 -0.02941 | -1.0523
-1.46    -1.741   29.07    -0.01349 0.007854 -0.02941 | -1.0523
-1.46    -1.741   29.07    -0.01349 0.007854 -0.02941 | -1.0523
-1.46    -1.741   29.07    -0.01349 0.007854 -0.02941 | -1.0523
-1.46    -1.741   29.07    -0.01349 0.007854 -0.02941 | -1.0523
Done    'Coregister: Estimate'
Done

CoReg Done in 29.859102 seconds

All done with coregistration.
>> >> 
No sandbox specified



Start   : Mon Jun  4 20:59:07 EDT 2018
Finish  : Mon Jun  4 21:00:15 EDT 2018


