
                            < M A T L A B (R) >
                  Copyright 1984-2017 The MathWorks, Inc.
                   R2017a (9.2.0.556344) 64-bit (glnxa64)
                               March 27, 2017

 
To get started, type one of these: helpwin, helpdesk, or demo.
For product information, visit www.mathworks.com.
 
>> >> >> >> Coregistation Script Created on 180604_16_17_20_490
>> >> >> >> >> >> [Warning: Name is nonexistent or not a directory:
/Users/rcwelsh/matlabScripts/WELLES/mfiles] 
[> In path (line 109)
  In addpath (line 86)] 
>> >> >> >> >> 
UMBatchJobName =

    'coregOverlay_180604_16_17_20_490_tehsheng_madcbrai'

>> 
UMBatchProcessName =

    'coregOverlay'

>> >> Initializing the job manager in SPM8

UMReSlice =

     0



Calling UMBatchCoReg with:
/nfs/fmri/Analysis/Sean_Working/Git_MADC/preprocess/../../../Subjects_oldResting/madc1377_scan1/func//run_01/utprun_01.nii
/nfs/fmri/Analysis/Subjects_oldResting/madc1377_scan1/func/coReg/t1mprage.nii
UMReSlice:0
Entering UMBatchCoReg V2.0 for SPM8
Coreging /nfs/fmri/Analysis/Subjects_oldResting/madc1377_scan1/func/coReg/t1mprage.nii to
         /nfs/fmri/Analysis/Sean_Working/Git_MADC/preprocess/../../../Subjects_oldResting/madc1377_scan1/func//run_01/utprun_01.nii


------------------------------------------------------------------------
Running job #1
------------------------------------------------------------------------
Running 'Coregister: Estimate'
iteration 1...
-2.557   0        0        0        0        0        | -1.0479
-2.557   2.847    0        0        0        0        | -1.0493
-2.557   2.847    -0.2909  0        0        0        | -1.0493
-2.557   2.847    -0.2909  -0.02667 0        0        | -1.0493
-2.557   2.847    -0.2909  -0.02667 0.01228  0        | -1.0494
-2.557   2.847    -0.2909  -0.02667 0.01228  -0.02084 | -1.0495
iteration 2...
-2.738   2.847    -0.2909  -0.02667 0.01228  -0.02084 | -1.0496
-2.738   2.938    -0.2909  -0.02667 0.01228  -0.02084 | -1.0496
-2.738   2.938    -0.1963  -0.02667 0.01228  -0.02084 | -1.0496
-2.738   2.938    -0.1963  -0.02686 0.01228  -0.02084 | -1.0496
-2.738   2.938    -0.1963  -0.02686 0.01747  -0.02084 | -1.0496
-2.738   2.938    -0.1963  -0.02686 0.01747  -0.01761 | -1.0496
iteration 3...
-2.738   2.938    -0.1963  -0.02686 0.01747  -0.01761 | -1.0496
-2.738   2.938    -0.1963  -0.02686 0.01747  -0.01761 | -1.0496
-2.738   2.938    -0.007178 -0.02686 0.01747  -0.01761 | -1.0496
-2.738   2.938    -0.007178 -0.02269 0.01747  -0.01761 | -1.0496
-2.738   2.938    -0.007178 -0.02269 0.02001  -0.01761 | -1.0496
-2.738   2.938    -0.007178 -0.02269 0.02001  -0.01761 | -1.0496
iteration 4...
-2.755   2.938    -0.007178 -0.02269 0.02001  -0.01761 | -1.0496
-2.755   2.947    -0.007178 -0.02269 0.02001  -0.01761 | -1.0496
-2.755   2.947    -0.04189 -0.02269 0.02001  -0.01761 | -1.0496
-2.755   2.947    -0.04189 -0.02269 0.02001  -0.01761 | -1.0496
-2.755   2.947    -0.04189 -0.02269 0.02001  -0.01761 | -1.0496
-2.755   2.947    -0.04189 -0.02269 0.02001  -0.01761 | -1.0496
iteration 5...
-2.755   2.947    -0.04189 -0.02269 0.02001  -0.01761 | -1.0496
-2.755   2.947    -0.04189 -0.02269 0.02001  -0.01761 | -1.0496
-2.755   2.947    -0.04189 -0.02269 0.02001  -0.01761 | -1.0496
-2.755   2.947    -0.04189 -0.02269 0.02001  -0.01761 | -1.0496
-2.755   2.947    -0.04189 -0.02269 0.02001  -0.01761 | -1.0496
-2.755   2.947    -0.04189 -0.02269 0.02001  -0.01761 | -1.0496
iteration 1...
-2.682   2.947    -0.04189 -0.02269 0.02001  -0.01761 | -1.0497
-2.682   2.967    -0.04189 -0.02269 0.02001  -0.01761 | -1.0497
-2.682   2.967    0.06878  -0.02269 0.02001  -0.01761 | -1.0497
-2.682   2.967    0.06878  -0.0244  0.02001  -0.01761 | -1.0497
-2.682   2.967    0.06878  -0.0244  0.01193  -0.01761 | -1.0497
-2.682   2.967    0.06878  -0.0244  0.01193  -0.02246 | -1.0497
iteration 2...
-2.667   2.967    0.06878  -0.0244  0.01193  -0.02246 | -1.0497
-2.667   2.846    0.06878  -0.0244  0.01193  -0.02246 | -1.0497
-2.667   2.846    0.02455  -0.0244  0.01193  -0.02246 | -1.0497
-2.667   2.846    0.02455  -0.02348 0.01193  -0.02246 | -1.0497
-2.667   2.846    0.02455  -0.02348 0.009182 -0.02246 | -1.0497
-2.667   2.846    0.02455  -0.02348 0.009182 -0.02429 | -1.0497
iteration 3...
-2.683   2.846    0.02455  -0.02348 0.009182 -0.02429 | -1.0497
-2.683   2.856    0.02455  -0.02348 0.009182 -0.02429 | -1.0497
-2.683   2.856    -0.04834 -0.02348 0.009182 -0.02429 | -1.0497
-2.683   2.856    -0.04834 -0.02348 0.009182 -0.02429 | -1.0497
-2.683   2.856    -0.04834 -0.02348 0.009182 -0.02429 | -1.0497
-2.683   2.856    -0.04834 -0.02348 0.009182 -0.02464 | -1.0497
iteration 4...
-2.683   2.856    -0.04834 -0.02348 0.009182 -0.02464 | -1.0497
-2.683   2.9      -0.04834 -0.02348 0.009182 -0.02464 | -1.0497
-2.683   2.9      -0.08234 -0.02348 0.009182 -0.02464 | -1.0497
-2.683   2.9      -0.08234 -0.02348 0.009182 -0.02464 | -1.0497
-2.683   2.9      -0.08234 -0.02348 0.009182 -0.02464 | -1.0497
-2.683   2.9      -0.08234 -0.02348 0.009182 -0.02464 | -1.0497
iteration 5...
-2.683   2.9      -0.08234 -0.02348 0.009182 -0.02464 | -1.0497
-2.683   2.9      -0.08234 -0.02348 0.009182 -0.02464 | -1.0497
-2.683   2.9      -0.08234 -0.02348 0.009182 -0.02464 | -1.0497
-2.683   2.9      -0.08234 -0.02348 0.009182 -0.02464 | -1.0497
-2.683   2.9      -0.08234 -0.02348 0.009182 -0.02464 | -1.0497
-2.683   2.9      -0.08234 -0.02348 0.009182 -0.02464 | -1.0497
Done    'Coregister: Estimate'
Done

CoReg Done in 34.639201 seconds

All done with coregistration.
>> >> 
No sandbox specified



Start   : Mon Jun  4 16:17:23 EDT 2018
Finish  : Mon Jun  4 16:18:43 EDT 2018


