
                            < M A T L A B (R) >
                  Copyright 1984-2017 The MathWorks, Inc.
                   R2017a (9.2.0.556344) 64-bit (glnxa64)
                               March 27, 2017

 
To get started, type one of these: helpwin, helpdesk, or demo.
For product information, visit www.mathworks.com.
 
>> >> >> >> Coregistation Script Created on 180604_16_45_40_061
>> >> >> >> >> >> [Warning: Name is nonexistent or not a directory:
/Users/rcwelsh/matlabScripts/WELLES/mfiles] 
[> In path (line 109)
  In addpath (line 86)] 
>> >> >> >> >> 
UMBatchJobName =

    'coregOverlay_180604_16_45_40_061_tehsheng_madcbrai'

>> 
UMBatchProcessName =

    'coregOverlay'

>> >> Initializing the job manager in SPM8

UMReSlice =

     0



Calling UMBatchCoReg with:
/nfs/fmri/Analysis/Sean_Working/Git_MADC/preprocess/../../../Subjects_oldResting/madc1448_scan1/func//run_01/utprun_01.nii
/nfs/fmri/Analysis/Subjects_oldResting/madc1448_scan1/func/coReg/t1mprage.nii
UMReSlice:0
Entering UMBatchCoReg V2.0 for SPM8
Coreging /nfs/fmri/Analysis/Subjects_oldResting/madc1448_scan1/func/coReg/t1mprage.nii to
         /nfs/fmri/Analysis/Sean_Working/Git_MADC/preprocess/../../../Subjects_oldResting/madc1448_scan1/func//run_01/utprun_01.nii


------------------------------------------------------------------------
Running job #1
------------------------------------------------------------------------
Running 'Coregister: Estimate'
iteration 1...
-2.284   0        0        0        0        0        | -1.0587
-2.284   2.516    0        0        0        0        | -1.0603
-2.284   2.516    -2.729   0        0        0        | -1.0615
-2.284   2.516    -2.729   0.03204  0        0        | -1.0617
-2.284   2.516    -2.729   0.03204  -0.01384 0        | -1.0618
-2.284   2.516    -2.729   0.03204  -0.01384 -0.01246 | -1.0618
iteration 2...
-2.141   2.516    -2.729   0.03204  -0.01384 -0.01246 | -1.0618
-2.141   2.751    -2.729   0.03204  -0.01384 -0.01246 | -1.0618
-2.141   2.751    -2.775   0.03204  -0.01384 -0.01246 | -1.0618
-2.141   2.751    -2.775   0.03204  -0.01384 -0.01246 | -1.0618
-2.141   2.751    -2.775   0.03204  -0.01024 -0.01246 | -1.0618
-2.141   2.751    -2.775   0.03204  -0.01024 -0.009726 | -1.0618
iteration 3...
-2.112   2.751    -2.775   0.03204  -0.01024 -0.009726 | -1.0618
-2.112   2.77     -2.775   0.03204  -0.01024 -0.009726 | -1.0618
-2.112   2.77     -2.724   0.03204  -0.01024 -0.009726 | -1.0618
-2.112   2.77     -2.724   0.03204  -0.01024 -0.009726 | -1.0618
-2.112   2.77     -2.724   0.03204  -0.01102 -0.009726 | -1.0618
-2.112   2.77     -2.724   0.03204  -0.01102 -0.009726 | -1.0618
iteration 4...
-2.112   2.77     -2.724   0.03204  -0.01102 -0.009726 | -1.0618
-2.112   2.77     -2.724   0.03204  -0.01102 -0.009726 | -1.0618
-2.112   2.77     -2.724   0.03204  -0.01102 -0.009726 | -1.0618
-2.112   2.77     -2.724   0.03063  -0.01102 -0.009726 | -1.0618
-2.112   2.77     -2.724   0.03063  -0.01102 -0.009726 | -1.0618
-2.112   2.77     -2.724   0.03063  -0.01102 -0.009726 | -1.0618
iteration 5...
-2.112   2.77     -2.724   0.03063  -0.01102 -0.009726 | -1.0618
-2.112   2.754    -2.724   0.03063  -0.01102 -0.009726 | -1.0618
-2.112   2.754    -2.724   0.03063  -0.01102 -0.009726 | -1.0618
-2.112   2.754    -2.724   0.03063  -0.01102 -0.009726 | -1.0618
-2.112   2.754    -2.724   0.03063  -0.01102 -0.009726 | -1.0618
-2.112   2.754    -2.724   0.03063  -0.01102 -0.009726 | -1.0618
iteration 1...
-2.18    2.754    -2.724   0.03063  -0.01102 -0.009726 | -1.0621
-2.18    2.751    -2.724   0.03063  -0.01102 -0.009726 | -1.0621
-2.18    2.751    -2.828   0.03063  -0.01102 -0.009726 | -1.0621
-2.18    2.751    -2.828   0.03488  -0.01102 -0.009726 | -1.0621
-2.18    2.751    -2.828   0.03488  -0.005496 -0.009726 | -1.0622
-2.18    2.751    -2.828   0.03488  -0.005496 -0.01444 | -1.0622
iteration 2...
-2.244   2.751    -2.828   0.03488  -0.005496 -0.01444 | -1.0622
-2.244   2.751    -2.828   0.03488  -0.005496 -0.01444 | -1.0622
-2.244   2.751    -2.771   0.03488  -0.005496 -0.01444 | -1.0622
-2.244   2.751    -2.771   0.0325   -0.005496 -0.01444 | -1.0622
-2.244   2.751    -2.771   0.0325   -0.005205 -0.01444 | -1.0622
-2.244   2.751    -2.771   0.0325   -0.005205 -0.01444 | -1.0622
iteration 3...
-2.244   2.751    -2.771   0.0325   -0.005205 -0.01444 | -1.0622
-2.244   2.744    -2.771   0.0325   -0.005205 -0.01444 | -1.0622
-2.244   2.744    -2.748   0.0325   -0.005205 -0.01444 | -1.0622
-2.244   2.744    -2.748   0.0325   -0.005205 -0.01444 | -1.0622
-2.244   2.744    -2.748   0.0325   -0.005205 -0.01444 | -1.0622
-2.244   2.744    -2.748   0.0325   -0.005205 -0.01444 | -1.0622
iteration 4...
-2.244   2.744    -2.748   0.0325   -0.005205 -0.01444 | -1.0622
-2.244   2.744    -2.748   0.0325   -0.005205 -0.01444 | -1.0622
-2.244   2.744    -2.743   0.0325   -0.005205 -0.01444 | -1.0622
-2.244   2.744    -2.743   0.0325   -0.005205 -0.01444 | -1.0622
-2.244   2.744    -2.743   0.0325   -0.005205 -0.01444 | -1.0622
-2.244   2.744    -2.743   0.0325   -0.005205 -0.01444 | -1.0622
Done    'Coregister: Estimate'
Done

CoReg Done in 29.391900 seconds

All done with coregistration.
>> >> 
No sandbox specified



Start   : Mon Jun  4 16:45:42 EDT 2018
Finish  : Mon Jun  4 16:46:52 EDT 2018


