
                            < M A T L A B (R) >
                  Copyright 1984-2017 The MathWorks, Inc.
                   R2017a (9.2.0.556344) 64-bit (glnxa64)
                               March 27, 2017

 
To get started, type one of these: helpwin, helpdesk, or demo.
For product information, visit www.mathworks.com.
 
>> >> >> >> Coregistation Script Created on 180604_18_46_48_663
>> >> >> >> >> >> [Warning: Name is nonexistent or not a directory:
/Users/rcwelsh/matlabScripts/WELLES/mfiles] 
[> In path (line 109)
  In addpath (line 86)] 
>> >> >> >> >> 
UMBatchJobName =

    'coregOverlay_180604_18_46_48_663_tehsheng_madcbrai'

>> 
UMBatchProcessName =

    'coregOverlay'

>> >> Initializing the job manager in SPM8

UMReSlice =

     0



Calling UMBatchCoReg with:
/nfs/fmri/Analysis/Sean_Working/Git_MADC/preprocess/../../../Subjects_oldResting/madc1340_scan1/func//run_01/utprun_01.nii
/nfs/fmri/Analysis/Subjects_oldResting/madc1340_scan1/func/coReg/t1mprage.nii
UMReSlice:0
Entering UMBatchCoReg V2.0 for SPM8
Coreging /nfs/fmri/Analysis/Subjects_oldResting/madc1340_scan1/func/coReg/t1mprage.nii to
         /nfs/fmri/Analysis/Sean_Working/Git_MADC/preprocess/../../../Subjects_oldResting/madc1340_scan1/func//run_01/utprun_01.nii


------------------------------------------------------------------------
Running job #1
------------------------------------------------------------------------
Running 'Coregister: Estimate'
iteration 1...
-1.741   0        0        0        0        0        | -1.0522
-1.741   1.516    0        0        0        0        | -1.0526
-1.741   1.516    -7.836   0        0        0        | -1.055
-1.741   1.516    -7.836   0.04676  0        0        | -1.0552
-1.741   1.516    -7.836   0.04676  0.008    0        | -1.0552
-1.741   1.516    -7.836   0.04676  0.008    -0.01837 | -1.0553
iteration 2...
-1.712   1.516    -7.836   0.04676  0.008    -0.01837 | -1.0553
-1.712   2.674    -7.836   0.04676  0.008    -0.01837 | -1.0555
-1.712   2.674    -6.934   0.04676  0.008    -0.01837 | -1.0556
-1.712   2.674    -6.934   0.04676  0.008    -0.01837 | -1.0556
-1.712   2.674    -6.934   0.04676  0.008    -0.01837 | -1.0556
-1.712   2.674    -6.934   0.04676  0.008    -0.01837 | -1.0556
iteration 3...
-1.712   2.674    -6.934   0.04676  0.008    -0.01837 | -1.0556
-1.712   2.63     -6.934   0.04676  0.008    -0.01837 | -1.0556
-1.712   2.63     -6.943   0.04676  0.008    -0.01837 | -1.0556
-1.712   2.63     -6.943   0.04684  0.008    -0.01837 | -1.0556
-1.712   2.63     -6.943   0.04684  0.008    -0.01837 | -1.0556
-1.712   2.63     -6.943   0.04684  0.008    -0.01837 | -1.0556
-1.712   2.543    -6.962   0.04699  0.008    -0.01837 | -1.0556
iteration 4...
-1.711   2.543    -6.962   0.04699  0.008    -0.01837 | -1.0556
-1.711   2.543    -6.962   0.04699  0.008    -0.01837 | -1.0556
-1.711   2.543    -6.908   0.04699  0.008    -0.01837 | -1.0556
-1.711   2.543    -6.908   0.04699  0.008    -0.01837 | -1.0556
-1.711   2.543    -6.908   0.04699  0.008    -0.01837 | -1.0556
-1.711   2.543    -6.908   0.04699  0.008    -0.01837 | -1.0556
iteration 5...
-1.711   2.543    -6.908   0.04699  0.008    -0.01837 | -1.0556
-1.711   2.543    -6.908   0.04699  0.008    -0.01837 | -1.0556
-1.711   2.543    -6.908   0.04699  0.008    -0.01837 | -1.0556
-1.711   2.543    -6.908   0.04699  0.008    -0.01837 | -1.0556
-1.711   2.543    -6.908   0.04699  0.008    -0.01837 | -1.0556
-1.711   2.543    -6.908   0.04699  0.008    -0.01837 | -1.0556
iteration 1...
-1.885   2.543    -6.908   0.04699  0.008    -0.01837 | -1.0559
-1.885   2.787    -6.908   0.04699  0.008    -0.01837 | -1.0559
-1.885   2.787    -6.928   0.04699  0.008    -0.01837 | -1.0559
-1.885   2.787    -6.928   0.0434   0.008    -0.01837 | -1.0559
-1.885   2.787    -6.928   0.0434   0.00591  -0.01837 | -1.0559
-1.885   2.787    -6.928   0.0434   0.00591  -0.01837 | -1.0559
iteration 2...
-1.861   2.787    -6.928   0.0434   0.00591  -0.01837 | -1.0559
-1.861   2.823    -6.928   0.0434   0.00591  -0.01837 | -1.0559
-1.861   2.823    -7.01    0.0434   0.00591  -0.01837 | -1.0559
-1.861   2.823    -7.01    0.0434   0.00591  -0.01837 | -1.0559
-1.861   2.823    -7.01    0.0434   0.005923 -0.01837 | -1.0559
-1.861   2.823    -7.01    0.0434   0.005923 -0.0191  | -1.0559
iteration 3...
-1.857   2.823    -7.01    0.0434   0.005923 -0.0191  | -1.0559
-1.857   2.839    -7.01    0.0434   0.005923 -0.0191  | -1.0559
-1.857   2.839    -7.009   0.0434   0.005923 -0.0191  | -1.0559
-1.857   2.839    -7.009   0.0434   0.005923 -0.0191  | -1.0559
-1.857   2.839    -7.009   0.0434   0.005027 -0.0191  | -1.0559
-1.857   2.839    -7.009   0.0434   0.005027 -0.0191  | -1.0559
iteration 4...
-1.835   2.839    -7.009   0.0434   0.005027 -0.0191  | -1.0559
-1.835   2.839    -7.009   0.0434   0.005027 -0.0191  | -1.0559
-1.835   2.839    -7.019   0.0434   0.005027 -0.0191  | -1.0559
-1.835   2.839    -7.019   0.0434   0.005027 -0.0191  | -1.0559
-1.835   2.839    -7.019   0.0434   0.004392 -0.0191  | -1.0559
-1.835   2.839    -7.019   0.0434   0.004392 -0.0191  | -1.0559
iteration 5...
-1.835   2.839    -7.019   0.0434   0.004392 -0.0191  | -1.0559
-1.835   2.839    -7.019   0.0434   0.004392 -0.0191  | -1.0559
-1.835   2.839    -7.019   0.0434   0.004392 -0.0191  | -1.0559
-1.835   2.839    -7.019   0.0434   0.004392 -0.0191  | -1.0559
-1.835   2.839    -7.019   0.0434   0.004392 -0.0191  | -1.0559
-1.835   2.839    -7.019   0.0434   0.004392 -0.0191  | -1.0559
Done    'Coregister: Estimate'
Done

CoReg Done in 72.480641 seconds

All done with coregistration.
>> >> 
No sandbox specified



Start   : Mon Jun  4 18:46:50 EDT 2018
Finish  : Mon Jun  4 18:48:41 EDT 2018


