
                            < M A T L A B (R) >
                  Copyright 1984-2017 The MathWorks, Inc.
                   R2017a (9.2.0.556344) 64-bit (glnxa64)
                               March 27, 2017

 
To get started, type one of these: helpwin, helpdesk, or demo.
For product information, visit www.mathworks.com.
 
>> >> >> >> Coregistation Script Created on 180604_17_23_30_364
>> >> >> >> >> >> [Warning: Name is nonexistent or not a directory:
/Users/rcwelsh/matlabScripts/WELLES/mfiles] 
[> In path (line 109)
  In addpath (line 86)] 
>> >> >> >> >> 
UMBatchJobName =

    'coregOverlay_180604_17_23_30_364_tehsheng_madcbrai'

>> 
UMBatchProcessName =

    'coregOverlay'

>> >> Initializing the job manager in SPM8

UMReSlice =

     0



Calling UMBatchCoReg with:
/nfs/fmri/Analysis/Sean_Working/Git_MADC/preprocess/../../../Subjects_oldResting/madc0833_scan1/func//run_01/utprun_01.nii
/nfs/fmri/Analysis/Subjects_oldResting/madc0833_scan1/func/coReg/t1mprage.nii
UMReSlice:0
Entering UMBatchCoReg V2.0 for SPM8
Coreging /nfs/fmri/Analysis/Subjects_oldResting/madc0833_scan1/func/coReg/t1mprage.nii to
         /nfs/fmri/Analysis/Sean_Working/Git_MADC/preprocess/../../../Subjects_oldResting/madc0833_scan1/func//run_01/utprun_01.nii


------------------------------------------------------------------------
Running job #1
------------------------------------------------------------------------
Running 'Coregister: Estimate'
iteration 1...
-1.72    0        0        0        0        0        | -1.0487
-1.72    1.696    0        0        0        0        | -1.0492
-1.72    1.696    -0.02197 0        0        0        | -1.0492
-1.72    1.696    -0.02197 -0.001114 0        0        | -1.0492
-1.72    1.696    -0.02197 -0.001114 0        0        | -1.0492
-1.72    1.696    -0.02197 -0.001114 0        0.003877 | -1.0493
iteration 2...
-1.844   1.696    -0.02197 -0.001114 0        0.003877 | -1.0493
-1.844   1.825    -0.02197 -0.001114 0        0.003877 | -1.0493
-1.844   1.825    -0.0295  -0.001114 0        0.003877 | -1.0493
-1.844   1.825    -0.0295  -0.001652 0        0.003877 | -1.0493
-1.844   1.825    -0.0295  -0.001652 0.0001713 0.003877 | -1.0493
-1.844   1.825    -0.0295  -0.001652 0.0001713 0.002788 | -1.0493
iteration 3...
-1.852   1.825    -0.0295  -0.001652 0.0001713 0.002788 | -1.0493
-1.852   1.864    -0.0295  -0.001652 0.0001713 0.002788 | -1.0493
-1.852   1.864    -0.02886 -0.001652 0.0001713 0.002788 | -1.0493
-1.852   1.864    -0.02886 -0.002234 0.0001713 0.002788 | -1.0493
-1.852   1.864    -0.02886 -0.002234 0.0001774 0.002788 | -1.0493
-1.852   1.864    -0.02886 -0.002234 0.0001774 0.002788 | -1.0493
-1.902   2.101    -0.02488 -0.005856 0.0002158 0.002788 | -1.0493
iteration 4...
-1.86    2.101    -0.02488 -0.005856 0.0002158 0.002788 | -1.0493
-1.86    2.222    -0.02488 -0.005856 0.0002158 0.002788 | -1.0493
-1.86    2.222    -0.0311  -0.005856 0.0002158 0.002788 | -1.0493
-1.87    2.269    -0.0303  -0.006582 0.0002235 0.002788 | -1.0493
-1.87    2.269    -0.0303  -0.006582 0.0008465 0.002788 | -1.0493
-1.87    2.269    -0.0303  -0.006582 0.0008465 0.002831 | -1.0493
iteration 5...
-1.888   2.269    -0.0303  -0.006582 0.0008465 0.002831 | -1.0493
-1.888   2.268    -0.0303  -0.006582 0.0008465 0.002831 | -1.0493
-1.888   2.268    -0.04559 -0.006582 0.0008465 0.002831 | -1.0493
-1.888   2.268    -0.04559 -0.006582 0.0008465 0.002831 | -1.0493
-1.888   2.268    -0.04559 -0.006582 0.0009708 0.002831 | -1.0493
-1.888   2.268    -0.04559 -0.006582 0.0009708 0.00267  | -1.0493
-1.962   2.265    -0.11    -0.006582 0.001494 0.00199  | -1.0493
iteration 6...
-1.962   2.265    -0.11    -0.006582 0.001494 0.00199  | -1.0493
-1.962   2.251    -0.11    -0.006582 0.001494 0.00199  | -1.0493
-1.962   2.251    -0.05485 -0.006582 0.001494 0.00199  | -1.0493
-1.962   2.251    -0.05485 -0.006582 0.001494 0.00199  | -1.0493
-1.962   2.251    -0.05485 -0.006582 0.001636 0.00199  | -1.0493
-1.962   2.251    -0.05485 -0.006582 0.001636 0.00199  | -1.0493
iteration 7...
-1.979   2.25     -0.07038 -0.006582 0.001763 0.001826 | -1.0493
-1.979   2.245    -0.07038 -0.006582 0.001763 0.001826 | -1.0493
-1.979   2.245    -0.07038 -0.006582 0.001763 0.001826 | -1.0493
-1.986   2.275    -0.06989 -0.007033 0.001767 0.001826 | -1.0493
-1.986   2.275    -0.06989 -0.007033 0.00205  0.001826 | -1.0493
-1.986   2.275    -0.06989 -0.007033 0.00205  0.001542 | -1.0493
iteration 8...
-1.986   2.275    -0.06989 -0.007033 0.00205  0.001542 | -1.0493
-1.986   2.27     -0.06989 -0.007033 0.00205  0.001542 | -1.0493
-1.986   2.27     -0.08149 -0.007033 0.00205  0.001542 | -1.0493
-1.986   2.27     -0.08149 -0.007033 0.00205  0.001542 | -1.0493
-1.986   2.27     -0.08149 -0.007033 0.00205  0.001542 | -1.0493
-1.986   2.27     -0.08149 -0.007033 0.00205  0.001542 | -1.0493
iteration 1...
-2.075   2.27     -0.08149 -0.007033 0.00205  0.001542 | -1.0494
-2.075   2.042    -0.08149 -0.007033 0.00205  0.001542 | -1.0494
-2.075   2.042    -0.314   -0.007033 0.00205  0.001542 | -1.0494
-2.075   2.042    -0.314   -0.007957 0.00205  0.001542 | -1.0494
-2.075   2.042    -0.314   -0.007957 0.00205  0.001542 | -1.0494
-2.075   2.042    -0.314   -0.007957 0.00205  0.001542 | -1.0494
iteration 2...
-2.075   2.042    -0.314   -0.007957 0.00205  0.001542 | -1.0494
-2.075   2.165    -0.314   -0.007957 0.00205  0.001542 | -1.0494
-2.075   2.165    -0.314   -0.007957 0.00205  0.001542 | -1.0494
-2.075   2.165    -0.314   -0.009305 0.00205  0.001542 | -1.0494
-2.075   2.165    -0.314   -0.009305 0.00205  0.001542 | -1.0494
-2.075   2.165    -0.314   -0.009305 0.00205  0.001542 | -1.0494
-2.075   2.81     -0.314   -0.01637 0.00205  0.001542 | -1.0495
iteration 3...
-1.713   2.81     -0.314   -0.01637 0.00205  0.001542 | -1.0495
-1.713   2.886    -0.314   -0.01637 0.00205  0.001542 | -1.0495
-1.713   2.886    -0.3838  -0.01637 0.00205  0.001542 | -1.0495
-1.713   2.886    -0.3838  -0.01637 0.00205  0.001542 | -1.0495
-1.713   2.886    -0.3838  -0.01637 0.003164 0.001542 | -1.0495
-1.713   2.886    -0.3838  -0.01637 0.003164 0.0003651 | -1.0495
iteration 4...
-1.752   2.886    -0.3838  -0.01637 0.003164 0.0003651 | -1.0495
-1.752   2.893    -0.3838  -0.01637 0.003164 0.0003651 | -1.0495
-1.752   2.893    -0.4014  -0.01637 0.003164 0.0003651 | -1.0495
-1.752   2.865    -0.4014  -0.01606 0.003164 0.0003651 | -1.0495
-1.752   2.865    -0.4014  -0.01606 0.003164 0.0003651 | -1.0495
-1.752   2.865    -0.4014  -0.01606 0.003164 0.0003651 | -1.0495
iteration 5...
-1.752   2.865    -0.4014  -0.01606 0.003164 0.0003651 | -1.0495
-1.752   2.865    -0.4014  -0.01606 0.003164 0.0003651 | -1.0495
-1.752   2.865    -0.4014  -0.01606 0.003164 0.0003651 | -1.0495
-1.752   2.865    -0.4014  -0.01606 0.003164 0.0003651 | -1.0495
-1.752   2.865    -0.4014  -0.01606 0.003164 0.0003651 | -1.0495
-1.752   2.865    -0.4014  -0.01606 0.003164 0.0003651 | -1.0495
Done    'Coregister: Estimate'
Done

CoReg Done in 37.528627 seconds

All done with coregistration.
>> >> 
No sandbox specified



Start   : Mon Jun  4 17:23:32 EDT 2018
Finish  : Mon Jun  4 17:24:49 EDT 2018


