
                            < M A T L A B (R) >
                  Copyright 1984-2017 The MathWorks, Inc.
                   R2017a (9.2.0.556344) 64-bit (glnxa64)
                               March 27, 2017

 
To get started, type one of these: helpwin, helpdesk, or demo.
For product information, visit www.mathworks.com.
 
>> >> >> >> Coregistation Script Created on 180604_16_53_15_837
>> >> >> >> >> >> [Warning: Name is nonexistent or not a directory:
/Users/rcwelsh/matlabScripts/WELLES/mfiles] 
[> In path (line 109)
  In addpath (line 86)] 
>> >> >> >> >> 
UMBatchJobName =

    'coregOverlay_180604_16_53_15_837_tehsheng_madcbrai'

>> 
UMBatchProcessName =

    'coregOverlay'

>> >> Initializing the job manager in SPM8

UMReSlice =

     0



Calling UMBatchCoReg with:
/nfs/fmri/Analysis/Sean_Working/Git_MADC/preprocess/../../../Subjects_oldResting/madc0775_scan1/func//run_01/utprun_01.nii
/nfs/fmri/Analysis/Subjects_oldResting/madc0775_scan1/func/coReg/t1mprage.nii
UMReSlice:0
Entering UMBatchCoReg V2.0 for SPM8
Coreging /nfs/fmri/Analysis/Subjects_oldResting/madc0775_scan1/func/coReg/t1mprage.nii to
         /nfs/fmri/Analysis/Sean_Working/Git_MADC/preprocess/../../../Subjects_oldResting/madc0775_scan1/func//run_01/utprun_01.nii


------------------------------------------------------------------------
Running job #1
------------------------------------------------------------------------
Running 'Coregister: Estimate'
iteration 1...
-2.744   0        0        0        0        0        | -1.0515
-2.744   1.366    0        0        0        0        | -1.0518
-2.744   1.366    -4.425   0        0        0        | -1.0533
-2.744   1.366    -4.425   -0.02    0        0        | -1.0534
-2.744   1.366    -4.425   -0.02    -0.01328 0        | -1.0535
-2.744   1.366    -4.425   -0.02    -0.01328 -0.0164  | -1.0536
iteration 2...
-2.744   1.366    -4.425   -0.02    -0.01328 -0.0164  | -1.0536
-2.744   1.624    -4.425   -0.02    -0.01328 -0.0164  | -1.0536
-2.744   1.624    -4.393   -0.02    -0.01328 -0.0164  | -1.0536
-2.744   1.624    -4.393   -0.02    -0.01328 -0.0164  | -1.0536
-2.744   1.624    -4.393   -0.02    -0.01309 -0.0164  | -1.0536
-2.744   1.624    -4.393   -0.02    -0.01309 -0.0164  | -1.0536
iteration 3...
-2.744   1.624    -4.393   -0.02    -0.01309 -0.0164  | -1.0536
-2.744   1.649    -4.393   -0.02    -0.01309 -0.0164  | -1.0536
-2.744   1.649    -4.393   -0.02    -0.01309 -0.0164  | -1.0536
-2.744   1.649    -4.393   -0.02    -0.01309 -0.0164  | -1.0536
-2.744   1.649    -4.393   -0.02    -0.01309 -0.0164  | -1.0536
-2.744   1.649    -4.393   -0.02    -0.01309 -0.0164  | -1.0536
iteration 4...
-2.744   1.649    -4.393   -0.02    -0.01309 -0.0164  | -1.0536
-2.744   1.649    -4.393   -0.02    -0.01309 -0.0164  | -1.0536
-2.744   1.649    -4.393   -0.02    -0.01309 -0.0164  | -1.0536
-2.744   1.649    -4.393   -0.02    -0.01309 -0.0164  | -1.0536
-2.744   1.649    -4.393   -0.02    -0.01309 -0.0164  | -1.0536
-2.744   1.649    -4.393   -0.02    -0.01309 -0.0164  | -1.0536
iteration 1...
-2.837   1.649    -4.393   -0.02    -0.01309 -0.0164  | -1.0536
-2.837   1.894    -4.393   -0.02    -0.01309 -0.0164  | -1.0536
-2.837   1.894    -4.539   -0.02    -0.01309 -0.0164  | -1.0536
-2.837   1.894    -4.539   -0.009421 -0.01309 -0.0164  | -1.0536
-2.837   1.894    -4.539   -0.009421 -0.01173 -0.0164  | -1.0536
-2.837   1.894    -4.539   -0.009421 -0.01173 -0.01654 | -1.0536
iteration 2...
-2.809   1.894    -4.539   -0.009421 -0.01173 -0.01654 | -1.0536
-2.809   2.051    -4.539   -0.009421 -0.01173 -0.01654 | -1.0536
-2.809   2.051    -4.483   -0.009421 -0.01173 -0.01654 | -1.0536
-2.809   2.051    -4.483   -0.006584 -0.01173 -0.01654 | -1.0536
-2.809   2.051    -4.483   -0.006584 -0.009939 -0.01654 | -1.0536
-2.809   2.051    -4.483   -0.006584 -0.009939 -0.01863 | -1.0536
-2.781   2.209    -4.426   -0.003746 -0.008147 -0.02073 | -1.0536
iteration 3...
-2.747   2.209    -4.426   -0.003746 -0.008147 -0.02073 | -1.0536
-2.747   2.209    -4.426   -0.003746 -0.008147 -0.02073 | -1.0536
-2.747   2.209    -4.413   -0.003746 -0.008147 -0.02073 | -1.0536
-2.747   2.209    -4.413   -0.002807 -0.008147 -0.02073 | -1.0536
-2.747   2.209    -4.413   -0.002807 -0.009048 -0.02073 | -1.0536
-2.747   2.209    -4.413   -0.002807 -0.009048 -0.01896 | -1.0536
iteration 4...
-2.737   2.209    -4.413   -0.002807 -0.009048 -0.01896 | -1.0536
-2.737   2.209    -4.413   -0.002807 -0.009048 -0.01896 | -1.0536
-2.737   2.209    -4.402   -0.002807 -0.009048 -0.01896 | -1.0536
-2.737   2.209    -4.402   -0.003063 -0.009048 -0.01896 | -1.0536
-2.737   2.209    -4.402   -0.003063 -0.009048 -0.01896 | -1.0536
-2.737   2.209    -4.402   -0.003063 -0.009048 -0.01896 | -1.0536
Done    'Coregister: Estimate'
Done

CoReg Done in 42.401265 seconds

All done with coregistration.
>> >> 
No sandbox specified



Start   : Mon Jun  4 16:53:17 EDT 2018
Finish  : Mon Jun  4 16:54:58 EDT 2018


