
                            < M A T L A B (R) >
                  Copyright 1984-2017 The MathWorks, Inc.
                   R2017a (9.2.0.556344) 64-bit (glnxa64)
                               March 27, 2017

 
To get started, type one of these: helpwin, helpdesk, or demo.
For product information, visit www.mathworks.com.
 
>> >> >> >> Coregistation Script Created on 180604_21_26_30_776
>> >> >> >> >> >> [Warning: Name is nonexistent or not a directory:
/Users/rcwelsh/matlabScripts/WELLES/mfiles] 
[> In path (line 109)
  In addpath (line 86)] 
>> >> >> >> >> 
UMBatchJobName =

    'coregOverlay_180604_21_26_30_776_tehsheng_madcbrai'

>> 
UMBatchProcessName =

    'coregOverlay'

>> >> Initializing the job manager in SPM8

UMReSlice =

     0



Calling UMBatchCoReg with:
/nfs/fmri/Analysis/Sean_Working/Git_MADC/preprocess/../../../Subjects_oldResting/madc1479_scan1/func//run_01/utprun_01.nii
/nfs/fmri/Analysis/Subjects_oldResting/madc1479_scan1/func/coReg/t1mprage.nii
UMReSlice:0
Entering UMBatchCoReg V2.0 for SPM8
Coreging /nfs/fmri/Analysis/Subjects_oldResting/madc1479_scan1/func/coReg/t1mprage.nii to
         /nfs/fmri/Analysis/Sean_Working/Git_MADC/preprocess/../../../Subjects_oldResting/madc1479_scan1/func//run_01/utprun_01.nii


------------------------------------------------------------------------
Running job #1
------------------------------------------------------------------------
Running 'Coregister: Estimate'
iteration 1...
-1.868   0        0        0        0        0        | -1.0535
-1.868   1.809    0        0        0        0        | -1.054
-1.868   1.809    -2.301   0        0        0        | -1.0546
-1.868   1.809    -2.301   0        0        0        | -1.0546
-1.868   1.809    -2.301   0        0.01312  0        | -1.0546
-1.868   1.809    -2.301   0        0.01312  0.0009168 | -1.0546
iteration 2...
-2.305   1.809    -2.301   0        0.01312  0.0009168 | -1.0547
-2.305   2.322    -2.301   0        0.01312  0.0009168 | -1.0548
-2.305   2.322    -2.453   0        0.01312  0.0009168 | -1.0548
-2.305   2.322    -2.453   -0.006061 0.01312  0.0009168 | -1.0548
-2.305   2.322    -2.453   -0.006061 0.02646  0.0009168 | -1.0548
-2.305   2.322    -2.453   -0.006061 0.02646  0.00534  | -1.0548
iteration 3...
-2.355   2.322    -2.453   -0.006061 0.02646  0.00534  | -1.0548
-2.355   2.784    -2.453   -0.006061 0.02646  0.00534  | -1.0548
-2.355   2.784    -2.193   -0.006061 0.02646  0.00534  | -1.0549
-2.355   2.784    -2.193   -0.01058 0.02646  0.00534  | -1.0549
-2.355   2.784    -2.193   -0.01058 0.03023  0.00534  | -1.0549
-2.355   2.784    -2.193   -0.01058 0.03023  0.0087   | -1.0549
iteration 4...
-2.335   2.784    -2.193   -0.01058 0.03023  0.0087   | -1.0549
-2.335   2.722    -2.193   -0.01058 0.03023  0.0087   | -1.0549
-2.335   2.722    -2.123   -0.01058 0.03023  0.0087   | -1.0549
-2.335   2.722    -2.123   -0.00963 0.03023  0.0087   | -1.0549
-2.335   2.722    -2.123   -0.00963 0.0312   0.0087   | -1.0549
-2.335   2.722    -2.123   -0.00963 0.0312   0.0087   | -1.0549
iteration 5...
-2.335   2.722    -2.123   -0.00963 0.0312   0.0087   | -1.0549
-2.335   2.685    -2.123   -0.00963 0.0312   0.0087   | -1.0549
-2.335   2.685    -2.129   -0.00963 0.0312   0.0087   | -1.0549
-2.335   2.685    -2.129   -0.00963 0.0312   0.0087   | -1.0549
-2.335   2.685    -2.129   -0.00963 0.0312   0.0087   | -1.0549
-2.335   2.685    -2.129   -0.00963 0.0312   0.0087   | -1.0549
iteration 6...
-2.335   2.685    -2.129   -0.00963 0.0312   0.0087   | -1.0549
-2.335   2.682    -2.129   -0.00963 0.0312   0.0087   | -1.0549
-2.335   2.682    -2.13    -0.00963 0.0312   0.0087   | -1.0549
-2.335   2.682    -2.13    -0.00963 0.0312   0.0087   | -1.0549
-2.335   2.682    -2.13    -0.00963 0.0312   0.0087   | -1.0549
-2.335   2.682    -2.13    -0.00963 0.0312   0.0087   | -1.0549
iteration 1...
-2.335   2.682    -2.13    -0.00963 0.0312   0.0087   | -1.055
-2.335   2.418    -2.13    -0.00963 0.0312   0.0087   | -1.055
-2.335   2.418    -2.643   -0.00963 0.0312   0.0087   | -1.055
-2.335   2.418    -2.643   0.004596 0.0312   0.0087   | -1.055
-2.335   2.418    -2.643   0.004596 0.02199  0.0087   | -1.0551
-2.335   2.418    -2.643   0.004596 0.02199  0.01767  | -1.0551
iteration 2...
-2.248   2.418    -2.643   0.004596 0.02199  0.01767  | -1.0551
-2.248   2.4      -2.643   0.004596 0.02199  0.01767  | -1.0551
-2.248   2.4      -2.581   0.004596 0.02199  0.01767  | -1.0551
-2.248   2.4      -2.581   0.004596 0.02199  0.01767  | -1.0551
-2.248   2.4      -2.581   0.004596 0.02199  0.01767  | -1.0551
-2.248   2.4      -2.581   0.004596 0.02199  0.01684  | -1.0551
iteration 3...
-2.232   2.4      -2.581   0.004596 0.02199  0.01684  | -1.0551
-2.232   2.4      -2.581   0.004596 0.02199  0.01684  | -1.0551
-2.232   2.4      -2.581   0.004596 0.02199  0.01684  | -1.0551
-2.232   2.4      -2.581   0.006146 0.02199  0.01684  | -1.0551
-2.232   2.4      -2.581   0.006146 0.02123  0.01684  | -1.0551
-2.232   2.4      -2.581   0.006146 0.02123  0.01684  | -1.0551
iteration 4...
-2.232   2.4      -2.581   0.006146 0.02123  0.01684  | -1.0551
-2.232   2.4      -2.581   0.006146 0.02123  0.01684  | -1.0551
-2.232   2.4      -2.637   0.006146 0.02123  0.01684  | -1.0551
-2.232   2.4      -2.637   0.006766 0.02123  0.01684  | -1.0551
-2.232   2.4      -2.637   0.006766 0.02123  0.01684  | -1.0551
-2.232   2.4      -2.637   0.006766 0.02123  0.01684  | -1.0551
iteration 5...
-2.232   2.4      -2.637   0.006766 0.02123  0.01684  | -1.0551
-2.232   2.397    -2.637   0.006766 0.02123  0.01684  | -1.0551
-2.232   2.397    -2.649   0.006766 0.02123  0.01684  | -1.0551
-2.232   2.397    -2.649   0.006766 0.02123  0.01684  | -1.0551
-2.232   2.397    -2.649   0.006766 0.02123  0.01684  | -1.0551
-2.232   2.397    -2.649   0.006766 0.02123  0.01684  | -1.0551
Done    'Coregister: Estimate'
Done

CoReg Done in 31.941413 seconds

All done with coregistration.
>> >> 
No sandbox specified



Start   : Mon Jun  4 21:26:32 EDT 2018
Finish  : Mon Jun  4 21:27:42 EDT 2018


