
                            < M A T L A B (R) >
                  Copyright 1984-2017 The MathWorks, Inc.
                   R2017a (9.2.0.556344) 64-bit (glnxa64)
                               March 27, 2017

 
To get started, type one of these: helpwin, helpdesk, or demo.
For product information, visit www.mathworks.com.
 
>> >> >> >> Coregistation Script Created on 180604_23_53_57_236
>> >> >> >> >> >> [Warning: Name is nonexistent or not a directory:
/Users/rcwelsh/matlabScripts/WELLES/mfiles] 
[> In path (line 109)
  In addpath (line 86)] 
>> >> >> >> >> 
UMBatchJobName =

    'coregOverlay_180604_23_53_57_236_tehsheng_madcbrai'

>> 
UMBatchProcessName =

    'coregOverlay'

>> >> Initializing the job manager in SPM8

UMReSlice =

     0



Calling UMBatchCoReg with:
/nfs/fmri/Analysis/Sean_Working/Git_MADC/preprocess/../../../Subjects_oldResting/madc1268_scan1/func//run_01/utprun_01.nii
/nfs/fmri/Analysis/Subjects_oldResting/madc1268_scan1/func/coReg/t1mprage.nii
UMReSlice:0
Entering UMBatchCoReg V2.0 for SPM8
Coreging /nfs/fmri/Analysis/Subjects_oldResting/madc1268_scan1/func/coReg/t1mprage.nii to
         /nfs/fmri/Analysis/Sean_Working/Git_MADC/preprocess/../../../Subjects_oldResting/madc1268_scan1/func//run_01/utprun_01.nii


------------------------------------------------------------------------
Running job #1
------------------------------------------------------------------------
Running 'Coregister: Estimate'
iteration 1...
-2.634   0        0        0        0        0        | -1.0456
-2.634   0.6977   0        0        0        0        | -1.0457
-2.634   0.6977   -0.9288  0        0        0        | -1.0458
-2.634   0.6977   -0.9288  0        0        0        | -1.0458
-2.634   0.6977   -0.9288  0        0.001968 0        | -1.0458
-2.634   0.6977   -0.9288  0        0.001968 -0.02125 | -1.0459
iteration 2...
-2.634   0.6977   -0.9288  0        0.001968 -0.02125 | -1.0459
-2.634   1.416    -0.9288  0        0.001968 -0.02125 | -1.046
-2.634   1.416    -1.007   0        0.001968 -0.02125 | -1.046
-2.634   1.416    -1.007   0.001762 0.001968 -0.02125 | -1.046
-2.634   1.416    -1.007   0.001762 0.003851 -0.02125 | -1.046
-2.634   1.416    -1.007   0.001762 0.003851 -0.02415 | -1.046
iteration 3...
-2.634   1.416    -1.007   0.001762 0.003851 -0.02415 | -1.046
-2.634   1.469    -1.007   0.001762 0.003851 -0.02415 | -1.046
-2.634   1.469    -1.097   0.001762 0.003851 -0.02415 | -1.046
-2.634   1.469    -1.097   0.002222 0.003851 -0.02415 | -1.046
-2.634   1.469    -1.097   0.002222 0.003815 -0.02415 | -1.046
-2.634   1.469    -1.097   0.002222 0.003815 -0.02415 | -1.046
iteration 4...
-2.469   1.469    -1.097   0.002222 0.003815 -0.02415 | -1.046
-2.469   1.469    -1.097   0.002222 0.003815 -0.02415 | -1.046
-2.469   1.469    -1.075   0.002222 0.003815 -0.02415 | -1.046
-2.469   1.469    -1.075   0.002972 0.003815 -0.02415 | -1.046
-2.469   1.469    -1.075   0.002972 0.003815 -0.02415 | -1.046
-2.469   1.469    -1.075   0.002972 0.003815 -0.0246  | -1.046
iteration 5...
-2.469   1.469    -1.075   0.002972 0.003815 -0.0246  | -1.046
-2.469   1.469    -1.075   0.002972 0.003815 -0.0246  | -1.046
-2.469   1.469    -1.103   0.002972 0.003815 -0.0246  | -1.046
-2.469   1.469    -1.103   0.002972 0.003815 -0.0246  | -1.046
-2.469   1.469    -1.103   0.002972 0.003815 -0.0246  | -1.046
-2.469   1.469    -1.103   0.002972 0.003815 -0.0246  | -1.046
iteration 6...
-2.469   1.469    -1.103   0.002972 0.003815 -0.0246  | -1.046
-2.469   1.469    -1.103   0.002972 0.003815 -0.0246  | -1.046
-2.469   1.469    -1.103   0.002972 0.003815 -0.0246  | -1.046
-2.469   1.469    -1.103   0.002972 0.003815 -0.0246  | -1.046
-2.469   1.469    -1.103   0.002972 0.003815 -0.0246  | -1.046
-2.469   1.469    -1.103   0.002972 0.003815 -0.0246  | -1.046
iteration 1...
-2.306   1.469    -1.103   0.002972 0.003815 -0.0246  | -1.0461
-2.306   1.522    -1.103   0.002972 0.003815 -0.0246  | -1.0461
-2.306   1.522    -1.324   0.002972 0.003815 -0.0246  | -1.0462
-2.306   1.522    -1.324   0.003297 0.003815 -0.0246  | -1.0462
-2.306   1.522    -1.324   0.003297 0.003815 -0.0246  | -1.0462
-2.306   1.522    -1.324   0.003297 0.003815 -0.01429 | -1.0462
iteration 2...
-2.268   1.522    -1.324   0.003297 0.003815 -0.01429 | -1.0462
-2.268   1.6      -1.324   0.003297 0.003815 -0.01429 | -1.0462
-2.268   1.6      -1.334   0.003297 0.003815 -0.01429 | -1.0462
-2.268   1.6      -1.334   0.003297 0.003815 -0.01429 | -1.0462
-2.268   1.6      -1.334   0.003297 0.003815 -0.01429 | -1.0462
-2.268   1.6      -1.334   0.003297 0.003815 -0.01315 | -1.0462
iteration 3...
-2.258   1.6      -1.334   0.003297 0.003815 -0.01315 | -1.0462
-2.258   1.587    -1.334   0.003297 0.003815 -0.01315 | -1.0462
-2.258   1.587    -1.333   0.003297 0.003815 -0.01315 | -1.0462
-2.258   1.587    -1.333   0.003899 0.003815 -0.01315 | -1.0462
-2.258   1.587    -1.333   0.003899 0.003808 -0.01315 | -1.0462
-2.258   1.587    -1.333   0.003899 0.003808 -0.01315 | -1.0462
iteration 4...
-2.258   1.587    -1.333   0.003899 0.003808 -0.01315 | -1.0462
-2.258   1.587    -1.333   0.003899 0.003808 -0.01315 | -1.0462
-2.258   1.587    -1.353   0.003899 0.003808 -0.01315 | -1.0462
-2.258   1.587    -1.353   0.003899 0.003808 -0.01315 | -1.0462
-2.258   1.587    -1.353   0.003899 0.003861 -0.01315 | -1.0462
-2.258   1.587    -1.353   0.003899 0.003861 -0.01315 | -1.0462
Done    'Coregister: Estimate'
Done

CoReg Done in 27.864137 seconds

All done with coregistration.
>> >> 
No sandbox specified



Start   : Mon Jun  4 23:53:59 EDT 2018
Finish  : Mon Jun  4 23:55:07 EDT 2018


