
                            < M A T L A B (R) >
                  Copyright 1984-2017 The MathWorks, Inc.
                   R2017a (9.2.0.556344) 64-bit (glnxa64)
                               March 27, 2017

 
To get started, type one of these: helpwin, helpdesk, or demo.
For product information, visit www.mathworks.com.
 
>> >> >> >> Coregistation Script Created on 180604_18_11_18_798
>> >> >> >> >> >> [Warning: Name is nonexistent or not a directory:
/Users/rcwelsh/matlabScripts/WELLES/mfiles] 
[> In path (line 109)
  In addpath (line 86)] 
>> >> >> >> >> 
UMBatchJobName =

    'coregOverlay_180604_18_11_18_798_tehsheng_madcbrai'

>> 
UMBatchProcessName =

    'coregOverlay'

>> >> Initializing the job manager in SPM8

UMReSlice =

     0



Calling UMBatchCoReg with:
/nfs/fmri/Analysis/Sean_Working/Git_MADC/preprocess/../../../Subjects_oldResting/madc1415_scan1/func//run_01/utprun_01.nii
/nfs/fmri/Analysis/Subjects_oldResting/madc1415_scan1/func/coReg/t1mprage.nii
UMReSlice:0
Entering UMBatchCoReg V2.0 for SPM8
Coreging /nfs/fmri/Analysis/Subjects_oldResting/madc1415_scan1/func/coReg/t1mprage.nii to
         /nfs/fmri/Analysis/Sean_Working/Git_MADC/preprocess/../../../Subjects_oldResting/madc1415_scan1/func//run_01/utprun_01.nii


------------------------------------------------------------------------
Running job #1
------------------------------------------------------------------------
Running 'Coregister: Estimate'
iteration 1...
-2.683   0        0        0        0        0        | -1.0461
-2.683   3.139    0        0        0        0        | -1.0468
-2.683   3.139    0.6206   0        0        0        | -1.0469
-2.683   3.139    0.6206   -0.1546  0        0        | -1.0474
-2.683   3.139    0.6206   -0.1546  0        0        | -1.0474
-2.683   3.139    0.6206   -0.1546  0        0.02654  | -1.0475
iteration 2...
-2.45    3.139    0.6206   -0.1546  0        0.02654  | -1.0475
-2.45    4.186    0.6206   -0.1546  0        0.02654  | -1.0476
-2.45    4.186    1.382    -0.1546  0        0.02654  | -1.0476
-2.45    4.186    1.382    -0.1999  0        0.02654  | -1.0477
-2.45    4.186    1.382    -0.1999  0.002575 0.02654  | -1.0477
-2.45    4.186    1.382    -0.1999  0.002575 0.0294   | -1.0477
iteration 3...
-2.604   4.186    1.382    -0.1999  0.002575 0.0294   | -1.0477
-2.604   4.948    1.382    -0.1999  0.002575 0.0294   | -1.0478
-2.604   4.948    1.382    -0.1999  0.002575 0.0294   | -1.0478
-2.604   4.948    1.382    -0.2052  0.002575 0.0294   | -1.0478
-2.604   4.948    1.382    -0.2052  0.002575 0.0294   | -1.0478
-2.604   4.948    1.382    -0.2052  0.002575 0.02843  | -1.0478
iteration 4...
-2.497   4.948    1.382    -0.2052  0.002575 0.02843  | -1.0478
-2.497   4.995    1.382    -0.2052  0.002575 0.02843  | -1.0478
-2.497   4.995    1.65     -0.2052  0.002575 0.02843  | -1.0478
-2.497   4.995    1.65     -0.2061  0.002575 0.02843  | -1.0478
-2.497   4.995    1.65     -0.2061  0.002575 0.02843  | -1.0478
-2.497   4.995    1.65     -0.2061  0.002575 0.02843  | -1.0478
iteration 5...
-2.497   4.995    1.65     -0.2061  0.002575 0.02843  | -1.0478
-2.497   5.043    1.65     -0.2061  0.002575 0.02843  | -1.0478
-2.497   5.043    1.671    -0.2061  0.002575 0.02843  | -1.0478
-2.497   5.043    1.671    -0.2082  0.002575 0.02843  | -1.0478
-2.497   5.043    1.671    -0.2082  0.002575 0.02843  | -1.0478
-2.497   5.043    1.671    -0.2082  0.002575 0.02843  | -1.0478
iteration 6...
-2.497   5.043    1.671    -0.2082  0.002575 0.02843  | -1.0478
-2.497   5.082    1.671    -0.2082  0.002575 0.02843  | -1.0478
-2.497   5.082    1.81     -0.2082  0.002575 0.02843  | -1.0478
-2.497   5.082    1.81     -0.2081  0.002575 0.02843  | -1.0478
-2.497   5.082    1.81     -0.2081  0.002575 0.02843  | -1.0478
-2.497   5.082    1.81     -0.2081  0.002575 0.02843  | -1.0478
iteration 7...
-2.516   5.082    1.81     -0.2081  0.002575 0.02843  | -1.0478
-2.516   5.082    1.81     -0.2081  0.002575 0.02843  | -1.0478
-2.516   5.082    1.824    -0.2081  0.002575 0.02843  | -1.0478
-2.516   5.082    1.824    -0.2081  0.002575 0.02843  | -1.0478
-2.516   5.082    1.824    -0.2081  0.003811 0.02843  | -1.0478
-2.516   5.082    1.824    -0.2081  0.003811 0.02843  | -1.0478
iteration 8...
-2.588   5.082    1.824    -0.2081  0.003811 0.02843  | -1.0478
-2.588   5.078    1.824    -0.2081  0.003811 0.02843  | -1.0478
-2.588   5.078    1.824    -0.2081  0.003811 0.02843  | -1.0478
-2.588   5.078    1.824    -0.2081  0.003811 0.02843  | -1.0478
-2.588   5.078    1.824    -0.2081  0.003811 0.02843  | -1.0478
-2.588   5.078    1.824    -0.2081  0.003811 0.02843  | -1.0478
iteration 9...
-2.588   5.078    1.824    -0.2081  0.003811 0.02843  | -1.0478
-2.588   5.078    1.824    -0.2081  0.003811 0.02843  | -1.0478
-2.588   5.078    1.824    -0.2081  0.003811 0.02843  | -1.0478
-2.588   5.078    1.824    -0.2081  0.003811 0.02843  | -1.0478
-2.588   5.078    1.824    -0.2081  0.003811 0.02843  | -1.0478
-2.588   5.078    1.824    -0.2081  0.003811 0.02843  | -1.0478
iteration 1...
-2.676   5.078    1.824    -0.2081  0.003811 0.02843  | -1.0477
-2.676   4.742    1.824    -0.2081  0.003811 0.02843  | -1.0477
-2.676   4.742    1.706    -0.2081  0.003811 0.02843  | -1.0477
-2.676   4.742    1.706    -0.2081  0.003811 0.02843  | -1.0477
-2.676   4.742    1.706    -0.2081  0.02     0.02843  | -1.0477
-2.676   4.742    1.706    -0.2081  0.02     0.022    | -1.0477
iteration 2...
-2.843   4.742    1.706    -0.2081  0.02     0.022    | -1.0477
-2.843   4.742    1.706    -0.2081  0.02     0.022    | -1.0477
-2.843   4.742    1.136    -0.2081  0.02     0.022    | -1.0477
-2.843   4.742    1.136    -0.2051  0.02     0.022    | -1.0477
-2.843   4.742    1.136    -0.2051  0.02728  0.022    | -1.0477
-2.843   4.742    1.136    -0.2051  0.02728  0.01928  | -1.0477
-2.98    4.742    0.6656   -0.2027  0.03328  0.01704  | -1.0477
iteration 3...
-3.038   4.742    0.6656   -0.2027  0.03328  0.01704  | -1.0477
-3.038   5.052    0.6656   -0.2027  0.03328  0.01704  | -1.0477
-3.038   5.052    0.6656   -0.2027  0.03328  0.01704  | -1.0477
-3.038   5.052    0.6656   -0.2074  0.03328  0.01704  | -1.0477
-3.038   5.052    0.6656   -0.2074  0.03328  0.01704  | -1.0477
-3.038   5.052    0.6656   -0.2074  0.03328  0.01704  | -1.0477
iteration 4...
-3.038   5.052    0.6656   -0.2074  0.03328  0.01704  | -1.0477
-3.038   5.069    0.6656   -0.2074  0.03328  0.01704  | -1.0477
-3.038   5.069    0.6656   -0.2074  0.03328  0.01704  | -1.0477
-3.038   5.069    0.6656   -0.2074  0.03328  0.01704  | -1.0477
-3.038   5.069    0.6656   -0.2074  0.03328  0.01704  | -1.0477
-3.038   5.069    0.6656   -0.2074  0.03328  0.01704  | -1.0477
Done    'Coregister: Estimate'
Done

CoReg Done in 37.907933 seconds

All done with coregistration.
>> >> 
No sandbox specified



Start   : Mon Jun  4 18:11:21 EDT 2018
Finish  : Mon Jun  4 18:12:38 EDT 2018


