
                            < M A T L A B (R) >
                  Copyright 1984-2017 The MathWorks, Inc.
                   R2017a (9.2.0.556344) 64-bit (glnxa64)
                               March 27, 2017

 
To get started, type one of these: helpwin, helpdesk, or demo.
For product information, visit www.mathworks.com.
 
>> >> >> >> Coregistation Script Created on 180604_22_44_15_293
>> >> >> >> >> >> [Warning: Name is nonexistent or not a directory:
/Users/rcwelsh/matlabScripts/WELLES/mfiles] 
[> In path (line 109)
  In addpath (line 86)] 
>> >> >> >> >> 
UMBatchJobName =

    'coregOverlay_180604_22_44_15_293_tehsheng_madcbrai'

>> 
UMBatchProcessName =

    'coregOverlay'

>> >> Initializing the job manager in SPM8

UMReSlice =

     0



Calling UMBatchCoReg with:
/nfs/fmri/Analysis/Sean_Working/Git_MADC/preprocess/../../../Subjects_oldResting/madc1362_scan1/func//run_01/utprun_01.nii
/nfs/fmri/Analysis/Subjects_oldResting/madc1362_scan1/func/coReg/t1mprage.nii
UMReSlice:0
Entering UMBatchCoReg V2.0 for SPM8
Coreging /nfs/fmri/Analysis/Subjects_oldResting/madc1362_scan1/func/coReg/t1mprage.nii to
         /nfs/fmri/Analysis/Sean_Working/Git_MADC/preprocess/../../../Subjects_oldResting/madc1362_scan1/func//run_01/utprun_01.nii


------------------------------------------------------------------------
Running job #1
------------------------------------------------------------------------
Running 'Coregister: Estimate'
iteration 1...
-0.3947  0        0        0        0        0        | -1.0447
-0.3947  1.181    0        0        0        0        | -1.0448
-0.3947  1.181    -0.4987  0        0        0        | -1.0448
-0.3947  1.181    -0.4987  -0.04677 0        0        | -1.0455
-0.3947  1.181    -0.4987  -0.04677 0.0108   0        | -1.0456
-0.3947  1.181    -0.4987  -0.04677 0.0108   0.003395 | -1.0456
iteration 2...
-0.5138  1.181    -0.4987  -0.04677 0.0108   0.003395 | -1.0456
-0.5138  0.7857   -0.4987  -0.04677 0.0108   0.003395 | -1.0457
-0.5138  0.7857   -1.384   -0.04677 0.0108   0.003395 | -1.0458
-0.5138  0.7857   -1.384   -0.05399 0.0108   0.003395 | -1.0458
-0.5138  0.7857   -1.384   -0.05399 0.0108   0.003395 | -1.0458
-0.5138  0.7857   -1.384   -0.05399 0.0108   0.01734  | -1.0458
iteration 3...
-0.5539  0.7857   -1.384   -0.05399 0.0108   0.01734  | -1.0458
-0.5539  0.1385   -1.384   -0.05399 0.0108   0.01734  | -1.0459
-0.5539  0.1385   -1.551   -0.05399 0.0108   0.01734  | -1.0459
-0.5539  0.1385   -1.551   -0.06167 0.0108   0.01734  | -1.0459
-0.5539  0.1385   -1.551   -0.06167 0.009721 0.01734  | -1.0459
-0.5539  0.1385   -1.551   -0.06167 0.009721 0.01453  | -1.0459
iteration 4...
-0.5716  0.1385   -1.551   -0.06167 0.009721 0.01453  | -1.0459
-0.5716  0.006821 -1.551   -0.06167 0.009721 0.01453  | -1.0459
-0.5716  0.006821 -1.644   -0.06167 0.009721 0.01453  | -1.0459
-0.5716  0.006821 -1.644   -0.0641  0.009721 0.01453  | -1.0459
-0.5716  0.006821 -1.644   -0.0641  0.009721 0.01453  | -1.0459
-0.5716  0.006821 -1.644   -0.0641  0.009721 0.01626  | -1.0459
-0.6065  -0.2547  -1.829   -0.06891 0.009721 0.0197   | -1.0459
iteration 5...
-0.7874  -0.2547  -1.829   -0.06891 0.009721 0.0197   | -1.046
-0.7874  -0.2547  -1.829   -0.06891 0.009721 0.0197   | -1.046
-0.7874  -0.2547  -1.805   -0.06891 0.009721 0.0197   | -1.046
-0.7874  -0.2547  -1.805   -0.06827 0.009721 0.0197   | -1.046
-0.7874  -0.2547  -1.805   -0.06827 0.009721 0.0197   | -1.046
-0.7874  -0.2547  -1.805   -0.06827 0.009721 0.0197   | -1.046
iteration 6...
-0.7874  -0.2547  -1.805   -0.06827 0.009721 0.0197   | -1.046
-0.7888  -0.2654  -1.812   -0.06847 0.009721 0.01985  | -1.046
-0.7888  -0.2654  -1.842   -0.06847 0.009721 0.01985  | -1.046
-0.7888  -0.2654  -1.842   -0.06845 0.009721 0.01985  | -1.046
-0.7888  -0.2654  -1.842   -0.06845 0.009721 0.01985  | -1.046
-0.7888  -0.2654  -1.842   -0.06845 0.009721 0.01976  | -1.046
iteration 7...
-0.7888  -0.2654  -1.842   -0.06845 0.009721 0.01976  | -1.046
-0.7888  -0.2654  -1.842   -0.06845 0.009721 0.01976  | -1.046
-0.7888  -0.2654  -1.842   -0.06845 0.009721 0.01976  | -1.046
-0.7888  -0.2654  -1.842   -0.06846 0.009721 0.01976  | -1.046
-0.7888  -0.2654  -1.842   -0.06846 0.009721 0.01976  | -1.046
-0.7888  -0.2654  -1.842   -0.06846 0.009721 0.01933  | -1.046
iteration 1...
-0.6814  -0.2654  -1.842   -0.06846 0.009721 0.01933  | -1.0456
-0.6814  -0.4599  -1.842   -0.06846 0.009721 0.01933  | -1.0456
-0.6814  -0.4599  -1.988   -0.06846 0.009721 0.01933  | -1.0456
-0.6814  -0.4599  -1.988   -0.06648 0.009721 0.01933  | -1.0456
-0.6814  -0.4599  -1.988   -0.06648 0.00877  0.01933  | -1.0456
-0.6814  -0.4599  -1.988   -0.06648 0.00877  0.01601  | -1.0456
iteration 2...
-0.6814  -0.4599  -1.988   -0.06648 0.00877  0.01601  | -1.0456
-0.6814  -0.3573  -1.988   -0.06648 0.00877  0.01601  | -1.0456
-0.6814  -0.3573  -1.923   -0.06648 0.00877  0.01601  | -1.0456
-0.6814  -0.3573  -1.923   -0.06548 0.00877  0.01601  | -1.0456
-0.6814  -0.3573  -1.923   -0.06548 0.007846 0.01601  | -1.0456
-0.6814  -0.3573  -1.923   -0.06548 0.007846 0.01528  | -1.0456
iteration 3...
-0.6876  -0.3573  -1.923   -0.06548 0.007846 0.01528  | -1.0456
-0.6876  -0.2947  -1.923   -0.06548 0.007846 0.01528  | -1.0456
-0.6876  -0.2947  -1.909   -0.06548 0.007846 0.01528  | -1.0456
-0.6876  -0.2947  -1.909   -0.06463 0.007846 0.01528  | -1.0456
-0.6876  -0.2947  -1.909   -0.06463 0.007846 0.01528  | -1.0456
-0.6876  -0.2947  -1.909   -0.06463 0.007846 0.01528  | -1.0456
iteration 4...
-0.6876  -0.2947  -1.909   -0.06463 0.007846 0.01528  | -1.0456
-0.6876  -0.274   -1.909   -0.06463 0.007846 0.01528  | -1.0456
-0.6876  -0.274   -1.917   -0.06463 0.007846 0.01528  | -1.0456
-0.6876  -0.274   -1.917   -0.06435 0.007846 0.01528  | -1.0456
-0.6876  -0.274   -1.917   -0.06435 0.007846 0.01528  | -1.0456
-0.6876  -0.274   -1.917   -0.06435 0.007846 0.01528  | -1.0456
-0.6876  -0.2534  -1.925   -0.06407 0.007846 0.01528  | -1.0456
iteration 5...
-0.6876  -0.2534  -1.925   -0.06407 0.007846 0.01528  | -1.0456
-0.6876  -0.2534  -1.925   -0.06407 0.007846 0.01528  | -1.0456
-0.6876  -0.2534  -1.925   -0.06407 0.007846 0.01528  | -1.0456
-0.6876  -0.2534  -1.925   -0.06407 0.007846 0.01528  | -1.0456
-0.6876  -0.2534  -1.925   -0.06407 0.007846 0.01528  | -1.0456
-0.6876  -0.2534  -1.925   -0.06407 0.007846 0.01528  | -1.0456
Done    'Coregister: Estimate'
Done

CoReg Done in 52.948279 seconds

All done with coregistration.
>> >> 
No sandbox specified



Start   : Mon Jun  4 22:44:18 EDT 2018
Finish  : Mon Jun  4 22:46:00 EDT 2018


