
                            < M A T L A B (R) >
                  Copyright 1984-2017 The MathWorks, Inc.
                   R2017a (9.2.0.556344) 64-bit (glnxa64)
                               March 27, 2017

 
To get started, type one of these: helpwin, helpdesk, or demo.
For product information, visit www.mathworks.com.
 
>> >> >> >> Coregistation Script Created on 180604_15_45_02_698
>> >> >> >> >> >> [Warning: Name is nonexistent or not a directory:
/Users/rcwelsh/matlabScripts/WELLES/mfiles] 
[> In path (line 109)
  In addpath (line 86)] 
>> >> >> >> >> 
UMBatchJobName =

    'coregOverlay_180604_15_45_02_698_tehsheng_madcbrai'

>> 
UMBatchProcessName =

    'coregOverlay'

>> >> Initializing the job manager in SPM8

UMReSlice =

     0



Calling UMBatchCoReg with:
/nfs/fmri/Analysis/Sean_Working/Git_MADC/preprocess/../../../Subjects_oldResting/madc1446_scan1/func//run_01/utprun_01.nii
/nfs/fmri/Analysis/Subjects_oldResting/madc1446_scan1/func/coReg/t1mprage.nii
UMReSlice:0
Entering UMBatchCoReg V2.0 for SPM8
Coreging /nfs/fmri/Analysis/Subjects_oldResting/madc1446_scan1/func/coReg/t1mprage.nii to
         /nfs/fmri/Analysis/Sean_Working/Git_MADC/preprocess/../../../Subjects_oldResting/madc1446_scan1/func//run_01/utprun_01.nii


------------------------------------------------------------------------
Running job #1
------------------------------------------------------------------------
Running 'Coregister: Estimate'
iteration 1...
-3.105   0        0        0        0        0        | -1.0462
-3.105   3.366    0        0        0        0        | -1.0478
-3.105   3.366    -4.728   0        0        0        | -1.0503
-3.105   3.366    -4.728   0.00451  0        0        | -1.0503
-3.105   3.366    -4.728   0.00451  -0.01848 0        | -1.0504
-3.105   3.366    -4.728   0.00451  -0.01848 -0.003927 | -1.0504
iteration 2...
-2.638   3.366    -4.728   0.00451  -0.01848 -0.003927 | -1.0505
-2.638   3.152    -4.728   0.00451  -0.01848 -0.003927 | -1.0505
-2.638   3.152    -4.601   0.00451  -0.01848 -0.003927 | -1.0505
-2.638   3.152    -4.601   0.004447 -0.01848 -0.003927 | -1.0505
-2.638   3.152    -4.601   0.004447 -0.01247 -0.003927 | -1.0506
-2.638   3.152    -4.601   0.004447 -0.01247 -0.009527 | -1.0506
iteration 3...
-2.574   3.152    -4.601   0.004447 -0.01247 -0.009527 | -1.0506
-2.574   3.152    -4.601   0.004447 -0.01247 -0.009527 | -1.0506
-2.574   3.152    -4.601   0.004447 -0.01247 -0.009527 | -1.0506
-2.574   3.152    -4.601   0.004447 -0.01247 -0.009527 | -1.0506
-2.574   3.152    -4.601   0.004447 -0.007208 -0.009527 | -1.0506
-2.574   3.152    -4.601   0.004447 -0.007208 -0.009527 | -1.0506
-2.478   3.152    -4.601   0.004447 0.0006491 -0.009527 | -1.0506
iteration 4...
-2.157   3.152    -4.601   0.004447 0.0006491 -0.009527 | -1.0506
-2.157   3.152    -4.601   0.004447 0.0006491 -0.009527 | -1.0506
-2.157   3.152    -4.673   0.004447 0.0006491 -0.009527 | -1.0506
-2.157   3.152    -4.673   -0.0006536 0.0006491 -0.009527 | -1.0506
-2.061   3.152    -4.673   -0.0006536 0.008506 -0.009527 | -1.0506
-2.061   3.152    -4.673   -0.0006536 0.008506 -0.007111 | -1.0506
iteration 5...
-2.078   3.152    -4.673   -0.0006536 0.008506 -0.007111 | -1.0506
-2.078   3.065    -4.673   -0.0006536 0.008506 -0.007111 | -1.0506
-2.078   3.065    -4.732   -0.0006536 0.008506 -0.007111 | -1.0506
-2.078   3.065    -4.732   -0.0006536 0.008506 -0.007111 | -1.0506
-2.08    3.065    -4.732   -0.0006536 0.008306 -0.007111 | -1.0506
-2.08    3.065    -4.732   -0.0006536 0.008306 -0.007111 | -1.0506
iteration 6...
-2.08    3.065    -4.732   -0.0006536 0.008306 -0.007111 | -1.0506
-2.08    3.065    -4.732   -0.0006536 0.008306 -0.007111 | -1.0506
-2.08    3.065    -4.73    -0.0006536 0.008306 -0.007111 | -1.0506
-2.08    3.065    -4.73    -0.0006536 0.008306 -0.007111 | -1.0506
-2.08    3.065    -4.73    -0.0006536 0.008306 -0.007111 | -1.0506
-2.08    3.065    -4.73    -0.0006536 0.008306 -0.007111 | -1.0506
iteration 1...
-2.048   3.065    -4.73    -0.0006536 0.008306 -0.007111 | -1.0506
-2.048   2.8      -4.73    -0.0006536 0.008306 -0.007111 | -1.0507
-2.048   2.8      -4.726   -0.0006536 0.008306 -0.007111 | -1.0507
-2.048   2.8      -4.726   -0.0006536 0.008306 -0.007111 | -1.0507
-2.048   2.8      -4.726   -0.0006536 0.008306 -0.007111 | -1.0507
-2.048   2.8      -4.726   -0.0006536 0.008306 -0.01074 | -1.0507
iteration 2...
-2.048   2.8      -4.726   -0.0006536 0.008306 -0.01074 | -1.0507
-2.048   2.746    -4.726   -0.0006536 0.008306 -0.01074 | -1.0507
-2.048   2.746    -4.722   -0.0006536 0.008306 -0.01074 | -1.0507
-2.048   2.746    -4.722   -0.0006536 0.008306 -0.01074 | -1.0507
-2.048   2.746    -4.722   -0.0006536 0.008306 -0.01074 | -1.0507
-2.048   2.746    -4.722   -0.0006536 0.008306 -0.01074 | -1.0507
iteration 3...
-2.05    2.746    -4.722   -0.0006536 0.008306 -0.01074 | -1.0507
-2.05    2.746    -4.722   -0.0006536 0.008306 -0.01074 | -1.0507
-2.05    2.746    -4.722   -0.0006536 0.008306 -0.01074 | -1.0507
-2.05    2.746    -4.722   -0.0006536 0.008306 -0.01074 | -1.0507
-2.05    2.746    -4.722   -0.0006536 0.008306 -0.01074 | -1.0507
-2.05    2.746    -4.722   -0.0006536 0.008306 -0.01074 | -1.0507
Done    'Coregister: Estimate'
Done

CoReg Done in 30.258517 seconds

All done with coregistration.
>> >> 
No sandbox specified



Start   : Mon Jun  4 15:45:05 EDT 2018
Finish  : Mon Jun  4 15:46:17 EDT 2018


