
                            < M A T L A B (R) >
                  Copyright 1984-2017 The MathWorks, Inc.
                   R2017a (9.2.0.556344) 64-bit (glnxa64)
                               March 27, 2017

 
To get started, type one of these: helpwin, helpdesk, or demo.
For product information, visit www.mathworks.com.
 
>> >> >> >> Coregistation Script Created on 180604_20_17_37_371
>> >> >> >> >> >> [Warning: Name is nonexistent or not a directory:
/Users/rcwelsh/matlabScripts/WELLES/mfiles] 
[> In path (line 109)
  In addpath (line 86)] 
>> >> >> >> >> 
UMBatchJobName =

    'coregOverlay_180604_20_17_37_371_tehsheng_madcbrai'

>> 
UMBatchProcessName =

    'coregOverlay'

>> >> Initializing the job manager in SPM8

UMReSlice =

     0



Calling UMBatchCoReg with:
/nfs/fmri/Analysis/Sean_Working/Git_MADC/preprocess/../../../Subjects_oldResting/madc1393_scan1/func//run_01/utprun_01.nii
/nfs/fmri/Analysis/Subjects_oldResting/madc1393_scan1/func/coReg/t1mprage.nii
UMReSlice:0
Entering UMBatchCoReg V2.0 for SPM8
Coreging /nfs/fmri/Analysis/Subjects_oldResting/madc1393_scan1/func/coReg/t1mprage.nii to
         /nfs/fmri/Analysis/Sean_Working/Git_MADC/preprocess/../../../Subjects_oldResting/madc1393_scan1/func//run_01/utprun_01.nii


------------------------------------------------------------------------
Running job #1
------------------------------------------------------------------------
Running 'Coregister: Estimate'
iteration 1...
-0.4217  0        0        0        0        0        | -1.0458
-0.4217  1.77     0        0        0        0        | -1.0462
-0.4217  1.77     -3.018   0        0        0        | -1.047
-0.4217  1.77     -3.018   0.002918 0        0        | -1.047
-0.4217  1.77     -3.018   0.002918 0.01459  0        | -1.047
-0.4217  1.77     -3.018   0.002918 0.01459  0.002314 | -1.047
iteration 2...
-0.2688  1.77     -3.018   0.002918 0.01459  0.002314 | -1.047
-0.2688  2.17     -3.018   0.002918 0.01459  0.002314 | -1.047
-0.2688  2.17     -3.205   0.002918 0.01459  0.002314 | -1.0471
-0.2688  2.17     -3.205   -0.003088 0.01459  0.002314 | -1.0471
-0.2688  2.17     -3.205   -0.003088 0.01459  0.002314 | -1.0471
-0.2688  2.17     -3.205   -0.003088 0.01459  0.002314 | -1.0471
iteration 3...
-0.3194  2.17     -3.205   -0.003088 0.01459  0.002314 | -1.0471
-0.3194  2.275    -3.205   -0.003088 0.01459  0.002314 | -1.0471
-0.3194  2.275    -3.409   -0.003088 0.01459  0.002314 | -1.0471
-0.3194  2.275    -3.409   -0.003088 0.01459  0.002314 | -1.0471
-0.3194  2.275    -3.409   -0.003088 0.01411  0.002314 | -1.0471
-0.3194  2.275    -3.409   -0.003088 0.01411  0.002314 | -1.0471
iteration 4...
-0.3194  2.275    -3.409   -0.003088 0.01411  0.002314 | -1.0471
-0.3194  2.275    -3.409   -0.003088 0.01411  0.002314 | -1.0471
-0.3194  2.275    -3.409   -0.003088 0.01411  0.002314 | -1.0471
-0.3194  2.275    -3.409   -0.003088 0.01411  0.002314 | -1.0471
-0.3194  2.275    -3.409   -0.003088 0.01394  0.002314 | -1.0471
-0.3194  2.275    -3.409   -0.003088 0.01394  0.002314 | -1.0471
iteration 1...
-0.2122  2.275    -3.409   -0.003088 0.01394  0.002314 | -1.0471
-0.2122  2.275    -3.409   -0.003088 0.01394  0.002314 | -1.0471
-0.2122  2.275    -3.07    -0.003088 0.01394  0.002314 | -1.0471
-0.2122  2.275    -3.07    0.005531 0.01394  0.002314 | -1.0472
-0.2122  2.275    -3.07    0.005531 0.01468  0.002314 | -1.0472
-0.2122  2.275    -3.07    0.005531 0.01468  0.002697 | -1.0472
iteration 2...
-0.1586  2.275    -3.07    0.005531 0.01468  0.002697 | -1.0472
-0.1586  2.175    -3.07    0.005531 0.01468  0.002697 | -1.0472
-0.1586  2.175    -3.181   0.005531 0.01468  0.002697 | -1.0472
-0.1586  2.175    -3.181   0.005531 0.01468  0.002697 | -1.0472
-0.1586  2.175    -3.181   0.005531 0.01468  0.002697 | -1.0472
-0.1586  2.175    -3.181   0.005531 0.01468  0.002697 | -1.0472
iteration 3...
-0.1586  2.175    -3.181   0.005531 0.01468  0.002697 | -1.0472
-0.1586  2.229    -3.181   0.005531 0.01468  0.002697 | -1.0472
-0.1586  2.229    -3.212   0.005531 0.01468  0.002697 | -1.0472
-0.1586  2.229    -3.212   0.006253 0.01468  0.002697 | -1.0472
-0.1586  2.229    -3.212   0.006253 0.01468  0.002697 | -1.0472
-0.1586  2.229    -3.212   0.006253 0.01468  0.002697 | -1.0472
iteration 4...
-0.1586  2.229    -3.212   0.006253 0.01468  0.002697 | -1.0472
-0.1586  2.229    -3.212   0.006253 0.01468  0.002697 | -1.0472
-0.1586  2.229    -3.199   0.006253 0.01468  0.002697 | -1.0472
-0.1586  2.229    -3.199   0.006253 0.01468  0.002697 | -1.0472
-0.1586  2.229    -3.199   0.006253 0.01468  0.002697 | -1.0472
-0.1586  2.229    -3.199   0.006253 0.01468  0.002697 | -1.0472
Done    'Coregister: Estimate'
Done

CoReg Done in 27.319268 seconds

All done with coregistration.
>> >> 
No sandbox specified



Start   : Mon Jun  4 20:17:40 EDT 2018
Finish  : Mon Jun  4 20:18:46 EDT 2018


