
                            < M A T L A B (R) >
                  Copyright 1984-2017 The MathWorks, Inc.
                   R2017a (9.2.0.556344) 64-bit (glnxa64)
                               March 27, 2017

 
To get started, type one of these: helpwin, helpdesk, or demo.
For product information, visit www.mathworks.com.
 
>> >> >> >> Coregistation Script Created on 180604_16_16_14_988
>> >> >> >> >> >> [Warning: Name is nonexistent or not a directory:
/Users/rcwelsh/matlabScripts/WELLES/mfiles] 
[> In path (line 109)
  In addpath (line 86)] 
>> >> >> >> >> 
UMBatchJobName =

    'coregOverlay_180604_16_16_14_988_tehsheng_madcbrai'

>> 
UMBatchProcessName =

    'coregOverlay'

>> >> Initializing the job manager in SPM8

UMReSlice =

     0



Calling UMBatchCoReg with:
/nfs/fmri/Analysis/Sean_Working/Git_MADC/preprocess/../../../Subjects_oldResting/madc1410_scan1/func//run_01/utprun_01.nii
/nfs/fmri/Analysis/Subjects_oldResting/madc1410_scan1/func/coReg/t1mprage.nii
UMReSlice:0
Entering UMBatchCoReg V2.0 for SPM8
Coreging /nfs/fmri/Analysis/Subjects_oldResting/madc1410_scan1/func/coReg/t1mprage.nii to
         /nfs/fmri/Analysis/Sean_Working/Git_MADC/preprocess/../../../Subjects_oldResting/madc1410_scan1/func//run_01/utprun_01.nii


------------------------------------------------------------------------
Running job #1
------------------------------------------------------------------------
Running 'Coregister: Estimate'
iteration 1...
-2.157   0        0        0        0        0        | -1.0566
-2.157   2.232    0        0        0        0        | -1.0574
-2.157   2.232    -1.716   0        0        0        | -1.0578
-2.157   2.232    -1.716   -0.003337 0        0        | -1.0578
-2.157   2.232    -1.716   -0.003337 -0.006739 0        | -1.0579
-2.157   2.232    -1.716   -0.003337 -0.006739 -0.002077 | -1.0579
iteration 2...
-2.136   2.232    -1.716   -0.003337 -0.006739 -0.002077 | -1.0579
-2.136   2.594    -1.716   -0.003337 -0.006739 -0.002077 | -1.0579
-2.136   2.594    -1.898   -0.003337 -0.006739 -0.002077 | -1.0579
-2.136   2.594    -1.898   0.000389 -0.006739 -0.002077 | -1.0579
-2.136   2.594    -1.898   0.000389 -0.004059 -0.002077 | -1.0579
-2.136   2.594    -1.898   0.000389 -0.004059 -0.005392 | -1.0579
-2.11    3.064    -2.135   0.005239 -0.000572 -0.009708 | -1.058
iteration 3...
-1.976   3.064    -2.135   0.005239 -0.000572 -0.009708 | -1.058
-1.971   3.16     -2.184   0.006231 0.0001413 -0.01059 | -1.058
-1.971   3.16     -1.992   0.006231 0.0001413 -0.01059 | -1.058
-1.971   3.16     -1.992   0.01103  0.0001413 -0.01059 | -1.058
-1.971   3.16     -1.992   0.01103  -0.001095 -0.01059 | -1.058
-1.971   3.16     -1.992   0.01103  -0.001095 -0.01059 | -1.058
iteration 4...
-1.949   3.16     -1.992   0.01103  -0.001095 -0.01059 | -1.058
-1.941   3.316    -2.071   0.01263  5.714e-05 -0.01202 | -1.058
-1.941   3.316    -2.028   0.01263  5.714e-05 -0.01202 | -1.058
-1.941   3.316    -2.028   0.01263  5.714e-05 -0.01202 | -1.058
-1.941   3.316    -2.028   0.01263  -0.001244 -0.01202 | -1.058
-1.941   3.316    -2.028   0.01263  -0.001244 -0.01202 | -1.058
iteration 5...
-1.908   3.316    -2.028   0.01263  -0.001244 -0.01202 | -1.058
-1.906   3.347    -2.044   0.01295  -0.001013 -0.0123  | -1.058
-1.906   3.347    -2.044   0.01295  -0.001013 -0.0123  | -1.058
-1.906   3.347    -2.044   0.01295  -0.001013 -0.0123  | -1.058
-1.906   3.347    -2.044   0.01295  -0.001013 -0.0123  | -1.058
-1.906   3.347    -2.044   0.01295  -0.001013 -0.0123  | -1.058
iteration 6...
-1.874   3.347    -2.044   0.01295  -0.001013 -0.0123  | -1.058
-1.874   3.347    -2.044   0.01295  -0.001013 -0.0123  | -1.058
-1.874   3.347    -2.044   0.01295  -0.001013 -0.0123  | -1.058
-1.874   3.347    -2.044   0.01295  -0.001013 -0.0123  | -1.058
-1.874   3.347    -2.044   0.01295  -0.001013 -0.0123  | -1.058
-1.874   3.347    -2.044   0.01295  -0.001013 -0.0123  | -1.058
iteration 7...
-1.874   3.347    -2.044   0.01295  -0.001013 -0.0123  | -1.058
-1.874   3.347    -2.044   0.01295  -0.001013 -0.0123  | -1.058
-1.874   3.347    -2.044   0.01295  -0.001013 -0.0123  | -1.058
-1.874   3.347    -2.044   0.01295  -0.001013 -0.0123  | -1.058
-1.874   3.347    -2.044   0.01295  -0.001013 -0.0123  | -1.058
-1.874   3.347    -2.044   0.01295  -0.001013 -0.0123  | -1.058
iteration 1...
-1.906   3.347    -2.044   0.01295  -0.001013 -0.0123  | -1.058
-1.906   3.084    -2.044   0.01295  -0.001013 -0.0123  | -1.058
-1.906   3.084    -1.916   0.01295  -0.001013 -0.0123  | -1.058
-1.906   3.084    -1.916   0.01397  -0.001013 -0.0123  | -1.058
-1.906   3.084    -1.916   0.01397  -0.002077 -0.0123  | -1.058
-1.906   3.084    -1.916   0.01397  -0.002077 -0.01044 | -1.058
iteration 2...
-1.888   3.084    -1.916   0.01397  -0.002077 -0.01044 | -1.058
-1.888   3.084    -1.916   0.01397  -0.002077 -0.01044 | -1.058
-1.888   3.084    -1.916   0.01397  -0.002077 -0.01044 | -1.058
-1.888   3.084    -1.916   0.01397  -0.002077 -0.01044 | -1.058
-1.888   3.084    -1.916   0.01397  -0.001543 -0.01044 | -1.058
-1.888   3.084    -1.916   0.01397  -0.001543 -0.01044 | -1.058
iteration 3...
-1.888   3.084    -1.916   0.01397  -0.001543 -0.01044 | -1.058
-1.888   3.084    -1.916   0.01397  -0.001543 -0.01044 | -1.058
-1.888   3.084    -1.916   0.01397  -0.001543 -0.01044 | -1.058
-1.888   3.084    -1.916   0.01397  -0.001543 -0.01044 | -1.058
-1.888   3.084    -1.916   0.01397  -0.001543 -0.01044 | -1.058
-1.888   3.084    -1.916   0.01397  -0.001543 -0.01044 | -1.058
Done    'Coregister: Estimate'
Done

CoReg Done in 26.400109 seconds

All done with coregistration.
>> >> 
No sandbox specified



Start   : Mon Jun  4 16:16:17 EDT 2018
Finish  : Mon Jun  4 16:17:24 EDT 2018


