
                            < M A T L A B (R) >
                  Copyright 1984-2017 The MathWorks, Inc.
                   R2017a (9.2.0.556344) 64-bit (glnxa64)
                               March 27, 2017

 
To get started, type one of these: helpwin, helpdesk, or demo.
For product information, visit www.mathworks.com.
 
>> >> >> >> Coregistation Script Created on 180604_17_39_31_818
>> >> >> >> >> >> [Warning: Name is nonexistent or not a directory:
/Users/rcwelsh/matlabScripts/WELLES/mfiles] 
[> In path (line 109)
  In addpath (line 86)] 
>> >> >> >> >> 
UMBatchJobName =

    'coregOverlay_180604_17_39_31_818_tehsheng_madcbrai'

>> 
UMBatchProcessName =

    'coregOverlay'

>> >> Initializing the job manager in SPM8

UMReSlice =

     0



Calling UMBatchCoReg with:
/nfs/fmri/Analysis/Sean_Working/Git_MADC/preprocess/../../../Subjects_oldResting/madc1379_scan1/func//run_01/utprun_01.nii
/nfs/fmri/Analysis/Subjects_oldResting/madc1379_scan1/func/coReg/t1mprage.nii
UMReSlice:0
Entering UMBatchCoReg V2.0 for SPM8
Coreging /nfs/fmri/Analysis/Subjects_oldResting/madc1379_scan1/func/coReg/t1mprage.nii to
         /nfs/fmri/Analysis/Sean_Working/Git_MADC/preprocess/../../../Subjects_oldResting/madc1379_scan1/func//run_01/utprun_01.nii


------------------------------------------------------------------------
Running job #1
------------------------------------------------------------------------
Running 'Coregister: Estimate'
iteration 1...
-3.152   0        0        0        0        0        | -1.0458
-3.152   1.416    0        0        0        0        | -1.0459
-3.152   1.416    -4.095   0        0        0        | -1.0471
-3.152   1.416    -4.095   -0.01644 0        0        | -1.0471
-3.152   1.416    -4.095   -0.01644 -0.03459 0        | -1.0472
-3.152   1.416    -4.095   -0.01644 -0.03459 0        | -1.0472
iteration 2...
-3.019   1.416    -4.095   -0.01644 -0.03459 0        | -1.0472
-3.019   2.441    -4.095   -0.01644 -0.03459 0        | -1.0473
-3.019   2.441    -4.497   -0.01644 -0.03459 0        | -1.0474
-3.019   2.441    -4.497   -0.01644 -0.03459 0        | -1.0474
-3.019   2.441    -4.497   -0.01644 -0.02107 0        | -1.0474
-3.019   2.441    -4.497   -0.01644 -0.02107 -0.02061 | -1.0475
iteration 3...
-3.019   2.441    -4.497   -0.01644 -0.02107 -0.02061 | -1.0475
-3.019   2.838    -4.497   -0.01644 -0.02107 -0.02061 | -1.0475
-3.019   2.838    -4.799   -0.01644 -0.02107 -0.02061 | -1.0475
-3.019   2.838    -4.799   -0.01291 -0.02107 -0.02061 | -1.0475
-3.019   2.838    -4.799   -0.01291 -0.01911 -0.02061 | -1.0475
-3.019   2.838    -4.799   -0.01291 -0.01911 -0.02408 | -1.0475
iteration 4...
-2.769   2.838    -4.799   -0.01291 -0.01911 -0.02408 | -1.0476
-2.769   3.05     -4.799   -0.01291 -0.01911 -0.02408 | -1.0476
-2.769   3.05     -4.781   -0.01291 -0.01911 -0.02408 | -1.0476
-2.769   3.05     -4.781   -0.01373 -0.01911 -0.02408 | -1.0476
-2.769   3.05     -4.781   -0.01373 -0.01547 -0.02408 | -1.0476
-2.769   3.05     -4.781   -0.01373 -0.01547 -0.02693 | -1.0476
iteration 5...
-2.771   3.05     -4.781   -0.01373 -0.01547 -0.02693 | -1.0476
-2.771   3.19     -4.781   -0.01373 -0.01547 -0.02693 | -1.0476
-2.771   3.19     -4.897   -0.01373 -0.01547 -0.02693 | -1.0476
-2.771   3.19     -4.897   -0.01373 -0.01547 -0.02693 | -1.0476
-2.771   3.19     -4.897   -0.01373 -0.01547 -0.02693 | -1.0476
-2.771   3.19     -4.897   -0.01373 -0.01547 -0.02693 | -1.0476
iteration 6...
-2.765   3.19     -4.897   -0.01373 -0.01547 -0.02693 | -1.0476
-2.765   3.19     -4.897   -0.01373 -0.01547 -0.02693 | -1.0476
-2.765   3.19     -4.891   -0.01373 -0.01547 -0.02693 | -1.0476
-2.765   3.19     -4.891   -0.01373 -0.01547 -0.02693 | -1.0476
-2.765   3.19     -4.891   -0.01373 -0.01547 -0.02693 | -1.0476
-2.765   3.19     -4.891   -0.01373 -0.01547 -0.02693 | -1.0476
iteration 1...
-2.603   3.19     -4.891   -0.01373 -0.01547 -0.02693 | -1.0475
-2.603   3.485    -4.891   -0.01373 -0.01547 -0.02693 | -1.0475
-2.603   3.485    -5.291   -0.01373 -0.01547 -0.02693 | -1.0475
-2.603   3.485    -5.291   -0.004618 -0.01547 -0.02693 | -1.0475
-2.603   3.485    -5.291   -0.004618 -0.01641 -0.02693 | -1.0475
-2.603   3.485    -5.291   -0.004618 -0.01641 -0.006932 | -1.0476
iteration 2...
-2.358   3.485    -5.291   -0.004618 -0.01641 -0.006932 | -1.0476
-2.358   3.517    -5.291   -0.004618 -0.01641 -0.006932 | -1.0476
-2.358   3.517    -5.524   -0.004618 -0.01641 -0.006932 | -1.0476
-2.358   3.517    -5.524   0.001858 -0.01641 -0.006932 | -1.0476
-2.358   3.517    -5.524   0.001858 -0.01555 -0.006932 | -1.0476
-2.358   3.517    -5.524   0.001858 -0.01555 -0.00404 | -1.0476
iteration 3...
-2.284   3.517    -5.524   0.001858 -0.01555 -0.00404 | -1.0476
-2.284   3.675    -5.524   0.001858 -0.01555 -0.00404 | -1.0476
-2.284   3.675    -5.6     0.001858 -0.01555 -0.00404 | -1.0476
-2.284   3.675    -5.6     0.001858 -0.01555 -0.00404 | -1.0476
-2.284   3.675    -5.6     0.001858 -0.0134  -0.00404 | -1.0476
-2.284   3.675    -5.6     0.001858 -0.0134  -0.003923 | -1.0476
iteration 4...
-2.212   3.675    -5.6     0.001858 -0.0134  -0.003923 | -1.0476
-2.212   3.675    -5.6     0.001858 -0.0134  -0.003923 | -1.0476
-2.212   3.675    -5.633   0.001858 -0.0134  -0.003923 | -1.0476
-2.212   3.675    -5.633   0.001858 -0.0134  -0.003923 | -1.0476
-2.212   3.675    -5.633   0.001858 -0.01282 -0.003923 | -1.0476
-2.212   3.675    -5.633   0.001858 -0.01282 -0.003923 | -1.0476
iteration 5...
-2.212   3.675    -5.633   0.001858 -0.01282 -0.003923 | -1.0476
-2.212   3.675    -5.633   0.001858 -0.01282 -0.003923 | -1.0476
-2.212   3.675    -5.633   0.001858 -0.01282 -0.003923 | -1.0476
-2.212   3.675    -5.633   0.001858 -0.01282 -0.003923 | -1.0476
-2.212   3.675    -5.633   0.001858 -0.01282 -0.003923 | -1.0476
-2.212   3.675    -5.633   0.001858 -0.01282 -0.003923 | -1.0476
Done    'Coregister: Estimate'
Done

CoReg Done in 37.033086 seconds

All done with coregistration.
>> >> 
No sandbox specified



Start   : Mon Jun  4 17:39:34 EDT 2018
Finish  : Mon Jun  4 17:40:52 EDT 2018


