
                            < M A T L A B (R) >
                  Copyright 1984-2017 The MathWorks, Inc.
                   R2017a (9.2.0.556344) 64-bit (glnxa64)
                               March 27, 2017

 
To get started, type one of these: helpwin, helpdesk, or demo.
For product information, visit www.mathworks.com.
 
>> >> >> >> Coregistation Script Created on 180604_23_33_29_563
>> >> >> >> >> >> [Warning: Name is nonexistent or not a directory:
/Users/rcwelsh/matlabScripts/WELLES/mfiles] 
[> In path (line 109)
  In addpath (line 86)] 
>> >> >> >> >> 
UMBatchJobName =

    'coregOverlay_180604_23_33_29_563_tehsheng_madcbrai'

>> 
UMBatchProcessName =

    'coregOverlay'

>> >> Initializing the job manager in SPM8

UMReSlice =

     0



Calling UMBatchCoReg with:
/nfs/fmri/Analysis/Sean_Working/Git_MADC/preprocess/../../../Subjects_oldResting/madc1493_scan1/func//run_01/utprun_01.nii
/nfs/fmri/Analysis/Subjects_oldResting/madc1493_scan1/func/coReg/t1mprage.nii
UMReSlice:0
Entering UMBatchCoReg V2.0 for SPM8
Coreging /nfs/fmri/Analysis/Subjects_oldResting/madc1493_scan1/func/coReg/t1mprage.nii to
         /nfs/fmri/Analysis/Sean_Working/Git_MADC/preprocess/../../../Subjects_oldResting/madc1493_scan1/func//run_01/utprun_01.nii


------------------------------------------------------------------------
Running job #1
------------------------------------------------------------------------
Running 'Coregister: Estimate'
iteration 1...
-2.473   0        0        0        0        0        | -1.0529
-2.473   0.9219   0        0        0        0        | -1.0531
-2.473   0.9219   -1.088   0        0        0        | -1.0532
-2.473   0.9219   -1.088   0.0218   0        0        | -1.0532
-2.473   0.9219   -1.088   0.0218   0.002077 0        | -1.0532
-2.473   0.9219   -1.088   0.0218   0.002077 0.001764 | -1.0532
iteration 2...
-2.488   0.9219   -1.088   0.0218   0.002077 0.001764 | -1.0532
-2.488   1.007    -1.088   0.0218   0.002077 0.001764 | -1.0532
-2.488   1.007    -1.321   0.0218   0.002077 0.001764 | -1.0532
-2.488   1.007    -1.321   0.01358  0.002077 0.001764 | -1.0533
-2.488   1.007    -1.321   0.01358  0.00256  0.001764 | -1.0533
-2.488   1.007    -1.321   0.01358  0.00256  0.005588 | -1.0533
iteration 3...
-2.488   1.007    -1.321   0.01358  0.00256  0.005588 | -1.0533
-2.488   1.368    -1.321   0.01358  0.00256  0.005588 | -1.0533
-2.488   1.368    -1.295   0.01358  0.00256  0.005588 | -1.0533
-2.488   1.368    -1.295   0.01469  0.00256  0.005588 | -1.0533
-2.488   1.368    -1.295   0.01469  0.005762 0.005588 | -1.0533
-2.488   1.368    -1.295   0.01469  0.005762 0.004798 | -1.0533
iteration 4...
-2.488   1.368    -1.295   0.01469  0.005762 0.004798 | -1.0533
-2.488   1.359    -1.295   0.01469  0.005762 0.004798 | -1.0533
-2.488   1.359    -1.386   0.01469  0.005762 0.004798 | -1.0533
-2.488   1.359    -1.386   0.01505  0.005762 0.004798 | -1.0533
-2.488   1.359    -1.386   0.01505  0.005971 0.004798 | -1.0533
-2.488   1.359    -1.386   0.01505  0.005971 0.004798 | -1.0533
iteration 5...
-2.572   1.359    -1.386   0.01505  0.005971 0.004798 | -1.0533
-2.572   1.359    -1.386   0.01505  0.005971 0.004798 | -1.0533
-2.572   1.359    -1.373   0.01505  0.005971 0.004798 | -1.0533
-2.572   1.359    -1.373   0.01525  0.005971 0.004798 | -1.0533
-2.572   1.359    -1.373   0.01525  0.005971 0.004798 | -1.0533
-2.572   1.359    -1.373   0.01525  0.005971 0.005779 | -1.0533
iteration 6...
-2.572   1.359    -1.373   0.01525  0.005971 0.005779 | -1.0533
-2.572   1.359    -1.373   0.01525  0.005971 0.005779 | -1.0533
-2.572   1.359    -1.369   0.01525  0.005971 0.005779 | -1.0533
-2.572   1.359    -1.369   0.01569  0.005971 0.005779 | -1.0533
-2.572   1.359    -1.369   0.01569  0.005971 0.005779 | -1.0533
-2.572   1.359    -1.369   0.01569  0.005971 0.005779 | -1.0533
iteration 1...
-2.846   1.359    -1.369   0.01569  0.005971 0.005779 | -1.0535
-2.846   1.214    -1.369   0.01569  0.005971 0.005779 | -1.0535
-2.846   1.214    -1.357   0.01569  0.005971 0.005779 | -1.0535
-2.846   1.214    -1.357   0.0103   0.005971 0.005779 | -1.0535
-2.846   1.214    -1.357   0.0103   0.0009785 0.005779 | -1.0535
-2.846   1.214    -1.357   0.0103   0.0009785 0.006645 | -1.0535
iteration 2...
-2.711   1.214    -1.357   0.0103   0.0009785 0.006645 | -1.0535
-2.711   1.341    -1.357   0.0103   0.0009785 0.006645 | -1.0535
-2.711   1.341    -1.33    0.0103   0.0009785 0.006645 | -1.0535
-2.711   1.341    -1.33    0.007395 0.0009785 0.006645 | -1.0535
-2.711   1.341    -1.33    0.007395 -0.001292 0.006645 | -1.0535
-2.711   1.341    -1.33    0.007395 -0.001292 0.006645 | -1.0535
-2.642   1.406    -1.316   0.005919 -0.002444 0.006645 | -1.0535
iteration 3...
-2.642   1.406    -1.316   0.005919 -0.002444 0.006645 | -1.0535
-2.642   1.454    -1.316   0.005919 -0.002444 0.006645 | -1.0535
-2.642   1.454    -1.421   0.005919 -0.002444 0.006645 | -1.0535
-2.642   1.454    -1.421   0.005919 -0.002444 0.006645 | -1.0535
-2.642   1.454    -1.421   0.005919 -0.002444 0.006645 | -1.0535
-2.642   1.454    -1.421   0.005919 -0.002444 0.008315 | -1.0535
iteration 4...
-2.642   1.454    -1.421   0.005919 -0.002444 0.008315 | -1.0535
-2.642   1.454    -1.421   0.005919 -0.002444 0.008315 | -1.0535
-2.642   1.454    -1.421   0.005919 -0.002444 0.008315 | -1.0535
-2.642   1.454    -1.421   0.005919 -0.002444 0.008315 | -1.0535
-2.642   1.454    -1.421   0.005919 -0.002444 0.008315 | -1.0535
-2.642   1.454    -1.421   0.005919 -0.002444 0.008308 | -1.0535
Done    'Coregister: Estimate'
Done

CoReg Done in 29.959285 seconds

All done with coregistration.
>> >> 
No sandbox specified



Start   : Mon Jun  4 23:33:31 EDT 2018
Finish  : Mon Jun  4 23:34:40 EDT 2018


