
                            < M A T L A B (R) >
                  Copyright 1984-2017 The MathWorks, Inc.
                   R2017a (9.2.0.556344) 64-bit (glnxa64)
                               March 27, 2017

 
To get started, type one of these: helpwin, helpdesk, or demo.
For product information, visit www.mathworks.com.
 
>> >> >> >> Coregistation Script Created on 180604_21_26_14_722
>> >> >> >> >> >> [Warning: Name is nonexistent or not a directory:
/Users/rcwelsh/matlabScripts/WELLES/mfiles] 
[> In path (line 109)
  In addpath (line 86)] 
>> >> >> >> >> 
UMBatchJobName =

    'coregOverlay_180604_21_26_14_722_tehsheng_madcbrai'

>> 
UMBatchProcessName =

    'coregOverlay'

>> >> Initializing the job manager in SPM8

UMReSlice =

     0



Calling UMBatchCoReg with:
/nfs/fmri/Analysis/Sean_Working/Git_MADC/preprocess/../../../Subjects_oldResting/madc1357_scan1/func//run_01/utprun_01.nii
/nfs/fmri/Analysis/Subjects_oldResting/madc1357_scan1/func/coReg/t1mprage.nii
UMReSlice:0
Entering UMBatchCoReg V2.0 for SPM8
Coreging /nfs/fmri/Analysis/Subjects_oldResting/madc1357_scan1/func/coReg/t1mprage.nii to
         /nfs/fmri/Analysis/Sean_Working/Git_MADC/preprocess/../../../Subjects_oldResting/madc1357_scan1/func//run_01/utprun_01.nii


------------------------------------------------------------------------
Running job #1
------------------------------------------------------------------------
Running 'Coregister: Estimate'
iteration 1...
-0.8241  0        0        0        0        0        | -1.0478
-0.8241  2.233    0        0        0        0        | -1.0483
-0.8241  2.233    -0.8127  0        0        0        | -1.0483
-0.8241  2.233    -0.8127  -0.02454 0        0        | -1.0485
-0.8241  2.233    -0.8127  -0.02454 0.009764 0        | -1.0485
-0.8241  2.233    -0.8127  -0.02454 0.009764 0        | -1.0485
iteration 2...
-1.155   2.233    -0.8127  -0.02454 0.009764 0        | -1.0486
-1.155   2.69     -0.8127  -0.02454 0.009764 0        | -1.0486
-1.155   2.69     -0.5834  -0.02454 0.009764 0        | -1.0486
-1.155   2.69     -0.5834  -0.02628 0.009764 0        | -1.0486
-1.155   2.69     -0.5834  -0.02628 0.005753 0        | -1.0486
-1.155   2.69     -0.5834  -0.02628 0.005753 -0.002328 | -1.0486
iteration 3...
-1.268   2.69     -0.5834  -0.02628 0.005753 -0.002328 | -1.0486
-1.268   2.712    -0.5834  -0.02628 0.005753 -0.002328 | -1.0486
-1.268   2.712    -0.4579  -0.02628 0.005753 -0.002328 | -1.0486
-1.268   2.712    -0.4579  -0.0277  0.005753 -0.002328 | -1.0486
-1.268   2.712    -0.4579  -0.0277  0.004193 -0.002328 | -1.0486
-1.268   2.712    -0.4579  -0.0277  0.004193 -0.002899 | -1.0486
iteration 4...
-1.294   2.712    -0.4579  -0.0277  0.004193 -0.002899 | -1.0486
-1.294   2.712    -0.4579  -0.0277  0.004193 -0.002899 | -1.0486
-1.294   2.712    -0.4579  -0.0277  0.004193 -0.002899 | -1.0486
-1.294   2.712    -0.4579  -0.02726 0.004193 -0.002899 | -1.0486
-1.294   2.712    -0.4579  -0.02726 0.004193 -0.002899 | -1.0486
-1.294   2.712    -0.4579  -0.02726 0.004193 -0.002899 | -1.0486
iteration 5...
-1.305   2.712    -0.4579  -0.02726 0.004193 -0.002899 | -1.0486
-1.305   2.712    -0.4579  -0.02726 0.004193 -0.002899 | -1.0486
-1.305   2.712    -0.4579  -0.02726 0.004193 -0.002899 | -1.0486
-1.305   2.712    -0.4579  -0.027   0.004193 -0.002899 | -1.0486
-1.305   2.712    -0.4579  -0.027   0.004193 -0.002899 | -1.0486
-1.305   2.712    -0.4579  -0.027   0.004193 -0.002899 | -1.0486
iteration 1...
-1.531   2.712    -0.4579  -0.027   0.004193 -0.002899 | -1.0488
-1.531   2.497    -0.4579  -0.027   0.004193 -0.002899 | -1.0488
-1.531   2.497    -0.04816 -0.027   0.004193 -0.002899 | -1.0488
-1.531   2.497    -0.04816 -0.03202 0.004193 -0.002899 | -1.0488
-1.531   2.497    -0.04816 -0.03202 0.004193 -0.002899 | -1.0488
-1.531   2.497    -0.04816 -0.03202 0.004193 -0.006672 | -1.0488
-2.029   2.022    0.8553   -0.0431  0.004193 -0.01499 | -1.0488
iteration 2...
-2.029   2.022    0.8553   -0.0431  0.004193 -0.01499 | -1.0488
-2.029   2.038    0.8553   -0.0431  0.004193 -0.01499 | -1.0488
-2.029   2.038    0.827    -0.0431  0.004193 -0.01499 | -1.0488
-2.029   2.038    0.827    -0.05103 0.004193 -0.01499 | -1.0488
-2.029   2.038    0.827    -0.05103 0.003472 -0.01499 | -1.0488
-2.029   2.038    0.827    -0.05103 0.003472 -0.01617 | -1.0488
iteration 3...
-2.075   1.994    0.911    -0.05206 0.003472 -0.01694 | -1.0488
-2.075   1.888    0.911    -0.05206 0.003472 -0.01694 | -1.0488
-2.075   1.888    1.061    -0.05206 0.003472 -0.01694 | -1.0488
-2.075   1.888    1.061    -0.05383 0.003472 -0.01694 | -1.0488
-2.075   1.888    1.061    -0.05383 0.003405 -0.01694 | -1.0488
-2.075   1.888    1.061    -0.05383 0.003405 -0.01694 | -1.0488
-2.111   1.774    1.239    -0.05597 0.003354 -0.01753 | -1.0488
iteration 4...
-2.021   1.859    1.076    -0.05398 0.003354 -0.01603 | -1.0488
-2.056   1.745    1.254    -0.05612 0.003303 -0.01662 | -1.0488
-2.056   1.745    1.278    -0.05612 0.003303 -0.01662 | -1.0488
-2.056   1.745    1.278    -0.05616 0.003303 -0.01662 | -1.0488
-2.056   1.745    1.278    -0.05616 0.00335  -0.01662 | -1.0488
-2.056   1.745    1.278    -0.05616 0.00335  -0.01662 | -1.0488
-1.877   1.65     1.406    -0.05676 0.003339 -0.01363 | -1.0489
iteration 5...
-1.849   1.677    1.355    -0.05614 0.003339 -0.01317 | -1.0489
-1.67    1.583    1.483    -0.05674 0.003327 -0.01018 | -1.0489
-1.67    1.583    1.362    -0.05674 0.003327 -0.01018 | -1.0489
-1.67    1.583    1.362    -0.0578  0.003327 -0.01018 | -1.0489
-1.67    1.583    1.362    -0.0578  0.008544 -0.01018 | -1.0489
-1.67    1.583    1.362    -0.0578  0.008544 -0.01172 | -1.0489
iteration 6...
-1.71    1.545    1.433    -0.05867 0.008544 -0.01238 | -1.0489
-1.71    1.545    1.433    -0.05867 0.008544 -0.01238 | -1.0489
-1.71    1.545    1.454    -0.05867 0.008544 -0.01238 | -1.0489
-1.71    1.545    1.454    -0.05867 0.008544 -0.01238 | -1.0489
-1.71    1.545    1.454    -0.05867 0.009476 -0.01238 | -1.0489
-1.71    1.545    1.454    -0.05867 0.009476 -0.01238 | -1.0489
iteration 7...
-1.701   1.554    1.438    -0.05847 0.009476 -0.01223 | -1.0489
-1.717   1.562    1.427    -0.05842 0.009477 -0.0125  | -1.0489
-1.717   1.562    1.46     -0.05842 0.009477 -0.0125  | -1.0489
-1.717   1.562    1.46     -0.05842 0.009477 -0.0125  | -1.0489
-1.717   1.562    1.46     -0.05842 0.00916  -0.0125  | -1.0489
-1.717   1.562    1.46     -0.05842 0.00916  -0.01211 | -1.0489
iteration 8...
-1.717   1.562    1.46     -0.05842 0.00916  -0.01211 | -1.0489
-1.717   1.562    1.46     -0.05842 0.00916  -0.01211 | -1.0489
-1.717   1.562    1.46     -0.05842 0.00916  -0.01211 | -1.0489
-1.717   1.562    1.46     -0.05842 0.00916  -0.01211 | -1.0489
-1.717   1.562    1.46     -0.05842 0.009231 -0.01211 | -1.0489
-1.717   1.562    1.46     -0.05842 0.009231 -0.01211 | -1.0489
Done    'Coregister: Estimate'
Done

CoReg Done in 44.474352 seconds

All done with coregistration.
>> >> 
No sandbox specified



Start   : Mon Jun  4 21:26:20 EDT 2018
Finish  : Mon Jun  4 21:27:42 EDT 2018


