
                            < M A T L A B (R) >
                  Copyright 1984-2017 The MathWorks, Inc.
                   R2017a (9.2.0.556344) 64-bit (glnxa64)
                               March 27, 2017

 
To get started, type one of these: helpwin, helpdesk, or demo.
For product information, visit www.mathworks.com.
 
>> >> >> >> Coregistation Script Created on 180604_19_50_51_393
>> >> >> >> >> >> [Warning: Name is nonexistent or not a directory:
/Users/rcwelsh/matlabScripts/WELLES/mfiles] 
[> In path (line 109)
  In addpath (line 86)] 
>> >> >> >> >> 
UMBatchJobName =

    'coregOverlay_180604_19_50_51_393_tehsheng_madcbrai'

>> 
UMBatchProcessName =

    'coregOverlay'

>> >> Initializing the job manager in SPM8

UMReSlice =

     0



Calling UMBatchCoReg with:
/nfs/fmri/Analysis/Sean_Working/Git_MADC/preprocess/../../../Subjects_oldResting/madc1389_scan1/func//run_01/utprun_01.nii
/nfs/fmri/Analysis/Subjects_oldResting/madc1389_scan1/func/coReg/t1mprage.nii
UMReSlice:0
Entering UMBatchCoReg V2.0 for SPM8
Coreging /nfs/fmri/Analysis/Subjects_oldResting/madc1389_scan1/func/coReg/t1mprage.nii to
         /nfs/fmri/Analysis/Sean_Working/Git_MADC/preprocess/../../../Subjects_oldResting/madc1389_scan1/func//run_01/utprun_01.nii


------------------------------------------------------------------------
Running job #1
------------------------------------------------------------------------
Running 'Coregister: Estimate'
iteration 1...
-2.28    0        0        0        0        0        | -1.044
-2.28    1.099    0        0        0        0        | -1.0441
-2.28    1.099    -2.98    0        0        0        | -1.0457
-2.28    1.099    -2.98    0.002325 0        0        | -1.0457
-2.28    1.099    -2.98    0.002325 -0.009431 0        | -1.0457
-2.28    1.099    -2.98    0.002325 -0.009431 -0.0004246 | -1.0457
iteration 2...
-2.128   1.099    -2.98    0.002325 -0.009431 -0.0004246 | -1.0458
-2.128   1.11     -2.98    0.002325 -0.009431 -0.0004246 | -1.0458
-2.128   1.11     -3.019   0.002325 -0.009431 -0.0004246 | -1.0458
-2.128   1.11     -3.019   0.002325 -0.009431 -0.0004246 | -1.0458
-2.128   1.11     -3.019   0.002325 -0.01096 -0.0004246 | -1.0458
-2.128   1.11     -3.019   0.002325 -0.01096 -0.001101 | -1.0458
iteration 3...
-2.128   1.11     -3.019   0.002325 -0.01096 -0.001101 | -1.0458
-2.128   1.122    -3.019   0.002325 -0.01096 -0.001101 | -1.0458
-2.128   1.122    -3.03    0.002325 -0.01096 -0.001101 | -1.0458
-2.128   1.122    -3.03    0.002325 -0.01096 -0.001101 | -1.0458
-2.128   1.122    -3.03    0.002325 -0.01099 -0.001101 | -1.0458
-2.128   1.122    -3.03    0.002325 -0.01099 -0.001101 | -1.0458
iteration 1...
-2.157   1.122    -3.03    0.002325 -0.01099 -0.001101 | -1.0458
-2.157   1.476    -3.03    0.002325 -0.01099 -0.001101 | -1.0458
-2.157   1.476    -3.081   0.002325 -0.01099 -0.001101 | -1.0458
-2.157   1.476    -3.081   0.007943 -0.01099 -0.001101 | -1.0458
-2.157   1.476    -3.081   0.007943 -0.00367 -0.001101 | -1.0458
-2.157   1.476    -3.081   0.007943 -0.00367 -0.006985 | -1.0458
iteration 2...
-2.157   1.476    -3.081   0.007943 -0.00367 -0.006985 | -1.0458
-2.157   1.415    -3.081   0.007943 -0.00367 -0.006985 | -1.0458
-2.157   1.415    -2.994   0.007943 -0.00367 -0.006985 | -1.0458
-2.157   1.415    -2.994   0.007943 -0.00367 -0.006985 | -1.0458
-2.157   1.415    -2.994   0.007943 -0.00367 -0.006985 | -1.0458
-2.157   1.415    -2.994   0.007943 -0.00367 -0.006985 | -1.0458
iteration 3...
-2.157   1.415    -2.994   0.007943 -0.00367 -0.006985 | -1.0458
-2.157   1.39     -2.994   0.007943 -0.00367 -0.006985 | -1.0458
-2.157   1.39     -2.96    0.007943 -0.00367 -0.006985 | -1.0458
-2.157   1.39     -2.96    0.007943 -0.00367 -0.006985 | -1.0458
-2.157   1.39     -2.96    0.007943 -0.003752 -0.006985 | -1.0458
-2.157   1.39     -2.96    0.007943 -0.003752 -0.006985 | -1.0458
iteration 4...
-2.157   1.39     -2.96    0.007943 -0.003752 -0.006985 | -1.0458
-2.157   1.39     -2.96    0.007943 -0.003752 -0.006985 | -1.0458
-2.157   1.39     -2.977   0.007943 -0.003752 -0.006985 | -1.0458
-2.157   1.39     -2.977   0.007943 -0.003752 -0.006985 | -1.0458
-2.157   1.39     -2.977   0.007943 -0.003752 -0.006985 | -1.0458
-2.157   1.39     -2.977   0.007943 -0.003752 -0.006985 | -1.0458
Done    'Coregister: Estimate'
Done

CoReg Done in 24.974872 seconds

All done with coregistration.
>> >> 
No sandbox specified



Start   : Mon Jun  4 19:50:59 EDT 2018
Finish  : Mon Jun  4 19:52:07 EDT 2018


