
                            < M A T L A B (R) >
                  Copyright 1984-2017 The MathWorks, Inc.
                   R2017a (9.2.0.556344) 64-bit (glnxa64)
                               March 27, 2017

 
To get started, type one of these: helpwin, helpdesk, or demo.
For product information, visit www.mathworks.com.
 
>> >> >> >> Coregistation Script Created on 180604_17_37_04_686
>> >> >> >> >> >> [Warning: Name is nonexistent or not a directory:
/Users/rcwelsh/matlabScripts/WELLES/mfiles] 
[> In path (line 109)
  In addpath (line 86)] 
>> >> >> >> >> 
UMBatchJobName =

    'coregOverlay_180604_17_37_04_686_tehsheng_madcbrai'

>> 
UMBatchProcessName =

    'coregOverlay'

>> >> Initializing the job manager in SPM8

UMReSlice =

     0



Calling UMBatchCoReg with:
/nfs/fmri/Analysis/Sean_Working/Git_MADC/preprocess/../../../Subjects_oldResting/madc1453_scan1/func//run_01/utprun_01.nii
/nfs/fmri/Analysis/Subjects_oldResting/madc1453_scan1/func/coReg/t1mprage.nii
UMReSlice:0
Entering UMBatchCoReg V2.0 for SPM8
Coreging /nfs/fmri/Analysis/Subjects_oldResting/madc1453_scan1/func/coReg/t1mprage.nii to
         /nfs/fmri/Analysis/Sean_Working/Git_MADC/preprocess/../../../Subjects_oldResting/madc1453_scan1/func//run_01/utprun_01.nii


------------------------------------------------------------------------
Running job #1
------------------------------------------------------------------------
Running 'Coregister: Estimate'
iteration 1...
-2.155   0        0        0        0        0        | -1.0557
-2.155   2.455    0        0        0        0        | -1.0567
-2.155   2.455    0.05812  0        0        0        | -1.0567
-2.155   2.455    0.05812  -0.01191 0        0        | -1.0567
-2.155   2.455    0.05812  -0.01191 -0.009891 0        | -1.0568
-2.155   2.455    0.05812  -0.01191 -0.009891 -0.004718 | -1.0568
iteration 2...
-1.939   2.455    0.05812  -0.01191 -0.009891 -0.004718 | -1.0568
-1.939   2.483    0.05812  -0.01191 -0.009891 -0.004718 | -1.0568
-1.939   2.483    -0.0433  -0.01191 -0.009891 -0.004718 | -1.0568
-1.939   2.483    -0.0433  -0.01191 -0.009891 -0.004718 | -1.0568
-1.939   2.483    -0.0433  -0.01191 -0.007725 -0.004718 | -1.0568
-1.939   2.483    -0.0433  -0.01191 -0.007725 -0.006912 | -1.0568
iteration 3...
-1.962   2.483    -0.0433  -0.01191 -0.007725 -0.006912 | -1.0568
-1.962   2.531    -0.0433  -0.01191 -0.007725 -0.006912 | -1.0568
-1.962   2.531    -0.1466  -0.01191 -0.007725 -0.006912 | -1.0568
-1.962   2.531    -0.1466  -0.01303 -0.007725 -0.006912 | -1.0568
-1.962   2.531    -0.1466  -0.01303 -0.00541 -0.006912 | -1.0568
-1.962   2.531    -0.1466  -0.01303 -0.00541 -0.006912 | -1.0568
iteration 4...
-1.967   2.531    -0.1466  -0.01303 -0.00541 -0.006912 | -1.0568
-1.967   2.589    -0.1466  -0.01303 -0.00541 -0.006912 | -1.0568
-1.967   2.589    -0.1466  -0.01303 -0.00541 -0.006912 | -1.0568
-1.967   2.589    -0.1466  -0.01393 -0.00541 -0.006912 | -1.0568
-1.967   2.589    -0.1466  -0.01393 -0.00541 -0.006912 | -1.0568
-1.967   2.589    -0.1466  -0.01393 -0.00541 -0.006912 | -1.0568
iteration 5...
-1.967   2.589    -0.1466  -0.01393 -0.00541 -0.006912 | -1.0568
-1.967   2.589    -0.1466  -0.01393 -0.00541 -0.006912 | -1.0568
-1.967   2.589    -0.2037  -0.01393 -0.00541 -0.006912 | -1.0568
-1.967   2.589    -0.2037  -0.01393 -0.00541 -0.006912 | -1.0568
-1.967   2.589    -0.2037  -0.01393 -0.00541 -0.006912 | -1.0568
-1.967   2.589    -0.2037  -0.01393 -0.00541 -0.006912 | -1.0568
iteration 6...
-1.967   2.589    -0.2037  -0.01393 -0.00541 -0.006912 | -1.0568
-1.967   2.589    -0.2037  -0.01393 -0.00541 -0.006912 | -1.0568
-1.967   2.589    -0.2037  -0.01393 -0.00541 -0.006912 | -1.0568
-1.967   2.589    -0.2037  -0.01393 -0.00541 -0.006912 | -1.0568
-1.967   2.589    -0.2037  -0.01393 -0.00541 -0.006912 | -1.0568
-1.967   2.589    -0.2037  -0.01393 -0.00541 -0.006912 | -1.0568
iteration 1...
-2.183   2.589    -0.2037  -0.01393 -0.00541 -0.006912 | -1.0571
-2.183   2.902    -0.2037  -0.01393 -0.00541 -0.006912 | -1.0571
-2.183   2.902    -0.536   -0.01393 -0.00541 -0.006912 | -1.0571
-2.183   2.902    -0.536   -0.01652 -0.00541 -0.006912 | -1.0571
-2.183   2.902    -0.536   -0.01652 -0.004782 -0.006912 | -1.0571
-2.183   2.902    -0.536   -0.01652 -0.004782 -0.01426 | -1.0572
iteration 2...
-2.183   2.902    -0.536   -0.01652 -0.004782 -0.01426 | -1.0572
-2.183   2.977    -0.536   -0.01652 -0.004782 -0.01426 | -1.0572
-2.183   2.977    -0.5068  -0.01652 -0.004782 -0.01426 | -1.0572
-2.183   2.977    -0.5068  -0.01817 -0.004782 -0.01426 | -1.0572
-2.183   2.977    -0.5068  -0.01817 -0.004782 -0.01426 | -1.0572
-2.183   2.977    -0.5068  -0.01817 -0.004782 -0.01426 | -1.0572
iteration 3...
-2.183   2.977    -0.5068  -0.01817 -0.004782 -0.01426 | -1.0572
-2.183   3        -0.5068  -0.01817 -0.004782 -0.01426 | -1.0572
-2.183   3        -0.5034  -0.01817 -0.004782 -0.01426 | -1.0572
-2.183   3        -0.5034  -0.01791 -0.004782 -0.01426 | -1.0572
-2.183   3        -0.5034  -0.01791 -0.004782 -0.01426 | -1.0572
-2.183   3        -0.5034  -0.01791 -0.004782 -0.01426 | -1.0572
iteration 4...
-2.183   3        -0.5034  -0.01791 -0.004782 -0.01426 | -1.0572
-2.183   3        -0.5034  -0.01791 -0.004782 -0.01426 | -1.0572
-2.183   3        -0.5164  -0.01791 -0.004782 -0.01426 | -1.0572
-2.183   3        -0.5164  -0.01791 -0.004782 -0.01426 | -1.0572
-2.183   3        -0.5164  -0.01791 -0.004782 -0.01426 | -1.0572
-2.183   3        -0.5164  -0.01791 -0.004782 -0.01426 | -1.0572
Done    'Coregister: Estimate'
Done

CoReg Done in 28.697514 seconds

All done with coregistration.
>> >> 
No sandbox specified



Start   : Mon Jun  4 17:37:06 EDT 2018
Finish  : Mon Jun  4 17:38:17 EDT 2018


