
                            < M A T L A B (R) >
                  Copyright 1984-2017 The MathWorks, Inc.
                   R2017a (9.2.0.556344) 64-bit (glnxa64)
                               March 27, 2017

 
To get started, type one of these: helpwin, helpdesk, or demo.
For product information, visit www.mathworks.com.
 
>> >> >> >> Coregistation Script Created on 180604_18_00_39_733
>> >> >> >> >> >> [Warning: Name is nonexistent or not a directory:
/Users/rcwelsh/matlabScripts/WELLES/mfiles] 
[> In path (line 109)
  In addpath (line 86)] 
>> >> >> >> >> 
UMBatchJobName =

    'coregOverlay_180604_18_00_39_733_tehsheng_madcbrai'

>> 
UMBatchProcessName =

    'coregOverlay'

>> >> Initializing the job manager in SPM8

UMReSlice =

     0



Calling UMBatchCoReg with:
/nfs/fmri/Analysis/Sean_Working/Git_MADC/preprocess/../../../Subjects_oldResting/madc1454_scan1/func//run_01/utprun_01.nii
/nfs/fmri/Analysis/Subjects_oldResting/madc1454_scan1/func/coReg/t1mprage.nii
UMReSlice:0
Entering UMBatchCoReg V2.0 for SPM8
Coreging /nfs/fmri/Analysis/Subjects_oldResting/madc1454_scan1/func/coReg/t1mprage.nii to
         /nfs/fmri/Analysis/Sean_Working/Git_MADC/preprocess/../../../Subjects_oldResting/madc1454_scan1/func//run_01/utprun_01.nii


------------------------------------------------------------------------
Running job #1
------------------------------------------------------------------------
Running 'Coregister: Estimate'
iteration 1...
-1.605   0        0        0        0        0        | -1.0581
-1.605   1.264    0        0        0        0        | -1.0583
-1.605   1.264    -2.982   0        0        0        | -1.0586
-1.605   1.264    -2.982   0.03454  0        0        | -1.0588
-1.605   1.264    -2.982   0.03454  -0.01995 0        | -1.0589
-1.605   1.264    -2.982   0.03454  -0.01995 -0.01688 | -1.0589
iteration 2...
-1.605   1.264    -2.982   0.03454  -0.01995 -0.01688 | -1.0589
-1.605   1.621    -2.982   0.03454  -0.01995 -0.01688 | -1.059
-1.605   1.621    -3.296   0.03454  -0.01995 -0.01688 | -1.059
-1.605   1.621    -3.296   0.04251  -0.01995 -0.01688 | -1.059
-1.605   1.621    -3.296   0.04251  -0.01995 -0.01688 | -1.059
-1.605   1.621    -3.296   0.04251  -0.01995 -0.01308 | -1.059
iteration 3...
-1.655   1.621    -3.296   0.04251  -0.01995 -0.01308 | -1.059
-1.655   1.589    -3.296   0.04251  -0.01995 -0.01308 | -1.059
-1.655   1.589    -3.262   0.04251  -0.01995 -0.01308 | -1.059
-1.655   1.589    -3.262   0.04251  -0.01995 -0.01308 | -1.059
-1.655   1.589    -3.262   0.04251  -0.021   -0.01308 | -1.059
-1.655   1.589    -3.262   0.04251  -0.021   -0.01169 | -1.059
iteration 4...
-1.655   1.589    -3.262   0.04251  -0.021   -0.01169 | -1.059
-1.655   1.586    -3.262   0.04251  -0.021   -0.01169 | -1.059
-1.655   1.586    -3.28    0.04251  -0.021   -0.01169 | -1.059
-1.655   1.586    -3.28    0.04187  -0.021   -0.01169 | -1.059
-1.655   1.586    -3.28    0.04187  -0.021   -0.01169 | -1.059
-1.655   1.586    -3.28    0.04187  -0.021   -0.01169 | -1.059
iteration 5...
-1.655   1.586    -3.28    0.04187  -0.021   -0.01169 | -1.059
-1.655   1.586    -3.28    0.04187  -0.021   -0.01169 | -1.059
-1.655   1.586    -3.284   0.04187  -0.021   -0.01169 | -1.059
-1.655   1.586    -3.284   0.04187  -0.021   -0.01169 | -1.059
-1.655   1.586    -3.284   0.04187  -0.021   -0.01169 | -1.059
-1.655   1.586    -3.284   0.04187  -0.021   -0.01169 | -1.059
iteration 1...
-1.722   1.586    -3.284   0.04187  -0.021   -0.01169 | -1.059
-1.722   1.649    -3.284   0.04187  -0.021   -0.01169 | -1.059
-1.722   1.649    -3.758   0.04187  -0.021   -0.01169 | -1.059
-1.722   1.649    -3.758   0.04458  -0.021   -0.01169 | -1.059
-1.722   1.649    -3.758   0.04458  -0.01653 -0.01169 | -1.0591
-1.722   1.649    -3.758   0.04458  -0.01653 -0.01144 | -1.0591
iteration 2...
-1.802   1.649    -3.758   0.04458  -0.01653 -0.01144 | -1.0591
-1.802   1.868    -3.758   0.04458  -0.01653 -0.01144 | -1.0591
-1.802   1.868    -3.758   0.04458  -0.01653 -0.01144 | -1.0591
-1.802   1.868    -3.758   0.04429  -0.01653 -0.01144 | -1.0591
-1.802   1.868    -3.758   0.04429  -0.01653 -0.01144 | -1.0591
-1.802   1.868    -3.758   0.04429  -0.01653 -0.01144 | -1.0591
iteration 3...
-1.802   1.868    -3.758   0.04429  -0.01653 -0.01144 | -1.0591
-1.802   1.868    -3.758   0.04429  -0.01653 -0.01144 | -1.0591
-1.802   1.868    -3.758   0.04429  -0.01653 -0.01144 | -1.0591
-1.802   1.868    -3.758   0.04429  -0.01653 -0.01144 | -1.0591
-1.802   1.868    -3.758   0.04429  -0.01653 -0.01144 | -1.0591
-1.802   1.868    -3.758   0.04429  -0.01653 -0.01144 | -1.0591
Done    'Coregister: Estimate'
Done

CoReg Done in 26.792557 seconds

All done with coregistration.
>> >> 
No sandbox specified



Start   : Mon Jun  4 18:00:41 EDT 2018
Finish  : Mon Jun  4 18:01:52 EDT 2018


