
                            < M A T L A B (R) >
                  Copyright 1984-2017 The MathWorks, Inc.
                   R2017a (9.2.0.556344) 64-bit (glnxa64)
                               March 27, 2017

 
To get started, type one of these: helpwin, helpdesk, or demo.
For product information, visit www.mathworks.com.
 
>> >> >> >> Coregistation Script Created on 180605_00_18_50_591
>> >> >> >> >> >> [Warning: Name is nonexistent or not a directory:
/Users/rcwelsh/matlabScripts/WELLES/mfiles] 
[> In path (line 109)
  In addpath (line 86)] 
>> >> >> >> >> 
UMBatchJobName =

    'coregOverlay_180605_00_18_50_591_tehsheng_madcbrai'

>> 
UMBatchProcessName =

    'coregOverlay'

>> >> Initializing the job manager in SPM8

UMReSlice =

     0



Calling UMBatchCoReg with:
/nfs/fmri/Analysis/Sean_Working/Git_MADC/preprocess/../../../Subjects_oldResting/madc1271_scan1/func//run_01/utprun_01.nii
/nfs/fmri/Analysis/Subjects_oldResting/madc1271_scan1/func/coReg/t1mprage.nii
UMReSlice:0
Entering UMBatchCoReg V2.0 for SPM8
Coreging /nfs/fmri/Analysis/Subjects_oldResting/madc1271_scan1/func/coReg/t1mprage.nii to
         /nfs/fmri/Analysis/Sean_Working/Git_MADC/preprocess/../../../Subjects_oldResting/madc1271_scan1/func//run_01/utprun_01.nii


------------------------------------------------------------------------
Running job #1
------------------------------------------------------------------------
Running 'Coregister: Estimate'
iteration 1...
-3.018   0        0        0        0        0        | -1.0432
-3.018   0.2016   0        0        0        0        | -1.0432
-3.018   0.2016   -0.3736  0        0        0        | -1.0432
-3.018   0.2016   -0.3736  0.03052  0        0        | -1.0434
-3.018   0.2016   -0.3736  0.03052  -0.004465 0        | -1.0434
-3.018   0.2016   -0.3736  0.03052  -0.004465 -0.01287 | -1.0435
iteration 2...
-2.894   0.2016   -0.3736  0.03052  -0.004465 -0.01287 | -1.0435
-2.894   1.12     -0.3736  0.03052  -0.004465 -0.01287 | -1.0435
-2.894   1.12     -1.398   0.03052  -0.004465 -0.01287 | -1.0436
-2.894   1.12     -1.398   0.05599  -0.004465 -0.01287 | -1.0437
-2.894   1.12     -1.398   0.05599  0.01181  -0.01287 | -1.0438
-2.894   1.12     -1.398   0.05599  0.01181  -0.01803 | -1.0438
iteration 3...
-2.859   1.12     -1.398   0.05599  0.01181  -0.01803 | -1.0438
-2.859   1.491    -1.398   0.05599  0.01181  -0.01803 | -1.0438
-2.859   1.491    -1.264   0.05599  0.01181  -0.01803 | -1.0438
-2.859   1.491    -1.264   0.05372  0.01181  -0.01803 | -1.0438
-2.859   1.491    -1.264   0.05372  0.01181  -0.01803 | -1.0438
-2.859   1.491    -1.264   0.05372  0.01181  -0.01803 | -1.0438
iteration 4...
-2.859   1.491    -1.264   0.05372  0.01181  -0.01803 | -1.0438
-2.859   1.491    -1.264   0.05372  0.01181  -0.01803 | -1.0438
-2.859   1.491    -1.164   0.05372  0.01181  -0.01803 | -1.0438
-2.859   1.491    -1.164   0.05372  0.01181  -0.01803 | -1.0438
-2.859   1.491    -1.164   0.05372  0.01181  -0.01803 | -1.0438
-2.859   1.491    -1.164   0.05372  0.01181  -0.01803 | -1.0438
iteration 5...
-2.94    1.491    -1.164   0.05372  0.01181  -0.01803 | -1.0438
-2.94    1.491    -1.164   0.05372  0.01181  -0.01803 | -1.0438
-2.94    1.491    -1.136   0.05372  0.01181  -0.01803 | -1.0438
-2.94    1.491    -1.136   0.05372  0.01181  -0.01803 | -1.0438
-2.94    1.491    -1.136   0.05372  0.009774 -0.01803 | -1.0438
-2.94    1.491    -1.136   0.05372  0.009774 -0.01803 | -1.0438
-3.021   1.491    -1.108   0.05372  0.007743 -0.01803 | -1.0438
iteration 6...
-3.021   1.491    -1.108   0.05372  0.007743 -0.01803 | -1.0438
-3.021   1.491    -1.108   0.05372  0.007743 -0.01803 | -1.0438
-3.021   1.491    -1.179   0.05372  0.007743 -0.01803 | -1.0438
-3.021   1.491    -1.179   0.05344  0.007743 -0.01803 | -1.0438
-3.02    1.491    -1.179   0.05344  0.007765 -0.01803 | -1.0438
-3.02    1.491    -1.179   0.05344  0.007765 -0.01803 | -1.0438
iteration 7...
-3.02    1.491    -1.179   0.05344  0.007765 -0.01803 | -1.0438
-3.02    1.491    -1.179   0.05344  0.007765 -0.01803 | -1.0438
-3.02    1.491    -1.179   0.05344  0.007765 -0.01803 | -1.0438
-3.02    1.491    -1.179   0.05344  0.007765 -0.01803 | -1.0438
-3.02    1.491    -1.179   0.05344  0.007765 -0.01803 | -1.0438
-3.02    1.491    -1.179   0.05344  0.007765 -0.01803 | -1.0438
iteration 1...
-2.705   1.491    -1.179   0.05344  0.007765 -0.01803 | -1.0437
-2.705   2.573    -1.179   0.05344  0.007765 -0.01803 | -1.0439
-2.705   2.573    -1.472   0.05344  0.007765 -0.01803 | -1.0439
-2.705   2.573    -1.472   0.07117  0.007765 -0.01803 | -1.0439
-2.705   2.573    -1.472   0.07117  0.0101   -0.01803 | -1.0439
-2.705   2.573    -1.472   0.07117  0.0101   -0.01424 | -1.0439
iteration 2...
-2.633   2.573    -1.472   0.07117  0.0101   -0.01424 | -1.0439
-2.633   2.848    -1.472   0.07117  0.0101   -0.01424 | -1.044
-2.633   2.848    -1.599   0.07117  0.0101   -0.01424 | -1.044
-2.633   2.848    -1.599   0.07623  0.0101   -0.01424 | -1.044
-2.633   2.848    -1.599   0.07623  0.0101   -0.01424 | -1.044
-2.633   2.848    -1.599   0.07623  0.0101   -0.01424 | -1.044
iteration 3...
-2.554   2.848    -1.599   0.07623  0.0101   -0.01424 | -1.044
-2.554   2.977    -1.599   0.07623  0.0101   -0.01424 | -1.044
-2.554   2.977    -1.618   0.07623  0.0101   -0.01424 | -1.044
-2.554   2.977    -1.618   0.07748  0.0101   -0.01424 | -1.044
-2.554   2.977    -1.618   0.07748  0.01173  -0.01424 | -1.044
-2.554   2.977    -1.618   0.07748  0.01173  -0.01327 | -1.044
iteration 4...
-2.554   2.977    -1.618   0.07748  0.01173  -0.01327 | -1.044
-2.554   2.977    -1.618   0.07748  0.01173  -0.01327 | -1.044
-2.554   2.977    -1.6     0.07748  0.01173  -0.01327 | -1.044
-2.554   2.977    -1.6     0.07748  0.01173  -0.01327 | -1.044
-2.554   2.977    -1.6     0.07748  0.01234  -0.01327 | -1.044
-2.554   2.977    -1.6     0.07748  0.01234  -0.01333 | -1.044
iteration 5...
-2.554   2.977    -1.6     0.07748  0.01234  -0.01333 | -1.044
-2.554   2.977    -1.6     0.07748  0.01234  -0.01333 | -1.044
-2.554   2.977    -1.593   0.07748  0.01234  -0.01333 | -1.044
-2.554   2.977    -1.593   0.07757  0.01234  -0.01333 | -1.044
-2.554   2.977    -1.593   0.07757  0.01234  -0.01333 | -1.044
-2.554   2.977    -1.593   0.07757  0.01234  -0.01335 | -1.044
Done    'Coregister: Estimate'
Done

CoReg Done in 32.480145 seconds

All done with coregistration.
>> >> 
No sandbox specified



Start   : Tue Jun  5 00:18:52 EDT 2018
Finish  : Tue Jun  5 00:20:01 EDT 2018


