
                            < M A T L A B (R) >
                  Copyright 1984-2017 The MathWorks, Inc.
                   R2017a (9.2.0.556344) 64-bit (glnxa64)
                               March 27, 2017

 
To get started, type one of these: helpwin, helpdesk, or demo.
For product information, visit www.mathworks.com.
 
>> >> >> >> Coregistation Script Created on 180604_19_05_17_609
>> >> >> >> >> >> [Warning: Name is nonexistent or not a directory:
/Users/rcwelsh/matlabScripts/WELLES/mfiles] 
[> In path (line 109)
  In addpath (line 86)] 
>> >> >> >> >> 
UMBatchJobName =

    'coregOverlay_180604_19_05_17_609_tehsheng_madcbrai'

>> 
UMBatchProcessName =

    'coregOverlay'

>> >> Initializing the job manager in SPM8

UMReSlice =

     0



Calling UMBatchCoReg with:
/nfs/fmri/Analysis/Sean_Working/Git_MADC/preprocess/../../../Subjects_oldResting/madc1420_scan1/func//run_01/utprun_01.nii
/nfs/fmri/Analysis/Subjects_oldResting/madc1420_scan1/func/coReg/t1mprage.nii
UMReSlice:0
Entering UMBatchCoReg V2.0 for SPM8
Coreging /nfs/fmri/Analysis/Subjects_oldResting/madc1420_scan1/func/coReg/t1mprage.nii to
         /nfs/fmri/Analysis/Sean_Working/Git_MADC/preprocess/../../../Subjects_oldResting/madc1420_scan1/func//run_01/utprun_01.nii


------------------------------------------------------------------------
Running job #1
------------------------------------------------------------------------
Running 'Coregister: Estimate'
iteration 1...
-2.805   0        0        0        0        0        | -1.046
-2.805   1.241    0        0        0        0        | -1.0461
-2.805   1.241    -4.346   0        0        0        | -1.0486
-2.805   1.241    -4.346   0.003666 0        0        | -1.0487
-2.805   1.241    -4.346   0.003666 0        0        | -1.0487
-2.805   1.241    -4.346   0.003666 0        -0.004701 | -1.0487
iteration 2...
-2.645   1.241    -4.346   0.003666 0        -0.004701 | -1.0487
-2.645   1.38     -4.346   0.003666 0        -0.004701 | -1.0487
-2.645   1.38     -4.251   0.003666 0        -0.004701 | -1.0487
-2.645   1.38     -4.251   0.003666 0        -0.004701 | -1.0487
-2.645   1.38     -4.251   0.003666 0.0008504 -0.004701 | -1.0487
-2.645   1.38     -4.251   0.003666 0.0008504 -0.02941 | -1.0487
iteration 3...
-2.662   1.38     -4.251   0.003666 0.0008504 -0.02941 | -1.0487
-2.662   1.78     -4.251   0.003666 0.0008504 -0.02941 | -1.0487
-2.662   1.78     -4.21    0.003666 0.0008504 -0.02941 | -1.0487
-2.662   1.78     -4.21    0.0005686 0.0008504 -0.02941 | -1.0487
-2.662   1.78     -4.21    0.0005686 -0.001145 -0.02941 | -1.0487
-2.662   1.78     -4.21    0.0005686 -0.001145 -0.02941 | -1.0487
iteration 4...
-2.667   1.78     -4.21    0.0005686 -0.001145 -0.02941 | -1.0487
-2.667   1.78     -4.21    0.0005686 -0.001145 -0.02941 | -1.0487
-2.667   1.78     -4.306   0.0005686 -0.001145 -0.02941 | -1.0487
-2.667   1.78     -4.306   0.0005686 -0.001145 -0.02941 | -1.0487
-2.667   1.78     -4.306   0.0005686 -0.001145 -0.02941 | -1.0487
-2.667   1.78     -4.306   0.0005686 -0.001145 -0.02941 | -1.0487
iteration 5...
-2.667   1.78     -4.306   0.0005686 -0.001145 -0.02941 | -1.0487
-2.667   1.78     -4.306   0.0005686 -0.001145 -0.02941 | -1.0487
-2.667   1.78     -4.306   0.0005686 -0.001145 -0.02941 | -1.0487
-2.667   1.78     -4.306   0.0005686 -0.001145 -0.02941 | -1.0487
-2.667   1.78     -4.306   0.0005686 -0.001145 -0.02941 | -1.0487
-2.667   1.78     -4.306   0.0005686 -0.001145 -0.02941 | -1.0487
iteration 1...
-2.632   1.78     -4.306   0.0005686 -0.001145 -0.02941 | -1.049
-2.632   1.477    -4.306   0.0005686 -0.001145 -0.02941 | -1.049
-2.632   1.477    -4.261   0.0005686 -0.001145 -0.02941 | -1.0491
-2.632   1.477    -4.261   0.0005686 -0.001145 -0.02941 | -1.0491
-2.632   1.477    -4.261   0.0005686 -0.001145 -0.02941 | -1.0491
-2.632   1.477    -4.261   0.0005686 -0.001145 -0.0192  | -1.0491
iteration 2...
-2.607   1.477    -4.261   0.0005686 -0.001145 -0.0192  | -1.0491
-2.607   1.419    -4.261   0.0005686 -0.001145 -0.0192  | -1.0491
-2.607   1.419    -4.261   0.0005686 -0.001145 -0.0192  | -1.0491
-2.607   1.419    -4.261   0.0005686 -0.001145 -0.0192  | -1.0491
-2.607   1.419    -4.261   0.0005686 -0.001366 -0.0192  | -1.0491
-2.607   1.419    -4.261   0.0005686 -0.001366 -0.0192  | -1.0491
iteration 3...
-2.592   1.419    -4.261   0.0005686 -0.001366 -0.0192  | -1.0491
-2.592   1.419    -4.261   0.0005686 -0.001366 -0.0192  | -1.0491
-2.592   1.419    -4.246   0.0005686 -0.001366 -0.0192  | -1.0491
-2.592   1.419    -4.246   0.0005686 -0.001366 -0.0192  | -1.0491
-2.592   1.419    -4.246   0.0005686 -0.001366 -0.0192  | -1.0491
-2.592   1.419    -4.246   0.0005686 -0.001366 -0.0192  | -1.0491
iteration 4...
-2.592   1.419    -4.246   0.0005686 -0.001366 -0.0192  | -1.0491
-2.592   1.419    -4.246   0.0005686 -0.001366 -0.0192  | -1.0491
-2.592   1.419    -4.246   0.0005686 -0.001366 -0.0192  | -1.0491
-2.592   1.419    -4.246   0.0005686 -0.001366 -0.0192  | -1.0491
-2.592   1.419    -4.246   0.0005686 -0.001366 -0.0192  | -1.0491
-2.592   1.419    -4.246   0.0005686 -0.001366 -0.0192  | -1.0491
Done    'Coregister: Estimate'
Done

CoReg Done in 47.409584 seconds

All done with coregistration.
>> >> 
No sandbox specified



Start   : Mon Jun  4 19:05:20 EDT 2018
Finish  : Mon Jun  4 19:06:55 EDT 2018


