
                            < M A T L A B (R) >
                  Copyright 1984-2017 The MathWorks, Inc.
                   R2017a (9.2.0.556344) 64-bit (glnxa64)
                               March 27, 2017

 
To get started, type one of these: helpwin, helpdesk, or demo.
For product information, visit www.mathworks.com.
 
>> >> >> >> Coregistation Script Created on 180604_15_44_50_682
>> >> >> >> >> >> [Warning: Name is nonexistent or not a directory:
/Users/rcwelsh/matlabScripts/WELLES/mfiles] 
[> In path (line 109)
  In addpath (line 86)] 
>> >> >> >> >> 
UMBatchJobName =

    'coregOverlay_180604_15_44_50_682_tehsheng_madcbrai'

>> 
UMBatchProcessName =

    'coregOverlay'

>> >> Initializing the job manager in SPM8

UMReSlice =

     0



Calling UMBatchCoReg with:
/nfs/fmri/Analysis/Sean_Working/Git_MADC/preprocess/../../../Subjects_oldResting/madc1372_scan1/func//run_01/utprun_01.nii
/nfs/fmri/Analysis/Subjects_oldResting/madc1372_scan1/func/coReg/t1mprage.nii
UMReSlice:0
Entering UMBatchCoReg V2.0 for SPM8
Coreging /nfs/fmri/Analysis/Subjects_oldResting/madc1372_scan1/func/coReg/t1mprage.nii to
         /nfs/fmri/Analysis/Sean_Working/Git_MADC/preprocess/../../../Subjects_oldResting/madc1372_scan1/func//run_01/utprun_01.nii


------------------------------------------------------------------------
Running job #1
------------------------------------------------------------------------
Running 'Coregister: Estimate'
iteration 1...
-2.366   0        0        0        0        0        | -1.053
-2.366   2.094    0        0        0        0        | -1.0537
-2.366   2.094    -1.098   0        0        0        | -1.0539
-2.366   2.094    -1.098   0.0003624 0        0        | -1.0539
-2.366   2.094    -1.098   0.0003624 -0.01737 0        | -1.0539
-2.366   2.094    -1.098   0.0003624 -0.01737 -0.01062 | -1.0539
iteration 2...
-2.349   2.094    -1.098   0.0003624 -0.01737 -0.01062 | -1.0539
-2.349   2.461    -1.098   0.0003624 -0.01737 -0.01062 | -1.054
-2.349   2.461    -1.006   0.0003624 -0.01737 -0.01062 | -1.054
-2.349   2.461    -1.006   -0.001047 -0.01737 -0.01062 | -1.054
-2.349   2.461    -1.006   -0.001047 -0.02166 -0.01062 | -1.054
-2.349   2.461    -1.006   -0.001047 -0.02166 -0.006856 | -1.054
-2.338   2.704    -0.9447  -0.00198 -0.02451 -0.004361 | -1.054
iteration 3...
-2.221   2.704    -0.9447  -0.00198 -0.02451 -0.004361 | -1.054
-2.22    2.719    -0.9411  -0.002035 -0.02468 -0.004214 | -1.054
-2.22    2.719    -0.9106  -0.002035 -0.02468 -0.004214 | -1.054
-2.22    2.719    -0.9106  -0.0007424 -0.02468 -0.004214 | -1.054
-2.22    2.719    -0.9106  -0.0007424 -0.02468 -0.004214 | -1.054
-2.22    2.719    -0.9106  -0.0007424 -0.02468 -0.004214 | -1.054
iteration 4...
-2.22    2.719    -0.9106  -0.0007424 -0.02468 -0.004214 | -1.054
-2.22    2.719    -0.9106  -0.0007424 -0.02468 -0.004214 | -1.054
-2.22    2.719    -0.9174  -0.0007424 -0.02468 -0.004214 | -1.054
-2.22    2.719    -0.9174  -0.0007424 -0.02468 -0.004214 | -1.054
-2.22    2.719    -0.9174  -0.0007424 -0.02468 -0.004214 | -1.054
-2.22    2.719    -0.9174  -0.0007424 -0.02468 -0.004214 | -1.054
iteration 1...
-1.819   2.719    -0.9174  -0.0007424 -0.02468 -0.004214 | -1.0541
-1.819   2.433    -0.9174  -0.0007424 -0.02468 -0.004214 | -1.0541
-1.819   2.433    -0.7713  -0.0007424 -0.02468 -0.004214 | -1.0541
-1.819   2.433    -0.7713  0.004901 -0.02468 -0.004214 | -1.0541
-1.819   2.433    -0.7713  0.004901 -0.02816 -0.004214 | -1.0541
-1.819   2.433    -0.7713  0.004901 -0.02816 0.0001266 | -1.0541
iteration 2...
-1.679   2.433    -0.7713  0.004901 -0.02816 0.0001266 | -1.0541
-1.679   2.356    -0.7713  0.004901 -0.02816 0.0001266 | -1.0541
-1.679   2.356    -0.8954  0.004901 -0.02816 0.0001266 | -1.0541
-1.679   2.356    -0.8954  0.007152 -0.02816 0.0001266 | -1.0541
-1.679   2.356    -0.8954  0.007152 -0.0292  0.0001266 | -1.0541
-1.679   2.356    -0.8954  0.007152 -0.0292  0.0005788 | -1.0541
iteration 3...
-1.666   2.356    -0.8954  0.007152 -0.0292  0.0005788 | -1.0541
-1.666   2.33     -0.8954  0.007152 -0.0292  0.0005788 | -1.0541
-1.666   2.33     -0.9381  0.007152 -0.0292  0.0005788 | -1.0542
-1.666   2.33     -0.9381  0.008096 -0.0292  0.0005788 | -1.0542
-1.666   2.33     -0.9381  0.008096 -0.0292  0.0005788 | -1.0542
-1.666   2.33     -0.9381  0.008096 -0.0292  0.0005788 | -1.0542
-1.62    2.242    -1.086   0.01138  -0.0292  0.0005788 | -1.0542
iteration 4...
-1.663   2.242    -1.086   0.01138  -0.0292  0.0005788 | -1.0542
-1.653   2.223    -1.119   0.01209  -0.0292  0.0005788 | -1.0542
-1.653   2.223    -1.126   0.01209  -0.0292  0.0005788 | -1.0542
-1.653   2.223    -1.126   0.01209  -0.0292  0.0005788 | -1.0542
-1.653   2.223    -1.126   0.01209  -0.03058 0.0005788 | -1.0542
-1.653   2.223    -1.126   0.01209  -0.03058 0.0002937 | -1.0542
iteration 5...
-1.653   2.223    -1.126   0.01209  -0.03058 0.0002937 | -1.0542
-1.646   2.21     -1.149   0.01259  -0.03058 0.0002937 | -1.0542
-1.646   2.21     -1.107   0.01259  -0.03058 0.0002937 | -1.0542
-1.646   2.21     -1.107   0.01259  -0.03058 0.0002937 | -1.0542
-1.646   2.21     -1.107   0.01259  -0.03058 0.0002937 | -1.0542
-1.646   2.21     -1.107   0.01259  -0.03058 0.0002937 | -1.0542
iteration 6...
-1.646   2.21     -1.107   0.01259  -0.03058 0.0002937 | -1.0542
-1.646   2.21     -1.107   0.01259  -0.03058 0.0002937 | -1.0542
-1.646   2.21     -1.107   0.01259  -0.03058 0.0002937 | -1.0542
-1.646   2.21     -1.107   0.01259  -0.03058 0.0002937 | -1.0542
-1.646   2.21     -1.107   0.01259  -0.03058 0.0002937 | -1.0542
-1.646   2.21     -1.107   0.01259  -0.03058 0.0002937 | -1.0542
Done    'Coregister: Estimate'
Done

CoReg Done in 39.960396 seconds

All done with coregistration.
>> >> 
No sandbox specified



Start   : Mon Jun  4 15:44:53 EDT 2018
Finish  : Mon Jun  4 15:46:16 EDT 2018


