
                            < M A T L A B (R) >
                  Copyright 1984-2017 The MathWorks, Inc.
                   R2017a (9.2.0.556344) 64-bit (glnxa64)
                               March 27, 2017

 
To get started, type one of these: helpwin, helpdesk, or demo.
For product information, visit www.mathworks.com.
 
>> >> >> >> Coregistation Script Created on 180604_18_26_05_519
>> >> >> >> >> >> [Warning: Name is nonexistent or not a directory:
/Users/rcwelsh/matlabScripts/WELLES/mfiles] 
[> In path (line 109)
  In addpath (line 86)] 
>> >> >> >> >> 
UMBatchJobName =

    'coregOverlay_180604_18_26_05_519_tehsheng_madcbrai'

>> 
UMBatchProcessName =

    'coregOverlay'

>> >> Initializing the job manager in SPM8

UMReSlice =

     0



Calling UMBatchCoReg with:
/nfs/fmri/Analysis/Sean_Working/Git_MADC/preprocess/../../../Subjects_oldResting/madc1457_scan1/func//run_01/utprun_01.nii
/nfs/fmri/Analysis/Subjects_oldResting/madc1457_scan1/func/coReg/t1mprage.nii
UMReSlice:0
Entering UMBatchCoReg V2.0 for SPM8
Coreging /nfs/fmri/Analysis/Subjects_oldResting/madc1457_scan1/func/coReg/t1mprage.nii to
         /nfs/fmri/Analysis/Sean_Working/Git_MADC/preprocess/../../../Subjects_oldResting/madc1457_scan1/func//run_01/utprun_01.nii


------------------------------------------------------------------------
Running job #1
------------------------------------------------------------------------
Running 'Coregister: Estimate'
iteration 1...
-2.922   0        0        0        0        0        | -1.0571
-2.922   1.796    0        0        0        0        | -1.0576
-2.922   1.796    -2.219   0        0        0        | -1.0581
-2.922   1.796    -2.219   0.01384  0        0        | -1.0581
-2.922   1.796    -2.219   0.01384  0        0        | -1.0581
-2.922   1.796    -2.219   0.01384  0        -0.01699 | -1.0582
iteration 2...
-2.54    1.796    -2.219   0.01384  0        -0.01699 | -1.0582
-2.54    1.373    -2.219   0.01384  0        -0.01699 | -1.0583
-2.54    1.373    -2.09    0.01384  0        -0.01699 | -1.0583
-2.54    1.373    -2.09    0.01841  0        -0.01699 | -1.0583
-2.54    1.373    -2.09    0.01841  -0.009954 -0.01699 | -1.0583
-2.54    1.373    -2.09    0.01841  -0.009954 -0.01577 | -1.0583
iteration 3...
-2.642   1.373    -2.09    0.01841  -0.009954 -0.01577 | -1.0583
-2.642   1.106    -2.09    0.01841  -0.009954 -0.01577 | -1.0583
-2.642   1.106    -2.022   0.01841  -0.009954 -0.01577 | -1.0583
-2.642   1.106    -2.022   0.02328  -0.009954 -0.01577 | -1.0583
-2.642   1.106    -2.022   0.02328  -0.009954 -0.01577 | -1.0583
-2.642   1.106    -2.022   0.02328  -0.009954 -0.01772 | -1.0583
-2.71    0.9303   -1.976   0.02648  -0.009954 -0.01901 | -1.0583
iteration 4...
-2.71    0.9303   -1.976   0.02648  -0.009954 -0.01901 | -1.0583
-2.718   0.9094   -1.971   0.02686  -0.009954 -0.01916 | -1.0583
-2.718   0.9094   -1.971   0.02686  -0.009954 -0.01916 | -1.0583
-2.718   0.9094   -1.971   0.02686  -0.009954 -0.01916 | -1.0583
-2.718   0.9094   -1.971   0.02686  -0.01212 -0.01916 | -1.0583
-2.718   0.9094   -1.971   0.02686  -0.01212 -0.01936 | -1.0583
iteration 5...
-2.698   0.9094   -1.971   0.02686  -0.01212 -0.01936 | -1.0583
-2.706   0.8889   -1.966   0.02723  -0.01212 -0.01951 | -1.0583
-2.706   0.8889   -1.954   0.02723  -0.01212 -0.01951 | -1.0583
-2.706   0.8889   -1.954   0.02727  -0.01212 -0.01951 | -1.0583
-2.706   0.8889   -1.954   0.02727  -0.01167 -0.01951 | -1.0583
-2.706   0.8889   -1.954   0.02727  -0.01167 -0.01951 | -1.0583
iteration 6...
-2.714   0.8889   -1.954   0.02727  -0.01167 -0.01951 | -1.0583
-2.714   0.8889   -1.954   0.02727  -0.01167 -0.01951 | -1.0583
-2.714   0.8889   -1.954   0.02727  -0.01167 -0.01951 | -1.0583
-2.714   0.8889   -1.954   0.02811  -0.01167 -0.01951 | -1.0583
-2.714   0.8889   -1.954   0.02811  -0.01167 -0.01951 | -1.0583
-2.714   0.8889   -1.954   0.02811  -0.01167 -0.01902 | -1.0583
iteration 7...
-2.714   0.8889   -1.954   0.02811  -0.01167 -0.01902 | -1.0583
-2.711   0.8964   -1.956   0.02797  -0.01167 -0.01896 | -1.0583
-2.711   0.8964   -1.956   0.02797  -0.01167 -0.01896 | -1.0583
-2.711   0.8964   -1.956   0.02797  -0.01167 -0.01896 | -1.0583
-2.711   0.8964   -1.956   0.02797  -0.01185 -0.01896 | -1.0583
-2.711   0.8964   -1.956   0.02797  -0.01185 -0.01896 | -1.0583
iteration 1...
-2.475   0.8964   -1.956   0.02797  -0.01185 -0.01896 | -1.0584
-2.475   1.125    -1.956   0.02797  -0.01185 -0.01896 | -1.0584
-2.475   1.125    -2.775   0.02797  -0.01185 -0.01896 | -1.0584
-2.475   1.125    -2.775   0.02797  -0.01185 -0.01896 | -1.0584
-2.475   1.125    -2.775   0.02797  -0.007008 -0.01896 | -1.0584
-2.475   1.125    -2.775   0.02797  -0.007008 -0.01733 | -1.0584
iteration 2...
-2.577   1.125    -2.775   0.02797  -0.007008 -0.01733 | -1.0584
-2.577   1.16     -2.775   0.02797  -0.007008 -0.01733 | -1.0584
-2.577   1.16     -2.678   0.02797  -0.007008 -0.01733 | -1.0584
-2.577   1.16     -2.678   0.02797  -0.007008 -0.01733 | -1.0584
-2.577   1.16     -2.678   0.02797  -0.003312 -0.01733 | -1.0584
-2.577   1.16     -2.678   0.02797  -0.003312 -0.01651 | -1.0584
iteration 3...
-2.626   1.16     -2.678   0.02797  -0.003312 -0.01651 | -1.0584
-2.626   1.16     -2.678   0.02797  -0.003312 -0.01651 | -1.0584
-2.626   1.16     -2.626   0.02797  -0.003312 -0.01651 | -1.0584
-2.626   1.16     -2.626   0.02797  -0.003312 -0.01651 | -1.0584
-2.626   1.16     -2.626   0.02797  -0.003312 -0.01651 | -1.0584
-2.626   1.16     -2.626   0.02797  -0.003312 -0.01651 | -1.0584
iteration 4...
-2.621   1.16     -2.626   0.02797  -0.003312 -0.01651 | -1.0584
-2.621   1.16     -2.626   0.02797  -0.003312 -0.01651 | -1.0584
-2.621   1.16     -2.622   0.02797  -0.003312 -0.01651 | -1.0584
-2.621   1.16     -2.622   0.02797  -0.003312 -0.01651 | -1.0584
-2.621   1.16     -2.622   0.02797  -0.003312 -0.01651 | -1.0584
-2.621   1.16     -2.622   0.02797  -0.003312 -0.01651 | -1.0584
Done    'Coregister: Estimate'
Done

CoReg Done in 30.708915 seconds

All done with coregistration.
>> >> 
No sandbox specified



Start   : Mon Jun  4 18:26:07 EDT 2018
Finish  : Mon Jun  4 18:27:16 EDT 2018


