
                            < M A T L A B (R) >
                  Copyright 1984-2017 The MathWorks, Inc.
                   R2017a (9.2.0.556344) 64-bit (glnxa64)
                               March 27, 2017

 
To get started, type one of these: helpwin, helpdesk, or demo.
For product information, visit www.mathworks.com.
 
>> >> >> >> Coregistation Script Created on 180604_23_35_45_426
>> >> >> >> >> >> [Warning: Name is nonexistent or not a directory:
/Users/rcwelsh/matlabScripts/WELLES/mfiles] 
[> In path (line 109)
  In addpath (line 86)] 
>> >> >> >> >> 
UMBatchJobName =

    'coregOverlay_180604_23_35_45_426_tehsheng_madcbrai'

>> 
UMBatchProcessName =

    'coregOverlay'

>> >> Initializing the job manager in SPM8

UMReSlice =

     0



Calling UMBatchCoReg with:
/nfs/fmri/Analysis/Sean_Working/Git_MADC/preprocess/../../../Subjects_oldResting/madc1367_scan1/func//run_01/utprun_01.nii
/nfs/fmri/Analysis/Subjects_oldResting/madc1367_scan1/func/coReg/t1mprage.nii
UMReSlice:0
Entering UMBatchCoReg V2.0 for SPM8
Coreging /nfs/fmri/Analysis/Subjects_oldResting/madc1367_scan1/func/coReg/t1mprage.nii to
         /nfs/fmri/Analysis/Sean_Working/Git_MADC/preprocess/../../../Subjects_oldResting/madc1367_scan1/func//run_01/utprun_01.nii


------------------------------------------------------------------------
Running job #1
------------------------------------------------------------------------
Running 'Coregister: Estimate'
iteration 1...
-1.511   0        0        0        0        0        | -1.0542
-1.511   2.088    0        0        0        0        | -1.0547
-1.511   2.088    -2.968   0        0        0        | -1.0554
-1.511   2.088    -2.968   -0.03642 0        0        | -1.0555
-1.511   2.088    -2.968   -0.03642 -0.002709 0        | -1.0555
-1.511   2.088    -2.968   -0.03642 -0.002709 0.02435  | -1.0555
iteration 2...
-1.416   2.088    -2.968   -0.03642 -0.002709 0.02435  | -1.0555
-1.416   1.387    -2.968   -0.03642 -0.002709 0.02435  | -1.0556
-1.416   1.387    -2.615   -0.03642 -0.002709 0.02435  | -1.0556
-1.416   1.387    -2.615   -0.03787 -0.002709 0.02435  | -1.0556
-1.416   1.387    -2.615   -0.03787 0.01806  0.02435  | -1.0556
-1.416   1.387    -2.615   -0.03787 0.01806  0.0186   | -1.0556
iteration 3...
-1.267   1.387    -2.615   -0.03787 0.01806  0.0186   | -1.0556
-1.267   1.34     -2.615   -0.03787 0.01806  0.0186   | -1.0556
-1.267   1.34     -2.719   -0.03787 0.01806  0.0186   | -1.0556
-1.267   1.34     -2.719   -0.04081 0.01806  0.0186   | -1.0556
-1.267   1.34     -2.719   -0.04081 0.01738  0.0186   | -1.0556
-1.267   1.34     -2.719   -0.04081 0.01738  0.01669  | -1.0557
iteration 4...
-1.267   1.34     -2.719   -0.04081 0.01738  0.01669  | -1.0557
-1.267   1.312    -2.719   -0.04081 0.01738  0.01669  | -1.0557
-1.267   1.312    -2.754   -0.04081 0.01738  0.01669  | -1.0557
-1.267   1.312    -2.754   -0.04081 0.01738  0.01669  | -1.0557
-1.267   1.312    -2.754   -0.04081 0.01738  0.01669  | -1.0557
-1.267   1.312    -2.754   -0.04081 0.01738  0.01669  | -1.0557
iteration 5...
-1.266   1.312    -2.754   -0.04081 0.01738  0.01669  | -1.0557
-1.266   1.317    -2.754   -0.04081 0.01738  0.01669  | -1.0557
-1.266   1.317    -2.751   -0.04081 0.01738  0.01669  | -1.0557
-1.266   1.317    -2.751   -0.04081 0.01738  0.01669  | -1.0557
-1.266   1.317    -2.751   -0.04081 0.01738  0.01669  | -1.0557
-1.266   1.317    -2.751   -0.04081 0.01738  0.01669  | -1.0557
iteration 1...
-1.327   1.317    -2.751   -0.04081 0.01738  0.01669  | -1.0559
-1.327   2.066    -2.751   -0.04081 0.01738  0.01669  | -1.056
-1.327   2.066    -2.745   -0.04081 0.01738  0.01669  | -1.056
-1.327   2.066    -2.745   -0.03423 0.01738  0.01669  | -1.056
-1.327   2.066    -2.745   -0.03423 0.01738  0.01669  | -1.056
-1.327   2.066    -2.745   -0.03423 0.01738  0.01338  | -1.056
iteration 2...
-1.291   2.066    -2.745   -0.03423 0.01738  0.01338  | -1.056
-1.291   2.066    -2.745   -0.03423 0.01738  0.01338  | -1.056
-1.291   2.066    -2.786   -0.03423 0.01738  0.01338  | -1.056
-1.291   2.066    -2.786   -0.0329  0.01738  0.01338  | -1.056
-1.291   2.066    -2.786   -0.0329  0.01962  0.01338  | -1.056
-1.291   2.066    -2.786   -0.0329  0.01962  0.01319  | -1.056
iteration 3...
-1.268   2.066    -2.786   -0.0329  0.01962  0.01319  | -1.056
-1.268   2.082    -2.786   -0.0329  0.01962  0.01319  | -1.056
-1.268   2.082    -2.778   -0.0329  0.01962  0.01319  | -1.056
-1.268   2.082    -2.778   -0.0329  0.01962  0.01319  | -1.056
-1.268   2.082    -2.778   -0.0329  0.01962  0.01319  | -1.056
-1.268   2.082    -2.778   -0.0329  0.01962  0.01319  | -1.056
iteration 4...
-1.268   2.082    -2.778   -0.0329  0.01962  0.01319  | -1.056
-1.268   2.071    -2.778   -0.0329  0.01962  0.01319  | -1.056
-1.268   2.071    -2.778   -0.0329  0.01962  0.01319  | -1.056
-1.268   2.071    -2.778   -0.0329  0.01962  0.01319  | -1.056
-1.268   2.071    -2.778   -0.0329  0.01962  0.01319  | -1.056
-1.268   2.071    -2.778   -0.0329  0.01962  0.01319  | -1.056
Done    'Coregister: Estimate'
Done

CoReg Done in 39.152551 seconds

All done with coregistration.
>> >> 
No sandbox specified



Start   : Mon Jun  4 23:35:49 EDT 2018
Finish  : Mon Jun  4 23:37:28 EDT 2018


