
                            < M A T L A B (R) >
                  Copyright 1984-2017 The MathWorks, Inc.
                   R2017a (9.2.0.556344) 64-bit (glnxa64)
                               March 27, 2017

 
To get started, type one of these: helpwin, helpdesk, or demo.
For product information, visit www.mathworks.com.
 
>> >> >> >> Coregistation Script Created on 180604_23_10_37_336
>> >> >> >> >> >> [Warning: Name is nonexistent or not a directory:
/Users/rcwelsh/matlabScripts/WELLES/mfiles] 
[> In path (line 109)
  In addpath (line 86)] 
>> >> >> >> >> 
UMBatchJobName =

    'coregOverlay_180604_23_10_37_336_tehsheng_madcbrai'

>> 
UMBatchProcessName =

    'coregOverlay'

>> >> Initializing the job manager in SPM8

UMReSlice =

     0



Calling UMBatchCoReg with:
/nfs/fmri/Analysis/Sean_Working/Git_MADC/preprocess/../../../Subjects_oldResting/madc1364_scan1/func//run_01/utprun_01.nii
/nfs/fmri/Analysis/Subjects_oldResting/madc1364_scan1/func/coReg/t1mprage.nii
UMReSlice:0
Entering UMBatchCoReg V2.0 for SPM8
Coreging /nfs/fmri/Analysis/Subjects_oldResting/madc1364_scan1/func/coReg/t1mprage.nii to
         /nfs/fmri/Analysis/Sean_Working/Git_MADC/preprocess/../../../Subjects_oldResting/madc1364_scan1/func//run_01/utprun_01.nii


------------------------------------------------------------------------
Running job #1
------------------------------------------------------------------------
Running 'Coregister: Estimate'
iteration 1...
-2.874   0        0        0        0        0        | -1.0538
-2.874   -0.7305  0        0        0        0        | -1.0539
-2.874   -0.7305  -1.661   0        0        0        | -1.0541
-2.874   -0.7305  -1.661   0.02031  0        0        | -1.0541
-2.874   -0.7305  -1.661   0.02031  0        0        | -1.0541
-2.874   -0.7305  -1.661   0.02031  0        0        | -1.0541
iteration 2...
-2.447   -0.7305  -1.661   0.02031  0        0        | -1.0541
-2.447   1.119    -1.661   0.02031  0        0        | -1.0545
-2.447   1.119    -2.545   0.02031  0        0        | -1.0545
-2.447   1.119    -2.545   0.03507  0        0        | -1.0546
-2.447   1.119    -2.545   0.03507  0.003684 0        | -1.0546
-2.447   1.119    -2.545   0.03507  0.003684 0.0004629 | -1.0546
iteration 3...
-2.492   1.119    -2.545   0.03507  0.003684 0.0004629 | -1.0546
-2.492   1.295    -2.545   0.03507  0.003684 0.0004629 | -1.0546
-2.492   1.295    -2.44    0.03507  0.003684 0.0004629 | -1.0546
-2.492   1.295    -2.44    0.03507  0.003684 0.0004629 | -1.0546
-2.492   1.295    -2.44    0.03507  0.003684 0.0004629 | -1.0546
-2.492   1.295    -2.44    0.03507  0.003684 0.0004629 | -1.0546
iteration 4...
-2.494   1.295    -2.44    0.03507  0.003684 0.0004629 | -1.0546
-2.494   1.254    -2.44    0.03507  0.003684 0.0004629 | -1.0546
-2.494   1.254    -2.438   0.03507  0.003684 0.0004629 | -1.0546
-2.494   1.254    -2.438   0.03507  0.003684 0.0004629 | -1.0546
-2.494   1.254    -2.438   0.03507  0.003684 0.0004629 | -1.0546
-2.494   1.254    -2.438   0.03507  0.003684 0.0004629 | -1.0546
iteration 5...
-2.494   1.254    -2.438   0.03507  0.003684 0.0004629 | -1.0546
-2.494   1.254    -2.438   0.03507  0.003684 0.0004629 | -1.0546
-2.494   1.254    -2.438   0.03507  0.003684 0.0004629 | -1.0546
-2.494   1.254    -2.438   0.03507  0.003684 0.0004629 | -1.0546
-2.494   1.254    -2.438   0.03507  0.003684 0.0004629 | -1.0546
-2.494   1.254    -2.438   0.03507  0.003684 0.0004629 | -1.0546
iteration 1...
-2.132   1.254    -2.438   0.03507  0.003684 0.0004629 | -1.0545
-2.132   1.582    -2.438   0.03507  0.003684 0.0004629 | -1.0545
-2.132   1.582    -2.501   0.03507  0.003684 0.0004629 | -1.0545
-2.132   1.582    -2.501   0.04527  0.003684 0.0004629 | -1.0545
-2.132   1.582    -2.501   0.04527  0.001749 0.0004629 | -1.0545
-2.132   1.582    -2.501   0.04527  0.001749 -0.004333 | -1.0545
iteration 2...
-2.013   1.582    -2.501   0.04527  0.001749 -0.004333 | -1.0546
-2.013   1.582    -2.501   0.04527  0.001749 -0.004333 | -1.0546
-2.013   1.582    -2.501   0.04527  0.001749 -0.004333 | -1.0546
-2.013   1.582    -2.501   0.04527  0.001749 -0.004333 | -1.0546
-2.013   1.582    -2.501   0.04527  0.002487 -0.004333 | -1.0546
-2.013   1.582    -2.501   0.04527  0.002487 -0.004333 | -1.0546
iteration 3...
-2.013   1.582    -2.501   0.04527  0.002487 -0.004333 | -1.0546
-2.013   1.582    -2.501   0.04527  0.002487 -0.004333 | -1.0546
-2.013   1.582    -2.496   0.04527  0.002487 -0.004333 | -1.0546
-2.013   1.582    -2.496   0.04527  0.002487 -0.004333 | -1.0546
-2.013   1.582    -2.496   0.04527  0.002487 -0.004333 | -1.0546
-2.013   1.582    -2.496   0.04527  0.002487 -0.004333 | -1.0546
Done    'Coregister: Estimate'
Done

CoReg Done in 40.518077 seconds

All done with coregistration.
>> >> 
No sandbox specified



Start   : Mon Jun  4 23:10:39 EDT 2018
Finish  : Mon Jun  4 23:12:24 EDT 2018


