
                            < M A T L A B (R) >
                  Copyright 1984-2017 The MathWorks, Inc.
                   R2017a (9.2.0.556344) 64-bit (glnxa64)
                               March 27, 2017

 
To get started, type one of these: helpwin, helpdesk, or demo.
For product information, visit www.mathworks.com.
 
>> >> >> >> Coregistation Script Created on 180604_22_33_47_629
>> >> >> >> >> >> [Warning: Name is nonexistent or not a directory:
/Users/rcwelsh/matlabScripts/WELLES/mfiles] 
[> In path (line 109)
  In addpath (line 86)] 
>> >> >> >> >> 
UMBatchJobName =

    'coregOverlay_180604_22_33_47_629_tehsheng_madcbrai'

>> 
UMBatchProcessName =

    'coregOverlay'

>> >> Initializing the job manager in SPM8

UMReSlice =

     0



Calling UMBatchCoReg with:
/nfs/fmri/Analysis/Sean_Working/Git_MADC/preprocess/../../../Subjects_oldResting/madc1259_scan1/func//run_01/utprun_01.nii
/nfs/fmri/Analysis/Subjects_oldResting/madc1259_scan1/func/coReg/t1mprage.nii
UMReSlice:0
Entering UMBatchCoReg V2.0 for SPM8
Coreging /nfs/fmri/Analysis/Subjects_oldResting/madc1259_scan1/func/coReg/t1mprage.nii to
         /nfs/fmri/Analysis/Sean_Working/Git_MADC/preprocess/../../../Subjects_oldResting/madc1259_scan1/func//run_01/utprun_01.nii


------------------------------------------------------------------------
Running job #1
------------------------------------------------------------------------
Running 'Coregister: Estimate'
iteration 1...
-1.559   0        0        0        0        0        | -1.0475
-1.559   1.286    0        0        0        0        | -1.0476
-1.559   1.286    -0.176   0        0        0        | -1.0477
-1.559   1.286    -0.176   -0.09529 0        0        | -1.0485
-1.559   1.286    -0.176   -0.09529 0.01546  0        | -1.0486
-1.559   1.286    -0.176   -0.09529 0.01546  -0.01516 | -1.0486
iteration 2...
-1.612   1.286    -0.176   -0.09529 0.01546  -0.01516 | -1.0486
-1.612   2.272    -0.176   -0.09529 0.01546  -0.01516 | -1.0487
-1.612   2.272    -1.458   -0.09529 0.01546  -0.01516 | -1.0489
-1.612   2.272    -1.458   -0.09837 0.01546  -0.01516 | -1.0489
-1.612   2.272    -1.458   -0.09837 0.005507 -0.01516 | -1.0489
-1.612   2.272    -1.458   -0.09837 0.005507 -0.01599 | -1.0489
iteration 3...
-1.894   2.272    -1.458   -0.09837 0.005507 -0.01599 | -1.0489
-1.894   2.444    -1.458   -0.09837 0.005507 -0.01599 | -1.0489
-1.894   2.444    -1.511   -0.09837 0.005507 -0.01599 | -1.0489
-1.894   2.444    -1.511   -0.09283 0.005507 -0.01599 | -1.0489
-1.894   2.444    -1.511   -0.09283 0.005507 -0.01599 | -1.0489
-1.894   2.444    -1.511   -0.09283 0.005507 -0.01599 | -1.0489
iteration 4...
-1.894   2.444    -1.511   -0.09283 0.005507 -0.01599 | -1.0489
-1.894   2.444    -1.511   -0.09283 0.005507 -0.01599 | -1.0489
-1.894   2.444    -1.406   -0.09283 0.005507 -0.01599 | -1.0489
-1.894   2.444    -1.406   -0.09019 0.005507 -0.01599 | -1.0489
-1.894   2.444    -1.406   -0.09019 0.005507 -0.01599 | -1.0489
-1.894   2.444    -1.406   -0.09019 0.005507 -0.01599 | -1.0489
iteration 5...
-1.894   2.444    -1.406   -0.09019 0.005507 -0.01599 | -1.0489
-1.894   2.444    -1.406   -0.09019 0.005507 -0.01599 | -1.0489
-1.894   2.444    -1.353   -0.09019 0.005507 -0.01599 | -1.0489
-1.894   2.444    -1.353   -0.09019 0.005507 -0.01599 | -1.0489
-1.894   2.444    -1.353   -0.09019 0.005507 -0.01599 | -1.0489
-1.894   2.444    -1.353   -0.09019 0.005507 -0.01599 | -1.0489
iteration 6...
-1.894   2.444    -1.353   -0.09019 0.005507 -0.01599 | -1.0489
-1.894   2.444    -1.353   -0.09019 0.005507 -0.01599 | -1.0489
-1.894   2.444    -1.351   -0.09019 0.005507 -0.01599 | -1.0489
-1.894   2.444    -1.351   -0.09019 0.005507 -0.01599 | -1.0489
-1.894   2.444    -1.351   -0.09019 0.005507 -0.01599 | -1.0489
-1.894   2.444    -1.351   -0.09019 0.005507 -0.01599 | -1.0489
iteration 1...
-1.647   2.444    -1.351   -0.09019 0.005507 -0.01599 | -1.0491
-1.647   2.147    -1.351   -0.09019 0.005507 -0.01599 | -1.0491
-1.647   2.147    -1.914   -0.09019 0.005507 -0.01599 | -1.0491
-1.647   2.147    -1.914   -0.09247 0.005507 -0.01599 | -1.0491
-1.647   2.147    -1.914   -0.09247 0.01591  -0.01599 | -1.0491
-1.647   2.147    -1.914   -0.09247 0.01591  -0.01599 | -1.0491
iteration 2...
-1.792   2.147    -1.914   -0.09247 0.01591  -0.01599 | -1.0491
-1.792   2.342    -1.914   -0.09247 0.01591  -0.01599 | -1.0491
-1.792   2.342    -1.965   -0.09247 0.01591  -0.01599 | -1.0491
-1.792   2.342    -1.965   -0.09412 0.01591  -0.01599 | -1.0491
-1.792   2.342    -1.965   -0.09412 0.01406  -0.01599 | -1.0491
-1.792   2.342    -1.965   -0.09412 0.01406  -0.01229 | -1.0491
iteration 3...
-1.804   2.342    -1.965   -0.09412 0.01406  -0.01229 | -1.0491
-1.804   2.375    -1.965   -0.09412 0.01406  -0.01229 | -1.0491
-1.804   2.375    -1.965   -0.09412 0.01406  -0.01229 | -1.0491
-1.804   2.375    -1.965   -0.09412 0.01406  -0.01229 | -1.0491
-1.804   2.375    -1.965   -0.09412 0.01221  -0.01229 | -1.0491
-1.804   2.375    -1.965   -0.09412 0.01221  -0.01229 | -1.0491
iteration 4...
-1.814   2.375    -1.965   -0.09412 0.01221  -0.01229 | -1.0491
-1.814   2.381    -1.965   -0.09412 0.01221  -0.01229 | -1.0491
-1.814   2.381    -1.968   -0.09412 0.01221  -0.01229 | -1.0491
-1.814   2.381    -1.968   -0.09412 0.01221  -0.01229 | -1.0491
-1.814   2.381    -1.968   -0.09412 0.01246  -0.01229 | -1.0491
-1.814   2.381    -1.968   -0.09412 0.01246  -0.01229 | -1.0491
Done    'Coregister: Estimate'
Done

CoReg Done in 32.133512 seconds

All done with coregistration.
>> >> 
No sandbox specified



Start   : Mon Jun  4 22:33:51 EDT 2018
Finish  : Mon Jun  4 22:35:06 EDT 2018


