
                            < M A T L A B (R) >
                  Copyright 1984-2017 The MathWorks, Inc.
                   R2017a (9.2.0.556344) 64-bit (glnxa64)
                               March 27, 2017

 
To get started, type one of these: helpwin, helpdesk, or demo.
For product information, visit www.mathworks.com.
 
>> >> >> >> Coregistation Script Created on 180604_19_56_24_872
>> >> >> >> >> >> [Warning: Name is nonexistent or not a directory:
/Users/rcwelsh/matlabScripts/WELLES/mfiles] 
[> In path (line 109)
  In addpath (line 86)] 
>> >> >> >> >> 
UMBatchJobName =

    'coregOverlay_180604_19_56_24_872_tehsheng_madcbrai'

>> 
UMBatchProcessName =

    'coregOverlay'

>> >> Initializing the job manager in SPM8

UMReSlice =

     0



Calling UMBatchCoReg with:
/nfs/fmri/Analysis/Sean_Working/Git_MADC/preprocess/../../../Subjects_oldResting/madc1227_scan1/func//run_01/utprun_01.nii
/nfs/fmri/Analysis/Subjects_oldResting/madc1227_scan1/func/coReg/t1mprage.nii
UMReSlice:0
Entering UMBatchCoReg V2.0 for SPM8
Coreging /nfs/fmri/Analysis/Subjects_oldResting/madc1227_scan1/func/coReg/t1mprage.nii to
         /nfs/fmri/Analysis/Sean_Working/Git_MADC/preprocess/../../../Subjects_oldResting/madc1227_scan1/func//run_01/utprun_01.nii


------------------------------------------------------------------------
Running job #1
------------------------------------------------------------------------
Running 'Coregister: Estimate'
iteration 1...
-1.426   0        0        0        0        0        | -1.0427
-1.426   3.015    0        0        0        0        | -1.0434
-1.426   3.015    -9.93    0        0        0        | -1.0448
-1.426   3.015    -9.93    0.1163   0        0        | -1.0452
-1.426   3.015    -9.93    0.1163   -0.00275 0        | -1.0452
-1.426   3.015    -9.93    0.1163   -0.00275 0        | -1.0452
iteration 2...
-1.544   3.015    -9.93    0.1163   -0.00275 0        | -1.0452
-1.544   4.382    -9.93    0.1163   -0.00275 0        | -1.0453
-1.544   4.382    -10.1    0.1163   -0.00275 0        | -1.0453
-1.544   4.382    -10.1    0.09039  -0.00275 0        | -1.0454
-1.544   4.382    -10.1    0.09039  -0.00443 0        | -1.0454
-1.544   4.382    -10.1    0.09039  -0.00443 -0.001573 | -1.0454
iteration 3...
-1.607   4.382    -10.1    0.09039  -0.00443 -0.001573 | -1.0454
-1.607   5.211    -10.1    0.09039  -0.00443 -0.001573 | -1.0454
-1.607   5.211    -10.87   0.09039  -0.00443 -0.001573 | -1.0455
-1.607   5.211    -10.87   0.08574  -0.00443 -0.001573 | -1.0455
-1.607   5.211    -10.87   0.08574  -0.007094 -0.001573 | -1.0455
-1.607   5.211    -10.87   0.08574  -0.007094 -0.001573 | -1.0455
iteration 4...
-1.566   5.211    -10.87   0.08574  -0.007094 -0.001573 | -1.0455
-1.566   5.451    -10.87   0.08574  -0.007094 -0.001573 | -1.0456
-1.566   5.451    -10.91   0.08574  -0.007094 -0.001573 | -1.0456
-1.566   5.451    -10.91   0.08574  -0.007094 -0.001573 | -1.0456
-1.566   5.451    -10.91   0.08574  -0.007094 -0.001573 | -1.0456
-1.566   5.451    -10.91   0.08574  -0.007094 -0.001573 | -1.0456
iteration 5...
-1.589   5.451    -10.91   0.08574  -0.007094 -0.001573 | -1.0456
-1.589   5.463    -10.91   0.08574  -0.007094 -0.001573 | -1.0456
-1.589   5.463    -10.91   0.08574  -0.007094 -0.001573 | -1.0456
-1.589   5.463    -10.91   0.08574  -0.007094 -0.001573 | -1.0456
-1.589   5.463    -10.91   0.08574  -0.007094 -0.001573 | -1.0456
-1.589   5.463    -10.91   0.08574  -0.007094 -0.002451 | -1.0456
iteration 6...
-1.588   5.463    -10.91   0.08574  -0.007094 -0.002451 | -1.0456
-1.588   5.47     -10.91   0.08574  -0.007094 -0.002451 | -1.0456
-1.588   5.47     -10.92   0.08574  -0.007094 -0.002451 | -1.0456
-1.588   5.47     -10.92   0.08574  -0.007094 -0.002451 | -1.0456
-1.588   5.47     -10.92   0.08574  -0.007094 -0.002451 | -1.0456
-1.588   5.47     -10.92   0.08574  -0.007094 -0.002463 | -1.0456
iteration 1...
-1.572   5.47     -10.92   0.08574  -0.007094 -0.002463 | -1.0458
-1.572   5.301    -10.92   0.08574  -0.007094 -0.002463 | -1.0458
-1.572   5.301    -10.95   0.08574  -0.007094 -0.002463 | -1.0458
-1.572   5.301    -10.95   0.09046  -0.007094 -0.002463 | -1.0458
-1.572   5.301    -10.95   0.09046  -0.02059 -0.002463 | -1.0458
-1.572   5.301    -10.95   0.09046  -0.02059 -0.009904 | -1.0458
iteration 2...
-1.62    5.301    -10.95   0.09046  -0.02059 -0.009904 | -1.0458
-1.62    5.253    -10.95   0.09046  -0.02059 -0.009904 | -1.0458
-1.62    5.253    -10.98   0.09046  -0.02059 -0.009904 | -1.0458
-1.62    5.253    -10.98   0.07934  -0.02059 -0.009904 | -1.0458
-1.62    5.253    -10.98   0.07934  -0.02605 -0.009904 | -1.0458
-1.62    5.253    -10.98   0.07934  -0.02605 -0.009904 | -1.0458
iteration 3...
-1.637   5.253    -10.98   0.07934  -0.02605 -0.009904 | -1.0458
-1.637   5.327    -10.98   0.07934  -0.02605 -0.009904 | -1.0458
-1.637   5.327    -10.86   0.07934  -0.02605 -0.009904 | -1.0458
-1.637   5.327    -10.86   0.07179  -0.02605 -0.009904 | -1.0458
-1.637   5.327    -10.86   0.07179  -0.02549 -0.009904 | -1.0458
-1.637   5.327    -10.86   0.07179  -0.02549 -0.01029 | -1.0458
iteration 4...
-1.61    5.327    -10.86   0.07179  -0.02549 -0.01029 | -1.0458
-1.61    5.327    -10.86   0.07179  -0.02549 -0.01029 | -1.0458
-1.61    5.327    -10.76   0.07179  -0.02549 -0.01029 | -1.0458
-1.61    5.327    -10.76   0.07179  -0.02549 -0.01029 | -1.0458
-1.61    5.327    -10.76   0.07179  -0.02549 -0.01029 | -1.0458
-1.61    5.327    -10.76   0.07179  -0.02549 -0.01029 | -1.0458
iteration 5...
-1.61    5.327    -10.76   0.07179  -0.02549 -0.01029 | -1.0458
-1.61    5.327    -10.76   0.07179  -0.02549 -0.01029 | -1.0458
-1.61    5.327    -10.76   0.07179  -0.02549 -0.01029 | -1.0458
-1.61    5.327    -10.76   0.07179  -0.02549 -0.01029 | -1.0458
-1.61    5.327    -10.76   0.07179  -0.02549 -0.01029 | -1.0458
-1.61    5.327    -10.76   0.07179  -0.02549 -0.01029 | -1.0458
Done    'Coregister: Estimate'
Done

CoReg Done in 34.350660 seconds

All done with coregistration.
>> >> 
No sandbox specified



Start   : Mon Jun  4 19:56:27 EDT 2018
Finish  : Mon Jun  4 19:57:39 EDT 2018


