
                            < M A T L A B (R) >
                  Copyright 1984-2017 The MathWorks, Inc.
                   R2017a (9.2.0.556344) 64-bit (glnxa64)
                               March 27, 2017

 
To get started, type one of these: helpwin, helpdesk, or demo.
For product information, visit www.mathworks.com.
 
>> >> >> >> Coregistation Script Created on 180604_21_12_53_340
>> >> >> >> >> >> [Warning: Name is nonexistent or not a directory:
/Users/rcwelsh/matlabScripts/WELLES/mfiles] 
[> In path (line 109)
  In addpath (line 86)] 
>> >> >> >> >> 
UMBatchJobName =

    'coregOverlay_180604_21_12_53_340_tehsheng_madcbrai'

>> 
UMBatchProcessName =

    'coregOverlay'

>> >> Initializing the job manager in SPM8

UMReSlice =

     0



Calling UMBatchCoReg with:
/nfs/fmri/Analysis/Sean_Working/Git_MADC/preprocess/../../../Subjects_oldResting/madc1395_scan1/func//run_01/utprun_01.nii
/nfs/fmri/Analysis/Subjects_oldResting/madc1395_scan1/func/coReg/t1mprage.nii
UMReSlice:0
Entering UMBatchCoReg V2.0 for SPM8
Coreging /nfs/fmri/Analysis/Subjects_oldResting/madc1395_scan1/func/coReg/t1mprage.nii to
         /nfs/fmri/Analysis/Sean_Working/Git_MADC/preprocess/../../../Subjects_oldResting/madc1395_scan1/func//run_01/utprun_01.nii


------------------------------------------------------------------------
Running job #1
------------------------------------------------------------------------
Running 'Coregister: Estimate'
iteration 1...
-2.567   0        0        0        0        0        | -1.0503
-2.567   1.238    0        0        0        0        | -1.0505
-2.567   1.238    -0.9289  0        0        0        | -1.0507
-2.567   1.238    -0.9289  0.02749  0        0        | -1.051
-2.567   1.238    -0.9289  0.02749  0.004287 0        | -1.051
-2.567   1.238    -0.9289  0.02749  0.004287 0        | -1.051
iteration 2...
-2.591   1.238    -0.9289  0.02749  0.004287 0        | -1.051
-2.591   1.141    -0.9289  0.02749  0.004287 0        | -1.051
-2.591   1.141    -1.102   0.02749  0.004287 0        | -1.051
-2.591   1.141    -1.102   0.02749  0.004287 0        | -1.051
-2.591   1.141    -1.102   0.02749  0.004604 0        | -1.051
-2.591   1.141    -1.102   0.02749  0.004604 -0.001174 | -1.051
iteration 3...
-2.591   1.141    -1.102   0.02749  0.004604 -0.001174 | -1.051
-2.591   1.114    -1.102   0.02749  0.004604 -0.001174 | -1.051
-2.591   1.114    -1.102   0.02749  0.004604 -0.001174 | -1.051
-2.591   1.114    -1.102   0.02825  0.004604 -0.001174 | -1.051
-2.591   1.114    -1.102   0.02825  0.004604 -0.001174 | -1.051
-2.591   1.114    -1.102   0.02825  0.004604 -0.001131 | -1.051
iteration 4...
-2.591   1.114    -1.102   0.02825  0.004604 -0.001131 | -1.051
-2.591   1.114    -1.102   0.02825  0.004604 -0.001131 | -1.051
-2.591   1.114    -1.126   0.02825  0.004604 -0.001131 | -1.051
-2.591   1.114    -1.126   0.02802  0.004604 -0.001131 | -1.051
-2.591   1.114    -1.126   0.02802  0.004604 -0.001131 | -1.051
-2.591   1.114    -1.126   0.02802  0.004604 -0.001131 | -1.051
iteration 5...
-2.591   1.114    -1.126   0.02802  0.004604 -0.001131 | -1.051
-2.591   1.114    -1.126   0.02802  0.004604 -0.001131 | -1.051
-2.591   1.114    -1.118   0.02802  0.004604 -0.001131 | -1.051
-2.591   1.114    -1.118   0.02802  0.004604 -0.001131 | -1.051
-2.591   1.114    -1.118   0.02802  0.004604 -0.001131 | -1.051
-2.591   1.114    -1.118   0.02802  0.004604 -0.001131 | -1.051
iteration 1...
-2.131   1.114    -1.118   0.02802  0.004604 -0.001131 | -1.051
-2.131   1.02     -1.118   0.02802  0.004604 -0.001131 | -1.051
-2.131   1.02     -1.53    0.02802  0.004604 -0.001131 | -1.051
-2.131   1.02     -1.53    0.027    0.004604 -0.001131 | -1.051
-2.131   1.02     -1.53    0.027    0.003597 -0.001131 | -1.051
-2.131   1.02     -1.53    0.027    0.003597 -0.005929 | -1.051
iteration 2...
-2.286   1.02     -1.53    0.027    0.003597 -0.005929 | -1.051
-2.286   1.164    -1.53    0.027    0.003597 -0.005929 | -1.051
-2.286   1.164    -1.53    0.027    0.003597 -0.005929 | -1.051
-2.286   1.164    -1.53    0.027    0.003597 -0.005929 | -1.051
-2.286   1.164    -1.53    0.027    0.003597 -0.005929 | -1.051
-2.286   1.164    -1.53    0.027    0.003597 -0.009409 | -1.051
iteration 3...
-2.286   1.164    -1.53    0.027    0.003597 -0.009409 | -1.051
-2.286   1.164    -1.53    0.027    0.003597 -0.009409 | -1.051
-2.286   1.164    -1.538   0.027    0.003597 -0.009409 | -1.051
-2.286   1.164    -1.538   0.027    0.003597 -0.009409 | -1.051
-2.286   1.164    -1.538   0.027    0.002016 -0.009409 | -1.051
-2.286   1.164    -1.538   0.027    0.002016 -0.009179 | -1.051
iteration 4...
-2.324   1.164    -1.538   0.027    0.002016 -0.009179 | -1.051
-2.324   1.164    -1.538   0.027    0.002016 -0.009179 | -1.051
-2.324   1.164    -1.558   0.027    0.002016 -0.009179 | -1.051
-2.324   1.164    -1.558   0.027    0.002016 -0.009179 | -1.051
-2.324   1.164    -1.558   0.027    0.002016 -0.009179 | -1.051
-2.324   1.164    -1.558   0.027    0.002016 -0.009179 | -1.051
iteration 5...
-2.324   1.164    -1.558   0.027    0.002016 -0.009179 | -1.051
-2.324   1.164    -1.558   0.027    0.002016 -0.009179 | -1.051
-2.324   1.164    -1.558   0.027    0.002016 -0.009179 | -1.051
-2.324   1.164    -1.558   0.027    0.002016 -0.009179 | -1.051
-2.324   1.164    -1.558   0.027    0.002016 -0.009179 | -1.051
-2.324   1.164    -1.558   0.027    0.002016 -0.009179 | -1.051
Done    'Coregister: Estimate'
Done

CoReg Done in 32.292728 seconds

All done with coregistration.
>> >> 
No sandbox specified



Start   : Mon Jun  4 21:12:55 EDT 2018
Finish  : Mon Jun  4 21:14:07 EDT 2018


