
                            < M A T L A B (R) >
                  Copyright 1984-2017 The MathWorks, Inc.
                   R2017a (9.2.0.556344) 64-bit (glnxa64)
                               March 27, 2017

 
To get started, type one of these: helpwin, helpdesk, or demo.
For product information, visit www.mathworks.com.
 
>> >> >> >> Coregistation Script Created on 180604_23_58_11_789
>> >> >> >> >> >> [Warning: Name is nonexistent or not a directory:
/Users/rcwelsh/matlabScripts/WELLES/mfiles] 
[> In path (line 109)
  In addpath (line 86)] 
>> >> >> >> >> 
UMBatchJobName =

    'coregOverlay_180604_23_58_11_789_tehsheng_madcbrai'

>> 
UMBatchProcessName =

    'coregOverlay'

>> >> Initializing the job manager in SPM8

UMReSlice =

     0



Calling UMBatchCoReg with:
/nfs/fmri/Analysis/Sean_Working/Git_MADC/preprocess/../../../Subjects_oldResting/madc1368_scan1/func//run_01/utprun_01.nii
/nfs/fmri/Analysis/Subjects_oldResting/madc1368_scan1/func/coReg/t1mprage.nii
UMReSlice:0
Entering UMBatchCoReg V2.0 for SPM8
Coreging /nfs/fmri/Analysis/Subjects_oldResting/madc1368_scan1/func/coReg/t1mprage.nii to
         /nfs/fmri/Analysis/Sean_Working/Git_MADC/preprocess/../../../Subjects_oldResting/madc1368_scan1/func//run_01/utprun_01.nii


------------------------------------------------------------------------
Running job #1
------------------------------------------------------------------------
Running 'Coregister: Estimate'
iteration 1...
-0.4736  0        0        0        0        0        | -1.0533
-0.4736  1.578    0        0        0        0        | -1.0536
-0.4736  1.578    0.5261   0        0        0        | -1.0536
-0.4736  1.578    0.5261   -0.01574 0        0        | -1.0537
-0.4736  1.578    0.5261   -0.01574 0        0        | -1.0537
-0.4736  1.578    0.5261   -0.01574 0        0.02187  | -1.0538
iteration 2...
-0.2751  1.578    0.5261   -0.01574 0        0.02187  | -1.0538
-0.2751  2.245    0.5261   -0.01574 0        0.02187  | -1.0539
-0.2751  2.245    0.9825   -0.01574 0        0.02187  | -1.0539
-0.2751  2.245    0.9825   -0.0226  0        0.02187  | -1.0539
-0.2751  2.245    0.9825   -0.0226  -0.0006928 0.02187  | -1.0539
-0.2751  2.245    0.9825   -0.0226  -0.0006928 0.02453  | -1.054
iteration 3...
-0.01573 2.245    0.9825   -0.0226  -0.0006928 0.02453  | -1.054
-0.01573 2.36     0.9825   -0.0226  -0.0006928 0.02453  | -1.054
-0.01573 2.36     1.07     -0.0226  -0.0006928 0.02453  | -1.054
-0.01573 2.36     1.07     -0.02422 -0.0006928 0.02453  | -1.054
-0.01573 2.36     1.07     -0.02422 -0.005235 0.02453  | -1.054
-0.01573 2.36     1.07     -0.02422 -0.005235 0.03179  | -1.054
iteration 4...
0.1499   2.36     1.07     -0.02422 -0.005235 0.03179  | -1.054
0.1499   2.378    1.07     -0.02422 -0.005235 0.03179  | -1.054
0.1499   2.378    1.07     -0.02422 -0.005235 0.03179  | -1.054
0.1499   2.378    1.07     -0.02882 -0.005235 0.03179  | -1.054
0.1499   2.378    1.07     -0.02882 -0.008624 0.03179  | -1.054
0.1499   2.378    1.07     -0.02882 -0.008624 0.03179  | -1.054
iteration 5...
0.1502   2.378    1.07     -0.02882 -0.008624 0.03179  | -1.054
0.1502   2.435    1.07     -0.02882 -0.008624 0.03179  | -1.054
0.1502   2.435    1.116    -0.02882 -0.008624 0.03179  | -1.054
0.1502   2.435    1.116    -0.02882 -0.008624 0.03179  | -1.054
0.1502   2.435    1.116    -0.02882 -0.008624 0.03179  | -1.054
0.1502   2.435    1.116    -0.02882 -0.008624 0.03276  | -1.054
iteration 6...
0.1177   2.435    1.116    -0.02882 -0.008624 0.03276  | -1.054
0.1177   2.421    1.116    -0.02882 -0.008624 0.03276  | -1.054
0.1177   2.421    1.116    -0.02882 -0.008624 0.03276  | -1.054
0.1177   2.421    1.116    -0.02908 -0.008624 0.03276  | -1.054
0.1177   2.421    1.116    -0.02908 -0.008624 0.03276  | -1.054
0.1177   2.421    1.116    -0.02908 -0.008624 0.03276  | -1.054
iteration 7...
0.1177   2.421    1.116    -0.02908 -0.008624 0.03276  | -1.054
0.1177   2.428    1.116    -0.02908 -0.008624 0.03276  | -1.054
0.1177   2.428    1.116    -0.02908 -0.008624 0.03276  | -1.054
0.1177   2.428    1.116    -0.02912 -0.008624 0.03276  | -1.054
0.1177   2.428    1.116    -0.02912 -0.008624 0.03276  | -1.054
0.1177   2.428    1.116    -0.02912 -0.008624 0.03276  | -1.054
iteration 1...
0.02896  2.428    1.116    -0.02912 -0.008624 0.03276  | -1.054
0.02896  2.088    1.116    -0.02912 -0.008624 0.03276  | -1.054
0.02896  2.088    0.9379   -0.02912 -0.008624 0.03276  | -1.054
0.02896  2.088    0.9379   -0.02912 -0.008624 0.03276  | -1.054
0.02896  2.088    0.9379   -0.02912 -0.01081 0.03276  | -1.054
0.02896  2.088    0.9379   -0.02912 -0.01081 0.02731  | -1.054
iteration 2...
-0.0009772 2.088    0.9379   -0.02912 -0.01081 0.02731  | -1.054
-0.0009772 2.169    0.9379   -0.02912 -0.01081 0.02731  | -1.054
-0.0009772 2.169    0.905    -0.02912 -0.01081 0.02731  | -1.054
-0.0009772 2.169    0.905    -0.02912 -0.01081 0.02731  | -1.054
-0.0009772 2.169    0.905    -0.02912 -0.01081 0.02731  | -1.054
-0.0009772 2.169    0.905    -0.02912 -0.01081 0.02731  | -1.054
iteration 3...
-0.0009772 2.169    0.905    -0.02912 -0.01081 0.02731  | -1.054
-0.0009772 2.169    0.905    -0.02912 -0.01081 0.02731  | -1.054
-0.0009772 2.169    0.9002   -0.02912 -0.01081 0.02731  | -1.054
-0.0009772 2.169    0.9002   -0.02912 -0.01081 0.02731  | -1.054
-0.0009772 2.169    0.9002   -0.02912 -0.01081 0.02731  | -1.054
-0.0009772 2.169    0.9002   -0.02912 -0.01081 0.02731  | -1.054
Done    'Coregister: Estimate'
Done

CoReg Done in 26.109567 seconds

All done with coregistration.
>> >> 
No sandbox specified



Start   : Mon Jun  4 23:58:14 EDT 2018
Finish  : Mon Jun  4 23:59:22 EDT 2018


