
                            < M A T L A B (R) >
                  Copyright 1984-2017 The MathWorks, Inc.
                   R2017a (9.2.0.556344) 64-bit (glnxa64)
                               March 27, 2017

 
To get started, type one of these: helpwin, helpdesk, or demo.
For product information, visit www.mathworks.com.
 
>> >> >> >> Coregistation Script Created on 180604_21_51_39_642
>> >> >> >> >> >> [Warning: Name is nonexistent or not a directory:
/Users/rcwelsh/matlabScripts/WELLES/mfiles] 
[> In path (line 109)
  In addpath (line 86)] 
>> >> >> >> >> 
UMBatchJobName =

    'coregOverlay_180604_21_51_39_642_tehsheng_madcbrai'

>> 
UMBatchProcessName =

    'coregOverlay'

>> >> Initializing the job manager in SPM8

UMReSlice =

     0



Calling UMBatchCoReg with:
/nfs/fmri/Analysis/Sean_Working/Git_MADC/preprocess/../../../Subjects_oldResting/madc1482_scan1/func//run_01/utprun_01.nii
/nfs/fmri/Analysis/Subjects_oldResting/madc1482_scan1/func/coReg/t1mprage.nii
UMReSlice:0
Entering UMBatchCoReg V2.0 for SPM8
Coreging /nfs/fmri/Analysis/Subjects_oldResting/madc1482_scan1/func/coReg/t1mprage.nii to
         /nfs/fmri/Analysis/Sean_Working/Git_MADC/preprocess/../../../Subjects_oldResting/madc1482_scan1/func//run_01/utprun_01.nii


------------------------------------------------------------------------
Running job #1
------------------------------------------------------------------------
Running 'Coregister: Estimate'
iteration 1...
-2.282   0        0        0        0        0        | -1.0568
-2.282   1.047    0        0        0        0        | -1.0572
-2.282   1.047    -6.224   0        0        0        | -1.059
-2.282   1.047    -6.224   0.04043  0        0        | -1.0594
-2.282   1.047    -6.224   0.04043  -0.02354 0        | -1.0595
-2.282   1.047    -6.224   0.04043  -0.02354 -0.02087 | -1.0596
iteration 2...
-2.187   1.047    -6.224   0.04043  -0.02354 -0.02087 | -1.0596
-2.187   1.447    -6.224   0.04043  -0.02354 -0.02087 | -1.0596
-2.187   1.447    -5.807   0.04043  -0.02354 -0.02087 | -1.0597
-2.187   1.447    -5.807   0.04272  -0.02354 -0.02087 | -1.0597
-2.187   1.447    -5.807   0.04272  -0.01042 -0.02087 | -1.0597
-2.187   1.447    -5.807   0.04272  -0.01042 -0.02135 | -1.0597
iteration 3...
-2.225   1.447    -5.807   0.04272  -0.01042 -0.02135 | -1.0597
-2.225   1.544    -5.807   0.04272  -0.01042 -0.02135 | -1.0597
-2.225   1.544    -5.565   0.04272  -0.01042 -0.02135 | -1.0597
-2.225   1.544    -5.565   0.03625  -0.01042 -0.02135 | -1.0597
-2.225   1.544    -5.565   0.03625  -0.006303 -0.02135 | -1.0597
-2.225   1.544    -5.565   0.03625  -0.006303 -0.02239 | -1.0597
iteration 4...
-2.225   1.544    -5.565   0.03625  -0.006303 -0.02239 | -1.0597
-2.225   1.527    -5.565   0.03625  -0.006303 -0.02239 | -1.0597
-2.225   1.527    -5.605   0.03625  -0.006303 -0.02239 | -1.0597
-2.225   1.527    -5.605   0.03584  -0.006303 -0.02239 | -1.0597
-2.225   1.527    -5.605   0.03584  -0.006303 -0.02239 | -1.0597
-2.225   1.527    -5.605   0.03584  -0.006303 -0.02239 | -1.0597
iteration 5...
-2.225   1.527    -5.605   0.03584  -0.006303 -0.02239 | -1.0597
-2.225   1.53     -5.605   0.03584  -0.006303 -0.02239 | -1.0597
-2.225   1.53     -5.618   0.03584  -0.006303 -0.02239 | -1.0597
-2.225   1.53     -5.618   0.03577  -0.006303 -0.02239 | -1.0597
-2.225   1.53     -5.618   0.03577  -0.006303 -0.02239 | -1.0597
-2.225   1.53     -5.618   0.03577  -0.006303 -0.02239 | -1.0597
iteration 1...
-2.04    1.53     -5.618   0.03577  -0.006303 -0.02239 | -1.06
-2.04    2.135    -5.618   0.03577  -0.006303 -0.02239 | -1.0601
-2.04    2.135    -5.85    0.03577  -0.006303 -0.02239 | -1.0601
-2.04    2.135    -5.85    0.06299  -0.006303 -0.02239 | -1.0601
-2.04    2.135    -5.85    0.06299  0.01674  -0.02239 | -1.0602
-2.04    2.135    -5.85    0.06299  0.01674  -0.0224  | -1.0602
iteration 2...
-1.977   2.135    -5.85    0.06299  0.01674  -0.0224  | -1.0602
-1.977   2.311    -5.85    0.06299  0.01674  -0.0224  | -1.0602
-1.977   2.311    -6.301   0.06299  0.01674  -0.0224  | -1.0602
-1.977   2.311    -6.301   0.0657   0.01674  -0.0224  | -1.0602
-1.977   2.311    -6.301   0.0657   0.01575  -0.0224  | -1.0602
-1.977   2.311    -6.301   0.0657   0.01575  -0.02321 | -1.0602
iteration 3...
-1.948   2.311    -6.301   0.0657   0.01575  -0.02321 | -1.0602
-1.948   2.315    -6.301   0.0657   0.01575  -0.02321 | -1.0602
-1.948   2.315    -6.319   0.0657   0.01575  -0.02321 | -1.0602
-1.948   2.315    -6.319   0.06557  0.01575  -0.02321 | -1.0602
-1.948   2.315    -6.319   0.06557  0.0156   -0.02321 | -1.0602
-1.948   2.315    -6.319   0.06557  0.0156   -0.02321 | -1.0602
-1.932   2.318    -6.328   0.06549  0.01552  -0.02321 | -1.0602
iteration 4...
-1.932   2.318    -6.328   0.06549  0.01552  -0.02321 | -1.0602
-1.932   2.319    -6.328   0.06549  0.01552  -0.02321 | -1.0602
-1.932   2.319    -6.328   0.06549  0.01552  -0.02321 | -1.0602
-1.932   2.319    -6.328   0.06549  0.01552  -0.02321 | -1.0602
-1.932   2.319    -6.328   0.06549  0.01552  -0.02321 | -1.0602
-1.932   2.319    -6.328   0.06549  0.01552  -0.02345 | -1.0602
Done    'Coregister: Estimate'
Done

CoReg Done in 26.936024 seconds

All done with coregistration.
>> >> 
No sandbox specified



Start   : Mon Jun  4 21:51:41 EDT 2018
Finish  : Mon Jun  4 21:52:52 EDT 2018


