
                            < M A T L A B (R) >
                  Copyright 1984-2017 The MathWorks, Inc.
                   R2017a (9.2.0.556344) 64-bit (glnxa64)
                               March 27, 2017

 
To get started, type one of these: helpwin, helpdesk, or demo.
For product information, visit www.mathworks.com.
 
>> >> >> >> Coregistation Script Created on 180604_18_14_31_078
>> >> >> >> >> >> [Warning: Name is nonexistent or not a directory:
/Users/rcwelsh/matlabScripts/WELLES/mfiles] 
[> In path (line 109)
  In addpath (line 86)] 
>> >> >> >> >> 
UMBatchJobName =

    'coregOverlay_180604_18_14_31_078_tehsheng_madcbrai'

>> 
UMBatchProcessName =

    'coregOverlay'

>> >> Initializing the job manager in SPM8

UMReSlice =

     0



Calling UMBatchCoReg with:
/nfs/fmri/Analysis/Sean_Working/Git_MADC/preprocess/../../../Subjects_oldResting/madc1066_scan1/func//run_01/utprun_01.nii
/nfs/fmri/Analysis/Subjects_oldResting/madc1066_scan1/func/coReg/t1mprage.nii
UMReSlice:0
Entering UMBatchCoReg V2.0 for SPM8
Coreging /nfs/fmri/Analysis/Subjects_oldResting/madc1066_scan1/func/coReg/t1mprage.nii to
         /nfs/fmri/Analysis/Sean_Working/Git_MADC/preprocess/../../../Subjects_oldResting/madc1066_scan1/func//run_01/utprun_01.nii


------------------------------------------------------------------------
Running job #1
------------------------------------------------------------------------
Running 'Coregister: Estimate'
iteration 1...
-0.3849  0        0        0        0        0        | -1.0369
-0.3849  3.431    0        0        0        0        | -1.0375
-0.3849  3.431    -3.703   0        0        0        | -1.0382
-0.3849  3.431    -3.703   -0.0001698 0        0        | -1.0382
-0.3849  3.431    -3.703   -0.0001698 0        0        | -1.0382
-0.3849  3.431    -3.703   -0.0001698 0        0.02491  | -1.0382
iteration 2...
-0.8152  3.431    -3.703   -0.0001698 0        0.02491  | -1.0383
-0.8152  2.901    -3.703   -0.0001698 0        0.02491  | -1.0383
-0.8152  2.901    -4.256   -0.0001698 0        0.02491  | -1.0383
-0.8152  2.901    -4.256   -0.005262 0        0.02491  | -1.0383
-0.8152  2.901    -4.256   -0.005262 -0.001636 0.02491  | -1.0383
-0.8152  2.901    -4.256   -0.005262 -0.001636 0.02491  | -1.0383
iteration 3...
-0.8624  2.901    -4.256   -0.005262 -0.001636 0.02491  | -1.0383
-0.8624  2.901    -4.256   -0.005262 -0.001636 0.02491  | -1.0383
-0.8624  2.901    -4.251   -0.005262 -0.001636 0.02491  | -1.0383
-0.8624  2.901    -4.251   -0.005262 -0.001636 0.02491  | -1.0383
-0.8624  2.901    -4.251   -0.005262 -0.001636 0.02491  | -1.0383
-0.8624  2.901    -4.251   -0.005262 -0.001636 0.02491  | -1.0383
iteration 4...
-0.8624  2.901    -4.251   -0.005262 -0.001636 0.02491  | -1.0383
-0.8624  2.901    -4.251   -0.005262 -0.001636 0.02491  | -1.0383
-0.8624  2.901    -4.248   -0.005262 -0.001636 0.02491  | -1.0383
-0.8624  2.901    -4.248   -0.005262 -0.001636 0.02491  | -1.0383
-0.8624  2.901    -4.248   -0.005262 -0.001636 0.02491  | -1.0383
-0.8624  2.901    -4.248   -0.005262 -0.001636 0.02491  | -1.0383
iteration 1...
-1.326   2.901    -4.248   -0.005262 -0.001636 0.02491  | -1.0383
-1.326   2.706    -4.248   -0.005262 -0.001636 0.02491  | -1.0383
-1.326   2.706    -3.818   -0.005262 -0.001636 0.02491  | -1.0383
-1.326   2.706    -3.818   -0.01257 -0.001636 0.02491  | -1.0383
-1.326   2.706    -3.818   -0.01257 -0.01166 0.02491  | -1.0383
-1.326   2.706    -3.818   -0.01257 -0.01166 0.02491  | -1.0383
-1.882   2.473    -3.302   -0.02134 -0.02369 0.02491  | -1.0383
iteration 2...
-1.869   2.478    -3.313   -0.02113 -0.02341 0.02491  | -1.0383
-1.869   2.038    -3.313   -0.02113 -0.02341 0.02491  | -1.0383
-1.869   2.038    -3.565   -0.02113 -0.02341 0.02491  | -1.0383
-1.869   2.038    -3.565   -0.02646 -0.02341 0.02491  | -1.0384
-1.869   2.038    -3.565   -0.02646 -0.02341 0.02491  | -1.0384
-1.869   2.038    -3.565   -0.02646 -0.02341 0.02223  | -1.0384
iteration 3...
-1.955   2.002    -3.485   -0.02782 -0.02528 0.02223  | -1.0384
-1.955   1.825    -3.485   -0.02782 -0.02528 0.02223  | -1.0384
-1.955   1.825    -3.556   -0.02782 -0.02528 0.02223  | -1.0384
-1.955   1.825    -3.556   -0.02938 -0.02528 0.02223  | -1.0384
-1.955   1.825    -3.556   -0.02938 -0.02528 0.02223  | -1.0384
-1.955   1.825    -3.556   -0.02938 -0.02528 0.02237  | -1.0384
-2.041   1.613    -3.547   -0.03229 -0.02714 0.0225   | -1.0384
iteration 4...
-2.041   1.613    -3.547   -0.03229 -0.02714 0.0225   | -1.0384
-2.041   1.613    -3.547   -0.03229 -0.02714 0.0225   | -1.0384
-2.041   1.613    -3.498   -0.03229 -0.02714 0.0225   | -1.0384
-2.041   1.613    -3.498   -0.03327 -0.02714 0.0225   | -1.0384
-2.041   1.613    -3.498   -0.03327 -0.02624 0.0225   | -1.0384
-2.041   1.613    -3.498   -0.03327 -0.02624 0.02155  | -1.0384
iteration 5...
-2.041   1.613    -3.498   -0.03327 -0.02624 0.02155  | -1.0384
-2.041   1.613    -3.498   -0.03327 -0.02624 0.02155  | -1.0384
-2.041   1.613    -3.459   -0.03327 -0.02624 0.02155  | -1.0384
-2.041   1.613    -3.459   -0.03327 -0.02624 0.02155  | -1.0384
-2.041   1.613    -3.459   -0.03327 -0.02624 0.02155  | -1.0384
-2.041   1.613    -3.459   -0.03327 -0.02624 0.02155  | -1.0384
iteration 6...
-2.041   1.613    -3.459   -0.03327 -0.02624 0.02155  | -1.0384
-2.041   1.613    -3.459   -0.03327 -0.02624 0.02155  | -1.0384
-2.041   1.613    -3.459   -0.03327 -0.02624 0.02155  | -1.0384
-2.041   1.613    -3.459   -0.03327 -0.02624 0.02155  | -1.0384
-2.041   1.613    -3.459   -0.03327 -0.02624 0.02155  | -1.0384
-2.041   1.613    -3.459   -0.03327 -0.02624 0.02155  | -1.0384
Done    'Coregister: Estimate'
Done

CoReg Done in 41.616949 seconds

All done with coregistration.
>> >> 
No sandbox specified



Start   : Mon Jun  4 18:14:33 EDT 2018
Finish  : Mon Jun  4 18:16:01 EDT 2018


