
                            < M A T L A B (R) >
                  Copyright 1984-2017 The MathWorks, Inc.
                   R2017a (9.2.0.556344) 64-bit (glnxa64)
                               March 27, 2017

 
To get started, type one of these: helpwin, helpdesk, or demo.
For product information, visit www.mathworks.com.
 
>> >> >> >> Coregistation Script Created on 180604_16_18_44_007
>> >> >> >> >> >> [Warning: Name is nonexistent or not a directory:
/Users/rcwelsh/matlabScripts/WELLES/mfiles] 
[> In path (line 109)
  In addpath (line 86)] 
>> >> >> >> >> 
UMBatchJobName =

    'coregOverlay_180604_16_18_44_007_tehsheng_madcbrai'

>> 
UMBatchProcessName =

    'coregOverlay'

>> >> Initializing the job manager in SPM8

UMReSlice =

     0



Calling UMBatchCoReg with:
/nfs/fmri/Analysis/Sean_Working/Git_MADC/preprocess/../../../Subjects_oldResting/madc1447_scan1/func//run_01/utprun_01.nii
/nfs/fmri/Analysis/Subjects_oldResting/madc1447_scan1/func/coReg/t1mprage.nii
UMReSlice:0
Entering UMBatchCoReg V2.0 for SPM8
Coreging /nfs/fmri/Analysis/Subjects_oldResting/madc1447_scan1/func/coReg/t1mprage.nii to
         /nfs/fmri/Analysis/Sean_Working/Git_MADC/preprocess/../../../Subjects_oldResting/madc1447_scan1/func//run_01/utprun_01.nii


------------------------------------------------------------------------
Running job #1
------------------------------------------------------------------------
Running 'Coregister: Estimate'
iteration 1...
-2.97    0        0        0        0        0        | -1.0515
-2.97    2.302    0        0        0        0        | -1.0524
-2.97    2.302    -1.44    0        0        0        | -1.0526
-2.97    2.302    -1.44    -0.03236 0        0        | -1.0528
-2.97    2.302    -1.44    -0.03236 -0.01596 0        | -1.0529
-2.97    2.302    -1.44    -0.03236 -0.01596 -0.007986 | -1.0529
iteration 2...
-2.655   2.302    -1.44    -0.03236 -0.01596 -0.007986 | -1.0529
-2.655   2.72     -1.44    -0.03236 -0.01596 -0.007986 | -1.053
-2.655   2.72     -1.167   -0.03236 -0.01596 -0.007986 | -1.053
-2.655   2.72     -1.167   -0.03297 -0.01596 -0.007986 | -1.053
-2.655   2.72     -1.167   -0.03297 -0.01019 -0.007986 | -1.053
-2.655   2.72     -1.167   -0.03297 -0.01019 -0.006076 | -1.053
iteration 3...
-2.633   2.72     -1.167   -0.03297 -0.01019 -0.006076 | -1.053
-2.633   2.765    -1.167   -0.03297 -0.01019 -0.006076 | -1.053
-2.633   2.765    -1.063   -0.03297 -0.01019 -0.006076 | -1.053
-2.633   2.765    -1.063   -0.03368 -0.01019 -0.006076 | -1.053
-2.633   2.765    -1.063   -0.03368 -0.01019 -0.006076 | -1.053
-2.633   2.765    -1.063   -0.03368 -0.01019 -0.006076 | -1.053
iteration 4...
-2.636   2.765    -1.063   -0.03368 -0.01019 -0.006076 | -1.053
-2.636   2.765    -1.063   -0.03368 -0.01019 -0.006076 | -1.053
-2.636   2.765    -1.052   -0.03368 -0.01019 -0.006076 | -1.053
-2.636   2.765    -1.052   -0.03368 -0.01019 -0.006076 | -1.053
-2.636   2.765    -1.052   -0.03368 -0.01019 -0.006076 | -1.053
-2.636   2.765    -1.052   -0.03368 -0.01019 -0.006076 | -1.053
iteration 1...
-2.799   2.765    -1.052   -0.03368 -0.01019 -0.006076 | -1.0532
-2.799   2.552    -1.052   -0.03368 -0.01019 -0.006076 | -1.0532
-2.799   2.552    -1.332   -0.03368 -0.01019 -0.006076 | -1.0532
-2.799   2.552    -1.332   -0.03117 -0.01019 -0.006076 | -1.0532
-2.799   2.552    -1.332   -0.03117 -0.005081 -0.006076 | -1.0532
-2.799   2.552    -1.332   -0.03117 -0.005081 -0.01663 | -1.0532
iteration 2...
-2.814   2.552    -1.332   -0.03117 -0.005081 -0.01663 | -1.0533
-2.814   2.541    -1.332   -0.03117 -0.005081 -0.01663 | -1.0533
-2.814   2.541    -1.355   -0.03117 -0.005081 -0.01663 | -1.0533
-2.814   2.541    -1.355   -0.03117 -0.005081 -0.01663 | -1.0533
-2.814   2.541    -1.355   -0.03117 -0.001835 -0.01663 | -1.0533
-2.814   2.541    -1.355   -0.03117 -0.001835 -0.01669 | -1.0533
iteration 3...
-2.838   2.541    -1.355   -0.03117 -0.001835 -0.01669 | -1.0533
-2.838   2.545    -1.355   -0.03117 -0.001835 -0.01669 | -1.0533
-2.838   2.545    -1.355   -0.03117 -0.001835 -0.01669 | -1.0533
-2.838   2.545    -1.355   -0.03117 -0.001835 -0.01669 | -1.0533
-2.838   2.545    -1.355   -0.03117 -0.001835 -0.01669 | -1.0533
-2.838   2.545    -1.355   -0.03117 -0.001835 -0.01669 | -1.0533
iteration 4...
-2.838   2.545    -1.355   -0.03117 -0.001835 -0.01669 | -1.0533
-2.838   2.545    -1.355   -0.03117 -0.001835 -0.01669 | -1.0533
-2.838   2.545    -1.355   -0.03117 -0.001835 -0.01669 | -1.0533
-2.838   2.545    -1.355   -0.03117 -0.001835 -0.01669 | -1.0533
-2.838   2.545    -1.355   -0.03117 -0.001835 -0.01669 | -1.0533
-2.838   2.545    -1.355   -0.03117 -0.001835 -0.01669 | -1.0533
Done    'Coregister: Estimate'
Done

CoReg Done in 33.996937 seconds

All done with coregistration.
>> >> 
No sandbox specified



Start   : Mon Jun  4 16:18:47 EDT 2018
Finish  : Mon Jun  4 16:20:32 EDT 2018


