
                            < M A T L A B (R) >
                  Copyright 1984-2017 The MathWorks, Inc.
                   R2017a (9.2.0.556344) 64-bit (glnxa64)
                               March 27, 2017

 
To get started, type one of these: helpwin, helpdesk, or demo.
For product information, visit www.mathworks.com.
 
>> >> >> >> Coregistation Script Created on 180605_00_33_55_941
>> >> >> >> >> >> [Warning: Name is nonexistent or not a directory:
/Users/rcwelsh/matlabScripts/WELLES/mfiles] 
[> In path (line 109)
  In addpath (line 86)] 
>> >> >> >> >> 
UMBatchJobName =

    'coregOverlay_180605_00_33_55_941_tehsheng_madcbrai'

>> 
UMBatchProcessName =

    'coregOverlay'

>> >> Initializing the job manager in SPM8

UMReSlice =

     0



Calling UMBatchCoReg with:
/nfs/fmri/Analysis/Sean_Working/Git_MADC/preprocess/../../../Subjects_oldResting/madc1445_scan1/func//run_01/utprun_01.nii
/nfs/fmri/Analysis/Subjects_oldResting/madc1445_scan1/func/coReg/t1mprage.nii
UMReSlice:0
Entering UMBatchCoReg V2.0 for SPM8
Coreging /nfs/fmri/Analysis/Subjects_oldResting/madc1445_scan1/func/coReg/t1mprage.nii to
         /nfs/fmri/Analysis/Sean_Working/Git_MADC/preprocess/../../../Subjects_oldResting/madc1445_scan1/func//run_01/utprun_01.nii


------------------------------------------------------------------------
Running job #1
------------------------------------------------------------------------
Running 'Coregister: Estimate'
iteration 1...
-0.9556  0        0        0        0        0        | -1.0513
-0.9556  1.047    0        0        0        0        | -1.0514
-0.9556  1.047    1.041    0        0        0        | -1.0515
-0.9556  1.047    1.041    0.04026  0        0        | -1.0517
-0.9556  1.047    1.041    0.04026  0.007045 0        | -1.0517
-0.9556  1.047    1.041    0.04026  0.007045 -0.02551 | -1.0518
iteration 2...
-0.8299  1.047    1.041    0.04026  0.007045 -0.02551 | -1.0518
-0.8299  1.824    1.041    0.04026  0.007045 -0.02551 | -1.0519
-0.8299  1.824    1.17     0.04026  0.007045 -0.02551 | -1.0519
-0.8299  1.824    1.17     0.04133  0.007045 -0.02551 | -1.0519
-0.8299  1.824    1.17     0.04133  0.01669  -0.02551 | -1.0519
-0.8299  1.824    1.17     0.04133  0.01669  -0.02551 | -1.0519
iteration 3...
-0.8299  1.824    1.17     0.04133  0.01669  -0.02551 | -1.0519
-0.8299  1.454    1.17     0.04133  0.01669  -0.02551 | -1.0519
-0.8299  1.454    1.292    0.04133  0.01669  -0.02551 | -1.0519
-0.8299  1.454    1.292    0.04376  0.01669  -0.02551 | -1.0519
-0.8299  1.454    1.292    0.04376  0.01914  -0.02551 | -1.0519
-0.8299  1.454    1.292    0.04376  0.01914  -0.02858 | -1.0519
iteration 4...
-0.8023  1.454    1.292    0.04376  0.01914  -0.02858 | -1.052
-0.8023  1.404    1.292    0.04376  0.01914  -0.02858 | -1.052
-0.8023  1.404    1.412    0.04376  0.01914  -0.02858 | -1.052
-0.8023  1.404    1.412    0.04488  0.01914  -0.02858 | -1.052
-0.8023  1.404    1.412    0.04488  0.02048  -0.02858 | -1.052
-0.8023  1.404    1.412    0.04488  0.02048  -0.02809 | -1.052
-0.7821  1.367    1.5      0.0457   0.02145  -0.02774 | -1.052
iteration 5...
-0.7497  1.367    1.5      0.0457   0.02145  -0.02774 | -1.052
-0.7497  1.367    1.5      0.0457   0.02145  -0.02774 | -1.052
-0.7495  1.367    1.501    0.04571  0.02147  -0.02773 | -1.052
-0.7495  1.367    1.501    0.04571  0.02147  -0.02773 | -1.052
-0.7495  1.367    1.501    0.04571  0.0227   -0.02773 | -1.052
-0.7495  1.367    1.501    0.04571  0.0227   -0.02773 | -1.052
iteration 6...
-0.7284  1.367    1.501    0.04571  0.0227   -0.02773 | -1.052
-0.7284  1.367    1.501    0.04571  0.0227   -0.02773 | -1.052
-0.7284  1.367    1.501    0.04571  0.0227   -0.02773 | -1.052
-0.7284  1.367    1.501    0.04571  0.0227   -0.02773 | -1.052
-0.7284  1.367    1.501    0.04571  0.0227   -0.02773 | -1.052
-0.7284  1.367    1.501    0.04571  0.0227   -0.02773 | -1.052
iteration 7...
-0.7284  1.367    1.501    0.04571  0.0227   -0.02773 | -1.052
-0.7284  1.367    1.501    0.04571  0.0227   -0.02773 | -1.052
-0.7284  1.367    1.501    0.04571  0.0227   -0.02773 | -1.052
-0.7284  1.367    1.501    0.04571  0.0227   -0.02773 | -1.052
-0.7284  1.367    1.501    0.04571  0.0227   -0.02773 | -1.052
-0.7284  1.367    1.501    0.04571  0.0227   -0.02773 | -1.052
iteration 1...
-0.5672  1.367    1.501    0.04571  0.0227   -0.02773 | -1.0517
-0.5672  1.867    1.501    0.04571  0.0227   -0.02773 | -1.0517
-0.5672  1.867    1.047    0.04571  0.0227   -0.02773 | -1.0518
-0.5672  1.867    1.047    0.04436  0.0227   -0.02773 | -1.0518
-0.5672  1.867    1.047    0.04436  0.02094  -0.02773 | -1.0518
-0.5672  1.867    1.047    0.04436  0.02094  -0.01529 | -1.0518
iteration 2...
-0.7234  1.867    1.047    0.04436  0.02094  -0.01529 | -1.0518
-0.7234  1.951    1.047    0.04436  0.02094  -0.01529 | -1.0518
-0.7234  1.951    1.028    0.04436  0.02094  -0.01529 | -1.0518
-0.7234  1.951    1.028    0.043    0.02094  -0.01529 | -1.0518
-0.7234  1.951    1.028    0.043    0.02094  -0.01529 | -1.0518
-0.7234  1.951    1.028    0.043    0.02094  -0.01458 | -1.0518
iteration 3...
-0.7234  1.951    1.028    0.043    0.02094  -0.01458 | -1.0518
-0.7234  1.928    1.028    0.043    0.02094  -0.01458 | -1.0518
-0.7234  1.928    0.9891   0.043    0.02094  -0.01458 | -1.0518
-0.7234  1.928    0.9891   0.043    0.02094  -0.01458 | -1.0518
-0.7234  1.928    0.9891   0.043    0.02034  -0.01458 | -1.0518
-0.7234  1.928    0.9891   0.043    0.02034  -0.01458 | -1.0518
iteration 4...
-0.7234  1.928    0.9891   0.043    0.02034  -0.01458 | -1.0518
-0.7234  1.928    0.9891   0.043    0.02034  -0.01458 | -1.0518
-0.7234  1.928    0.985    0.043    0.02034  -0.01458 | -1.0518
-0.7234  1.928    0.985    0.043    0.02034  -0.01458 | -1.0518
-0.7234  1.928    0.985    0.043    0.02034  -0.01458 | -1.0518
-0.7234  1.928    0.985    0.043    0.02034  -0.01458 | -1.0518
Done    'Coregister: Estimate'
Done

CoReg Done in 31.603635 seconds

All done with coregistration.
>> >> 
No sandbox specified



Start   : Tue Jun  5 00:34:00 EDT 2018
Finish  : Tue Jun  5 00:35:20 EDT 2018


