
                            < M A T L A B (R) >
                  Copyright 1984-2017 The MathWorks, Inc.
                   R2017a (9.2.0.556344) 64-bit (glnxa64)
                               March 27, 2017

 
To get started, type one of these: helpwin, helpdesk, or demo.
For product information, visit www.mathworks.com.
 
>> >> >> >> Coregistation Script Created on 180604_16_45_37_494
>> >> >> >> >> >> [Warning: Name is nonexistent or not a directory:
/Users/rcwelsh/matlabScripts/WELLES/mfiles] 
[> In path (line 109)
  In addpath (line 86)] 
>> >> >> >> >> 
UMBatchJobName =

    'coregOverlay_180604_16_45_37_494_tehsheng_madcbrai'

>> 
UMBatchProcessName =

    'coregOverlay'

>> >> Initializing the job manager in SPM8

UMReSlice =

     0



Calling UMBatchCoReg with:
/nfs/fmri/Analysis/Sean_Working/Git_MADC/preprocess/../../../Subjects_oldResting/madc1378_scan1/func//run_01/utprun_01.nii
/nfs/fmri/Analysis/Subjects_oldResting/madc1378_scan1/func/coReg/t1mprage.nii
UMReSlice:0
Entering UMBatchCoReg V2.0 for SPM8
Coreging /nfs/fmri/Analysis/Subjects_oldResting/madc1378_scan1/func/coReg/t1mprage.nii to
         /nfs/fmri/Analysis/Sean_Working/Git_MADC/preprocess/../../../Subjects_oldResting/madc1378_scan1/func//run_01/utprun_01.nii


------------------------------------------------------------------------
Running job #1
------------------------------------------------------------------------
Running 'Coregister: Estimate'
iteration 1...
-1.681   0        0        0        0        0        | -1.0443
-1.681   2.285    0        0        0        0        | -1.0448
-1.681   2.285    0.7591   0        0        0        | -1.0449
-1.681   2.285    0.7591   -0.04491 0        0        | -1.045
-1.681   2.285    0.7591   -0.04491 0.0171   0        | -1.0451
-1.681   2.285    0.7591   -0.04491 0.0171   0.002253 | -1.0451
iteration 2...
-1.806   2.285    0.7591   -0.04491 0.0171   0.002253 | -1.0451
-1.806   2.601    0.7591   -0.04491 0.0171   0.002253 | -1.0451
-1.806   2.601    0.7352   -0.04491 0.0171   0.002253 | -1.0451
-1.806   2.601    0.7352   -0.04436 0.0171   0.002253 | -1.0451
-1.806   2.601    0.7352   -0.04436 0.01724  0.002253 | -1.0451
-1.806   2.601    0.7352   -0.04436 0.01724  0.002253 | -1.0451
iteration 3...
-1.806   2.601    0.7352   -0.04436 0.01724  0.002253 | -1.0451
-1.806   2.601    0.7352   -0.04436 0.01724  0.002253 | -1.0451
-1.806   2.601    0.7225   -0.04436 0.01724  0.002253 | -1.0451
-1.806   2.601    0.7225   -0.04436 0.01724  0.002253 | -1.0451
-1.806   2.601    0.7225   -0.04436 0.01724  0.002253 | -1.0451
-1.806   2.601    0.7225   -0.04436 0.01724  0.002253 | -1.0451
iteration 1...
-1.949   2.601    0.7225   -0.04436 0.01724  0.002253 | -1.0448
-1.949   2.714    0.7225   -0.04436 0.01724  0.002253 | -1.0448
-1.949   2.714    0.6628   -0.04436 0.01724  0.002253 | -1.0448
-1.949   2.714    0.6628   -0.0311  0.01724  0.002253 | -1.0449
-1.949   2.714    0.6628   -0.0311  0.0007489 0.002253 | -1.0449
-1.949   2.714    0.6628   -0.0311  0.0007489 0.0003   | -1.0449
iteration 2...
-1.93    2.714    0.6628   -0.0311  0.0007489 0.0003   | -1.0449
-1.93    2.633    0.6628   -0.0311  0.0007489 0.0003   | -1.0449
-1.93    2.633    0.5306   -0.0311  0.0007489 0.0003   | -1.0449
-1.93    2.633    0.5306   -0.02411 0.0007489 0.0003   | -1.0449
-1.93    2.633    0.5306   -0.02411 -0.002895 0.0003   | -1.0449
-1.93    2.633    0.5306   -0.02411 -0.002895 0.0003   | -1.0449
iteration 3...
-1.93    2.633    0.5306   -0.02411 -0.002895 0.0003   | -1.0449
-1.93    2.67     0.5306   -0.02411 -0.002895 0.0003   | -1.0449
-1.93    2.67     0.4072   -0.02411 -0.002895 0.0003   | -1.0449
-1.93    2.67     0.4072   -0.02411 -0.002895 0.0003   | -1.0449
-1.93    2.67     0.4072   -0.02411 -0.002895 0.0003   | -1.0449
-1.93    2.67     0.4072   -0.02411 -0.002895 0.0003   | -1.0449
iteration 4...
-1.93    2.67     0.4072   -0.02411 -0.002895 0.0003   | -1.0449
-1.93    2.67     0.4072   -0.02411 -0.002895 0.0003   | -1.0449
-1.93    2.67     0.4072   -0.02411 -0.002895 0.0003   | -1.0449
-1.93    2.67     0.4072   -0.02411 -0.002895 0.0003   | -1.0449
-1.93    2.67     0.4072   -0.02411 -0.002895 0.0003   | -1.0449
-1.93    2.67     0.4072   -0.02411 -0.002895 0.0003   | -1.0449
Done    'Coregister: Estimate'
Done

CoReg Done in 30.305010 seconds

All done with coregistration.
>> >> 
No sandbox specified



Start   : Mon Jun  4 16:45:39 EDT 2018
Finish  : Mon Jun  4 16:46:51 EDT 2018


