
                            < M A T L A B (R) >
                  Copyright 1984-2017 The MathWorks, Inc.
                   R2017a (9.2.0.556344) 64-bit (glnxa64)
                               March 27, 2017

 
To get started, type one of these: helpwin, helpdesk, or demo.
For product information, visit www.mathworks.com.
 
>> >> >> >> Coregistation Script Created on 180604_22_54_42_063
>> >> >> >> >> >> [Warning: Name is nonexistent or not a directory:
/Users/rcwelsh/matlabScripts/WELLES/mfiles] 
[> In path (line 109)
  In addpath (line 86)] 
>> >> >> >> >> 
UMBatchJobName =

    'coregOverlay_180604_22_54_42_063_tehsheng_madcbrai'

>> 
UMBatchProcessName =

    'coregOverlay'

>> >> Initializing the job manager in SPM8

UMReSlice =

     0



Calling UMBatchCoReg with:
/nfs/fmri/Analysis/Sean_Working/Git_MADC/preprocess/../../../Subjects_oldResting/madc1402_scan1/func//run_01/utprun_01.nii
/nfs/fmri/Analysis/Subjects_oldResting/madc1402_scan1/func/coReg/t1mprage.nii
UMReSlice:0
Entering UMBatchCoReg V2.0 for SPM8
Coreging /nfs/fmri/Analysis/Subjects_oldResting/madc1402_scan1/func/coReg/t1mprage.nii to
         /nfs/fmri/Analysis/Sean_Working/Git_MADC/preprocess/../../../Subjects_oldResting/madc1402_scan1/func//run_01/utprun_01.nii


------------------------------------------------------------------------
Running job #1
------------------------------------------------------------------------
Running 'Coregister: Estimate'
iteration 1...
-1.776   0        0        0        0        0        | -1.0523
-1.776   3.142    0        0        0        0        | -1.0536
-1.776   3.142    -3.716   0        0        0        | -1.0553
-1.776   3.142    -3.716   -0.01418 0        0        | -1.0554
-1.776   3.142    -3.716   -0.01418 -0.00142 0        | -1.0554
-1.776   3.142    -3.716   -0.01418 -0.00142 -0.004602 | -1.0554
iteration 2...
-1.748   3.142    -3.716   -0.01418 -0.00142 -0.004602 | -1.0554
-1.748   3.213    -3.716   -0.01418 -0.00142 -0.004602 | -1.0554
-1.748   3.213    -3.68    -0.01418 -0.00142 -0.004602 | -1.0554
-1.748   3.213    -3.68    -0.01418 -0.00142 -0.004602 | -1.0554
-1.748   3.213    -3.68    -0.01418 -0.0009036 -0.004602 | -1.0554
-1.748   3.213    -3.68    -0.01418 -0.0009036 -0.004602 | -1.0554
iteration 3...
-1.777   3.213    -3.68    -0.01418 -0.0009036 -0.004602 | -1.0554
-1.777   3.209    -3.68    -0.01418 -0.0009036 -0.004602 | -1.0554
-1.777   3.209    -3.658   -0.01418 -0.0009036 -0.004602 | -1.0554
-1.777   3.209    -3.658   -0.01418 -0.0009036 -0.004602 | -1.0554
-1.777   3.209    -3.658   -0.01418 -0.000729 -0.004602 | -1.0554
-1.777   3.209    -3.658   -0.01418 -0.000729 -0.004364 | -1.0554
-1.806   3.206    -3.637   -0.01418 -0.0005545 -0.004126 | -1.0554
iteration 4...
-1.806   3.206    -3.637   -0.01418 -0.0005545 -0.004126 | -1.0554
-1.806   3.203    -3.637   -0.01418 -0.0005545 -0.004126 | -1.0554
-1.806   3.203    -3.638   -0.01418 -0.0005545 -0.004126 | -1.0554
-1.806   3.203    -3.638   -0.01418 -0.0005545 -0.004126 | -1.0554
-1.806   3.203    -3.638   -0.01418 -0.0005545 -0.004126 | -1.0554
-1.806   3.203    -3.638   -0.01418 -0.0005545 -0.004126 | -1.0554
iteration 1...
-1.495   3.203    -3.638   -0.01418 -0.0005545 -0.004126 | -1.0556
-1.495   2.955    -3.638   -0.01418 -0.0005545 -0.004126 | -1.0556
-1.495   2.955    -3.649   -0.01418 -0.0005545 -0.004126 | -1.0556
-1.495   2.955    -3.649   -0.01794 -0.0005545 -0.004126 | -1.0556
-1.495   2.955    -3.649   -0.01794 0.001055 -0.004126 | -1.0556
-1.495   2.955    -3.649   -0.01794 0.001055 -0.003731 | -1.0556
iteration 2...
-1.547   2.955    -3.649   -0.01794 0.001055 -0.003731 | -1.0556
-1.547   3.042    -3.649   -0.01794 0.001055 -0.003731 | -1.0557
-1.547   3.042    -3.748   -0.01794 0.001055 -0.003731 | -1.0557
-1.547   3.042    -3.748   -0.01915 0.001055 -0.003731 | -1.0557
-1.547   3.042    -3.748   -0.01915 0.00198  -0.003731 | -1.0557
-1.547   3.042    -3.748   -0.01915 0.00198  -0.003731 | -1.0557
-1.575   3.089    -3.801   -0.0198  0.00248  -0.003731 | -1.0557
iteration 3...
-1.574   3.089    -3.801   -0.0198  0.00248  -0.003731 | -1.0557
-1.574   3.089    -3.801   -0.0198  0.00248  -0.003731 | -1.0557
-1.574   3.089    -3.756   -0.0198  0.00248  -0.003731 | -1.0557
-1.574   3.089    -3.756   -0.01996 0.00248  -0.003731 | -1.0557
-1.574   3.089    -3.756   -0.01996 0.00248  -0.003731 | -1.0557
-1.574   3.089    -3.756   -0.01996 0.00248  -0.003731 | -1.0557
iteration 4...
-1.574   3.089    -3.756   -0.01996 0.00248  -0.003731 | -1.0557
-1.578   3.096    -3.764   -0.02006 0.002555 -0.003731 | -1.0557
-1.578   3.096    -3.764   -0.02006 0.002555 -0.003731 | -1.0557
-1.578   3.096    -3.764   -0.02006 0.002555 -0.003731 | -1.0557
-1.578   3.096    -3.764   -0.02006 0.002555 -0.003731 | -1.0557
-1.578   3.096    -3.764   -0.02006 0.002555 -0.003731 | -1.0557
Done    'Coregister: Estimate'
Done

CoReg Done in 28.183445 seconds

All done with coregistration.
>> >> 
No sandbox specified



Start   : Mon Jun  4 22:54:44 EDT 2018
Finish  : Mon Jun  4 22:55:50 EDT 2018


