
                            < M A T L A B (R) >
                  Copyright 1984-2017 The MathWorks, Inc.
                   R2017a (9.2.0.556344) 64-bit (glnxa64)
                               March 27, 2017

 
To get started, type one of these: helpwin, helpdesk, or demo.
For product information, visit www.mathworks.com.
 
>> >> >> >> Coregistation Script Created on 180604_20_06_07_126
>> >> >> >> >> >> [Warning: Name is nonexistent or not a directory:
/Users/rcwelsh/matlabScripts/WELLES/mfiles] 
[> In path (line 109)
  In addpath (line 86)] 
>> >> >> >> >> 
UMBatchJobName =

    'coregOverlay_180604_20_06_07_126_tehsheng_madcbrai'

>> 
UMBatchProcessName =

    'coregOverlay'

>> >> Initializing the job manager in SPM8

UMReSlice =

     0



Calling UMBatchCoReg with:
/nfs/fmri/Analysis/Sean_Working/Git_MADC/preprocess/../../../Subjects_oldResting/madc1348_scan1/func//run_01/utprun_01.nii
/nfs/fmri/Analysis/Subjects_oldResting/madc1348_scan1/func/coReg/t1mprage.nii
UMReSlice:0
Entering UMBatchCoReg V2.0 for SPM8
Coreging /nfs/fmri/Analysis/Subjects_oldResting/madc1348_scan1/func/coReg/t1mprage.nii to
         /nfs/fmri/Analysis/Sean_Working/Git_MADC/preprocess/../../../Subjects_oldResting/madc1348_scan1/func//run_01/utprun_01.nii


------------------------------------------------------------------------
Running job #1
------------------------------------------------------------------------
Running 'Coregister: Estimate'
iteration 1...
-2.682   0        0        0        0        0        | -1.0552
-2.682   1.535    0        0        0        0        | -1.0554
-2.682   1.535    -2.307   0        0        0        | -1.0559
-2.682   1.535    -2.307   0.03133  0        0        | -1.0563
-2.682   1.535    -2.307   0.03133  0.01908  0        | -1.0563
-2.682   1.535    -2.307   0.03133  0.01908  -0.01153 | -1.0564
iteration 2...
-2.637   1.535    -2.307   0.03133  0.01908  -0.01153 | -1.0564
-2.637   0.8624   -2.307   0.03133  0.01908  -0.01153 | -1.0565
-2.637   0.8624   -2.767   0.03133  0.01908  -0.01153 | -1.0565
-2.637   0.8624   -2.767   0.03645  0.01908  -0.01153 | -1.0565
-2.637   0.8624   -2.767   0.03645  0.01908  -0.01153 | -1.0565
-2.637   0.8624   -2.767   0.03645  0.01908  -0.01153 | -1.0565
iteration 3...
-2.549   0.8624   -2.767   0.03645  0.01908  -0.01153 | -1.0565
-2.549   0.9194   -2.767   0.03645  0.01908  -0.01153 | -1.0565
-2.549   0.9194   -2.767   0.03645  0.01908  -0.01153 | -1.0565
-2.549   0.9194   -2.767   0.03533  0.01908  -0.01153 | -1.0565
-2.549   0.9194   -2.767   0.03533  0.01769  -0.01153 | -1.0565
-2.549   0.9194   -2.767   0.03533  0.01769  -0.01153 | -1.0565
-2.495   0.9543   -2.767   0.03464  0.01684  -0.01153 | -1.0565
iteration 4...
-2.495   0.9543   -2.767   0.03464  0.01684  -0.01153 | -1.0565
-2.495   1.008    -2.767   0.03464  0.01684  -0.01153 | -1.0565
-2.495   1.008    -2.726   0.03464  0.01684  -0.01153 | -1.0565
-2.495   1.008    -2.726   0.03464  0.01684  -0.01153 | -1.0565
-2.495   1.008    -2.726   0.03464  0.01684  -0.01153 | -1.0565
-2.495   1.008    -2.726   0.03464  0.01684  -0.01153 | -1.0565
iteration 5...
-2.495   1.008    -2.726   0.03464  0.01684  -0.01153 | -1.0565
-2.495   0.9953   -2.726   0.03464  0.01684  -0.01153 | -1.0565
-2.495   0.9953   -2.726   0.03464  0.01684  -0.01153 | -1.0565
-2.495   0.9953   -2.726   0.03475  0.01684  -0.01153 | -1.0565
-2.495   0.9953   -2.726   0.03475  0.01705  -0.01153 | -1.0565
-2.495   0.9953   -2.726   0.03475  0.01705  -0.01153 | -1.0565
iteration 1...
-2.421   0.9953   -2.726   0.03475  0.01705  -0.01153 | -1.0566
-2.421   1.011    -2.726   0.03475  0.01705  -0.01153 | -1.0566
-2.421   1.011    -2.552   0.03475  0.01705  -0.01153 | -1.0566
-2.421   1.011    -2.552   0.03622  0.01705  -0.01153 | -1.0566
-2.421   1.011    -2.552   0.03622  0.008626 -0.01153 | -1.0566
-2.421   1.011    -2.552   0.03622  0.008626 -0.02189 | -1.0566
iteration 2...
-2.388   1.011    -2.552   0.03622  0.008626 -0.02189 | -1.0566
-2.388   0.8539   -2.552   0.03622  0.008626 -0.02189 | -1.0566
-2.388   0.8539   -2.541   0.03622  0.008626 -0.02189 | -1.0566
-2.388   0.8539   -2.541   0.03824  0.008626 -0.02189 | -1.0566
-2.388   0.8539   -2.541   0.03824  0.004645 -0.02189 | -1.0566
-2.388   0.8539   -2.541   0.03824  0.004645 -0.02189 | -1.0566
iteration 3...
-2.388   0.8539   -2.541   0.03824  0.004645 -0.02189 | -1.0566
-2.388   0.7868   -2.541   0.03824  0.004645 -0.02189 | -1.0566
-2.388   0.7868   -2.561   0.03824  0.004645 -0.02189 | -1.0566
-2.388   0.7868   -2.561   0.03764  0.004645 -0.02189 | -1.0566
-2.388   0.7868   -2.561   0.03764  0.004645 -0.02189 | -1.0566
-2.388   0.7868   -2.561   0.03764  0.004645 -0.02189 | -1.0566
iteration 4...
-2.388   0.7868   -2.561   0.03764  0.004645 -0.02189 | -1.0566
-2.388   0.7868   -2.561   0.03764  0.004645 -0.02189 | -1.0566
-2.388   0.7868   -2.561   0.03764  0.004645 -0.02189 | -1.0566
-2.388   0.7868   -2.561   0.03764  0.004645 -0.02189 | -1.0566
-2.388   0.7868   -2.561   0.03764  0.004645 -0.02189 | -1.0566
-2.388   0.7868   -2.561   0.03764  0.004645 -0.02189 | -1.0566
Done    'Coregister: Estimate'
Done

CoReg Done in 31.878989 seconds

All done with coregistration.
>> >> 
No sandbox specified



Start   : Mon Jun  4 20:06:09 EDT 2018
Finish  : Mon Jun  4 20:07:25 EDT 2018


