
                            < M A T L A B (R) >
                  Copyright 1984-2017 The MathWorks, Inc.
                   R2017a (9.2.0.556344) 64-bit (glnxa64)
                               March 27, 2017

 
To get started, type one of these: helpwin, helpdesk, or demo.
For product information, visit www.mathworks.com.
 
>> >> >> >> Coregistation Script Created on 180604_20_21_54_303
>> >> >> >> >> >> [Warning: Name is nonexistent or not a directory:
/Users/rcwelsh/matlabScripts/WELLES/mfiles] 
[> In path (line 109)
  In addpath (line 86)] 
>> >> >> >> >> 
UMBatchJobName =

    'coregOverlay_180604_20_21_54_303_tehsheng_madcbrai'

>> 
UMBatchProcessName =

    'coregOverlay'

>> >> Initializing the job manager in SPM8

UMReSlice =

     0



Calling UMBatchCoReg with:
/nfs/fmri/Analysis/Sean_Working/Git_MADC/preprocess/../../../Subjects_oldResting/madc1228_scan1/func//run_01/utprun_01.nii
/nfs/fmri/Analysis/Subjects_oldResting/madc1228_scan1/func/coReg/t1mprage.nii
UMReSlice:0
Entering UMBatchCoReg V2.0 for SPM8
Coreging /nfs/fmri/Analysis/Subjects_oldResting/madc1228_scan1/func/coReg/t1mprage.nii to
         /nfs/fmri/Analysis/Sean_Working/Git_MADC/preprocess/../../../Subjects_oldResting/madc1228_scan1/func//run_01/utprun_01.nii


------------------------------------------------------------------------
Running job #1
------------------------------------------------------------------------
Running 'Coregister: Estimate'
iteration 1...
-0.6741  0        0        0        0        0        | -1.0497
-0.6741  1.773    0        0        0        0        | -1.0501
-0.6741  1.773    0.7022   0        0        0        | -1.0503
-0.6741  1.773    0.7022   -0.0009278 0        0        | -1.0503
-0.6741  1.773    0.7022   -0.0009278 0.0008249 0        | -1.0503
-0.6741  1.773    0.7022   -0.0009278 0.0008249 0.00726  | -1.0503
iteration 2...
-0.5588  1.773    0.7022   -0.0009278 0.0008249 0.00726  | -1.0503
-0.5588  1.736    0.7022   -0.0009278 0.0008249 0.00726  | -1.0503
-0.5588  1.736    0.6884   -0.0009278 0.0008249 0.00726  | -1.0503
-0.5588  1.736    0.6884   -0.0009278 0.0008249 0.00726  | -1.0503
-0.5588  1.736    0.6884   -0.0009278 0.001947 0.00726  | -1.0503
-0.5588  1.736    0.6884   -0.0009278 0.001947 0.008059 | -1.0503
iteration 3...
-0.4508  1.736    0.6884   -0.0009278 0.001947 0.008059 | -1.0503
-0.4508  1.736    0.6884   -0.0009278 0.001947 0.008059 | -1.0503
-0.4508  1.736    0.71     -0.0009278 0.001947 0.008059 | -1.0503
-0.4508  1.736    0.71     -0.0009278 0.001947 0.008059 | -1.0503
-0.4508  1.736    0.71     -0.0009278 0.00363  0.008059 | -1.0503
-0.4508  1.736    0.71     -0.0009278 0.00363  0.008059 | -1.0503
-0.1002  1.736    0.7799   -0.0009278 0.009089 0.008059 | -1.0504
iteration 4...
-0.1002  1.736    0.7799   -0.0009278 0.009089 0.008059 | -1.0504
-0.1002  1.834    0.7799   -0.0009278 0.009089 0.008059 | -1.0504
-0.1002  1.834    0.7617   -0.0009278 0.009089 0.008059 | -1.0504
-0.1002  1.834    0.7617   -0.0009278 0.009089 0.008059 | -1.0504
-0.1002  1.834    0.7617   -0.0009278 0.009089 0.008059 | -1.0504
-0.1002  1.834    0.7617   -0.0009278 0.009089 0.008652 | -1.0504
iteration 5...
-0.07155 1.834    0.7617   -0.0009278 0.009089 0.008652 | -1.0504
-0.07155 1.834    0.7617   -0.0009278 0.009089 0.008652 | -1.0504
-0.07155 1.834    0.7617   -0.0009278 0.009089 0.008652 | -1.0504
-0.07155 1.834    0.7617   -0.0009278 0.009089 0.008652 | -1.0504
-0.0681  1.834    0.7624   -0.0009278 0.009143 0.008652 | -1.0504
-0.0681  1.834    0.7624   -0.0009278 0.009143 0.008652 | -1.0504
iteration 6...
-0.07581 1.834    0.7624   -0.0009278 0.009143 0.008652 | -1.0504
-0.07581 1.834    0.7624   -0.0009278 0.009143 0.008652 | -1.0504
-0.07581 1.834    0.7624   -0.0009278 0.009143 0.008652 | -1.0504
-0.07581 1.834    0.7624   -0.0009278 0.009143 0.008652 | -1.0504
-0.07581 1.834    0.7624   -0.0009278 0.009143 0.008652 | -1.0504
-0.07581 1.834    0.7624   -0.0009278 0.009143 0.008652 | -1.0504
iteration 1...
-0.07581 1.834    0.7624   -0.0009278 0.009143 0.008652 | -1.0501
-0.07581 2.171    0.7624   -0.0009278 0.009143 0.008652 | -1.0501
-0.07581 2.171    0.5421   -0.0009278 0.009143 0.008652 | -1.0501
-0.07581 2.171    0.5421   -0.0004978 0.009143 0.008652 | -1.0501
-0.07581 2.171    0.5421   -0.0004978 0.01155  0.008652 | -1.0501
-0.07581 2.171    0.5421   -0.0004978 0.01155  0.01951  | -1.0501
iteration 2...
0.08662  2.171    0.5421   -0.0004978 0.01155  0.01951  | -1.0501
0.08662  2.414    0.5421   -0.0004978 0.01155  0.01951  | -1.0501
0.08662  2.414    0.5378   -0.0004978 0.01155  0.01951  | -1.0501
0.08662  2.414    0.5378   0.000206 0.01155  0.01951  | -1.0501
0.08662  2.414    0.5378   0.000206 0.01265  0.01951  | -1.0501
0.08662  2.414    0.5378   0.000206 0.01265  0.02207  | -1.0501
0.2014   2.586    0.5346   0.0007034 0.01343  0.02389  | -1.0502
iteration 3...
0.2233   2.618    0.5341   0.0007984 0.01358  0.02423  | -1.0502
0.2233   2.573    0.5341   0.0007984 0.01358  0.02423  | -1.0502
0.2233   2.573    0.5255   0.0007984 0.01358  0.02423  | -1.0502
0.2233   2.573    0.5255   0.0007984 0.01358  0.02423  | -1.0502
0.2233   2.573    0.5255   0.0007984 0.01364  0.02423  | -1.0502
0.2233   2.573    0.5255   0.0007984 0.01364  0.02423  | -1.0502
iteration 4...
0.2292   2.582    0.5253   0.0008237 0.01368  0.02433  | -1.0502
0.2292   2.582    0.5253   0.0008237 0.01368  0.02433  | -1.0502
0.2292   2.582    0.5244   0.0008237 0.01368  0.02433  | -1.0502
0.2292   2.582    0.5244   0.0008237 0.01368  0.02433  | -1.0502
0.2292   2.582    0.5244   0.0008237 0.01368  0.02433  | -1.0502
0.2292   2.582    0.5244   0.0008237 0.01368  0.02433  | -1.0502
Done    'Coregister: Estimate'
Done

CoReg Done in 28.268415 seconds

All done with coregistration.
>> >> 
No sandbox specified



Start   : Mon Jun  4 20:21:57 EDT 2018
Finish  : Mon Jun  4 20:23:05 EDT 2018


