
                            < M A T L A B (R) >
                  Copyright 1984-2017 The MathWorks, Inc.
                   R2017a (9.2.0.556344) 64-bit (glnxa64)
                               March 27, 2017

 
To get started, type one of these: helpwin, helpdesk, or demo.
For product information, visit www.mathworks.com.
 
>> >> >> >> Coregistation Script Created on 180604_19_30_19_463
>> >> >> >> >> >> [Warning: Name is nonexistent or not a directory:
/Users/rcwelsh/matlabScripts/WELLES/mfiles] 
[> In path (line 109)
  In addpath (line 86)] 
>> >> >> >> >> 
UMBatchJobName =

    'coregOverlay_180604_19_30_19_463_tehsheng_madcbrai'

>> 
UMBatchProcessName =

    'coregOverlay'

>> >> Initializing the job manager in SPM8

UMReSlice =

     0



Calling UMBatchCoReg with:
/nfs/fmri/Analysis/Sean_Working/Git_MADC/preprocess/../../../Subjects_oldResting/madc1220_scan1/func//run_01/utprun_01.nii
/nfs/fmri/Analysis/Subjects_oldResting/madc1220_scan1/func/coReg/t1mprage.nii
UMReSlice:0
Entering UMBatchCoReg V2.0 for SPM8
Coreging /nfs/fmri/Analysis/Subjects_oldResting/madc1220_scan1/func/coReg/t1mprage.nii to
         /nfs/fmri/Analysis/Sean_Working/Git_MADC/preprocess/../../../Subjects_oldResting/madc1220_scan1/func//run_01/utprun_01.nii


------------------------------------------------------------------------
Running job #1
------------------------------------------------------------------------
Running 'Coregister: Estimate'
iteration 1...
-2.446   0        0        0        0        0        | -1.0498
-2.446   0.08597  0        0        0        0        | -1.0498
-2.446   0.08597  0.9669   0        0        0        | -1.0499
-2.446   0.08597  0.9669   0.02229  0        0        | -1.05
-2.446   0.08597  0.9669   0.02229  -0.008672 0        | -1.05
-2.446   0.08597  0.9669   0.02229  -0.008672 -0.007638 | -1.05
iteration 2...
-2.399   0.08597  0.9669   0.02229  -0.008672 -0.007638 | -1.05
-2.399   -0.1921  0.9669   0.02229  -0.008672 -0.007638 | -1.05
-2.399   -0.1921  0.9557   0.02229  -0.008672 -0.007638 | -1.05
-2.399   -0.1921  0.9557   0.02448  -0.008672 -0.007638 | -1.05
-2.399   -0.1921  0.9557   0.02448  -0.01367 -0.007638 | -1.05
-2.399   -0.1921  0.9557   0.02448  -0.01367 -0.007638 | -1.05
iteration 3...
-2.399   -0.1921  0.9557   0.02448  -0.01367 -0.007638 | -1.05
-2.399   -0.2028  0.9557   0.02448  -0.01367 -0.007638 | -1.05
-2.399   -0.2028  0.9604   0.02448  -0.01367 -0.007638 | -1.05
-2.399   -0.2028  0.9604   0.02448  -0.01367 -0.007638 | -1.05
-2.399   -0.2028  0.9604   0.02448  -0.01367 -0.007638 | -1.05
-2.399   -0.2028  0.9604   0.02448  -0.01367 -0.007638 | -1.05
iteration 1...
-2.363   -0.2028  0.9604   0.02448  -0.01367 -0.007638 | -1.05
-2.363   0.07274  0.9604   0.02448  -0.01367 -0.007638 | -1.05
-2.363   0.07274  0.5308   0.02448  -0.01367 -0.007638 | -1.05
-2.363   0.07274  0.5308   0.03322  -0.01367 -0.007638 | -1.05
-2.363   0.07274  0.5308   0.03322  -0.01367 -0.007638 | -1.05
-2.363   0.07274  0.5308   0.03322  -0.01367 -0.001964 | -1.05
iteration 2...
-2.363   0.07274  0.5308   0.03322  -0.01367 -0.001964 | -1.05
-2.363   0.06341  0.5308   0.03322  -0.01367 -0.001964 | -1.05
-2.363   0.06341  0.5273   0.03322  -0.01367 -0.001964 | -1.05
-2.363   0.06341  0.5273   0.03187  -0.01367 -0.001964 | -1.05
-2.363   0.06341  0.5273   0.03187  -0.01135 -0.001964 | -1.05
-2.363   0.06341  0.5273   0.03187  -0.01135 0.0005272 | -1.05
iteration 3...
-2.363   0.06341  0.5273   0.03187  -0.01135 0.0005272 | -1.05
-2.363   0.1573   0.5273   0.03187  -0.01135 0.0005272 | -1.05
-2.363   0.1573   0.5383   0.03187  -0.01135 0.0005272 | -1.05
-2.363   0.1573   0.5383   0.03081  -0.01135 0.0005272 | -1.05
-2.363   0.1573   0.5383   0.03081  -0.01128 0.0005272 | -1.05
-2.363   0.1573   0.5383   0.03081  -0.01128 0.0005272 | -1.05
iteration 4...
-2.324   0.1573   0.5383   0.03081  -0.01128 0.0005272 | -1.05
-2.324   0.1573   0.5383   0.03081  -0.01128 0.0005272 | -1.05
-2.324   0.1573   0.5383   0.03081  -0.01128 0.0005272 | -1.05
-2.324   0.1573   0.5383   0.03081  -0.01128 0.0005272 | -1.05
-2.324   0.1573   0.5383   0.03081  -0.01059 0.0005272 | -1.05
-2.324   0.1573   0.5383   0.03081  -0.01059 0.0005272 | -1.05
iteration 5...
-2.347   0.1573   0.5383   0.03081  -0.01059 0.0005272 | -1.05
-2.347   0.1573   0.5383   0.03081  -0.01059 0.0005272 | -1.05
-2.347   0.1573   0.5383   0.03081  -0.01059 0.0005272 | -1.05
-2.347   0.1573   0.5383   0.03081  -0.01059 0.0005272 | -1.05
-2.347   0.1573   0.5383   0.03081  -0.01071 0.0005272 | -1.05
-2.347   0.1573   0.5383   0.03081  -0.01071 0.0005272 | -1.05
iteration 6...
-2.347   0.1573   0.5383   0.03081  -0.01071 0.0005272 | -1.05
-2.347   0.1573   0.5383   0.03081  -0.01071 0.0005272 | -1.05
-2.347   0.1573   0.5383   0.03081  -0.01071 0.0005272 | -1.05
-2.347   0.1573   0.5383   0.03081  -0.01071 0.0005272 | -1.05
-2.347   0.1573   0.5383   0.03081  -0.01071 0.0005272 | -1.05
-2.347   0.1573   0.5383   0.03081  -0.01071 0.0005272 | -1.05
Done    'Coregister: Estimate'
Done

CoReg Done in 33.624909 seconds

All done with coregistration.
>> >> 
No sandbox specified



Start   : Mon Jun  4 19:30:21 EDT 2018
Finish  : Mon Jun  4 19:31:33 EDT 2018


