
                            < M A T L A B (R) >
                  Copyright 1984-2017 The MathWorks, Inc.
                   R2017a (9.2.0.556344) 64-bit (glnxa64)
                               March 27, 2017

 
To get started, type one of these: helpwin, helpdesk, or demo.
For product information, visit www.mathworks.com.
 
>> >> >> >> Coregistation Script Created on 180604_15_44_57_370
>> >> >> >> >> >> [Warning: Name is nonexistent or not a directory:
/Users/rcwelsh/matlabScripts/WELLES/mfiles] 
[> In path (line 109)
  In addpath (line 86)] 
>> >> >> >> >> 
UMBatchJobName =

    'coregOverlay_180604_15_44_57_370_tehsheng_madcbrai'

>> 
UMBatchProcessName =

    'coregOverlay'

>> >> Initializing the job manager in SPM8

UMReSlice =

     0



Calling UMBatchCoReg with:
/nfs/fmri/Analysis/Sean_Working/Git_MADC/preprocess/../../../Subjects_oldResting/madc1409_scan1/func//run_01/utprun_01.nii
/nfs/fmri/Analysis/Subjects_oldResting/madc1409_scan1/func/coReg/t1mprage.nii
UMReSlice:0
Entering UMBatchCoReg V2.0 for SPM8
Coreging /nfs/fmri/Analysis/Subjects_oldResting/madc1409_scan1/func/coReg/t1mprage.nii to
         /nfs/fmri/Analysis/Sean_Working/Git_MADC/preprocess/../../../Subjects_oldResting/madc1409_scan1/func//run_01/utprun_01.nii


------------------------------------------------------------------------
Running job #1
------------------------------------------------------------------------
Running 'Coregister: Estimate'
iteration 1...
-2.531   0        0        0        0        0        | -1.052
-2.531   1.684    0        0        0        0        | -1.0522
-2.531   1.684    -2.482   0        0        0        | -1.0524
-2.531   1.684    -2.482   -0.01312 0        0        | -1.0525
-2.531   1.684    -2.482   -0.01312 0        0        | -1.0525
-2.531   1.684    -2.482   -0.01312 0        -0.01724 | -1.0526
iteration 2...
-2.564   1.684    -2.482   -0.01312 0        -0.01724 | -1.0526
-2.564   1.832    -2.482   -0.01312 0        -0.01724 | -1.0526
-2.564   1.832    -2.315   -0.01312 0        -0.01724 | -1.0526
-2.564   1.832    -2.315   -0.03219 0        -0.01724 | -1.0526
-2.564   1.832    -2.315   -0.03219 -0.02197 -0.01724 | -1.0526
-2.564   1.832    -2.315   -0.03219 -0.02197 -0.02507 | -1.0526
iteration 3...
-2.615   1.832    -2.315   -0.03219 -0.02197 -0.02507 | -1.0526
-2.615   2.05     -2.315   -0.03219 -0.02197 -0.02507 | -1.0526
-2.615   2.05     -1.704   -0.03219 -0.02197 -0.02507 | -1.0527
-2.615   2.05     -1.704   -0.03048 -0.02197 -0.02507 | -1.0527
-2.615   2.05     -1.704   -0.03048 -0.0228  -0.02507 | -1.0527
-2.615   2.05     -1.704   -0.03048 -0.0228  -0.02507 | -1.0527
iteration 4...
-2.788   2.05     -1.704   -0.03048 -0.0228  -0.02507 | -1.0527
-2.788   2.03     -1.704   -0.03048 -0.0228  -0.02507 | -1.0527
-2.788   2.03     -1.726   -0.03048 -0.0228  -0.02507 | -1.0527
-2.788   2.03     -1.726   -0.03042 -0.0228  -0.02507 | -1.0527
-2.788   2.03     -1.726   -0.03042 -0.02481 -0.02507 | -1.0527
-2.788   2.03     -1.726   -0.03042 -0.02481 -0.02629 | -1.0527
iteration 5...
-2.743   2.03     -1.726   -0.03042 -0.02481 -0.02629 | -1.0527
-2.743   2.031    -1.726   -0.03042 -0.02481 -0.02629 | -1.0527
-2.743   2.031    -1.763   -0.03042 -0.02481 -0.02629 | -1.0527
-2.743   2.031    -1.763   -0.03051 -0.02481 -0.02629 | -1.0527
-2.743   2.031    -1.763   -0.03051 -0.02445 -0.02629 | -1.0527
-2.743   2.031    -1.763   -0.03051 -0.02445 -0.02878 | -1.0527
iteration 6...
-2.733   2.031    -1.763   -0.03051 -0.02445 -0.02878 | -1.0527
-2.733   2.033    -1.763   -0.03051 -0.02445 -0.02878 | -1.0527
-2.733   2.033    -1.745   -0.03051 -0.02445 -0.02878 | -1.0527
-2.733   2.033    -1.745   -0.03051 -0.02445 -0.02878 | -1.0527
-2.733   2.033    -1.745   -0.03051 -0.02565 -0.02878 | -1.0527
-2.733   2.033    -1.745   -0.03051 -0.02565 -0.02878 | -1.0527
iteration 7...
-2.733   2.033    -1.745   -0.03051 -0.02565 -0.02878 | -1.0527
-2.733   2.033    -1.745   -0.03051 -0.02565 -0.02878 | -1.0527
-2.733   2.033    -1.778   -0.03051 -0.02565 -0.02878 | -1.0527
-2.733   2.033    -1.778   -0.03051 -0.02565 -0.02878 | -1.0527
-2.733   2.033    -1.778   -0.03051 -0.02565 -0.02878 | -1.0527
-2.733   2.033    -1.778   -0.03051 -0.02565 -0.02878 | -1.0527
iteration 8...
-2.733   2.033    -1.778   -0.03051 -0.02565 -0.02878 | -1.0527
-2.733   2.033    -1.778   -0.03051 -0.02565 -0.02878 | -1.0527
-2.733   2.033    -1.778   -0.03051 -0.02565 -0.02878 | -1.0527
-2.733   2.033    -1.778   -0.03051 -0.02565 -0.02878 | -1.0527
-2.733   2.033    -1.778   -0.03051 -0.02565 -0.02878 | -1.0527
-2.733   2.033    -1.778   -0.03051 -0.02565 -0.02878 | -1.0527
iteration 1...
-2.508   2.033    -1.778   -0.03051 -0.02565 -0.02878 | -1.0528
-2.508   2.401    -1.778   -0.03051 -0.02565 -0.02878 | -1.0528
-2.508   2.401    -1.61    -0.03051 -0.02565 -0.02878 | -1.0528
-2.508   2.401    -1.61    -0.03773 -0.02565 -0.02878 | -1.0529
-2.508   2.401    -1.61    -0.03773 -0.01373 -0.02878 | -1.0529
-2.508   2.401    -1.61    -0.03773 -0.01373 -0.02371 | -1.0529
iteration 2...
-2.508   2.401    -1.61    -0.03773 -0.01373 -0.02371 | -1.0529
-2.508   2.529    -1.61    -0.03773 -0.01373 -0.02371 | -1.0529
-2.508   2.529    -1.49    -0.03773 -0.01373 -0.02371 | -1.0529
-2.508   2.529    -1.49    -0.03865 -0.01373 -0.02371 | -1.0529
-2.508   2.529    -1.49    -0.03865 -0.01373 -0.02371 | -1.0529
-2.508   2.529    -1.49    -0.03865 -0.01373 -0.02371 | -1.0529
iteration 3...
-2.508   2.529    -1.49    -0.03865 -0.01373 -0.02371 | -1.0529
-2.508   2.529    -1.49    -0.03865 -0.01373 -0.02371 | -1.0529
-2.508   2.529    -1.513   -0.03865 -0.01373 -0.02371 | -1.0529
-2.508   2.529    -1.513   -0.03865 -0.01373 -0.02371 | -1.0529
-2.508   2.529    -1.513   -0.03865 -0.01373 -0.02371 | -1.0529
-2.508   2.529    -1.513   -0.03865 -0.01373 -0.02371 | -1.0529
iteration 4...
-2.508   2.529    -1.513   -0.03865 -0.01373 -0.02371 | -1.0529
-2.508   2.529    -1.513   -0.03865 -0.01373 -0.02371 | -1.0529
-2.508   2.529    -1.513   -0.03865 -0.01373 -0.02371 | -1.0529
-2.508   2.529    -1.513   -0.03865 -0.01373 -0.02371 | -1.0529
-2.508   2.529    -1.513   -0.03865 -0.01373 -0.02371 | -1.0529
-2.508   2.529    -1.513   -0.03865 -0.01373 -0.02371 | -1.0529
Done    'Coregister: Estimate'
Done

CoReg Done in 39.409970 seconds

All done with coregistration.
>> >> 
No sandbox specified



Start   : Mon Jun  4 15:44:59 EDT 2018
Finish  : Mon Jun  4 15:46:19 EDT 2018


