
                            < M A T L A B (R) >
                  Copyright 1984-2017 The MathWorks, Inc.
                   R2017a (9.2.0.556344) 64-bit (glnxa64)
                               March 27, 2017

 
To get started, type one of these: helpwin, helpdesk, or demo.
For product information, visit www.mathworks.com.
 
>> >> >> >> Coregistation Script Created on 180604_18_49_39_168
>> >> >> >> >> >> [Warning: Name is nonexistent or not a directory:
/Users/rcwelsh/matlabScripts/WELLES/mfiles] 
[> In path (line 109)
  In addpath (line 86)] 
>> >> >> >> >> 
UMBatchJobName =

    'coregOverlay_180604_18_49_39_168_tehsheng_madcbrai'

>> 
UMBatchProcessName =

    'coregOverlay'

>> >> Initializing the job manager in SPM8

UMReSlice =

     0



Calling UMBatchCoReg with:
/nfs/fmri/Analysis/Sean_Working/Git_MADC/preprocess/../../../Subjects_oldResting/madc1458_scan1/func//run_01/utprun_01.nii
/nfs/fmri/Analysis/Subjects_oldResting/madc1458_scan1/func/coReg/t1mprage.nii
UMReSlice:0
Entering UMBatchCoReg V2.0 for SPM8
Coreging /nfs/fmri/Analysis/Subjects_oldResting/madc1458_scan1/func/coReg/t1mprage.nii to
         /nfs/fmri/Analysis/Sean_Working/Git_MADC/preprocess/../../../Subjects_oldResting/madc1458_scan1/func//run_01/utprun_01.nii


------------------------------------------------------------------------
Running job #1
------------------------------------------------------------------------
Running 'Coregister: Estimate'
iteration 1...
-2.935   0        0        0        0        0        | -1.059
-2.935   1.061    0        0        0        0        | -1.0592
-2.935   1.061    -2.601   0        0        0        | -1.0598
-2.935   1.061    -2.601   0.0217   0        0        | -1.06
-2.935   1.061    -2.601   0.0217   -0.03542 0        | -1.0601
-2.935   1.061    -2.601   0.0217   -0.03542 -0.003748 | -1.0601
iteration 2...
-2.673   1.061    -2.601   0.0217   -0.03542 -0.003748 | -1.0602
-2.673   1.592    -2.601   0.0217   -0.03542 -0.003748 | -1.0602
-2.673   1.592    -3.05    0.0217   -0.03542 -0.003748 | -1.0602
-2.673   1.592    -3.05    0.03589  -0.03542 -0.003748 | -1.0603
-2.673   1.592    -3.05    0.03589  -0.04064 -0.003748 | -1.0603
-2.673   1.592    -3.05    0.03589  -0.04064 -0.009423 | -1.0603
iteration 3...
-2.707   1.592    -3.05    0.03589  -0.04064 -0.009423 | -1.0603
-2.707   1.866    -3.05    0.03589  -0.04064 -0.009423 | -1.0603
-2.707   1.866    -3.071   0.03589  -0.04064 -0.009423 | -1.0603
-2.707   1.866    -3.071   0.04316  -0.04064 -0.009423 | -1.0604
-2.707   1.866    -3.071   0.04316  -0.04284 -0.009423 | -1.0604
-2.707   1.866    -3.071   0.04316  -0.04284 -0.0069  | -1.0604
iteration 4...
-2.737   1.866    -3.071   0.04316  -0.04284 -0.0069  | -1.0604
-2.737   1.916    -3.071   0.04316  -0.04284 -0.0069  | -1.0604
-2.737   1.916    -2.918   0.04316  -0.04284 -0.0069  | -1.0604
-2.737   1.916    -2.918   0.04185  -0.04284 -0.0069  | -1.0604
-2.737   1.916    -2.918   0.04185  -0.04284 -0.0069  | -1.0604
-2.737   1.916    -2.918   0.04185  -0.04284 -0.0069  | -1.0604
iteration 5...
-2.74    1.916    -2.918   0.04185  -0.04284 -0.0069  | -1.0604
-2.74    1.897    -2.918   0.04185  -0.04284 -0.0069  | -1.0604
-2.74    1.897    -2.923   0.04185  -0.04284 -0.0069  | -1.0604
-2.74    1.897    -2.923   0.04185  -0.04284 -0.0069  | -1.0604
-2.74    1.897    -2.923   0.04185  -0.04284 -0.0069  | -1.0604
-2.74    1.897    -2.923   0.04185  -0.04284 -0.0069  | -1.0604
iteration 6...
-2.74    1.897    -2.923   0.04185  -0.04284 -0.0069  | -1.0604
-2.74    1.893    -2.923   0.04185  -0.04284 -0.0069  | -1.0604
-2.74    1.893    -2.94    0.04185  -0.04284 -0.0069  | -1.0604
-2.74    1.893    -2.94    0.04167  -0.04284 -0.0069  | -1.0604
-2.74    1.893    -2.94    0.04167  -0.04284 -0.0069  | -1.0604
-2.74    1.893    -2.94    0.04167  -0.04284 -0.0069  | -1.0604
iteration 1...
-2.566   1.893    -2.94    0.04167  -0.04284 -0.0069  | -1.0604
-2.566   1.87     -2.94    0.04167  -0.04284 -0.0069  | -1.0604
-2.566   1.87     -2.771   0.04167  -0.04284 -0.0069  | -1.0604
-2.566   1.87     -2.771   0.04167  -0.04284 -0.0069  | -1.0604
-2.566   1.87     -2.771   0.04167  -0.01683 -0.0069  | -1.0604
-2.566   1.87     -2.771   0.04167  -0.01683 -0.008881 | -1.0604
iteration 2...
-2.566   1.87     -2.771   0.04167  -0.01683 -0.008881 | -1.0604
-2.566   1.814    -2.771   0.04167  -0.01683 -0.008881 | -1.0604
-2.566   1.814    -2.663   0.04167  -0.01683 -0.008881 | -1.0604
-2.566   1.814    -2.663   0.04152  -0.01683 -0.008881 | -1.0604
-2.566   1.814    -2.663   0.04152  -0.01539 -0.008881 | -1.0604
-2.566   1.814    -2.663   0.04152  -0.01539 -0.01013 | -1.0604
iteration 3...
-2.572   1.814    -2.663   0.04152  -0.01539 -0.01013 | -1.0604
-2.572   1.804    -2.663   0.04152  -0.01539 -0.01013 | -1.0604
-2.572   1.804    -2.64    0.04152  -0.01539 -0.01013 | -1.0604
-2.572   1.804    -2.64    0.04152  -0.01539 -0.01013 | -1.0604
-2.572   1.804    -2.64    0.04152  -0.01539 -0.01013 | -1.0604
-2.572   1.804    -2.64    0.04152  -0.01539 -0.01013 | -1.0604
iteration 4...
-2.571   1.804    -2.64    0.04152  -0.01539 -0.01013 | -1.0604
-2.571   1.806    -2.64    0.04152  -0.01539 -0.01013 | -1.0604
-2.571   1.806    -2.639   0.04152  -0.01539 -0.01013 | -1.0604
-2.571   1.806    -2.639   0.04152  -0.01539 -0.01013 | -1.0604
-2.571   1.806    -2.639   0.04152  -0.01539 -0.01013 | -1.0604
-2.571   1.806    -2.639   0.04152  -0.01539 -0.01013 | -1.0604
Done    'Coregister: Estimate'
Done

CoReg Done in 29.728810 seconds

All done with coregistration.
>> >> 
No sandbox specified



Start   : Mon Jun  4 18:49:41 EDT 2018
Finish  : Mon Jun  4 18:50:51 EDT 2018


