
                            < M A T L A B (R) >
                  Copyright 1984-2017 The MathWorks, Inc.
                   R2017a (9.2.0.556344) 64-bit (glnxa64)
                               March 27, 2017

 
To get started, type one of these: helpwin, helpdesk, or demo.
For product information, visit www.mathworks.com.
 
>> >> >> >> Coregistation Script Created on 180604_18_07_02_717
>> >> >> >> >> >> [Warning: Name is nonexistent or not a directory:
/Users/rcwelsh/matlabScripts/WELLES/mfiles] 
[> In path (line 109)
  In addpath (line 86)] 
>> >> >> >> >> 
UMBatchJobName =

    'coregOverlay_180604_18_07_02_717_tehsheng_madcbrai'

>> 
UMBatchProcessName =

    'coregOverlay'

>> >> Initializing the job manager in SPM8

UMReSlice =

     0



Calling UMBatchCoReg with:
/nfs/fmri/Analysis/Sean_Working/Git_MADC/preprocess/../../../Subjects_oldResting/madc1380_scan1/func//run_01/utprun_01.nii
/nfs/fmri/Analysis/Subjects_oldResting/madc1380_scan1/func/coReg/t1mprage.nii
UMReSlice:0
Entering UMBatchCoReg V2.0 for SPM8
Coreging /nfs/fmri/Analysis/Subjects_oldResting/madc1380_scan1/func/coReg/t1mprage.nii to
         /nfs/fmri/Analysis/Sean_Working/Git_MADC/preprocess/../../../Subjects_oldResting/madc1380_scan1/func//run_01/utprun_01.nii


------------------------------------------------------------------------
Running job #1
------------------------------------------------------------------------
Running 'Coregister: Estimate'
iteration 1...
-3.153   0        0        0        0        0        | -1.0587
-3.153   0.7096   0        0        0        0        | -1.0588
-3.153   0.7096   -4.513   0        0        0        | -1.0594
-3.153   0.7096   -4.513   0.02495  0        0        | -1.0594
-3.153   0.7096   -4.513   0.02495  -0.005226 0        | -1.0595
-3.153   0.7096   -4.513   0.02495  -0.005226 -0.01724 | -1.0595
iteration 2...
-3.007   0.7096   -4.513   0.02495  -0.005226 -0.01724 | -1.0595
-3.007   1.829    -4.513   0.02495  -0.005226 -0.01724 | -1.0597
-3.007   1.829    -4.694   0.02495  -0.005226 -0.01724 | -1.0597
-3.007   1.829    -4.694   0.02198  -0.005226 -0.01724 | -1.0597
-3.007   1.829    -4.694   0.02198  -0.006656 -0.01724 | -1.0597
-3.007   1.829    -4.694   0.02198  -0.006656 -0.01219 | -1.0597
iteration 3...
-2.875   1.829    -4.694   0.02198  -0.006656 -0.01219 | -1.0597
-2.875   1.884    -4.694   0.02198  -0.006656 -0.01219 | -1.0597
-2.875   1.884    -4.771   0.02198  -0.006656 -0.01219 | -1.0597
-2.875   1.884    -4.771   0.02198  -0.006656 -0.01219 | -1.0597
-2.875   1.884    -4.771   0.02198  -0.006656 -0.01219 | -1.0597
-2.875   1.884    -4.771   0.02198  -0.006656 -0.009145 | -1.0597
iteration 4...
-2.831   1.884    -4.771   0.02198  -0.006656 -0.009145 | -1.0597
-2.831   1.848    -4.771   0.02198  -0.006656 -0.009145 | -1.0597
-2.831   1.848    -4.782   0.02198  -0.006656 -0.009145 | -1.0597
-2.831   1.848    -4.782   0.02198  -0.006656 -0.009145 | -1.0597
-2.831   1.848    -4.782   0.02198  -0.007586 -0.009145 | -1.0597
-2.831   1.848    -4.782   0.02198  -0.007586 -0.009145 | -1.0597
iteration 5...
-2.828   1.848    -4.782   0.02198  -0.007586 -0.009145 | -1.0597
-2.828   1.848    -4.782   0.02198  -0.007586 -0.009145 | -1.0597
-2.828   1.848    -4.802   0.02198  -0.007586 -0.009145 | -1.0597
-2.828   1.848    -4.802   0.02198  -0.007586 -0.009145 | -1.0597
-2.828   1.848    -4.802   0.02198  -0.007586 -0.009145 | -1.0597
-2.828   1.848    -4.802   0.02198  -0.007586 -0.009145 | -1.0597
iteration 6...
-2.825   1.848    -4.802   0.02198  -0.007586 -0.009145 | -1.0597
-2.825   1.848    -4.802   0.02198  -0.007586 -0.009145 | -1.0597
-2.825   1.848    -4.804   0.02198  -0.007586 -0.009145 | -1.0597
-2.825   1.848    -4.804   0.02198  -0.007586 -0.009145 | -1.0597
-2.825   1.848    -4.804   0.02198  -0.007586 -0.009145 | -1.0597
-2.825   1.848    -4.804   0.02198  -0.007586 -0.009145 | -1.0597
iteration 1...
-2.854   1.848    -4.804   0.02198  -0.007586 -0.009145 | -1.0602
-2.854   1.925    -4.804   0.02198  -0.007586 -0.009145 | -1.0602
-2.854   1.925    -5.245   0.02198  -0.007586 -0.009145 | -1.0602
-2.854   1.925    -5.245   0.02576  -0.007586 -0.009145 | -1.0602
-2.854   1.925    -5.245   0.02576  -0.002924 -0.009145 | -1.0602
-2.854   1.925    -5.245   0.02576  -0.002924 -0.01567 | -1.0602
iteration 2...
-2.858   1.925    -5.245   0.02576  -0.002924 -0.01567 | -1.0602
-2.858   2.027    -5.245   0.02576  -0.002924 -0.01567 | -1.0602
-2.858   2.027    -5.252   0.02576  -0.002924 -0.01567 | -1.0602
-2.858   2.027    -5.252   0.02672  -0.002924 -0.01567 | -1.0602
-2.858   2.027    -5.252   0.02672  -0.002924 -0.01567 | -1.0602
-2.858   2.027    -5.252   0.02672  -0.002924 -0.01588 | -1.0602
iteration 3...
-2.891   2.027    -5.252   0.02672  -0.002924 -0.01588 | -1.0602
-2.891   2.055    -5.252   0.02672  -0.002924 -0.01588 | -1.0602
-2.891   2.055    -5.252   0.02672  -0.002924 -0.01588 | -1.0602
-2.891   2.055    -5.252   0.02672  -0.002924 -0.01588 | -1.0602
-2.891   2.055    -5.252   0.02672  -0.002924 -0.01588 | -1.0602
-2.891   2.055    -5.252   0.02672  -0.002924 -0.01588 | -1.0602
iteration 4...
-2.891   2.055    -5.252   0.02672  -0.002924 -0.01588 | -1.0602
-2.891   2.055    -5.252   0.02672  -0.002924 -0.01588 | -1.0602
-2.891   2.055    -5.252   0.02672  -0.002924 -0.01588 | -1.0602
-2.891   2.055    -5.252   0.02672  -0.002924 -0.01588 | -1.0602
-2.891   2.055    -5.252   0.02672  -0.002924 -0.01588 | -1.0602
-2.891   2.055    -5.252   0.02672  -0.002924 -0.01588 | -1.0602
Done    'Coregister: Estimate'
Done

CoReg Done in 30.661325 seconds

All done with coregistration.
>> >> 
No sandbox specified



Start   : Mon Jun  4 18:07:05 EDT 2018
Finish  : Mon Jun  4 18:08:31 EDT 2018


