
                            < M A T L A B (R) >
                  Copyright 1984-2017 The MathWorks, Inc.
                   R2017a (9.2.0.556344) 64-bit (glnxa64)
                               March 27, 2017

 
To get started, type one of these: helpwin, helpdesk, or demo.
For product information, visit www.mathworks.com.
 
>> >> >> >> Coregistation Script Created on 180604_17_08_41_805
>> >> >> >> >> >> [Warning: Name is nonexistent or not a directory:
/Users/rcwelsh/matlabScripts/WELLES/mfiles] 
[> In path (line 109)
  In addpath (line 86)] 
>> >> >> >> >> 
UMBatchJobName =

    'coregOverlay_180604_17_08_41_805_tehsheng_madcbrai'

>> 
UMBatchProcessName =

    'coregOverlay'

>> >> Initializing the job manager in SPM8

UMReSlice =

     0



Calling UMBatchCoReg with:
/nfs/fmri/Analysis/Sean_Working/Git_MADC/preprocess/../../../Subjects_oldResting/madc1307_scan1/func//run_01/utprun_01.nii
/nfs/fmri/Analysis/Subjects_oldResting/madc1307_scan1/func/coReg/t1mprage.nii
UMReSlice:0
Entering UMBatchCoReg V2.0 for SPM8
Coreging /nfs/fmri/Analysis/Subjects_oldResting/madc1307_scan1/func/coReg/t1mprage.nii to
         /nfs/fmri/Analysis/Sean_Working/Git_MADC/preprocess/../../../Subjects_oldResting/madc1307_scan1/func//run_01/utprun_01.nii


------------------------------------------------------------------------
Running job #1
------------------------------------------------------------------------
Running 'Coregister: Estimate'
iteration 1...
-2.605   0        0        0        0        0        | -1.0548
-2.605   1.247    0        0        0        0        | -1.0551
-2.605   1.247    -1.944   0        0        0        | -1.0554
-2.605   1.247    -1.944   -0.004518 0        0        | -1.0554
-2.605   1.247    -1.944   -0.004518 -0.02727 0        | -1.0555
-2.605   1.247    -1.944   -0.004518 -0.02727 -0.01081 | -1.0555
iteration 2...
-2.98    1.247    -1.944   -0.004518 -0.02727 -0.01081 | -1.0555
-2.98    2.294    -1.944   -0.004518 -0.02727 -0.01081 | -1.0557
-2.98    2.294    -2.338   -0.004518 -0.02727 -0.01081 | -1.0557
-2.98    2.294    -2.338   -0.005652 -0.02727 -0.01081 | -1.0557
-2.98    2.294    -2.338   -0.005652 -0.02649 -0.01081 | -1.0557
-2.98    2.294    -2.338   -0.005652 -0.02649 -0.006075 | -1.0557
iteration 3...
-3.039   2.294    -2.338   -0.005652 -0.02649 -0.006075 | -1.0557
-3.039   2.2      -2.338   -0.005652 -0.02649 -0.006075 | -1.0557
-3.039   2.2      -2.242   -0.005652 -0.02649 -0.006075 | -1.0557
-3.039   2.2      -2.242   -0.006366 -0.02649 -0.006075 | -1.0557
-3.039   2.2      -2.242   -0.006366 -0.02649 -0.006075 | -1.0557
-3.039   2.2      -2.242   -0.006366 -0.02649 -0.006075 | -1.0557
iteration 4...
-3.039   2.2      -2.242   -0.006366 -0.02649 -0.006075 | -1.0557
-3.039   2.2      -2.242   -0.006366 -0.02649 -0.006075 | -1.0557
-3.039   2.2      -2.185   -0.006366 -0.02649 -0.006075 | -1.0557
-3.039   2.2      -2.185   -0.008334 -0.02649 -0.006075 | -1.0557
-3.039   2.2      -2.185   -0.008334 -0.02649 -0.006075 | -1.0557
-3.039   2.2      -2.185   -0.008334 -0.02649 -0.006075 | -1.0557
iteration 5...
-3.039   2.2      -2.185   -0.008334 -0.02649 -0.006075 | -1.0557
-3.039   2.315    -2.185   -0.008334 -0.02649 -0.006075 | -1.0557
-3.039   2.315    -2.175   -0.008334 -0.02649 -0.006075 | -1.0557
-3.039   2.315    -2.175   -0.008334 -0.02649 -0.006075 | -1.0557
-3.039   2.315    -2.175   -0.008334 -0.02649 -0.006075 | -1.0557
-3.039   2.315    -2.175   -0.008334 -0.02649 -0.006075 | -1.0557
iteration 6...
-3.039   2.315    -2.175   -0.008334 -0.02649 -0.006075 | -1.0557
-3.039   2.315    -2.175   -0.008334 -0.02649 -0.006075 | -1.0557
-3.039   2.315    -2.165   -0.008334 -0.02649 -0.006075 | -1.0557
-3.039   2.315    -2.165   -0.008334 -0.02649 -0.006075 | -1.0557
-3.039   2.315    -2.165   -0.008334 -0.02649 -0.006075 | -1.0557
-3.039   2.315    -2.165   -0.008334 -0.02649 -0.006075 | -1.0557
iteration 1...
-3.077   2.315    -2.165   -0.008334 -0.02649 -0.006075 | -1.0554
-3.077   2.069    -2.165   -0.008334 -0.02649 -0.006075 | -1.0555
-3.077   2.069    -2.068   -0.008334 -0.02649 -0.006075 | -1.0555
-3.077   2.069    -2.068   0.0006859 -0.02649 -0.006075 | -1.0555
-3.077   2.069    -2.068   0.0006859 -0.0248  -0.006075 | -1.0555
-3.077   2.069    -2.068   0.0006859 -0.0248  -0.004177 | -1.0555
iteration 2...
-3.06    2.069    -2.068   0.0006859 -0.0248  -0.004177 | -1.0555
-3.06    2.105    -2.068   0.0006859 -0.0248  -0.004177 | -1.0555
-3.06    2.105    -2.187   0.0006859 -0.0248  -0.004177 | -1.0555
-3.06    2.105    -2.187   0.0006859 -0.0248  -0.004177 | -1.0555
-3.06    2.105    -2.187   0.0006859 -0.0248  -0.004177 | -1.0555
-3.06    2.105    -2.187   0.0006859 -0.0248  -0.004177 | -1.0555
iteration 3...
-3.06    2.105    -2.187   0.0006859 -0.0248  -0.004177 | -1.0555
-3.06    2.129    -2.187   0.0006859 -0.0248  -0.004177 | -1.0555
-3.06    2.129    -2.187   0.0006859 -0.0248  -0.004177 | -1.0555
-3.06    2.129    -2.187   0.0006859 -0.0248  -0.004177 | -1.0555
-3.06    2.129    -2.187   0.0006859 -0.0248  -0.004177 | -1.0555
-3.06    2.129    -2.187   0.0006859 -0.0248  -0.004177 | -1.0555
iteration 4...
-3.06    2.129    -2.187   0.0006859 -0.0248  -0.004177 | -1.0555
-3.06    2.129    -2.187   0.0006859 -0.0248  -0.004177 | -1.0555
-3.06    2.129    -2.187   0.0006859 -0.0248  -0.004177 | -1.0555
-3.06    2.129    -2.187   0.0006859 -0.0248  -0.004177 | -1.0555
-3.06    2.129    -2.187   0.0006859 -0.0248  -0.004177 | -1.0555
-3.06    2.129    -2.187   0.0006859 -0.0248  -0.004177 | -1.0555
Done    'Coregister: Estimate'
Done

CoReg Done in 30.249652 seconds

All done with coregistration.
>> >> 
No sandbox specified



Start   : Mon Jun  4 17:08:44 EDT 2018
Finish  : Mon Jun  4 17:09:57 EDT 2018


