
                            < M A T L A B (R) >
                  Copyright 1984-2017 The MathWorks, Inc.
                   R2017a (9.2.0.556344) 64-bit (glnxa64)
                               March 27, 2017

 
To get started, type one of these: helpwin, helpdesk, or demo.
For product information, visit www.mathworks.com.
 
>> >> >> >> Coregistation Script Created on 180604_21_41_08_459
>> >> >> >> >> >> [Warning: Name is nonexistent or not a directory:
/Users/rcwelsh/matlabScripts/WELLES/mfiles] 
[> In path (line 109)
  In addpath (line 86)] 
>> >> >> >> >> 
UMBatchJobName =

    'coregOverlay_180604_21_41_08_459_tehsheng_madcbrai'

>> 
UMBatchProcessName =

    'coregOverlay'

>> >> Initializing the job manager in SPM8

UMReSlice =

     0



Calling UMBatchCoReg with:
/nfs/fmri/Analysis/Sean_Working/Git_MADC/preprocess/../../../Subjects_oldResting/madc1434_scan1/func//run_01/utprun_01.nii
/nfs/fmri/Analysis/Subjects_oldResting/madc1434_scan1/func/coReg/t1mprage.nii
UMReSlice:0
Entering UMBatchCoReg V2.0 for SPM8
Coreging /nfs/fmri/Analysis/Subjects_oldResting/madc1434_scan1/func/coReg/t1mprage.nii to
         /nfs/fmri/Analysis/Sean_Working/Git_MADC/preprocess/../../../Subjects_oldResting/madc1434_scan1/func//run_01/utprun_01.nii


------------------------------------------------------------------------
Running job #1
------------------------------------------------------------------------
Running 'Coregister: Estimate'
iteration 1...
-2.173   0        0        0        0        0        | -1.0531
-2.173   1.047    0        0        0        0        | -1.0533
-2.173   1.047    -1.952   0        0        0        | -1.0534
-2.173   1.047    -1.952   0.006415 0        0        | -1.0534
-2.173   1.047    -1.952   0.006415 0.005101 0        | -1.0535
-2.173   1.047    -1.952   0.006415 0.005101 -0.001291 | -1.0535
iteration 2...
-2.183   1.047    -1.952   0.006415 0.005101 -0.001291 | -1.0535
-2.183   1.373    -1.952   0.006415 0.005101 -0.001291 | -1.0535
-2.183   1.373    -1.956   0.006415 0.005101 -0.001291 | -1.0535
-2.183   1.373    -1.956   0.006698 0.005101 -0.001291 | -1.0535
-2.183   1.373    -1.956   0.006698 0.00868  -0.001291 | -1.0535
-2.183   1.373    -1.956   0.006698 0.00868  -0.001291 | -1.0535
iteration 3...
-2.061   1.373    -1.956   0.006698 0.00868  -0.001291 | -1.0535
-2.061   1.402    -1.956   0.006698 0.00868  -0.001291 | -1.0535
-2.061   1.402    -1.917   0.006698 0.00868  -0.001291 | -1.0535
-2.061   1.402    -1.917   0.006694 0.00868  -0.001291 | -1.0535
-2.061   1.402    -1.917   0.006694 0.004642 -0.001291 | -1.0535
-2.061   1.402    -1.917   0.006694 0.004642 -0.0001909 | -1.0535
-1.969   1.423    -1.888   0.006691 0.001621 0.0006322 | -1.0535
iteration 4...
-1.969   1.423    -1.888   0.006691 0.001621 0.0006322 | -1.0535
-1.969   1.423    -1.888   0.006691 0.001621 0.0006322 | -1.0535
-1.969   1.423    -1.83    0.006691 0.001621 0.0006322 | -1.0535
-1.969   1.423    -1.83    0.00516  0.001621 0.0006322 | -1.0535
-1.969   1.423    -1.83    0.00516  0.001621 0.0006322 | -1.0535
-1.969   1.423    -1.83    0.00516  0.001621 0.0006322 | -1.0535
iteration 5...
-1.969   1.423    -1.83    0.00516  0.001621 0.0006322 | -1.0535
-1.969   1.423    -1.83    0.00516  0.001621 0.0006322 | -1.0535
-1.969   1.423    -1.849   0.00516  0.001621 0.0006322 | -1.0535
-1.969   1.423    -1.849   0.004503 0.001621 0.0006322 | -1.0535
-1.969   1.423    -1.849   0.004503 0.002727 0.0006322 | -1.0535
-1.969   1.423    -1.849   0.004503 0.002727 0.0006322 | -1.0535
iteration 6...
-1.934   1.431    -1.838   0.004502 0.001561 0.0009498 | -1.0535
-1.934   1.46     -1.838   0.004502 0.001561 0.0009498 | -1.0535
-1.934   1.46     -1.875   0.004502 0.001561 0.0009498 | -1.0535
-1.934   1.46     -1.875   0.004502 0.001561 0.0009498 | -1.0535
-1.934   1.46     -1.875   0.004502 0.001561 0.0009498 | -1.0535
-1.934   1.46     -1.875   0.004502 0.001561 0.0009498 | -1.0535
iteration 7...
-1.934   1.46     -1.875   0.004502 0.001561 0.0009498 | -1.0535
-1.934   1.465    -1.875   0.004502 0.001561 0.0009498 | -1.0535
-1.934   1.465    -1.891   0.004502 0.001561 0.0009498 | -1.0535
-1.934   1.465    -1.891   0.004502 0.001561 0.0009498 | -1.0535
-1.934   1.465    -1.891   0.004502 0.002633 0.0009498 | -1.0535
-1.934   1.465    -1.891   0.004502 0.002633 0.0001921 | -1.0535
iteration 8...
-1.872   1.479    -1.871   0.0045   0.0005927 0.0007479 | -1.0535
-1.872   1.532    -1.871   0.0045   0.0005927 0.0007479 | -1.0535
-1.872   1.532    -1.887   0.0045   0.0005927 0.0007479 | -1.0535
-1.872   1.532    -1.887   0.003832 0.0005927 0.0007479 | -1.0535
-1.872   1.532    -1.887   0.003832 0.001737 0.0007479 | -1.0535
-1.872   1.532    -1.887   0.003832 0.001737 -5.563e-05 | -1.0535
-1.81    1.599    -1.884   0.003161 0.0008408 -0.0003034 | -1.0535
iteration 9...
-1.81    1.599    -1.884   0.003161 0.0008408 -0.0003034 | -1.0535
-1.81    1.599    -1.884   0.003161 0.0008408 -0.0003034 | -1.0535
-1.81    1.599    -1.944   0.003161 0.0008408 -0.0003034 | -1.0535
-1.81    1.599    -1.944   0.003161 0.0008408 -0.0003034 | -1.0535
-1.81    1.599    -1.944   0.003161 0.001129 -0.0003034 | -1.0535
-1.81    1.599    -1.944   0.003161 0.001129 -0.0003474 | -1.0535
iteration 10...
-1.81    1.599    -1.944   0.003161 0.001129 -0.0003474 | -1.0535
-1.81    1.599    -1.944   0.003161 0.001129 -0.0003474 | -1.0535
-1.81    1.599    -1.951   0.003161 0.001129 -0.0003474 | -1.0535
-1.81    1.599    -1.951   0.003161 0.001129 -0.0003474 | -1.0535
-1.81    1.599    -1.951   0.003161 0.001129 -0.0003474 | -1.0535
-1.81    1.599    -1.951   0.003161 0.001129 -0.0003474 | -1.0535
iteration 1...
-1.516   1.599    -1.951   0.003161 0.001129 -0.0003474 | -1.0536
-1.516   1.479    -1.951   0.003161 0.001129 -0.0003474 | -1.0536
-1.516   1.479    -2.278   0.003161 0.001129 -0.0003474 | -1.0536
-1.516   1.479    -2.278   0.004473 0.001129 -0.0003474 | -1.0536
-1.516   1.479    -2.278   0.004473 0.001193 -0.0003474 | -1.0536
-1.516   1.479    -2.278   0.004473 0.001193 -0.0003474 | -1.0536
iteration 2...
-1.538   1.479    -2.278   0.004473 0.001193 -0.0003474 | -1.0536
-1.538   1.479    -2.278   0.004473 0.001193 -0.0003474 | -1.0536
-1.538   1.479    -2.252   0.004473 0.001193 -0.0003474 | -1.0536
-1.538   1.479    -2.252   0.004473 0.001193 -0.0003474 | -1.0536
-1.538   1.479    -2.252   0.004473 0.001619 -0.0003474 | -1.0536
-1.538   1.479    -2.252   0.004473 0.001619 0.0001162 | -1.0536
-1.559   1.479    -2.227   0.004473 0.002046 0.0005798 | -1.0536
iteration 3...
-1.571   1.479    -2.227   0.004473 0.002046 0.0005798 | -1.0536
-1.571   1.506    -2.227   0.004473 0.002046 0.0005798 | -1.0536
-1.571   1.506    -2.245   0.004473 0.002046 0.0005798 | -1.0536
-1.571   1.506    -2.245   0.004473 0.002046 0.0005798 | -1.0536
-1.573   1.506    -2.243   0.004473 0.002081 0.0006182 | -1.0536
-1.573   1.506    -2.243   0.004473 0.002081 0.0001428 | -1.0536
iteration 4...
-1.573   1.506    -2.243   0.004473 0.002081 0.0001428 | -1.0536
-1.573   1.502    -2.243   0.004473 0.002081 0.0001428 | -1.0536
-1.573   1.502    -2.243   0.004473 0.002081 0.0001428 | -1.0536
-1.573   1.502    -2.243   0.004473 0.002081 0.0001428 | -1.0536
-1.573   1.502    -2.243   0.004473 0.002081 0.0001428 | -1.0536
-1.573   1.502    -2.243   0.004473 0.002081 0.0001428 | -1.0536
Done    'Coregister: Estimate'
Done

CoReg Done in 36.049875 seconds

All done with coregistration.
>> >> 
No sandbox specified



Start   : Mon Jun  4 21:41:10 EDT 2018
Finish  : Mon Jun  4 21:42:25 EDT 2018


