
                            < M A T L A B (R) >
                  Copyright 1984-2017 The MathWorks, Inc.
                   R2017a (9.2.0.556344) 64-bit (glnxa64)
                               March 27, 2017

 
To get started, type one of these: helpwin, helpdesk, or demo.
For product information, visit www.mathworks.com.
 
>> >> >> >> Coregistation Script Created on 180604_22_29_10_440
>> >> >> >> >> >> [Warning: Name is nonexistent or not a directory:
/Users/rcwelsh/matlabScripts/WELLES/mfiles] 
[> In path (line 109)
  In addpath (line 86)] 
>> >> >> >> >> 
UMBatchJobName =

    'coregOverlay_180604_22_29_10_440_tehsheng_madcbrai'

>> 
UMBatchProcessName =

    'coregOverlay'

>> >> Initializing the job manager in SPM8

UMReSlice =

     0



Calling UMBatchCoReg with:
/nfs/fmri/Analysis/Sean_Working/Git_MADC/preprocess/../../../Subjects_oldResting/madc1401_scan1/func//run_01/utprun_01.nii
/nfs/fmri/Analysis/Subjects_oldResting/madc1401_scan1/func/coReg/t1mprage.nii
UMReSlice:0
Entering UMBatchCoReg V2.0 for SPM8
Coreging /nfs/fmri/Analysis/Subjects_oldResting/madc1401_scan1/func/coReg/t1mprage.nii to
         /nfs/fmri/Analysis/Sean_Working/Git_MADC/preprocess/../../../Subjects_oldResting/madc1401_scan1/func//run_01/utprun_01.nii


------------------------------------------------------------------------
Running job #1
------------------------------------------------------------------------
Running 'Coregister: Estimate'
iteration 1...
-1.253   0        0        0        0        0        | -1.0494
-1.253   2.449    0        0        0        0        | -1.0505
-1.253   2.449    -0.3464  0        0        0        | -1.0506
-1.253   2.449    -0.3464  -0.004107 0        0        | -1.0506
-1.253   2.449    -0.3464  -0.004107 -0.006116 0        | -1.0506
-1.253   2.449    -0.3464  -0.004107 -0.006116 0.002629 | -1.0506
iteration 2...
-1.356   2.449    -0.3464  -0.004107 -0.006116 0.002629 | -1.0506
-1.356   2.509    -0.3464  -0.004107 -0.006116 0.002629 | -1.0506
-1.356   2.509    -0.3464  -0.004107 -0.006116 0.002629 | -1.0506
-1.356   2.509    -0.3464  -0.006896 -0.006116 0.002629 | -1.0506
-1.356   2.509    -0.3464  -0.006896 -0.005287 0.002629 | -1.0506
-1.356   2.509    -0.3464  -0.006896 -0.005287 0.003498 | -1.0506
iteration 3...
-1.356   2.509    -0.3464  -0.006896 -0.005287 0.003498 | -1.0506
-1.356   2.569    -0.3464  -0.006896 -0.005287 0.003498 | -1.0506
-1.356   2.569    -0.3464  -0.006896 -0.005287 0.003498 | -1.0506
-1.356   2.569    -0.3464  -0.007624 -0.005287 0.003498 | -1.0506
-1.356   2.569    -0.3464  -0.007624 -0.005287 0.003498 | -1.0506
-1.356   2.569    -0.3464  -0.007624 -0.005287 0.005832 | -1.0506
iteration 4...
-1.371   2.569    -0.3464  -0.007624 -0.005287 0.005832 | -1.0506
-1.371   2.584    -0.3464  -0.007624 -0.005287 0.005832 | -1.0506
-1.371   2.584    -0.3002  -0.007624 -0.005287 0.005832 | -1.0506
-1.371   2.584    -0.3002  -0.009531 -0.005287 0.005832 | -1.0506
-1.371   2.584    -0.3002  -0.009531 -0.005287 0.005832 | -1.0506
-1.371   2.584    -0.3002  -0.009531 -0.005287 0.005832 | -1.0506
iteration 5...
-1.371   2.584    -0.3002  -0.009531 -0.005287 0.005832 | -1.0506
-1.371   2.621    -0.3002  -0.009531 -0.005287 0.005832 | -1.0506
-1.371   2.621    -0.2712  -0.009531 -0.005287 0.005832 | -1.0506
-1.371   2.621    -0.2712  -0.009531 -0.005287 0.005832 | -1.0506
-1.371   2.621    -0.2712  -0.009531 -0.004219 0.005832 | -1.0506
-1.371   2.621    -0.2712  -0.009531 -0.004219 0.005832 | -1.0506
iteration 6...
-1.379   2.621    -0.2712  -0.009531 -0.004219 0.005832 | -1.0506
-1.379   2.625    -0.2712  -0.009531 -0.004219 0.005832 | -1.0506
-1.379   2.625    -0.2543  -0.009531 -0.004219 0.005832 | -1.0506
-1.379   2.625    -0.2543  -0.009531 -0.004219 0.005832 | -1.0506
-1.379   2.625    -0.2543  -0.009531 -0.004219 0.005832 | -1.0506
-1.379   2.625    -0.2543  -0.009531 -0.004219 0.005832 | -1.0506
iteration 1...
-1.548   2.625    -0.2543  -0.009531 -0.004219 0.005832 | -1.0505
-1.548   2.86     -0.2543  -0.009531 -0.004219 0.005832 | -1.0505
-1.548   2.86     0.2344   -0.009531 -0.004219 0.005832 | -1.0506
-1.548   2.86     0.2344   -0.03427 -0.004219 0.005832 | -1.0506
-1.548   2.86     0.2344   -0.03427 0.001534 0.005832 | -1.0506
-1.548   2.86     0.2344   -0.03427 0.001534 0.004305 | -1.0506
iteration 2...
-1.596   2.86     0.2344   -0.03427 0.001534 0.004305 | -1.0506
-1.596   2.956    0.2344   -0.03427 0.001534 0.004305 | -1.0506
-1.596   2.956    0.3566   -0.03427 0.001534 0.004305 | -1.0506
-1.596   2.956    0.3566   -0.03375 0.001534 0.004305 | -1.0506
-1.596   2.956    0.3566   -0.03375 0.002391 0.004305 | -1.0506
-1.596   2.956    0.3566   -0.03375 0.002391 0.004305 | -1.0506
iteration 3...
-1.596   2.956    0.3566   -0.03375 0.002391 0.004305 | -1.0506
-1.596   2.937    0.3566   -0.03375 0.002391 0.004305 | -1.0506
-1.596   2.937    0.367    -0.03375 0.002391 0.004305 | -1.0506
-1.596   2.937    0.367    -0.03302 0.002391 0.004305 | -1.0506
-1.596   2.937    0.367    -0.03302 0.002391 0.004305 | -1.0506
-1.596   2.937    0.367    -0.03302 0.002391 0.004305 | -1.0506
iteration 4...
-1.596   2.937    0.367    -0.03302 0.002391 0.004305 | -1.0506
-1.596   2.909    0.367    -0.03302 0.002391 0.004305 | -1.0506
-1.596   2.909    0.3637   -0.03302 0.002391 0.004305 | -1.0506
-1.596   2.909    0.3637   -0.03302 0.002391 0.004305 | -1.0506
-1.596   2.909    0.3637   -0.03302 0.002394 0.004305 | -1.0506
-1.596   2.909    0.3637   -0.03302 0.002394 0.004305 | -1.0506
iteration 5...
-1.601   2.909    0.3637   -0.03302 0.002394 0.004305 | -1.0506
-1.601   2.909    0.3637   -0.03302 0.002394 0.004305 | -1.0506
-1.601   2.909    0.3637   -0.03302 0.002394 0.004305 | -1.0506
-1.601   2.909    0.3637   -0.03302 0.002394 0.004305 | -1.0506
-1.601   2.909    0.3637   -0.03302 0.0023   0.004305 | -1.0506
-1.601   2.909    0.3637   -0.03302 0.0023   0.004305 | -1.0506
Done    'Coregister: Estimate'
Done

CoReg Done in 34.226754 seconds

All done with coregistration.
>> >> 
No sandbox specified



Start   : Mon Jun  4 22:29:13 EDT 2018
Finish  : Mon Jun  4 22:30:27 EDT 2018


