
                            < M A T L A B (R) >
                  Copyright 1984-2017 The MathWorks, Inc.
                   R2017a (9.2.0.556344) 64-bit (glnxa64)
                               March 27, 2017

 
To get started, type one of these: helpwin, helpdesk, or demo.
For product information, visit www.mathworks.com.
 
>> >> >> >> Coregistation Script Created on 180604_21_53_11_980
>> >> >> >> >> >> [Warning: Name is nonexistent or not a directory:
/Users/rcwelsh/matlabScripts/WELLES/mfiles] 
[> In path (line 109)
  In addpath (line 86)] 
>> >> >> >> >> 
UMBatchJobName =

    'coregOverlay_180604_21_53_11_980_tehsheng_madcbrai'

>> 
UMBatchProcessName =

    'coregOverlay'

>> >> Initializing the job manager in SPM8

UMReSlice =

     0



Calling UMBatchCoReg with:
/nfs/fmri/Analysis/Sean_Working/Git_MADC/preprocess/../../../Subjects_oldResting/madc1359_scan1/func//run_01/utprun_01.nii
/nfs/fmri/Analysis/Subjects_oldResting/madc1359_scan1/func/coReg/t1mprage.nii
UMReSlice:0
Entering UMBatchCoReg V2.0 for SPM8
Coreging /nfs/fmri/Analysis/Subjects_oldResting/madc1359_scan1/func/coReg/t1mprage.nii to
         /nfs/fmri/Analysis/Sean_Working/Git_MADC/preprocess/../../../Subjects_oldResting/madc1359_scan1/func//run_01/utprun_01.nii


------------------------------------------------------------------------
Running job #1
------------------------------------------------------------------------
Running 'Coregister: Estimate'
iteration 1...
-1.639   0        0        0        0        0        | -1.0581
-1.639   1.539    0        0        0        0        | -1.0585
-1.639   1.539    -0.8849  0        0        0        | -1.0586
-1.639   1.539    -0.8849  -0.0102  0        0        | -1.0586
-1.639   1.539    -0.8849  -0.0102  -0.01209 0        | -1.0587
-1.639   1.539    -0.8849  -0.0102  -0.01209 -0.006189 | -1.0587
iteration 2...
-1.663   1.539    -0.8849  -0.0102  -0.01209 -0.006189 | -1.0587
-1.663   2.128    -0.8849  -0.0102  -0.01209 -0.006189 | -1.0587
-1.663   2.128    -0.9651  -0.0102  -0.01209 -0.006189 | -1.0588
-1.663   2.128    -0.9651  -0.02605 -0.01209 -0.006189 | -1.0588
-1.663   2.128    -0.9651  -0.02605 -0.01209 -0.006189 | -1.0588
-1.663   2.128    -0.9651  -0.02605 -0.01209 -0.006189 | -1.0588
iteration 3...
-1.699   2.128    -0.9651  -0.02605 -0.01209 -0.006189 | -1.0588
-1.699   2.122    -0.9651  -0.02605 -0.01209 -0.006189 | -1.0588
-1.699   2.122    -0.9119  -0.02605 -0.01209 -0.006189 | -1.0588
-1.699   2.122    -0.9119  -0.02605 -0.01209 -0.006189 | -1.0588
-1.699   2.122    -0.9119  -0.02605 -0.01209 -0.006189 | -1.0588
-1.699   2.122    -0.9119  -0.02605 -0.01209 -0.006223 | -1.0588
iteration 4...
-1.697   2.122    -0.9119  -0.02605 -0.01209 -0.006223 | -1.0588
-1.697   2.097    -0.9119  -0.02605 -0.01209 -0.006223 | -1.0588
-1.697   2.097    -0.9007  -0.02605 -0.01209 -0.006223 | -1.0588
-1.697   2.097    -0.9007  -0.02605 -0.01209 -0.006223 | -1.0588
-1.697   2.097    -0.9007  -0.02605 -0.01297 -0.006223 | -1.0588
-1.697   2.097    -0.9007  -0.02605 -0.01297 -0.006223 | -1.0588
iteration 5...
-1.722   2.097    -0.9007  -0.02605 -0.01297 -0.006223 | -1.0588
-1.722   2.082    -0.9007  -0.02605 -0.01297 -0.006223 | -1.0588
-1.722   2.082    -0.8699  -0.02605 -0.01297 -0.006223 | -1.0588
-1.722   2.082    -0.8699  -0.02605 -0.01297 -0.006223 | -1.0588
-1.722   2.082    -0.8699  -0.02605 -0.01297 -0.006223 | -1.0588
-1.722   2.082    -0.8699  -0.02605 -0.01297 -0.005117 | -1.0588
-1.763   2.058    -0.8195  -0.02605 -0.01297 -0.003309 | -1.0588
iteration 6...
-1.77    2.058    -0.8195  -0.02605 -0.01297 -0.003309 | -1.0588
-1.77    2.049    -0.8195  -0.02605 -0.01297 -0.003309 | -1.0588
-1.77    2.049    -0.7912  -0.02605 -0.01297 -0.003309 | -1.0588
-1.77    2.049    -0.7912  -0.02525 -0.01297 -0.003309 | -1.0588
-1.77    2.049    -0.7912  -0.02525 -0.01225 -0.003309 | -1.0588
-1.77    2.049    -0.7912  -0.02525 -0.01225 -0.003309 | -1.0588
iteration 7...
-1.781   2.049    -0.7912  -0.02525 -0.01225 -0.003309 | -1.0588
-1.781   2.057    -0.7912  -0.02525 -0.01225 -0.003309 | -1.0588
-1.781   2.057    -0.8243  -0.02525 -0.01225 -0.003309 | -1.0588
-1.781   2.057    -0.8243  -0.02525 -0.01225 -0.003309 | -1.0588
-1.781   2.057    -0.8243  -0.02525 -0.01225 -0.003309 | -1.0588
-1.781   2.057    -0.8243  -0.02525 -0.01225 -0.003309 | -1.0588
iteration 8...
-1.781   2.057    -0.8243  -0.02525 -0.01225 -0.003309 | -1.0588
-1.781   2.057    -0.8243  -0.02525 -0.01225 -0.003309 | -1.0588
-1.781   2.057    -0.8243  -0.02525 -0.01225 -0.003309 | -1.0588
-1.781   2.057    -0.8243  -0.02525 -0.01225 -0.003309 | -1.0588
-1.781   2.057    -0.8243  -0.02525 -0.01225 -0.003309 | -1.0588
-1.781   2.057    -0.8243  -0.02525 -0.01225 -0.003309 | -1.0588
iteration 1...
-1.607   2.057    -0.8243  -0.02525 -0.01225 -0.003309 | -1.059
-1.607   2.195    -0.8243  -0.02525 -0.01225 -0.003309 | -1.0591
-1.607   2.195    -0.7255  -0.02525 -0.01225 -0.003309 | -1.0591
-1.607   2.195    -0.7255  -0.02278 -0.01225 -0.003309 | -1.0591
-1.607   2.195    -0.7255  -0.02278 -0.008304 -0.003309 | -1.0591
-1.607   2.195    -0.7255  -0.02278 -0.008304 -0.001379 | -1.0591
iteration 2...
-1.607   2.195    -0.7255  -0.02278 -0.008304 -0.001379 | -1.0591
-1.607   2.195    -0.7255  -0.02278 -0.008304 -0.001379 | -1.0591
-1.607   2.195    -0.7496  -0.02278 -0.008304 -0.001379 | -1.0591
-1.607   2.195    -0.7496  -0.02405 -0.008304 -0.001379 | -1.0591
-1.607   2.195    -0.7496  -0.02405 -0.007651 -0.001379 | -1.0591
-1.607   2.195    -0.7496  -0.02405 -0.007651 -0.001379 | -1.0591
iteration 3...
-1.607   2.195    -0.7496  -0.02405 -0.007651 -0.001379 | -1.0591
-1.607   2.216    -0.7496  -0.02405 -0.007651 -0.001379 | -1.0591
-1.607   2.216    -0.7196  -0.02405 -0.007651 -0.001379 | -1.0591
-1.607   2.216    -0.7196  -0.02405 -0.007651 -0.001379 | -1.0591
-1.607   2.216    -0.7196  -0.02405 -0.007651 -0.001379 | -1.0591
-1.607   2.216    -0.7196  -0.02405 -0.007651 -0.001379 | -1.0591
iteration 4...
-1.607   2.216    -0.7196  -0.02405 -0.007651 -0.001379 | -1.0591
-1.607   2.216    -0.7196  -0.02405 -0.007651 -0.001379 | -1.0591
-1.607   2.216    -0.7196  -0.02405 -0.007651 -0.001379 | -1.0591
-1.607   2.216    -0.7196  -0.02405 -0.007651 -0.001379 | -1.0591
-1.607   2.216    -0.7196  -0.02405 -0.007651 -0.001379 | -1.0591
-1.607   2.216    -0.7196  -0.02405 -0.007651 -0.001379 | -1.0591
Done    'Coregister: Estimate'
Done

CoReg Done in 33.038771 seconds

All done with coregistration.
>> >> 
No sandbox specified



Start   : Mon Jun  4 21:53:14 EDT 2018
Finish  : Mon Jun  4 21:54:35 EDT 2018


