
                            < M A T L A B (R) >
                  Copyright 1984-2017 The MathWorks, Inc.
                   R2017a (9.2.0.556344) 64-bit (glnxa64)
                               March 27, 2017

 
To get started, type one of these: helpwin, helpdesk, or demo.
For product information, visit www.mathworks.com.
 
>> >> >> >> Coregistation Script Created on 180604_17_48_56_048
>> >> >> >> >> >> [Warning: Name is nonexistent or not a directory:
/Users/rcwelsh/matlabScripts/WELLES/mfiles] 
[> In path (line 109)
  In addpath (line 86)] 
>> >> >> >> >> 
UMBatchJobName =

    'coregOverlay_180604_17_48_56_048_tehsheng_madcbrai'

>> 
UMBatchProcessName =

    'coregOverlay'

>> >> Initializing the job manager in SPM8

UMReSlice =

     0



Calling UMBatchCoReg with:
/nfs/fmri/Analysis/Sean_Working/Git_MADC/preprocess/../../../Subjects_oldResting/madc0960_scan1/func//run_01/utprun_01.nii
/nfs/fmri/Analysis/Subjects_oldResting/madc0960_scan1/func/coReg/t1mprage.nii
UMReSlice:0
Entering UMBatchCoReg V2.0 for SPM8
Coreging /nfs/fmri/Analysis/Subjects_oldResting/madc0960_scan1/func/coReg/t1mprage.nii to
         /nfs/fmri/Analysis/Sean_Working/Git_MADC/preprocess/../../../Subjects_oldResting/madc0960_scan1/func//run_01/utprun_01.nii


------------------------------------------------------------------------
Running job #1
------------------------------------------------------------------------
Running 'Coregister: Estimate'
iteration 1...
-1.449   0        0        0        0        0        | -1.0524
-1.449   0.6999   0        0        0        0        | -1.0525
-1.449   0.6999   -0.7543  0        0        0        | -1.0527
-1.449   0.6999   -0.7543  -0.007791 0        0        | -1.0527
-1.449   0.6999   -0.7543  -0.007791 -0.00612 0        | -1.0527
-1.449   0.6999   -0.7543  -0.007791 -0.00612 0        | -1.0527
iteration 2...
-1.373   0.6999   -0.7543  -0.007791 -0.00612 0        | -1.0527
-1.373   0.91     -0.7543  -0.007791 -0.00612 0        | -1.0528
-1.373   0.91     -0.9274  -0.007791 -0.00612 0        | -1.0528
-1.373   0.91     -0.9274  -0.01141 -0.00612 0        | -1.0528
-1.373   0.91     -0.9274  -0.01141 -0.01724 0        | -1.0528
-1.373   0.91     -0.9274  -0.01141 -0.01724 0        | -1.0528
iteration 3...
-1.378   0.91     -0.9274  -0.01141 -0.01724 0        | -1.0528
-1.378   1.024    -0.9274  -0.01141 -0.01724 0        | -1.0528
-1.378   1.024    -0.9988  -0.01141 -0.01724 0        | -1.0528
-1.378   1.024    -0.9988  -0.01292 -0.01724 0        | -1.0528
-1.378   1.024    -0.9988  -0.01292 -0.01631 0        | -1.0528
-1.378   1.024    -0.9988  -0.01292 -0.01631 0        | -1.0528
iteration 4...
-1.367   1.024    -0.9988  -0.01292 -0.01631 0        | -1.0528
-1.367   1.012    -0.9988  -0.01292 -0.01631 0        | -1.0528
-1.367   1.012    -1.028   -0.01292 -0.01631 0        | -1.0528
-1.367   1.012    -1.028   -0.01292 -0.01631 0        | -1.0528
-1.367   1.012    -1.028   -0.01292 -0.01631 0        | -1.0528
-1.367   1.012    -1.028   -0.01292 -0.01631 0        | -1.0528
iteration 5...
-1.365   1.012    -1.028   -0.01292 -0.01631 0        | -1.0528
-1.365   1.012    -1.028   -0.01292 -0.01631 0        | -1.0528
-1.365   1.012    -1.027   -0.01292 -0.01631 0        | -1.0528
-1.365   1.012    -1.027   -0.01292 -0.01631 0        | -1.0528
-1.365   1.012    -1.027   -0.01292 -0.01631 0        | -1.0528
-1.365   1.012    -1.027   -0.01292 -0.01631 0        | -1.0528
iteration 1...
-1.222   1.012    -1.027   -0.01292 -0.01631 0        | -1.0527
-1.222   1.174    -1.027   -0.01292 -0.01631 0        | -1.0527
-1.222   1.174    -1.048   -0.01292 -0.01631 0        | -1.0527
-1.222   1.174    -1.048   -0.01142 -0.01631 0        | -1.0527
-1.222   1.174    -1.048   -0.01142 -0.01553 0        | -1.0527
-1.222   1.174    -1.048   -0.01142 -0.01553 -0.007146 | -1.0527
iteration 2...
-1.192   1.174    -1.048   -0.01142 -0.01553 -0.007146 | -1.0527
-1.192   1.205    -1.048   -0.01142 -0.01553 -0.007146 | -1.0527
-1.192   1.205    -1.078   -0.01142 -0.01553 -0.007146 | -1.0527
-1.192   1.205    -1.078   -0.01142 -0.01553 -0.007146 | -1.0527
-1.192   1.205    -1.078   -0.01142 -0.01175 -0.007146 | -1.0527
-1.192   1.205    -1.078   -0.01142 -0.01175 -0.00796 | -1.0527
iteration 3...
-1.179   1.205    -1.078   -0.01142 -0.01175 -0.00796 | -1.0527
-1.179   1.205    -1.078   -0.01142 -0.01175 -0.00796 | -1.0527
-1.179   1.205    -1.123   -0.01142 -0.01175 -0.00796 | -1.0527
-1.179   1.205    -1.123   -0.0103  -0.01175 -0.00796 | -1.0527
-1.179   1.205    -1.123   -0.0103  -0.01063 -0.00796 | -1.0527
-1.179   1.205    -1.123   -0.0103  -0.01063 -0.00796 | -1.0527
iteration 4...
-1.179   1.205    -1.123   -0.0103  -0.01063 -0.00796 | -1.0527
-1.179   1.219    -1.123   -0.0103  -0.01063 -0.00796 | -1.0527
-1.179   1.219    -1.131   -0.0103  -0.01063 -0.00796 | -1.0527
-1.179   1.219    -1.131   -0.0103  -0.01063 -0.00796 | -1.0527
-1.179   1.219    -1.131   -0.0103  -0.01063 -0.00796 | -1.0527
-1.179   1.219    -1.131   -0.0103  -0.01063 -0.00796 | -1.0527
Done    'Coregister: Estimate'
Done

CoReg Done in 26.721296 seconds

All done with coregistration.
>> >> 
No sandbox specified



Start   : Mon Jun  4 17:48:58 EDT 2018
Finish  : Mon Jun  4 17:50:33 EDT 2018


