
                            < M A T L A B (R) >
                  Copyright 1984-2017 The MathWorks, Inc.
                   R2017a (9.2.0.556344) 64-bit (glnxa64)
                               March 27, 2017

 
To get started, type one of these: helpwin, helpdesk, or demo.
For product information, visit www.mathworks.com.
 
>> >> >> >> Coregistation Script Created on 180604_23_46_57_313
>> >> >> >> >> >> [Warning: Name is nonexistent or not a directory:
/Users/rcwelsh/matlabScripts/WELLES/mfiles] 
[> In path (line 109)
  In addpath (line 86)] 
>> >> >> >> >> 
UMBatchJobName =

    'coregOverlay_180604_23_46_57_313_tehsheng_madcbrai'

>> 
UMBatchProcessName =

    'coregOverlay'

>> >> Initializing the job manager in SPM8

UMReSlice =

     0



Calling UMBatchCoReg with:
/nfs/fmri/Analysis/Sean_Working/Git_MADC/preprocess/../../../Subjects_oldResting/madc1442_scan1/func//run_01/utprun_01.nii
/nfs/fmri/Analysis/Subjects_oldResting/madc1442_scan1/func/coReg/t1mprage.nii
UMReSlice:0
Entering UMBatchCoReg V2.0 for SPM8
Coreging /nfs/fmri/Analysis/Subjects_oldResting/madc1442_scan1/func/coReg/t1mprage.nii to
         /nfs/fmri/Analysis/Sean_Working/Git_MADC/preprocess/../../../Subjects_oldResting/madc1442_scan1/func//run_01/utprun_01.nii


------------------------------------------------------------------------
Running job #1
------------------------------------------------------------------------
Running 'Coregister: Estimate'
iteration 1...
-3.146   0        0        0        0        0        | -1.054
-3.146   1.958    0        0        0        0        | -1.0544
-3.146   1.958    -9.047   0        0        0        | -1.0564
-3.146   1.958    -9.047   0.00639  0        0        | -1.0564
-3.146   1.958    -9.047   0.00639  0.02155  0        | -1.0564
-3.146   1.958    -9.047   0.00639  0.02155  -0.001071 | -1.0564
iteration 2...
-2.159   1.958    -9.047   0.00639  0.02155  -0.001071 | -1.0567
-2.159   2.091    -9.047   0.00639  0.02155  -0.001071 | -1.0567
-2.159   2.091    -9.036   0.00639  0.02155  -0.001071 | -1.0567
-2.159   2.091    -9.036   0.02639  0.02155  -0.001071 | -1.0567
-2.159   2.091    -9.036   0.02639  0.02001  -0.001071 | -1.0567
-2.159   2.091    -9.036   0.02639  0.02001  -0.003182 | -1.0567
iteration 3...
-2.174   2.091    -9.036   0.02639  0.02001  -0.003182 | -1.0567
-2.174   2.056    -9.036   0.02639  0.02001  -0.003182 | -1.0567
-2.174   2.056    -9.228   0.02639  0.02001  -0.003182 | -1.0567
-2.174   2.056    -9.228   0.02682  0.02001  -0.003182 | -1.0567
-2.174   2.056    -9.228   0.02682  0.01953  -0.003182 | -1.0567
-2.174   2.056    -9.228   0.02682  0.01953  -0.003182 | -1.0567
iteration 4...
-2.168   2.056    -9.228   0.02682  0.01953  -0.003182 | -1.0567
-2.168   2.068    -9.228   0.02682  0.01953  -0.003182 | -1.0567
-2.168   2.068    -9.207   0.02682  0.01953  -0.003182 | -1.0567
-2.168   2.068    -9.207   0.02682  0.01953  -0.003182 | -1.0567
-2.168   2.068    -9.207   0.02682  0.01953  -0.003182 | -1.0567
-2.168   2.068    -9.207   0.02682  0.01953  -0.003182 | -1.0567
iteration 5...
-2.168   2.068    -9.207   0.02682  0.01953  -0.003182 | -1.0567
-2.168   2.068    -9.207   0.02682  0.01953  -0.003182 | -1.0567
-2.168   2.068    -9.207   0.02682  0.01953  -0.003182 | -1.0567
-2.168   2.068    -9.207   0.02682  0.01953  -0.003182 | -1.0567
-2.168   2.068    -9.207   0.02682  0.01953  -0.003182 | -1.0567
-2.168   2.068    -9.207   0.02682  0.01953  -0.003182 | -1.0567
iteration 1...
-2.257   2.068    -9.207   0.02682  0.01953  -0.003182 | -1.057
-2.257   2.028    -9.207   0.02682  0.01953  -0.003182 | -1.057
-2.257   2.028    -8.89    0.02682  0.01953  -0.003182 | -1.057
-2.257   2.028    -8.89    0.03869  0.01953  -0.003182 | -1.057
-2.257   2.028    -8.89    0.03869  0.0002827 -0.003182 | -1.0571
-2.257   2.028    -8.89    0.03869  0.0002827 -0.01631 | -1.0571
iteration 2...
-2.117   2.028    -8.89    0.03869  0.0002827 -0.01631 | -1.0571
-2.117   1.925    -8.89    0.03869  0.0002827 -0.01631 | -1.0571
-2.117   1.925    -8.973   0.03869  0.0002827 -0.01631 | -1.0571
-2.117   1.925    -8.973   0.03777  0.0002827 -0.01631 | -1.0571
-2.117   1.925    -8.973   0.03777  -0.004297 -0.01631 | -1.0572
-2.117   1.925    -8.973   0.03777  -0.004297 -0.01679 | -1.0572
iteration 3...
-2.068   1.925    -8.973   0.03777  -0.004297 -0.01679 | -1.0572
-2.068   1.904    -8.973   0.03777  -0.004297 -0.01679 | -1.0572
-2.068   1.904    -9.049   0.03777  -0.004297 -0.01679 | -1.0572
-2.068   1.904    -9.049   0.03777  -0.004297 -0.01679 | -1.0572
-2.068   1.904    -9.049   0.03777  -0.004927 -0.01679 | -1.0572
-2.068   1.904    -9.049   0.03777  -0.004927 -0.0171  | -1.0572
iteration 4...
-2.043   1.904    -9.049   0.03777  -0.004927 -0.0171  | -1.0572
-2.043   1.904    -9.049   0.03777  -0.004927 -0.0171  | -1.0572
-2.043   1.904    -9.073   0.03777  -0.004927 -0.0171  | -1.0572
-2.043   1.904    -9.073   0.03819  -0.004927 -0.0171  | -1.0572
-2.043   1.904    -9.073   0.03819  -0.004927 -0.0171  | -1.0572
-2.043   1.904    -9.073   0.03819  -0.004927 -0.0171  | -1.0572
iteration 5...
-2.043   1.904    -9.073   0.03819  -0.004927 -0.0171  | -1.0572
-2.043   1.904    -9.073   0.03819  -0.004927 -0.0171  | -1.0572
-2.043   1.904    -9.073   0.03819  -0.004927 -0.0171  | -1.0572
-2.043   1.904    -9.073   0.03819  -0.004927 -0.0171  | -1.0572
-2.043   1.904    -9.073   0.03819  -0.004927 -0.0171  | -1.0572
-2.043   1.904    -9.073   0.03819  -0.004927 -0.0171  | -1.0572
Done    'Coregister: Estimate'
Done

CoReg Done in 35.560921 seconds

All done with coregistration.
>> >> 
No sandbox specified



Start   : Mon Jun  4 23:46:59 EDT 2018
Finish  : Mon Jun  4 23:48:14 EDT 2018


