
                            < M A T L A B (R) >
                  Copyright 1984-2017 The MathWorks, Inc.
                   R2017a (9.2.0.556344) 64-bit (glnxa64)
                               March 27, 2017

 
To get started, type one of these: helpwin, helpdesk, or demo.
For product information, visit www.mathworks.com.
 
>> >> >> >> Coregistation Script Created on 180604_15_32_20_510
>> >> >> >> >> >> [Warning: Name is nonexistent or not a directory:
/Users/rcwelsh/matlabScripts/WELLES/mfiles] 
[> In path (line 109)
  In addpath (line 86)] 
>> >> >> >> >> 
UMBatchJobName =

    'coregOverlay_180604_15_32_20_510_tehsheng_madcbrai'

>> 
UMBatchProcessName =

    'coregOverlay'

>> >> Initializing the job manager in SPM8

UMReSlice =

     0



Calling UMBatchCoReg with:
/nfs/fmri/Analysis/Sean_Working/Git_MADC/preprocess/../../../Subjects_oldResting/madc0732_scan1/func//run_01/utprun_01.nii
/nfs/fmri/Analysis/Subjects_oldResting/madc0732_scan1/func/coReg/t1mprage.nii
UMReSlice:0
Entering UMBatchCoReg V2.0 for SPM8
Coreging /nfs/fmri/Analysis/Subjects_oldResting/madc0732_scan1/func/coReg/t1mprage.nii to
         /nfs/fmri/Analysis/Sean_Working/Git_MADC/preprocess/../../../Subjects_oldResting/madc0732_scan1/func//run_01/utprun_01.nii


------------------------------------------------------------------------
Running job #1
------------------------------------------------------------------------
Running 'Coregister: Estimate'
iteration 1...
-3.519   0        0        0        0        0        | -1.0501
-3.519   1.099    0        0        0        0        | -1.0503
-3.519   1.099    -3.138   0        0        0        | -1.0504
-3.519   1.099    -3.138   -0.02308 0        0        | -1.0505
-3.519   1.099    -3.138   -0.02308 0        0        | -1.0505
-3.519   1.099    -3.138   -0.02308 0        0        | -1.0505
iteration 2...
-3.53    1.099    -3.138   -0.02308 0        0        | -1.0505
-3.53    1.078    -3.138   -0.02308 0        0        | -1.0505
-3.53    1.078    -3.107   -0.02308 0        0        | -1.0505
-3.53    1.078    -3.107   -0.02298 0        0        | -1.0505
-3.53    1.078    -3.107   -0.02298 0        0        | -1.0505
-3.53    1.078    -3.107   -0.02298 0        0        | -1.0505
iteration 3...
-3.524   1.078    -3.107   -0.02298 0        0        | -1.0505
-3.524   1.078    -3.107   -0.02298 0        0        | -1.0505
-3.524   1.078    -3.107   -0.02298 0        0        | -1.0505
-3.524   1.078    -3.107   -0.023   0        0        | -1.0505
-3.524   1.078    -3.107   -0.023   0        0        | -1.0505
-3.524   1.078    -3.107   -0.023   0        0        | -1.0505
iteration 1...
-3.693   1.078    -3.107   -0.023   0        0        | -1.0507
-3.693   1.627    -3.107   -0.023   0        0        | -1.0507
-3.693   1.627    -3.016   -0.023   0        0        | -1.0507
-3.693   1.627    -3.016   -0.0207  0        0        | -1.0507
-3.693   1.627    -3.016   -0.0207  -0.01036 0        | -1.0507
-3.693   1.627    -3.016   -0.0207  -0.01036 0.00827  | -1.0507
iteration 2...
-4.205   1.627    -3.016   -0.0207  -0.01036 0.00827  | -1.0508
-4.205   1.714    -3.016   -0.0207  -0.01036 0.00827  | -1.0508
-4.205   1.714    -2.825   -0.0207  -0.01036 0.00827  | -1.0508
-4.205   1.714    -2.825   -0.01737 -0.01036 0.00827  | -1.0508
-4.205   1.714    -2.825   -0.01737 -0.0165  0.00827  | -1.0508
-4.205   1.714    -2.825   -0.01737 -0.0165  0.00827  | -1.0508
-4.765   1.81     -2.615   -0.01372 -0.02321 0.00827  | -1.0508
iteration 3...
-4.765   1.81     -2.615   -0.01372 -0.02321 0.00827  | -1.0508
-4.765   1.933    -2.615   -0.01372 -0.02321 0.00827  | -1.0508
-4.765   1.933    -2.814   -0.01372 -0.02321 0.00827  | -1.0508
-4.765   1.933    -2.814   -0.01372 -0.02321 0.00827  | -1.0508
-4.765   1.933    -2.814   -0.01372 -0.02846 0.00827  | -1.0508
-4.765   1.933    -2.814   -0.01372 -0.02846 0.002943 | -1.0508
iteration 4...
-4.923   1.961    -2.755   -0.01268 -0.03037 0.002943 | -1.0508
-4.923   1.886    -2.755   -0.01268 -0.03037 0.002943 | -1.0508
-4.923   1.886    -3.26    -0.01268 -0.03037 0.002943 | -1.0508
-4.923   1.886    -3.26    -0.01149 -0.03037 0.002943 | -1.0508
-4.923   1.886    -3.26    -0.01149 -0.03273 0.002943 | -1.0508
-4.923   1.886    -3.26    -0.01149 -0.03273 0.002943 | -1.0508
-5.021   1.857    -3.534   -0.01013 -0.03535 0.002943 | -1.0508
iteration 5...
-5.209   1.889    -3.464   -0.008903 -0.0376  0.002943 | -1.0508
-5.209   1.957    -3.464   -0.008903 -0.0376  0.002943 | -1.0508
-5.236   1.949    -3.541   -0.008521 -0.03834 0.002943 | -1.0508
-5.236   1.949    -3.541   -0.01042 -0.03834 0.002943 | -1.0508
-5.236   1.949    -3.541   -0.01042 -0.04034 0.002943 | -1.0508
-5.236   1.949    -3.541   -0.01042 -0.04034 0.001107 | -1.0508
-5.546   2.08     -3.551   -0.01083 -0.04753 -0.001543 | -1.0508
iteration 6...
-5.772   2.119    -3.466   -0.00936 -0.05025 -0.001543 | -1.0508
-5.571   2.034    -3.46    -0.009088 -0.04557 0.0001779 | -1.0508
-5.635   2.015    -3.639   -0.008194 -0.04729 0.0001779 | -1.0508
-5.635   2.015    -3.639   -0.008194 -0.04729 0.0001779 | -1.0508
-5.635   2.015    -3.639   -0.008194 -0.04869 0.0001779 | -1.0508
-5.635   2.015    -3.639   -0.008194 -0.04869 -0.001266 | -1.0508
iteration 7...
-5.726   2.03     -3.605   -0.007599 -0.04978 -0.001266 | -1.0508
-5.726   2.03     -3.605   -0.007599 -0.04978 -0.001266 | -1.0508
-5.738   2.027    -3.639   -0.007429 -0.05011 -0.001266 | -1.0508
-5.738   2.027    -3.639   -0.007429 -0.05011 -0.001266 | -1.0508
-5.738   2.027    -3.639   -0.007429 -0.05011 -0.001266 | -1.0508
-5.738   2.027    -3.639   -0.007429 -0.05011 -0.001266 | -1.0508
iteration 8...
-5.738   2.027    -3.639   -0.007429 -0.05011 -0.001266 | -1.0508
-5.741   2.028    -3.64    -0.007432 -0.05017 -0.001287 | -1.0508
-5.741   2.028    -3.64    -0.007429 -0.05017 -0.001287 | -1.0508
-5.741   2.028    -3.64    -0.007429 -0.05017 -0.001287 | -1.0508
-5.741   2.028    -3.64    -0.007429 -0.05017 -0.001287 | -1.0508
-5.741   2.028    -3.64    -0.007429 -0.05017 -0.001287 | -1.0508
Done    'Coregister: Estimate'
Done

CoReg Done in 47.272703 seconds

All done with coregistration.
>> >> 
No sandbox specified



Start   : Mon Jun  4 15:32:22 EDT 2018
Finish  : Mon Jun  4 15:35:30 EDT 2018


