
                            < M A T L A B (R) >
                  Copyright 1984-2017 The MathWorks, Inc.
                   R2017a (9.2.0.556344) 64-bit (glnxa64)
                               March 27, 2017

 
To get started, type one of these: helpwin, helpdesk, or demo.
For product information, visit www.mathworks.com.
 
>> >> >> >> Coregistation Script Created on 180604_16_42_59_517
>> >> >> >> >> >> [Warning: Name is nonexistent or not a directory:
/Users/rcwelsh/matlabScripts/WELLES/mfiles] 
[> In path (line 109)
  In addpath (line 86)] 
>> >> >> >> >> 
UMBatchJobName =

    'coregOverlay_180604_16_42_59_517_tehsheng_madcbrai'

>> 
UMBatchProcessName =

    'coregOverlay'

>> >> Initializing the job manager in SPM8

UMReSlice =

     0



Calling UMBatchCoReg with:
/nfs/fmri/Analysis/Sean_Working/Git_MADC/preprocess/../../../Subjects_oldResting/madc1299_scan1/func//run_01/utprun_01.nii
/nfs/fmri/Analysis/Subjects_oldResting/madc1299_scan1/func/coReg/t1mprage.nii
UMReSlice:0
Entering UMBatchCoReg V2.0 for SPM8
Coreging /nfs/fmri/Analysis/Subjects_oldResting/madc1299_scan1/func/coReg/t1mprage.nii to
         /nfs/fmri/Analysis/Sean_Working/Git_MADC/preprocess/../../../Subjects_oldResting/madc1299_scan1/func//run_01/utprun_01.nii


------------------------------------------------------------------------
Running job #1
------------------------------------------------------------------------
Running 'Coregister: Estimate'
iteration 1...
-1.658   0        0        0        0        0        | -1.0519
-1.658   2.908    0        0        0        0        | -1.0528
-1.658   2.908    -4.206   0        0        0        | -1.0538
-1.658   2.908    -4.206   -0.0007432 0        0        | -1.0538
-1.658   2.908    -4.206   -0.0007432 0.001449 0        | -1.0538
-1.658   2.908    -4.206   -0.0007432 0.001449 -0.001397 | -1.0538
iteration 2...
-1.718   2.908    -4.206   -0.0007432 0.001449 -0.001397 | -1.0538
-1.718   3.29     -4.206   -0.0007432 0.001449 -0.001397 | -1.0538
-1.718   3.29     -3.296   -0.0007432 0.001449 -0.001397 | -1.0538
-1.718   3.29     -3.296   -0.0001063 0.001449 -0.001397 | -1.0538
-1.718   3.29     -3.296   -0.0001063 -0.0007877 -0.001397 | -1.0538
-1.718   3.29     -3.296   -0.0001063 -0.0007877 -0.0002821 | -1.0538
iteration 3...
-1.718   3.29     -3.296   -0.0001063 -0.0007877 -0.0002821 | -1.0538
-1.718   3.817    -3.296   -0.0001063 -0.0007877 -0.0002821 | -1.0539
-1.718   3.817    -3.262   -0.0001063 -0.0007877 -0.0002821 | -1.0539
-1.718   3.817    -3.262   0.006452 -0.0007877 -0.0002821 | -1.0539
-1.718   3.817    -3.262   0.006452 -0.0007877 -0.0002821 | -1.0539
-1.718   3.817    -3.262   0.006452 -0.0007877 -0.0138  | -1.0539
iteration 4...
-2.039   3.817    -3.262   0.006452 -0.0007877 -0.0138  | -1.0539
-2.039   3.916    -3.262   0.006452 -0.0007877 -0.0138  | -1.0539
-2.039   3.916    -3.172   0.006452 -0.0007877 -0.0138  | -1.0539
-2.039   3.916    -3.172   0.007293 -0.0007877 -0.0138  | -1.0539
-2.039   3.916    -3.172   0.007293 -0.0007877 -0.0138  | -1.0539
-2.039   3.916    -3.172   0.007293 -0.0007877 -0.01269 | -1.054
iteration 5...
-2.059   3.916    -3.172   0.007293 -0.0007877 -0.01269 | -1.054
-2.059   3.916    -3.172   0.007293 -0.0007877 -0.01269 | -1.054
-2.059   3.916    -3.158   0.007293 -0.0007877 -0.01269 | -1.054
-2.059   3.916    -3.158   0.007293 -0.0007877 -0.01269 | -1.054
-2.059   3.916    -3.158   0.007293 -0.003559 -0.01269 | -1.054
-2.059   3.916    -3.158   0.007293 -0.003559 -0.01115 | -1.054
iteration 6...
-2.211   3.916    -3.158   0.007293 -0.003559 -0.01115 | -1.054
-2.211   3.914    -3.158   0.007293 -0.003559 -0.01115 | -1.054
-2.211   3.914    -3.135   0.007293 -0.003559 -0.01115 | -1.054
-2.211   3.914    -3.135   0.007293 -0.003559 -0.01115 | -1.054
-2.211   3.914    -3.135   0.007293 -0.003559 -0.01115 | -1.054
-2.211   3.914    -3.135   0.007293 -0.003559 -0.01115 | -1.054
iteration 7...
-2.211   3.914    -3.135   0.007293 -0.003559 -0.01115 | -1.054
-2.211   3.914    -3.135   0.007293 -0.003559 -0.01115 | -1.054
-2.211   3.914    -3.135   0.007293 -0.003559 -0.01115 | -1.054
-2.211   3.914    -3.135   0.007293 -0.003559 -0.01115 | -1.054
-2.211   3.914    -3.135   0.007293 -0.003559 -0.01115 | -1.054
-2.211   3.914    -3.135   0.007293 -0.003559 -0.01115 | -1.054
iteration 1...
-2.015   3.914    -3.135   0.007293 -0.003559 -0.01115 | -1.054
-2.015   3.464    -3.135   0.007293 -0.003559 -0.01115 | -1.0541
-2.015   3.464    -3.693   0.007293 -0.003559 -0.01115 | -1.0541
-2.015   3.464    -3.693   0.01014  -0.003559 -0.01115 | -1.0541
-2.015   3.464    -3.693   0.01014  -0.008222 -0.01115 | -1.0541
-2.015   3.464    -3.693   0.01014  -0.008222 -0.008168 | -1.0541
iteration 2...
-2.165   3.464    -3.693   0.01014  -0.008222 -0.008168 | -1.0541
-2.165   3.624    -3.693   0.01014  -0.008222 -0.008168 | -1.0541
-2.165   3.624    -3.726   0.01014  -0.008222 -0.008168 | -1.0541
-2.165   3.624    -3.726   0.01251  -0.008222 -0.008168 | -1.0541
-2.165   3.624    -3.726   0.01251  -0.01123 -0.008168 | -1.0541
-2.165   3.624    -3.726   0.01251  -0.01123 -0.008168 | -1.0541
-2.31    3.779    -3.76    0.01482  -0.01415 -0.008168 | -1.0542
iteration 3...
-2.31    3.779    -3.76    0.01482  -0.01415 -0.008168 | -1.0542
-2.31    3.779    -3.76    0.01482  -0.01415 -0.008168 | -1.0542
-2.31    3.779    -3.658   0.01482  -0.01415 -0.008168 | -1.0542
-2.31    3.779    -3.658   0.0142   -0.01415 -0.008168 | -1.0542
-2.31    3.779    -3.658   0.0142   -0.01415 -0.008168 | -1.0542
-2.31    3.779    -3.658   0.0142   -0.01415 -0.008168 | -1.0542
iteration 4...
-2.31    3.779    -3.658   0.0142   -0.01415 -0.008168 | -1.0542
-2.31    3.758    -3.658   0.0142   -0.01415 -0.008168 | -1.0542
-2.31    3.758    -3.673   0.0142   -0.01415 -0.008168 | -1.0542
-2.31    3.758    -3.673   0.0142   -0.01415 -0.008168 | -1.0542
-2.31    3.758    -3.673   0.0142   -0.01415 -0.008168 | -1.0542
-2.31    3.758    -3.673   0.0142   -0.01415 -0.00906 | -1.0542
iteration 5...
-2.313   3.761    -3.674   0.01425  -0.01422 -0.00906 | -1.0542
-2.313   3.713    -3.674   0.01425  -0.01422 -0.00906 | -1.0542
-2.313   3.713    -3.666   0.01425  -0.01422 -0.00906 | -1.0542
-2.313   3.713    -3.666   0.01371  -0.01422 -0.00906 | -1.0542
-2.313   3.713    -3.666   0.01371  -0.01422 -0.00906 | -1.0542
-2.313   3.713    -3.666   0.01371  -0.01422 -0.00906 | -1.0542
-2.317   3.667    -3.659   0.01322  -0.01428 -0.00906 | -1.0542
iteration 6...
-2.318   3.669    -3.659   0.01325  -0.01431 -0.00906 | -1.0542
-2.318   3.669    -3.659   0.01325  -0.01431 -0.00906 | -1.0542
-2.318   3.669    -3.671   0.01325  -0.01431 -0.00906 | -1.0542
-2.318   3.669    -3.671   0.0135   -0.01431 -0.00906 | -1.0542
-2.318   3.669    -3.671   0.0135   -0.01431 -0.00906 | -1.0542
-2.318   3.669    -3.671   0.0135   -0.01431 -0.00906 | -1.0542
Done    'Coregister: Estimate'
Done

CoReg Done in 39.975138 seconds

All done with coregistration.
>> >> 
No sandbox specified



Start   : Mon Jun  4 16:43:01 EDT 2018
Finish  : Mon Jun  4 16:44:20 EDT 2018


