
                            < M A T L A B (R) >
                  Copyright 1984-2017 The MathWorks, Inc.
                   R2017a (9.2.0.556344) 64-bit (glnxa64)
                               March 27, 2017

 
To get started, type one of these: helpwin, helpdesk, or demo.
For product information, visit www.mathworks.com.
 
>> >> >> >> Coregistation Script Created on 180604_19_30_25_610
>> >> >> >> >> >> [Warning: Name is nonexistent or not a directory:
/Users/rcwelsh/matlabScripts/WELLES/mfiles] 
[> In path (line 109)
  In addpath (line 86)] 
>> >> >> >> >> 
UMBatchJobName =

    'coregOverlay_180604_19_30_25_610_tehsheng_madcbrai'

>> 
UMBatchProcessName =

    'coregOverlay'

>> >> Initializing the job manager in SPM8

UMReSlice =

     0



Calling UMBatchCoReg with:
/nfs/fmri/Analysis/Sean_Working/Git_MADC/preprocess/../../../Subjects_oldResting/madc1422_scan1/func//run_01/utprun_01.nii
/nfs/fmri/Analysis/Subjects_oldResting/madc1422_scan1/func/coReg/t1mprage.nii
UMReSlice:0
Entering UMBatchCoReg V2.0 for SPM8
Coreging /nfs/fmri/Analysis/Subjects_oldResting/madc1422_scan1/func/coReg/t1mprage.nii to
         /nfs/fmri/Analysis/Sean_Working/Git_MADC/preprocess/../../../Subjects_oldResting/madc1422_scan1/func//run_01/utprun_01.nii


------------------------------------------------------------------------
Running job #1
------------------------------------------------------------------------
Running 'Coregister: Estimate'
iteration 1...
-1.638   0        0        0        0        0        | -1.0511
-1.638   1.576    0        0        0        0        | -1.0512
-1.638   1.576    -0.7294  0        0        0        | -1.0512
-1.638   1.576    -0.7294  0.01722  0        0        | -1.0513
-1.638   1.576    -0.7294  0.01722  0        0        | -1.0513
-1.638   1.576    -0.7294  0.01722  0        0        | -1.0513
iteration 2...
-1.733   1.576    -0.7294  0.01722  0        0        | -1.0513
-1.733   1.225    -0.7294  0.01722  0        0        | -1.0513
-1.733   1.225    -0.9224  0.01722  0        0        | -1.0513
-1.733   1.225    -0.9224  0.01825  0        0        | -1.0513
-1.733   1.225    -0.9224  0.01825  0.002011 0        | -1.0513
-1.733   1.225    -0.9224  0.01825  0.002011 0.0005261 | -1.0513
iteration 3...
-1.79    1.225    -0.9224  0.01825  0.002011 0.0005261 | -1.0513
-1.79    1.225    -0.9224  0.01825  0.002011 0.0005261 | -1.0513
-1.79    1.225    -0.8925  0.01825  0.002011 0.0005261 | -1.0513
-1.79    1.225    -0.8925  0.01825  0.002011 0.0005261 | -1.0513
-1.79    1.225    -0.8925  0.01825  0.002011 0.0005261 | -1.0513
-1.79    1.225    -0.8925  0.01825  0.002011 0.0005261 | -1.0513
iteration 4...
-1.79    1.225    -0.8925  0.01825  0.002011 0.0005261 | -1.0513
-1.79    1.225    -0.8925  0.01825  0.002011 0.0005261 | -1.0513
-1.79    1.225    -0.8925  0.01825  0.002011 0.0005261 | -1.0513
-1.79    1.225    -0.8925  0.01825  0.002011 0.0005261 | -1.0513
-1.79    1.225    -0.8925  0.01825  0.002011 0.0005261 | -1.0513
-1.79    1.225    -0.8925  0.01825  0.002011 0.0005261 | -1.0513
iteration 1...
-1.736   1.225    -0.8925  0.01825  0.002011 0.0005261 | -1.0515
-1.736   1.331    -0.8925  0.01825  0.002011 0.0005261 | -1.0515
-1.736   1.331    -0.7173  0.01825  0.002011 0.0005261 | -1.0515
-1.736   1.331    -0.7173  0.01512  0.002011 0.0005261 | -1.0515
-1.736   1.331    -0.7173  0.01512  0.002011 0.0005261 | -1.0515
-1.736   1.331    -0.7173  0.01512  0.002011 -0.004488 | -1.0515
iteration 2...
-1.792   1.331    -0.7173  0.01512  0.002011 -0.004488 | -1.0515
-1.792   1.286    -0.7173  0.01512  0.002011 -0.004488 | -1.0515
-1.792   1.286    -0.7446  0.01512  0.002011 -0.004488 | -1.0515
-1.792   1.286    -0.7446  0.0146   0.002011 -0.004488 | -1.0515
-1.792   1.286    -0.7446  0.0146   0.004546 -0.004488 | -1.0515
-1.792   1.286    -0.7446  0.0146   0.004546 -0.004003 | -1.0515
iteration 3...
-1.832   1.286    -0.7446  0.0146   0.004546 -0.004003 | -1.0515
-1.832   1.292    -0.7446  0.0146   0.004546 -0.004003 | -1.0515
-1.832   1.292    -0.7621  0.0146   0.004546 -0.004003 | -1.0515
-1.832   1.292    -0.7621  0.0146   0.004546 -0.004003 | -1.0515
-1.832   1.292    -0.7621  0.0146   0.004551 -0.004003 | -1.0515
-1.832   1.292    -0.7621  0.0146   0.004551 -0.003256 | -1.0515
-1.872   1.298    -0.7792  0.0146   0.004557 -0.002529 | -1.0515
iteration 4...
-1.872   1.298    -0.7792  0.0146   0.004557 -0.002529 | -1.0515
-1.872   1.307    -0.7792  0.0146   0.004557 -0.002529 | -1.0515
-1.872   1.307    -0.7637  0.0146   0.004557 -0.002529 | -1.0515
-1.872   1.307    -0.7637  0.01498  0.004557 -0.002529 | -1.0515
-1.872   1.307    -0.7637  0.01498  0.005025 -0.002529 | -1.0515
-1.872   1.307    -0.7637  0.01498  0.005025 -0.002529 | -1.0515
iteration 5...
-1.872   1.307    -0.7637  0.01498  0.005025 -0.002529 | -1.0515
-1.872   1.293    -0.7637  0.01498  0.005025 -0.002529 | -1.0515
-1.872   1.293    -0.745   0.01498  0.005025 -0.002529 | -1.0515
-1.872   1.293    -0.745   0.01503  0.005025 -0.002529 | -1.0515
-1.872   1.293    -0.745   0.01503  0.005025 -0.002529 | -1.0515
-1.872   1.293    -0.745   0.01503  0.005025 -0.002529 | -1.0515
iteration 6...
-1.911   1.299    -0.762   0.01503  0.005031 -0.001801 | -1.0515
-1.911   1.294    -0.762   0.01503  0.005031 -0.001801 | -1.0515
-1.911   1.294    -0.7396  0.01503  0.005031 -0.001801 | -1.0515
-1.911   1.294    -0.7396  0.01507  0.005031 -0.001801 | -1.0515
-1.911   1.294    -0.7396  0.01507  0.005031 -0.001801 | -1.0515
-1.911   1.294    -0.7396  0.01507  0.005031 -0.001687 | -1.0515
iteration 7...
-1.911   1.294    -0.7396  0.01507  0.005031 -0.001687 | -1.0515
-1.911   1.273    -0.7396  0.01507  0.005031 -0.001687 | -1.0515
-1.911   1.273    -0.7396  0.01507  0.005031 -0.001687 | -1.0515
-1.911   1.273    -0.7396  0.01517  0.005031 -0.001687 | -1.0515
-1.911   1.273    -0.7396  0.01517  0.005031 -0.001687 | -1.0515
-1.911   1.273    -0.7396  0.01517  0.005031 -0.001687 | -1.0515
iteration 8...
-1.911   1.273    -0.7396  0.01517  0.005031 -0.001687 | -1.0515
-1.911   1.27     -0.7396  0.01517  0.005031 -0.001687 | -1.0515
-1.911   1.27     -0.7385  0.01517  0.005031 -0.001687 | -1.0515
-1.911   1.27     -0.7385  0.01517  0.005031 -0.001687 | -1.0515
-1.911   1.27     -0.7385  0.01517  0.005031 -0.001687 | -1.0515
-1.911   1.27     -0.7385  0.01517  0.005031 -0.001687 | -1.0515
Done    'Coregister: Estimate'
Done

CoReg Done in 42.952981 seconds

All done with coregistration.
>> >> 
No sandbox specified



Start   : Mon Jun  4 19:30:27 EDT 2018
Finish  : Mon Jun  4 19:31:51 EDT 2018


