
                            < M A T L A B (R) >
                  Copyright 1984-2017 The MathWorks, Inc.
                   R2017a (9.2.0.556344) 64-bit (glnxa64)
                               March 27, 2017

 
To get started, type one of these: helpwin, helpdesk, or demo.
For product information, visit www.mathworks.com.
 
>> >> >> >> Coregistation Script Created on 180604_22_42_39_688
>> >> >> >> >> >> [Warning: Name is nonexistent or not a directory:
/Users/rcwelsh/matlabScripts/WELLES/mfiles] 
[> In path (line 109)
  In addpath (line 86)] 
>> >> >> >> >> 
UMBatchJobName =

    'coregOverlay_180604_22_42_39_688_tehsheng_madcbrai'

>> 
UMBatchProcessName =

    'coregOverlay'

>> >> Initializing the job manager in SPM8

UMReSlice =

     0



Calling UMBatchCoReg with:
/nfs/fmri/Analysis/Sean_Working/Git_MADC/preprocess/../../../Subjects_oldResting/madc1487_scan1/func//run_01/utprun_01.nii
/nfs/fmri/Analysis/Subjects_oldResting/madc1487_scan1/func/coReg/t1mprage.nii
UMReSlice:0
Entering UMBatchCoReg V2.0 for SPM8
Coreging /nfs/fmri/Analysis/Subjects_oldResting/madc1487_scan1/func/coReg/t1mprage.nii to
         /nfs/fmri/Analysis/Sean_Working/Git_MADC/preprocess/../../../Subjects_oldResting/madc1487_scan1/func//run_01/utprun_01.nii


------------------------------------------------------------------------
Running job #1
------------------------------------------------------------------------
Running 'Coregister: Estimate'
iteration 1...
-2.495   0        0        0        0        0        | -1.0529
-2.495   2.193    0        0        0        0        | -1.0536
-2.495   2.193    -0.3167  0        0        0        | -1.0536
-2.495   2.193    -0.3167  -0.03691 0        0        | -1.0538
-2.495   2.193    -0.3167  -0.03691 -0.024   0        | -1.0538
-2.495   2.193    -0.3167  -0.03691 -0.024   -0.03416 | -1.054
iteration 2...
-2.486   2.193    -0.3167  -0.03691 -0.024   -0.03416 | -1.054
-2.486   2.193    -0.3167  -0.03691 -0.024   -0.03416 | -1.054
-2.486   2.193    -0.5985  -0.03691 -0.024   -0.03416 | -1.054
-2.486   2.193    -0.5985  -0.03246 -0.024   -0.03416 | -1.054
-2.486   2.193    -0.5985  -0.03246 -0.02074 -0.03416 | -1.054
-2.486   2.193    -0.5985  -0.03246 -0.02074 -0.03289 | -1.054
iteration 3...
-2.486   2.193    -0.5985  -0.03246 -0.02074 -0.03289 | -1.054
-2.486   2.223    -0.5985  -0.03246 -0.02074 -0.03289 | -1.054
-2.486   2.223    -0.5869  -0.03246 -0.02074 -0.03289 | -1.054
-2.486   2.223    -0.5869  -0.0316  -0.02074 -0.03289 | -1.054
-2.486   2.223    -0.5869  -0.0316  -0.01893 -0.03289 | -1.054
-2.486   2.223    -0.5869  -0.0316  -0.01893 -0.03289 | -1.054
iteration 4...
-2.486   2.223    -0.5869  -0.0316  -0.01893 -0.03289 | -1.054
-2.486   2.227    -0.5869  -0.0316  -0.01893 -0.03289 | -1.054
-2.486   2.227    -0.5646  -0.0316  -0.01893 -0.03289 | -1.054
-2.486   2.227    -0.5646  -0.0316  -0.01893 -0.03289 | -1.054
-2.486   2.227    -0.5646  -0.0316  -0.01893 -0.03289 | -1.054
-2.486   2.227    -0.5646  -0.0316  -0.01893 -0.03289 | -1.054
iteration 5...
-2.486   2.227    -0.5646  -0.0316  -0.01893 -0.03289 | -1.054
-2.486   2.227    -0.5646  -0.0316  -0.01893 -0.03289 | -1.054
-2.486   2.227    -0.5646  -0.0316  -0.01893 -0.03289 | -1.054
-2.486   2.227    -0.5646  -0.0316  -0.01893 -0.03289 | -1.054
-2.486   2.227    -0.5646  -0.0316  -0.01893 -0.03289 | -1.054
-2.486   2.227    -0.5646  -0.0316  -0.01893 -0.03289 | -1.054
iteration 1...
-2.41    2.227    -0.5646  -0.0316  -0.01893 -0.03289 | -1.054
-2.41    2.547    -0.5646  -0.0316  -0.01893 -0.03289 | -1.054
-2.41    2.547    -0.2327  -0.0316  -0.01893 -0.03289 | -1.054
-2.41    2.547    -0.2327  -0.04783 -0.01893 -0.03289 | -1.0541
-2.41    2.547    -0.2327  -0.04783 -0.01529 -0.03289 | -1.0541
-2.41    2.547    -0.2327  -0.04783 -0.01529 -0.02432 | -1.0541
iteration 2...
-2.382   2.547    -0.2327  -0.04783 -0.01529 -0.02432 | -1.0541
-2.382   2.549    -0.2327  -0.04783 -0.01529 -0.02432 | -1.0541
-2.382   2.549    -0.2327  -0.04783 -0.01529 -0.02432 | -1.0541
-2.382   2.549    -0.2327  -0.04727 -0.01529 -0.02432 | -1.0541
-2.382   2.549    -0.2327  -0.04727 -0.01529 -0.02432 | -1.0541
-2.382   2.549    -0.2327  -0.04727 -0.01529 -0.02432 | -1.0541
iteration 3...
-2.382   2.549    -0.2327  -0.04727 -0.01529 -0.02432 | -1.0541
-2.382   2.549    -0.2327  -0.04727 -0.01529 -0.02432 | -1.0541
-2.382   2.549    -0.2399  -0.04727 -0.01529 -0.02432 | -1.0541
-2.382   2.549    -0.2399  -0.04727 -0.01529 -0.02432 | -1.0541
-2.382   2.549    -0.2399  -0.04727 -0.0147  -0.02432 | -1.0541
-2.382   2.549    -0.2399  -0.04727 -0.0147  -0.02432 | -1.0541
Done    'Coregister: Estimate'
Done

CoReg Done in 24.516288 seconds

All done with coregistration.
>> >> 
No sandbox specified



Start   : Mon Jun  4 22:42:42 EDT 2018
Finish  : Mon Jun  4 22:43:48 EDT 2018


