
                            < M A T L A B (R) >
                  Copyright 1984-2017 The MathWorks, Inc.
                   R2017a (9.2.0.556344) 64-bit (glnxa64)
                               March 27, 2017

 
To get started, type one of these: helpwin, helpdesk, or demo.
For product information, visit www.mathworks.com.
 
>> >> >> >> Coregistation Script Created on 180604_19_56_24_870
>> >> >> >> >> >> [Warning: Name is nonexistent or not a directory:
/Users/rcwelsh/matlabScripts/WELLES/mfiles] 
[> In path (line 109)
  In addpath (line 86)] 
>> >> >> >> >> 
UMBatchJobName =

    'coregOverlay_180604_19_56_24_870_tehsheng_madcbrai'

>> 
UMBatchProcessName =

    'coregOverlay'

>> >> Initializing the job manager in SPM8

UMReSlice =

     0



Calling UMBatchCoReg with:
/nfs/fmri/Analysis/Sean_Working/Git_MADC/preprocess/../../../Subjects_oldResting/madc1424_scan1/func//run_01/utprun_01.nii
/nfs/fmri/Analysis/Subjects_oldResting/madc1424_scan1/func/coReg/t1mprage.nii
UMReSlice:0
Entering UMBatchCoReg V2.0 for SPM8
Coreging /nfs/fmri/Analysis/Subjects_oldResting/madc1424_scan1/func/coReg/t1mprage.nii to
         /nfs/fmri/Analysis/Sean_Working/Git_MADC/preprocess/../../../Subjects_oldResting/madc1424_scan1/func//run_01/utprun_01.nii


------------------------------------------------------------------------
Running job #1
------------------------------------------------------------------------
Running 'Coregister: Estimate'
iteration 1...
-1.873   0        0        0        0        0        | -1.0552
-1.873   0.8496   0        0        0        0        | -1.0552
-1.873   0.8496   -1.788   0        0        0        | -1.0557
-1.873   0.8496   -1.788   0        0        0        | -1.0557
-1.873   0.8496   -1.788   0        0.01397  0        | -1.0557
-1.873   0.8496   -1.788   0        0.01397  0.02057  | -1.0559
iteration 2...
-1.834   0.8496   -1.788   0        0.01397  0.02057  | -1.0559
-1.834   2.047    -1.788   0        0.01397  0.02057  | -1.0561
-1.834   2.047    -2.017   0        0.01397  0.02057  | -1.0561
-1.834   2.047    -2.017   -0.0189  0.01397  0.02057  | -1.0562
-1.834   2.047    -2.017   -0.0189  0.008853 0.02057  | -1.0562
-1.834   2.047    -2.017   -0.0189  0.008853 0.0249   | -1.0563
iteration 3...
-1.577   2.047    -2.017   -0.0189  0.008853 0.0249   | -1.0563
-1.577   2.295    -2.017   -0.0189  0.008853 0.0249   | -1.0563
-1.577   2.295    -1.943   -0.0189  0.008853 0.0249   | -1.0563
-1.577   2.295    -1.943   -0.01892 0.008853 0.0249   | -1.0563
-1.577   2.295    -1.943   -0.01892 0.00566  0.0249   | -1.0563
-1.577   2.295    -1.943   -0.01892 0.00566  0.02616  | -1.0563
iteration 4...
-1.534   2.295    -1.943   -0.01892 0.00566  0.02616  | -1.0563
-1.534   2.279    -1.943   -0.01892 0.00566  0.02616  | -1.0563
-1.534   2.279    -1.983   -0.01892 0.00566  0.02616  | -1.0563
-1.534   2.279    -1.983   -0.0203  0.00566  0.02616  | -1.0563
-1.534   2.279    -1.983   -0.0203  0.00566  0.02616  | -1.0563
-1.534   2.279    -1.983   -0.0203  0.00566  0.02616  | -1.0563
iteration 5...
-1.534   2.279    -1.983   -0.0203  0.00566  0.02616  | -1.0563
-1.534   2.279    -1.983   -0.0203  0.00566  0.02616  | -1.0563
-1.534   2.279    -1.983   -0.0203  0.00566  0.02616  | -1.0563
-1.534   2.279    -1.983   -0.0203  0.00566  0.02616  | -1.0563
-1.534   2.279    -1.983   -0.0203  0.00566  0.02616  | -1.0563
-1.534   2.279    -1.983   -0.0203  0.00566  0.02616  | -1.0563
iteration 1...
-1.626   2.279    -1.983   -0.0203  0.00566  0.02616  | -1.0563
-1.626   2.503    -1.983   -0.0203  0.00566  0.02616  | -1.0563
-1.626   2.503    -1.835   -0.0203  0.00566  0.02616  | -1.0563
-1.626   2.503    -1.835   -0.01828 0.00566  0.02616  | -1.0563
-1.626   2.503    -1.835   -0.01828 0.006913 0.02616  | -1.0563
-1.626   2.503    -1.835   -0.01828 0.006913 0.02812  | -1.0564
iteration 2...
-1.622   2.503    -1.835   -0.01828 0.006913 0.02812  | -1.0564
-1.622   2.426    -1.835   -0.01828 0.006913 0.02812  | -1.0564
-1.622   2.426    -1.847   -0.01828 0.006913 0.02812  | -1.0564
-1.622   2.426    -1.847   -0.01828 0.006913 0.02812  | -1.0564
-1.622   2.426    -1.847   -0.01828 0.006913 0.02812  | -1.0564
-1.622   2.426    -1.847   -0.01828 0.006913 0.02812  | -1.0564
iteration 3...
-1.622   2.426    -1.847   -0.01828 0.006913 0.02812  | -1.0564
-1.622   2.426    -1.847   -0.01828 0.006913 0.02812  | -1.0564
-1.622   2.426    -1.847   -0.01828 0.006913 0.02812  | -1.0564
-1.622   2.426    -1.847   -0.01828 0.006913 0.02812  | -1.0564
-1.622   2.426    -1.847   -0.01828 0.006913 0.02812  | -1.0564
-1.622   2.426    -1.847   -0.01828 0.006913 0.02812  | -1.0564
Done    'Coregister: Estimate'
Done

CoReg Done in 22.259492 seconds

All done with coregistration.
>> >> 
No sandbox specified



Start   : Mon Jun  4 19:56:27 EDT 2018
Finish  : Mon Jun  4 19:57:28 EDT 2018


