
                            < M A T L A B (R) >
                  Copyright 1984-2017 The MathWorks, Inc.
                   R2017a (9.2.0.556344) 64-bit (glnxa64)
                               March 27, 2017

 
To get started, type one of these: helpwin, helpdesk, or demo.
For product information, visit www.mathworks.com.
 
>> >> >> >> Coregistation Script Created on 180604_17_15_59_805
>> >> >> >> >> >> [Warning: Name is nonexistent or not a directory:
/Users/rcwelsh/matlabScripts/WELLES/mfiles] 
[> In path (line 109)
  In addpath (line 86)] 
>> >> >> >> >> 
UMBatchJobName =

    'coregOverlay_180604_17_15_59_805_tehsheng_madcbrai'

>> 
UMBatchProcessName =

    'coregOverlay'

>> >> Initializing the job manager in SPM8

UMReSlice =

     0



Calling UMBatchCoReg with:
/nfs/fmri/Analysis/Sean_Working/Git_MADC/preprocess/../../../Subjects_oldResting/madc1412_scan1/func//run_01/utprun_01.nii
/nfs/fmri/Analysis/Subjects_oldResting/madc1412_scan1/func/coReg/t1mprage.nii
UMReSlice:0
Entering UMBatchCoReg V2.0 for SPM8
Coreging /nfs/fmri/Analysis/Subjects_oldResting/madc1412_scan1/func/coReg/t1mprage.nii to
         /nfs/fmri/Analysis/Sean_Working/Git_MADC/preprocess/../../../Subjects_oldResting/madc1412_scan1/func//run_01/utprun_01.nii


------------------------------------------------------------------------
Running job #1
------------------------------------------------------------------------
Running 'Coregister: Estimate'
iteration 1...
-2.044   0        0        0        0        0        | -1.0596
-2.044   1.869    0        0        0        0        | -1.0601
-2.044   1.869    -3.555   0        0        0        | -1.0608
-2.044   1.869    -3.555   0.05111  0        0        | -1.0611
-2.044   1.869    -3.555   0.05111  0.007549 0        | -1.0611
-2.044   1.869    -3.555   0.05111  0.007549 -0.01755 | -1.0612
iteration 2...
-2.25    1.869    -3.555   0.05111  0.007549 -0.01755 | -1.0612
-2.25    1.301    -3.555   0.05111  0.007549 -0.01755 | -1.0614
-2.25    1.301    -3.488   0.05111  0.007549 -0.01755 | -1.0614
-2.25    1.301    -3.488   0.05308  0.007549 -0.01755 | -1.0614
-2.25    1.301    -3.488   0.05308  0.006284 -0.01755 | -1.0614
-2.25    1.301    -3.488   0.05308  0.006284 -0.01755 | -1.0614
iteration 3...
-2.25    1.301    -3.488   0.05308  0.006284 -0.01755 | -1.0614
-2.25    1.223    -3.488   0.05308  0.006284 -0.01755 | -1.0614
-2.25    1.223    -3.478   0.05308  0.006284 -0.01755 | -1.0614
-2.25    1.223    -3.478   0.05384  0.006284 -0.01755 | -1.0614
-2.25    1.223    -3.478   0.05384  0.006284 -0.01755 | -1.0614
-2.25    1.223    -3.478   0.05384  0.006284 -0.01755 | -1.0614
iteration 4...
-2.25    1.223    -3.478   0.05384  0.006284 -0.01755 | -1.0614
-2.25    1.246    -3.478   0.05384  0.006284 -0.01755 | -1.0614
-2.25    1.246    -3.444   0.05384  0.006284 -0.01755 | -1.0614
-2.25    1.246    -3.444   0.05445  0.006284 -0.01755 | -1.0614
-2.25    1.246    -3.444   0.05445  0.006407 -0.01755 | -1.0614
-2.25    1.246    -3.444   0.05445  0.006407 -0.01755 | -1.0614
iteration 5...
-2.25    1.246    -3.444   0.05445  0.006407 -0.01755 | -1.0614
-2.25    1.263    -3.444   0.05445  0.006407 -0.01755 | -1.0614
-2.25    1.263    -3.42    0.05445  0.006407 -0.01755 | -1.0614
-2.25    1.263    -3.42    0.05438  0.006407 -0.01755 | -1.0614
-2.25    1.263    -3.42    0.05438  0.006347 -0.01755 | -1.0614
-2.25    1.263    -3.42    0.05438  0.006347 -0.01755 | -1.0614
iteration 6...
-2.25    1.263    -3.42    0.05438  0.006347 -0.01755 | -1.0614
-2.25    1.265    -3.42    0.05438  0.006347 -0.01755 | -1.0614
-2.25    1.265    -3.42    0.05438  0.006347 -0.01755 | -1.0614
-2.25    1.265    -3.42    0.05438  0.006347 -0.01755 | -1.0614
-2.25    1.265    -3.42    0.05438  0.006347 -0.01755 | -1.0614
-2.25    1.265    -3.42    0.05438  0.006347 -0.01755 | -1.0614
iteration 1...
-2.192   1.265    -3.42    0.05438  0.006347 -0.01755 | -1.0614
-2.192   1.202    -3.42    0.05438  0.006347 -0.01755 | -1.0614
-2.192   1.202    -3.462   0.05438  0.006347 -0.01755 | -1.0614
-2.192   1.202    -3.462   0.05036  0.006347 -0.01755 | -1.0614
-2.192   1.202    -3.462   0.05036  -0.005104 -0.01755 | -1.0614
-2.192   1.202    -3.462   0.05036  -0.005104 -0.01177 | -1.0614
iteration 2...
-2.192   1.202    -3.462   0.05036  -0.005104 -0.01177 | -1.0614
-2.192   1.185    -3.462   0.05036  -0.005104 -0.01177 | -1.0614
-2.192   1.185    -3.342   0.05036  -0.005104 -0.01177 | -1.0614
-2.192   1.185    -3.342   0.04866  -0.005104 -0.01177 | -1.0614
-2.192   1.185    -3.342   0.04866  -0.005104 -0.01177 | -1.0614
-2.192   1.185    -3.342   0.04866  -0.005104 -0.01177 | -1.0614
iteration 3...
-2.175   1.185    -3.342   0.04866  -0.005104 -0.01177 | -1.0614
-2.175   1.17     -3.342   0.04866  -0.005104 -0.01177 | -1.0614
-2.175   1.17     -3.333   0.04866  -0.005104 -0.01177 | -1.0614
-2.175   1.17     -3.333   0.04866  -0.005104 -0.01177 | -1.0614
-2.175   1.17     -3.333   0.04866  -0.005104 -0.01177 | -1.0614
-2.175   1.17     -3.333   0.04866  -0.005104 -0.01177 | -1.0614
iteration 4...
-2.173   1.17     -3.333   0.04866  -0.005104 -0.01177 | -1.0614
-2.173   1.17     -3.333   0.04866  -0.005104 -0.01177 | -1.0614
-2.173   1.17     -3.333   0.04866  -0.005104 -0.01177 | -1.0614
-2.173   1.17     -3.333   0.04866  -0.005104 -0.01177 | -1.0614
-2.173   1.17     -3.333   0.04866  -0.005104 -0.01177 | -1.0614
-2.173   1.17     -3.333   0.04866  -0.005104 -0.01177 | -1.0614
Done    'Coregister: Estimate'
Done

CoReg Done in 33.265776 seconds

All done with coregistration.
>> >> 
No sandbox specified



Start   : Mon Jun  4 17:16:02 EDT 2018
Finish  : Mon Jun  4 17:17:22 EDT 2018


