
                            < M A T L A B (R) >
                  Copyright 1984-2017 The MathWorks, Inc.
                   R2017a (9.2.0.556344) 64-bit (glnxa64)
                               March 27, 2017

 
To get started, type one of these: helpwin, helpdesk, or demo.
For product information, visit www.mathworks.com.
 
>> >> >> >> Coregistation Script Created on 180604_17_43_10_594
>> >> >> >> >> >> [Warning: Name is nonexistent or not a directory:
/Users/rcwelsh/matlabScripts/WELLES/mfiles] 
[> In path (line 109)
  In addpath (line 86)] 
>> >> >> >> >> 
UMBatchJobName =

    'coregOverlay_180604_17_43_10_594_tehsheng_madcbrai'

>> 
UMBatchProcessName =

    'coregOverlay'

>> >> Initializing the job manager in SPM8

UMReSlice =

     0



Calling UMBatchCoReg with:
/nfs/fmri/Analysis/Sean_Working/Git_MADC/preprocess/../../../Subjects_oldResting/madc1413_scan1/func//run_01/utprun_01.nii
/nfs/fmri/Analysis/Subjects_oldResting/madc1413_scan1/func/coReg/t1mprage.nii
UMReSlice:0
Entering UMBatchCoReg V2.0 for SPM8
Coreging /nfs/fmri/Analysis/Subjects_oldResting/madc1413_scan1/func/coReg/t1mprage.nii to
         /nfs/fmri/Analysis/Sean_Working/Git_MADC/preprocess/../../../Subjects_oldResting/madc1413_scan1/func//run_01/utprun_01.nii


------------------------------------------------------------------------
Running job #1
------------------------------------------------------------------------
Running 'Coregister: Estimate'
iteration 1...
-2.383   0        0        0        0        0        | -1.0438
-2.383   1.847    0        0        0        0        | -1.0442
-2.383   1.847    -4.503   0        0        0        | -1.0456
-2.383   1.847    -4.503   -0.02871 0        0        | -1.0457
-2.383   1.847    -4.503   -0.02871 0.007006 0        | -1.0457
-2.383   1.847    -4.503   -0.02871 0.007006 0.001919 | -1.0457
iteration 2...
-2.534   1.847    -4.503   -0.02871 0.007006 0.001919 | -1.0457
-2.534   1.886    -4.503   -0.02871 0.007006 0.001919 | -1.0457
-2.534   1.886    -5.184   -0.02871 0.007006 0.001919 | -1.0458
-2.534   1.886    -5.184   -0.03034 0.007006 0.001919 | -1.0458
-2.534   1.886    -5.184   -0.03034 0.007006 0.001919 | -1.0458
-2.534   1.886    -5.184   -0.03034 0.007006 -0.003022 | -1.0458
iteration 3...
-2.766   1.886    -5.184   -0.03034 0.007006 -0.003022 | -1.0458
-2.766   1.837    -5.184   -0.03034 0.007006 -0.003022 | -1.0458
-2.766   1.837    -5.126   -0.03034 0.007006 -0.003022 | -1.0458
-2.766   1.837    -5.126   -0.03034 0.007006 -0.003022 | -1.0458
-2.766   1.837    -5.126   -0.03034 0.004568 -0.003022 | -1.0458
-2.766   1.837    -5.126   -0.03034 0.004568 -0.001784 | -1.0458
iteration 4...
-2.87    1.837    -5.126   -0.03034 0.004568 -0.001784 | -1.0458
-2.87    1.862    -5.126   -0.03034 0.004568 -0.001784 | -1.0458
-2.87    1.862    -5.167   -0.03034 0.004568 -0.001784 | -1.0458
-2.87    1.862    -5.167   -0.03034 0.004568 -0.001784 | -1.0458
-2.87    1.862    -5.167   -0.03034 0.0007645 -0.001784 | -1.0458
-2.87    1.862    -5.167   -0.03034 0.0007645 -0.000955 | -1.0458
iteration 5...
-2.896   1.862    -5.167   -0.03034 0.0007645 -0.000955 | -1.0458
-2.896   1.991    -5.167   -0.03034 0.0007645 -0.000955 | -1.0458
-2.896   1.991    -5.322   -0.03034 0.0007645 -0.000955 | -1.0458
-2.896   1.991    -5.322   -0.03034 0.0007645 -0.000955 | -1.0458
-2.896   1.991    -5.322   -0.03034 0.0007645 -0.000955 | -1.0458
-2.896   1.991    -5.322   -0.03034 0.0007645 -0.000955 | -1.0458
iteration 6...
-2.896   1.991    -5.322   -0.03034 0.0007645 -0.000955 | -1.0458
-2.896   1.991    -5.322   -0.03034 0.0007645 -0.000955 | -1.0458
-2.896   1.991    -5.322   -0.03034 0.0007645 -0.000955 | -1.0458
-2.896   1.991    -5.322   -0.03034 0.0007645 -0.000955 | -1.0458
-2.896   1.991    -5.322   -0.03034 0.0007645 -0.000955 | -1.0458
-2.896   1.991    -5.322   -0.03034 0.0007645 -0.000955 | -1.0458
iteration 1...
-3.198   1.991    -5.322   -0.03034 0.0007645 -0.000955 | -1.0458
-3.198   1.877    -5.322   -0.03034 0.0007645 -0.000955 | -1.0458
-3.198   1.877    -5.402   -0.03034 0.0007645 -0.000955 | -1.0458
-3.198   1.877    -5.402   -0.02398 0.0007645 -0.000955 | -1.0458
-3.198   1.877    -5.402   -0.02398 -0.005956 -0.000955 | -1.0458
-3.198   1.877    -5.402   -0.02398 -0.005956 -0.00716 | -1.0458
iteration 2...
-3.441   1.877    -5.402   -0.02398 -0.005956 -0.00716 | -1.0458
-3.441   1.965    -5.402   -0.02398 -0.005956 -0.00716 | -1.0458
-3.441   1.965    -5.415   -0.02398 -0.005956 -0.00716 | -1.0458
-3.441   1.965    -5.415   -0.02078 -0.005956 -0.00716 | -1.0458
-3.441   1.965    -5.415   -0.02078 -0.01159 -0.00716 | -1.0458
-3.441   1.965    -5.415   -0.02078 -0.01159 -0.007186 | -1.0458
-3.832   2.105    -5.437   -0.01562 -0.02068 -0.007229 | -1.0459
iteration 3...
-3.915   2.105    -5.437   -0.01562 -0.02068 -0.007229 | -1.0459
-3.915   2.299    -5.437   -0.01562 -0.02068 -0.007229 | -1.0459
-3.915   2.299    -5.466   -0.01562 -0.02068 -0.007229 | -1.0459
-3.915   2.299    -5.466   -0.0125  -0.02068 -0.007229 | -1.0459
-3.915   2.299    -5.466   -0.0125  -0.02068 -0.007229 | -1.0459
-3.915   2.299    -5.466   -0.0125  -0.02068 -0.007229 | -1.0459
iteration 4...
-3.916   2.299    -5.466   -0.0125  -0.02068 -0.007229 | -1.0459
-3.916   2.381    -5.466   -0.0125  -0.02068 -0.007229 | -1.0459
-3.916   2.381    -5.55    -0.0125  -0.02068 -0.007229 | -1.0459
-3.916   2.381    -5.55    -0.0125  -0.02068 -0.007229 | -1.0459
-3.916   2.381    -5.55    -0.0125  -0.02068 -0.007229 | -1.0459
-3.916   2.381    -5.55    -0.0125  -0.02068 -0.004467 | -1.0459
iteration 5...
-3.884   2.381    -5.55    -0.0125  -0.02068 -0.004467 | -1.0459
-3.884   2.39     -5.55    -0.0125  -0.02068 -0.004467 | -1.0459
-3.884   2.39     -5.528   -0.0125  -0.02068 -0.004467 | -1.0459
-3.884   2.39     -5.528   -0.0125  -0.02068 -0.004467 | -1.0459
-3.888   2.392    -5.528   -0.01246 -0.02076 -0.004468 | -1.0459
-3.888   2.392    -5.528   -0.01246 -0.02076 -0.004468 | -1.0459
iteration 6...
-3.888   2.392    -5.528   -0.01246 -0.02076 -0.004468 | -1.0459
-3.888   2.392    -5.528   -0.01246 -0.02076 -0.004468 | -1.0459
-3.888   2.392    -5.528   -0.01246 -0.02076 -0.004468 | -1.0459
-3.888   2.392    -5.528   -0.01246 -0.02076 -0.004468 | -1.0459
-3.888   2.392    -5.528   -0.01246 -0.02076 -0.004468 | -1.0459
-3.888   2.392    -5.528   -0.01246 -0.02076 -0.004468 | -1.0459
Done    'Coregister: Estimate'
Done

CoReg Done in 39.176274 seconds

All done with coregistration.
>> >> 
No sandbox specified



Start   : Mon Jun  4 17:43:17 EDT 2018
Finish  : Mon Jun  4 17:44:56 EDT 2018


