
                            < M A T L A B (R) >
                  Copyright 1984-2017 The MathWorks, Inc.
                   R2017a (9.2.0.556344) 64-bit (glnxa64)
                               March 27, 2017

 
To get started, type one of these: helpwin, helpdesk, or demo.
For product information, visit www.mathworks.com.
 
>> >> >> >> Coregistation Script Created on 180604_20_08_46_587
>> >> >> >> >> >> [Warning: Name is nonexistent or not a directory:
/Users/rcwelsh/matlabScripts/WELLES/mfiles] 
[> In path (line 109)
  In addpath (line 86)] 
>> >> >> >> >> 
UMBatchJobName =

    'coregOverlay_180604_20_08_46_587_tehsheng_madcbrai'

>> 
UMBatchProcessName =

    'coregOverlay'

>> >> Initializing the job manager in SPM8

UMReSlice =

     0



Calling UMBatchCoReg with:
/nfs/fmri/Analysis/Sean_Working/Git_MADC/preprocess/../../../Subjects_oldResting/madc1462_scan1/func//run_01/utprun_01.nii
/nfs/fmri/Analysis/Subjects_oldResting/madc1462_scan1/func/coReg/t1mprage.nii
UMReSlice:0
Entering UMBatchCoReg V2.0 for SPM8
Coreging /nfs/fmri/Analysis/Subjects_oldResting/madc1462_scan1/func/coReg/t1mprage.nii to
         /nfs/fmri/Analysis/Sean_Working/Git_MADC/preprocess/../../../Subjects_oldResting/madc1462_scan1/func//run_01/utprun_01.nii


------------------------------------------------------------------------
Running job #1
------------------------------------------------------------------------
Running 'Coregister: Estimate'
iteration 1...
-1.898   0        0        0        0        0        | -1.0555
-1.898   0.3645   0        0        0        0        | -1.0556
-1.898   0.3645   -0.6472  0        0        0        | -1.0556
-1.898   0.3645   -0.6472  0        0        0        | -1.0556
-1.898   0.3645   -0.6472  0        0.00166  0        | -1.0556
-1.898   0.3645   -0.6472  0        0.00166  0.01272  | -1.0556
iteration 2...
-2.094   0.3645   -0.6472  0        0.00166  0.01272  | -1.0556
-2.094   0.6421   -0.6472  0        0.00166  0.01272  | -1.0556
-2.094   0.6421   -0.6613  0        0.00166  0.01272  | -1.0556
-2.094   0.6421   -0.6613  -0.002951 0.00166  0.01272  | -1.0557
-2.094   0.6421   -0.6613  -0.002951 0.00166  0.01272  | -1.0557
-2.094   0.6421   -0.6613  -0.002951 0.00166  0.01399  | -1.0557
iteration 3...
-2.101   0.6421   -0.6613  -0.002951 0.00166  0.01399  | -1.0557
-2.101   0.9256   -0.6613  -0.002951 0.00166  0.01399  | -1.0557
-2.101   0.9256   -0.7994  -0.002951 0.00166  0.01399  | -1.0557
-2.101   0.9256   -0.7994  -0.004363 0.00166  0.01399  | -1.0557
-2.101   0.9256   -0.7994  -0.004363 0.00166  0.01399  | -1.0557
-2.101   0.9256   -0.7994  -0.004363 0.00166  0.01399  | -1.0557
-2.108   1.209    -0.9374  -0.005776 0.00166  0.01399  | -1.0557
iteration 4...
-2.108   1.209    -0.9374  -0.005776 0.00166  0.01399  | -1.0557
-2.108   1.209    -0.9374  -0.005776 0.00166  0.01399  | -1.0557
-2.108   1.209    -0.9107  -0.005776 0.00166  0.01399  | -1.0557
-2.108   1.209    -0.9107  -0.006113 0.00166  0.01399  | -1.0557
-2.108   1.209    -0.9107  -0.006113 0.00166  0.01399  | -1.0557
-2.108   1.209    -0.9107  -0.006113 0.00166  0.01399  | -1.0557
iteration 5...
-2.108   1.209    -0.9107  -0.006113 0.00166  0.01399  | -1.0557
-2.11    1.282    -0.9459  -0.006474 0.00166  0.01399  | -1.0557
-2.11    1.282    -0.9161  -0.006474 0.00166  0.01399  | -1.0557
-2.11    1.282    -0.9161  -0.006669 0.00166  0.01399  | -1.0557
-2.11    1.282    -0.9161  -0.006669 0.00166  0.01399  | -1.0557
-2.11    1.282    -0.9161  -0.006669 0.00166  0.01399  | -1.0557
-2.113   1.428    -0.9269  -0.007795 0.00166  0.01399  | -1.0557
iteration 6...
-2.089   1.428    -0.9269  -0.007795 0.00166  0.01399  | -1.0557
-2.089   1.442    -0.928   -0.007905 0.00166  0.01399  | -1.0557
-2.089   1.442    -0.9389  -0.007905 0.00166  0.01399  | -1.0557
-2.089   1.442    -0.9389  -0.007905 0.00166  0.01399  | -1.0557
-2.089   1.442    -0.9389  -0.007905 0.00166  0.01399  | -1.0557
-2.089   1.442    -0.9389  -0.007905 0.00166  0.01421  | -1.0557
iteration 7...
-2.089   1.442    -0.9389  -0.007905 0.00166  0.01421  | -1.0557
-2.09    1.456    -0.9398  -0.008005 0.00166  0.01421  | -1.0557
-2.09    1.456    -0.9442  -0.008005 0.00166  0.01421  | -1.0557
-2.09    1.456    -0.9442  -0.008005 0.00166  0.01421  | -1.0557
-2.09    1.456    -0.9442  -0.008005 0.00166  0.01421  | -1.0557
-2.09    1.456    -0.9442  -0.008005 0.00166  0.01382  | -1.0557
iteration 1...
-2.186   1.456    -0.9442  -0.008005 0.00166  0.01382  | -1.0557
-2.186   1.587    -0.9442  -0.008005 0.00166  0.01382  | -1.0557
-2.186   1.587    -0.557   -0.008005 0.00166  0.01382  | -1.0558
-2.186   1.587    -0.557   -0.009283 0.00166  0.01382  | -1.0558
-2.186   1.587    -0.557   -0.009283 0.002217 0.01382  | -1.0558
-2.186   1.587    -0.557   -0.009283 0.002217 0.008859 | -1.0558
iteration 2...
-2.228   1.587    -0.557   -0.009283 0.002217 0.008859 | -1.0558
-2.228   1.678    -0.557   -0.009283 0.002217 0.008859 | -1.0558
-2.228   1.678    -0.5972  -0.009283 0.002217 0.008859 | -1.0558
-2.228   1.678    -0.5972  -0.01009 0.002217 0.008859 | -1.0558
-2.228   1.678    -0.5972  -0.01009 0.002624 0.008859 | -1.0558
-2.228   1.678    -0.5972  -0.01009 0.002624 0.008859 | -1.0558
-2.528   2.329    -0.8838  -0.01581 0.005527 0.008859 | -1.0558
iteration 3...
-2.563   2.329    -0.8838  -0.01581 0.005527 0.008859 | -1.0558
-2.552   2.307    -0.8741  -0.01562 0.005428 0.008859 | -1.0558
-2.552   2.307    -0.6032  -0.01562 0.005428 0.008859 | -1.0558
-2.552   2.307    -0.6032  -0.01597 0.005428 0.008859 | -1.0558
-2.552   2.307    -0.6032  -0.01597 0.005508 0.008859 | -1.0558
-2.552   2.307    -0.6032  -0.01597 0.005508 0.009067 | -1.0558
iteration 4...
-2.552   2.307    -0.6032  -0.01597 0.005508 0.009067 | -1.0558
-2.651   2.522    -0.6975  -0.01786 0.006463 0.009067 | -1.0558
-2.651   2.522    -0.6     -0.01786 0.006463 0.009067 | -1.0558
-2.651   2.522    -0.6     -0.01789 0.006463 0.009067 | -1.0558
-2.651   2.522    -0.6     -0.01789 0.006463 0.009067 | -1.0558
-2.651   2.522    -0.6     -0.01789 0.006463 0.008591 | -1.0558
-2.701   2.63     -0.5984  -0.01887 0.006948 0.00835  | -1.0558
iteration 5...
-2.694   2.63     -0.5984  -0.01887 0.006948 0.00835  | -1.0558
-2.694   2.63     -0.5984  -0.01887 0.006948 0.00835  | -1.0558
-2.694   2.63     -0.6211  -0.01887 0.006948 0.00835  | -1.0558
-2.694   2.63     -0.6211  -0.01887 0.006948 0.00835  | -1.0558
-2.694   2.63     -0.6211  -0.01887 0.007    0.00835  | -1.0558
-2.694   2.63     -0.6211  -0.01887 0.007    0.008488 | -1.0558
iteration 6...
-2.696   2.63     -0.6211  -0.01887 0.007    0.008488 | -1.0558
-2.715   2.672    -0.6205  -0.01924 0.007186 0.008395 | -1.0558
-2.715   2.672    -0.6205  -0.01924 0.007186 0.008395 | -1.0558
-2.715   2.672    -0.6205  -0.01926 0.007186 0.008395 | -1.0558
-2.715   2.672    -0.6205  -0.01926 0.007212 0.008395 | -1.0558
-2.715   2.672    -0.6205  -0.01926 0.007212 0.008395 | -1.0558
iteration 7...
-2.715   2.672    -0.6205  -0.01926 0.007212 0.008395 | -1.0558
-2.716   2.674    -0.6205  -0.01928 0.00722  0.008392 | -1.0558
-2.716   2.674    -0.6205  -0.01928 0.00722  0.008392 | -1.0558
-2.716   2.674    -0.6205  -0.01929 0.00722  0.008392 | -1.0558
-2.716   2.674    -0.6205  -0.01929 0.007356 0.008392 | -1.0558
-2.716   2.674    -0.6205  -0.01929 0.007356 0.008392 | -1.0558
Done    'Coregister: Estimate'
Done

CoReg Done in 54.960996 seconds

All done with coregistration.
>> >> 
No sandbox specified



Start   : Mon Jun  4 20:08:49 EDT 2018
Finish  : Mon Jun  4 20:10:34 EDT 2018


