
                            < M A T L A B (R) >
                  Copyright 1984-2017 The MathWorks, Inc.
                   R2017a (9.2.0.556344) 64-bit (glnxa64)
                               March 27, 2017

 
To get started, type one of these: helpwin, helpdesk, or demo.
For product information, visit www.mathworks.com.
 
>> >> >> >> Coregistation Script Created on 180604_21_38_29_274
>> >> >> >> >> >> [Warning: Name is nonexistent or not a directory:
/Users/rcwelsh/matlabScripts/WELLES/mfiles] 
[> In path (line 109)
  In addpath (line 86)] 
>> >> >> >> >> 
UMBatchJobName =

    'coregOverlay_180604_21_38_29_274_tehsheng_madcbrai'

>> 
UMBatchProcessName =

    'coregOverlay'

>> >> Initializing the job manager in SPM8

UMReSlice =

     0



Calling UMBatchCoReg with:
/nfs/fmri/Analysis/Sean_Working/Git_MADC/preprocess/../../../Subjects_oldResting/madc1396_scan1/func//run_01/utprun_01.nii
/nfs/fmri/Analysis/Subjects_oldResting/madc1396_scan1/func/coReg/t1mprage.nii
UMReSlice:0
Entering UMBatchCoReg V2.0 for SPM8
Coreging /nfs/fmri/Analysis/Subjects_oldResting/madc1396_scan1/func/coReg/t1mprage.nii to
         /nfs/fmri/Analysis/Sean_Working/Git_MADC/preprocess/../../../Subjects_oldResting/madc1396_scan1/func//run_01/utprun_01.nii


------------------------------------------------------------------------
Running job #1
------------------------------------------------------------------------
Running 'Coregister: Estimate'
iteration 1...
-2.81    0        0        0        0        0        | -1.0474
-2.81    1.973    0        0        0        0        | -1.0479
-2.81    1.973    -1.522   0        0        0        | -1.0482
-2.81    1.973    -1.522   0.003354 0        0        | -1.0483
-2.81    1.973    -1.522   0.003354 0.0007306 0        | -1.0483
-2.81    1.973    -1.522   0.003354 0.0007306 -0.009205 | -1.0483
iteration 2...
-2.504   1.973    -1.522   0.003354 0.0007306 -0.009205 | -1.0483
-2.504   1.954    -1.522   0.003354 0.0007306 -0.009205 | -1.0483
-2.504   1.954    -1.611   0.003354 0.0007306 -0.009205 | -1.0483
-2.504   1.954    -1.611   0.003354 0.0007306 -0.009205 | -1.0483
-2.504   1.954    -1.611   0.003354 0.0007306 -0.009205 | -1.0483
-2.504   1.954    -1.611   0.003354 0.0007306 -0.01099 | -1.0483
iteration 3...
-2.565   1.954    -1.611   0.003354 0.0007306 -0.01099 | -1.0483
-2.565   1.913    -1.611   0.003354 0.0007306 -0.01099 | -1.0483
-2.565   1.913    -1.611   0.003354 0.0007306 -0.01099 | -1.0483
-2.565   1.913    -1.611   0.00449  0.0007306 -0.01099 | -1.0483
-2.565   1.913    -1.611   0.00449  0.0007306 -0.01099 | -1.0483
-2.565   1.913    -1.611   0.00449  0.0007306 -0.01099 | -1.0483
iteration 4...
-2.565   1.913    -1.611   0.00449  0.0007306 -0.01099 | -1.0483
-2.565   1.936    -1.611   0.00449  0.0007306 -0.01099 | -1.0483
-2.565   1.936    -1.609   0.00449  0.0007306 -0.01099 | -1.0483
-2.565   1.936    -1.609   0.005    0.0007306 -0.01099 | -1.0483
-2.565   1.936    -1.609   0.005    0.0007306 -0.01099 | -1.0483
-2.565   1.936    -1.609   0.005    0.0007306 -0.01099 | -1.0483
iteration 5...
-2.565   1.936    -1.609   0.005    0.0007306 -0.01099 | -1.0483
-2.565   1.936    -1.609   0.005    0.0007306 -0.01099 | -1.0483
-2.565   1.936    -1.6     0.005    0.0007306 -0.01099 | -1.0483
-2.565   1.936    -1.6     0.005    0.0007306 -0.01099 | -1.0483
-2.565   1.936    -1.6     0.005    0.0007306 -0.01099 | -1.0483
-2.565   1.936    -1.6     0.005    0.0007306 -0.01099 | -1.0483
iteration 1...
-2.525   1.936    -1.6     0.005    0.0007306 -0.01099 | -1.0483
-2.525   2.075    -1.6     0.005    0.0007306 -0.01099 | -1.0483
-2.525   2.075    -1.37    0.005    0.0007306 -0.01099 | -1.0483
-2.525   2.075    -1.37    0.003729 0.0007306 -0.01099 | -1.0483
-2.525   2.075    -1.37    0.003729 0.0064   -0.01099 | -1.0483
-2.525   2.075    -1.37    0.003729 0.0064   -0.01279 | -1.0483
iteration 2...
-2.437   2.075    -1.37    0.003729 0.0064   -0.01279 | -1.0483
-2.437   2.033    -1.37    0.003729 0.0064   -0.01279 | -1.0483
-2.437   2.033    -1.433   0.003729 0.0064   -0.01279 | -1.0483
-2.437   2.033    -1.433   0.002697 0.0064   -0.01279 | -1.0483
-2.437   2.033    -1.433   0.002697 0.006385 -0.01279 | -1.0483
-2.437   2.033    -1.433   0.002697 0.006385 -0.01283 | -1.0483
iteration 3...
-2.431   2.033    -1.433   0.002697 0.006385 -0.01283 | -1.0483
-2.431   2.033    -1.433   0.002697 0.006385 -0.01283 | -1.0483
-2.431   2.033    -1.433   0.002697 0.006385 -0.01283 | -1.0483
-2.431   2.033    -1.433   0.002697 0.006385 -0.01283 | -1.0483
-2.431   2.033    -1.433   0.002697 0.007396 -0.01283 | -1.0483
-2.431   2.033    -1.433   0.002697 0.007396 -0.01283 | -1.0483
iteration 4...
-2.401   2.033    -1.433   0.002697 0.007396 -0.01283 | -1.0483
-2.401   2.033    -1.433   0.002697 0.007396 -0.01283 | -1.0483
-2.401   2.033    -1.436   0.002697 0.007396 -0.01283 | -1.0483
-2.401   2.033    -1.436   0.002697 0.007396 -0.01283 | -1.0483
-2.401   2.033    -1.436   0.002697 0.007685 -0.01283 | -1.0483
-2.401   2.033    -1.436   0.002697 0.007685 -0.01353 | -1.0483
iteration 5...
-2.375   2.033    -1.436   0.002697 0.007685 -0.01353 | -1.0483
-2.375   2.036    -1.436   0.002697 0.007685 -0.01353 | -1.0483
-2.375   2.036    -1.437   0.002697 0.007685 -0.01353 | -1.0483
-2.375   2.036    -1.437   0.002697 0.007685 -0.01353 | -1.0483
-2.375   2.036    -1.437   0.002697 0.008138 -0.01353 | -1.0483
-2.375   2.036    -1.437   0.002697 0.008138 -0.01353 | -1.0483
-2.348   2.039    -1.438   0.002697 0.008591 -0.01353 | -1.0483
iteration 6...
-2.348   2.039    -1.438   0.002697 0.008591 -0.01353 | -1.0483
-2.348   2.039    -1.438   0.002697 0.008591 -0.01353 | -1.0483
-2.348   2.039    -1.471   0.002697 0.008591 -0.01353 | -1.0483
-2.348   2.039    -1.471   0.002697 0.008591 -0.01353 | -1.0483
-2.348   2.039    -1.471   0.002697 0.01022  -0.01353 | -1.0483
-2.348   2.039    -1.471   0.002697 0.01022  -0.01353 | -1.0483
iteration 7...
-2.336   2.04     -1.471   0.002697 0.01042  -0.01353 | -1.0483
-2.336   2.043    -1.471   0.002697 0.01042  -0.01353 | -1.0483
-2.336   2.043    -1.514   0.002697 0.01042  -0.01353 | -1.0483
-2.336   2.043    -1.514   0.002697 0.01042  -0.01353 | -1.0483
-2.336   2.043    -1.514   0.002697 0.01042  -0.01353 | -1.0483
-2.336   2.043    -1.514   0.002697 0.01042  -0.01352 | -1.0483
iteration 8...
-2.334   2.043    -1.514   0.002697 0.01047  -0.01352 | -1.0483
-2.334   2.043    -1.514   0.002697 0.01047  -0.01352 | -1.0483
-2.334   2.043    -1.517   0.002697 0.01047  -0.01352 | -1.0483
-2.334   2.043    -1.517   0.002697 0.01047  -0.01352 | -1.0483
-2.334   2.043    -1.517   0.002697 0.01047  -0.01352 | -1.0483
-2.334   2.043    -1.517   0.002697 0.01047  -0.01352 | -1.0483
Done    'Coregister: Estimate'
Done

CoReg Done in 40.779733 seconds

All done with coregistration.
>> >> 
No sandbox specified



Start   : Mon Jun  4 21:38:31 EDT 2018
Finish  : Mon Jun  4 21:39:49 EDT 2018


