
                            < M A T L A B (R) >
                  Copyright 1984-2017 The MathWorks, Inc.
                   R2017a (9.2.0.556344) 64-bit (glnxa64)
                               March 27, 2017

 
To get started, type one of these: helpwin, helpdesk, or demo.
For product information, visit www.mathworks.com.
 
>> >> >> >> Coregistation Script Created on 180604_16_44_47_350
>> >> >> >> >> >> [Warning: Name is nonexistent or not a directory:
/Users/rcwelsh/matlabScripts/WELLES/mfiles] 
[> In path (line 109)
  In addpath (line 86)] 
>> >> >> >> >> 
UMBatchJobName =

    'coregOverlay_180604_16_44_47_350_tehsheng_madcbrai'

>> 
UMBatchProcessName =

    'coregOverlay'

>> >> Initializing the job manager in SPM8

UMReSlice =

     0



Calling UMBatchCoReg with:
/nfs/fmri/Analysis/Sean_Working/Git_MADC/preprocess/../../../Subjects_oldResting/madc1411_scan1/func//run_01/utprun_01.nii
/nfs/fmri/Analysis/Subjects_oldResting/madc1411_scan1/func/coReg/t1mprage.nii
UMReSlice:0
Entering UMBatchCoReg V2.0 for SPM8
Coreging /nfs/fmri/Analysis/Subjects_oldResting/madc1411_scan1/func/coReg/t1mprage.nii to
         /nfs/fmri/Analysis/Sean_Working/Git_MADC/preprocess/../../../Subjects_oldResting/madc1411_scan1/func//run_01/utprun_01.nii


------------------------------------------------------------------------
Running job #1
------------------------------------------------------------------------
Running 'Coregister: Estimate'
iteration 1...
-1.055   0        0        0        0        0        | -1.0471
-1.055   2.662    0        0        0        0        | -1.0478
-1.055   2.662    -4.835   0        0        0        | -1.0484
-1.055   2.662    -4.835   0.00716  0        0        | -1.0485
-1.055   2.662    -4.835   0.00716  0.003013 0        | -1.0485
-1.055   2.662    -4.835   0.00716  0.003013 0.009155 | -1.0485
iteration 2...
-1.095   2.662    -4.835   0.00716  0.003013 0.009155 | -1.0485
-1.095   3.757    -4.835   0.00716  0.003013 0.009155 | -1.0486
-1.095   3.757    -4.81    0.00716  0.003013 0.009155 | -1.0486
-1.095   3.757    -4.81    0.04908  0.003013 0.009155 | -1.0487
-1.095   3.757    -4.81    0.04908  0.003918 0.009155 | -1.0487
-1.095   3.757    -4.81    0.04908  0.003918 0.01976  | -1.0488
iteration 3...
-1.045   3.757    -4.81    0.04908  0.003918 0.01976  | -1.0488
-1.045   4.293    -4.81    0.04908  0.003918 0.01976  | -1.0488
-1.045   4.293    -4.973   0.04908  0.003918 0.01976  | -1.0488
-1.045   4.293    -4.973   0.04558  0.003918 0.01976  | -1.0488
-1.045   4.293    -4.973   0.04558  0.005319 0.01976  | -1.0488
-1.045   4.293    -4.973   0.04558  0.005319 0.02315  | -1.0488
iteration 4...
-1.045   4.293    -4.973   0.04558  0.005319 0.02315  | -1.0488
-1.045   4.521    -4.973   0.04558  0.005319 0.02315  | -1.0488
-1.045   4.521    -5.153   0.04558  0.005319 0.02315  | -1.0488
-1.045   4.521    -5.153   0.04558  0.005319 0.02315  | -1.0488
-1.045   4.521    -5.153   0.04558  0.005319 0.02315  | -1.0488
-1.045   4.521    -5.153   0.04558  0.005319 0.02315  | -1.0488
iteration 5...
-1.045   4.521    -5.153   0.04558  0.005319 0.02315  | -1.0488
-1.045   4.521    -5.153   0.04558  0.005319 0.02315  | -1.0488
-1.045   4.521    -5.155   0.04558  0.005319 0.02315  | -1.0488
-1.045   4.521    -5.155   0.04558  0.005319 0.02315  | -1.0488
-1.045   4.521    -5.155   0.04558  0.005319 0.02315  | -1.0488
-1.045   4.521    -5.155   0.04558  0.005319 0.02315  | -1.0488
iteration 1...
-1.349   4.521    -5.155   0.04558  0.005319 0.02315  | -1.0489
-1.349   3.372    -5.155   0.04558  0.005319 0.02315  | -1.0489
-1.349   3.372    -5.707   0.04558  0.005319 0.02315  | -1.049
-1.349   3.372    -5.707   0.06158  0.005319 0.02315  | -1.049
-1.349   3.372    -5.707   0.06158  0.01052  0.02315  | -1.049
-1.349   3.372    -5.707   0.06158  0.01052  0.03492  | -1.049
iteration 2...
-1.476   3.372    -5.707   0.06158  0.01052  0.03492  | -1.049
-1.476   3.497    -5.707   0.06158  0.01052  0.03492  | -1.049
-1.476   3.497    -6.319   0.06158  0.01052  0.03492  | -1.049
-1.476   3.497    -6.319   0.06479  0.01052  0.03492  | -1.049
-1.476   3.497    -6.319   0.06479  0.01472  0.03492  | -1.0491
-1.476   3.497    -6.319   0.06479  0.01472  0.03492  | -1.0491
iteration 3...
-1.571   3.497    -6.319   0.06479  0.01472  0.03492  | -1.0491
-1.571   3.484    -6.319   0.06479  0.01472  0.03492  | -1.0491
-1.571   3.484    -6.282   0.06479  0.01472  0.03492  | -1.0491
-1.571   3.484    -6.282   0.06598  0.01472  0.03492  | -1.0491
-1.571   3.484    -6.282   0.06598  0.0172   0.03492  | -1.0491
-1.571   3.484    -6.282   0.06598  0.0172   0.0351   | -1.0491
-1.735   3.462    -6.218   0.06805  0.0215   0.03542  | -1.0491
iteration 4...
-1.734   3.463    -6.219   0.06804  0.02148  0.03542  | -1.0491
-1.734   3.343    -6.219   0.06804  0.02148  0.03542  | -1.0491
-1.734   3.343    -6.265   0.06804  0.02148  0.03542  | -1.0491
-1.734   3.343    -6.265   0.06804  0.02148  0.03542  | -1.0491
-1.734   3.343    -6.265   0.06804  0.02097  0.03542  | -1.0491
-1.734   3.343    -6.265   0.06804  0.02097  0.03809  | -1.0491
iteration 5...
-1.866   3.326    -6.213   0.0697   0.02444  0.03834  | -1.0491
-1.866   3.273    -6.213   0.0697   0.02444  0.03834  | -1.0491
-1.866   3.273    -6.213   0.0697   0.02444  0.03834  | -1.0491
-1.866   3.273    -6.213   0.06886  0.02444  0.03834  | -1.0491
-1.866   3.273    -6.213   0.06886  0.02557  0.03834  | -1.0491
-1.866   3.273    -6.213   0.06886  0.02557  0.03834  | -1.0491
iteration 6...
-1.902   3.268    -6.199   0.06931  0.02651  0.03841  | -1.0491
-1.902   3.294    -6.199   0.06931  0.02651  0.03841  | -1.0491
-1.902   3.294    -6.239   0.06931  0.02651  0.03841  | -1.0491
-1.902   3.294    -6.239   0.06809  0.02651  0.03841  | -1.0491
-1.902   3.294    -6.239   0.06809  0.02651  0.03841  | -1.0491
-1.902   3.294    -6.239   0.06809  0.02651  0.03841  | -1.0491
iteration 7...
-1.906   3.293    -6.238   0.06814  0.02661  0.03842  | -1.0491
-1.906   3.343    -6.238   0.06814  0.02661  0.03842  | -1.0491
-1.906   3.343    -6.291   0.06814  0.02661  0.03842  | -1.0491
-1.906   3.343    -6.291   0.06701  0.02661  0.03842  | -1.0491
-1.906   3.343    -6.291   0.06701  0.02661  0.03842  | -1.0491
-1.906   3.343    -6.291   0.06701  0.02661  0.03842  | -1.0491
iteration 8...
-1.906   3.343    -6.291   0.06701  0.02661  0.03842  | -1.0491
-1.906   3.401    -6.291   0.06701  0.02661  0.03842  | -1.0491
-1.906   3.401    -6.294   0.06701  0.02661  0.03842  | -1.0491
-1.906   3.401    -6.294   0.06701  0.02661  0.03842  | -1.0491
-1.906   3.401    -6.294   0.06701  0.02661  0.03842  | -1.0491
-1.906   3.401    -6.294   0.06701  0.02661  0.03842  | -1.0491
iteration 9...
-1.906   3.401    -6.294   0.06701  0.02661  0.03842  | -1.0491
-1.906   3.404    -6.294   0.06701  0.02661  0.03842  | -1.0491
-1.906   3.404    -6.299   0.06701  0.02661  0.03842  | -1.0491
-1.906   3.404    -6.299   0.06701  0.02661  0.03842  | -1.0491
-1.906   3.404    -6.299   0.06701  0.02661  0.03842  | -1.0491
-1.906   3.404    -6.299   0.06701  0.02661  0.03842  | -1.0491
Done    'Coregister: Estimate'
Done

CoReg Done in 53.185596 seconds

All done with coregistration.
>> >> 
No sandbox specified



Start   : Mon Jun  4 16:44:49 EDT 2018
Finish  : Mon Jun  4 16:46:29 EDT 2018


