
                            < M A T L A B (R) >
                  Copyright 1984-2017 The MathWorks, Inc.
                   R2017a (9.2.0.556344) 64-bit (glnxa64)
                               March 27, 2017

 
To get started, type one of these: helpwin, helpdesk, or demo.
For product information, visit www.mathworks.com.
 
>> >> >> >> Coregistation Script Created on 180604_20_21_33_882
>> >> >> >> >> >> [Warning: Name is nonexistent or not a directory:
/Users/rcwelsh/matlabScripts/WELLES/mfiles] 
[> In path (line 109)
  In addpath (line 86)] 
>> >> >> >> >> 
UMBatchJobName =

    'coregOverlay_180604_20_21_33_882_tehsheng_madcbrai'

>> 
UMBatchProcessName =

    'coregOverlay'

>> >> Initializing the job manager in SPM8

UMReSlice =

     0



Calling UMBatchCoReg with:
/nfs/fmri/Analysis/Sean_Working/Git_MADC/preprocess/../../../Subjects_oldResting/madc1425_scan1/func//run_01/utprun_01.nii
/nfs/fmri/Analysis/Subjects_oldResting/madc1425_scan1/func/coReg/t1mprage.nii
UMReSlice:0
Entering UMBatchCoReg V2.0 for SPM8
Coreging /nfs/fmri/Analysis/Subjects_oldResting/madc1425_scan1/func/coReg/t1mprage.nii to
         /nfs/fmri/Analysis/Sean_Working/Git_MADC/preprocess/../../../Subjects_oldResting/madc1425_scan1/func//run_01/utprun_01.nii


------------------------------------------------------------------------
Running job #1
------------------------------------------------------------------------
Running 'Coregister: Estimate'
iteration 1...
-2.693   0        0        0        0        0        | -1.0543
-2.693   2.815    0        0        0        0        | -1.055
-2.693   2.815    -2.071   0        0        0        | -1.0556
-2.693   2.815    -2.071   0.00352  0        0        | -1.0556
-2.693   2.815    -2.071   0.00352  0        0        | -1.0556
-2.693   2.815    -2.071   0.00352  0        -0.006256 | -1.0556
iteration 2...
-2.004   2.815    -2.071   0.00352  0        -0.006256 | -1.0556
-2.004   2.845    -2.071   0.00352  0        -0.006256 | -1.0556
-2.004   2.845    -2.257   0.00352  0        -0.006256 | -1.0556
-2.004   2.845    -2.257   0.00352  0        -0.006256 | -1.0556
-2.004   2.845    -2.257   0.00352  -0.01502 -0.006256 | -1.0557
-2.004   2.845    -2.257   0.00352  -0.01502 -0.008202 | -1.0557
iteration 3...
-2.051   2.845    -2.257   0.00352  -0.01502 -0.008202 | -1.0557
-2.051   2.866    -2.257   0.00352  -0.01502 -0.008202 | -1.0557
-2.051   2.866    -2.233   0.00352  -0.01502 -0.008202 | -1.0557
-2.051   2.866    -2.233   0.005026 -0.01502 -0.008202 | -1.0557
-2.051   2.866    -2.233   0.005026 -0.01433 -0.008202 | -1.0557
-2.051   2.866    -2.233   0.005026 -0.01433 -0.008202 | -1.0557
iteration 4...
-2.051   2.866    -2.233   0.005026 -0.01433 -0.008202 | -1.0557
-2.051   2.917    -2.233   0.005026 -0.01433 -0.008202 | -1.0557
-2.051   2.917    -2.267   0.005026 -0.01433 -0.008202 | -1.0557
-2.051   2.917    -2.267   0.00591  -0.01433 -0.008202 | -1.0557
-2.051   2.917    -2.267   0.00591  -0.01459 -0.008202 | -1.0557
-2.051   2.917    -2.267   0.00591  -0.01459 -0.007838 | -1.0557
-2.051   2.945    -2.286   0.006408 -0.01474 -0.007633 | -1.0557
iteration 5...
-2.035   2.945    -2.286   0.006408 -0.01474 -0.007633 | -1.0557
-2.035   2.923    -2.286   0.006408 -0.01474 -0.007633 | -1.0557
-2.035   2.923    -2.324   0.006408 -0.01474 -0.007633 | -1.0557
-2.035   2.926    -2.326   0.00645  -0.01475 -0.007616 | -1.0557
-2.035   2.926    -2.326   0.00645  -0.01505 -0.007616 | -1.0557
-2.035   2.926    -2.326   0.00645  -0.01505 -0.007616 | -1.0557
iteration 6...
-2.035   2.926    -2.326   0.00645  -0.01505 -0.007616 | -1.0557
-2.035   2.926    -2.326   0.00645  -0.01505 -0.007616 | -1.0557
-2.035   2.926    -2.319   0.00645  -0.01505 -0.007616 | -1.0557
-2.035   2.926    -2.319   0.00645  -0.01505 -0.007616 | -1.0557
-2.035   2.926    -2.319   0.00645  -0.01505 -0.007616 | -1.0557
-2.035   2.926    -2.319   0.00645  -0.01505 -0.007616 | -1.0557
iteration 1...
-2.044   2.926    -2.319   0.00645  -0.01505 -0.007616 | -1.0559
-2.044   2.812    -2.319   0.00645  -0.01505 -0.007616 | -1.0559
-2.044   2.812    -2.316   0.00645  -0.01505 -0.007616 | -1.0559
-2.044   2.812    -2.316   0.002593 -0.01505 -0.007616 | -1.0559
-2.044   2.812    -2.316   0.002593 -0.01505 -0.007616 | -1.0559
-2.044   2.812    -2.316   0.002593 -0.01505 -0.00688 | -1.0559
iteration 2...
-2.061   2.812    -2.316   0.002593 -0.01505 -0.00688 | -1.0559
-2.061   2.916    -2.316   0.002593 -0.01505 -0.00688 | -1.0559
-2.061   2.916    -2.294   0.002593 -0.01505 -0.00688 | -1.0559
-2.061   2.916    -2.294   0.001368 -0.01505 -0.00688 | -1.0559
-2.061   2.916    -2.294   0.001368 -0.01505 -0.00688 | -1.0559
-2.061   2.916    -2.294   0.001368 -0.01505 -0.00688 | -1.0559
iteration 3...
-2.061   2.916    -2.294   0.001368 -0.01505 -0.00688 | -1.0559
-2.061   2.942    -2.294   0.001368 -0.01505 -0.00688 | -1.0559
-2.061   2.942    -2.298   0.001368 -0.01505 -0.00688 | -1.0559
-2.061   2.942    -2.298   0.001368 -0.01505 -0.00688 | -1.0559
-2.061   2.942    -2.298   0.001368 -0.01505 -0.00688 | -1.0559
-2.061   2.942    -2.298   0.001368 -0.01505 -0.00688 | -1.0559
-2.061   2.962    -2.301   0.001368 -0.01505 -0.00688 | -1.0559
iteration 4...
-2.061   2.962    -2.301   0.001368 -0.01505 -0.00688 | -1.0559
-2.061   2.981    -2.305   0.001368 -0.01505 -0.00688 | -1.0559
-2.061   2.981    -2.307   0.001368 -0.01505 -0.00688 | -1.0559
-2.061   2.981    -2.307   0.0009887 -0.01505 -0.00688 | -1.0559
-2.061   2.981    -2.307   0.0009887 -0.01505 -0.00688 | -1.0559
-2.061   2.981    -2.307   0.0009887 -0.01505 -0.00688 | -1.0559
-2.061   3.001    -2.313   0.0006094 -0.01505 -0.00688 | -1.0559
iteration 5...
-2.041   3.001    -2.313   0.0006094 -0.01505 -0.00688 | -1.0559
-2.041   3.001    -2.313   0.0006094 -0.01505 -0.00688 | -1.0559
-2.041   3.001    -2.31    0.0006094 -0.01505 -0.00688 | -1.0559
-2.041   3.001    -2.31    0.0006094 -0.01505 -0.00688 | -1.0559
-2.041   3.001    -2.31    0.0006094 -0.01622 -0.00688 | -1.0559
-2.041   3.001    -2.31    0.0006094 -0.01622 -0.00688 | -1.0559
iteration 6...
-2.041   3.001    -2.31    0.0006094 -0.01622 -0.00688 | -1.0559
-2.041   3.001    -2.31    0.0006094 -0.01622 -0.00688 | -1.0559
-2.041   3.001    -2.31    0.0006094 -0.01622 -0.00688 | -1.0559
-2.041   3.001    -2.31    0.0007505 -0.01622 -0.00688 | -1.0559
-2.041   3.001    -2.31    0.0007505 -0.01596 -0.00688 | -1.0559
-2.041   3.001    -2.31    0.0007505 -0.01596 -0.00688 | -1.0559
Done    'Coregister: Estimate'
Done

CoReg Done in 33.097773 seconds

All done with coregistration.
>> >> 
No sandbox specified



Start   : Mon Jun  4 20:21:36 EDT 2018
Finish  : Mon Jun  4 20:22:52 EDT 2018


