
                            < M A T L A B (R) >
                  Copyright 1984-2017 The MathWorks, Inc.
                   R2017a (9.2.0.556344) 64-bit (glnxa64)
                               March 27, 2017

 
To get started, type one of these: helpwin, helpdesk, or demo.
For product information, visit www.mathworks.com.
 
>> >> >> >> Coregistation Script Created on 180604_18_58_10_819
>> >> >> >> >> >> [Warning: Name is nonexistent or not a directory:
/Users/rcwelsh/matlabScripts/WELLES/mfiles] 
[> In path (line 109)
  In addpath (line 86)] 
>> >> >> >> >> 
UMBatchJobName =

    'coregOverlay_180604_18_58_10_819_tehsheng_madcbrai'

>> 
UMBatchProcessName =

    'coregOverlay'

>> >> Initializing the job manager in SPM8

UMReSlice =

     0



Calling UMBatchCoReg with:
/nfs/fmri/Analysis/Sean_Working/Git_MADC/preprocess/../../../Subjects_oldResting/madc1384_scan1/func//run_01/utprun_01.nii
/nfs/fmri/Analysis/Subjects_oldResting/madc1384_scan1/func/coReg/t1mprage.nii
UMReSlice:0
Entering UMBatchCoReg V2.0 for SPM8
Coreging /nfs/fmri/Analysis/Subjects_oldResting/madc1384_scan1/func/coReg/t1mprage.nii to
         /nfs/fmri/Analysis/Sean_Working/Git_MADC/preprocess/../../../Subjects_oldResting/madc1384_scan1/func//run_01/utprun_01.nii


------------------------------------------------------------------------
Running job #1
------------------------------------------------------------------------
Running 'Coregister: Estimate'
iteration 1...
-1.426   0        0        0        0        0        | -1.0535
-1.426   3.162    0        0        0        0        | -1.0547
-1.426   3.162    0.2057   0        0        0        | -1.0548
-1.426   3.162    0.2057   -0.001099 0        0        | -1.0548
-1.426   3.162    0.2057   -0.001099 0.01049  0        | -1.0548
-1.426   3.162    0.2057   -0.001099 0.01049  -0.0008402 | -1.0548
iteration 2...
-1.456   3.162    0.2057   -0.001099 0.01049  -0.0008402 | -1.0548
-1.456   3.126    0.2057   -0.001099 0.01049  -0.0008402 | -1.0548
-1.456   3.126    0.05939  -0.001099 0.01049  -0.0008402 | -1.0548
-1.456   3.126    0.05939  -0.001865 0.01049  -0.0008402 | -1.0548
-1.456   3.126    0.05939  -0.001865 0.01049  -0.0008402 | -1.0548
-1.456   3.126    0.05939  -0.001865 0.01049  -0.0009269 | -1.0548
iteration 3...
-1.496   3.126    0.05939  -0.001865 0.01049  -0.0009269 | -1.0548
-1.496   3.129    0.05939  -0.001865 0.01049  -0.0009269 | -1.0548
-1.496   3.129    0.06502  -0.001865 0.01049  -0.0009269 | -1.0548
-1.496   3.129    0.06502  -0.001865 0.01049  -0.0009269 | -1.0548
-1.496   3.129    0.06502  -0.001865 0.01049  -0.0009269 | -1.0548
-1.496   3.129    0.06502  -0.001865 0.01049  -0.001268 | -1.0548
iteration 4...
-1.496   3.129    0.06502  -0.001865 0.01049  -0.001268 | -1.0548
-1.496   3.131    0.06502  -0.001865 0.01049  -0.001268 | -1.0548
-1.496   3.131    0.06502  -0.001865 0.01049  -0.001268 | -1.0548
-1.496   3.131    0.06502  -0.001865 0.01049  -0.001268 | -1.0548
-1.496   3.131    0.06502  -0.001865 0.009985 -0.001268 | -1.0548
-1.496   3.131    0.06502  -0.001865 0.009985 -0.001268 | -1.0548
iteration 1...
-1.417   3.131    0.06502  -0.001865 0.009985 -0.001268 | -1.0548
-1.417   3.183    0.06502  -0.001865 0.009985 -0.001268 | -1.0548
-1.417   3.183    0.315    -0.001865 0.009985 -0.001268 | -1.0548
-1.417   3.183    0.315    -0.001327 0.009985 -0.001268 | -1.0548
-1.417   3.183    0.315    -0.001327 0.01046  -0.001268 | -1.0548
-1.417   3.183    0.315    -0.001327 0.01046  -0.0007891 | -1.0548
iteration 2...
-1.391   3.183    0.315    -0.001327 0.01046  -0.0007891 | -1.0548
-1.391   3.195    0.315    -0.001327 0.01046  -0.0007891 | -1.0548
-1.391   3.195    0.2698   -0.001327 0.01046  -0.0007891 | -1.0548
-1.391   3.195    0.2698   -0.0008071 0.01046  -0.0007891 | -1.0548
-1.391   3.195    0.2698   -0.0008071 0.01085  -0.0007891 | -1.0548
-1.391   3.195    0.2698   -0.0008071 0.01085  -0.0004483 | -1.0548
-1.374   3.203    0.2396   -0.0004608 0.01111  -0.0002211 | -1.0548
iteration 3...
-1.374   3.203    0.2396   -0.0004608 0.01111  -0.0002211 | -1.0548
-1.374   3.197    0.2396   -0.0004608 0.01111  -0.0002211 | -1.0548
-1.374   3.197    0.1958   -0.0004608 0.01111  -0.0002211 | -1.0548
-1.374   3.197    0.1958   -0.0004608 0.01111  -0.0002211 | -1.0548
-1.374   3.197    0.1958   -0.0004608 0.0111   -0.0002211 | -1.0548
-1.374   3.197    0.1958   -0.0004608 0.0111   -0.0002211 | -1.0548
iteration 4...
-1.374   3.197    0.1958   -0.0004608 0.0111   -0.0002211 | -1.0548
-1.374   3.197    0.1958   -0.0004608 0.0111   -0.0002211 | -1.0548
-1.374   3.197    0.1964   -0.0004608 0.0111   -0.0002211 | -1.0548
-1.374   3.197    0.1964   -0.0004608 0.0111   -0.0002211 | -1.0548
-1.374   3.197    0.1964   -0.0004608 0.01144  -0.0002211 | -1.0548
-1.375   3.196    0.1977   -0.0004758 0.01143  -0.000231 | -1.0548
Done    'Coregister: Estimate'
Done

CoReg Done in 27.560988 seconds

All done with coregistration.
>> >> 
No sandbox specified



Start   : Mon Jun  4 18:58:12 EDT 2018
Finish  : Mon Jun  4 18:59:19 EDT 2018


