
                            < M A T L A B (R) >
                  Copyright 1984-2017 The MathWorks, Inc.
                   R2017a (9.2.0.556344) 64-bit (glnxa64)
                               March 27, 2017

 
To get started, type one of these: helpwin, helpdesk, or demo.
For product information, visit www.mathworks.com.
 
>> >> >> >> Coregistation Script Created on 180604_23_29_06_250
>> >> >> >> >> >> [Warning: Name is nonexistent or not a directory:
/Users/rcwelsh/matlabScripts/WELLES/mfiles] 
[> In path (line 109)
  In addpath (line 86)] 
>> >> >> >> >> 
UMBatchJobName =

    'coregOverlay_180604_23_29_06_250_tehsheng_madcbrai'

>> 
UMBatchProcessName =

    'coregOverlay'

>> >> Initializing the job manager in SPM8

UMReSlice =

     0



Calling UMBatchCoReg with:
/nfs/fmri/Analysis/Sean_Working/Git_MADC/preprocess/../../../Subjects_oldResting/madc1263_scan1/func//run_01/utprun_01.nii
/nfs/fmri/Analysis/Subjects_oldResting/madc1263_scan1/func/coReg/t1mprage.nii
UMReSlice:0
Entering UMBatchCoReg V2.0 for SPM8
Coreging /nfs/fmri/Analysis/Subjects_oldResting/madc1263_scan1/func/coReg/t1mprage.nii to
         /nfs/fmri/Analysis/Sean_Working/Git_MADC/preprocess/../../../Subjects_oldResting/madc1263_scan1/func//run_01/utprun_01.nii


------------------------------------------------------------------------
Running job #1
------------------------------------------------------------------------
Running 'Coregister: Estimate'
iteration 1...
-1.739   0        0        0        0        0        | -1.0527
-1.739   1.047    0        0        0        0        | -1.0529
-1.739   1.047    0.3043   0        0        0        | -1.0529
-1.739   1.047    0.3043   0.004828 0        0        | -1.0529
-1.739   1.047    0.3043   0.004828 0.0009908 0        | -1.0529
-1.739   1.047    0.3043   0.004828 0.0009908 0.005101 | -1.0529
iteration 2...
-1.623   1.047    0.3043   0.004828 0.0009908 0.005101 | -1.0529
-1.623   1.153    0.3043   0.004828 0.0009908 0.005101 | -1.0529
-1.623   1.153    -0.5724  0.004828 0.0009908 0.005101 | -1.053
-1.623   1.153    -0.5724  0.01411  0.0009908 0.005101 | -1.053
-1.623   1.153    -0.5724  0.01411  -0.00239 0.005101 | -1.053
-1.623   1.153    -0.5724  0.01411  -0.00239 0.005101 | -1.053
iteration 3...
-1.617   1.153    -0.5724  0.01411  -0.00239 0.005101 | -1.053
-1.617   1.219    -0.5724  0.01411  -0.00239 0.005101 | -1.053
-1.617   1.219    -0.5907  0.01411  -0.00239 0.005101 | -1.053
-1.617   1.219    -0.5907  0.01411  -0.00239 0.005101 | -1.053
-1.617   1.219    -0.5907  0.01411  -0.003086 0.005101 | -1.053
-1.617   1.219    -0.5907  0.01411  -0.003086 0.007312 | -1.053
-1.605   1.354    -0.628   0.01411  -0.004498 0.0118   | -1.053
iteration 4...
-1.832   1.354    -0.628   0.01411  -0.004498 0.0118   | -1.053
-1.832   1.354    -0.628   0.01411  -0.004498 0.0118   | -1.053
-1.832   1.354    -0.6898  0.01411  -0.004498 0.0118   | -1.053
-1.832   1.354    -0.6898  0.01548  -0.004498 0.0118   | -1.053
-1.832   1.354    -0.6898  0.01548  -0.004498 0.0118   | -1.053
-1.832   1.354    -0.6898  0.01548  -0.004498 0.009483 | -1.053
iteration 5...
-1.805   1.354    -0.6898  0.01548  -0.004498 0.009483 | -1.053
-1.805   1.354    -0.6898  0.01548  -0.004498 0.009483 | -1.053
-1.805   1.354    -0.6828  0.01548  -0.004498 0.009483 | -1.053
-1.805   1.354    -0.6828  0.01548  -0.004498 0.009483 | -1.053
-1.805   1.354    -0.6828  0.01548  -0.005983 0.009483 | -1.053
-1.805   1.354    -0.6828  0.01548  -0.005983 0.008768 | -1.053
iteration 6...
-1.797   1.354    -0.6828  0.01548  -0.005983 0.008768 | -1.053
-1.797   1.363    -0.685   0.01548  -0.006068 0.009037 | -1.053
-1.797   1.363    -0.7013  0.01548  -0.006068 0.009037 | -1.053
-1.797   1.363    -0.7013  0.01451  -0.006068 0.009037 | -1.053
-1.797   1.363    -0.7013  0.01451  -0.006361 0.009037 | -1.053
-1.797   1.363    -0.7013  0.01451  -0.006361 0.009037 | -1.053
iteration 7...
-1.797   1.363    -0.7013  0.01451  -0.006361 0.009037 | -1.053
-1.796   1.365    -0.702   0.01451  -0.00639 0.009128 | -1.053
-1.796   1.365    -0.7086  0.01451  -0.00639 0.009128 | -1.053
-1.796   1.365    -0.7086  0.01451  -0.00639 0.009128 | -1.053
-1.796   1.365    -0.7086  0.01451  -0.00639 0.009128 | -1.053
-1.796   1.365    -0.7086  0.01451  -0.00639 0.009128 | -1.053
iteration 1...
-1.51    1.365    -0.7086  0.01451  -0.00639 0.009128 | -1.053
-1.51    1.471    -0.7086  0.01451  -0.00639 0.009128 | -1.053
-1.51    1.471    -0.7938  0.01451  -0.00639 0.009128 | -1.053
-1.51    1.471    -0.7938  0.004904 -0.00639 0.009128 | -1.053
-1.51    1.471    -0.7938  0.004904 -0.008802 0.009128 | -1.053
-1.51    1.471    -0.7938  0.004904 -0.008802 0.01371  | -1.0531
iteration 2...
-1.515   1.471    -0.7938  0.004904 -0.008802 0.01371  | -1.0531
-1.515   1.672    -0.7938  0.004904 -0.008802 0.01371  | -1.0531
-1.515   1.672    -0.7735  0.004904 -0.008802 0.01371  | -1.0531
-1.515   1.672    -0.7735  0.00258  -0.008802 0.01371  | -1.0531
-1.515   1.672    -0.7735  0.00258  -0.01074 0.01371  | -1.0531
-1.515   1.672    -0.7735  0.00258  -0.01074 0.01469  | -1.0531
iteration 3...
-1.515   1.672    -0.7735  0.00258  -0.01074 0.01469  | -1.0531
-1.515   1.746    -0.7735  0.00258  -0.01074 0.01469  | -1.0531
-1.515   1.746    -0.6676  0.00258  -0.01074 0.01469  | -1.0531
-1.515   1.746    -0.6676  -0.0001708 -0.01074 0.01469  | -1.0531
-1.515   1.746    -0.6676  -0.0001708 -0.01074 0.01469  | -1.0531
-1.515   1.746    -0.6676  -0.0001708 -0.01074 0.01469  | -1.0531
-1.515   1.826    -0.5534  -0.003138 -0.01074 0.01469  | -1.0531
iteration 4...
-1.461   1.826    -0.5534  -0.003138 -0.01074 0.01469  | -1.0531
-1.461   1.844    -0.5534  -0.003138 -0.01074 0.01469  | -1.0531
-1.461   1.844    -0.5524  -0.003138 -0.01074 0.01469  | -1.0531
-1.461   1.835    -0.5653  -0.002803 -0.01074 0.01469  | -1.0531
-1.461   1.835    -0.5653  -0.002803 -0.01135 0.01469  | -1.0531
-1.461   1.835    -0.5653  -0.002803 -0.01135 0.01469  | -1.0531
iteration 5...
-1.461   1.835    -0.5653  -0.002803 -0.01135 0.01469  | -1.0531
-1.461   1.835    -0.5653  -0.002803 -0.01135 0.01469  | -1.0531
-1.461   1.835    -0.5625  -0.002803 -0.01135 0.01469  | -1.0531
-1.461   1.835    -0.5625  -0.002803 -0.01135 0.01469  | -1.0531
-1.461   1.835    -0.5625  -0.002803 -0.01122 0.01469  | -1.0531
-1.461   1.835    -0.5625  -0.002803 -0.01122 0.01469  | -1.0531
Done    'Coregister: Estimate'
Done

CoReg Done in 42.113776 seconds

All done with coregistration.
>> >> 
No sandbox specified



Start   : Mon Jun  4 23:29:08 EDT 2018
Finish  : Mon Jun  4 23:30:42 EDT 2018


