
                            < M A T L A B (R) >
                  Copyright 1984-2017 The MathWorks, Inc.
                   R2017a (9.2.0.556344) 64-bit (glnxa64)
                               March 27, 2017

 
To get started, type one of these: helpwin, helpdesk, or demo.
For product information, visit www.mathworks.com.
 
>> >> >> >> Coregistation Script Created on 180604_19_40_44_424
>> >> >> >> >> >> [Warning: Name is nonexistent or not a directory:
/Users/rcwelsh/matlabScripts/WELLES/mfiles] 
[> In path (line 109)
  In addpath (line 86)] 
>> >> >> >> >> 
UMBatchJobName =

    'coregOverlay_180604_19_40_44_424_tehsheng_madcbrai'

>> 
UMBatchProcessName =

    'coregOverlay'

>> >> Initializing the job manager in SPM8

UMReSlice =

     0



Calling UMBatchCoReg with:
/nfs/fmri/Analysis/Sean_Working/Git_MADC/preprocess/../../../Subjects_oldResting/madc1461_scan1/func//run_01/utprun_01.nii
/nfs/fmri/Analysis/Subjects_oldResting/madc1461_scan1/func/coReg/t1mprage.nii
UMReSlice:0
Entering UMBatchCoReg V2.0 for SPM8
Coreging /nfs/fmri/Analysis/Subjects_oldResting/madc1461_scan1/func/coReg/t1mprage.nii to
         /nfs/fmri/Analysis/Sean_Working/Git_MADC/preprocess/../../../Subjects_oldResting/madc1461_scan1/func//run_01/utprun_01.nii


------------------------------------------------------------------------
Running job #1
------------------------------------------------------------------------
Running 'Coregister: Estimate'
iteration 1...
-2.308   0        0        0        0        0        | -1.0418
-2.308   0.1736   0        0        0        0        | -1.0418
-2.308   0.1736   5.05     0        0        0        | -1.0425
-2.308   0.1736   5.05     -0.03808 0        0        | -1.0426
-2.308   0.1736   5.05     -0.03808 0.03809  0        | -1.0427
-2.308   0.1736   5.05     -0.03808 0.03809  0.01727  | -1.0427
iteration 2...
-2.354   0.1736   5.05     -0.03808 0.03809  0.01727  | -1.0427
-2.354   -1.522   5.05     -0.03808 0.03809  0.01727  | -1.0428
-2.354   -1.522   5.643    -0.03808 0.03809  0.01727  | -1.0428
-2.354   -1.522   5.643    -0.01555 0.03809  0.01727  | -1.0429
-2.354   -1.522   5.643    -0.01555 0.03589  0.01727  | -1.0429
-2.354   -1.522   5.643    -0.01555 0.03589  0.01727  | -1.0429
iteration 3...
-2.127   -1.522   5.643    -0.01555 0.03589  0.01727  | -1.0429
-2.127   -1.292   5.643    -0.01555 0.03589  0.01727  | -1.0429
-2.127   -1.292   5.898    -0.01555 0.03589  0.01727  | -1.0429
-2.127   -1.292   5.898    -0.01555 0.03589  0.01727  | -1.0429
-2.127   -1.292   5.898    -0.01555 0.03339  0.01727  | -1.0429
-2.127   -1.292   5.898    -0.01555 0.03339  0.01505  | -1.043
iteration 4...
-2.079   -1.292   5.898    -0.01555 0.03339  0.01505  | -1.043
-2.079   -1.29    5.898    -0.01555 0.03339  0.01505  | -1.043
-2.079   -1.29    5.938    -0.01555 0.03339  0.01505  | -1.043
-2.079   -1.29    5.938    -0.01555 0.03339  0.01505  | -1.043
-2.079   -1.29    5.938    -0.01555 0.0329   0.01505  | -1.043
-2.079   -1.29    5.938    -0.01555 0.0329   0.01505  | -1.043
iteration 5...
-2.079   -1.29    5.938    -0.01555 0.0329   0.01505  | -1.043
-2.079   -1.29    5.938    -0.01555 0.0329   0.01505  | -1.043
-2.079   -1.29    5.936    -0.01555 0.0329   0.01505  | -1.043
-2.079   -1.29    5.936    -0.01582 0.0329   0.01505  | -1.043
-2.079   -1.29    5.936    -0.01582 0.03286  0.01505  | -1.043
-2.079   -1.29    5.936    -0.01582 0.03286  0.01505  | -1.043
iteration 1...
-2.039   -1.29    5.936    -0.01582 0.03286  0.01505  | -1.0424
-2.039   -1.671   5.936    -0.01582 0.03286  0.01505  | -1.0424
-2.039   -1.671   5.653    -0.01582 0.03286  0.01505  | -1.0425
-2.039   -1.671   5.653    -0.06513 0.03286  0.01505  | -1.0426
-2.039   -1.671   5.653    -0.06513 0.02755  0.01505  | -1.0426
-2.039   -1.671   5.653    -0.06513 0.02755  0.001248 | -1.0426
iteration 2...
-2.042   -1.671   5.653    -0.06513 0.02755  0.001248 | -1.0426
-2.042   -1.944   5.653    -0.06513 0.02755  0.001248 | -1.0426
-2.042   -1.944   5.451    -0.06513 0.02755  0.001248 | -1.0426
-2.042   -1.944   5.451    -0.06839 0.02755  0.001248 | -1.0426
-2.042   -1.944   5.451    -0.06839 0.01989  0.001248 | -1.0426
-2.042   -1.944   5.451    -0.06839 0.01989  0.001248 | -1.0426
iteration 3...
-1.814   -1.944   5.451    -0.06839 0.01989  0.001248 | -1.0426
-1.814   -2.01    5.451    -0.06839 0.01989  0.001248 | -1.0426
-1.814   -2.01    5.425    -0.06839 0.01989  0.001248 | -1.0426
-1.814   -2.01    5.425    -0.07242 0.01989  0.001248 | -1.0426
-1.814   -2.01    5.425    -0.07242 0.004658 0.001248 | -1.0426
-1.814   -2.01    5.425    -0.07242 0.004658 -0.003234 | -1.0426
iteration 4...
-1.767   -2.01    5.425    -0.07242 0.004658 -0.003234 | -1.0426
-1.767   -2.039   5.425    -0.07242 0.004658 -0.003234 | -1.0426
-1.767   -2.039   5.307    -0.07242 0.004658 -0.003234 | -1.0426
-1.767   -2.039   5.307    -0.07242 0.004658 -0.003234 | -1.0426
-1.767   -2.039   5.307    -0.07242 0.004658 -0.003234 | -1.0426
-1.767   -2.039   5.307    -0.07242 0.004658 -0.003188 | -1.0426
iteration 5...
-1.767   -2.039   5.307    -0.07242 0.004658 -0.003188 | -1.0426
-1.767   -2.063   5.307    -0.07242 0.004658 -0.003188 | -1.0426
-1.767   -2.063   5.307    -0.07242 0.004658 -0.003188 | -1.0426
-1.767   -2.063   5.307    -0.07351 0.004658 -0.003188 | -1.0426
-1.767   -2.063   5.307    -0.07351 0.004658 -0.003188 | -1.0426
-1.767   -2.063   5.307    -0.07351 0.004658 -0.003188 | -1.0426
iteration 6...
-1.767   -2.063   5.307    -0.07351 0.004658 -0.003188 | -1.0426
-1.767   -2.063   5.307    -0.07351 0.004658 -0.003188 | -1.0426
-1.767   -2.063   5.324    -0.07351 0.004658 -0.003188 | -1.0426
-1.767   -2.063   5.324    -0.0741  0.004658 -0.003188 | -1.0426
-1.767   -2.063   5.324    -0.0741  0.004658 -0.003188 | -1.0426
-1.767   -2.063   5.324    -0.0741  0.004658 -0.003188 | -1.0426
iteration 7...
-1.767   -2.063   5.324    -0.0741  0.004658 -0.003188 | -1.0426
-1.767   -2.044   5.324    -0.0741  0.004658 -0.003188 | -1.0426
-1.767   -2.044   5.327    -0.0741  0.004658 -0.003188 | -1.0426
-1.767   -2.044   5.327    -0.0741  0.004658 -0.003188 | -1.0426
-1.767   -2.044   5.327    -0.0741  0.004658 -0.003188 | -1.0426
-1.767   -2.044   5.327    -0.0741  0.004658 -0.003188 | -1.0426
Done    'Coregister: Estimate'
Done

CoReg Done in 45.156955 seconds

All done with coregistration.
>> >> 
No sandbox specified



Start   : Mon Jun  4 19:40:47 EDT 2018
Finish  : Mon Jun  4 19:42:11 EDT 2018


