
                            < M A T L A B (R) >
                  Copyright 1984-2017 The MathWorks, Inc.
                   R2017a (9.2.0.556344) 64-bit (glnxa64)
                               March 27, 2017

 
To get started, type one of these: helpwin, helpdesk, or demo.
For product information, visit www.mathworks.com.
 
>> >> >> >> Coregistation Script Created on 180604_23_20_12_313
>> >> >> >> >> >> [Warning: Name is nonexistent or not a directory:
/Users/rcwelsh/matlabScripts/WELLES/mfiles] 
[> In path (line 109)
  In addpath (line 86)] 
>> >> >> >> >> 
UMBatchJobName =

    'coregOverlay_180604_23_20_12_313_tehsheng_madcbrai'

>> 
UMBatchProcessName =

    'coregOverlay'

>> >> Initializing the job manager in SPM8

UMReSlice =

     0



Calling UMBatchCoReg with:
/nfs/fmri/Analysis/Sean_Working/Git_MADC/preprocess/../../../Subjects_oldResting/madc1403_scan1/func//run_01/utprun_01.nii
/nfs/fmri/Analysis/Subjects_oldResting/madc1403_scan1/func/coReg/t1mprage.nii
UMReSlice:0
Entering UMBatchCoReg V2.0 for SPM8
Coreging /nfs/fmri/Analysis/Subjects_oldResting/madc1403_scan1/func/coReg/t1mprage.nii to
         /nfs/fmri/Analysis/Sean_Working/Git_MADC/preprocess/../../../Subjects_oldResting/madc1403_scan1/func//run_01/utprun_01.nii


------------------------------------------------------------------------
Running job #1
------------------------------------------------------------------------
Running 'Coregister: Estimate'
iteration 1...
-1.884   0        0        0        0        0        | -1.0527
-1.884   0.4764   0        0        0        0        | -1.0527
-1.884   0.4764   -1.023   0        0        0        | -1.0528
-1.884   0.4764   -1.023   0.003585 0        0        | -1.0528
-1.884   0.4764   -1.023   0.003585 -0.002609 0        | -1.0529
-1.884   0.4764   -1.023   0.003585 -0.002609 -0.01002 | -1.0529
iteration 2...
-1.435   0.4764   -1.023   0.003585 -0.002609 -0.01002 | -1.0529
-1.435   0.913    -1.023   0.003585 -0.002609 -0.01002 | -1.0529
-1.435   0.913    -1.174   0.003585 -0.002609 -0.01002 | -1.0529
-1.435   0.913    -1.174   0.0005382 -0.002609 -0.01002 | -1.0529
-1.435   0.913    -1.174   0.0005382 0.006988 -0.01002 | -1.0529
-1.435   0.913    -1.174   0.0005382 0.006988 -0.01219 | -1.0529
iteration 3...
-1.363   0.913    -1.174   0.0005382 0.006988 -0.01219 | -1.0529
-1.363   1.048    -1.174   0.0005382 0.006988 -0.01219 | -1.0529
-1.363   1.048    -1.271   0.0005382 0.006988 -0.01219 | -1.0529
-1.363   1.048    -1.271   -0.001987 0.006988 -0.01219 | -1.0529
-1.363   1.048    -1.271   -0.001987 0.006988 -0.01219 | -1.0529
-1.363   1.048    -1.271   -0.001987 0.006988 -0.01398 | -1.0529
-1.32    1.13     -1.33    -0.003528 0.006988 -0.01508 | -1.053
iteration 4...
-1.367   1.13     -1.33    -0.003528 0.006988 -0.01508 | -1.053
-1.367   1.235    -1.33    -0.003528 0.006988 -0.01508 | -1.053
-1.367   1.235    -1.331   -0.003528 0.006988 -0.01508 | -1.053
-1.323   1.318    -1.391   -0.005069 0.006988 -0.01617 | -1.053
-1.323   1.318    -1.391   -0.005069 0.005822 -0.01617 | -1.053
-1.323   1.318    -1.391   -0.005069 0.005822 -0.01617 | -1.053
iteration 5...
-1.353   1.318    -1.391   -0.005069 0.005822 -0.01617 | -1.053
-1.353   1.318    -1.391   -0.005069 0.005822 -0.01617 | -1.053
-1.353   1.318    -1.381   -0.005069 0.005822 -0.01617 | -1.053
-1.353   1.318    -1.381   -0.005069 0.005822 -0.01617 | -1.053
-1.353   1.318    -1.381   -0.005069 0.005822 -0.01617 | -1.053
-1.353   1.318    -1.381   -0.005069 0.005822 -0.01679 | -1.053
-1.396   1.318    -1.366   -0.005069 0.005822 -0.01768 | -1.053
iteration 6...
-1.396   1.318    -1.366   -0.005069 0.005822 -0.01768 | -1.053
-1.396   1.29     -1.366   -0.005069 0.005822 -0.01768 | -1.053
-1.396   1.29     -1.379   -0.005069 0.005822 -0.01768 | -1.053
-1.396   1.29     -1.379   -0.005069 0.005822 -0.01768 | -1.053
-1.396   1.29     -1.379   -0.005069 0.005822 -0.01768 | -1.053
-1.396   1.29     -1.379   -0.005069 0.005822 -0.01768 | -1.053
iteration 7...
-1.396   1.29     -1.379   -0.005069 0.005822 -0.01768 | -1.053
-1.396   1.29     -1.379   -0.005069 0.005822 -0.01768 | -1.053
-1.396   1.29     -1.38    -0.005069 0.005822 -0.01768 | -1.053
-1.396   1.29     -1.38    -0.005069 0.005822 -0.01768 | -1.053
-1.396   1.29     -1.38    -0.005069 0.005822 -0.01768 | -1.053
-1.396   1.29     -1.38    -0.005069 0.005822 -0.01768 | -1.053
iteration 1...
-1.809   1.29     -1.38    -0.005069 0.005822 -0.01768 | -1.0534
-1.809   1.42     -1.38    -0.005069 0.005822 -0.01768 | -1.0534
-1.809   1.42     -1.921   -0.005069 0.005822 -0.01768 | -1.0534
-1.809   1.42     -1.921   -0.006423 0.005822 -0.01768 | -1.0534
-1.809   1.42     -1.921   -0.006423 0.005822 -0.01768 | -1.0534
-1.809   1.42     -1.921   -0.006423 0.005822 -0.006729 | -1.0534
iteration 2...
-1.894   1.42     -1.921   -0.006423 0.005822 -0.006729 | -1.0534
-1.894   1.616    -1.921   -0.006423 0.005822 -0.006729 | -1.0534
-1.894   1.616    -1.995   -0.006423 0.005822 -0.006729 | -1.0534
-1.894   1.616    -1.995   -0.008507 0.005822 -0.006729 | -1.0534
-1.894   1.616    -1.995   -0.008507 0.002737 -0.006729 | -1.0535
-1.894   1.616    -1.995   -0.008507 0.002737 -0.005726 | -1.0535
iteration 3...
-1.849   1.616    -1.995   -0.008507 0.002737 -0.005726 | -1.0535
-1.849   1.648    -1.995   -0.008507 0.002737 -0.005726 | -1.0535
-1.849   1.648    -2.044   -0.008507 0.002737 -0.005726 | -1.0535
-1.849   1.648    -2.044   -0.009167 0.002737 -0.005726 | -1.0535
-1.849   1.648    -2.044   -0.009167 0.002737 -0.005726 | -1.0535
-1.849   1.648    -2.044   -0.009167 0.002737 -0.005418 | -1.0535
iteration 4...
-1.859   1.648    -2.044   -0.009167 0.002737 -0.005418 | -1.0535
-1.859   1.684    -2.044   -0.009167 0.002737 -0.005418 | -1.0535
-1.859   1.684    -2.074   -0.009167 0.002737 -0.005418 | -1.0535
-1.859   1.684    -2.074   -0.009167 0.002737 -0.005418 | -1.0535
-1.859   1.684    -2.074   -0.009167 0.002674 -0.005418 | -1.0535
-1.859   1.684    -2.074   -0.009167 0.002674 -0.005418 | -1.0535
iteration 5...
-1.859   1.684    -2.074   -0.009167 0.002674 -0.005418 | -1.0535
-1.859   1.722    -2.074   -0.009167 0.002674 -0.005418 | -1.0535
-1.859   1.722    -2.079   -0.009167 0.002674 -0.005418 | -1.0535
-1.859   1.722    -2.079   -0.009868 0.002674 -0.005418 | -1.0535
-1.859   1.722    -2.079   -0.009868 0.00262  -0.005418 | -1.0535
-1.859   1.722    -2.079   -0.009868 0.00262  -0.005418 | -1.0535
iteration 6...
-1.859   1.722    -2.079   -0.009868 0.00262  -0.005418 | -1.0535
-1.859   1.722    -2.079   -0.009868 0.00262  -0.005418 | -1.0535
-1.859   1.722    -2.079   -0.009868 0.00262  -0.005418 | -1.0535
-1.859   1.722    -2.079   -0.009888 0.00262  -0.005418 | -1.0535
-1.859   1.722    -2.079   -0.009888 0.00262  -0.005418 | -1.0535
-1.859   1.722    -2.079   -0.009888 0.00262  -0.005418 | -1.0535
Done    'Coregister: Estimate'
Done

CoReg Done in 37.760344 seconds

All done with coregistration.
>> >> 
No sandbox specified



Start   : Mon Jun  4 23:20:14 EDT 2018
Finish  : Mon Jun  4 23:21:31 EDT 2018


