
                            < M A T L A B (R) >
                  Copyright 1984-2017 The MathWorks, Inc.
                   R2017a (9.2.0.556344) 64-bit (glnxa64)
                               March 27, 2017

 
To get started, type one of these: helpwin, helpdesk, or demo.
For product information, visit www.mathworks.com.
 
>> >> >> >> Coregistation Script Created on 180604_18_39_36_460
>> >> >> >> >> >> [Warning: Name is nonexistent or not a directory:
/Users/rcwelsh/matlabScripts/WELLES/mfiles] 
[> In path (line 109)
  In addpath (line 86)] 
>> >> >> >> >> 
UMBatchJobName =

    'coregOverlay_180604_18_39_36_460_tehsheng_madcbrai'

>> 
UMBatchProcessName =

    'coregOverlay'

>> >> Initializing the job manager in SPM8

UMReSlice =

     0



Calling UMBatchCoReg with:
/nfs/fmri/Analysis/Sean_Working/Git_MADC/preprocess/../../../Subjects_oldResting/madc1174_scan1/func//run_01/utprun_01.nii
/nfs/fmri/Analysis/Subjects_oldResting/madc1174_scan1/func/coReg/t1mprage.nii
UMReSlice:0
Entering UMBatchCoReg V2.0 for SPM8
Coreging /nfs/fmri/Analysis/Subjects_oldResting/madc1174_scan1/func/coReg/t1mprage.nii to
         /nfs/fmri/Analysis/Sean_Working/Git_MADC/preprocess/../../../Subjects_oldResting/madc1174_scan1/func//run_01/utprun_01.nii


------------------------------------------------------------------------
Running job #1
------------------------------------------------------------------------
Running 'Coregister: Estimate'
iteration 1...
-4.038   0        0        0        0        0        | -1.0473
-4.038   2.094    0        0        0        0        | -1.0474
-4.038   2.094    -0.852   0        0        0        | -1.0475
-4.038   2.094    -0.852   -0.007669 0        0        | -1.0475
-4.038   2.094    -0.852   -0.007669 0.002439 0        | -1.0475
-4.038   2.094    -0.852   -0.007669 0.002439 -0.04025 | -1.0476
iteration 2...
-4.059   2.094    -0.852   -0.007669 0.002439 -0.04025 | -1.0476
-4.059   1.449    -0.852   -0.007669 0.002439 -0.04025 | -1.0476
-4.059   1.449    -1.145   -0.007669 0.002439 -0.04025 | -1.0476
-4.059   1.449    -1.145   0.0004412 0.002439 -0.04025 | -1.0476
-4.059   1.449    -1.145   0.0004412 0.006943 -0.04025 | -1.0476
-4.059   1.449    -1.145   0.0004412 0.006943 -0.04157 | -1.0476
iteration 3...
-4.066   1.449    -1.145   0.0004412 0.006943 -0.04157 | -1.0476
-4.066   1.352    -1.145   0.0004412 0.006943 -0.04157 | -1.0476
-4.066   1.352    -1.088   0.0004412 0.006943 -0.04157 | -1.0476
-4.066   1.352    -1.088   0.0008651 0.006943 -0.04157 | -1.0476
-4.066   1.352    -1.088   0.0008651 0.006671 -0.04157 | -1.0476
-4.066   1.352    -1.088   0.0008651 0.006671 -0.04096 | -1.0476
iteration 4...
-4.054   1.352    -1.088   0.0008651 0.006671 -0.04096 | -1.0476
-4.054   1.321    -1.088   0.0008651 0.006671 -0.04096 | -1.0476
-4.054   1.321    -1.082   0.0008651 0.006671 -0.04096 | -1.0476
-4.054   1.321    -1.082   0.0008651 0.006671 -0.04096 | -1.0476
-4.054   1.321    -1.082   0.0008651 0.006671 -0.04096 | -1.0476
-4.054   1.321    -1.082   0.0008651 0.006671 -0.0387  | -1.0476
-3.987   1.161    -1.052   0.0008651 0.006671 -0.02686 | -1.0477
iteration 5...
-3.987   1.161    -1.052   0.0008651 0.006671 -0.02686 | -1.0477
-3.987   1.028    -1.052   0.0008651 0.006671 -0.02686 | -1.0477
-3.987   1.028    -1.052   0.0008651 0.006671 -0.02686 | -1.0477
-3.987   1.028    -1.052   0.00266  0.006671 -0.02686 | -1.0477
-3.987   1.028    -1.052   0.00266  0.01244  -0.02686 | -1.0477
-3.987   1.028    -1.052   0.00266  0.01244  -0.02677 | -1.0477
iteration 6...
-3.987   1.028    -1.052   0.00266  0.01244  -0.02677 | -1.0477
-3.987   0.9457   -1.052   0.00266  0.01244  -0.02677 | -1.0477
-3.987   0.9457   -1.368   0.00266  0.01244  -0.02677 | -1.0477
-3.987   0.9457   -1.368   0.0009038 0.01244  -0.02677 | -1.0477
-3.987   0.9457   -1.368   0.0009038 0.01244  -0.02677 | -1.0477
-3.987   0.9457   -1.368   0.0009038 0.01244  -0.02677 | -1.0477
iteration 7...
-3.987   0.9447   -1.368   0.0009038 0.01244  -0.02669 | -1.0477
-3.987   1.027    -1.368   0.0009038 0.01244  -0.02669 | -1.0477
-3.987   1.027    -1.444   0.0009038 0.01244  -0.02669 | -1.0477
-3.987   1.027    -1.444   0.0003726 0.01244  -0.02669 | -1.0477
-3.987   1.027    -1.444   0.0003726 0.01244  -0.02669 | -1.0477
-3.987   1.027    -1.444   0.0003726 0.01244  -0.02655 | -1.0477
iteration 8...
-3.987   1.027    -1.444   0.0003726 0.01244  -0.02655 | -1.0477
-3.987   1.052    -1.444   0.0003726 0.01244  -0.02655 | -1.0477
-3.987   1.052    -1.479   0.0003726 0.01244  -0.02655 | -1.0477
-3.987   1.052    -1.479   0.0003726 0.01244  -0.02655 | -1.0477
-3.987   1.052    -1.479   0.0003726 0.01244  -0.02655 | -1.0477
-3.987   1.052    -1.479   0.0003726 0.01244  -0.02655 | -1.0477
iteration 9...
-3.987   1.052    -1.479   0.0003726 0.01244  -0.02655 | -1.0477
-3.987   1.052    -1.479   0.0003726 0.01244  -0.02655 | -1.0477
-3.987   1.052    -1.479   0.0003726 0.01244  -0.02655 | -1.0477
-3.987   1.052    -1.479   0.0003726 0.01244  -0.02655 | -1.0477
-3.987   1.052    -1.479   0.0003726 0.01244  -0.02655 | -1.0477
-3.987   1.052    -1.479   0.0003726 0.01244  -0.02655 | -1.0477
iteration 1...
-4.23    1.052    -1.479   0.0003726 0.01244  -0.02655 | -1.0475
-4.23    1.864    -1.479   0.0003726 0.01244  -0.02655 | -1.0475
-4.23    1.864    -1.395   0.0003726 0.01244  -0.02655 | -1.0475
-4.23    1.864    -1.395   -0.003015 0.01244  -0.02655 | -1.0475
-4.23    1.864    -1.395   -0.003015 0.009626 -0.02655 | -1.0476
-4.23    1.864    -1.395   -0.003015 0.009626 -0.02228 | -1.0476
iteration 2...
-4.176   1.864    -1.395   -0.003015 0.009626 -0.02228 | -1.0476
-4.176   2        -1.395   -0.003015 0.009626 -0.02228 | -1.0476
-4.176   2        -1.412   -0.003015 0.009626 -0.02228 | -1.0476
-4.176   2        -1.412   -0.004421 0.009626 -0.02228 | -1.0476
-4.176   2        -1.412   -0.004421 0.007697 -0.02228 | -1.0476
-4.176   2        -1.412   -0.004421 0.007697 -0.0225  | -1.0476
iteration 3...
-4.176   2        -1.412   -0.004421 0.007697 -0.0225  | -1.0476
-4.176   2.046    -1.412   -0.004421 0.007697 -0.0225  | -1.0476
-4.176   2.046    -1.41    -0.004421 0.007697 -0.0225  | -1.0476
-4.176   2.046    -1.41    -0.005042 0.007697 -0.0225  | -1.0476
-4.176   2.046    -1.41    -0.005042 0.007697 -0.0225  | -1.0476
-4.176   2.046    -1.41    -0.005042 0.007697 -0.0225  | -1.0476
iteration 4...
-4.11    2.046    -1.41    -0.005042 0.007697 -0.0225  | -1.0476
-4.11    2.046    -1.41    -0.005042 0.007697 -0.0225  | -1.0476
-4.11    2.046    -1.39    -0.005042 0.007697 -0.0225  | -1.0476
-4.11    2.046    -1.39    -0.005556 0.007697 -0.0225  | -1.0476
-4.11    2.046    -1.39    -0.005556 0.00703  -0.0225  | -1.0476
-4.11    2.046    -1.39    -0.005556 0.00703  -0.0225  | -1.0476
iteration 5...
-4.083   2.046    -1.39    -0.005556 0.00703  -0.0225  | -1.0476
-4.083   2.053    -1.39    -0.005556 0.00703  -0.0225  | -1.0476
-4.083   2.053    -1.402   -0.005556 0.00703  -0.0225  | -1.0476
-4.083   2.053    -1.402   -0.005556 0.00703  -0.0225  | -1.0476
-4.083   2.053    -1.402   -0.005556 0.006906 -0.0225  | -1.0476
-4.083   2.053    -1.402   -0.005556 0.006906 -0.0225  | -1.0476
iteration 6...
-4.116   2.053    -1.402   -0.005556 0.006906 -0.0225  | -1.0476
-4.116   2.056    -1.402   -0.005556 0.006906 -0.0225  | -1.0476
-4.116   2.056    -1.409   -0.005556 0.006906 -0.0225  | -1.0476
-4.116   2.056    -1.409   -0.00507 0.006906 -0.0225  | -1.0476
-4.116   2.056    -1.409   -0.00507 0.006906 -0.0225  | -1.0476
-4.116   2.056    -1.409   -0.00507 0.006906 -0.0225  | -1.0476
iteration 7...
-4.116   2.056    -1.409   -0.00507 0.006906 -0.0225  | -1.0476
-4.116   2.056    -1.409   -0.00507 0.006906 -0.0225  | -1.0476
-4.116   2.056    -1.409   -0.00507 0.006906 -0.0225  | -1.0476
-4.116   2.056    -1.409   -0.00507 0.006906 -0.0225  | -1.0476
-4.116   2.056    -1.409   -0.00507 0.006906 -0.0225  | -1.0476
-4.116   2.056    -1.409   -0.00507 0.006906 -0.0225  | -1.0476
Done    'Coregister: Estimate'
Done

CoReg Done in 57.533192 seconds

All done with coregistration.
>> >> 
No sandbox specified



Start   : Mon Jun  4 18:39:38 EDT 2018
Finish  : Mon Jun  4 18:41:15 EDT 2018


