
                            < M A T L A B (R) >
                  Copyright 1984-2017 The MathWorks, Inc.
                   R2017a (9.2.0.556344) 64-bit (glnxa64)
                               March 27, 2017

 
To get started, type one of these: helpwin, helpdesk, or demo.
For product information, visit www.mathworks.com.
 
>> >> >> >> Coregistation Script Created on 180604_18_33_44_480
>> >> >> >> >> >> [Warning: Name is nonexistent or not a directory:
/Users/rcwelsh/matlabScripts/WELLES/mfiles] 
[> In path (line 109)
  In addpath (line 86)] 
>> >> >> >> >> 
UMBatchJobName =

    'coregOverlay_180604_18_33_44_480_tehsheng_madcbrai'

>> 
UMBatchProcessName =

    'coregOverlay'

>> >> Initializing the job manager in SPM8

UMReSlice =

     0



Calling UMBatchCoReg with:
/nfs/fmri/Analysis/Sean_Working/Git_MADC/preprocess/../../../Subjects_oldResting/madc1382_scan1/func//run_01/utprun_01.nii
/nfs/fmri/Analysis/Subjects_oldResting/madc1382_scan1/func/coReg/t1mprage.nii
UMReSlice:0
Entering UMBatchCoReg V2.0 for SPM8
Coreging /nfs/fmri/Analysis/Subjects_oldResting/madc1382_scan1/func/coReg/t1mprage.nii to
         /nfs/fmri/Analysis/Sean_Working/Git_MADC/preprocess/../../../Subjects_oldResting/madc1382_scan1/func//run_01/utprun_01.nii


------------------------------------------------------------------------
Running job #1
------------------------------------------------------------------------
Running 'Coregister: Estimate'
iteration 1...
-3.134   0        0        0        0        0        | -1.0496
-3.134   0.6101   0        0        0        0        | -1.0496
-3.134   0.6101   -3.613   0        0        0        | -1.0505
-3.134   0.6101   -3.613   0.006622 0        0        | -1.0505
-3.134   0.6101   -3.613   0.006622 -0.01619 0        | -1.0506
-3.134   0.6101   -3.613   0.006622 -0.01619 -0.03711 | -1.0507
iteration 2...
-3.029   0.6101   -3.613   0.006622 -0.01619 -0.03711 | -1.0507
-3.029   1.971    -3.613   0.006622 -0.01619 -0.03711 | -1.0509
-3.029   1.971    -3.861   0.006622 -0.01619 -0.03711 | -1.0509
-3.029   1.971    -3.861   0.02571  -0.01619 -0.03711 | -1.051
-3.029   1.971    -3.861   0.02571  -0.003751 -0.03711 | -1.0511
-3.029   1.971    -3.861   0.02571  -0.003751 -0.02484 | -1.0511
iteration 3...
-2.666   1.971    -3.861   0.02571  -0.003751 -0.02484 | -1.0511
-2.666   2.687    -3.861   0.02571  -0.003751 -0.02484 | -1.0512
-2.666   2.687    -3.861   0.02571  -0.003751 -0.02484 | -1.0512
-2.666   2.687    -3.861   0.03082  -0.003751 -0.02484 | -1.0512
-2.666   2.687    -3.861   0.03082  -0.002514 -0.02484 | -1.0512
-2.666   2.687    -3.861   0.03082  -0.002514 -0.02484 | -1.0512
iteration 4...
-2.668   2.687    -3.861   0.03082  -0.002514 -0.02484 | -1.0512
-2.668   2.57     -3.861   0.03082  -0.002514 -0.02484 | -1.0512
-2.668   2.57     -3.768   0.03082  -0.002514 -0.02484 | -1.0512
-2.668   2.57     -3.768   0.03082  -0.002514 -0.02484 | -1.0512
-2.668   2.57     -3.768   0.03082  -0.002514 -0.02484 | -1.0512
-2.668   2.57     -3.768   0.03082  -0.002514 -0.02484 | -1.0512
iteration 5...
-2.668   2.57     -3.768   0.03082  -0.002514 -0.02484 | -1.0512
-2.668   2.57     -3.768   0.03082  -0.002514 -0.02484 | -1.0512
-2.668   2.57     -3.768   0.03082  -0.002514 -0.02484 | -1.0512
-2.668   2.57     -3.768   0.03138  -0.002514 -0.02484 | -1.0512
-2.668   2.57     -3.768   0.03138  -0.002514 -0.02484 | -1.0512
-2.668   2.57     -3.768   0.03138  -0.002514 -0.02484 | -1.0512
iteration 1...
-2.553   2.57     -3.768   0.03138  -0.002514 -0.02484 | -1.0511
-2.553   2.525    -3.768   0.03138  -0.002514 -0.02484 | -1.0511
-2.553   2.525    -3.733   0.03138  -0.002514 -0.02484 | -1.0511
-2.553   2.525    -3.733   0.02942  -0.002514 -0.02484 | -1.0511
-2.553   2.525    -3.733   0.02942  -0.0007525 -0.02484 | -1.0511
-2.553   2.525    -3.733   0.02942  -0.0007525 -0.02992 | -1.0511
iteration 2...
-2.469   2.525    -3.733   0.02942  -0.0007525 -0.02992 | -1.0511
-2.469   2.423    -3.733   0.02942  -0.0007525 -0.02992 | -1.0511
-2.469   2.423    -3.756   0.02942  -0.0007525 -0.02992 | -1.0511
-2.469   2.423    -3.756   0.02891  -0.0007525 -0.02992 | -1.0511
-2.469   2.423    -3.756   0.02891  -0.0006176 -0.02992 | -1.0511
-2.469   2.423    -3.756   0.02891  -0.0006176 -0.02992 | -1.0511
iteration 3...
-2.469   2.423    -3.756   0.02891  -0.0006176 -0.02992 | -1.0511
-2.469   2.419    -3.756   0.02891  -0.0006176 -0.02992 | -1.0511
-2.469   2.419    -3.766   0.02891  -0.0006176 -0.02992 | -1.0511
-2.469   2.419    -3.766   0.02906  -0.0006176 -0.02992 | -1.0511
-2.469   2.419    -3.766   0.02906  -0.0006278 -0.02992 | -1.0511
-2.469   2.419    -3.766   0.02906  -0.0006278 -0.02992 | -1.0511
Done    'Coregister: Estimate'
Done

CoReg Done in 24.571343 seconds

All done with coregistration.
>> >> 
No sandbox specified



Start   : Mon Jun  4 18:33:46 EDT 2018
Finish  : Mon Jun  4 18:34:50 EDT 2018


