
                            < M A T L A B (R) >
                  Copyright 1984-2017 The MathWorks, Inc.
                   R2017a (9.2.0.556344) 64-bit (glnxa64)
                               March 27, 2017

 
To get started, type one of these: helpwin, helpdesk, or demo.
For product information, visit www.mathworks.com.
 
>> >> >> >> Coregistation Script Created on 180604_17_11_56_000
>> >> >> >> >> >> [Warning: Name is nonexistent or not a directory:
/Users/rcwelsh/matlabScripts/WELLES/mfiles] 
[> In path (line 109)
  In addpath (line 86)] 
>> >> >> >> >> 
UMBatchJobName =

    'coregOverlay_180604_17_11_56_000_tehsheng_madcbrai'

>> 
UMBatchProcessName =

    'coregOverlay'

>> >> Initializing the job manager in SPM8

UMReSlice =

     0



Calling UMBatchCoReg with:
/nfs/fmri/Analysis/Sean_Working/Git_MADC/preprocess/../../../Subjects_oldResting/madc1449_scan1/func//run_01/utprun_01.nii
/nfs/fmri/Analysis/Subjects_oldResting/madc1449_scan1/func/coReg/t1mprage.nii
UMReSlice:0
Entering UMBatchCoReg V2.0 for SPM8
Coreging /nfs/fmri/Analysis/Subjects_oldResting/madc1449_scan1/func/coReg/t1mprage.nii to
         /nfs/fmri/Analysis/Sean_Working/Git_MADC/preprocess/../../../Subjects_oldResting/madc1449_scan1/func//run_01/utprun_01.nii


------------------------------------------------------------------------
Running job #1
------------------------------------------------------------------------
Running 'Coregister: Estimate'
iteration 1...
-2.187   0        0        0        0        0        | -1.0474
-2.187   3.941    0        0        0        0        | -1.0482
-2.187   3.941    -11.34   0        0        0        | -1.0537
-2.187   3.941    -11.34   0        0        0        | -1.0537
-2.187   3.941    -11.34   0        -0.03473 0        | -1.0537
-2.187   3.941    -11.34   0        -0.03473 0        | -1.0537
iteration 2...
-2.128   3.941    -11.34   0        -0.03473 0        | -1.0537
-2.128   3.257    -11.34   0        -0.03473 0        | -1.0537
-2.128   3.257    -11.14   0        -0.03473 0        | -1.0537
-2.128   3.257    -11.14   0.003632 -0.03473 0        | -1.0537
-2.128   3.257    -11.14   0.003632 -0.03473 0        | -1.0537
-2.128   3.257    -11.14   0.003632 -0.03473 -0.004092 | -1.0538
iteration 3...
-2.068   3.257    -11.14   0.003632 -0.03473 -0.004092 | -1.0538
-2.068   3.266    -11.14   0.003632 -0.03473 -0.004092 | -1.0538
-2.068   3.266    -11.18   0.003632 -0.03473 -0.004092 | -1.0538
-2.068   3.266    -11.18   0.00456  -0.03473 -0.004092 | -1.0538
-2.068   3.266    -11.18   0.00456  -0.03634 -0.004092 | -1.0538
-2.068   3.266    -11.18   0.00456  -0.03634 -0.004092 | -1.0538
iteration 4...
-2.071   3.266    -11.18   0.00456  -0.03634 -0.004092 | -1.0538
-2.071   3.266    -11.18   0.00456  -0.03634 -0.004092 | -1.0538
-2.071   3.266    -11.17   0.00456  -0.03634 -0.004092 | -1.0538
-2.071   3.266    -11.17   0.00456  -0.03634 -0.004092 | -1.0538
-2.071   3.266    -11.17   0.00456  -0.03634 -0.004092 | -1.0538
-2.071   3.266    -11.17   0.00456  -0.03634 -0.004092 | -1.0538
iteration 1...
-2.01    3.266    -11.17   0.00456  -0.03634 -0.004092 | -1.0538
-2.01    3.566    -11.17   0.00456  -0.03634 -0.004092 | -1.0538
-2.01    3.566    -10.64   0.00456  -0.03634 -0.004092 | -1.0538
-2.01    3.566    -10.64   -0.01183 -0.03634 -0.004092 | -1.0538
-2.01    3.566    -10.64   -0.01183 -0.01017 -0.004092 | -1.0539
-2.01    3.566    -10.64   -0.01183 -0.01017 0.001637 | -1.054
iteration 2...
-2.01    3.566    -10.64   -0.01183 -0.01017 0.001637 | -1.054
-2.01    3.514    -10.64   -0.01183 -0.01017 0.001637 | -1.054
-2.01    3.514    -10.68   -0.01183 -0.01017 0.001637 | -1.054
-2.01    3.514    -10.68   -0.009366 -0.01017 0.001637 | -1.054
-2.01    3.514    -10.68   -0.009366 -0.01017 0.001637 | -1.054
-2.01    3.514    -10.68   -0.009366 -0.01017 0.000308 | -1.054
-2.01    3.463    -10.72   -0.006902 -0.01017 -0.001021 | -1.054
iteration 3...
-2.042   3.463    -10.72   -0.006902 -0.01017 -0.001021 | -1.054
-2.042   3.463    -10.72   -0.006902 -0.01017 -0.001021 | -1.054
-2.042   3.463    -10.76   -0.006902 -0.01017 -0.001021 | -1.054
-2.042   3.463    -10.76   -0.006902 -0.01017 -0.001021 | -1.054
-2.042   3.463    -10.76   -0.006902 -0.008783 -0.001021 | -1.054
-2.042   3.463    -10.76   -0.006902 -0.008783 -0.001021 | -1.054
iteration 4...
-2.053   3.463    -10.76   -0.006902 -0.008783 -0.001021 | -1.054
-2.053   3.479    -10.76   -0.006902 -0.008783 -0.001021 | -1.054
-2.053   3.479    -10.75   -0.006902 -0.008783 -0.001021 | -1.054
-2.053   3.479    -10.75   -0.006902 -0.008783 -0.001021 | -1.054
-2.053   3.479    -10.75   -0.006902 -0.008783 -0.001021 | -1.054
-2.053   3.479    -10.75   -0.006902 -0.008783 -0.001021 | -1.054
iteration 5...
-2.053   3.479    -10.75   -0.006902 -0.008783 -0.001021 | -1.054
-2.053   3.479    -10.75   -0.006902 -0.008783 -0.001021 | -1.054
-2.053   3.479    -10.75   -0.006902 -0.008783 -0.001021 | -1.054
-2.053   3.479    -10.75   -0.006902 -0.008783 -0.001021 | -1.054
-2.053   3.479    -10.75   -0.006902 -0.008783 -0.001021 | -1.054
-2.053   3.479    -10.75   -0.006902 -0.008783 -0.001021 | -1.054
Done    'Coregister: Estimate'
Done

CoReg Done in 36.118608 seconds

All done with coregistration.
>> >> 
No sandbox specified



Start   : Mon Jun  4 17:11:59 EDT 2018
Finish  : Mon Jun  4 17:13:17 EDT 2018


