
                            < M A T L A B (R) >
                  Copyright 1984-2017 The MathWorks, Inc.
                   R2017a (9.2.0.556344) 64-bit (glnxa64)
                               March 27, 2017

 
To get started, type one of these: helpwin, helpdesk, or demo.
For product information, visit www.mathworks.com.
 
>> >> >> >> Coregistation Script Created on 180604_21_14_29_084
>> >> >> >> >> >> [Warning: Name is nonexistent or not a directory:
/Users/rcwelsh/matlabScripts/WELLES/mfiles] 
[> In path (line 109)
  In addpath (line 86)] 
>> >> >> >> >> 
UMBatchJobName =

    'coregOverlay_180604_21_14_29_084_tehsheng_madcbrai'

>> 
UMBatchProcessName =

    'coregOverlay'

>> >> Initializing the job manager in SPM8

UMReSlice =

     0



Calling UMBatchCoReg with:
/nfs/fmri/Analysis/Sean_Working/Git_MADC/preprocess/../../../Subjects_oldResting/madc1430_scan1/func//run_01/utprun_01.nii
/nfs/fmri/Analysis/Subjects_oldResting/madc1430_scan1/func/coReg/t1mprage.nii
UMReSlice:0
Entering UMBatchCoReg V2.0 for SPM8
Coreging /nfs/fmri/Analysis/Subjects_oldResting/madc1430_scan1/func/coReg/t1mprage.nii to
         /nfs/fmri/Analysis/Sean_Working/Git_MADC/preprocess/../../../Subjects_oldResting/madc1430_scan1/func//run_01/utprun_01.nii


------------------------------------------------------------------------
Running job #1
------------------------------------------------------------------------
Running 'Coregister: Estimate'
iteration 1...
-1.87    0        0        0        0        0        | -1.0461
-1.87    3.571    0        0        0        0        | -1.0469
-1.87    3.571    -6.486   0        0        0        | -1.05
-1.87    3.571    -6.486   0.02939  0        0        | -1.05
-1.87    3.571    -6.486   0.02939  0.01017  0        | -1.05
-1.87    3.571    -6.486   0.02939  0.01017  0.0005483 | -1.05
iteration 2...
-1.804   3.571    -6.486   0.02939  0.01017  0.0005483 | -1.05
-1.804   3.753    -6.486   0.02939  0.01017  0.0005483 | -1.05
-1.804   3.753    -6.861   0.02939  0.01017  0.0005483 | -1.0501
-1.804   3.753    -6.861   0.03628  0.01017  0.0005483 | -1.0501
-1.804   3.753    -6.861   0.03628  0.01217  0.0005483 | -1.0501
-1.804   3.753    -6.861   0.03628  0.01217  0.0005483 | -1.0501
-1.55    4.451    -8.297   0.06267  0.01982  0.0005483 | -1.0502
iteration 3...
-1.526   4.451    -8.297   0.06267  0.01982  0.0005483 | -1.0502
-1.526   4.463    -8.297   0.06267  0.01982  0.0005483 | -1.0502
-1.528   4.459    -8.289   0.06252  0.01978  0.0005483 | -1.0502
-1.528   4.459    -8.289   0.06311  0.01978  0.0005483 | -1.0502
-1.528   4.459    -8.289   0.06311  0.01978  0.0005483 | -1.0502
-1.528   4.459    -8.289   0.06311  0.01978  0.000357 | -1.0502
iteration 4...
-1.528   4.459    -8.289   0.06311  0.01978  0.000357 | -1.0502
-1.528   4.459    -8.289   0.06311  0.01978  0.000357 | -1.0502
-1.528   4.459    -8.289   0.06311  0.01978  0.000357 | -1.0502
-1.528   4.459    -8.289   0.06311  0.01978  0.000357 | -1.0502
-1.528   4.459    -8.289   0.06311  0.01994  0.000357 | -1.0502
-1.528   4.459    -8.289   0.06311  0.01994  0.000357 | -1.0502
iteration 1...
-1.575   4.459    -8.289   0.06311  0.01994  0.000357 | -1.0501
-1.575   4.556    -8.289   0.06311  0.01994  0.000357 | -1.0501
-1.575   4.556    -8.282   0.06311  0.01994  0.000357 | -1.0501
-1.575   4.556    -8.282   0.04031  0.01994  0.000357 | -1.0502
-1.575   4.556    -8.282   0.04031  0.01522  0.000357 | -1.0502
-1.575   4.556    -8.282   0.04031  0.01522  -0.003943 | -1.0502
iteration 2...
-1.719   4.556    -8.282   0.04031  0.01522  -0.003943 | -1.0502
-1.719   4.139    -8.282   0.04031  0.01522  -0.003943 | -1.0502
-1.719   4.139    -7.814   0.04031  0.01522  -0.003943 | -1.0502
-1.719   4.139    -7.814   0.03953  0.01522  -0.003943 | -1.0502
-1.719   4.139    -7.814   0.03953  0.01522  -0.003943 | -1.0502
-1.719   4.139    -7.814   0.03953  0.01522  -0.009976 | -1.0502
iteration 3...
-1.788   4.139    -7.814   0.03953  0.01522  -0.009976 | -1.0502
-1.788   4.139    -7.814   0.03953  0.01522  -0.009976 | -1.0502
-1.788   4.139    -7.789   0.03953  0.01522  -0.009976 | -1.0502
-1.788   4.139    -7.789   0.03094  0.01522  -0.009976 | -1.0502
-1.788   4.139    -7.789   0.03094  0.01696  -0.009976 | -1.0502
-1.788   4.139    -7.789   0.03094  0.01696  -0.01089 | -1.0502
iteration 4...
-1.795   4.139    -7.789   0.03094  0.01696  -0.01089 | -1.0502
-1.795   3.889    -7.789   0.03094  0.01696  -0.01089 | -1.0502
-1.795   3.889    -7.599   0.03094  0.01696  -0.01089 | -1.0502
-1.795   3.889    -7.599   0.02051  0.01696  -0.01089 | -1.0502
-1.795   3.889    -7.599   0.02051  0.01789  -0.01089 | -1.0502
-1.795   3.889    -7.599   0.02051  0.01789  -0.01089 | -1.0502
-1.826   2.896    -6.84    -0.02107 0.02159  -0.01089 | -1.0503
iteration 5...
-1.853   2.896    -6.84    -0.02107 0.02159  -0.01089 | -1.0503
-1.853   2.896    -6.84    -0.02107 0.02159  -0.01089 | -1.0503
-1.853   2.896    -6.316   -0.02107 0.02159  -0.01089 | -1.0503
-1.853   2.896    -6.316   -0.02107 0.02159  -0.01089 | -1.0503
-1.853   2.896    -6.316   -0.02107 0.01791  -0.01089 | -1.0503
-1.853   2.896    -6.316   -0.02107 0.01791  -0.006292 | -1.0504
iteration 6...
-1.853   2.896    -6.316   -0.02107 0.01791  -0.006292 | -1.0504
-1.853   2.896    -6.316   -0.02107 0.01791  -0.006292 | -1.0504
-1.853   2.896    -6.252   -0.02107 0.01791  -0.006292 | -1.0504
-1.853   2.896    -6.252   -0.02107 0.01791  -0.006292 | -1.0504
-1.853   2.896    -6.252   -0.02107 0.01678  -0.006292 | -1.0504
-1.853   2.896    -6.252   -0.02107 0.01678  -0.006292 | -1.0504
iteration 7...
-1.874   2.896    -6.252   -0.02107 0.01678  -0.006292 | -1.0504
-1.874   2.896    -6.252   -0.02107 0.01678  -0.006292 | -1.0504
-1.874   2.896    -6.252   -0.02107 0.01678  -0.006292 | -1.0504
-1.874   2.896    -6.252   -0.02107 0.01678  -0.006292 | -1.0504
-1.874   2.896    -6.252   -0.02107 0.01678  -0.006292 | -1.0504
-1.874   2.896    -6.252   -0.02107 0.01678  -0.006292 | -1.0504
iteration 8...
-1.874   2.896    -6.252   -0.02107 0.01678  -0.006292 | -1.0504
-1.874   2.896    -6.252   -0.02107 0.01678  -0.006292 | -1.0504
-1.874   2.896    -6.252   -0.02107 0.01678  -0.006292 | -1.0504
-1.874   2.896    -6.252   -0.02107 0.01678  -0.006292 | -1.0504
-1.874   2.896    -6.252   -0.02107 0.01678  -0.006292 | -1.0504
-1.874   2.896    -6.252   -0.02107 0.01678  -0.006292 | -1.0504
Done    'Coregister: Estimate'
Done

CoReg Done in 47.956474 seconds

All done with coregistration.
>> >> 
No sandbox specified



Start   : Mon Jun  4 21:14:31 EDT 2018
Finish  : Mon Jun  4 21:15:57 EDT 2018


