
                            < M A T L A B (R) >
                  Copyright 1984-2017 The MathWorks, Inc.
                   R2017a (9.2.0.556344) 64-bit (glnxa64)
                               March 27, 2017

 
To get started, type one of these: helpwin, helpdesk, or demo.
For product information, visit www.mathworks.com.
 
>> >> >> >> Coregistation Script Created on 180604_19_11_57_564
>> >> >> >> >> >> [Warning: Name is nonexistent or not a directory:
/Users/rcwelsh/matlabScripts/WELLES/mfiles] 
[> In path (line 109)
  In addpath (line 86)] 
>> >> >> >> >> 
UMBatchJobName =

    'coregOverlay_180604_19_11_57_564_tehsheng_madcbrai'

>> 
UMBatchProcessName =

    'coregOverlay'

>> >> Initializing the job manager in SPM8

UMReSlice =

     0



Calling UMBatchCoReg with:
/nfs/fmri/Analysis/Sean_Working/Git_MADC/preprocess/../../../Subjects_oldResting/madc1341_scan1/func//run_01/utprun_01.nii
/nfs/fmri/Analysis/Subjects_oldResting/madc1341_scan1/func/coReg/t1mprage.nii
UMReSlice:0
Entering UMBatchCoReg V2.0 for SPM8
Coreging /nfs/fmri/Analysis/Subjects_oldResting/madc1341_scan1/func/coReg/t1mprage.nii to
         /nfs/fmri/Analysis/Sean_Working/Git_MADC/preprocess/../../../Subjects_oldResting/madc1341_scan1/func//run_01/utprun_01.nii


------------------------------------------------------------------------
Running job #1
------------------------------------------------------------------------
Running 'Coregister: Estimate'
iteration 1...
-1.929   0        0        0        0        0        | -1.048
-1.929   2.567    0        0        0        0        | -1.0485
-1.929   2.567    -5.469   0        0        0        | -1.0499
-1.929   2.567    -5.469   0.07084  0        0        | -1.0506
-1.929   2.567    -5.469   0.07084  -0.003381 0        | -1.0506
-1.929   2.567    -5.469   0.07084  -0.003381 -0.01277 | -1.0507
iteration 2...
-2.024   2.567    -5.469   0.07084  -0.003381 -0.01277 | -1.0507
-2.024   2.348    -5.469   0.07084  -0.003381 -0.01277 | -1.0507
-2.024   2.348    -5.238   0.07084  -0.003381 -0.01277 | -1.0507
-2.024   2.348    -5.238   0.07584  -0.003381 -0.01277 | -1.0507
-2.024   2.348    -5.238   0.07584  -0.003381 -0.01277 | -1.0507
-2.024   2.348    -5.238   0.07584  -0.003381 -0.01336 | -1.0507
-2.075   2.232    -5.115   0.0785   -0.003381 -0.01368 | -1.0507
iteration 3...
-2.003   2.232    -5.115   0.0785   -0.003381 -0.01368 | -1.0507
-2.003   2.138    -5.115   0.0785   -0.003381 -0.01368 | -1.0507
-2.003   2.138    -5.157   0.0785   -0.003381 -0.01368 | -1.0507
-2.031   2.074    -5.089   0.07997  -0.003381 -0.01385 | -1.0507
-2.031   2.074    -5.089   0.07997  -0.0009473 -0.01385 | -1.0507
-2.031   2.074    -5.089   0.07997  -0.0009473 -0.01351 | -1.0507
iteration 4...
-2.045   2.074    -5.089   0.07997  -0.0009473 -0.01351 | -1.0507
-2.045   2.128    -5.089   0.07997  -0.0009473 -0.01351 | -1.0507
-2.045   2.128    -5.088   0.07997  -0.0009473 -0.01351 | -1.0507
-2.07    2.07     -5.027   0.08127  -0.0009473 -0.01366 | -1.0507
-2.07    2.07     -5.027   0.08127  -0.0008128 -0.01366 | -1.0507
-2.07    2.07     -5.027   0.08127  -0.0008128 -0.01366 | -1.0507
iteration 5...
-2.053   2.07     -5.027   0.08127  -0.0008128 -0.01366 | -1.0507
-2.053   2.079    -5.027   0.08127  -0.0008128 -0.01366 | -1.0507
-2.053   2.079    -5.106   0.08127  -0.0008128 -0.01366 | -1.0507
-2.073   2.032    -5.057   0.08234  -0.0008128 -0.01379 | -1.0507
-2.073   2.032    -5.057   0.08234  -0.0008128 -0.01379 | -1.0507
-2.073   2.032    -5.057   0.08234  -0.0008128 -0.01418 | -1.0507
-2.081   1.92     -5.143   0.08547  -0.0008128 -0.0157  | -1.0508
iteration 6...
-2.081   1.92     -5.143   0.08547  -0.0008128 -0.0157  | -1.0508
-2.081   1.895    -5.143   0.08547  -0.0008128 -0.0157  | -1.0508
-2.081   1.895    -5.164   0.08547  -0.0008128 -0.0157  | -1.0508
-2.081   1.895    -5.164   0.08547  -0.0008128 -0.0157  | -1.0508
-2.081   1.895    -5.164   0.08547  -0.0008128 -0.0157  | -1.0508
-2.081   1.895    -5.164   0.08547  -0.0008128 -0.01502 | -1.0508
iteration 7...
-2.081   1.895    -5.164   0.08547  -0.0008128 -0.01502 | -1.0508
-2.081   1.903    -5.164   0.08547  -0.0008128 -0.01502 | -1.0508
-2.081   1.903    -5.163   0.08547  -0.0008128 -0.01502 | -1.0508
-2.081   1.903    -5.163   0.08547  -0.0008128 -0.01502 | -1.0508
-2.081   1.903    -5.163   0.08547  -0.0008128 -0.01502 | -1.0508
-2.081   1.903    -5.163   0.08547  -0.0008128 -0.01502 | -1.0508
iteration 1...
-2.002   1.903    -5.163   0.08547  -0.0008128 -0.01502 | -1.0504
-2.002   1.576    -5.163   0.08547  -0.0008128 -0.01502 | -1.0504
-2.002   1.576    -5.181   0.08547  -0.0008128 -0.01502 | -1.0504
-2.002   1.576    -5.181   0.08022  -0.0008128 -0.01502 | -1.0504
-2.002   1.576    -5.181   0.08022  -0.003905 -0.01502 | -1.0504
-2.002   1.576    -5.181   0.08022  -0.003905 -0.01905 | -1.0504
iteration 2...
-1.907   1.576    -5.181   0.08022  -0.003905 -0.01905 | -1.0504
-1.907   1.705    -5.181   0.08022  -0.003905 -0.01905 | -1.0504
-1.907   1.705    -5.2     0.08022  -0.003905 -0.01905 | -1.0504
-1.907   1.705    -5.2     0.07783  -0.003905 -0.01905 | -1.0504
-1.907   1.705    -5.2     0.07783  -0.008456 -0.01905 | -1.0504
-1.907   1.705    -5.2     0.07783  -0.008456 -0.02008 | -1.0504
-1.811   1.834    -5.218   0.07544  -0.01301 -0.02111 | -1.0504
iteration 3...
-1.605   1.834    -5.218   0.07544  -0.01301 -0.02111 | -1.0504
-1.605   1.849    -5.218   0.07544  -0.01301 -0.02111 | -1.0504
-1.605   1.849    -5.276   0.07544  -0.01301 -0.02111 | -1.0504
-1.605   1.849    -5.276   0.07885  -0.01301 -0.02111 | -1.0504
-1.593   1.865    -5.278   0.07855  -0.01358 -0.02124 | -1.0504
-1.593   1.865    -5.278   0.07855  -0.01358 -0.0196  | -1.0504
iteration 4...
-1.593   1.865    -5.278   0.07855  -0.01358 -0.0196  | -1.0504
-1.593   1.793    -5.278   0.07855  -0.01358 -0.0196  | -1.0504
-1.593   1.793    -5.363   0.07855  -0.01358 -0.0196  | -1.0504
-1.593   1.793    -5.363   0.08027  -0.01358 -0.0196  | -1.0504
-1.563   1.833    -5.369   0.07954  -0.01497 -0.01991 | -1.0504
-1.563   1.833    -5.369   0.07954  -0.01497 -0.01991 | -1.0504
iteration 5...
-1.563   1.833    -5.369   0.07954  -0.01497 -0.01991 | -1.0504
-1.563   1.776    -5.369   0.07954  -0.01497 -0.01991 | -1.0504
-1.563   1.776    -5.369   0.07954  -0.01497 -0.01991 | -1.0504
-1.563   1.776    -5.369   0.08026  -0.01497 -0.01991 | -1.0504
-1.549   1.795    -5.372   0.07991  -0.01565 -0.02006 | -1.0504
-1.549   1.795    -5.372   0.07991  -0.01565 -0.01987 | -1.0504
-1.535   1.758    -5.375   0.08027  -0.01633 -0.01984 | -1.0504
iteration 6...
-1.49    1.758    -5.375   0.08027  -0.01633 -0.01984 | -1.0504
-1.48    1.73     -5.377   0.08055  -0.01684 -0.01981 | -1.0504
-1.48    1.73     -5.377   0.08055  -0.01684 -0.01981 | -1.0504
-1.48    1.73     -5.377   0.08055  -0.01684 -0.01981 | -1.0504
-1.48    1.73     -5.377   0.08055  -0.01684 -0.01981 | -1.0504
-1.48    1.73     -5.377   0.08055  -0.01684 -0.01981 | -1.0504
iteration 7...
-1.48    1.73     -5.377   0.08055  -0.01684 -0.01981 | -1.0504
-1.48    1.73     -5.377   0.08055  -0.01684 -0.01981 | -1.0504
-1.48    1.73     -5.377   0.08055  -0.01684 -0.01981 | -1.0504
-1.48    1.73     -5.377   0.08055  -0.01684 -0.01981 | -1.0504
-1.48    1.73     -5.377   0.08055  -0.01684 -0.01981 | -1.0504
-1.48    1.73     -5.377   0.08055  -0.01684 -0.01981 | -1.0504
Done    'Coregister: Estimate'
Done

CoReg Done in 44.456917 seconds

All done with coregistration.
>> >> 
No sandbox specified



Start   : Mon Jun  4 19:12:00 EDT 2018
Finish  : Mon Jun  4 19:13:38 EDT 2018


