
                            < M A T L A B (R) >
                  Copyright 1984-2017 The MathWorks, Inc.
                   R2017a (9.2.0.556344) 64-bit (glnxa64)
                               March 27, 2017

 
To get started, type one of these: helpwin, helpdesk, or demo.
For product information, visit www.mathworks.com.
 
>> >> >> >> Coregistation Script Created on 180604_21_28_02_381
>> >> >> >> >> >> [Warning: Name is nonexistent or not a directory:
/Users/rcwelsh/matlabScripts/WELLES/mfiles] 
[> In path (line 109)
  In addpath (line 86)] 
>> >> >> >> >> 
UMBatchJobName =

    'coregOverlay_180604_21_28_02_381_tehsheng_madcbrai'

>> 
UMBatchProcessName =

    'coregOverlay'

>> >> Initializing the job manager in SPM8

UMReSlice =

     0



Calling UMBatchCoReg with:
/nfs/fmri/Analysis/Sean_Working/Git_MADC/preprocess/../../../Subjects_oldResting/madc1358_scan1/func//run_01/utprun_01.nii
/nfs/fmri/Analysis/Subjects_oldResting/madc1358_scan1/func/coReg/t1mprage.nii
UMReSlice:0
Entering UMBatchCoReg V2.0 for SPM8
Coreging /nfs/fmri/Analysis/Subjects_oldResting/madc1358_scan1/func/coReg/t1mprage.nii to
         /nfs/fmri/Analysis/Sean_Working/Git_MADC/preprocess/../../../Subjects_oldResting/madc1358_scan1/func//run_01/utprun_01.nii


------------------------------------------------------------------------
Running job #1
------------------------------------------------------------------------
Running 'Coregister: Estimate'
iteration 1...
-3.498   0        0        0        0        0        | -1.0468
-3.498   2.897    0        0        0        0        | -1.0473
-3.498   2.897    -0.9455  0        0        0        | -1.0474
-3.498   2.897    -0.9455  -0.03236 0        0        | -1.0474
-3.498   2.897    -0.9455  -0.03236 0.009531 0        | -1.0475
-3.498   2.897    -0.9455  -0.03236 0.009531 -0.003262 | -1.0475
iteration 2...
-3.627   2.897    -0.9455  -0.03236 0.009531 -0.003262 | -1.0475
-3.627   2.856    -0.9455  -0.03236 0.009531 -0.003262 | -1.0475
-3.627   2.856    0.1017   -0.03236 0.009531 -0.003262 | -1.0476
-3.627   2.856    0.1017   -0.03707 0.009531 -0.003262 | -1.0476
-3.627   2.856    0.1017   -0.03707 0.007756 -0.003262 | -1.0476
-3.627   2.856    0.1017   -0.03707 0.007756 -0.01237 | -1.0476
iteration 3...
-3.824   2.856    0.1017   -0.03707 0.007756 -0.01237 | -1.0476
-3.824   2.39     0.1017   -0.03707 0.007756 -0.01237 | -1.0477
-3.824   2.39     0.3957   -0.03707 0.007756 -0.01237 | -1.0477
-3.824   2.39     0.3957   -0.03707 0.007756 -0.01237 | -1.0477
-3.824   2.39     0.3957   -0.03707 0.007756 -0.01237 | -1.0477
-3.824   2.39     0.3957   -0.03707 0.007756 -0.01466 | -1.0477
iteration 4...
-3.861   2.39     0.3957   -0.03707 0.007756 -0.01466 | -1.0477
-3.861   2.306    0.3957   -0.03707 0.007756 -0.01466 | -1.0477
-3.861   2.306    0.4103   -0.03707 0.007756 -0.01466 | -1.0477
-3.861   2.306    0.4103   -0.03707 0.007756 -0.01466 | -1.0477
-3.861   2.306    0.4103   -0.03707 0.007756 -0.01466 | -1.0477
-3.861   2.306    0.4103   -0.03707 0.007756 -0.01466 | -1.0477
iteration 5...
-3.886   2.306    0.4103   -0.03707 0.007756 -0.01466 | -1.0477
-3.886   2.306    0.4103   -0.03707 0.007756 -0.01466 | -1.0477
-3.886   2.306    0.4103   -0.03707 0.007756 -0.01466 | -1.0477
-3.886   2.306    0.4103   -0.03707 0.007756 -0.01466 | -1.0477
-3.886   2.306    0.4103   -0.03707 0.007756 -0.01466 | -1.0477
-3.886   2.306    0.4103   -0.03707 0.007756 -0.01466 | -1.0477
iteration 6...
-3.886   2.306    0.4103   -0.03707 0.007756 -0.01466 | -1.0477
-3.886   2.306    0.4103   -0.03707 0.007756 -0.01466 | -1.0477
-3.886   2.306    0.4103   -0.03707 0.007756 -0.01466 | -1.0477
-3.886   2.306    0.4103   -0.03707 0.007756 -0.01466 | -1.0477
-3.886   2.306    0.4103   -0.03707 0.007756 -0.01466 | -1.0477
-3.886   2.306    0.4103   -0.03707 0.007756 -0.01466 | -1.0477
iteration 1...
-3.828   2.306    0.4103   -0.03707 0.007756 -0.01466 | -1.0476
-3.828   1.935    0.4103   -0.03707 0.007756 -0.01466 | -1.0476
-3.828   1.935    0.6532   -0.03707 0.007756 -0.01466 | -1.0476
-3.828   1.935    0.6532   -0.04115 0.007756 -0.01466 | -1.0476
-3.828   1.935    0.6532   -0.04115 0.002773 -0.01466 | -1.0476
-3.828   1.935    0.6532   -0.04115 0.002773 -0.01438 | -1.0476
iteration 2...
-3.985   1.935    0.6532   -0.04115 0.002773 -0.01438 | -1.0476
-3.985   1.851    0.6532   -0.04115 0.002773 -0.01438 | -1.0476
-3.985   1.851    0.78     -0.04115 0.002773 -0.01438 | -1.0476
-3.985   1.851    0.78     -0.04284 0.002773 -0.01438 | -1.0476
-3.985   1.851    0.78     -0.04284 -0.0001963 -0.01438 | -1.0476
-3.985   1.851    0.78     -0.04284 -0.0001963 -0.0152  | -1.0476
-4.096   1.791    0.8704   -0.04404 -0.002314 -0.01579 | -1.0476
iteration 3...
-4.096   1.791    0.8704   -0.04404 -0.002314 -0.01579 | -1.0476
-4.096   1.744    0.8704   -0.04404 -0.002314 -0.01579 | -1.0476
-4.096   1.744    0.855    -0.04404 -0.002314 -0.01579 | -1.0476
-4.096   1.744    0.855    -0.04441 -0.002314 -0.01579 | -1.0476
-4.096   1.744    0.855    -0.04441 -0.001157 -0.01579 | -1.0476
-4.096   1.744    0.855    -0.04441 -0.001157 -0.01468 | -1.0476
iteration 4...
-4.136   1.723    0.8869   -0.04484 -0.001905 -0.01489 | -1.0476
-4.136   1.723    0.8869   -0.04484 -0.001905 -0.01489 | -1.0476
-4.136   1.723    0.875    -0.04484 -0.001905 -0.01489 | -1.0476
-4.136   1.723    0.875    -0.04545 -0.001905 -0.01489 | -1.0476
-4.136   1.723    0.875    -0.04545 -0.001905 -0.01489 | -1.0476
-4.136   1.723    0.875    -0.04545 -0.001905 -0.01489 | -1.0476
iteration 5...
-4.141   1.721    0.8792   -0.0455  -0.002003 -0.01491 | -1.0476
-4.141   1.738    0.8792   -0.0455  -0.002003 -0.01491 | -1.0476
-4.141   1.738    0.8792   -0.0455  -0.002003 -0.01491 | -1.0476
-4.141   1.738    0.8792   -0.0455  -0.002003 -0.01491 | -1.0476
-4.141   1.738    0.8792   -0.0455  -0.002003 -0.01491 | -1.0476
-4.141   1.738    0.8792   -0.0455  -0.002003 -0.01491 | -1.0476
Done    'Coregister: Estimate'
Done

CoReg Done in 34.221466 seconds

All done with coregistration.
>> >> 
No sandbox specified



Start   : Mon Jun  4 21:28:04 EDT 2018
Finish  : Mon Jun  4 21:29:14 EDT 2018


