
                            < M A T L A B (R) >
                  Copyright 1984-2017 The MathWorks, Inc.
                   R2017a (9.2.0.556344) 64-bit (glnxa64)
                               March 27, 2017

 
To get started, type one of these: helpwin, helpdesk, or demo.
For product information, visit www.mathworks.com.
 
>> >> >> >> Coregistation Script Created on 180604_20_43_31_585
>> >> >> >> >> >> [Warning: Name is nonexistent or not a directory:
/Users/rcwelsh/matlabScripts/WELLES/mfiles] 
[> In path (line 109)
  In addpath (line 86)] 
>> >> >> >> >> 
UMBatchJobName =

    'coregOverlay_180604_20_43_31_585_tehsheng_madcbrai'

>> 
UMBatchProcessName =

    'coregOverlay'

>> >> Initializing the job manager in SPM8

UMReSlice =

     0



Calling UMBatchCoReg with:
/nfs/fmri/Analysis/Sean_Working/Git_MADC/preprocess/../../../Subjects_oldResting/madc1394_scan1/func//run_01/utprun_01.nii
/nfs/fmri/Analysis/Subjects_oldResting/madc1394_scan1/func/coReg/t1mprage.nii
UMReSlice:0
Entering UMBatchCoReg V2.0 for SPM8
Coreging /nfs/fmri/Analysis/Subjects_oldResting/madc1394_scan1/func/coReg/t1mprage.nii to
         /nfs/fmri/Analysis/Sean_Working/Git_MADC/preprocess/../../../Subjects_oldResting/madc1394_scan1/func//run_01/utprun_01.nii


------------------------------------------------------------------------
Running job #1
------------------------------------------------------------------------
Running 'Coregister: Estimate'
iteration 1...
-2.5     0        0        0        0        0        | -1.0561
-2.5     1.124    0        0        0        0        | -1.0563
-2.5     1.124    -0.1689  0        0        0        | -1.0563
-2.5     1.124    -0.1689  8.363e-05 0        0        | -1.0563
-2.5     1.124    -0.1689  8.363e-05 0.001379 0        | -1.0563
-2.5     1.124    -0.1689  8.363e-05 0.001379 -0.01021 | -1.0563
iteration 2...
-2.569   1.124    -0.1689  8.363e-05 0.001379 -0.01021 | -1.0563
-2.569   1.116    -0.1689  8.363e-05 0.001379 -0.01021 | -1.0563
-2.569   1.116    -0.1688  8.363e-05 0.001379 -0.01021 | -1.0563
-2.569   1.116    -0.1688  0.001054 0.001379 -0.01021 | -1.0564
-2.569   1.116    -0.1688  0.001054 0.001058 -0.01021 | -1.0564
-2.569   1.116    -0.1688  0.001054 0.001058 -0.01021 | -1.0564
iteration 3...
-2.569   1.116    -0.1688  0.001054 0.001058 -0.01021 | -1.0564
-2.569   1.157    -0.1688  0.001054 0.001058 -0.01021 | -1.0564
-2.569   1.157    -0.1628  0.001054 0.001058 -0.01021 | -1.0564
-2.569   1.157    -0.1628  0.001448 0.001058 -0.01021 | -1.0564
-2.569   1.157    -0.1628  0.001448 0.001058 -0.01021 | -1.0564
-2.569   1.157    -0.1628  0.001448 0.001058 -0.01021 | -1.0564
iteration 4...
-2.569   1.157    -0.1628  0.001448 0.001058 -0.01021 | -1.0564
-2.569   1.157    -0.1628  0.001448 0.001058 -0.01021 | -1.0564
-2.569   1.157    -0.1516  0.001448 0.001058 -0.01021 | -1.0564
-2.569   1.157    -0.1516  0.001448 0.001058 -0.01021 | -1.0564
-2.569   1.157    -0.1516  0.001448 0.001058 -0.01021 | -1.0564
-2.569   1.157    -0.1516  0.001448 0.001058 -0.01021 | -1.0564
iteration 1...
-2.333   1.157    -0.1516  0.001448 0.001058 -0.01021 | -1.0564
-2.333   1.148    -0.1516  0.001448 0.001058 -0.01021 | -1.0564
-2.333   1.148    -0.497   0.001448 0.001058 -0.01021 | -1.0564
-2.333   1.148    -0.497   -0.01028 0.001058 -0.01021 | -1.0565
-2.333   1.148    -0.497   -0.01028 0.001066 -0.01021 | -1.0565
-2.333   1.148    -0.497   -0.01028 0.001066 -0.0007809 | -1.0565
iteration 2...
-2.333   1.148    -0.497   -0.01028 0.001066 -0.0007809 | -1.0565
-2.333   1.148    -0.497   -0.01028 0.001066 -0.0007809 | -1.0565
-2.333   1.148    -0.7063  -0.01028 0.001066 -0.0007809 | -1.0565
-2.333   1.148    -0.7063  -0.01423 0.001066 -0.0007809 | -1.0565
-2.333   1.148    -0.7063  -0.01423 0.001066 -0.0007809 | -1.0565
-2.333   1.148    -0.7063  -0.01423 0.001066 -0.0007809 | -1.0565
iteration 3...
-2.349   1.148    -0.7063  -0.01423 0.001066 -0.0007809 | -1.0565
-2.349   1.148    -0.7063  -0.01423 0.001066 -0.0007809 | -1.0565
-2.349   1.148    -0.9045  -0.01423 0.001066 -0.0007809 | -1.0565
-2.349   1.148    -0.9045  -0.01423 0.001066 -0.0007809 | -1.0565
-2.349   1.148    -0.9045  -0.01423 0.001066 -0.0007809 | -1.0565
-2.349   1.148    -0.9045  -0.01423 0.001066 -0.0004035 | -1.0565
iteration 4...
-2.371   1.148    -0.9045  -0.01423 0.001066 -0.0004035 | -1.0565
-2.371   1.182    -0.9045  -0.01423 0.001066 -0.0004035 | -1.0565
-2.371   1.182    -0.9045  -0.01423 0.001066 -0.0004035 | -1.0565
-2.371   1.182    -0.9045  -0.01411 0.001066 -0.0004035 | -1.0565
-2.371   1.182    -0.9045  -0.01411 0.0007102 -0.0004035 | -1.0565
-2.371   1.182    -0.9045  -0.01411 0.0007102 -0.0004035 | -1.0565
iteration 5...
-2.371   1.182    -0.9045  -0.01411 0.0007102 -0.0004035 | -1.0565
-2.371   1.182    -0.9045  -0.01411 0.0007102 -0.0004035 | -1.0565
-2.371   1.182    -0.9268  -0.01411 0.0007102 -0.0004035 | -1.0565
-2.371   1.182    -0.9268  -0.01411 0.0007102 -0.0004035 | -1.0565
-2.371   1.182    -0.9268  -0.01411 0.0007102 -0.0004035 | -1.0565
-2.371   1.182    -0.9268  -0.01411 0.0007102 -0.0004035 | -1.0565
iteration 6...
-2.371   1.182    -0.9268  -0.01411 0.0007102 -0.0004035 | -1.0565
-2.371   1.177    -0.9268  -0.01411 0.0007102 -0.0004035 | -1.0565
-2.371   1.177    -0.9246  -0.01411 0.0007102 -0.0004035 | -1.0565
-2.371   1.177    -0.9246  -0.01411 0.0007102 -0.0004035 | -1.0565
-2.371   1.177    -0.9246  -0.01411 0.0007102 -0.0004035 | -1.0565
-2.371   1.177    -0.9246  -0.01411 0.0007102 -0.000533 | -1.0565
Done    'Coregister: Estimate'
Done

CoReg Done in 33.802862 seconds

All done with coregistration.
>> >> 
No sandbox specified



Start   : Mon Jun  4 20:43:33 EDT 2018
Finish  : Mon Jun  4 20:44:44 EDT 2018


