
                            < M A T L A B (R) >
                  Copyright 1984-2017 The MathWorks, Inc.
                   R2017a (9.2.0.556344) 64-bit (glnxa64)
                               March 27, 2017

 
To get started, type one of these: helpwin, helpdesk, or demo.
For product information, visit www.mathworks.com.
 
>> >> >> >> Coregistation Script Created on 180605_00_10_30_799
>> >> >> >> >> >> [Warning: Name is nonexistent or not a directory:
/Users/rcwelsh/matlabScripts/WELLES/mfiles] 
[> In path (line 109)
  In addpath (line 86)] 
>> >> >> >> >> 
UMBatchJobName =

    'coregOverlay_180605_00_10_30_799_tehsheng_madcbrai'

>> 
UMBatchProcessName =

    'coregOverlay'

>> >> Initializing the job manager in SPM8

UMReSlice =

     0



Calling UMBatchCoReg with:
/nfs/fmri/Analysis/Sean_Working/Git_MADC/preprocess/../../../Subjects_oldResting/madc1444_scan1/func//run_01/utprun_01.nii
/nfs/fmri/Analysis/Subjects_oldResting/madc1444_scan1/func/coReg/t1mprage.nii
UMReSlice:0
Entering UMBatchCoReg V2.0 for SPM8
Coreging /nfs/fmri/Analysis/Subjects_oldResting/madc1444_scan1/func/coReg/t1mprage.nii to
         /nfs/fmri/Analysis/Sean_Working/Git_MADC/preprocess/../../../Subjects_oldResting/madc1444_scan1/func//run_01/utprun_01.nii


------------------------------------------------------------------------
Running job #1
------------------------------------------------------------------------
Running 'Coregister: Estimate'
iteration 1...
-1.658   0        0        0        0        0        | -1.0556
-1.658   3.268    0        0        0        0        | -1.0573
-1.658   3.268    -0.06572 0        0        0        | -1.0573
-1.658   3.268    -0.06572 -0.0001747 0        0        | -1.0573
-1.658   3.268    -0.06572 -0.0001747 -0.00587 0        | -1.0573
-1.658   3.268    -0.06572 -0.0001747 -0.00587 -0.01739 | -1.0574
iteration 2...
-1.559   3.268    -0.06572 -0.0001747 -0.00587 -0.01739 | -1.0574
-1.559   3.268    -0.06572 -0.0001747 -0.00587 -0.01739 | -1.0574
-1.559   3.268    0.05062  -0.0001747 -0.00587 -0.01739 | -1.0574
-1.559   3.268    0.05062  -0.003164 -0.00587 -0.01739 | -1.0574
-1.559   3.268    0.05062  -0.003164 -0.008432 -0.01739 | -1.0574
-1.559   3.268    0.05062  -0.003164 -0.008432 -0.01816 | -1.0574
iteration 3...
-1.536   3.268    0.05062  -0.003164 -0.008432 -0.01816 | -1.0574
-1.536   3.355    0.05062  -0.003164 -0.008432 -0.01816 | -1.0574
-1.536   3.355    0.05062  -0.003164 -0.008432 -0.01816 | -1.0574
-1.536   3.355    0.05062  -0.005046 -0.008432 -0.01816 | -1.0574
-1.536   3.355    0.05062  -0.005046 -0.009782 -0.01816 | -1.0574
-1.536   3.355    0.05062  -0.005046 -0.009782 -0.01816 | -1.0574
-1.487   3.534    0.05062  -0.008924 -0.01256 -0.01816 | -1.0574
iteration 4...
-1.487   3.534    0.05062  -0.008924 -0.01256 -0.01816 | -1.0574
-1.487   3.534    0.05062  -0.008924 -0.01256 -0.01816 | -1.0574
-1.487   3.534    0.0706   -0.008924 -0.01256 -0.01816 | -1.0574
-1.487   3.534    0.0706   -0.01336 -0.01256 -0.01816 | -1.0574
-1.487   3.534    0.0706   -0.01336 -0.01086 -0.01816 | -1.0574
-1.487   3.534    0.0706   -0.01336 -0.01086 -0.01335 | -1.0574
iteration 5...
-1.496   3.534    0.0706   -0.01336 -0.01086 -0.01335 | -1.0574
-1.448   3.711    0.0706   -0.01719 -0.01361 -0.01335 | -1.0574
-1.448   3.711    0.2759   -0.01719 -0.01361 -0.01335 | -1.0574
-1.448   3.711    0.2759   -0.01724 -0.01361 -0.01335 | -1.0574
-1.448   3.711    0.2759   -0.01724 -0.01168 -0.01335 | -1.0574
-1.448   3.711    0.2759   -0.01724 -0.01168 -0.01312 | -1.0574
iteration 6...
-1.448   3.711    0.2759   -0.01724 -0.01168 -0.01312 | -1.0574
-1.434   3.762    0.2759   -0.01836 -0.01248 -0.01312 | -1.0574
-1.434   3.762    0.3237   -0.01836 -0.01248 -0.01312 | -1.0574
-1.434   3.762    0.3237   -0.01836 -0.01248 -0.01312 | -1.0574
-1.434   3.762    0.3237   -0.01836 -0.01166 -0.01312 | -1.0574
-1.434   3.762    0.3237   -0.01836 -0.01166 -0.01312 | -1.0574
-1.428   3.786    0.3461   -0.01888 -0.01165 -0.01312 | -1.0575
iteration 7...
-1.317   3.786    0.3461   -0.01888 -0.01165 -0.01312 | -1.0575
-1.317   3.786    0.3461   -0.01888 -0.01165 -0.01312 | -1.0575
-1.317   3.786    0.3882   -0.01888 -0.01165 -0.01312 | -1.0575
-1.317   3.786    0.3882   -0.01888 -0.01165 -0.01312 | -1.0575
-1.317   3.786    0.3882   -0.01888 -0.01077 -0.01312 | -1.0575
-1.317   3.786    0.3882   -0.01888 -0.01077 -0.01312 | -1.0575
iteration 8...
-1.317   3.786    0.3882   -0.01888 -0.01077 -0.01312 | -1.0575
-1.317   3.784    0.3861   -0.01883 -0.01077 -0.01312 | -1.0575
-1.317   3.784    0.3861   -0.01883 -0.01077 -0.01312 | -1.0575
-1.317   3.784    0.3861   -0.01883 -0.01077 -0.01312 | -1.0575
-1.317   3.784    0.3861   -0.01883 -0.01066 -0.01312 | -1.0575
-1.317   3.784    0.3861   -0.01883 -0.01066 -0.01312 | -1.0575
iteration 1...
-1.28    3.784    0.3861   -0.01883 -0.01066 -0.01312 | -1.0574
-1.28    3.758    0.3861   -0.01883 -0.01066 -0.01312 | -1.0574
-1.28    3.758    0.4261   -0.01883 -0.01066 -0.01312 | -1.0574
-1.28    3.758    0.4261   -0.01458 -0.01066 -0.01312 | -1.0574
-1.28    3.758    0.4261   -0.01458 -0.008865 -0.01312 | -1.0574
-1.28    3.758    0.4261   -0.01458 -0.008865 -0.01375 | -1.0574
iteration 2...
-1.311   3.758    0.4261   -0.01458 -0.008865 -0.01375 | -1.0574
-1.311   3.643    0.4261   -0.01458 -0.008865 -0.01375 | -1.0574
-1.311   3.643    0.4261   -0.01458 -0.008865 -0.01375 | -1.0574
-1.311   3.643    0.4261   -0.01303 -0.008865 -0.01375 | -1.0574
-1.311   3.643    0.4261   -0.01303 -0.008865 -0.01375 | -1.0574
-1.311   3.643    0.4261   -0.01303 -0.008865 -0.01375 | -1.0574
-1.33    3.571    0.4261   -0.01207 -0.008865 -0.01375 | -1.0574
iteration 3...
-1.322   3.571    0.4261   -0.01207 -0.008865 -0.01375 | -1.0574
-1.322   3.571    0.4261   -0.01207 -0.008865 -0.01375 | -1.0574
-1.322   3.571    0.3826   -0.01207 -0.008865 -0.01375 | -1.0574
-1.322   3.571    0.3826   -0.0107  -0.008865 -0.01375 | -1.0574
-1.322   3.571    0.3826   -0.0107  -0.008574 -0.01375 | -1.0574
-1.322   3.571    0.3826   -0.0107  -0.008574 -0.01397 | -1.0574
iteration 4...
-1.322   3.571    0.3826   -0.0107  -0.008574 -0.01397 | -1.0574
-1.326   3.558    0.3826   -0.01051 -0.008574 -0.01397 | -1.0574
-1.326   3.558    0.3741   -0.01051 -0.008574 -0.01397 | -1.0574
-1.326   3.558    0.3741   -0.01051 -0.008574 -0.01397 | -1.0574
-1.326   3.558    0.3741   -0.01051 -0.008574 -0.01397 | -1.0574
-1.326   3.558    0.3741   -0.01051 -0.008574 -0.01397 | -1.0574
Done    'Coregister: Estimate'
Done

CoReg Done in 31.440240 seconds

All done with coregistration.
>> >> 
No sandbox specified



Start   : Tue Jun  5 00:10:33 EDT 2018
Finish  : Tue Jun  5 00:11:44 EDT 2018


