
                            < M A T L A B (R) >
                  Copyright 1984-2017 The MathWorks, Inc.
                   R2017a (9.2.0.556344) 64-bit (glnxa64)
                               March 27, 2017

 
To get started, type one of these: helpwin, helpdesk, or demo.
For product information, visit www.mathworks.com.
 
>> >> >> >> Coregistation Script Created on 180604_17_56_49_790
>> >> >> >> >> >> [Warning: Name is nonexistent or not a directory:
/Users/rcwelsh/matlabScripts/WELLES/mfiles] 
[> In path (line 109)
  In addpath (line 86)] 
>> >> >> >> >> 
UMBatchJobName =

    'coregOverlay_180604_17_56_49_790_tehsheng_madcbrai'

>> 
UMBatchProcessName =

    'coregOverlay'

>> >> Initializing the job manager in SPM8

UMReSlice =

     0



Calling UMBatchCoReg with:
/nfs/fmri/Analysis/Sean_Working/Git_MADC/preprocess/../../../Subjects_oldResting/madc1315_scan1/func//run_01/utprun_01.nii
/nfs/fmri/Analysis/Subjects_oldResting/madc1315_scan1/func/coReg/t1mprage.nii
UMReSlice:0
Entering UMBatchCoReg V2.0 for SPM8
Coreging /nfs/fmri/Analysis/Subjects_oldResting/madc1315_scan1/func/coReg/t1mprage.nii to
         /nfs/fmri/Analysis/Sean_Working/Git_MADC/preprocess/../../../Subjects_oldResting/madc1315_scan1/func//run_01/utprun_01.nii


------------------------------------------------------------------------
Running job #1
------------------------------------------------------------------------
Running 'Coregister: Estimate'
iteration 1...
-3.07    0        0        0        0        0        | -1.049
-3.07    1.777    0        0        0        0        | -1.0494
-3.07    1.777    -1.968   0        0        0        | -1.0496
-3.07    1.777    -1.968   -0.007363 0        0        | -1.0496
-3.07    1.777    -1.968   -0.007363 -0.001152 0        | -1.0496
-3.07    1.777    -1.968   -0.007363 -0.001152 0        | -1.0496
iteration 2...
-2.628   1.777    -1.968   -0.007363 -0.001152 0        | -1.0496
-2.628   2.49     -1.968   -0.007363 -0.001152 0        | -1.0497
-2.628   2.49     -1.726   -0.007363 -0.001152 0        | -1.0497
-2.628   2.49     -1.726   -0.004445 -0.001152 0        | -1.0497
-2.628   2.49     -1.726   -0.004445 0.003476 0        | -1.0497
-2.628   2.49     -1.726   -0.004445 0.003476 -0.008142 | -1.0497
iteration 3...
-2.824   2.49     -1.726   -0.004445 0.003476 -0.008142 | -1.0497
-2.824   2.49     -1.726   -0.004445 0.003476 -0.008142 | -1.0497
-2.824   2.49     -1.801   -0.004445 0.003476 -0.008142 | -1.0497
-2.824   2.49     -1.801   -0.004445 0.003476 -0.008142 | -1.0497
-2.824   2.49     -1.801   -0.004445 0.003476 -0.008142 | -1.0497
-2.824   2.49     -1.801   -0.004445 0.003476 -0.003057 | -1.0498
iteration 4...
-2.724   2.49     -1.801   -0.004445 0.003476 -0.003057 | -1.0498
-2.724   2.548    -1.801   -0.004445 0.003476 -0.003057 | -1.0498
-2.724   2.548    -1.771   -0.004445 0.003476 -0.003057 | -1.0498
-2.724   2.548    -1.771   -0.005381 0.003476 -0.003057 | -1.0498
-2.724   2.548    -1.771   -0.005381 0.001969 -0.003057 | -1.0498
-2.724   2.548    -1.771   -0.005381 0.001969 -0.003749 | -1.0498
iteration 5...
-2.756   2.548    -1.771   -0.005381 0.001969 -0.003749 | -1.0498
-2.756   2.558    -1.771   -0.005381 0.001969 -0.003749 | -1.0498
-2.756   2.558    -1.771   -0.005381 0.001969 -0.003749 | -1.0498
-2.756   2.558    -1.771   -0.005381 0.001969 -0.003749 | -1.0498
-2.756   2.558    -1.771   -0.005381 0.00183  -0.003749 | -1.0498
-2.756   2.558    -1.771   -0.005381 0.00183  -0.003749 | -1.0498
iteration 6...
-2.755   2.558    -1.771   -0.005381 0.00183  -0.003749 | -1.0498
-2.755   2.558    -1.771   -0.005381 0.00183  -0.003749 | -1.0498
-2.755   2.558    -1.771   -0.005381 0.00183  -0.003749 | -1.0498
-2.755   2.558    -1.771   -0.005318 0.00183  -0.003749 | -1.0498
-2.755   2.558    -1.771   -0.005318 0.00183  -0.003749 | -1.0498
-2.755   2.558    -1.771   -0.005318 0.00183  -0.003749 | -1.0498
iteration 1...
-2.893   2.558    -1.771   -0.005318 0.00183  -0.003749 | -1.0497
-2.893   2.668    -1.771   -0.005318 0.00183  -0.003749 | -1.0497
-2.893   2.668    -1.643   -0.005318 0.00183  -0.003749 | -1.0497
-2.893   2.668    -1.643   -0.01127 0.00183  -0.003749 | -1.0497
-2.893   2.668    -1.643   -0.01127 -0.01575 -0.003749 | -1.0498
-2.893   2.668    -1.643   -0.01127 -0.01575 -0.0214  | -1.0498
iteration 2...
-2.703   2.668    -1.643   -0.01127 -0.01575 -0.0214  | -1.0498
-2.703   2.637    -1.643   -0.01127 -0.01575 -0.0214  | -1.0498
-2.703   2.637    -1.798   -0.01127 -0.01575 -0.0214  | -1.0498
-2.703   2.637    -1.798   -0.007679 -0.01575 -0.0214  | -1.0498
-2.703   2.637    -1.798   -0.007679 -0.02509 -0.0214  | -1.0498
-2.703   2.637    -1.798   -0.007679 -0.02509 -0.0214  | -1.0498
iteration 3...
-2.703   2.637    -1.798   -0.007679 -0.02509 -0.0214  | -1.0498
-2.703   2.646    -1.798   -0.007679 -0.02509 -0.0214  | -1.0498
-2.703   2.646    -1.883   -0.007679 -0.02509 -0.0214  | -1.0498
-2.703   2.646    -1.883   -0.008891 -0.02509 -0.0214  | -1.0498
-2.703   2.646    -1.883   -0.008891 -0.02509 -0.0214  | -1.0498
-2.703   2.646    -1.883   -0.008891 -0.02509 -0.0214  | -1.0498
iteration 4...
-2.703   2.646    -1.883   -0.008891 -0.02509 -0.0214  | -1.0498
-2.703   2.646    -1.883   -0.008891 -0.02509 -0.0214  | -1.0498
-2.703   2.646    -1.873   -0.008891 -0.02509 -0.0214  | -1.0498
-2.703   2.646    -1.873   -0.008891 -0.02509 -0.0214  | -1.0498
-2.703   2.646    -1.873   -0.008891 -0.02509 -0.0214  | -1.0498
-2.703   2.646    -1.873   -0.008891 -0.02509 -0.0214  | -1.0498
Done    'Coregister: Estimate'
Done

CoReg Done in 29.504664 seconds

All done with coregistration.
>> >> 
No sandbox specified



Start   : Mon Jun  4 17:56:51 EDT 2018
Finish  : Mon Jun  4 17:57:58 EDT 2018


