
                            < M A T L A B (R) >
                  Copyright 1984-2017 The MathWorks, Inc.
                   R2017a (9.2.0.556344) 64-bit (glnxa64)
                               March 27, 2017

 
To get started, type one of these: helpwin, helpdesk, or demo.
For product information, visit www.mathworks.com.
 
>> >> >> >> Coregistation Script Created on 180604_16_17_20_244
>> >> >> >> >> >> [Warning: Name is nonexistent or not a directory:
/Users/rcwelsh/matlabScripts/WELLES/mfiles] 
[> In path (line 109)
  In addpath (line 86)] 
>> >> >> >> >> 
UMBatchJobName =

    'coregOverlay_180604_16_17_20_244_tehsheng_madcbrai'

>> 
UMBatchProcessName =

    'coregOverlay'

>> >> Initializing the job manager in SPM8

UMReSlice =

     0



Calling UMBatchCoReg with:
/nfs/fmri/Analysis/Sean_Working/Git_MADC/preprocess/../../../Subjects_oldResting/madc0773_scan1/func//run_01/utprun_01.nii
/nfs/fmri/Analysis/Subjects_oldResting/madc0773_scan1/func/coReg/t1mprage.nii
UMReSlice:0
Entering UMBatchCoReg V2.0 for SPM8
Coreging /nfs/fmri/Analysis/Subjects_oldResting/madc0773_scan1/func/coReg/t1mprage.nii to
         /nfs/fmri/Analysis/Sean_Working/Git_MADC/preprocess/../../../Subjects_oldResting/madc0773_scan1/func//run_01/utprun_01.nii


------------------------------------------------------------------------
Running job #1
------------------------------------------------------------------------
Running 'Coregister: Estimate'
iteration 1...
-1.71    0        0        0        0        0        | -1.0473
-1.71    3.26     0        0        0        0        | -1.0482
-1.71    3.26     -0.8592  0        0        0        | -1.0482
-1.71    3.26     -0.8592  -0.01947 0        0        | -1.0483
-1.71    3.26     -0.8592  -0.01947 0.001768 0        | -1.0483
-1.71    3.26     -0.8592  -0.01947 0.001768 -0.0002722 | -1.0483
iteration 2...
-1.586   3.26     -0.8592  -0.01947 0.001768 -0.0002722 | -1.0483
-1.586   2.223    -0.8592  -0.01947 0.001768 -0.0002722 | -1.0484
-1.586   2.223    -0.588   -0.01947 0.001768 -0.0002722 | -1.0484
-1.586   2.223    -0.588   -0.02259 0.001768 -0.0002722 | -1.0484
-1.586   2.223    -0.588   -0.02259 0.001768 -0.0002722 | -1.0484
-1.586   2.223    -0.588   -0.02259 0.001768 0.006313 | -1.0484
-1.519   1.67     -0.4434  -0.02426 0.001768 0.009822 | -1.0484
iteration 3...
-1.389   1.67     -0.4434  -0.02426 0.001768 0.009822 | -1.0485
-1.389   1.67     -0.4434  -0.02426 0.001768 0.009822 | -1.0485
-1.389   1.67     -0.6138  -0.02426 0.001768 0.009822 | -1.0485
-1.389   1.67     -0.6138  -0.0298  0.001768 0.009822 | -1.0485
-1.389   1.67     -0.6138  -0.0298  0.004353 0.009822 | -1.0485
-1.389   1.67     -0.6138  -0.0298  0.004353 0.01645  | -1.0485
iteration 4...
-1.364   1.67     -0.6138  -0.0298  0.004353 0.01645  | -1.0485
-1.309   1.212    -0.494   -0.03118 0.004353 0.01935  | -1.0485
-1.309   1.212    -0.7171  -0.03118 0.004353 0.01935  | -1.0485
-1.309   1.212    -0.7171  -0.03546 0.004353 0.01935  | -1.0486
-1.309   1.212    -0.7171  -0.03546 0.006559 0.01935  | -1.0486
-1.309   1.212    -0.7171  -0.03546 0.006559 0.01663  | -1.0486
-1.263   0.9516   -0.7757  -0.03867 0.007812 0.01674  | -1.0486
iteration 5...
-1.075   0.9516   -0.7757  -0.03867 0.007812 0.01674  | -1.0486
-1.071   0.9156   -0.7663  -0.03878 0.007812 0.01697  | -1.0486
-1.071   0.9156   -0.6918  -0.03878 0.007812 0.01697  | -1.0486
-1.068   0.8996   -0.6954  -0.03898 0.007889 0.01697  | -1.0486
-1.068   0.8996   -0.6954  -0.03898 0.007889 0.01697  | -1.0486
-1.068   0.8996   -0.6954  -0.03898 0.007889 0.01697  | -1.0486
iteration 6...
-1.068   0.8996   -0.6954  -0.03898 0.007889 0.01697  | -1.0486
-1.07    0.9173   -0.7     -0.03893 0.007889 0.01686  | -1.0486
-1.07    0.9173   -0.7     -0.03893 0.007889 0.01686  | -1.0486
-1.07    0.9159   -0.7004  -0.03894 0.007896 0.01686  | -1.0486
-1.07    0.9159   -0.7004  -0.03894 0.007896 0.01686  | -1.0486
-1.07    0.9159   -0.7004  -0.03894 0.007896 0.01686  | -1.0486
iteration 1...
-1.093   0.9159   -0.7004  -0.03894 0.007896 0.01686  | -1.0485
-1.093   1.17     -0.7004  -0.03894 0.007896 0.01686  | -1.0486
-1.093   1.17     -0.9838  -0.03894 0.007896 0.01686  | -1.0486
-1.093   1.17     -0.9838  -0.04271 0.007896 0.01686  | -1.0486
-1.093   1.17     -0.9838  -0.04271 0.003842 0.01686  | -1.0486
-1.093   1.17     -0.9838  -0.04271 0.003842 0.01112  | -1.0486
iteration 2...
-1.179   1.17     -0.9838  -0.04271 0.003842 0.01112  | -1.0486
-1.179   0.9545   -0.9838  -0.04271 0.003842 0.01112  | -1.0486
-1.179   0.9545   -0.888   -0.04271 0.003842 0.01112  | -1.0486
-1.179   0.9545   -0.888   -0.04676 0.003842 0.01112  | -1.0486
-1.179   0.9545   -0.888   -0.04676 0.003842 0.01112  | -1.0486
-1.179   0.9545   -0.888   -0.04676 0.003842 0.008313 | -1.0486
-1.287   0.6824   -0.767   -0.05186 0.003842 0.004775 | -1.0486
iteration 3...
-1.376   0.6824   -0.767   -0.05186 0.003842 0.004775 | -1.0486
-1.376   0.4404   -0.767   -0.05186 0.003842 0.004775 | -1.0486
-1.376   0.4404   -0.7381  -0.05186 0.003842 0.004775 | -1.0486
-1.426   0.316    -0.6828  -0.0542  0.003842 0.003159 | -1.0486
-1.426   0.316    -0.6828  -0.0542  0.002978 0.003159 | -1.0486
-1.426   0.316    -0.6828  -0.0542  0.002978 0.003814 | -1.0486
iteration 4...
-1.421   0.316    -0.6828  -0.0542  0.002978 0.003814 | -1.0486
-1.421   0.3005   -0.6828  -0.0542  0.002978 0.003814 | -1.0486
-1.421   0.3005   -0.6793  -0.0542  0.002978 0.003814 | -1.0486
-1.421   0.3005   -0.6793  -0.0542  0.002978 0.003814 | -1.0486
-1.421   0.3005   -0.6793  -0.0542  0.002978 0.003814 | -1.0486
-1.421   0.3005   -0.6793  -0.0542  0.002978 0.003847 | -1.0486
Done    'Coregister: Estimate'
Done

CoReg Done in 34.325298 seconds

All done with coregistration.
>> >> 
No sandbox specified



Start   : Mon Jun  4 16:17:23 EDT 2018
Finish  : Mon Jun  4 16:18:43 EDT 2018


