
                            < M A T L A B (R) >
                  Copyright 1984-2017 The MathWorks, Inc.
                   R2017a (9.2.0.556344) 64-bit (glnxa64)
                               March 27, 2017

 
To get started, type one of these: helpwin, helpdesk, or demo.
For product information, visit www.mathworks.com.
 
>> >> >> >> Coregistation Script Created on 180604_16_15_21_468
>> >> >> >> >> >> [Warning: Name is nonexistent or not a directory:
/Users/rcwelsh/matlabScripts/WELLES/mfiles] 
[> In path (line 109)
  In addpath (line 86)] 
>> >> >> >> >> 
UMBatchJobName =

    'coregOverlay_180604_16_15_21_468_tehsheng_madcbrai'

>> 
UMBatchProcessName =

    'coregOverlay'

>> >> Initializing the job manager in SPM8

UMReSlice =

     0



Calling UMBatchCoReg with:
/nfs/fmri/Analysis/Sean_Working/Git_MADC/preprocess/../../../Subjects_oldResting/madc1294_scan1/func//run_01/utprun_01.nii
/nfs/fmri/Analysis/Subjects_oldResting/madc1294_scan1/func/coReg/t1mprage.nii
UMReSlice:0
Entering UMBatchCoReg V2.0 for SPM8
Coreging /nfs/fmri/Analysis/Subjects_oldResting/madc1294_scan1/func/coReg/t1mprage.nii to
         /nfs/fmri/Analysis/Sean_Working/Git_MADC/preprocess/../../../Subjects_oldResting/madc1294_scan1/func//run_01/utprun_01.nii


------------------------------------------------------------------------
Running job #1
------------------------------------------------------------------------
Running 'Coregister: Estimate'
iteration 1...
-4.383   0        0        0        0        0        | -1.0552
-4.383   0.5128   0        0        0        0        | -1.0552
-4.383   0.5128   -0.7132  0        0        0        | -1.0552
-4.383   0.5128   -0.7132  0.02833  0        0        | -1.0553
-4.383   0.5128   -0.7132  0.02833  0.0302   0        | -1.0554
-4.383   0.5128   -0.7132  0.02833  0.0302   -0.03236 | -1.0555
iteration 2...
-4.339   0.5128   -0.7132  0.02833  0.0302   -0.03236 | -1.0555
-4.339   0.9709   -0.7132  0.02833  0.0302   -0.03236 | -1.0556
-4.339   0.9709   -0.6764  0.02833  0.0302   -0.03236 | -1.0556
-4.339   0.9709   -0.6764  0.02859  0.0302   -0.03236 | -1.0556
-4.339   0.9709   -0.6764  0.02859  0.02801  -0.03236 | -1.0556
-4.339   0.9709   -0.6764  0.02859  0.02801  -0.03101 | -1.0556
iteration 3...
-4.332   0.9709   -0.6764  0.02859  0.02801  -0.03101 | -1.0556
-4.332   0.9619   -0.6764  0.02859  0.02801  -0.03101 | -1.0556
-4.332   0.9619   -0.7228  0.02859  0.02801  -0.03101 | -1.0556
-4.332   0.9619   -0.7228  0.02882  0.02801  -0.03101 | -1.0556
-4.332   0.9619   -0.7228  0.02882  0.02801  -0.03101 | -1.0556
-4.332   0.9619   -0.7228  0.02882  0.02801  -0.03101 | -1.0556
iteration 4...
-4.332   0.9619   -0.7228  0.02882  0.02801  -0.03101 | -1.0556
-4.332   0.9619   -0.7228  0.02882  0.02801  -0.03101 | -1.0556
-4.332   0.9619   -0.7115  0.02882  0.02801  -0.03101 | -1.0556
-4.332   0.9619   -0.7115  0.02882  0.02801  -0.03101 | -1.0556
-4.332   0.9619   -0.7115  0.02882  0.02801  -0.03101 | -1.0556
-4.332   0.9619   -0.7115  0.02882  0.02801  -0.03101 | -1.0556
iteration 1...
-4.008   0.9619   -0.7115  0.02882  0.02801  -0.03101 | -1.0557
-4.008   2.009    -0.7115  0.02882  0.02801  -0.03101 | -1.0558
-4.008   2.009    -0.1068  0.02882  0.02801  -0.03101 | -1.0558
-4.008   2.009    -0.1068  0.008664 0.02801  -0.03101 | -1.0559
-4.008   2.009    -0.1068  0.008664 0.02301  -0.03101 | -1.0559
-4.008   2.009    -0.1068  0.008664 0.02301  -0.02673 | -1.0559
iteration 2...
-3.608   2.009    -0.1068  0.008664 0.02301  -0.02673 | -1.0559
-3.608   2.55     -0.1068  0.008664 0.02301  -0.02673 | -1.0559
-3.608   2.55     -0.2832  0.008664 0.02301  -0.02673 | -1.0559
-3.608   2.55     -0.2832  0.005651 0.02301  -0.02673 | -1.056
-3.608   2.55     -0.2832  0.005651 0.01612  -0.02673 | -1.056
-3.608   2.55     -0.2832  0.005651 0.01612  -0.01927 | -1.056
iteration 3...
-3.514   2.55     -0.2832  0.005651 0.01612  -0.01927 | -1.056
-3.514   2.73     -0.2832  0.005651 0.01612  -0.01927 | -1.056
-3.514   2.73     -0.2529  0.005651 0.01612  -0.01927 | -1.056
-3.514   2.73     -0.2529  -0.0004341 0.01612  -0.01927 | -1.056
-3.514   2.73     -0.2529  -0.0004341 0.01605  -0.01927 | -1.056
-3.514   2.73     -0.2529  -0.0004341 0.01605  -0.02126 | -1.056
iteration 4...
-3.467   2.73     -0.2529  -0.0004341 0.01605  -0.02126 | -1.056
-3.467   2.813    -0.2529  -0.0004341 0.01605  -0.02126 | -1.056
-3.467   2.813    -0.2474  -0.0004341 0.01605  -0.02126 | -1.056
-3.467   2.813    -0.2474  -0.0007927 0.01605  -0.02126 | -1.056
-3.467   2.813    -0.2474  -0.0007927 0.01523  -0.02126 | -1.056
-3.467   2.813    -0.2474  -0.0007927 0.01523  -0.02126 | -1.056
iteration 5...
-3.467   2.813    -0.2474  -0.0007927 0.01523  -0.02126 | -1.056
-3.467   2.813    -0.2474  -0.0007927 0.01523  -0.02126 | -1.056
-3.467   2.813    -0.2585  -0.0007927 0.01523  -0.02126 | -1.056
-3.467   2.813    -0.2585  0.0001388 0.01523  -0.02126 | -1.056
-3.467   2.813    -0.2585  0.0001388 0.01523  -0.02126 | -1.056
-3.467   2.813    -0.2585  0.0001388 0.01523  -0.02126 | -1.056
iteration 6...
-3.467   2.813    -0.2585  0.0001388 0.01523  -0.02126 | -1.056
-3.467   2.813    -0.2585  0.0001388 0.01523  -0.02126 | -1.056
-3.467   2.813    -0.2585  0.0001388 0.01523  -0.02126 | -1.056
-3.467   2.813    -0.2585  0.0001388 0.01523  -0.02126 | -1.056
-3.467   2.813    -0.2585  0.0001388 0.01523  -0.02126 | -1.056
-3.467   2.813    -0.2585  0.0001388 0.01523  -0.02126 | -1.056
Done    'Coregister: Estimate'
Done

CoReg Done in 38.998680 seconds

All done with coregistration.
>> >> 
No sandbox specified



Start   : Mon Jun  4 16:15:24 EDT 2018
Finish  : Mon Jun  4 16:16:42 EDT 2018


