
                            < M A T L A B (R) >
                  Copyright 1984-2017 The MathWorks, Inc.
                   R2017a (9.2.0.556344) 64-bit (glnxa64)
                               March 27, 2017

 
To get started, type one of these: helpwin, helpdesk, or demo.
For product information, visit www.mathworks.com.
 
>> >> >> >> Coregistation Script Created on 180605_00_08_54_550
>> >> >> >> >> >> [Warning: Name is nonexistent or not a directory:
/Users/rcwelsh/matlabScripts/WELLES/mfiles] 
[> In path (line 109)
  In addpath (line 86)] 
>> >> >> >> >> 
UMBatchJobName =

    'coregOverlay_180605_00_08_54_550_tehsheng_madcbrai'

>> 
UMBatchProcessName =

    'coregOverlay'

>> >> Initializing the job manager in SPM8

UMReSlice =

     0



Calling UMBatchCoReg with:
/nfs/fmri/Analysis/Sean_Working/Git_MADC/preprocess/../../../Subjects_oldResting/madc1407_scan1/func//run_01/utprun_01.nii
/nfs/fmri/Analysis/Subjects_oldResting/madc1407_scan1/func/coReg/t1mprage.nii
UMReSlice:0
Entering UMBatchCoReg V2.0 for SPM8
Coreging /nfs/fmri/Analysis/Subjects_oldResting/madc1407_scan1/func/coReg/t1mprage.nii to
         /nfs/fmri/Analysis/Sean_Working/Git_MADC/preprocess/../../../Subjects_oldResting/madc1407_scan1/func//run_01/utprun_01.nii


------------------------------------------------------------------------
Running job #1
------------------------------------------------------------------------
Running 'Coregister: Estimate'
iteration 1...
-1.889   0        0        0        0        0        | -1.0508
-1.889   1.633    0        0        0        0        | -1.0512
-1.889   1.633    -1.931   0        0        0        | -1.0514
-1.889   1.633    -1.931   0.001737 0        0        | -1.0514
-1.889   1.633    -1.931   0.001737 0.00637  0        | -1.0514
-1.889   1.633    -1.931   0.001737 0.00637  0        | -1.0514
iteration 2...
-2.116   1.633    -1.931   0.001737 0.00637  0        | -1.0514
-2.116   1.516    -1.931   0.001737 0.00637  0        | -1.0514
-2.116   1.516    -1.911   0.001737 0.00637  0        | -1.0514
-2.116   1.516    -1.911   0.001737 0.00637  0        | -1.0514
-2.116   1.516    -1.911   0.001737 0.008996 0        | -1.0515
-2.116   1.516    -1.911   0.001737 0.008996 0        | -1.0515
iteration 3...
-2.116   1.516    -1.911   0.001737 0.008996 0        | -1.0515
-2.116   1.516    -1.911   0.001737 0.008996 0        | -1.0515
-2.116   1.516    -1.878   0.001737 0.008996 0        | -1.0515
-2.116   1.516    -1.878   0.001487 0.008996 0        | -1.0515
-2.116   1.516    -1.878   0.001487 0.008996 0        | -1.0515
-2.116   1.516    -1.878   0.001487 0.008996 0.001411 | -1.0515
iteration 4...
-2.208   1.516    -1.878   0.001487 0.008996 0.001411 | -1.0515
-2.208   1.536    -1.878   0.001487 0.008996 0.001411 | -1.0515
-2.208   1.536    -1.888   0.001487 0.008996 0.001411 | -1.0515
-2.208   1.536    -1.888   0.001487 0.008996 0.001411 | -1.0515
-2.208   1.536    -1.888   0.001487 0.01119  0.001411 | -1.0515
-2.208   1.536    -1.888   0.001487 0.01119  0.001411 | -1.0515
iteration 5...
-2.208   1.536    -1.888   0.001487 0.01119  0.001411 | -1.0515
-2.208   1.549    -1.888   0.001487 0.01119  0.001411 | -1.0515
-2.208   1.549    -1.876   0.001487 0.01119  0.001411 | -1.0515
-2.208   1.549    -1.876   0.001487 0.01119  0.001411 | -1.0515
-2.208   1.549    -1.876   0.001487 0.01119  0.001411 | -1.0515
-2.208   1.549    -1.876   0.001487 0.01119  0.001411 | -1.0515
iteration 1...
-2.099   1.549    -1.876   0.001487 0.01119  0.001411 | -1.0515
-2.099   1.915    -1.876   0.001487 0.01119  0.001411 | -1.0515
-2.099   1.915    -1.688   0.001487 0.01119  0.001411 | -1.0515
-2.099   1.915    -1.688   -4.417e-05 0.01119  0.001411 | -1.0515
-2.099   1.915    -1.688   -4.417e-05 0.009515 0.001411 | -1.0515
-2.099   1.915    -1.688   -4.417e-05 0.009515 -0.002577 | -1.0515
iteration 2...
-2.032   1.915    -1.688   -4.417e-05 0.009515 -0.002577 | -1.0516
-2.032   1.881    -1.688   -4.417e-05 0.009515 -0.002577 | -1.0516
-2.032   1.881    -1.683   -4.417e-05 0.009515 -0.002577 | -1.0516
-2.032   1.881    -1.683   -0.0001665 0.009515 -0.002577 | -1.0516
-2.032   1.881    -1.683   -0.0001665 0.009515 -0.002577 | -1.0516
-2.032   1.881    -1.683   -0.0001665 0.009515 -0.003064 | -1.0516
iteration 3...
-2.046   1.881    -1.683   -0.0001665 0.009515 -0.003064 | -1.0516
-2.046   1.896    -1.683   -0.0001665 0.009515 -0.003064 | -1.0516
-2.046   1.896    -1.683   -0.0001665 0.009515 -0.003064 | -1.0516
-2.046   1.896    -1.683   0.0001809 0.009515 -0.003064 | -1.0516
-2.046   1.896    -1.683   0.0001809 0.009515 -0.003064 | -1.0516
-2.046   1.896    -1.683   0.0001809 0.009515 -0.003064 | -1.0516
iteration 4...
-2.046   1.896    -1.683   0.0001809 0.009515 -0.003064 | -1.0516
-2.046   1.879    -1.683   0.0001809 0.009515 -0.003064 | -1.0516
-2.046   1.879    -1.663   0.0001809 0.009515 -0.003064 | -1.0516
-2.046   1.879    -1.663   0.0001809 0.009515 -0.003064 | -1.0516
-2.046   1.879    -1.663   0.0001809 0.009515 -0.003064 | -1.0516
-2.046   1.879    -1.663   0.0001809 0.009515 -0.003064 | -1.0516
iteration 5...
-2.046   1.879    -1.663   0.0001809 0.009515 -0.003064 | -1.0516
-2.046   1.878    -1.663   0.0001809 0.009515 -0.003064 | -1.0516
-2.046   1.878    -1.663   0.0001809 0.009515 -0.003064 | -1.0516
-2.046   1.878    -1.663   0.0001809 0.009515 -0.003064 | -1.0516
-2.046   1.878    -1.663   0.0001809 0.009515 -0.003064 | -1.0516
-2.046   1.878    -1.663   0.0001809 0.009515 -0.003064 | -1.0516
Done    'Coregister: Estimate'
Done

CoReg Done in 33.125258 seconds

All done with coregistration.
>> >> 
No sandbox specified



Start   : Tue Jun  5 00:08:56 EDT 2018
Finish  : Tue Jun  5 00:10:11 EDT 2018


