
                            < M A T L A B (R) >
                  Copyright 1984-2017 The MathWorks, Inc.
                   R2017a (9.2.0.556344) 64-bit (glnxa64)
                               March 27, 2017

 
To get started, type one of these: helpwin, helpdesk, or demo.
For product information, visit www.mathworks.com.
 
>> >> >> >> Coregistation Script Created on 180604_22_55_49_298
>> >> >> >> >> >> [Warning: Name is nonexistent or not a directory:
/Users/rcwelsh/matlabScripts/WELLES/mfiles] 
[> In path (line 109)
  In addpath (line 86)] 
>> >> >> >> >> 
UMBatchJobName =

    'coregOverlay_180604_22_55_49_298_tehsheng_madcbrai'

>> 
UMBatchProcessName =

    'coregOverlay'

>> >> Initializing the job manager in SPM8

UMReSlice =

     0



Calling UMBatchCoReg with:
/nfs/fmri/Analysis/Sean_Working/Git_MADC/preprocess/../../../Subjects_oldResting/madc1439_scan1/func//run_01/utprun_01.nii
/nfs/fmri/Analysis/Subjects_oldResting/madc1439_scan1/func/coReg/t1mprage.nii
UMReSlice:0
Entering UMBatchCoReg V2.0 for SPM8
Coreging /nfs/fmri/Analysis/Subjects_oldResting/madc1439_scan1/func/coReg/t1mprage.nii to
         /nfs/fmri/Analysis/Sean_Working/Git_MADC/preprocess/../../../Subjects_oldResting/madc1439_scan1/func//run_01/utprun_01.nii


------------------------------------------------------------------------
Running job #1
------------------------------------------------------------------------
Running 'Coregister: Estimate'
iteration 1...
-1.772   0        0        0        0        0        | -1.0521
-1.772   1.047    0        0        0        0        | -1.0522
-1.772   1.047    -3.435   0        0        0        | -1.0529
-1.772   1.047    -3.435   0.02     0        0        | -1.0531
-1.772   1.047    -3.435   0.02     -0.004588 0        | -1.0531
-1.772   1.047    -3.435   0.02     -0.004588 0.01435  | -1.0531
iteration 2...
-1.684   1.047    -3.435   0.02     -0.004588 0.01435  | -1.0531
-1.684   1.791    -3.435   0.02     -0.004588 0.01435  | -1.0531
-1.684   1.791    -3.345   0.02     -0.004588 0.01435  | -1.0531
-1.684   1.791    -3.345   0.01988  -0.004588 0.01435  | -1.0531
-1.684   1.791    -3.345   0.01988  -0.01139 0.01435  | -1.0531
-1.684   1.791    -3.345   0.01988  -0.01139 0.01214  | -1.0532
iteration 3...
-1.65    1.791    -3.345   0.01988  -0.01139 0.01214  | -1.0532
-1.65    1.791    -3.345   0.01988  -0.01139 0.01214  | -1.0532
-1.65    1.791    -3.379   0.01988  -0.01139 0.01214  | -1.0532
-1.65    1.791    -3.379   0.01988  -0.01139 0.01214  | -1.0532
-1.65    1.791    -3.379   0.01988  -0.01208 0.01214  | -1.0532
-1.65    1.791    -3.379   0.01988  -0.01208 0.01214  | -1.0532
-1.633   1.791    -3.397   0.01988  -0.01245 0.01214  | -1.0532
iteration 4...
-1.633   1.791    -3.397   0.01988  -0.01245 0.01214  | -1.0532
-1.633   1.791    -3.397   0.01988  -0.01245 0.01214  | -1.0532
-1.633   1.791    -3.471   0.01988  -0.01245 0.01214  | -1.0532
-1.633   1.791    -3.471   0.01915  -0.01245 0.01214  | -1.0532
-1.633   1.791    -3.471   0.01915  -0.01316 0.01214  | -1.0532
-1.633   1.791    -3.471   0.01915  -0.01316 0.01214  | -1.0532
iteration 5...
-1.633   1.791    -3.471   0.01915  -0.01315 0.01214  | -1.0532
-1.633   1.802    -3.471   0.01915  -0.01315 0.01214  | -1.0532
-1.633   1.802    -3.471   0.01915  -0.01315 0.01214  | -1.0532
-1.633   1.802    -3.471   0.01915  -0.01315 0.01214  | -1.0532
-1.633   1.802    -3.471   0.01915  -0.01315 0.01214  | -1.0532
-1.633   1.802    -3.471   0.01915  -0.01315 0.01214  | -1.0532
iteration 1...
-1.672   1.802    -3.471   0.01915  -0.01315 0.01214  | -1.0534
-1.672   1.478    -3.471   0.01915  -0.01315 0.01214  | -1.0534
-1.672   1.478    -4.092   0.01915  -0.01315 0.01214  | -1.0535
-1.672   1.478    -4.092   0.01915  -0.01315 0.01214  | -1.0535
-1.672   1.478    -4.092   0.01915  0.0003641 0.01214  | -1.0535
-1.672   1.478    -4.092   0.01915  0.0003641 0.004398 | -1.0535
iteration 2...
-1.806   1.478    -4.092   0.01915  0.0003641 0.004398 | -1.0535
-1.806   1.625    -4.092   0.01915  0.0003641 0.004398 | -1.0535
-1.806   1.625    -4.167   0.01915  0.0003641 0.004398 | -1.0535
-1.806   1.625    -4.167   0.01529  0.0003641 0.004398 | -1.0535
-1.806   1.625    -4.167   0.01529  0.0003641 0.004398 | -1.0535
-1.806   1.625    -4.167   0.01529  0.0003641 0.004398 | -1.0535
iteration 3...
-1.806   1.625    -4.167   0.01529  0.0003641 0.004398 | -1.0535
-1.806   1.711    -4.167   0.01529  0.0003641 0.004398 | -1.0535
-1.806   1.711    -4.203   0.01529  0.0003641 0.004398 | -1.0535
-1.806   1.711    -4.203   0.01529  0.0003641 0.004398 | -1.0535
-1.806   1.711    -4.203   0.01529  0.0003641 0.004398 | -1.0535
-1.806   1.711    -4.203   0.01529  0.0003641 0.004398 | -1.0535
iteration 4...
-1.806   1.711    -4.203   0.01529  0.0003641 0.004398 | -1.0535
-1.806   1.711    -4.203   0.01529  0.0003641 0.004398 | -1.0535
-1.806   1.711    -4.198   0.01529  0.0003641 0.004398 | -1.0535
-1.806   1.711    -4.198   0.01529  0.0003641 0.004398 | -1.0535
-1.806   1.711    -4.198   0.01529  0.0003641 0.004398 | -1.0535
-1.806   1.711    -4.198   0.01529  0.0003641 0.004398 | -1.0535
Done    'Coregister: Estimate'
Done

CoReg Done in 31.168616 seconds

All done with coregistration.
>> >> 
No sandbox specified



Start   : Mon Jun  4 22:55:51 EDT 2018
Finish  : Mon Jun  4 22:57:04 EDT 2018


