
                            < M A T L A B (R) >
                  Copyright 1984-2017 The MathWorks, Inc.
                   R2017a (9.2.0.556344) 64-bit (glnxa64)
                               March 27, 2017

 
To get started, type one of these: helpwin, helpdesk, or demo.
For product information, visit www.mathworks.com.
 
>> >> >> >> Coregistation Script Created on 180604_20_46_11_971
>> >> >> >> >> >> [Warning: Name is nonexistent or not a directory:
/Users/rcwelsh/matlabScripts/WELLES/mfiles] 
[> In path (line 109)
  In addpath (line 86)] 
>> >> >> >> >> 
UMBatchJobName =

    'coregOverlay_180604_20_46_11_971_tehsheng_madcbrai'

>> 
UMBatchProcessName =

    'coregOverlay'

>> >> Initializing the job manager in SPM8

UMReSlice =

     0



Calling UMBatchCoReg with:
/nfs/fmri/Analysis/Sean_Working/Git_MADC/preprocess/../../../Subjects_oldResting/madc1426_scan1/func//run_01/utprun_01.nii
/nfs/fmri/Analysis/Subjects_oldResting/madc1426_scan1/func/coReg/t1mprage.nii
UMReSlice:0
Entering UMBatchCoReg V2.0 for SPM8
Coreging /nfs/fmri/Analysis/Subjects_oldResting/madc1426_scan1/func/coReg/t1mprage.nii to
         /nfs/fmri/Analysis/Sean_Working/Git_MADC/preprocess/../../../Subjects_oldResting/madc1426_scan1/func//run_01/utprun_01.nii


------------------------------------------------------------------------
Running job #1
------------------------------------------------------------------------
Running 'Coregister: Estimate'
iteration 1...
-3.131   0        0        0        0        0        | -1.0496
-3.131   2.524    0        0        0        0        | -1.0506
-3.131   2.524    -2.703   0        0        0        | -1.0518
-3.131   2.524    -2.703   0.0003789 0        0        | -1.0518
-3.131   2.524    -2.703   0.0003789 0.01053  0        | -1.0519
-3.131   2.524    -2.703   0.0003789 0.01053  -0.01216 | -1.052
iteration 2...
-3.131   2.524    -2.703   0.0003789 0.01053  -0.01216 | -1.052
-3.131   2.54     -2.703   0.0003789 0.01053  -0.01216 | -1.052
-3.131   2.54     -2.529   0.0003789 0.01053  -0.01216 | -1.052
-3.131   2.54     -2.529   0.002131 0.01053  -0.01216 | -1.052
-3.131   2.54     -2.529   0.002131 0.01053  -0.01216 | -1.052
-3.131   2.54     -2.529   0.002131 0.01053  -0.01216 | -1.052
iteration 3...
-3.021   2.54     -2.529   0.002131 0.01053  -0.01216 | -1.052
-3.021   2.414    -2.529   0.002131 0.01053  -0.01216 | -1.052
-3.021   2.414    -2.464   0.002131 0.01053  -0.01216 | -1.052
-3.021   2.414    -2.464   0.003352 0.01053  -0.01216 | -1.052
-3.021   2.414    -2.464   0.003352 0.00952  -0.01216 | -1.052
-3.021   2.414    -2.464   0.003352 0.00952  -0.01394 | -1.052
-2.955   2.338    -2.425   0.004084 0.008913 -0.01501 | -1.052
iteration 4...
-2.941   2.322    -2.417   0.004238 0.008786 -0.01524 | -1.052
-2.941   2.295    -2.417   0.004238 0.008786 -0.01524 | -1.052
-2.941   2.295    -2.499   0.004238 0.008786 -0.01524 | -1.052
-2.941   2.295    -2.499   0.004238 0.008786 -0.01524 | -1.052
-2.941   2.295    -2.499   0.004238 0.008786 -0.01524 | -1.052
-2.941   2.295    -2.499   0.004238 0.008786 -0.01501 | -1.052
iteration 5...
-2.941   2.295    -2.499   0.004238 0.008786 -0.01501 | -1.052
-2.941   2.3      -2.499   0.004238 0.008786 -0.01501 | -1.052
-2.941   2.3      -2.499   0.004238 0.008786 -0.01501 | -1.052
-2.941   2.3      -2.499   0.004238 0.008786 -0.01501 | -1.052
-2.941   2.3      -2.499   0.004238 0.00892  -0.01501 | -1.052
-2.941   2.3      -2.499   0.004238 0.00892  -0.01471 | -1.052
iteration 1...
-2.964   2.3      -2.499   0.004238 0.00892  -0.01471 | -1.0523
-2.964   2.505    -2.499   0.004238 0.00892  -0.01471 | -1.0523
-2.964   2.505    -2.734   0.004238 0.00892  -0.01471 | -1.0524
-2.964   2.505    -2.734   0.005914 0.00892  -0.01471 | -1.0524
-2.964   2.505    -2.734   0.005914 0.007886 -0.01471 | -1.0524
-2.964   2.505    -2.734   0.005914 0.007886 -0.01471 | -1.0524
iteration 2...
-2.897   2.505    -2.734   0.005914 0.007886 -0.01471 | -1.0524
-2.897   2.464    -2.734   0.005914 0.007886 -0.01471 | -1.0524
-2.897   2.464    -2.734   0.005914 0.007886 -0.01471 | -1.0524
-2.897   2.464    -2.734   0.006438 0.007886 -0.01471 | -1.0524
-2.897   2.464    -2.734   0.006438 0.007135 -0.01471 | -1.0524
-2.897   2.464    -2.734   0.006438 0.007135 -0.01344 | -1.0524
-2.83    2.424    -2.734   0.006962 0.006383 -0.01217 | -1.0524
iteration 3...
-2.811   2.424    -2.734   0.006962 0.006383 -0.01217 | -1.0524
-2.811   2.407    -2.734   0.006962 0.006383 -0.01217 | -1.0524
-2.811   2.407    -2.752   0.006962 0.006383 -0.01217 | -1.0524
-2.811   2.407    -2.752   0.006962 0.006383 -0.01217 | -1.0524
-2.811   2.407    -2.752   0.006962 0.006383 -0.01217 | -1.0524
-2.811   2.407    -2.752   0.006962 0.006383 -0.01233 | -1.0524
iteration 4...
-2.811   2.407    -2.752   0.006962 0.006383 -0.01233 | -1.0524
-2.811   2.409    -2.752   0.006962 0.006383 -0.01233 | -1.0524
-2.811   2.409    -2.752   0.006962 0.006383 -0.01233 | -1.0524
-2.811   2.409    -2.752   0.006962 0.006383 -0.01233 | -1.0524
-2.811   2.409    -2.752   0.006962 0.006383 -0.01233 | -1.0524
-2.811   2.409    -2.752   0.006962 0.006383 -0.01233 | -1.0524
Done    'Coregister: Estimate'
Done

CoReg Done in 27.122704 seconds

All done with coregistration.
>> >> 
No sandbox specified



Start   : Mon Jun  4 20:46:14 EDT 2018
Finish  : Mon Jun  4 20:47:22 EDT 2018


