
                            < M A T L A B (R) >
                  Copyright 1984-2017 The MathWorks, Inc.
                   R2017a (9.2.0.556344) 64-bit (glnxa64)
                               March 27, 2017

 
To get started, type one of these: helpwin, helpdesk, or demo.
For product information, visit www.mathworks.com.
 
>> >> >> >> Coregistation Script Created on 180604_21_42_14_969
>> >> >> >> >> >> [Warning: Name is nonexistent or not a directory:
/Users/rcwelsh/matlabScripts/WELLES/mfiles] 
[> In path (line 109)
  In addpath (line 86)] 
>> >> >> >> >> 
UMBatchJobName =

    'coregOverlay_180604_21_42_14_969_tehsheng_madcbrai'

>> 
UMBatchProcessName =

    'coregOverlay'

>> >> Initializing the job manager in SPM8

UMReSlice =

     0



Calling UMBatchCoReg with:
/nfs/fmri/Analysis/Sean_Working/Git_MADC/preprocess/../../../Subjects_oldResting/madc1250_scan1/func//run_01/utprun_01.nii
/nfs/fmri/Analysis/Subjects_oldResting/madc1250_scan1/func/coReg/t1mprage.nii
UMReSlice:0
Entering UMBatchCoReg V2.0 for SPM8
Coreging /nfs/fmri/Analysis/Subjects_oldResting/madc1250_scan1/func/coReg/t1mprage.nii to
         /nfs/fmri/Analysis/Sean_Working/Git_MADC/preprocess/../../../Subjects_oldResting/madc1250_scan1/func//run_01/utprun_01.nii


------------------------------------------------------------------------
Running job #1
------------------------------------------------------------------------
Running 'Coregister: Estimate'
iteration 1...
-2.575   0        0        0        0        0        | -1.0525
-2.575   1.877    0        0        0        0        | -1.0527
-2.575   1.877    -0.958   0        0        0        | -1.0528
-2.575   1.877    -0.958   0.005412 0        0        | -1.0528
-2.575   1.877    -0.958   0.005412 0.01195  0        | -1.0529
-2.575   1.877    -0.958   0.005412 0.01195  -0.003416 | -1.0529
iteration 2...
-2.522   1.877    -0.958   0.005412 0.01195  -0.003416 | -1.0529
-2.522   2.057    -0.958   0.005412 0.01195  -0.003416 | -1.0529
-2.522   2.057    -0.958   0.005412 0.01195  -0.003416 | -1.0529
-2.522   2.057    -0.958   0.005412 0.01195  -0.003416 | -1.0529
-2.522   2.057    -0.958   0.005412 0.01364  -0.003416 | -1.0529
-2.522   2.057    -0.958   0.005412 0.01364  -0.005889 | -1.0529
iteration 3...
-2.572   2.057    -0.958   0.005412 0.01364  -0.005889 | -1.0529
-2.572   2.164    -0.958   0.005412 0.01364  -0.005889 | -1.0529
-2.572   2.164    -0.9192  0.005412 0.01364  -0.005889 | -1.0529
-2.572   2.164    -0.9192  0.005412 0.01364  -0.005889 | -1.0529
-2.572   2.164    -0.9192  0.005412 0.01554  -0.005889 | -1.0529
-2.572   2.164    -0.9192  0.005412 0.01554  -0.006808 | -1.0529
iteration 4...
-2.596   2.164    -0.9192  0.005412 0.01554  -0.006808 | -1.0529
-2.596   2.164    -0.9192  0.005412 0.01554  -0.006808 | -1.0529
-2.596   2.164    -0.8986  0.005412 0.01554  -0.006808 | -1.0529
-2.596   2.164    -0.8986  0.005093 0.01554  -0.006808 | -1.0529
-2.596   2.164    -0.8986  0.005093 0.01554  -0.006808 | -1.0529
-2.596   2.164    -0.8986  0.005093 0.01554  -0.006808 | -1.0529
iteration 5...
-2.596   2.164    -0.8986  0.005093 0.01554  -0.006808 | -1.0529
-2.596   2.164    -0.8986  0.005093 0.01554  -0.006808 | -1.0529
-2.596   2.164    -0.8874  0.005093 0.01554  -0.006808 | -1.0529
-2.596   2.164    -0.8874  0.005093 0.01554  -0.006808 | -1.0529
-2.596   2.164    -0.8874  0.005093 0.01554  -0.006808 | -1.0529
-2.596   2.164    -0.8874  0.005093 0.01554  -0.006656 | -1.0529
iteration 1...
-2.787   2.164    -0.8874  0.005093 0.01554  -0.006656 | -1.0529
-2.787   1.816    -0.8874  0.005093 0.01554  -0.006656 | -1.0529
-2.787   1.816    -1.177   0.005093 0.01554  -0.006656 | -1.0529
-2.787   1.816    -1.177   0.006685 0.01554  -0.006656 | -1.0529
-2.787   1.816    -1.177   0.006685 0.01554  -0.006656 | -1.0529
-2.787   1.816    -1.177   0.006685 0.01554  -0.01209 | -1.0529
iteration 2...
-2.776   1.816    -1.177   0.006685 0.01554  -0.01209 | -1.0529
-2.776   1.777    -1.177   0.006685 0.01554  -0.01209 | -1.0529
-2.776   1.777    -1.133   0.006685 0.01554  -0.01209 | -1.0529
-2.776   1.777    -1.133   0.006685 0.01554  -0.01209 | -1.0529
-2.776   1.777    -1.133   0.006685 0.01554  -0.01209 | -1.0529
-2.776   1.777    -1.133   0.006685 0.01554  -0.01209 | -1.0529
iteration 3...
-2.779   1.777    -1.133   0.006685 0.01554  -0.01209 | -1.0529
-2.779   1.777    -1.133   0.006685 0.01554  -0.01209 | -1.0529
-2.779   1.777    -1.133   0.006685 0.01554  -0.01209 | -1.0529
-2.779   1.777    -1.133   0.006685 0.01554  -0.01209 | -1.0529
-2.779   1.777    -1.133   0.006685 0.01554  -0.01209 | -1.0529
-2.779   1.777    -1.133   0.006685 0.01554  -0.01209 | -1.0529
Done    'Coregister: Estimate'
Done

CoReg Done in 23.809188 seconds

All done with coregistration.
>> >> 
No sandbox specified



Start   : Mon Jun  4 21:42:17 EDT 2018
Finish  : Mon Jun  4 21:43:19 EDT 2018


