
                            < M A T L A B (R) >
                  Copyright 1984-2017 The MathWorks, Inc.
                   R2017a (9.2.0.556344) 64-bit (glnxa64)
                               March 27, 2017

 
To get started, type one of these: helpwin, helpdesk, or demo.
For product information, visit www.mathworks.com.
 
>> >> >> >> Coregistation Script Created on 180604_22_17_30_601
>> >> >> >> >> >> [Warning: Name is nonexistent or not a directory:
/Users/rcwelsh/matlabScripts/WELLES/mfiles] 
[> In path (line 109)
  In addpath (line 86)] 
>> >> >> >> >> 
UMBatchJobName =

    'coregOverlay_180604_22_17_30_601_tehsheng_madcbrai'

>> 
UMBatchProcessName =

    'coregOverlay'

>> >> Initializing the job manager in SPM8

UMReSlice =

     0



Calling UMBatchCoReg with:
/nfs/fmri/Analysis/Sean_Working/Git_MADC/preprocess/../../../Subjects_oldResting/madc1360_scan1/func//run_01/utprun_01.nii
/nfs/fmri/Analysis/Subjects_oldResting/madc1360_scan1/func/coReg/t1mprage.nii
UMReSlice:0
Entering UMBatchCoReg V2.0 for SPM8
Coreging /nfs/fmri/Analysis/Subjects_oldResting/madc1360_scan1/func/coReg/t1mprage.nii to
         /nfs/fmri/Analysis/Sean_Working/Git_MADC/preprocess/../../../Subjects_oldResting/madc1360_scan1/func//run_01/utprun_01.nii


------------------------------------------------------------------------
Running job #1
------------------------------------------------------------------------
Running 'Coregister: Estimate'
iteration 1...
-0.2358  0        0        0        0        0        | -1.0462
-0.2358  1.768    0        0        0        0        | -1.0467
-0.2358  1.768    -3.899   0        0        0        | -1.0486
-0.2358  1.768    -3.899   0.009128 0        0        | -1.0487
-0.2358  1.768    -3.899   0.009128 -0.00206 0        | -1.0487
-0.2358  1.768    -3.899   0.009128 -0.00206 0.0004728 | -1.0487
iteration 2...
-0.4392  1.768    -3.899   0.009128 -0.00206 0.0004728 | -1.0487
-0.4392  1.846    -3.899   0.009128 -0.00206 0.0004728 | -1.0487
-0.4392  1.846    -3.377   0.009128 -0.00206 0.0004728 | -1.0487
-0.4392  1.846    -3.377   0.009128 -0.00206 0.0004728 | -1.0487
-0.4392  1.846    -3.377   0.009128 -0.001226 0.0004728 | -1.0487
-0.4392  1.846    -3.377   0.009128 -0.001226 0.003568 | -1.0487
iteration 3...
-0.5377  1.846    -3.377   0.009128 -0.001226 0.003568 | -1.0487
-0.5377  2.039    -3.377   0.009128 -0.001226 0.003568 | -1.0487
-0.5377  2.039    -3.368   0.009128 -0.001226 0.003568 | -1.0487
-0.5377  2.039    -3.368   0.009128 -0.001226 0.003568 | -1.0487
-0.5377  2.039    -3.368   0.009128 0.002973 0.003568 | -1.0487
-0.5377  2.039    -3.368   0.009128 0.002973 0.003568 | -1.0487
iteration 4...
-0.5377  2.039    -3.368   0.009128 0.002973 0.003568 | -1.0487
-0.5377  2.079    -3.368   0.009128 0.002973 0.003568 | -1.0487
-0.5377  2.079    -3.282   0.009128 0.002973 0.003568 | -1.0487
-0.5377  2.079    -3.282   0.007991 0.002973 0.003568 | -1.0487
-0.5377  2.079    -3.282   0.007991 0.002973 0.003568 | -1.0487
-0.5377  2.079    -3.282   0.007991 0.002973 0.003568 | -1.0487
iteration 5...
-0.5421  2.079    -3.282   0.007991 0.002973 0.003568 | -1.0487
-0.5421  2.042    -3.282   0.007991 0.002973 0.003568 | -1.0487
-0.5421  2.042    -3.268   0.007991 0.002973 0.003568 | -1.0487
-0.5421  2.042    -3.268   0.007991 0.002973 0.003568 | -1.0487
-0.5421  2.042    -3.268   0.007991 0.002973 0.003568 | -1.0487
-0.5421  2.042    -3.268   0.007991 0.002973 0.003568 | -1.0487
iteration 6...
-0.5421  2.042    -3.268   0.007991 0.002973 0.003568 | -1.0487
-0.5421  2.042    -3.268   0.007991 0.002973 0.003568 | -1.0487
-0.5421  2.042    -3.268   0.007991 0.002973 0.003568 | -1.0487
-0.5421  2.042    -3.268   0.007991 0.002973 0.003568 | -1.0487
-0.5421  2.042    -3.268   0.007991 0.002973 0.003568 | -1.0487
-0.5421  2.042    -3.268   0.007991 0.002973 0.003568 | -1.0487
iteration 1...
-0.9184  2.042    -3.268   0.007991 0.002973 0.003568 | -1.0487
-0.9184  2.196    -3.268   0.007991 0.002973 0.003568 | -1.0487
-0.9184  2.196    -3.412   0.007991 0.002973 0.003568 | -1.0487
-0.9184  2.196    -3.412   0.01552  0.002973 0.003568 | -1.0487
-0.9184  2.196    -3.412   0.01552  -0.02256 0.003568 | -1.0488
-0.9184  2.196    -3.412   0.01552  -0.02256 0.0009517 | -1.0488
-1.386   2.389    -3.592   0.02487  -0.05431 -0.002301 | -1.0489
iteration 2...
-1.745   2.389    -3.592   0.02487  -0.05431 -0.002301 | -1.0489
-1.745   2.389    -3.592   0.02487  -0.05431 -0.002301 | -1.0489
-1.745   2.389    -3.649   0.02487  -0.05431 -0.002301 | -1.0489
-1.745   2.389    -3.649   0.02893  -0.05431 -0.002301 | -1.0489
-1.706   2.373    -3.634   0.02815  -0.05166 -0.002029 | -1.049
-1.706   2.373    -3.634   0.02815  -0.05166 -0.002174 | -1.049
iteration 3...
-1.706   2.373    -3.634   0.02815  -0.05166 -0.002174 | -1.049
-1.706   2.388    -3.634   0.02815  -0.05166 -0.002174 | -1.049
-1.706   2.388    -3.634   0.02815  -0.05166 -0.002174 | -1.049
-1.706   2.388    -3.634   0.02904  -0.05166 -0.002174 | -1.049
-1.706   2.388    -3.634   0.02904  -0.05166 -0.002174 | -1.049
-1.706   2.388    -3.634   0.02904  -0.05166 -0.002174 | -1.049
iteration 4...
-1.706   2.388    -3.634   0.02904  -0.05166 -0.002174 | -1.049
-1.706   2.385    -3.634   0.02904  -0.05166 -0.002174 | -1.049
-1.706   2.385    -3.608   0.02904  -0.05166 -0.002174 | -1.049
-1.706   2.385    -3.608   0.02904  -0.05166 -0.002174 | -1.049
-1.706   2.385    -3.608   0.02904  -0.05166 -0.002174 | -1.049
-1.706   2.385    -3.608   0.02904  -0.05166 -0.002174 | -1.049
iteration 5...
-1.706   2.385    -3.608   0.02904  -0.05166 -0.002174 | -1.049
-1.706   2.384    -3.608   0.02904  -0.05166 -0.002174 | -1.049
-1.706   2.384    -3.608   0.02904  -0.05166 -0.002174 | -1.049
-1.706   2.384    -3.608   0.02904  -0.05166 -0.002174 | -1.049
-1.706   2.384    -3.608   0.02904  -0.05166 -0.002174 | -1.049
-1.706   2.384    -3.608   0.02904  -0.05166 -0.002174 | -1.049
Done    'Coregister: Estimate'
Done

CoReg Done in 35.478733 seconds

All done with coregistration.
>> >> 
No sandbox specified



Start   : Mon Jun  4 22:17:32 EDT 2018
Finish  : Mon Jun  4 22:18:46 EDT 2018


