
                            < M A T L A B (R) >
                  Copyright 1984-2017 The MathWorks, Inc.
                   R2017a (9.2.0.556344) 64-bit (glnxa64)
                               March 27, 2017

 
To get started, type one of these: helpwin, helpdesk, or demo.
For product information, visit www.mathworks.com.
 
>> >> >> >> Coregistation Script Created on 180604_23_21_47_579
>> >> >> >> >> >> [Warning: Name is nonexistent or not a directory:
/Users/rcwelsh/matlabScripts/WELLES/mfiles] 
[> In path (line 109)
  In addpath (line 86)] 
>> >> >> >> >> 
UMBatchJobName =

    'coregOverlay_180604_23_21_47_579_tehsheng_madcbrai'

>> 
UMBatchProcessName =

    'coregOverlay'

>> >> Initializing the job manager in SPM8

UMReSlice =

     0



Calling UMBatchCoReg with:
/nfs/fmri/Analysis/Sean_Working/Git_MADC/preprocess/../../../Subjects_oldResting/madc1440_scan1/func//run_01/utprun_01.nii
/nfs/fmri/Analysis/Subjects_oldResting/madc1440_scan1/func/coReg/t1mprage.nii
UMReSlice:0
Entering UMBatchCoReg V2.0 for SPM8
Coreging /nfs/fmri/Analysis/Subjects_oldResting/madc1440_scan1/func/coReg/t1mprage.nii to
         /nfs/fmri/Analysis/Sean_Working/Git_MADC/preprocess/../../../Subjects_oldResting/madc1440_scan1/func//run_01/utprun_01.nii


------------------------------------------------------------------------
Running job #1
------------------------------------------------------------------------
Running 'Coregister: Estimate'
iteration 1...
-2.796   0        0        0        0        0        | -1.0521
-2.796   1.625    0        0        0        0        | -1.0527
-2.796   1.625    0.1668   0        0        0        | -1.0527
-2.796   1.625    0.1668   -0.00872 0        0        | -1.0528
-2.796   1.625    0.1668   -0.00872 0.0003935 0        | -1.0528
-2.796   1.625    0.1668   -0.00872 0.0003935 -0.03748 | -1.0528
iteration 2...
-2.893   1.625    0.1668   -0.00872 0.0003935 -0.03748 | -1.0528
-2.893   2.153    0.1668   -0.00872 0.0003935 -0.03748 | -1.0529
-2.893   2.153    -0.07298 -0.00872 0.0003935 -0.03748 | -1.0529
-2.893   2.153    -0.07298 -0.007777 0.0003935 -0.03748 | -1.0529
-2.893   2.153    -0.07298 -0.007777 0.0009611 -0.03748 | -1.0529
-2.893   2.153    -0.07298 -0.007777 0.0009611 -0.0337  | -1.0529
iteration 3...
-2.745   2.153    -0.07298 -0.007777 0.0009611 -0.0337  | -1.0529
-2.745   2.133    -0.07298 -0.007777 0.0009611 -0.0337  | -1.0529
-2.745   2.133    -0.0927  -0.007777 0.0009611 -0.0337  | -1.0529
-2.745   2.133    -0.0927  -0.007777 0.0009611 -0.0337  | -1.0529
-2.745   2.133    -0.0927  -0.007777 -0.000524 -0.0337  | -1.0529
-2.745   2.133    -0.0927  -0.007777 -0.000524 -0.0337  | -1.0529
iteration 4...
-2.752   2.133    -0.0927  -0.007777 -0.000524 -0.0337  | -1.0529
-2.752   2.133    -0.0927  -0.007777 -0.000524 -0.0337  | -1.0529
-2.752   2.133    -0.1091  -0.007777 -0.000524 -0.0337  | -1.0529
-2.752   2.133    -0.1091  -0.007777 -0.000524 -0.0337  | -1.0529
-2.752   2.133    -0.1091  -0.007777 -0.000524 -0.0337  | -1.0529
-2.752   2.133    -0.1091  -0.007777 -0.000524 -0.0337  | -1.0529
iteration 1...
-2.65    2.133    -0.1091  -0.007777 -0.000524 -0.0337  | -1.0528
-2.65    2.27     -0.1091  -0.007777 -0.000524 -0.0337  | -1.0528
-2.65    2.27     0.4319   -0.007777 -0.000524 -0.0337  | -1.0528
-2.65    2.27     0.4319   -0.01853 -0.000524 -0.0337  | -1.0529
-2.65    2.27     0.4319   -0.01853 0.004232 -0.0337  | -1.0529
-2.65    2.27     0.4319   -0.01853 0.004232 -0.0228  | -1.0529
iteration 2...
-2.79    2.27     0.4319   -0.01853 0.004232 -0.0228  | -1.0529
-2.79    2.598    0.4319   -0.01853 0.004232 -0.0228  | -1.0529
-2.79    2.598    0.3287   -0.01853 0.004232 -0.0228  | -1.0529
-2.79    2.598    0.3287   -0.0224  0.004232 -0.0228  | -1.0529
-2.79    2.598    0.3287   -0.0224  0.006602 -0.0228  | -1.0529
-2.79    2.598    0.3287   -0.0224  0.006602 -0.02257 | -1.0529
-2.898   2.852    0.2489   -0.02539 0.008434 -0.0224  | -1.0529
iteration 3...
-3.021   2.852    0.2489   -0.02539 0.008434 -0.0224  | -1.0529
-3.023   2.857    0.2472   -0.02545 0.008473 -0.0224  | -1.0529
-3.023   2.857    0.3869   -0.02545 0.008473 -0.0224  | -1.0529
-3.023   2.857    0.3869   -0.02568 0.008473 -0.0224  | -1.0529
-3.023   2.857    0.3869   -0.02568 0.009345 -0.0224  | -1.0529
-3.023   2.857    0.3869   -0.02568 0.009345 -0.02327 | -1.0529
-3.108   2.861    0.4813   -0.02587 0.009969 -0.02386 | -1.0529
iteration 4...
-3.108   2.861    0.4813   -0.02587 0.009969 -0.02386 | -1.0529
-3.154   2.968    0.4476   -0.02713 0.01074  -0.02378 | -1.0529
-3.154   2.968    0.4476   -0.02713 0.01074  -0.02378 | -1.0529
-3.154   2.968    0.4476   -0.02782 0.01074  -0.02378 | -1.0529
-3.154   2.968    0.4476   -0.02782 0.01105  -0.02378 | -1.0529
-3.154   2.968    0.4476   -0.02782 0.01105  -0.02378 | -1.0529
iteration 5...
-3.154   2.968    0.4476   -0.02782 0.01105  -0.02378 | -1.0529
-3.147   2.951    0.4531   -0.02761 0.01093  -0.0238  | -1.0529
-3.175   2.952    0.4843   -0.02768 0.01113  -0.02399 | -1.0529
-3.175   2.952    0.4843   -0.02783 0.01113  -0.02399 | -1.0529
-3.175   2.952    0.4843   -0.02783 0.0112   -0.02399 | -1.0529
-3.175   2.952    0.4843   -0.02783 0.0112   -0.02399 | -1.0529
iteration 6...
-3.152   2.952    0.4843   -0.02783 0.0112   -0.02399 | -1.0529
-3.152   2.952    0.4843   -0.02783 0.0112   -0.02399 | -1.0529
-3.152   2.952    0.4843   -0.02783 0.0112   -0.02399 | -1.0529
-3.152   2.952    0.4843   -0.028   0.0112   -0.02399 | -1.0529
-3.152   2.952    0.4843   -0.028   0.0112   -0.02399 | -1.0529
-3.152   2.952    0.4843   -0.028   0.0112   -0.02399 | -1.0529
iteration 7...
-3.152   2.952    0.4843   -0.028   0.0112   -0.02399 | -1.0529
-3.152   2.952    0.4843   -0.028   0.0112   -0.02399 | -1.0529
-3.152   2.952    0.4843   -0.028   0.0112   -0.02399 | -1.0529
-3.152   2.952    0.4843   -0.028   0.0112   -0.02399 | -1.0529
-3.152   2.952    0.4843   -0.028   0.0112   -0.02399 | -1.0529
-3.152   2.952    0.4843   -0.028   0.0112   -0.02399 | -1.0529
Done    'Coregister: Estimate'
Done

CoReg Done in 42.141250 seconds

All done with coregistration.
>> >> 
No sandbox specified



Start   : Mon Jun  4 23:21:49 EDT 2018
Finish  : Mon Jun  4 23:23:14 EDT 2018


