
                            < M A T L A B (R) >
                  Copyright 1984-2017 The MathWorks, Inc.
                   R2017a (9.2.0.556344) 64-bit (glnxa64)
                               March 27, 2017

 
To get started, type one of these: helpwin, helpdesk, or demo.
For product information, visit www.mathworks.com.
 
>> >> >> >> Coregistation Script Created on 180604_22_16_56_678
>> >> >> >> >> >> [Warning: Name is nonexistent or not a directory:
/Users/rcwelsh/matlabScripts/WELLES/mfiles] 
[> In path (line 109)
  In addpath (line 86)] 
>> >> >> >> >> 
UMBatchJobName =

    'coregOverlay_180604_22_16_56_678_tehsheng_madcbrai'

>> 
UMBatchProcessName =

    'coregOverlay'

>> >> Initializing the job manager in SPM8

UMReSlice =

     0



Calling UMBatchCoReg with:
/nfs/fmri/Analysis/Sean_Working/Git_MADC/preprocess/../../../Subjects_oldResting/madc1484_scan1/func//run_01/utprun_01.nii
/nfs/fmri/Analysis/Subjects_oldResting/madc1484_scan1/func/coReg/t1mprage.nii
UMReSlice:0
Entering UMBatchCoReg V2.0 for SPM8
Coreging /nfs/fmri/Analysis/Subjects_oldResting/madc1484_scan1/func/coReg/t1mprage.nii to
         /nfs/fmri/Analysis/Sean_Working/Git_MADC/preprocess/../../../Subjects_oldResting/madc1484_scan1/func//run_01/utprun_01.nii


------------------------------------------------------------------------
Running job #1
------------------------------------------------------------------------
Running 'Coregister: Estimate'
iteration 1...
-1.872   0        0        0        0        0        | -1.0474
-1.872   0.9779   0        0        0        0        | -1.0476
-1.872   0.9779   -0.2228  0        0        0        | -1.0476
-1.872   0.9779   -0.2228  0        0        0        | -1.0476
-1.872   0.9779   -0.2228  0        0        0        | -1.0476
-1.872   0.9779   -0.2228  0        0        0        | -1.0476
iteration 2...
-1.872   0.9779   -0.2228  0        0        0        | -1.0476
-1.872   0.8624   -0.2228  0        0        0        | -1.0476
-1.872   0.8624   -0.2261  0        0        0        | -1.0476
-1.872   0.8624   -0.2261  0.0006462 0        0        | -1.0476
-1.872   0.8624   -0.2261  0.0006462 0        0        | -1.0476
-1.872   0.8624   -0.2261  0.0006462 0        0        | -1.0476
iteration 3...
-1.781   0.8624   -0.2261  0.0006462 0        0        | -1.0476
-1.781   0.8641   -0.2261  0.0006462 0        0        | -1.0476
-1.781   0.8641   -0.2443  0.0006462 0        0        | -1.0476
-1.781   0.8641   -0.2443  0.0008393 0        0        | -1.0476
-1.781   0.8641   -0.2443  0.0008393 -0.004011 0        | -1.0476
-1.781   0.8641   -0.2443  0.0008393 -0.004011 2.284e-06 | -1.0476
iteration 4...
-1.718   0.8641   -0.2443  0.0008393 -0.004011 2.284e-06 | -1.0476
-1.718   0.8548   -0.2443  0.0008393 -0.004011 2.284e-06 | -1.0476
-1.718   0.8548   -3.256   0.0008393 -0.004011 2.284e-06 | -1.0478
-1.718   0.8548   -3.256   0.01891  -0.004011 2.284e-06 | -1.0478
-1.718   0.8548   -3.256   0.01891  -0.02475 2.284e-06 | -1.0478
-1.718   0.8548   -3.256   0.01891  -0.02475 -0.00974 | -1.0478
iteration 5...
-1.385   0.8548   -3.256   0.01891  -0.02475 -0.00974 | -1.0479
-1.385   2.231    -3.256   0.01891  -0.02475 -0.00974 | -1.0481
-1.385   2.231    -3.157   0.01891  -0.02475 -0.00974 | -1.0481
-1.385   2.231    -3.157   0.01379  -0.02475 -0.00974 | -1.0481
-1.385   2.231    -3.157   0.01379  -0.03017 -0.00974 | -1.0481
-1.385   2.231    -3.157   0.01379  -0.03017 0.002067 | -1.0481
iteration 6...
-1.441   2.231    -3.157   0.01379  -0.03017 0.002067 | -1.0481
-1.441   2.211    -3.157   0.01379  -0.03017 0.002067 | -1.0481
-1.441   2.211    -3.207   0.01379  -0.03017 0.002067 | -1.0481
-1.441   2.211    -3.207   0.01379  -0.03017 0.002067 | -1.0481
-1.441   2.211    -3.207   0.01379  -0.03069 0.002067 | -1.0481
-1.441   2.211    -3.207   0.01379  -0.03069 0.002067 | -1.0481
iteration 7...
-1.441   2.211    -3.207   0.01379  -0.03069 0.002067 | -1.0481
-1.441   2.211    -3.207   0.01379  -0.03069 0.002067 | -1.0481
-1.441   2.211    -3.199   0.01379  -0.03069 0.002067 | -1.0481
-1.441   2.211    -3.199   0.01379  -0.03069 0.002067 | -1.0481
-1.441   2.211    -3.199   0.01379  -0.03069 0.002067 | -1.0481
-1.441   2.211    -3.199   0.01379  -0.03069 0.002441 | -1.0481
iteration 1...
-1.424   2.211    -3.199   0.01379  -0.03069 0.002441 | -1.0483
-1.424   2.319    -3.199   0.01379  -0.03069 0.002441 | -1.0483
-1.424   2.319    -3.512   0.01379  -0.03069 0.002441 | -1.0483
-1.424   2.319    -3.512   0.007897 -0.03069 0.002441 | -1.0483
-1.424   2.319    -3.512   0.007897 -0.03101 0.002441 | -1.0483
-1.424   2.319    -3.512   0.007897 -0.03101 -0.003585 | -1.0483
iteration 2...
-1.409   2.319    -3.512   0.007897 -0.03101 -0.003585 | -1.0483
-1.409   2.386    -3.512   0.007897 -0.03101 -0.003585 | -1.0483
-1.409   2.386    -3.437   0.007897 -0.03101 -0.003585 | -1.0483
-1.409   2.386    -3.437   0.004035 -0.03101 -0.003585 | -1.0483
-1.409   2.386    -3.437   0.004035 -0.03254 -0.003585 | -1.0483
-1.409   2.386    -3.437   0.004035 -0.03254 -0.003585 | -1.0483
iteration 3...
-1.38    2.386    -3.437   0.004035 -0.03254 -0.003585 | -1.0483
-1.38    2.399    -3.437   0.004035 -0.03254 -0.003585 | -1.0483
-1.38    2.399    -3.402   0.004035 -0.03254 -0.003585 | -1.0483
-1.38    2.399    -3.402   0.004035 -0.03254 -0.003585 | -1.0483
-1.38    2.399    -3.402   0.004035 -0.03254 -0.003585 | -1.0483
-1.38    2.399    -3.402   0.004035 -0.03254 -0.003585 | -1.0483
iteration 4...
-1.38    2.399    -3.402   0.004035 -0.03254 -0.003585 | -1.0483
-1.38    2.399    -3.402   0.004035 -0.03254 -0.003585 | -1.0483
-1.38    2.399    -3.396   0.004035 -0.03254 -0.003585 | -1.0483
-1.38    2.399    -3.396   0.004035 -0.03254 -0.003585 | -1.0483
-1.38    2.399    -3.396   0.004035 -0.03254 -0.003585 | -1.0483
-1.38    2.399    -3.396   0.004035 -0.03254 -0.003585 | -1.0483
Done    'Coregister: Estimate'
Done

CoReg Done in 31.310110 seconds

All done with coregistration.
>> >> 
No sandbox specified



Start   : Mon Jun  4 22:16:59 EDT 2018
Finish  : Mon Jun  4 22:18:11 EDT 2018


