
                            < M A T L A B (R) >
                  Copyright 1984-2017 The MathWorks, Inc.
                   R2017a (9.2.0.556344) 64-bit (glnxa64)
                               March 27, 2017

 
To get started, type one of these: helpwin, helpdesk, or demo.
For product information, visit www.mathworks.com.
 
>> >> >> >> Coregistation Script Created on 180604_22_02_16_897
>> >> >> >> >> >> [Warning: Name is nonexistent or not a directory:
/Users/rcwelsh/matlabScripts/WELLES/mfiles] 
[> In path (line 109)
  In addpath (line 86)] 
>> >> >> >> >> 
UMBatchJobName =

    'coregOverlay_180604_22_02_16_897_tehsheng_madcbrai'

>> 
UMBatchProcessName =

    'coregOverlay'

>> >> Initializing the job manager in SPM8

UMReSlice =

     0



Calling UMBatchCoReg with:
/nfs/fmri/Analysis/Sean_Working/Git_MADC/preprocess/../../../Subjects_oldResting/madc1398_scan1/func//run_01/utprun_01.nii
/nfs/fmri/Analysis/Subjects_oldResting/madc1398_scan1/func/coReg/t1mprage.nii
UMReSlice:0
Entering UMBatchCoReg V2.0 for SPM8
Coreging /nfs/fmri/Analysis/Subjects_oldResting/madc1398_scan1/func/coReg/t1mprage.nii to
         /nfs/fmri/Analysis/Sean_Working/Git_MADC/preprocess/../../../Subjects_oldResting/madc1398_scan1/func//run_01/utprun_01.nii


------------------------------------------------------------------------
Running job #1
------------------------------------------------------------------------
Running 'Coregister: Estimate'
iteration 1...
-2.516   0        0        0        0        0        | -1.052
-2.516   1.047    0        0        0        0        | -1.0521
-2.516   1.047    0.05873  0        0        0        | -1.0521
-2.516   1.047    0.05873  -0.04353 0        0        | -1.0523
-2.516   1.047    0.05873  -0.04353 -0.004285 0        | -1.0523
-2.516   1.047    0.05873  -0.04353 -0.004285 -0.01905 | -1.0523
iteration 2...
-1.91    1.047    0.05873  -0.04353 -0.004285 -0.01905 | -1.0523
-1.91    1.658    0.05873  -0.04353 -0.004285 -0.01905 | -1.0524
-1.91    1.658    0.007918 -0.04353 -0.004285 -0.01905 | -1.0524
-1.91    1.658    0.007918 -0.04265 -0.004285 -0.01905 | -1.0524
-1.91    1.658    0.007918 -0.04265 0.008345 -0.01905 | -1.0525
-1.91    1.658    0.007918 -0.04265 0.008345 -0.02372 | -1.0525
iteration 3...
-2.179   1.658    0.007918 -0.04265 0.008345 -0.02372 | -1.0525
-2.179   1.681    0.007918 -0.04265 0.008345 -0.02372 | -1.0525
-2.179   1.681    0.09588  -0.04265 0.008345 -0.02372 | -1.0525
-2.179   1.681    0.09588  -0.04293 0.008345 -0.02372 | -1.0525
-2.179   1.681    0.09588  -0.04293 0.01296  -0.02372 | -1.0525
-2.179   1.681    0.09588  -0.04293 0.01296  -0.02183 | -1.0525
iteration 4...
-2.179   1.681    0.09588  -0.04293 0.01296  -0.02183 | -1.0525
-2.179   1.743    0.09588  -0.04293 0.01296  -0.02183 | -1.0525
-2.179   1.743    0.1173   -0.04293 0.01296  -0.02183 | -1.0525
-2.179   1.743    0.1173   -0.04161 0.01296  -0.02183 | -1.0525
-2.179   1.743    0.1173   -0.04161 0.01383  -0.02183 | -1.0525
-2.179   1.743    0.1173   -0.04161 0.01383  -0.02183 | -1.0525
-2.179   1.805    0.1386   -0.0403  0.01469  -0.02183 | -1.0525
iteration 5...
-2.165   1.805    0.1386   -0.0403  0.01469  -0.02183 | -1.0525
-2.165   1.781    0.1303   -0.04081 0.01435  -0.02183 | -1.0525
-2.165   1.781    0.1711   -0.04081 0.01435  -0.02183 | -1.0525
-2.165   1.781    0.1711   -0.04081 0.01435  -0.02183 | -1.0525
-2.165   1.781    0.1711   -0.04081 0.01435  -0.02183 | -1.0525
-2.165   1.781    0.1711   -0.04081 0.01435  -0.02183 | -1.0525
iteration 6...
-2.165   1.781    0.1711   -0.04081 0.01435  -0.02183 | -1.0525
-2.165   1.781    0.1711   -0.04081 0.01435  -0.02183 | -1.0525
-2.165   1.781    0.1711   -0.04081 0.01435  -0.02183 | -1.0525
-2.165   1.781    0.1711   -0.04081 0.01435  -0.02183 | -1.0525
-2.165   1.781    0.1711   -0.04081 0.01435  -0.02183 | -1.0525
-2.165   1.781    0.1711   -0.04081 0.01435  -0.02183 | -1.0525
iteration 1...
-2.217   1.781    0.1711   -0.04081 0.01435  -0.02183 | -1.0524
-2.217   1.236    0.1711   -0.04081 0.01435  -0.02183 | -1.0524
-2.217   1.236    -0.1765  -0.04081 0.01435  -0.02183 | -1.0525
-2.217   1.236    -0.1765  -0.02343 0.01435  -0.02183 | -1.0525
-2.217   1.236    -0.1765  -0.02343 0.01208  -0.02183 | -1.0525
-2.217   1.236    -0.1765  -0.02343 0.01208  -0.02183 | -1.0525
iteration 2...
-2.564   1.236    -0.1765  -0.02343 0.01208  -0.02183 | -1.0525
-2.564   1.444    -0.1765  -0.02343 0.01208  -0.02183 | -1.0525
-2.564   1.444    -0.4317  -0.02343 0.01208  -0.02183 | -1.0525
-2.564   1.444    -0.4317  -0.02058 0.01208  -0.02183 | -1.0525
-2.564   1.444    -0.4317  -0.02058 0.01208  -0.02183 | -1.0525
-2.564   1.444    -0.4317  -0.02058 0.01208  -0.02183 | -1.0525
iteration 3...
-2.564   1.444    -0.4317  -0.02058 0.01208  -0.02183 | -1.0525
-2.564   1.522    -0.4317  -0.02058 0.01208  -0.02183 | -1.0525
-2.564   1.522    -0.4426  -0.02058 0.01208  -0.02183 | -1.0525
-2.564   1.522    -0.4426  -0.02146 0.01208  -0.02183 | -1.0525
-2.564   1.522    -0.4426  -0.02146 0.01205  -0.02183 | -1.0525
-2.564   1.522    -0.4426  -0.02146 0.01205  -0.02183 | -1.0525
iteration 4...
-2.564   1.522    -0.4426  -0.02146 0.01205  -0.02183 | -1.0525
-2.564   1.522    -0.4426  -0.02146 0.01205  -0.02183 | -1.0525
-2.564   1.522    -0.4496  -0.02146 0.01205  -0.02183 | -1.0525
-2.564   1.522    -0.4496  -0.02146 0.01205  -0.02183 | -1.0525
-2.564   1.522    -0.4496  -0.02146 0.01205  -0.02183 | -1.0525
-2.564   1.522    -0.4496  -0.02146 0.01205  -0.02183 | -1.0525
Done    'Coregister: Estimate'
Done

CoReg Done in 30.445751 seconds

All done with coregistration.
>> >> 
No sandbox specified



Start   : Mon Jun  4 22:02:19 EDT 2018
Finish  : Mon Jun  4 22:03:29 EDT 2018


