
                            < M A T L A B (R) >
                  Copyright 1984-2017 The MathWorks, Inc.
                   R2017a (9.2.0.556344) 64-bit (glnxa64)
                               March 27, 2017

 
To get started, type one of these: helpwin, helpdesk, or demo.
For product information, visit www.mathworks.com.
 
>> >> >> >> Coregistation Script Created on 180604_23_03_49_608
>> >> >> >> >> >> [Warning: Name is nonexistent or not a directory:
/Users/rcwelsh/matlabScripts/WELLES/mfiles] 
[> In path (line 109)
  In addpath (line 86)] 
>> >> >> >> >> 
UMBatchJobName =

    'coregOverlay_180604_23_03_49_608_tehsheng_madcbrai'

>> 
UMBatchProcessName =

    'coregOverlay'

>> >> Initializing the job manager in SPM8

UMReSlice =

     0



Calling UMBatchCoReg with:
/nfs/fmri/Analysis/Sean_Working/Git_MADC/preprocess/../../../Subjects_oldResting/madc1260_scan1/func//run_01/utprun_01.nii
/nfs/fmri/Analysis/Subjects_oldResting/madc1260_scan1/func/coReg/t1mprage.nii
UMReSlice:0
Entering UMBatchCoReg V2.0 for SPM8
Coreging /nfs/fmri/Analysis/Subjects_oldResting/madc1260_scan1/func/coReg/t1mprage.nii to
         /nfs/fmri/Analysis/Sean_Working/Git_MADC/preprocess/../../../Subjects_oldResting/madc1260_scan1/func//run_01/utprun_01.nii


------------------------------------------------------------------------
Running job #1
------------------------------------------------------------------------
Running 'Coregister: Estimate'
iteration 1...
-0.7027  0        0        0        0        0        | -1.052
-0.7027  0.3777   0        0        0        0        | -1.052
-0.7027  0.3777   0.1925   0        0        0        | -1.052
-0.7027  0.3777   0.1925   -0.002337 0        0        | -1.052
-0.7027  0.3777   0.1925   -0.002337 0.00014  0        | -1.052
-0.7027  0.3777   0.1925   -0.002337 0.00014  0.008997 | -1.052
-0.9755  0.5243   0.2672   -0.003244 0.0001943 0.01249  | -1.0521
iteration 2...
-0.9902  0.5323   0.2713   -0.003293 0.0001972 0.01268  | -1.0521
-0.9902  0.378    0.2713   -0.003293 0.0001972 0.01268  | -1.0521
-0.9902  0.378    0.1667   -0.003293 0.0001972 0.01268  | -1.0521
-0.9902  0.378    0.1667   -0.002023 0.0001972 0.01268  | -1.0521
-0.9902  0.378    0.1667   -0.002023 -0.002686 0.01268  | -1.0521
-0.9902  0.378    0.1667   -0.002023 -0.002686 0.01409  | -1.0521
iteration 3...
-1.189   0.4848   0.2212   -0.002684 -0.002646 0.01664  | -1.0521
-1.189   0.4398   0.2212   -0.002684 -0.002646 0.01664  | -1.0521
-1.189   0.4398   0.1657   -0.002684 -0.002646 0.01664  | -1.0521
-1.189   0.4398   0.1657   -0.001771 -0.002646 0.01664  | -1.0521
-1.189   0.4398   0.1657   -0.001771 -0.005855 0.01664  | -1.0521
-1.189   0.4398   0.1657   -0.001771 -0.005855 0.01664  | -1.0521
-1.347   0.489    0.1648   -0.001571 -0.008379 0.01866  | -1.0521
iteration 4...
-1.347   0.489    0.1648   -0.001571 -0.008379 0.01866  | -1.0521
-1.347   0.489    0.1648   -0.001571 -0.008379 0.01866  | -1.0521
-1.347   0.489    0.1136   -0.001571 -0.008379 0.01866  | -1.0521
-1.347   0.489    0.1136   -0.003337 -0.008379 0.01866  | -1.0521
-1.347   0.489    0.1136   -0.003337 -0.008379 0.01866  | -1.0521
-1.347   0.489    0.1136   -0.003337 -0.008379 0.01866  | -1.0521
iteration 5...
-1.347   0.489    0.1136   -0.003337 -0.008379 0.01866  | -1.0521
-1.347   0.4835   0.1136   -0.003337 -0.008379 0.01866  | -1.0521
-1.347   0.4835   0.07652  -0.003337 -0.008379 0.01866  | -1.0521
-1.347   0.4835   0.07652  -0.003337 -0.008379 0.01866  | -1.0521
-1.347   0.4835   0.07652  -0.003337 -0.008379 0.01866  | -1.0521
-1.347   0.4835   0.07652  -0.003337 -0.008379 0.01866  | -1.0521
iteration 6...
-1.347   0.4835   0.07652  -0.003337 -0.008379 0.01866  | -1.0521
-1.347   0.4835   0.07652  -0.003337 -0.008379 0.01866  | -1.0521
-1.347   0.4835   0.07652  -0.003337 -0.008379 0.01866  | -1.0521
-1.347   0.4835   0.07652  -0.003337 -0.008379 0.01866  | -1.0521
-1.347   0.4835   0.07652  -0.003337 -0.008379 0.01866  | -1.0521
-1.347   0.4835   0.07652  -0.003337 -0.008379 0.01866  | -1.0521
iteration 1...
-1.308   0.4835   0.07652  -0.003337 -0.008379 0.01866  | -1.0519
-1.308   0.6524   0.07652  -0.003337 -0.008379 0.01866  | -1.0519
-1.308   0.6524   0.1609   -0.003337 -0.008379 0.01866  | -1.0519
-1.308   0.6524   0.1609   -0.01108 -0.008379 0.01866  | -1.0519
-1.308   0.6524   0.1609   -0.01108 -0.009302 0.01866  | -1.0519
-1.308   0.6524   0.1609   -0.01108 -0.009302 0.01063  | -1.052
iteration 2...
-1.308   0.6524   0.1609   -0.01108 -0.009302 0.01063  | -1.052
-1.308   0.5406   0.1609   -0.01108 -0.009302 0.01063  | -1.052
-1.308   0.5406   0.009143 -0.01108 -0.009302 0.01063  | -1.052
-1.308   0.5406   0.009143 -0.01431 -0.009302 0.01063  | -1.052
-1.308   0.5406   0.009143 -0.01431 -0.008364 0.01063  | -1.052
-1.308   0.5406   0.009143 -0.01431 -0.008364 0.01063  | -1.052
iteration 3...
-1.311   0.5406   0.009143 -0.01431 -0.008364 0.01063  | -1.052
-1.311   0.5988   0.009143 -0.01431 -0.008364 0.01063  | -1.052
-1.311   0.5988   -0.09348 -0.01431 -0.008364 0.01063  | -1.052
-1.311   0.5988   -0.09348 -0.01474 -0.008364 0.01063  | -1.052
-1.311   0.5988   -0.09348 -0.01474 -0.005525 0.01063  | -1.052
-1.311   0.5988   -0.09348 -0.01474 -0.005525 0.01063  | -1.052
iteration 4...
-1.341   0.5988   -0.09348 -0.01474 -0.005525 0.01063  | -1.052
-1.341   0.6624   -0.09348 -0.01474 -0.005525 0.01063  | -1.052
-1.341   0.6624   -0.1153  -0.01474 -0.005525 0.01063  | -1.052
-1.341   0.6624   -0.1153  -0.01474 -0.005525 0.01063  | -1.052
-1.341   0.6624   -0.1153  -0.01474 -0.005525 0.01063  | -1.052
-1.341   0.6624   -0.1153  -0.01474 -0.005525 0.01063  | -1.052
iteration 5...
-1.341   0.6624   -0.1153  -0.01474 -0.005525 0.01063  | -1.052
-1.341   0.6624   -0.1153  -0.01474 -0.005525 0.01063  | -1.052
-1.341   0.6624   -0.1286  -0.01474 -0.005525 0.01063  | -1.052
-1.341   0.6624   -0.1286  -0.01485 -0.005525 0.01063  | -1.052
-1.341   0.6624   -0.1286  -0.01485 -0.005525 0.01063  | -1.052
-1.341   0.6624   -0.1286  -0.01485 -0.005525 0.01063  | -1.052
Done    'Coregister: Estimate'
Done

CoReg Done in 42.647541 seconds

All done with coregistration.
>> >> 
No sandbox specified



Start   : Mon Jun  4 23:03:51 EDT 2018
Finish  : Mon Jun  4 23:05:24 EDT 2018


