
                            < M A T L A B (R) >
                  Copyright 1984-2017 The MathWorks, Inc.
                   R2017a (9.2.0.556344) 64-bit (glnxa64)
                               March 27, 2017

 
To get started, type one of these: helpwin, helpdesk, or demo.
For product information, visit www.mathworks.com.
 
>> >> >> >> Coregistation Script Created on 180604_17_32_26_338
>> >> >> >> >> >> [Warning: Name is nonexistent or not a directory:
/Users/rcwelsh/matlabScripts/WELLES/mfiles] 
[> In path (line 109)
  In addpath (line 86)] 
>> >> >> >> >> 
UMBatchJobName =

    'coregOverlay_180604_17_32_26_338_tehsheng_madcbrai'

>> 
UMBatchProcessName =

    'coregOverlay'

>> >> Initializing the job manager in SPM8

UMReSlice =

     0



Calling UMBatchCoReg with:
/nfs/fmri/Analysis/Sean_Working/Git_MADC/preprocess/../../../Subjects_oldResting/madc1314_scan1/func//run_01/utprun_01.nii
/nfs/fmri/Analysis/Subjects_oldResting/madc1314_scan1/func/coReg/t1mprage.nii
UMReSlice:0
Entering UMBatchCoReg V2.0 for SPM8
Coreging /nfs/fmri/Analysis/Subjects_oldResting/madc1314_scan1/func/coReg/t1mprage.nii to
         /nfs/fmri/Analysis/Sean_Working/Git_MADC/preprocess/../../../Subjects_oldResting/madc1314_scan1/func//run_01/utprun_01.nii


------------------------------------------------------------------------
Running job #1
------------------------------------------------------------------------
Running 'Coregister: Estimate'
iteration 1...
-2.511   0        0        0        0        0        | -1.0518
-2.511   0.855    0        0        0        0        | -1.0519
-2.511   0.855    -0.912   0        0        0        | -1.052
-2.511   0.855    -0.912   -0.001826 0        0        | -1.052
-2.511   0.855    -0.912   -0.001826 -0.006843 0        | -1.052
-2.511   0.855    -0.912   -0.001826 -0.006843 -0.003042 | -1.052
iteration 2...
-2.714   0.855    -0.912   -0.001826 -0.006843 -0.003042 | -1.052
-2.714   0.7332   -0.912   -0.001826 -0.006843 -0.003042 | -1.052
-2.714   0.7332   -0.9567  -0.001826 -0.006843 -0.003042 | -1.052
-2.714   0.7332   -0.9567  -0.005627 -0.006843 -0.003042 | -1.052
-2.714   0.7332   -0.9567  -0.005627 -0.01401 -0.003042 | -1.052
-2.714   0.7332   -0.9567  -0.005627 -0.01401 -0.001718 | -1.052
iteration 3...
-2.839   0.7332   -0.9567  -0.005627 -0.01401 -0.001718 | -1.052
-2.839   0.7332   -0.9567  -0.005627 -0.01401 -0.001718 | -1.052
-2.839   0.7332   -0.9567  -0.005627 -0.01401 -0.001718 | -1.052
-2.839   0.7332   -0.9567  -0.005771 -0.01401 -0.001718 | -1.052
-2.839   0.7332   -0.9567  -0.005771 -0.01401 -0.001718 | -1.052
-2.839   0.7332   -0.9567  -0.005771 -0.01401 -0.001718 | -1.052
iteration 4...
-2.839   0.7332   -0.9567  -0.005771 -0.01401 -0.001718 | -1.052
-2.839   0.7332   -0.9567  -0.005771 -0.01401 -0.001718 | -1.052
-2.839   0.7332   -0.9567  -0.005771 -0.01401 -0.001718 | -1.052
-2.839   0.7332   -0.9567  -0.005771 -0.01401 -0.001718 | -1.052
-2.839   0.7332   -0.9567  -0.005771 -0.01401 -0.001718 | -1.052
-2.839   0.7332   -0.9567  -0.005771 -0.01401 -0.001718 | -1.052
iteration 1...
-2.901   0.7332   -0.9567  -0.005771 -0.01401 -0.001718 | -1.0519
-2.901   1.14     -0.9567  -0.005771 -0.01401 -0.001718 | -1.0519
-2.901   1.14     -0.5108  -0.005771 -0.01401 -0.001718 | -1.0519
-2.901   1.14     -0.5108  0.0001032 -0.01401 -0.001718 | -1.052
-2.901   1.14     -0.5108  0.0001032 -0.02645 -0.001718 | -1.052
-2.901   1.14     -0.5108  0.0001032 -0.02645 -0.004731 | -1.052
iteration 2...
-2.934   1.14     -0.5108  0.0001032 -0.02645 -0.004731 | -1.052
-2.934   1.127    -0.5108  0.0001032 -0.02645 -0.004731 | -1.052
-2.934   1.127    -0.5364  0.0001032 -0.02645 -0.004731 | -1.052
-2.934   1.127    -0.5364  9.431e-05 -0.02645 -0.004731 | -1.052
-2.934   1.127    -0.5364  9.431e-05 -0.02645 -0.004731 | -1.052
-2.934   1.127    -0.5364  9.431e-05 -0.02645 -0.004731 | -1.052
iteration 3...
-2.934   1.127    -0.5364  9.431e-05 -0.02645 -0.004731 | -1.052
-2.934   1.134    -0.5364  9.431e-05 -0.02645 -0.004731 | -1.052
-2.934   1.134    -0.5364  9.431e-05 -0.02645 -0.004731 | -1.052
-2.934   1.134    -0.5364  9.431e-05 -0.02645 -0.004731 | -1.052
-2.934   1.134    -0.5364  9.431e-05 -0.02645 -0.004731 | -1.052
-2.934   1.134    -0.5364  9.431e-05 -0.02645 -0.004731 | -1.052
Done    'Coregister: Estimate'
Done

CoReg Done in 22.705076 seconds

All done with coregistration.
>> >> 
No sandbox specified



Start   : Mon Jun  4 17:32:28 EDT 2018
Finish  : Mon Jun  4 17:33:27 EDT 2018


