
                            < M A T L A B (R) >
                  Copyright 1984-2017 The MathWorks, Inc.
                   R2017a (9.2.0.556344) 64-bit (glnxa64)
                               March 27, 2017

 
To get started, type one of these: helpwin, helpdesk, or demo.
For product information, visit www.mathworks.com.
 
>> >> >> >> Coregistation Script Created on 180604_23_08_43_398
>> >> >> >> >> >> [Warning: Name is nonexistent or not a directory:
/Users/rcwelsh/matlabScripts/WELLES/mfiles] 
[> In path (line 109)
  In addpath (line 86)] 
>> >> >> >> >> 
UMBatchJobName =

    'coregOverlay_180604_23_08_43_398_tehsheng_madcbrai'

>> 
UMBatchProcessName =

    'coregOverlay'

>> >> Initializing the job manager in SPM8

UMReSlice =

     0



Calling UMBatchCoReg with:
/nfs/fmri/Analysis/Sean_Working/Git_MADC/preprocess/../../../Subjects_oldResting/madc1489_scan1/func//run_01/utprun_01.nii
/nfs/fmri/Analysis/Subjects_oldResting/madc1489_scan1/func/coReg/t1mprage.nii
UMReSlice:0
Entering UMBatchCoReg V2.0 for SPM8
Coreging /nfs/fmri/Analysis/Subjects_oldResting/madc1489_scan1/func/coReg/t1mprage.nii to
         /nfs/fmri/Analysis/Sean_Working/Git_MADC/preprocess/../../../Subjects_oldResting/madc1489_scan1/func//run_01/utprun_01.nii


------------------------------------------------------------------------
Running job #1
------------------------------------------------------------------------
Running 'Coregister: Estimate'
iteration 1...
-4.053   0        0        0        0        0        | -1.036
-4.053   19.45    0        0        0        0        | -1.0502
-4.053   19.45    -7.577   0        0        0        | -1.054
-4.053   19.45    -7.577   0.03608  0        0        | -1.0541
-4.053   19.45    -7.577   0.03608  -0.001979 0        | -1.0542
-4.053   19.45    -7.577   0.03608  -0.001979 -0.03236 | -1.0543
iteration 2...
-3.561   19.45    -7.577   0.03608  -0.001979 -0.03236 | -1.0544
-3.561   19.9     -7.577   0.03608  -0.001979 -0.03236 | -1.0545
-3.561   19.9     -7.031   0.03608  -0.001979 -0.03236 | -1.0545
-3.561   19.9     -7.031   0.03185  -0.001979 -0.03236 | -1.0546
-3.561   19.9     -7.031   0.03185  -0.006481 -0.03236 | -1.0546
-3.561   19.9     -7.031   0.03185  -0.006481 -0.03641 | -1.0546
iteration 3...
-3.4     19.9     -7.031   0.03185  -0.006481 -0.03641 | -1.0546
-3.4     20.06    -7.031   0.03185  -0.006481 -0.03641 | -1.0546
-3.4     20.06    -7.07    0.03185  -0.006481 -0.03641 | -1.0546
-3.4     20.06    -7.07    0.03185  -0.006481 -0.03641 | -1.0546
-3.4     20.06    -7.07    0.03185  -0.008097 -0.03641 | -1.0546
-3.4     20.06    -7.07    0.03185  -0.008097 -0.03641 | -1.0546
iteration 4...
-3.35    20.06    -7.07    0.03185  -0.008097 -0.03641 | -1.0546
-3.35    20.06    -7.07    0.03185  -0.008097 -0.03641 | -1.0546
-3.35    20.06    -7.045   0.03185  -0.008097 -0.03641 | -1.0546
-3.35    20.06    -7.045   0.03185  -0.008097 -0.03641 | -1.0546
-3.35    20.06    -7.045   0.03185  -0.008612 -0.03641 | -1.0546
-3.35    20.06    -7.045   0.03185  -0.008612 -0.03641 | -1.0546
-3.31    20.06    -7.026   0.03185  -0.009015 -0.03641 | -1.0546
iteration 5...
-3.287   20.06    -7.014   0.03185  -0.009252 -0.03641 | -1.0546
-3.287   20.06    -7.014   0.03185  -0.009252 -0.03641 | -1.0546
-3.287   20.06    -7.025   0.03185  -0.009252 -0.03641 | -1.0546
-3.287   20.06    -7.025   0.03185  -0.009252 -0.03641 | -1.0546
-3.287   20.06    -7.025   0.03185  -0.0101  -0.03641 | -1.0546
-3.287   20.06    -7.025   0.03185  -0.0101  -0.03641 | -1.0546
-3.264   20.06    -7.025   0.03185  -0.01119 -0.03641 | -1.0546
iteration 6...
-3.264   20.06    -7.025   0.03185  -0.01119 -0.03641 | -1.0546
-3.264   20.06    -7.025   0.03185  -0.01119 -0.03641 | -1.0546
-3.264   20.06    -6.996   0.03185  -0.01119 -0.03641 | -1.0546
-3.264   20.06    -6.996   0.03185  -0.01119 -0.03641 | -1.0546
-3.264   20.06    -6.996   0.03185  -0.01119 -0.03641 | -1.0546
-3.264   20.06    -6.996   0.03185  -0.01119 -0.03641 | -1.0546
iteration 7...
-3.264   20.06    -6.996   0.03185  -0.01119 -0.03641 | -1.0546
-3.264   20.06    -6.996   0.03185  -0.01119 -0.03641 | -1.0546
-3.264   20.06    -6.996   0.03185  -0.01119 -0.03641 | -1.0546
-3.264   20.06    -6.996   0.03185  -0.01119 -0.03641 | -1.0546
-3.264   20.06    -6.996   0.03185  -0.01119 -0.03641 | -1.0546
-3.264   20.06    -6.996   0.03185  -0.01119 -0.03641 | -1.0546
iteration 1...
-2.97    20.06    -6.996   0.03185  -0.01119 -0.03641 | -1.0551
-2.97    20.46    -6.996   0.03185  -0.01119 -0.03641 | -1.0551
-2.97    20.46    -6.717   0.03185  -0.01119 -0.03641 | -1.0551
-2.97    20.46    -6.717   0.03471  -0.01119 -0.03641 | -1.0551
-2.97    20.46    -6.717   0.03471  -0.01712 -0.03641 | -1.0551
-2.97    20.46    -6.717   0.03471  -0.01712 -0.02941 | -1.0551
iteration 2...
-2.915   20.46    -6.717   0.03471  -0.01712 -0.02941 | -1.0551
-2.915   20.43    -6.717   0.03471  -0.01712 -0.02941 | -1.0551
-2.915   20.43    -6.723   0.03471  -0.01712 -0.02941 | -1.0551
-2.915   20.43    -6.723   0.03509  -0.01712 -0.02941 | -1.0551
-2.915   20.43    -6.723   0.03509  -0.01783 -0.02941 | -1.0551
-2.915   20.43    -6.723   0.03509  -0.01783 -0.02913 | -1.0551
-2.861   20.4     -6.729   0.03548  -0.01853 -0.02885 | -1.0551
iteration 3...
-2.861   20.4     -6.729   0.03548  -0.01853 -0.02885 | -1.0551
-2.861   20.4     -6.729   0.03548  -0.01853 -0.02885 | -1.0551
-2.861   20.4     -6.711   0.03548  -0.01853 -0.02885 | -1.0551
-2.861   20.4     -6.711   0.03548  -0.01853 -0.02885 | -1.0551
-2.861   20.4     -6.711   0.03548  -0.02008 -0.02885 | -1.0551
-2.861   20.4     -6.711   0.03548  -0.02008 -0.0304  | -1.0551
iteration 4...
-2.804   20.38    -6.718   0.03589  -0.02083 -0.0301  | -1.0551
-2.804   20.42    -6.718   0.03589  -0.02083 -0.0301  | -1.0551
-2.804   20.42    -6.702   0.03589  -0.02083 -0.0301  | -1.0551
-2.804   20.42    -6.702   0.03646  -0.02083 -0.0301  | -1.0551
-2.804   20.42    -6.702   0.03646  -0.02083 -0.0301  | -1.0551
-2.804   20.42    -6.702   0.03646  -0.02083 -0.0301  | -1.0551
iteration 5...
-2.804   20.42    -6.702   0.03646  -0.02083 -0.0301  | -1.0551
-2.804   20.42    -6.702   0.03646  -0.02083 -0.0301  | -1.0551
-2.804   20.42    -6.705   0.03646  -0.02083 -0.0301  | -1.0551
-2.804   20.42    -6.705   0.03646  -0.02083 -0.0301  | -1.0551
-2.804   20.42    -6.705   0.03646  -0.02083 -0.0301  | -1.0551
-2.804   20.42    -6.705   0.03646  -0.02083 -0.0301  | -1.0551
Done    'Coregister: Estimate'
Done

CoReg Done in 34.793677 seconds

All done with coregistration.
>> >> 
No sandbox specified



Start   : Mon Jun  4 23:08:46 EDT 2018
Finish  : Mon Jun  4 23:10:04 EDT 2018


