
                            < M A T L A B (R) >
                  Copyright 1984-2017 The MathWorks, Inc.
                   R2017a (9.2.0.556344) 64-bit (glnxa64)
                               March 27, 2017

 
To get started, type one of these: helpwin, helpdesk, or demo.
For product information, visit www.mathworks.com.
 
>> >> >> >> Coregistation Script Created on 180604_22_04_45_008
>> >> >> >> >> >> [Warning: Name is nonexistent or not a directory:
/Users/rcwelsh/matlabScripts/WELLES/mfiles] 
[> In path (line 109)
  In addpath (line 86)] 
>> >> >> >> >> 
UMBatchJobName =

    'coregOverlay_180604_22_04_45_008_tehsheng_madcbrai'

>> 
UMBatchProcessName =

    'coregOverlay'

>> >> Initializing the job manager in SPM8

UMReSlice =

     0



Calling UMBatchCoReg with:
/nfs/fmri/Analysis/Sean_Working/Git_MADC/preprocess/../../../Subjects_oldResting/madc1437_scan1/func//run_01/utprun_01.nii
/nfs/fmri/Analysis/Subjects_oldResting/madc1437_scan1/func/coReg/t1mprage.nii
UMReSlice:0
Entering UMBatchCoReg V2.0 for SPM8
Coreging /nfs/fmri/Analysis/Subjects_oldResting/madc1437_scan1/func/coReg/t1mprage.nii to
         /nfs/fmri/Analysis/Sean_Working/Git_MADC/preprocess/../../../Subjects_oldResting/madc1437_scan1/func//run_01/utprun_01.nii


------------------------------------------------------------------------
Running job #1
------------------------------------------------------------------------
Running 'Coregister: Estimate'
iteration 1...
-1.943   0        0        0        0        0        | -1.051
-1.943   3.08     0        0        0        0        | -1.0517
-1.943   3.08     -2.168   0        0        0        | -1.0522
-1.943   3.08     -2.168   -0.009765 0        0        | -1.0522
-1.943   3.08     -2.168   -0.009765 0.009825 0        | -1.0522
-1.943   3.08     -2.168   -0.009765 0.009825 0        | -1.0522
iteration 2...
-1.821   3.08     -2.168   -0.009765 0.009825 0        | -1.0523
-1.821   3.08     -2.168   -0.009765 0.009825 0        | -1.0523
-1.821   3.08     -2.487   -0.009765 0.009825 0        | -1.0523
-1.821   3.08     -2.487   -0.00726 0.009825 0        | -1.0523
-1.821   3.08     -2.487   -0.00726 0.009825 0        | -1.0523
-1.821   3.08     -2.487   -0.00726 0.009825 0.0005628 | -1.0523
iteration 3...
-1.777   3.08     -2.487   -0.00726 0.009825 0.0005628 | -1.0523
-1.777   3.08     -2.487   -0.00726 0.009825 0.0005628 | -1.0523
-1.777   3.08     -2.435   -0.00726 0.009825 0.0005628 | -1.0523
-1.777   3.08     -2.435   -0.00726 0.009825 0.0005628 | -1.0523
-1.777   3.08     -2.435   -0.00726 0.009825 0.0005628 | -1.0523
-1.777   3.08     -2.435   -0.00726 0.009825 0.0005628 | -1.0523
iteration 4...
-1.777   3.08     -2.435   -0.00726 0.009825 0.0005628 | -1.0523
-1.777   3.08     -2.435   -0.00726 0.009825 0.0005628 | -1.0523
-1.777   3.08     -2.435   -0.00726 0.009825 0.0005628 | -1.0523
-1.777   3.08     -2.435   -0.00726 0.009825 0.0005628 | -1.0523
-1.777   3.08     -2.435   -0.00726 0.009825 0.0005628 | -1.0523
-1.777   3.08     -2.435   -0.00726 0.009825 0.0005628 | -1.0523
iteration 1...
-1.722   3.08     -2.435   -0.00726 0.009825 0.0005628 | -1.0522
-1.722   2.831    -2.435   -0.00726 0.009825 0.0005628 | -1.0522
-1.722   2.831    -2.281   -0.00726 0.009825 0.0005628 | -1.0522
-1.722   2.831    -2.281   -0.02003 0.009825 0.0005628 | -1.0523
-1.722   2.831    -2.281   -0.02003 0.009825 0.0005628 | -1.0523
-1.722   2.831    -2.281   -0.02003 0.009825 0.001671 | -1.0523
iteration 2...
-1.683   2.831    -2.281   -0.02003 0.009825 0.001671 | -1.0523
-1.683   2.892    -2.281   -0.02003 0.009825 0.001671 | -1.0523
-1.683   2.892    -2.265   -0.02003 0.009825 0.001671 | -1.0523
-1.683   2.892    -2.265   -0.02003 0.009825 0.001671 | -1.0523
-1.683   2.892    -2.265   -0.02003 0.009718 0.001671 | -1.0523
-1.683   2.892    -2.265   -0.02003 0.009718 0.001671 | -1.0523
iteration 3...
-1.653   2.892    -2.265   -0.02003 0.009718 0.001671 | -1.0523
-1.653   2.892    -2.265   -0.02003 0.009718 0.001671 | -1.0523
-1.653   2.892    -2.273   -0.02003 0.009718 0.001671 | -1.0523
-1.653   2.892    -2.273   -0.02003 0.009718 0.001671 | -1.0523
-1.653   2.892    -2.273   -0.02003 0.009718 0.001671 | -1.0523
-1.653   2.892    -2.273   -0.02003 0.009718 0.001671 | -1.0523
iteration 4...
-1.653   2.892    -2.273   -0.02003 0.009718 0.001671 | -1.0523
-1.653   2.892    -2.273   -0.02003 0.009718 0.001671 | -1.0523
-1.653   2.892    -2.273   -0.02003 0.009718 0.001671 | -1.0523
-1.653   2.892    -2.273   -0.02003 0.009718 0.001671 | -1.0523
-1.653   2.892    -2.273   -0.02003 0.009718 0.001671 | -1.0523
-1.653   2.892    -2.273   -0.02003 0.009718 0.001671 | -1.0523
Done    'Coregister: Estimate'
Done

CoReg Done in 27.157310 seconds

All done with coregistration.
>> >> 
No sandbox specified



Start   : Mon Jun  4 22:04:47 EDT 2018
Finish  : Mon Jun  4 22:06:05 EDT 2018


