
                            < M A T L A B (R) >
                  Copyright 1984-2017 The MathWorks, Inc.
                   R2017a (9.2.0.556344) 64-bit (glnxa64)
                               March 27, 2017

 
To get started, type one of these: helpwin, helpdesk, or demo.
For product information, visit www.mathworks.com.
 
>> >> >> >> Coregistation Script Created on 180604_21_28_02_398
>> >> >> >> >> >> [Warning: Name is nonexistent or not a directory:
/Users/rcwelsh/matlabScripts/WELLES/mfiles] 
[> In path (line 109)
  In addpath (line 86)] 
>> >> >> >> >> 
UMBatchJobName =

    'coregOverlay_180604_21_28_02_398_tehsheng_madcbrai'

>> 
UMBatchProcessName =

    'coregOverlay'

>> >> Initializing the job manager in SPM8

UMReSlice =

     0



Calling UMBatchCoReg with:
/nfs/fmri/Analysis/Sean_Working/Git_MADC/preprocess/../../../Subjects_oldResting/madc1480_scan1/func//run_01/utprun_01.nii
/nfs/fmri/Analysis/Subjects_oldResting/madc1480_scan1/func/coReg/t1mprage.nii
UMReSlice:0
Entering UMBatchCoReg V2.0 for SPM8
Coreging /nfs/fmri/Analysis/Subjects_oldResting/madc1480_scan1/func/coReg/t1mprage.nii to
         /nfs/fmri/Analysis/Sean_Working/Git_MADC/preprocess/../../../Subjects_oldResting/madc1480_scan1/func//run_01/utprun_01.nii


------------------------------------------------------------------------
Running job #1
------------------------------------------------------------------------
Running 'Coregister: Estimate'
iteration 1...
-1.931   0        0        0        0        0        | -1.0507
-1.931   0.1389   0        0        0        0        | -1.0507
-1.931   0.1389   -2.497   0        0        0        | -1.0512
-1.931   0.1389   -2.497   0.0303   0        0        | -1.0516
-1.931   0.1389   -2.497   0.0303   -0.009632 0        | -1.0516
-1.931   0.1389   -2.497   0.0303   -0.009632 0        | -1.0516
iteration 2...
-2.057   0.1389   -2.497   0.0303   -0.009632 0        | -1.0516
-2.057   0.9595   -2.497   0.0303   -0.009632 0        | -1.0518
-2.057   0.9595   -2.227   0.0303   -0.009632 0        | -1.0518
-2.057   0.9595   -2.227   0.0303   -0.009632 0        | -1.0518
-2.057   0.9595   -2.227   0.0303   -0.009632 0        | -1.0518
-2.057   0.9595   -2.227   0.0303   -0.009632 0        | -1.0518
iteration 3...
-2.19    0.9595   -2.227   0.0303   -0.009632 0        | -1.0518
-2.19    0.9595   -2.227   0.0303   -0.009632 0        | -1.0518
-2.19    0.9595   -2.227   0.0303   -0.009632 0        | -1.0518
-2.19    0.9595   -2.227   0.03023  -0.009632 0        | -1.0518
-2.19    0.9595   -2.227   0.03023  -0.006702 0        | -1.0518
-2.19    0.9595   -2.227   0.03023  -0.006702 0        | -1.0518
iteration 4...
-2.19    0.9595   -2.227   0.03023  -0.006702 0        | -1.0518
-2.19    0.9595   -2.227   0.03023  -0.006702 0        | -1.0518
-2.19    0.9595   -2.199   0.03023  -0.006702 0        | -1.0518
-2.19    0.9595   -2.199   0.02917  -0.006702 0        | -1.0518
-2.19    0.9595   -2.199   0.02917  -0.006702 0        | -1.0518
-2.19    0.9595   -2.199   0.02917  -0.006702 0        | -1.0518
iteration 5...
-2.19    0.9595   -2.199   0.02917  -0.006702 0        | -1.0518
-2.19    0.9245   -2.199   0.02917  -0.006702 0        | -1.0518
-2.19    0.9245   -2.177   0.02917  -0.006702 0        | -1.0518
-2.19    0.9245   -2.177   0.02917  -0.006702 0        | -1.0518
-2.19    0.9245   -2.177   0.02917  -0.006702 0        | -1.0518
-2.19    0.9245   -2.177   0.02917  -0.006702 0        | -1.0518
iteration 6...
-2.19    0.9245   -2.177   0.02917  -0.006702 0        | -1.0518
-2.19    0.9245   -2.177   0.02917  -0.006702 0        | -1.0518
-2.19    0.9245   -2.177   0.02917  -0.006702 0        | -1.0518
-2.19    0.9245   -2.177   0.02917  -0.006702 0        | -1.0518
-2.19    0.9245   -2.177   0.02917  -0.006702 0        | -1.0518
-2.19    0.9245   -2.177   0.02917  -0.006702 0        | -1.0518
iteration 1...
-1.79    0.9245   -2.177   0.02917  -0.006702 0        | -1.0517
-1.79    0.8152   -2.177   0.02917  -0.006702 0        | -1.0517
-1.79    0.8152   -2.522   0.02917  -0.006702 0        | -1.0517
-1.79    0.8152   -2.522   0.02899  -0.006702 0        | -1.0517
-1.79    0.8152   -2.522   0.02899  -0.006702 0        | -1.0517
-1.79    0.8152   -2.522   0.02899  -0.006702 -0.003649 | -1.0517
iteration 2...
-1.769   0.8152   -2.522   0.02899  -0.006702 -0.003649 | -1.0517
-1.769   0.8977   -2.522   0.02899  -0.006702 -0.003649 | -1.0517
-1.769   0.8977   -2.553   0.02899  -0.006702 -0.003649 | -1.0517
-1.769   0.8977   -2.553   0.02899  -0.006702 -0.003649 | -1.0517
-1.769   0.8977   -2.553   0.02899  -0.007308 -0.003649 | -1.0517
-1.769   0.8977   -2.553   0.02899  -0.007308 -0.003649 | -1.0517
iteration 3...
-1.782   0.8977   -2.553   0.02899  -0.007308 -0.003649 | -1.0517
-1.782   0.8977   -2.553   0.02899  -0.007308 -0.003649 | -1.0517
-1.782   0.8977   -2.548   0.02899  -0.007308 -0.003649 | -1.0517
-1.782   0.8977   -2.548   0.02899  -0.007308 -0.003649 | -1.0517
-1.782   0.8977   -2.548   0.02899  -0.007308 -0.003649 | -1.0517
-1.782   0.8977   -2.548   0.02899  -0.007308 -0.003649 | -1.0517
Done    'Coregister: Estimate'
Done

CoReg Done in 24.562104 seconds

All done with coregistration.
>> >> 
No sandbox specified



Start   : Mon Jun  4 21:28:04 EDT 2018
Finish  : Mon Jun  4 21:29:06 EDT 2018


