
                            < M A T L A B (R) >
                  Copyright 1984-2017 The MathWorks, Inc.
                   R2017a (9.2.0.556344) 64-bit (glnxa64)
                               March 27, 2017

 
To get started, type one of these: helpwin, helpdesk, or demo.
For product information, visit www.mathworks.com.
 
>> >> >> >> Coregistation Script Created on 180604_22_06_41_270
>> >> >> >> >> >> [Warning: Name is nonexistent or not a directory:
/Users/rcwelsh/matlabScripts/WELLES/mfiles] 
[> In path (line 109)
  In addpath (line 86)] 
>> >> >> >> >> 
UMBatchJobName =

    'coregOverlay_180604_22_06_41_270_tehsheng_madcbrai'

>> 
UMBatchProcessName =

    'coregOverlay'

>> >> Initializing the job manager in SPM8

UMReSlice =

     0



Calling UMBatchCoReg with:
/nfs/fmri/Analysis/Sean_Working/Git_MADC/preprocess/../../../Subjects_oldResting/madc1254_scan1/func//run_01/utprun_01.nii
/nfs/fmri/Analysis/Subjects_oldResting/madc1254_scan1/func/coReg/t1mprage.nii
UMReSlice:0
Entering UMBatchCoReg V2.0 for SPM8
Coreging /nfs/fmri/Analysis/Subjects_oldResting/madc1254_scan1/func/coReg/t1mprage.nii to
         /nfs/fmri/Analysis/Sean_Working/Git_MADC/preprocess/../../../Subjects_oldResting/madc1254_scan1/func//run_01/utprun_01.nii


------------------------------------------------------------------------
Running job #1
------------------------------------------------------------------------
Running 'Coregister: Estimate'
iteration 1...
-1.994   0        0        0        0        0        | -1.0467
-1.994   0.27     0        0        0        0        | -1.0467
-1.994   0.27     -3.324   0        0        0        | -1.0474
-1.994   0.27     -3.324   0.0002524 0        0        | -1.0474
-1.994   0.27     -3.324   0.0002524 -0.01464 0        | -1.0475
-1.994   0.27     -3.324   0.0002524 -0.01464 -0.003093 | -1.0475
iteration 2...
-1.785   0.27     -3.324   0.0002524 -0.01464 -0.003093 | -1.0476
-1.785   0.5081   -3.324   0.0002524 -0.01464 -0.003093 | -1.0476
-1.785   0.5081   -4.261   0.0002524 -0.01464 -0.003093 | -1.0476
-1.785   0.5081   -4.261   -0.0003706 -0.01464 -0.003093 | -1.0476
-1.785   0.5081   -4.261   -0.0003706 -0.04139 -0.003093 | -1.0477
-1.785   0.5081   -4.261   -0.0003706 -0.04139 -0.00789 | -1.0477
iteration 3...
-1.757   0.5081   -4.261   -0.0003706 -0.04139 -0.00789 | -1.0477
-1.757   0.3872   -4.261   -0.0003706 -0.04139 -0.00789 | -1.0477
-1.757   0.3872   -4.818   -0.0003706 -0.04139 -0.00789 | -1.0477
-1.757   0.3872   -4.818   -0.001397 -0.04139 -0.00789 | -1.0477
-1.757   0.3872   -4.818   -0.001397 -0.04933 -0.00789 | -1.0477
-1.757   0.3872   -4.818   -0.001397 -0.04933 -0.006598 | -1.0477
iteration 4...
-1.899   0.3872   -4.818   -0.001397 -0.04933 -0.006598 | -1.0478
-1.899   0.5652   -4.818   -0.001397 -0.04933 -0.006598 | -1.0478
-1.899   0.5652   -4.785   -0.001397 -0.04933 -0.006598 | -1.0478
-1.899   0.5652   -4.785   -0.001397 -0.04933 -0.006598 | -1.0478
-1.899   0.5652   -4.785   -0.001397 -0.04933 -0.006598 | -1.0478
-1.899   0.5652   -4.785   -0.001397 -0.04933 -0.005411 | -1.0478
iteration 5...
-1.904   0.5652   -4.785   -0.001397 -0.04933 -0.005411 | -1.0478
-1.904   0.5652   -4.785   -0.001397 -0.04933 -0.005411 | -1.0478
-1.904   0.5652   -4.822   -0.001397 -0.04933 -0.005411 | -1.0478
-1.904   0.5652   -4.822   -0.001397 -0.04933 -0.005411 | -1.0478
-1.904   0.5652   -4.822   -0.001397 -0.04933 -0.005411 | -1.0478
-1.904   0.5652   -4.822   -0.001397 -0.04933 -0.005411 | -1.0478
iteration 6...
-1.904   0.5652   -4.822   -0.001397 -0.04933 -0.005411 | -1.0478
-1.904   0.5591   -4.822   -0.001397 -0.04933 -0.005411 | -1.0478
-1.904   0.5591   -4.822   -0.001397 -0.04933 -0.005411 | -1.0478
-1.904   0.5591   -4.822   -0.001397 -0.04933 -0.005411 | -1.0478
-1.904   0.5591   -4.822   -0.001397 -0.04933 -0.005411 | -1.0478
-1.904   0.5591   -4.822   -0.001397 -0.04933 -0.005411 | -1.0478
iteration 1...
-1.915   0.5591   -4.822   -0.001397 -0.04933 -0.005411 | -1.0477
-1.915   0.02695  -4.822   -0.001397 -0.04933 -0.005411 | -1.0477
-1.915   0.02695  -5.495   -0.001397 -0.04933 -0.005411 | -1.0477
-1.915   0.02695  -5.495   -0.008062 -0.04933 -0.005411 | -1.0477
-1.915   0.02695  -5.495   -0.008062 -0.04806 -0.005411 | -1.0477
-1.915   0.02695  -5.495   -0.008062 -0.04806 -0.005411 | -1.0477
iteration 2...
-1.904   0.02695  -5.495   -0.008062 -0.04806 -0.005411 | -1.0477
-1.904   0.1715   -5.495   -0.008062 -0.04806 -0.005411 | -1.0477
-1.904   0.1715   -5.586   -0.008062 -0.04806 -0.005411 | -1.0477
-1.904   0.1715   -5.586   -0.008998 -0.04806 -0.005411 | -1.0477
-1.904   0.1715   -5.586   -0.008998 -0.04806 -0.005411 | -1.0477
-1.904   0.1715   -5.586   -0.008998 -0.04806 -0.008201 | -1.0477
iteration 3...
-1.81    0.1715   -5.586   -0.008998 -0.04806 -0.008201 | -1.0478
-1.81    0.1715   -5.586   -0.008998 -0.04806 -0.008201 | -1.0478
-1.81    0.1715   -5.612   -0.008998 -0.04806 -0.008201 | -1.0478
-1.81    0.1715   -5.612   -0.008998 -0.04806 -0.008201 | -1.0478
-1.81    0.1715   -5.612   -0.008998 -0.04804 -0.008201 | -1.0478
-1.81    0.1715   -5.612   -0.008998 -0.04804 -0.008201 | -1.0478
iteration 4...
-1.78    0.1715   -5.612   -0.008998 -0.04804 -0.008201 | -1.0478
-1.78    0.1688   -5.612   -0.008998 -0.04804 -0.008201 | -1.0478
-1.78    0.1688   -5.611   -0.008998 -0.04804 -0.008201 | -1.0478
-1.78    0.1688   -5.611   -0.009687 -0.04804 -0.008201 | -1.0478
-1.78    0.1688   -5.611   -0.009687 -0.04804 -0.008201 | -1.0478
-1.78    0.1688   -5.611   -0.009687 -0.04804 -0.00917 | -1.0478
-1.741   0.1651   -5.609   -0.01062 -0.04804 -0.01048 | -1.0478
iteration 5...
-1.705   0.1651   -5.609   -0.01062 -0.04804 -0.01048 | -1.0478
-1.705   0.2162   -5.609   -0.01062 -0.04804 -0.01048 | -1.0478
-1.705   0.2162   -5.709   -0.01062 -0.04804 -0.01048 | -1.0478
-1.705   0.2162   -5.709   -0.01062 -0.04804 -0.01048 | -1.0478
-1.705   0.2162   -5.709   -0.01062 -0.04804 -0.01048 | -1.0478
-1.705   0.2162   -5.709   -0.01062 -0.04804 -0.01048 | -1.0478
iteration 6...
-1.705   0.2162   -5.709   -0.01062 -0.04804 -0.01048 | -1.0478
-1.705   0.2142   -5.709   -0.01062 -0.04804 -0.01048 | -1.0478
-1.705   0.2142   -5.714   -0.01062 -0.04804 -0.01048 | -1.0478
-1.705   0.2142   -5.714   -0.01062 -0.04804 -0.01048 | -1.0478
-1.705   0.2142   -5.714   -0.01062 -0.04804 -0.01048 | -1.0478
-1.705   0.2142   -5.714   -0.01062 -0.04804 -0.01048 | -1.0478
Done    'Coregister: Estimate'
Done

CoReg Done in 43.813093 seconds

All done with coregistration.
>> >> 
No sandbox specified



Start   : Mon Jun  4 22:06:44 EDT 2018
Finish  : Mon Jun  4 22:08:29 EDT 2018


