
                            < M A T L A B (R) >
                  Copyright 1984-2017 The MathWorks, Inc.
                   R2017a (9.2.0.556344) 64-bit (glnxa64)
                               March 27, 2017

 
To get started, type one of these: helpwin, helpdesk, or demo.
For product information, visit www.mathworks.com.
 
>> >> >> >> Coregistation Script Created on 180604_20_49_38_236
>> >> >> >> >> >> [Warning: Name is nonexistent or not a directory:
/Users/rcwelsh/matlabScripts/WELLES/mfiles] 
[> In path (line 109)
  In addpath (line 86)] 
>> >> >> >> >> 
UMBatchJobName =

    'coregOverlay_180604_20_49_38_236_tehsheng_madcbrai'

>> 
UMBatchProcessName =

    'coregOverlay'

>> >> Initializing the job manager in SPM8

UMReSlice =

     0



Calling UMBatchCoReg with:
/nfs/fmri/Analysis/Sean_Working/Git_MADC/preprocess/../../../Subjects_oldResting/madc1241_scan1/func//run_01/utprun_01.nii
/nfs/fmri/Analysis/Subjects_oldResting/madc1241_scan1/func/coReg/t1mprage.nii
UMReSlice:0
Entering UMBatchCoReg V2.0 for SPM8
Coreging /nfs/fmri/Analysis/Subjects_oldResting/madc1241_scan1/func/coReg/t1mprage.nii to
         /nfs/fmri/Analysis/Sean_Working/Git_MADC/preprocess/../../../Subjects_oldResting/madc1241_scan1/func//run_01/utprun_01.nii


------------------------------------------------------------------------
Running job #1
------------------------------------------------------------------------
Running 'Coregister: Estimate'
iteration 1...
-2.354   0        0        0        0        0        | -1.0481
-2.354   3.397    0        0        0        0        | -1.0495
-2.354   3.397    -4.793   0        0        0        | -1.0522
-2.354   3.397    -4.793   0.001022 0        0        | -1.0522
-2.354   3.397    -4.793   0.001022 0        0        | -1.0522
-2.354   3.397    -4.793   0.001022 0        0.004499 | -1.0522
iteration 2...
-2.447   3.397    -4.793   0.001022 0        0.004499 | -1.0523
-2.447   3.359    -4.793   0.001022 0        0.004499 | -1.0523
-2.447   3.359    -4.783   0.001022 0        0.004499 | -1.0523
-2.447   3.359    -4.783   0.001458 0        0.004499 | -1.0523
-2.447   3.359    -4.783   0.001458 0.001259 0.004499 | -1.0523
-2.447   3.359    -4.783   0.001458 0.001259 0.006525 | -1.0523
iteration 3...
-2.449   3.359    -4.783   0.001458 0.001259 0.006525 | -1.0523
-2.449   3.298    -4.783   0.001458 0.001259 0.006525 | -1.0523
-2.449   3.298    -4.782   0.001458 0.001259 0.006525 | -1.0523
-2.449   3.298    -4.782   0.001458 0.001259 0.006525 | -1.0523
-2.449   3.298    -4.782   0.001458 0.001259 0.006525 | -1.0523
-2.449   3.298    -4.782   0.001458 0.001259 0.006525 | -1.0523
iteration 4...
-2.449   3.298    -4.782   0.001458 0.001259 0.006525 | -1.0523
-2.449   3.298    -4.782   0.001458 0.001259 0.006525 | -1.0523
-2.449   3.298    -4.782   0.001458 0.001259 0.006525 | -1.0523
-2.449   3.298    -4.782   0.001458 0.001259 0.006525 | -1.0523
-2.449   3.298    -4.782   0.001458 0.001259 0.006525 | -1.0523
-2.449   3.298    -4.782   0.001458 0.001259 0.006525 | -1.0523
iteration 1...
-2.492   3.298    -4.782   0.001458 0.001259 0.006525 | -1.0521
-2.492   2.969    -4.782   0.001458 0.001259 0.006525 | -1.0522
-2.492   2.969    -5.391   0.001458 0.001259 0.006525 | -1.0522
-2.492   2.969    -5.391   0.006172 0.001259 0.006525 | -1.0522
-2.492   2.969    -5.391   0.006172 -0.005051 0.006525 | -1.0522
-2.492   2.969    -5.391   0.006172 -0.005051 0.003024 | -1.0522
-2.515   2.79     -5.724   0.008746 -0.008495 0.001114 | -1.0523
iteration 2...
-2.366   2.79     -5.724   0.008746 -0.008495 0.001114 | -1.0523
-2.366   2.697    -5.724   0.008746 -0.008495 0.001114 | -1.0523
-2.365   2.706    -5.706   0.008614 -0.008318 0.001212 | -1.0523
-2.365   2.706    -5.706   0.009374 -0.008318 0.001212 | -1.0523
-2.365   2.706    -5.706   0.009374 -0.008318 0.001212 | -1.0523
-2.365   2.706    -5.706   0.009374 -0.008318 0.002498 | -1.0523
iteration 3...
-2.365   2.706    -5.706   0.009374 -0.008318 0.002498 | -1.0523
-2.365   2.711    -5.706   0.009374 -0.008318 0.002498 | -1.0523
-2.365   2.711    -5.706   0.009374 -0.008318 0.002498 | -1.0523
-2.365   2.711    -5.706   0.009374 -0.008318 0.002498 | -1.0523
-2.365   2.711    -5.706   0.009374 -0.008389 0.002498 | -1.0523
-2.365   2.711    -5.706   0.009374 -0.008389 0.002498 | -1.0523
Done    'Coregister: Estimate'
Done

CoReg Done in 27.225045 seconds

All done with coregistration.
>> >> 
No sandbox specified



Start   : Mon Jun  4 20:49:41 EDT 2018
Finish  : Mon Jun  4 20:50:58 EDT 2018


