
                            < M A T L A B (R) >
                  Copyright 1984-2017 The MathWorks, Inc.
                   R2017a (9.2.0.556344) 64-bit (glnxa64)
                               March 27, 2017

 
To get started, type one of these: helpwin, helpdesk, or demo.
For product information, visit www.mathworks.com.
 
>> >> >> >> Coregistation Script Created on 180604_19_14_56_872
>> >> >> >> >> >> [Warning: Name is nonexistent or not a directory:
/Users/rcwelsh/matlabScripts/WELLES/mfiles] 
[> In path (line 109)
  In addpath (line 86)] 
>> >> >> >> >> 
UMBatchJobName =

    'coregOverlay_180604_19_14_56_872_tehsheng_madcbrai'

>> 
UMBatchProcessName =

    'coregOverlay'

>> >> Initializing the job manager in SPM8

UMReSlice =

     0



Calling UMBatchCoReg with:
/nfs/fmri/Analysis/Sean_Working/Git_MADC/preprocess/../../../Subjects_oldResting/madc1459_scan1/func//run_01/utprun_01.nii
/nfs/fmri/Analysis/Subjects_oldResting/madc1459_scan1/func/coReg/t1mprage.nii
UMReSlice:0
Entering UMBatchCoReg V2.0 for SPM8
Coreging /nfs/fmri/Analysis/Subjects_oldResting/madc1459_scan1/func/coReg/t1mprage.nii to
         /nfs/fmri/Analysis/Sean_Working/Git_MADC/preprocess/../../../Subjects_oldResting/madc1459_scan1/func//run_01/utprun_01.nii


------------------------------------------------------------------------
Running job #1
------------------------------------------------------------------------
Running 'Coregister: Estimate'
iteration 1...
-2.81    0        0        0        0        0        | -1.0537
-2.81    -0.3881  0        0        0        0        | -1.0537
-2.81    -0.3881  -3.168   0        0        0        | -1.0541
-2.81    -0.3881  -3.168   0.005689 0        0        | -1.0541
-2.81    -0.3881  -3.168   0.005689 -0.03422 0        | -1.0542
-2.81    -0.3881  -3.168   0.005689 -0.03422 -0.006843 | -1.0542
iteration 2...
-2.672   -0.3881  -3.168   0.005689 -0.03422 -0.006843 | -1.0542
-2.672   -0.4733  -3.168   0.005689 -0.03422 -0.006843 | -1.0542
-2.672   -0.4733  -3.517   0.005689 -0.03422 -0.006843 | -1.0542
-2.672   -0.4733  -3.517   0.009143 -0.03422 -0.006843 | -1.0542
-2.672   -0.4733  -3.517   0.009143 -0.0372  -0.006843 | -1.0542
-2.672   -0.4733  -3.517   0.009143 -0.0372  -0.006843 | -1.0542
iteration 3...
-2.598   -0.4733  -3.517   0.009143 -0.0372  -0.006843 | -1.0542
-2.598   -0.4065  -3.517   0.009143 -0.0372  -0.006843 | -1.0542
-2.598   -0.4065  -3.394   0.009143 -0.0372  -0.006843 | -1.0542
-2.598   -0.4065  -3.394   0.01044  -0.0372  -0.006843 | -1.0542
-2.598   -0.4065  -3.394   0.01044  -0.03895 -0.006843 | -1.0542
-2.598   -0.4065  -3.394   0.01044  -0.03895 -0.007902 | -1.0542
iteration 4...
-2.478   -0.4065  -3.394   0.01044  -0.03895 -0.007902 | -1.0542
-2.478   -0.4301  -3.394   0.01044  -0.03895 -0.007902 | -1.0542
-2.478   -0.4301  -3.346   0.01044  -0.03895 -0.007902 | -1.0542
-2.478   -0.4301  -3.346   0.01081  -0.03895 -0.007902 | -1.0542
-2.478   -0.4301  -3.346   0.01081  -0.04128 -0.007902 | -1.0542
-2.478   -0.4301  -3.346   0.01081  -0.04128 -0.008189 | -1.0542
-2.358   -0.4538  -3.297   0.01117  -0.04362 -0.008476 | -1.0543
iteration 5...
-2.367   -0.4522  -3.301   0.01115  -0.04346 -0.008456 | -1.0543
-2.367   -0.4682  -3.301   0.01115  -0.04346 -0.008456 | -1.0543
-2.367   -0.4682  -3.299   0.01115  -0.04346 -0.008456 | -1.0543
-2.367   -0.4682  -3.299   0.01115  -0.04346 -0.008456 | -1.0543
-2.367   -0.4682  -3.299   0.01115  -0.04346 -0.008456 | -1.0543
-2.367   -0.4682  -3.299   0.01115  -0.04346 -0.008456 | -1.0543
iteration 1...
-2.178   -0.4682  -3.299   0.01115  -0.04346 -0.008456 | -1.054
-2.178   -0.1013  -3.299   0.01115  -0.04346 -0.008456 | -1.054
-2.178   -0.1013  -4.61    0.01115  -0.04346 -0.008456 | -1.0541
-2.178   -0.1013  -4.61    0.02514  -0.04346 -0.008456 | -1.0541
-2.178   -0.1013  -4.61    0.02514  -0.0325  -0.008456 | -1.0541
-2.178   -0.1013  -4.61    0.02514  -0.0325  -0.02668 | -1.0542
iteration 2...
-2.045   -0.1013  -4.61    0.02514  -0.0325  -0.02668 | -1.0542
-2.045   -0.1364  -4.61    0.02514  -0.0325  -0.02668 | -1.0542
-2.045   -0.1364  -4.177   0.02514  -0.0325  -0.02668 | -1.0542
-2.045   -0.1364  -4.177   0.01647  -0.0325  -0.02668 | -1.0542
-2.045   -0.1364  -4.177   0.01647  -0.03462 -0.02668 | -1.0542
-2.045   -0.1364  -4.177   0.01647  -0.03462 -0.03229 | -1.0542
iteration 3...
-2.083   -0.1364  -4.177   0.01647  -0.03462 -0.03229 | -1.0542
-2.083   -0.07107 -4.177   0.01647  -0.03462 -0.03229 | -1.0542
-2.083   -0.07107 -4.308   0.01647  -0.03462 -0.03229 | -1.0542
-2.083   -0.07107 -4.308   0.01605  -0.03462 -0.03229 | -1.0542
-2.083   -0.07107 -4.308   0.01605  -0.03462 -0.03229 | -1.0542
-2.083   -0.07107 -4.308   0.01605  -0.03462 -0.03229 | -1.0542
iteration 4...
-2.083   -0.07107 -4.308   0.01605  -0.03462 -0.03229 | -1.0542
-2.083   -0.07107 -4.308   0.01605  -0.03462 -0.03229 | -1.0542
-2.083   -0.07107 -4.348   0.01605  -0.03462 -0.03229 | -1.0542
-2.083   -0.07107 -4.348   0.01605  -0.03462 -0.03229 | -1.0542
-2.083   -0.07107 -4.348   0.01605  -0.03462 -0.03229 | -1.0542
-2.083   -0.07107 -4.348   0.01605  -0.03462 -0.03229 | -1.0542
iteration 5...
-2.083   -0.07107 -4.348   0.01605  -0.03462 -0.03229 | -1.0542
-2.083   -0.07107 -4.348   0.01605  -0.03462 -0.03229 | -1.0542
-2.083   -0.07107 -4.348   0.01605  -0.03462 -0.03229 | -1.0542
-2.083   -0.07107 -4.348   0.01605  -0.03462 -0.03229 | -1.0542
-2.083   -0.07107 -4.348   0.01605  -0.03462 -0.03229 | -1.0542
-2.083   -0.07107 -4.348   0.01605  -0.03462 -0.03229 | -1.0542
Done    'Coregister: Estimate'
Done

CoReg Done in 35.536072 seconds

All done with coregistration.
>> >> 
No sandbox specified



Start   : Mon Jun  4 19:14:59 EDT 2018
Finish  : Mon Jun  4 19:16:19 EDT 2018


