
                            < M A T L A B (R) >
                  Copyright 1984-2017 The MathWorks, Inc.
                   R2017a (9.2.0.556344) 64-bit (glnxa64)
                               March 27, 2017

 
To get started, type one of these: helpwin, helpdesk, or demo.
For product information, visit www.mathworks.com.
 
>> >> >> >> Coregistation Script Created on 180604_18_24_11_659
>> >> >> >> >> >> [Warning: Name is nonexistent or not a directory:
/Users/rcwelsh/matlabScripts/WELLES/mfiles] 
[> In path (line 109)
  In addpath (line 86)] 
>> >> >> >> >> 
UMBatchJobName =

    'coregOverlay_180604_18_24_11_659_tehsheng_madcbrai'

>> 
UMBatchProcessName =

    'coregOverlay'

>> >> Initializing the job manager in SPM8

UMReSlice =

     0



Calling UMBatchCoReg with:
/nfs/fmri/Analysis/Sean_Working/Git_MADC/preprocess/../../../Subjects_oldResting/madc1338_scan1/func//run_01/utprun_01.nii
/nfs/fmri/Analysis/Subjects_oldResting/madc1338_scan1/func/coReg/t1mprage.nii
UMReSlice:0
Entering UMBatchCoReg V2.0 for SPM8
Coreging /nfs/fmri/Analysis/Subjects_oldResting/madc1338_scan1/func/coReg/t1mprage.nii to
         /nfs/fmri/Analysis/Sean_Working/Git_MADC/preprocess/../../../Subjects_oldResting/madc1338_scan1/func//run_01/utprun_01.nii


------------------------------------------------------------------------
Running job #1
------------------------------------------------------------------------
Running 'Coregister: Estimate'
iteration 1...
-1.26    0        0        0        0        0        | -1.0501
-1.26    1.306    0        0        0        0        | -1.0502
-1.26    1.306    -0.1489  0        0        0        | -1.0502
-1.26    1.306    -0.1489  -0.0112  0        0        | -1.0503
-1.26    1.306    -0.1489  -0.0112  0.009384 0        | -1.0503
-1.26    1.306    -0.1489  -0.0112  0.009384 0.0001918 | -1.0503
iteration 2...
-1.248   1.306    -0.1489  -0.0112  0.009384 0.0001918 | -1.0503
-1.248   1.622    -0.1489  -0.0112  0.009384 0.0001918 | -1.0503
-1.248   1.622    -0.1154  -0.0112  0.009384 0.0001918 | -1.0503
-1.248   1.622    -0.1154  -0.01838 0.009384 0.0001918 | -1.0504
-1.248   1.622    -0.1154  -0.01838 0.009384 0.0001918 | -1.0504
-1.248   1.622    -0.1154  -0.01838 0.009384 0.003994 | -1.0504
iteration 3...
-1.248   1.622    -0.1154  -0.01838 0.009384 0.003994 | -1.0504
-1.248   1.731    -0.1154  -0.01838 0.009384 0.003994 | -1.0504
-1.248   1.731    -0.06451 -0.01838 0.009384 0.003994 | -1.0504
-1.248   1.731    -0.06451 -0.01833 0.009384 0.003994 | -1.0504
-1.248   1.731    -0.06451 -0.01833 0.01396  0.003994 | -1.0504
-1.248   1.731    -0.06451 -0.01833 0.01396  0.00556  | -1.0504
iteration 4...
-1.222   1.731    -0.06451 -0.01833 0.01396  0.00556  | -1.0504
-1.222   1.725    -0.06451 -0.01833 0.01396  0.00556  | -1.0504
-1.222   1.725    -0.02795 -0.01833 0.01396  0.00556  | -1.0504
-1.222   1.725    -0.02795 -0.01936 0.01396  0.00556  | -1.0504
-1.222   1.725    -0.02795 -0.01936 0.01523  0.00556  | -1.0504
-1.222   1.725    -0.02795 -0.01936 0.01523  0.00556  | -1.0504
iteration 5...
-1.222   1.725    -0.02795 -0.01936 0.01523  0.00556  | -1.0504
-1.222   1.72     -0.02795 -0.01936 0.01523  0.00556  | -1.0504
-1.222   1.72     -0.02648 -0.01936 0.01523  0.00556  | -1.0504
-1.222   1.72     -0.02648 -0.01936 0.01523  0.00556  | -1.0504
-1.222   1.72     -0.02648 -0.01936 0.01536  0.00556  | -1.0504
-1.222   1.72     -0.02648 -0.01936 0.01536  0.00556  | -1.0504
iteration 1...
-1.78    1.72     -0.02648 -0.01936 0.01536  0.00556  | -1.0503
-1.78    2.036    -0.02648 -0.01936 0.01536  0.00556  | -1.0503
-1.78    2.036    -0.001456 -0.01936 0.01536  0.00556  | -1.0503
-1.78    2.036    -0.001456 -0.02208 0.01536  0.00556  | -1.0503
-1.78    2.036    -0.001456 -0.02208 0.01334  0.00556  | -1.0503
-1.78    2.036    -0.001456 -0.02208 0.01334  0.00176  | -1.0503
iteration 2...
-1.655   2.036    -0.001456 -0.02208 0.01334  0.00176  | -1.0503
-1.655   2.195    -0.001456 -0.02208 0.01334  0.00176  | -1.0503
-1.655   2.195    -0.1039  -0.02208 0.01334  0.00176  | -1.0503
-1.655   2.195    -0.1039  -0.02406 0.01334  0.00176  | -1.0504
-1.655   2.195    -0.1039  -0.02406 0.01255  0.00176  | -1.0504
-1.655   2.195    -0.1039  -0.02406 0.01255  0.001013 | -1.0504
iteration 3...
-1.628   2.195    -0.1039  -0.02406 0.01255  0.001013 | -1.0504
-1.628   2.234    -0.1039  -0.02406 0.01255  0.001013 | -1.0504
-1.628   2.234    -0.1285  -0.02406 0.01255  0.001013 | -1.0504
-1.628   2.234    -0.1285  -0.02406 0.01255  0.001013 | -1.0504
-1.628   2.234    -0.1285  -0.02406 0.01255  0.001013 | -1.0504
-1.628   2.234    -0.1285  -0.02406 0.01255  0.0005618 | -1.0504
iteration 4...
-1.615   2.234    -0.1285  -0.02406 0.01255  0.0005618 | -1.0504
-1.615   2.231    -0.1285  -0.02406 0.01255  0.0005618 | -1.0504
-1.615   2.231    -0.1315  -0.02406 0.01255  0.0005618 | -1.0504
-1.615   2.231    -0.1315  -0.02406 0.01255  0.0005618 | -1.0504
-1.615   2.231    -0.1315  -0.02406 0.01255  0.0005618 | -1.0504
-1.615   2.231    -0.1315  -0.02406 0.01255  0.0003685 | -1.0504
Done    'Coregister: Estimate'
Done

CoReg Done in 29.998112 seconds

All done with coregistration.
>> >> 
No sandbox specified



Start   : Mon Jun  4 18:24:13 EDT 2018
Finish  : Mon Jun  4 18:25:21 EDT 2018


