
                            < M A T L A B (R) >
                  Copyright 1984-2015 The MathWorks, Inc.
                   R2015b (8.6.0.267246) 64-bit (glnxa64)
                              August 20, 2015

 
To get started, type one of these: helpwin, helpdesk, or demo.
For product information, visit www.mathworks.com.
 

	Academic License

>> >> >> >> Coregistation Script Created on 181121_17_34_15_930
>> >> >> >> >> >> [Warning: Name is nonexistent or not a directory:
/Users/rcwelsh/matlabScripts/WELLES/mfiles] 
[> In path (line 109)
  In addpath (line 86)] 
>> >> >> >> >> 
UMBatchJobName =

coregOverlay_181121_17_34_15_930_tehsheng_madcbrai

>> 
UMBatchProcessName =

coregOverlay

>> >> Initializing the job manager in SPM8

UMReSlice =

     0



Calling UMBatchCoReg with:
/nfs/fmri/Analysis/Sean_Working/Git_MADC/preprocess/../../Subjects_ABCDResting/madc1241_scan1/func//run_01/utprun_01.nii
/nfs/fmri/Analysis/Sean_Working/Subjects_ABCDResting/madc1241_scan1/func/coReg/t1mprage.nii
UMReSlice:0
Entering UMBatchCoReg V2.0 for SPM8
Coreging /nfs/fmri/Analysis/Sean_Working/Subjects_ABCDResting/madc1241_scan1/func/coReg/t1mprage.nii to
         /nfs/fmri/Analysis/Sean_Working/Git_MADC/preprocess/../../Subjects_ABCDResting/madc1241_scan1/func//run_01/utprun_01.nii


------------------------------------------------------------------------
Running job #1
------------------------------------------------------------------------
Running 'Coregister: Estimate'
iteration 1...
-1.319   0        0        0        0        0        | -1.0479
-1.319   1.485    0        0        0        0        | -1.0484
-1.319   1.485    -3.072   0        0        0        | -1.0501
-1.319   1.485    -3.072   0.02096  0        0        | -1.0502
-1.319   1.485    -3.072   0.02096  -0.011   0        | -1.0502
-1.319   1.485    -3.072   0.02096  -0.011   0.01423  | -1.0503
iteration 2...
-1.411   1.485    -3.072   0.02096  -0.011   0.01423  | -1.0503
-1.411   1.218    -3.072   0.02096  -0.011   0.01423  | -1.0504
-1.411   1.218    -2.959   0.02096  -0.011   0.01423  | -1.0504
-1.411   1.218    -2.959   0.02291  -0.011   0.01423  | -1.0504
-1.411   1.218    -2.959   0.02291  -0.01254 0.01423  | -1.0504
-1.411   1.218    -2.959   0.02291  -0.01254 0.01587  | -1.0504
iteration 3...
-1.372   1.218    -2.959   0.02291  -0.01254 0.01587  | -1.0504
-1.372   1.218    -2.959   0.02291  -0.01254 0.01587  | -1.0504
-1.372   1.218    -2.915   0.02291  -0.01254 0.01587  | -1.0504
-1.372   1.218    -2.915   0.02291  -0.01254 0.01587  | -1.0504
-1.372   1.218    -2.915   0.02291  -0.01258 0.01587  | -1.0504
-1.372   1.218    -2.915   0.02291  -0.01258 0.01587  | -1.0504
iteration 4...
-1.372   1.218    -2.915   0.02291  -0.01258 0.01587  | -1.0504
-1.372   1.199    -2.915   0.02291  -0.01258 0.01587  | -1.0504
-1.372   1.199    -2.903   0.02291  -0.01258 0.01587  | -1.0504
-1.372   1.199    -2.903   0.02291  -0.01258 0.01587  | -1.0504
-1.372   1.199    -2.903   0.02291  -0.01258 0.01587  | -1.0504
-1.372   1.199    -2.903   0.02291  -0.01258 0.01587  | -1.0504
iteration 5...
-1.405   1.199    -2.903   0.02291  -0.01258 0.01587  | -1.0504
-1.405   1.199    -2.903   0.02291  -0.01258 0.01587  | -1.0504
-1.405   1.199    -2.905   0.02291  -0.01258 0.01587  | -1.0504
-1.405   1.199    -2.905   0.02291  -0.01258 0.01587  | -1.0504
-1.405   1.199    -2.905   0.02291  -0.01258 0.01587  | -1.0504
-1.405   1.199    -2.905   0.02291  -0.01258 0.01587  | -1.0504
iteration 6...
-1.405   1.199    -2.905   0.02291  -0.01258 0.01587  | -1.0504
-1.405   1.199    -2.905   0.02291  -0.01258 0.01587  | -1.0504
-1.405   1.199    -2.905   0.02291  -0.01258 0.01587  | -1.0504
-1.405   1.199    -2.905   0.02291  -0.01258 0.01587  | -1.0504
-1.405   1.199    -2.905   0.02291  -0.01258 0.01587  | -1.0504
-1.405   1.199    -2.905   0.02291  -0.01258 0.01587  | -1.0504
iteration 1...
-1.481   1.199    -2.905   0.02291  -0.01258 0.01587  | -1.0504
-1.481   1.101    -2.905   0.02291  -0.01258 0.01587  | -1.0504
-1.481   1.101    -2.882   0.02291  -0.01258 0.01587  | -1.0504
-1.481   1.101    -2.882   0.02345  -0.01258 0.01587  | -1.0504
-1.481   1.101    -2.882   0.02345  -0.01088 0.01587  | -1.0504
-1.481   1.101    -2.882   0.02345  -0.01088 0.01587  | -1.0504
iteration 2...
-1.481   1.101    -2.882   0.02345  -0.01088 0.01587  | -1.0504
-1.481   1.096    -2.882   0.02345  -0.01088 0.01587  | -1.0504
-1.481   1.096    -2.88    0.02345  -0.01088 0.01587  | -1.0504
-1.481   1.096    -2.88    0.02345  -0.01088 0.01587  | -1.0504
-1.481   1.096    -2.88    0.02345  -0.0108  0.01587  | -1.0504
-1.481   1.096    -2.88    0.02345  -0.0108  0.01587  | -1.0504
Done    'Coregister: Estimate'
Done

CoReg Done in 23.298779 seconds

All done with coregistration.
>> >> 
No sandbox specified



Start   : Wed Nov 21 17:34:21 EST 2018
Finish  : Wed Nov 21 17:35:37 EST 2018


