
                            < M A T L A B (R) >
                  Copyright 1984-2015 The MathWorks, Inc.
                   R2015b (8.6.0.267246) 64-bit (glnxa64)
                              August 20, 2015

 
To get started, type one of these: helpwin, helpdesk, or demo.
For product information, visit www.mathworks.com.
 

	Academic License

>> >> >> >> Coregistation Script Created on 181121_20_33_49_339
>> >> >> >> >> >> [Warning: Name is nonexistent or not a directory:
/Users/rcwelsh/matlabScripts/WELLES/mfiles] 
[> In path (line 109)
  In addpath (line 86)] 
>> >> >> >> >> 
UMBatchJobName =

coregOverlay_181121_20_33_49_339_tehsheng_madcbrai

>> 
UMBatchProcessName =

coregOverlay

>> >> Initializing the job manager in SPM8

UMReSlice =

     0



Calling UMBatchCoReg with:
/nfs/fmri/Analysis/Sean_Working/Git_MADC/preprocess/../../Subjects_ABCDResting/madc1268_scan1/func//run_01/utprun_01.nii
/nfs/fmri/Analysis/Sean_Working/Subjects_ABCDResting/madc1268_scan1/func/coReg/t1mprage.nii
UMReSlice:0
Entering UMBatchCoReg V2.0 for SPM8
Coreging /nfs/fmri/Analysis/Sean_Working/Subjects_ABCDResting/madc1268_scan1/func/coReg/t1mprage.nii to
         /nfs/fmri/Analysis/Sean_Working/Git_MADC/preprocess/../../Subjects_ABCDResting/madc1268_scan1/func//run_01/utprun_01.nii


------------------------------------------------------------------------
Running job #1
------------------------------------------------------------------------
Running 'Coregister: Estimate'
iteration 1...
-1.191   0        0        0        0        0        | -1.0454
-1.191   1.414    0        0        0        0        | -1.0458
-1.191   1.414    -0.009954 0        0        0        | -1.0458
-1.191   1.414    -0.009954 0        0        0        | -1.0458
-1.191   1.414    -0.009954 0        0        0        | -1.0458
-1.191   1.414    -0.009954 0        0        -0.006572 | -1.0458
iteration 2...
-1.143   1.414    -0.009954 0        0        -0.006572 | -1.0458
-1.143   1.486    -0.009954 0        0        -0.006572 | -1.0458
-1.143   1.486    -0.01759 0        0        -0.006572 | -1.0458
-1.143   1.486    -0.01759 -0.0008316 0        -0.006572 | -1.0458
-1.143   1.486    -0.01759 -0.0008316 0        -0.006572 | -1.0458
-1.143   1.486    -0.01759 -0.0008316 0        -0.006572 | -1.0458
iteration 3...
-1.143   1.486    -0.01759 -0.0008316 0        -0.006572 | -1.0458
-1.143   1.498    -0.01759 -0.0008316 0        -0.006572 | -1.0458
-1.143   1.498    -0.008616 -0.0008316 0        -0.006572 | -1.0458
-1.143   1.498    -0.008616 -0.0008316 0        -0.006572 | -1.0458
-1.143   1.498    -0.008616 -0.0008316 0        -0.006572 | -1.0458
-1.143   1.498    -0.008616 -0.0008316 0        -0.006572 | -1.0458
iteration 1...
-1.143   1.498    -0.008616 -0.0008316 0        -0.006572 | -1.0456
-1.143   1.189    -0.008616 -0.0008316 0        -0.006572 | -1.0456
-1.143   1.189    0.04373  -0.0008316 0        -0.006572 | -1.0456
-1.143   1.189    0.04373  0.002512 0        -0.006572 | -1.0456
-1.143   1.189    0.04373  0.002512 0.0006854 -0.006572 | -1.0456
-1.143   1.189    0.04373  0.002512 0.0006854 -0.00171 | -1.0456
iteration 2...
-1.098   1.189    0.04373  0.002512 0.0006854 -0.00171 | -1.0456
-1.098   1.028    0.04373  0.002512 0.0006854 -0.00171 | -1.0456
-1.098   1.028    0.06359  0.002512 0.0006854 -0.00171 | -1.0456
-1.098   1.028    0.06359  0.004698 0.0006854 -0.00171 | -1.0456
-1.098   1.028    0.06359  0.004698 0.0009704 -0.00171 | -1.0456
-1.098   1.028    0.06359  0.004698 0.0009704 -0.00171 | -1.0456
iteration 3...
-1.098   1.028    0.06359  0.004698 0.0009704 -0.00171 | -1.0456
-1.098   0.9509   0.06359  0.004698 0.0009704 -0.00171 | -1.0456
-1.098   0.9509   0.07837  0.004698 0.0009704 -0.00171 | -1.0456
-1.098   0.9509   0.07837  0.006407 0.0009704 -0.00171 | -1.0456
-1.098   0.9509   0.07837  0.006407 0.0009704 -0.00171 | -1.0456
-1.098   0.9509   0.07837  0.006407 0.0009704 -0.00171 | -1.0456
-1.098   0.9115   0.08592  0.00728  0.0009704 -0.00171 | -1.0456
iteration 4...
-1.098   0.9115   0.08592  0.00728  0.0009704 -0.00171 | -1.0456
-1.098   0.9093   0.08634  0.007329 0.0009704 -0.00171 | -1.0456
-1.098   0.9093   0.08172  0.007329 0.0009704 -0.00171 | -1.0456
-1.098   0.9093   0.08172  0.006454 0.0009704 -0.00171 | -1.0456
-1.098   0.9093   0.08172  0.006454 0.0009704 -0.00171 | -1.0456
-1.098   0.9093   0.08172  0.006454 0.0009704 -0.00191 | -1.0456
Done    'Coregister: Estimate'
Done

CoReg Done in 28.251291 seconds

All done with coregistration.
>> >> 
No sandbox specified



Start   : Wed Nov 21 20:33:59 EST 2018
Finish  : Wed Nov 21 20:35:13 EST 2018


