
                            < M A T L A B (R) >
                  Copyright 1984-2015 The MathWorks, Inc.
                   R2015b (8.6.0.267246) 64-bit (glnxa64)
                              August 20, 2015

 
To get started, type one of these: helpwin, helpdesk, or demo.
For product information, visit www.mathworks.com.
 

	Academic License

>> >> >> >> Coregistation Script Created on 181121_15_51_09_907
>> >> >> >> >> >> [Warning: Name is nonexistent or not a directory:
/Users/rcwelsh/matlabScripts/WELLES/mfiles] 
[> In path (line 109)
  In addpath (line 86)] 
>> >> >> >> >> 
UMBatchJobName =

coregOverlay_181121_15_51_09_907_tehsheng_madcbrai

>> 
UMBatchProcessName =

coregOverlay

>> >> Initializing the job manager in SPM8

UMReSlice =

     0



Calling UMBatchCoReg with:
/nfs/fmri/Analysis/Sean_Working/Git_MADC/preprocess/../../Subjects_ABCDResting/madc1418_scan1/func//run_01/utprun_01.nii
/nfs/fmri/Analysis/Sean_Working/Subjects_ABCDResting/madc1418_scan1/func/coReg/t1mprage.nii
UMReSlice:0
Entering UMBatchCoReg V2.0 for SPM8
Coreging /nfs/fmri/Analysis/Sean_Working/Subjects_ABCDResting/madc1418_scan1/func/coReg/t1mprage.nii to
         /nfs/fmri/Analysis/Sean_Working/Git_MADC/preprocess/../../Subjects_ABCDResting/madc1418_scan1/func//run_01/utprun_01.nii


------------------------------------------------------------------------
Running job #1
------------------------------------------------------------------------
Running 'Coregister: Estimate'
iteration 1...
-2.049   0        0        0        0        0        | -1.0404
-2.049   1.932    0        0        0        0        | -1.041
-2.049   1.932    -1.797   0        0        0        | -1.0412
-2.049   1.932    -1.797   0.05479  0        0        | -1.0416
-2.049   1.932    -1.797   0.05479  0        0        | -1.0416
-2.049   1.932    -1.797   0.05479  0        0        | -1.0416
iteration 2...
-2.049   1.932    -1.797   0.05479  0        0        | -1.0416
-2.049   2.109    -1.797   0.05479  0        0        | -1.0416
-2.049   2.109    -1.853   0.05479  0        0        | -1.0416
-2.049   2.109    -1.853   0.04787  0        0        | -1.0416
-2.049   2.109    -1.853   0.04787  0        0        | -1.0416
-2.049   2.109    -1.853   0.04787  0        0.003858 | -1.0416
iteration 3...
-2.115   2.109    -1.853   0.04787  0        0.003858 | -1.0416
-2.115   2.165    -1.853   0.04787  0        0.003858 | -1.0416
-2.115   2.165    -1.837   0.04787  0        0.003858 | -1.0416
-2.115   2.165    -1.837   0.04787  0        0.003858 | -1.0416
-2.115   2.165    -1.837   0.04787  0        0.003858 | -1.0416
-2.115   2.165    -1.837   0.04787  0        0.005848 | -1.0416
iteration 4...
-2.115   2.165    -1.837   0.04787  0        0.005848 | -1.0416
-2.115   2.207    -1.837   0.04787  0        0.005848 | -1.0416
-2.115   2.207    -1.837   0.04787  0        0.005848 | -1.0416
-2.115   2.207    -1.837   0.04787  0        0.005848 | -1.0416
-2.115   2.207    -1.837   0.04787  0        0.005848 | -1.0416
-2.115   2.207    -1.837   0.04787  0        0.006979 | -1.0416
-2.115   2.317    -1.837   0.04787  0        0.009938 | -1.0416
iteration 5...
-2.129   2.317    -1.837   0.04787  0        0.009938 | -1.0416
-2.129   2.287    -1.837   0.04787  0        0.009938 | -1.0416
-2.129   2.287    -1.837   0.04787  0        0.009938 | -1.0416
-2.129   2.287    -1.837   0.04725  0        0.009938 | -1.0416
-2.129   2.287    -1.837   0.04725  -0.001672 0.009938 | -1.0416
-2.129   2.287    -1.837   0.04725  -0.001672 0.009938 | -1.0416
iteration 6...
-2.122   2.287    -1.837   0.04725  -0.001672 0.009938 | -1.0416
-2.122   2.313    -1.837   0.04725  -0.001672 0.009938 | -1.0416
-2.122   2.313    -1.892   0.04725  -0.001672 0.009938 | -1.0416
-2.122   2.313    -1.892   0.04725  -0.001672 0.009938 | -1.0416
-2.122   2.313    -1.892   0.04725  -0.001672 0.009938 | -1.0416
-2.122   2.313    -1.892   0.04725  -0.001672 0.009938 | -1.0416
iteration 7...
-2.122   2.313    -1.892   0.04725  -0.001672 0.009938 | -1.0416
-2.122   2.313    -1.892   0.04725  -0.001672 0.009938 | -1.0416
-2.122   2.313    -1.892   0.04725  -0.001672 0.009938 | -1.0416
-2.122   2.313    -1.892   0.04725  -0.001672 0.009938 | -1.0416
-2.122   2.313    -1.892   0.04725  -0.001672 0.009938 | -1.0416
-2.122   2.313    -1.892   0.04725  -0.001672 0.009938 | -1.0416
iteration 1...
-2.03    2.313    -1.892   0.04725  -0.001672 0.009938 | -1.0413
-2.03    2.107    -1.892   0.04725  -0.001672 0.009938 | -1.0413
-2.03    2.107    -1.492   0.04725  -0.001672 0.009938 | -1.0414
-2.03    2.107    -1.492   0.03348  -0.001672 0.009938 | -1.0414
-2.03    2.107    -1.492   0.03348  -0.003994 0.009938 | -1.0414
-2.03    2.107    -1.492   0.03348  -0.003994 0.005427 | -1.0414
iteration 2...
-2.047   2.107    -1.492   0.03348  -0.003994 0.005427 | -1.0414
-2.047   2.113    -1.492   0.03348  -0.003994 0.005427 | -1.0414
-2.047   2.113    -1.522   0.03348  -0.003994 0.005427 | -1.0414
-2.047   2.113    -1.522   0.03338  -0.003994 0.005427 | -1.0414
-2.047   2.113    -1.522   0.03338  -0.007332 0.005427 | -1.0414
-2.047   2.113    -1.522   0.03338  -0.007332 0.005158 | -1.0414
iteration 3...
-2.055   2.113    -1.522   0.03338  -0.007332 0.005158 | -1.0414
-2.055   2.113    -1.522   0.03338  -0.007332 0.005158 | -1.0414
-2.055   2.113    -1.595   0.03338  -0.007332 0.005158 | -1.0414
-2.055   2.113    -1.595   0.03331  -0.007332 0.005158 | -1.0414
-2.055   2.113    -1.595   0.03331  -0.007332 0.005158 | -1.0414
-2.055   2.113    -1.595   0.03331  -0.007332 0.004675 | -1.0414
iteration 4...
-2.125   2.113    -1.595   0.03331  -0.007332 0.004675 | -1.0414
-2.125   2.115    -1.595   0.03331  -0.007332 0.004675 | -1.0414
-2.125   2.115    -1.585   0.03331  -0.007332 0.004675 | -1.0414
-2.125   2.115    -1.585   0.03311  -0.007332 0.004675 | -1.0414
-2.125   2.115    -1.585   0.03311  -0.007332 0.004675 | -1.0414
-2.125   2.115    -1.585   0.03311  -0.007332 0.004675 | -1.0414
iteration 5...
-2.125   2.115    -1.585   0.03311  -0.007332 0.004675 | -1.0414
-2.125   2.115    -1.585   0.03311  -0.007332 0.004675 | -1.0414
-2.125   2.115    -1.585   0.03311  -0.007332 0.004675 | -1.0414
-2.125   2.115    -1.585   0.03309  -0.007332 0.004675 | -1.0414
-2.125   2.115    -1.585   0.03309  -0.007332 0.004675 | -1.0414
-2.125   2.115    -1.585   0.03309  -0.007332 0.004675 | -1.0414
Done    'Coregister: Estimate'
Done

CoReg Done in 33.023945 seconds

All done with coregistration.
>> >> 
No sandbox specified



Start   : Wed Nov 21 15:51:13 EST 2018
Finish  : Wed Nov 21 15:52:26 EST 2018


