
                            < M A T L A B (R) >
                  Copyright 1984-2015 The MathWorks, Inc.
                   R2015b (8.6.0.267246) 64-bit (glnxa64)
                              August 20, 2015

 
To get started, type one of these: helpwin, helpdesk, or demo.
For product information, visit www.mathworks.com.
 

	Academic License

>> >> >> >> Coregistation Script Created on 181121_18_21_11_256
>> >> >> >> >> >> [Warning: Name is nonexistent or not a directory:
/Users/rcwelsh/matlabScripts/WELLES/mfiles] 
[> In path (line 109)
  In addpath (line 86)] 
>> >> >> >> >> 
UMBatchJobName =

coregOverlay_181121_18_21_11_256_tehsheng_madcbrai

>> 
UMBatchProcessName =

coregOverlay

>> >> Initializing the job manager in SPM8

UMReSlice =

     0



Calling UMBatchCoReg with:
/nfs/fmri/Analysis/Sean_Working/Git_MADC/preprocess/../../Subjects_ABCDResting/madc1425_scan1/func//run_01/utprun_01.nii
/nfs/fmri/Analysis/Sean_Working/Subjects_ABCDResting/madc1425_scan1/func/coReg/t1mprage.nii
UMReSlice:0
Entering UMBatchCoReg V2.0 for SPM8
Coreging /nfs/fmri/Analysis/Sean_Working/Subjects_ABCDResting/madc1425_scan1/func/coReg/t1mprage.nii to
         /nfs/fmri/Analysis/Sean_Working/Git_MADC/preprocess/../../Subjects_ABCDResting/madc1425_scan1/func//run_01/utprun_01.nii


------------------------------------------------------------------------
Running job #1
------------------------------------------------------------------------
Running 'Coregister: Estimate'
iteration 1...
-1.504   0        0        0        0        0        | -1.0525
-1.504   2.348    0        0        0        0        | -1.0538
-1.504   2.348    -1.188   0        0        0        | -1.054
-1.504   2.348    -1.188   -0.01571 0        0        | -1.0541
-1.504   2.348    -1.188   -0.01571 0        0        | -1.0541
-1.504   2.348    -1.188   -0.01571 0        0        | -1.0541
iteration 2...
-1.385   2.348    -1.188   -0.01571 0        0        | -1.0541
-1.385   2.918    -1.188   -0.01571 0        0        | -1.0541
-1.385   2.918    -1.242   -0.01571 0        0        | -1.0541
-1.385   2.918    -1.242   -0.0173  0        0        | -1.0541
-1.385   2.918    -1.242   -0.0173  0        0        | -1.0541
-1.385   2.918    -1.242   -0.0173  0        0.0009825 | -1.0541
iteration 3...
-1.385   2.918    -1.242   -0.0173  0        0.0009825 | -1.0541
-1.385   2.844    -1.242   -0.0173  0        0.0009825 | -1.0542
-1.385   2.844    -1.292   -0.0173  0        0.0009825 | -1.0542
-1.385   2.844    -1.292   -0.01867 0        0.0009825 | -1.0542
-1.385   2.844    -1.292   -0.01867 0        0.0009825 | -1.0542
-1.385   2.844    -1.292   -0.01867 0        0.0009825 | -1.0542
iteration 4...
-1.388   2.844    -1.292   -0.01867 0        0.0009825 | -1.0542
-1.388   2.844    -1.292   -0.01867 0        0.0009825 | -1.0542
-1.388   2.844    -1.366   -0.01867 0        0.0009825 | -1.0542
-1.388   2.844    -1.366   -0.01887 0        0.0009825 | -1.0542
-1.388   2.844    -1.366   -0.01887 0        0.0009825 | -1.0542
-1.388   2.844    -1.366   -0.01887 0        0.0009825 | -1.0542
iteration 5...
-1.39    2.844    -1.366   -0.01887 0        0.0009825 | -1.0542
-1.39    2.844    -1.366   -0.01887 0        0.0009825 | -1.0542
-1.39    2.844    -1.366   -0.01887 0        0.0009825 | -1.0542
-1.39    2.844    -1.366   -0.01887 0        0.0009825 | -1.0542
-1.39    2.844    -1.366   -0.01887 0        0.0009825 | -1.0542
-1.39    2.844    -1.366   -0.01887 0        0.0009825 | -1.0542
iteration 1...
-1.51    2.844    -1.366   -0.01887 0        0.0009825 | -1.0539
-1.51    3.028    -1.366   -0.01887 0        0.0009825 | -1.054
-1.51    3.028    -1.46    -0.01887 0        0.0009825 | -1.054
-1.51    3.028    -1.46    -0.0138  0        0.0009825 | -1.054
-1.51    3.028    -1.46    -0.0138  -0.002942 0.0009825 | -1.054
-1.51    3.028    -1.46    -0.0138  -0.002942 -0.004593 | -1.054
iteration 2...
-1.458   3.028    -1.46    -0.0138  -0.002942 -0.004593 | -1.054
-1.458   2.996    -1.46    -0.0138  -0.002942 -0.004593 | -1.054
-1.458   2.996    -1.441   -0.0138  -0.002942 -0.004593 | -1.054
-1.458   2.996    -1.441   -0.0138  -0.002942 -0.004593 | -1.054
-1.458   2.996    -1.441   -0.0138  -0.002528 -0.004593 | -1.054
-1.458   2.996    -1.441   -0.0138  -0.002528 -0.004593 | -1.054
iteration 3...
-1.458   2.996    -1.441   -0.0138  -0.002528 -0.004593 | -1.054
-1.458   2.999    -1.441   -0.0138  -0.002528 -0.004593 | -1.054
-1.458   2.999    -1.438   -0.0138  -0.002528 -0.004593 | -1.054
-1.458   2.999    -1.438   -0.0138  -0.002528 -0.004593 | -1.054
-1.458   2.999    -1.438   -0.0138  -0.00252 -0.004593 | -1.054
-1.458   2.999    -1.438   -0.0138  -0.00252 -0.004593 | -1.054
Done    'Coregister: Estimate'
Done

CoReg Done in 23.802184 seconds

All done with coregistration.
>> >> 
No sandbox specified



Start   : Wed Nov 21 18:21:13 EST 2018
Finish  : Wed Nov 21 18:22:15 EST 2018


