
                            < M A T L A B (R) >
                  Copyright 1984-2015 The MathWorks, Inc.
                   R2015b (8.6.0.267246) 64-bit (glnxa64)
                              August 20, 2015

 
To get started, type one of these: helpwin, helpdesk, or demo.
For product information, visit www.mathworks.com.
 

	Academic License

>> >> >> >> Coregistation Script Created on 181121_13_42_01_559
>> >> >> >> >> >> [Warning: Name is nonexistent or not a directory:
/Users/rcwelsh/matlabScripts/WELLES/mfiles] 
[> In path (line 109)
  In addpath (line 86)] 
>> >> >> >> >> 
UMBatchJobName =

coregOverlay_181121_13_42_01_559_tehsheng_madcbrai

>> 
UMBatchProcessName =

coregOverlay

>> >> Initializing the job manager in SPM8

UMReSlice =

     0



Calling UMBatchCoReg with:
/nfs/fmri/Analysis/Sean_Working/Git_MADC/preprocess/../../Subjects_ABCDResting/madc0833_scan1/func//run_01/utprun_01.nii
/nfs/fmri/Analysis/Sean_Working/Subjects_ABCDResting/madc0833_scan1/func/coReg/t1mprage.nii
UMReSlice:0
Entering UMBatchCoReg V2.0 for SPM8
Coreging /nfs/fmri/Analysis/Sean_Working/Subjects_ABCDResting/madc0833_scan1/func/coReg/t1mprage.nii to
         /nfs/fmri/Analysis/Sean_Working/Git_MADC/preprocess/../../Subjects_ABCDResting/madc0833_scan1/func//run_01/utprun_01.nii


------------------------------------------------------------------------
Running job #1
------------------------------------------------------------------------
Running 'Coregister: Estimate'
iteration 1...
-0.8555  0        0        0        0        0        | -1.0466
-0.8555  0.9438   0        0        0        0        | -1.0469
-0.8555  0.9438   0.5847   0        0        0        | -1.0469
-0.8555  0.9438   0.5847   -0.003798 0        0        | -1.047
-0.8555  0.9438   0.5847   -0.003798 0        0        | -1.047
-0.8555  0.9438   0.5847   -0.003798 0        0        | -1.047
iteration 2...
-0.9154  0.9438   0.5847   -0.003798 0        0        | -1.047
-0.9154  1.078    0.5847   -0.003798 0        0        | -1.047
-0.9154  1.078    0.4791   -0.003798 0        0        | -1.047
-0.9154  1.078    0.4791   -0.005014 0        0        | -1.047
-0.9154  1.078    0.4791   -0.005014 0.0004162 0        | -1.047
-0.9154  1.078    0.4791   -0.005014 0.0004162 0.001297 | -1.047
-0.9519  1.16     0.4148   -0.005756 0.0006701 0.002088 | -1.047
iteration 3...
-0.9519  1.16     0.4148   -0.005756 0.0006701 0.002088 | -1.047
-0.9519  1.16     0.4148   -0.005756 0.0006701 0.002088 | -1.047
-0.9519  1.16     0.4531   -0.005756 0.0006701 0.002088 | -1.047
-0.9519  1.16     0.4531   -0.005728 0.0006701 0.002088 | -1.047
-0.9519  1.16     0.4531   -0.005728 0.0006701 0.002088 | -1.047
-0.9519  1.16     0.4531   -0.005728 0.0006701 0.0009138 | -1.047
iteration 4...
-0.9652  1.16     0.4531   -0.005728 0.0006701 0.0009138 | -1.047
-0.9906  1.217    0.4083   -0.006244 0.0008466 0.001464 | -1.047
-0.9906  1.217    0.5164   -0.006244 0.0008466 0.001464 | -1.047
-0.9906  1.217    0.5164   -0.006662 0.0008466 0.001464 | -1.047
-0.9906  1.217    0.5164   -0.006662 0.0008466 0.001464 | -1.047
-0.9906  1.217    0.5164   -0.006662 0.0008466 0.001464 | -1.047
-1.014   1.252    0.5546   -0.007225 0.000953 0.001795 | -1.047
iteration 5...
-0.9791  1.252    0.5546   -0.007225 0.000953 0.001795 | -1.047
-0.9791  1.252    0.5546   -0.007225 0.000953 0.001795 | -1.047
-0.9791  1.252    0.5236   -0.007225 0.000953 0.001795 | -1.047
-0.9791  1.252    0.5236   -0.006999 0.000953 0.001795 | -1.047
-0.9791  1.252    0.5236   -0.006999 0.000953 0.001795 | -1.047
-0.9791  1.252    0.5236   -0.006999 0.000953 0.001687 | -1.047
iteration 6...
-0.9949  1.252    0.5236   -0.006999 0.000953 0.001687 | -1.047
-1.018   1.286    0.5618   -0.007562 0.001059 0.002019 | -1.047
-1.018   1.286    0.5205   -0.007562 0.001059 0.002019 | -1.047
-1.018   1.286    0.5205   -0.007393 0.001059 0.002019 | -1.047
-1.018   1.286    0.5205   -0.007393 0.001059 0.002019 | -1.047
-1.018   1.286    0.5205   -0.007393 0.001059 0.0008409 | -1.047
iteration 7...
-1.018   1.286    0.5205   -0.007393 0.001059 0.0008409 | -1.047
-1.041   1.32     0.5587   -0.007956 0.001166 0.001172 | -1.047
-1.041   1.32     0.5058   -0.007956 0.001166 0.001172 | -1.047
-1.041   1.32     0.5058   -0.007916 0.001166 0.001172 | -1.047
-1.041   1.32     0.5058   -0.007916 0.001166 0.001172 | -1.047
-1.041   1.32     0.5058   -0.007916 0.001166 0.001364 | -1.047
iteration 8...
-0.9947  1.32     0.5058   -0.007916 0.001166 0.001364 | -1.047
-1.018   1.355    0.544    -0.008479 0.001272 0.001695 | -1.047
-1.018   1.355    0.5067   -0.008479 0.001272 0.001695 | -1.047
-1.018   1.355    0.5067   -0.008103 0.001272 0.001695 | -1.047
-1.018   1.355    0.5067   -0.008103 0.001707 0.001695 | -1.047
-1.018   1.355    0.5067   -0.008103 0.001707 0.001695 | -1.047
iteration 9...
-1.018   1.355    0.5067   -0.008103 0.001707 0.001695 | -1.047
-1.041   1.389    0.5449   -0.008667 0.001813 0.002027 | -1.047
-1.041   1.389    0.5174   -0.008667 0.001813 0.002027 | -1.047
-1.041   1.389    0.5174   -0.008326 0.001813 0.002027 | -1.047
-1.041   1.389    0.5174   -0.008326 0.001813 0.002027 | -1.047
-1.041   1.389    0.5174   -0.008326 0.001813 0.001709 | -1.047
-1.102   1.479    0.5455   -0.008909 0.002092 0.001746 | -1.047
iteration 10...
-1.057   1.479    0.5455   -0.008909 0.002092 0.001746 | -1.047
-1.066   1.492    0.5495   -0.008991 0.002131 0.001752 | -1.047
-1.066   1.492    0.4946   -0.008991 0.002131 0.001752 | -1.047
-1.066   1.492    0.4946   -0.009391 0.002131 0.001752 | -1.047
-1.066   1.492    0.4946   -0.009391 0.002131 0.001752 | -1.047
-1.066   1.492    0.4946   -0.009391 0.002131 0.001752 | -1.047
-1.03    1.504    0.4437   -0.009874 0.00217  0.001757 | -1.047
iteration 11...
-1.03    1.504    0.4437   -0.009874 0.00217  0.001757 | -1.047
-1.091   1.594    0.4718   -0.01046 0.002449 0.001794 | -1.047
-1.091   1.594    0.4294   -0.01046 0.002449 0.001794 | -1.047
-1.091   1.594    0.4294   -0.01071 0.002449 0.001794 | -1.047
-1.091   1.594    0.4294   -0.01071 0.002449 0.001794 | -1.047
-1.091   1.594    0.4294   -0.01071 0.002449 0.001527 | -1.047
-1.152   1.684    0.4151   -0.01154 0.002728 0.001297 | -1.047
iteration 12...
-1.115   1.697    0.3642   -0.01202 0.002767 0.001302 | -1.047
-1.134   1.725    0.3598   -0.01228 0.002853 0.001231 | -1.047
-1.134   1.725    0.4123   -0.01228 0.002853 0.001231 | -1.047
-1.134   1.725    0.4123   -0.01228 0.002853 0.001231 | -1.047
-1.134   1.725    0.4123   -0.01228 0.002853 0.001231 | -1.047
-1.134   1.725    0.4123   -0.01228 0.002853 0.001231 | -1.047
-1.117   1.765    0.4094   -0.01302 0.002978 0.001165 | -1.047
iteration 13...
-1.118   1.762    0.4096   -0.01297 0.00297  0.00117  | -1.047
-1.145   1.802    0.4033   -0.01333 0.003092 0.001069 | -1.047
-1.145   1.802    0.3925   -0.01333 0.003092 0.001069 | -1.047
-1.145   1.802    0.3925   -0.01249 0.003092 0.001069 | -1.047
-1.145   1.802    0.3925   -0.01249 0.003092 0.001069 | -1.047
-1.145   1.802    0.3925   -0.01249 0.003092 0.0006237 | -1.047
iteration 14...
-1.146   1.799    0.3928   -0.01243 0.003082 0.0006288 | -1.047
-1.155   1.812    0.3907   -0.01255 0.003122 0.0005961 | -1.047
-1.155   1.812    0.3596   -0.01255 0.003122 0.0005961 | -1.047
-1.155   1.812    0.3596   -0.01219 0.003122 0.0005961 | -1.047
-1.155   1.812    0.3596   -0.01219 0.003122 0.0005961 | -1.047
-1.155   1.812    0.3596   -0.01219 0.003122 0.0005961 | -1.047
iteration 15...
-1.155   1.812    0.3596   -0.01219 0.003122 0.0005961 | -1.047
-1.155   1.812    0.3596   -0.01219 0.003122 0.0005961 | -1.047
-1.155   1.812    0.3596   -0.01219 0.003122 0.0005961 | -1.047
-1.155   1.812    0.3596   -0.01219 0.003122 0.0005961 | -1.047
-1.155   1.812    0.3596   -0.01219 0.003122 0.0005961 | -1.047
-1.155   1.812    0.3596   -0.01219 0.003122 0.0005961 | -1.047
iteration 1...
-1.084   1.812    0.3596   -0.01219 0.003122 0.0005961 | -1.0468
-1.084   1.668    0.3596   -0.01219 0.003122 0.0005961 | -1.0469
-1.084   1.668    0.3611   -0.01219 0.003122 0.0005961 | -1.0469
-1.084   1.668    0.3611   -0.01279 0.003122 0.0005961 | -1.0469
-1.084   1.668    0.3611   -0.01279 0.00293  0.0005961 | -1.0469
-1.084   1.668    0.3611   -0.01279 0.00293  0.00356  | -1.0469
iteration 2...
-1.067   1.668    0.3611   -0.01279 0.00293  0.00356  | -1.0469
-1.067   1.678    0.3611   -0.01279 0.00293  0.00356  | -1.0469
-1.067   1.678    0.3524   -0.01279 0.00293  0.00356  | -1.0469
-1.067   1.678    0.3524   -0.0127  0.00293  0.00356  | -1.0469
-1.067   1.678    0.3524   -0.0127  0.002689 0.00356  | -1.0469
-1.067   1.678    0.3524   -0.0127  0.002689 0.00356  | -1.0469
-1.049   1.689    0.3437   -0.01261 0.002449 0.00356  | -1.0469
iteration 3...
-1.049   1.689    0.3437   -0.01261 0.002449 0.00356  | -1.0469
-1.049   1.672    0.3437   -0.01261 0.002449 0.00356  | -1.0469
-1.049   1.672    0.3546   -0.01261 0.002449 0.00356  | -1.0469
-1.049   1.672    0.3546   -0.01261 0.002449 0.00356  | -1.0469
-1.049   1.672    0.3546   -0.01261 0.002449 0.00356  | -1.0469
-1.049   1.672    0.3546   -0.01261 0.002449 0.00356  | -1.0469
iteration 4...
-1.049   1.672    0.3546   -0.01261 0.002449 0.00356  | -1.0469
-1.049   1.672    0.3546   -0.01261 0.002449 0.00356  | -1.0469
-1.049   1.672    0.3546   -0.01261 0.002449 0.00356  | -1.0469
-1.049   1.672    0.3546   -0.01261 0.002449 0.00356  | -1.0469
-1.049   1.672    0.3546   -0.01261 0.002449 0.00356  | -1.0469
-1.049   1.672    0.3546   -0.01261 0.002449 0.00356  | -1.0469
Done    'Coregister: Estimate'
Done

CoReg Done in 33.803584 seconds

All done with coregistration.
>> >> 
No sandbox specified



Start   : Wed Nov 21 13:42:04 EST 2018
Finish  : Wed Nov 21 13:43:18 EST 2018


