
                            < M A T L A B (R) >
                  Copyright 1984-2015 The MathWorks, Inc.
                   R2015b (8.6.0.267246) 64-bit (glnxa64)
                              August 20, 2015

 
To get started, type one of these: helpwin, helpdesk, or demo.
For product information, visit www.mathworks.com.
 

	Academic License

>> >> >> >> Coregistation Script Created on 181121_16_08_54_875
>> >> >> >> >> >> [Warning: Name is nonexistent or not a directory:
/Users/rcwelsh/matlabScripts/WELLES/mfiles] 
[> In path (line 109)
  In addpath (line 86)] 
>> >> >> >> >> 
UMBatchJobName =

coregOverlay_181121_16_08_54_875_tehsheng_madcbrai

>> 
UMBatchProcessName =

coregOverlay

>> >> Initializing the job manager in SPM8

UMReSlice =

     0



Calling UMBatchCoReg with:
/nfs/fmri/Analysis/Sean_Working/Git_MADC/preprocess/../../Subjects_ABCDResting/madc1372_scan1/func//run_01/utprun_01.nii
/nfs/fmri/Analysis/Sean_Working/Subjects_ABCDResting/madc1372_scan1/func/coReg/t1mprage.nii
UMReSlice:0
Entering UMBatchCoReg V2.0 for SPM8
Coreging /nfs/fmri/Analysis/Sean_Working/Subjects_ABCDResting/madc1372_scan1/func/coReg/t1mprage.nii to
         /nfs/fmri/Analysis/Sean_Working/Git_MADC/preprocess/../../Subjects_ABCDResting/madc1372_scan1/func//run_01/utprun_01.nii


------------------------------------------------------------------------
Running job #1
------------------------------------------------------------------------
Running 'Coregister: Estimate'
iteration 1...
-2.105   0        0        0        0        0        | -1.0491
-2.105   3.279    0        0        0        0        | -1.0501
-2.105   3.279    1.095    0        0        0        | -1.0503
-2.105   3.279    1.095    -0.002385 0        0        | -1.0503
-2.105   3.279    1.095    -0.002385 -0.01276 0        | -1.0503
-2.105   3.279    1.095    -0.002385 -0.01276 -0.01119 | -1.0504
iteration 2...
-1.902   3.279    1.095    -0.002385 -0.01276 -0.01119 | -1.0504
-1.902   2.601    1.095    -0.002385 -0.01276 -0.01119 | -1.0505
-1.902   2.601    1.562    -0.002385 -0.01276 -0.01119 | -1.0505
-1.902   2.601    1.562    -0.005769 -0.01276 -0.01119 | -1.0505
-1.902   2.601    1.562    -0.005769 -0.01534 -0.01119 | -1.0505
-1.902   2.601    1.562    -0.005769 -0.01534 -0.0124  | -1.0505
iteration 3...
-1.902   2.601    1.562    -0.005769 -0.01534 -0.0124  | -1.0505
-1.902   2.77     1.562    -0.005769 -0.01534 -0.0124  | -1.0505
-1.902   2.77     1.986    -0.005769 -0.01534 -0.0124  | -1.0505
-1.902   2.77     1.986    -0.008994 -0.01534 -0.0124  | -1.0505
-1.902   2.77     1.986    -0.008994 -0.02149 -0.0124  | -1.0506
-1.902   2.77     1.986    -0.008994 -0.02149 -0.0124  | -1.0506
iteration 4...
-1.725   2.77     1.986    -0.008994 -0.02149 -0.0124  | -1.0506
-1.725   2.878    1.986    -0.008994 -0.02149 -0.0124  | -1.0506
-1.725   2.878    2.135    -0.008994 -0.02149 -0.0124  | -1.0506
-1.725   2.878    2.135    -0.008994 -0.02149 -0.0124  | -1.0506
-1.725   2.878    2.135    -0.008994 -0.02396 -0.0124  | -1.0506
-1.725   2.878    2.135    -0.008994 -0.02396 -0.01081 | -1.0506
iteration 5...
-1.655   2.878    2.135    -0.008994 -0.02396 -0.01081 | -1.0506
-1.655   2.908    2.135    -0.008994 -0.02396 -0.01081 | -1.0506
-1.655   2.908    2.142    -0.008994 -0.02396 -0.01081 | -1.0506
-1.655   2.908    2.142    -0.008994 -0.02396 -0.01081 | -1.0506
-1.655   2.908    2.142    -0.008994 -0.02285 -0.01081 | -1.0506
-1.655   2.908    2.142    -0.008994 -0.02285 -0.01081 | -1.0506
iteration 6...
-1.655   2.908    2.142    -0.008994 -0.02285 -0.01081 | -1.0506
-1.655   2.908    2.142    -0.008994 -0.02285 -0.01081 | -1.0506
-1.655   2.908    2.161    -0.008994 -0.02285 -0.01081 | -1.0506
-1.655   2.908    2.161    -0.008994 -0.02285 -0.01081 | -1.0506
-1.655   2.908    2.161    -0.008994 -0.02285 -0.01081 | -1.0506
-1.655   2.908    2.161    -0.008994 -0.02285 -0.01058 | -1.0506
iteration 1...
-1.655   2.908    2.161    -0.008994 -0.02285 -0.01058 | -1.0507
-1.655   2.709    2.161    -0.008994 -0.02285 -0.01058 | -1.0507
-1.655   2.709    2.179    -0.008994 -0.02285 -0.01058 | -1.0507
-1.655   2.709    2.179    -0.002025 -0.02285 -0.01058 | -1.0507
-1.655   2.709    2.179    -0.002025 -0.03058 -0.01058 | -1.0507
-1.655   2.709    2.179    -0.002025 -0.03058 -0.01058 | -1.0507
iteration 2...
-1.444   2.709    2.179    -0.002025 -0.03058 -0.01058 | -1.0507
-1.444   2.652    2.179    -0.002025 -0.03058 -0.01058 | -1.0507
-1.444   2.652    2.011    -0.002025 -0.03058 -0.01058 | -1.0507
-1.444   2.652    2.011    0.004584 -0.03058 -0.01058 | -1.0507
-1.444   2.652    2.011    0.004584 -0.03466 -0.01058 | -1.0507
-1.444   2.652    2.011    0.004584 -0.03466 -0.007567 | -1.0507
-1.313   2.617    1.906    0.008702 -0.03721 -0.005688 | -1.0507
iteration 3...
-1.311   2.617    1.905    0.008751 -0.03724 -0.005666 | -1.0507
-1.311   2.428    1.905    0.008751 -0.03724 -0.005666 | -1.0507
-1.311   2.428    1.7      0.008751 -0.03724 -0.005666 | -1.0508
-1.311   2.428    1.7      0.01044  -0.03724 -0.005666 | -1.0508
-1.311   2.428    1.7      0.01044  -0.03672 -0.005666 | -1.0508
-1.311   2.428    1.7      0.01044  -0.03672 -0.006628 | -1.0508
iteration 4...
-1.266   2.416    1.663    0.01187  -0.0376  -0.005977 | -1.0508
-1.266   2.344    1.663    0.01187  -0.0376  -0.005977 | -1.0508
-1.266   2.344    1.639    0.01187  -0.0376  -0.005977 | -1.0508
-1.266   2.344    1.639    0.01171  -0.0376  -0.005977 | -1.0508
-1.266   2.344    1.639    0.01171  -0.03674 -0.005977 | -1.0508
-1.266   2.344    1.639    0.01171  -0.03674 -0.006836 | -1.0508
iteration 5...
-1.266   2.344    1.639    0.01171  -0.03674 -0.006836 | -1.0508
-1.266   2.344    1.639    0.01171  -0.03674 -0.006836 | -1.0508
-1.266   2.344    1.641    0.01171  -0.03674 -0.006836 | -1.0508
-1.266   2.344    1.641    0.01171  -0.03674 -0.006836 | -1.0508
-1.266   2.344    1.641    0.01171  -0.03677 -0.006836 | -1.0508
-1.266   2.344    1.641    0.01171  -0.03677 -0.006836 | -1.0508
Done    'Coregister: Estimate'
Done

CoReg Done in 35.907598 seconds

All done with coregistration.
>> >> 
No sandbox specified



Start   : Wed Nov 21 16:09:00 EST 2018
Finish  : Wed Nov 21 16:10:20 EST 2018


