
                            < M A T L A B (R) >
                  Copyright 1984-2015 The MathWorks, Inc.
                   R2015b (8.6.0.267246) 64-bit (glnxa64)
                              August 20, 2015

 
To get started, type one of these: helpwin, helpdesk, or demo.
For product information, visit www.mathworks.com.
 

	Academic License

>> >> >> >> Coregistation Script Created on 181122_01_15_11_295
>> >> >> >> >> >> [Warning: Name is nonexistent or not a directory:
/Users/rcwelsh/matlabScripts/WELLES/mfiles] 
[> In path (line 109)
  In addpath (line 86)] 
>> >> >> >> >> 
UMBatchJobName =

coregOverlay_181122_01_15_11_295_tehsheng_madcbrai

>> 
UMBatchProcessName =

coregOverlay

>> >> Initializing the job manager in SPM8

UMReSlice =

     0



Calling UMBatchCoReg with:
/nfs/fmri/Analysis/Sean_Working/Git_MADC/preprocess/../../Subjects_ABCDResting/madc1454_scan1/func//run_01/utprun_01.nii
/nfs/fmri/Analysis/Sean_Working/Subjects_ABCDResting/madc1454_scan1/func/coReg/t1mprage.nii
UMReSlice:0
Entering UMBatchCoReg V2.0 for SPM8
Coreging /nfs/fmri/Analysis/Sean_Working/Subjects_ABCDResting/madc1454_scan1/func/coReg/t1mprage.nii to
         /nfs/fmri/Analysis/Sean_Working/Git_MADC/preprocess/../../Subjects_ABCDResting/madc1454_scan1/func//run_01/utprun_01.nii


------------------------------------------------------------------------
Running job #1
------------------------------------------------------------------------
Running 'Coregister: Estimate'
iteration 1...
-1.291   0        0        0        0        0        | -1.0554
-1.291   1.996    0        0        0        0        | -1.0561
-1.291   1.996    -2.514   0        0        0        | -1.0565
-1.291   1.996    -2.514   0.05166  0        0        | -1.0566
-1.291   1.996    -2.514   0.05166  0.000289 0        | -1.0566
-1.291   1.996    -2.514   0.05166  0.000289 0        | -1.0566
iteration 2...
-1.291   1.996    -2.514   0.05166  0.000289 0        | -1.0566
-1.291   2.583    -2.514   0.05166  0.000289 0        | -1.0567
-1.291   2.583    -4.395   0.05166  0.000289 0        | -1.0569
-1.291   2.583    -4.395   0.06993  0.000289 0        | -1.057
-1.291   2.583    -4.395   0.06993  0.000289 0        | -1.057
-1.291   2.583    -4.395   0.06993  0.000289 0        | -1.057
iteration 3...
-1.291   2.583    -4.395   0.06993  0.000289 0        | -1.057
-1.291   2.597    -4.395   0.06993  0.000289 0        | -1.057
-1.291   2.597    -4.309   0.06993  0.000289 0        | -1.057
-1.291   2.597    -4.309   0.07064  0.000289 0        | -1.057
-1.291   2.597    -4.309   0.07064  0.000289 0        | -1.057
-1.291   2.597    -4.309   0.07064  0.000289 0        | -1.057
iteration 4...
-1.291   2.597    -4.309   0.07064  0.000289 0        | -1.057
-1.291   2.568    -4.309   0.07064  0.000289 0        | -1.057
-1.291   2.568    -4.3     0.07064  0.000289 0        | -1.057
-1.291   2.568    -4.3     0.07064  0.000289 0        | -1.057
-1.291   2.568    -4.3     0.07064  0.000289 0        | -1.057
-1.291   2.568    -4.3     0.07064  0.000289 0        | -1.057
iteration 5...
-1.291   2.568    -4.3     0.07064  0.000289 0        | -1.057
-1.291   2.568    -4.3     0.07064  0.000289 0        | -1.057
-1.291   2.568    -4.3     0.07064  0.000289 0        | -1.057
-1.291   2.568    -4.3     0.07064  0.000289 0        | -1.057
-1.291   2.568    -4.3     0.07064  0.000289 0        | -1.057
-1.291   2.568    -4.3     0.07064  0.000289 0        | -1.057
iteration 1...
-1.643   2.568    -4.3     0.07064  0.000289 0        | -1.0567
-1.643   2.669    -4.3     0.07064  0.000289 0        | -1.0567
-1.643   2.669    -4.753   0.07064  0.000289 0        | -1.0567
-1.643   2.669    -4.753   0.06981  0.000289 0        | -1.0567
-1.643   2.669    -4.753   0.06981  -0.001167 0        | -1.0567
-1.643   2.669    -4.753   0.06981  -0.001167 -0.0137  | -1.0568
iteration 2...
-1.501   2.669    -4.753   0.06981  -0.001167 -0.0137  | -1.0568
-1.501   2.731    -4.753   0.06981  -0.001167 -0.0137  | -1.0568
-1.501   2.731    -4.849   0.06981  -0.001167 -0.0137  | -1.0568
-1.501   2.731    -4.849   0.07222  -0.001167 -0.0137  | -1.0568
-1.501   2.731    -4.849   0.07222  -0.007492 -0.0137  | -1.0568
-1.501   2.731    -4.849   0.07222  -0.007492 -0.01481 | -1.0568
iteration 3...
-1.499   2.731    -4.849   0.07222  -0.007492 -0.01481 | -1.0568
-1.499   2.731    -4.849   0.07222  -0.007492 -0.01481 | -1.0568
-1.499   2.731    -4.855   0.07222  -0.007492 -0.01481 | -1.0568
-1.499   2.731    -4.855   0.07222  -0.007492 -0.01481 | -1.0568
-1.499   2.731    -4.855   0.07222  -0.007492 -0.01481 | -1.0568
-1.499   2.731    -4.855   0.07222  -0.007492 -0.01481 | -1.0568
Done    'Coregister: Estimate'
Done

CoReg Done in 24.162481 seconds

All done with coregistration.
>> >> 
No sandbox specified



Start   : Thu Nov 22 01:15:13 EST 2018
Finish  : Thu Nov 22 01:16:09 EST 2018


