
                            < M A T L A B (R) >
                  Copyright 1984-2015 The MathWorks, Inc.
                   R2015b (8.6.0.267246) 64-bit (glnxa64)
                              August 20, 2015

 
To get started, type one of these: helpwin, helpdesk, or demo.
For product information, visit www.mathworks.com.
 

	Academic License

>> >> >> >> Coregistation Script Created on 181121_18_45_44_178
>> >> >> >> >> >> [Warning: Name is nonexistent or not a directory:
/Users/rcwelsh/matlabScripts/WELLES/mfiles] 
[> In path (line 109)
  In addpath (line 86)] 
>> >> >> >> >> 
UMBatchJobName =

coregOverlay_181121_18_45_44_178_tehsheng_madcbrai

>> 
UMBatchProcessName =

coregOverlay

>> >> Initializing the job manager in SPM8

UMReSlice =

     0



Calling UMBatchCoReg with:
/nfs/fmri/Analysis/Sean_Working/Git_MADC/preprocess/../../Subjects_ABCDResting/madc1426_scan1/func//run_01/utprun_01.nii
/nfs/fmri/Analysis/Sean_Working/Subjects_ABCDResting/madc1426_scan1/func/coReg/t1mprage.nii
UMReSlice:0
Entering UMBatchCoReg V2.0 for SPM8
Coreging /nfs/fmri/Analysis/Sean_Working/Subjects_ABCDResting/madc1426_scan1/func/coReg/t1mprage.nii to
         /nfs/fmri/Analysis/Sean_Working/Git_MADC/preprocess/../../Subjects_ABCDResting/madc1426_scan1/func//run_01/utprun_01.nii


------------------------------------------------------------------------
Running job #1
------------------------------------------------------------------------
Running 'Coregister: Estimate'
iteration 1...
-1.949   0        0        0        0        0        | -1.0506
-1.949   1.175    0        0        0        0        | -1.0507
-1.949   1.175    -0.1628  0        0        0        | -1.0507
-1.949   1.175    -0.1628  0.02332  0        0        | -1.0511
-1.949   1.175    -0.1628  0.02332  0        0        | -1.0511
-1.949   1.175    -0.1628  0.02332  0        -0.01421 | -1.0513
iteration 2...
-1.842   1.175    -0.1628  0.02332  0        -0.01421 | -1.0513
-1.842   0.5554   -0.1628  0.02332  0        -0.01421 | -1.0514
-1.842   0.5554   -0.02223 0.02332  0        -0.01421 | -1.0514
-1.842   0.5554   -0.02223 0.02944  0        -0.01421 | -1.0515
-1.842   0.5554   -0.02223 0.02944  0        -0.01421 | -1.0515
-1.842   0.5554   -0.02223 0.02944  0        -0.01566 | -1.0515
-1.705   -0.2419  0.1586   0.03731  0        -0.01751 | -1.0515
iteration 3...
-1.762   -0.2419  0.1586   0.03731  0        -0.01751 | -1.0515
-1.757   -0.2738  0.1658   0.03762  0        -0.01759 | -1.0515
-1.757   -0.2738  0.1518   0.03762  0        -0.01759 | -1.0515
-1.757   -0.2738  0.1518   0.03504  0        -0.01759 | -1.0515
-1.757   -0.2738  0.1518   0.03504  0        -0.01759 | -1.0515
-1.757   -0.2738  0.1518   0.03504  0        -0.01831 | -1.0515
iteration 4...
-1.757   -0.2738  0.1518   0.03504  0        -0.01831 | -1.0515
-1.753   -0.2932  0.1562   0.03524  0        -0.01835 | -1.0515
-1.753   -0.2932  0.1836   0.03524  0        -0.01835 | -1.0515
-1.753   -0.2932  0.1836   0.03524  0        -0.01835 | -1.0515
-1.753   -0.2932  0.1836   0.03524  0        -0.01835 | -1.0515
-1.753   -0.2932  0.1836   0.03524  0        -0.0187  | -1.0515
iteration 5...
-1.765   -0.2932  0.1836   0.03524  0        -0.0187  | -1.0515
-1.771   -0.2588  0.1758   0.0349   0        -0.01862 | -1.0515
-1.771   -0.2588  0.1728   0.0349   0        -0.01862 | -1.0515
-1.771   -0.2588  0.1728   0.0349   0        -0.01862 | -1.0515
-1.771   -0.2588  0.1728   0.0349   0        -0.01862 | -1.0515
-1.771   -0.2588  0.1728   0.0349   0        -0.01864 | -1.0515
iteration 6...
-1.771   -0.2588  0.1728   0.0349   0        -0.01864 | -1.0515
-1.77    -0.2625  0.1736   0.03493  0        -0.01865 | -1.0515
-1.77    -0.2625  0.179    0.03493  0        -0.01865 | -1.0515
-1.77    -0.2625  0.179    0.03493  0        -0.01865 | -1.0515
-1.77    -0.2625  0.179    0.03493  0        -0.01865 | -1.0515
-1.77    -0.2625  0.179    0.03493  0        -0.01865 | -1.0515
iteration 1...
-1.661   -0.2625  0.179    0.03493  0        -0.01865 | -1.0514
-1.661   -0.01255 0.179    0.03493  0        -0.01865 | -1.0514
-1.661   -0.01255 0.229    0.03493  0        -0.01865 | -1.0514
-1.661   -0.01255 0.229    0.03474  0        -0.01865 | -1.0514
-1.661   -0.01255 0.229    0.03474  0.001118 -0.01865 | -1.0514
-1.661   -0.01255 0.229    0.03474  0.001118 -0.01525 | -1.0514
iteration 2...
-1.701   -0.01255 0.229    0.03474  0.001118 -0.01525 | -1.0514
-1.701   0.05905  0.229    0.03474  0.001118 -0.01525 | -1.0514
-1.701   0.05905  0.2269   0.03474  0.001118 -0.01525 | -1.0514
-1.701   0.05905  0.2269   0.03474  0.001118 -0.01525 | -1.0514
-1.701   0.05905  0.2269   0.03474  0.001512 -0.01525 | -1.0514
-1.701   0.05905  0.2269   0.03474  0.001512 -0.01525 | -1.0514
iteration 3...
-1.721   0.05905  0.2269   0.03474  0.001512 -0.01525 | -1.0514
-1.721   0.06282  0.2269   0.03474  0.001512 -0.01525 | -1.0514
-1.721   0.06282  0.2269   0.03474  0.001512 -0.01525 | -1.0514
-1.721   0.06282  0.2269   0.03474  0.001512 -0.01525 | -1.0514
-1.721   0.06282  0.2269   0.03474  0.002002 -0.01525 | -1.0514
-1.721   0.06282  0.2269   0.03474  0.002002 -0.01525 | -1.0514
-1.741   0.06658  0.2269   0.03474  0.002492 -0.01525 | -1.0514
iteration 4...
-1.741   0.06658  0.2269   0.03474  0.002492 -0.01525 | -1.0514
-1.741   0.06658  0.2269   0.03474  0.002492 -0.01525 | -1.0514
-1.741   0.06658  0.2344   0.03474  0.002492 -0.01525 | -1.0514
-1.741   0.06658  0.2344   0.03474  0.002492 -0.01525 | -1.0514
-1.741   0.06658  0.2344   0.03474  0.002492 -0.01525 | -1.0514
-1.741   0.06658  0.2344   0.03474  0.002492 -0.01525 | -1.0514
Done    'Coregister: Estimate'
Done

CoReg Done in 28.828213 seconds

All done with coregistration.
>> >> 
No sandbox specified



Start   : Wed Nov 21 18:45:46 EST 2018
Finish  : Wed Nov 21 18:46:52 EST 2018


