
                            < M A T L A B (R) >
                  Copyright 1984-2015 The MathWorks, Inc.
                   R2015b (8.6.0.267246) 64-bit (glnxa64)
                              August 20, 2015

 
To get started, type one of these: helpwin, helpdesk, or demo.
For product information, visit www.mathworks.com.
 

	Academic License

>> >> >> >> Coregistation Script Created on 181121_14_27_14_959
>> >> >> >> >> >> [Warning: Name is nonexistent or not a directory:
/Users/rcwelsh/matlabScripts/WELLES/mfiles] 
[> In path (line 109)
  In addpath (line 86)] 
>> >> >> >> >> 
UMBatchJobName =

coregOverlay_181121_14_27_14_959_tehsheng_madcbrai

>> 
UMBatchProcessName =

coregOverlay

>> >> Initializing the job manager in SPM8

UMReSlice =

     0



Calling UMBatchCoReg with:
/nfs/fmri/Analysis/Sean_Working/Git_MADC/preprocess/../../Subjects_ABCDResting/madc1360_scan1/func//run_01/utprun_01.nii
/nfs/fmri/Analysis/Sean_Working/Subjects_ABCDResting/madc1360_scan1/func/coReg/t1mprage.nii
UMReSlice:0
Entering UMBatchCoReg V2.0 for SPM8
Coreging /nfs/fmri/Analysis/Sean_Working/Subjects_ABCDResting/madc1360_scan1/func/coReg/t1mprage.nii to
         /nfs/fmri/Analysis/Sean_Working/Git_MADC/preprocess/../../Subjects_ABCDResting/madc1360_scan1/func//run_01/utprun_01.nii


------------------------------------------------------------------------
Running job #1
------------------------------------------------------------------------
Running 'Coregister: Estimate'
iteration 1...
-0.5883  0        0        0        0        0        | -1.0449
-0.5883  1.207    0        0        0        0        | -1.0451
-0.5883  1.207    -1.458   0        0        0        | -1.0455
-0.5883  1.207    -1.458   0.04198  0        0        | -1.0457
-0.5883  1.207    -1.458   0.04198  -0.01469 0        | -1.0458
-0.5883  1.207    -1.458   0.04198  -0.01469 0.01015  | -1.0458
-1.228   2.519    -3.042   0.08759  -0.03065 0.02119  | -1.0461
iteration 2...
-1.754   2.519    -3.042   0.08759  -0.03065 0.02119  | -1.0462
-1.754   2.217    -3.042   0.08759  -0.03065 0.02119  | -1.0462
-1.754   2.217    -3.042   0.08759  -0.03065 0.02119  | -1.0462
-1.754   2.217    -3.042   0.08907  -0.03065 0.02119  | -1.0462
-1.754   2.217    -3.042   0.08907  -0.02712 0.02119  | -1.0462
-1.754   2.217    -3.042   0.08907  -0.02712 0.01303  | -1.0462
iteration 3...
-1.756   2.217    -3.042   0.08907  -0.02712 0.01303  | -1.0462
-1.756   2.343    -3.042   0.08907  -0.02712 0.01303  | -1.0462
-1.756   2.343    -3.042   0.08907  -0.02712 0.01303  | -1.0462
-1.756   2.343    -3.042   0.08972  -0.02712 0.01303  | -1.0462
-1.756   2.343    -3.042   0.08972  -0.03153 0.01303  | -1.0462
-1.756   2.343    -3.042   0.08972  -0.03153 0.01303  | -1.0462
iteration 4...
-1.72    2.343    -3.042   0.08972  -0.03153 0.01303  | -1.0462
-1.72    2.292    -3.042   0.08972  -0.03153 0.01303  | -1.0462
-1.772   2.398    -3.17    0.0934   -0.03282 0.01392  | -1.0462
-1.772   2.398    -3.17    0.0934   -0.03282 0.01392  | -1.0462
-1.772   2.398    -3.17    0.0934   -0.03282 0.01392  | -1.0462
-1.772   2.398    -3.17    0.0934   -0.03282 0.01314  | -1.0462
iteration 5...
-1.763   2.398    -3.17    0.0934   -0.03282 0.01314  | -1.0462
-1.763   2.418    -3.17    0.0934   -0.03282 0.01314  | -1.0462
-1.755   2.401    -3.149   0.09279  -0.03261 0.013    | -1.0462
-1.755   2.401    -3.149   0.09279  -0.03261 0.013    | -1.0462
-1.755   2.401    -3.149   0.09279  -0.03261 0.013    | -1.0462
-1.755   2.401    -3.149   0.09279  -0.03261 0.013    | -1.0462
iteration 6...
-1.755   2.401    -3.149   0.09279  -0.03261 0.013    | -1.0462
-1.755   2.415    -3.149   0.09279  -0.03261 0.013    | -1.0462
-1.754   2.412    -3.146   0.09271  -0.03258 0.01298  | -1.0462
-1.754   2.412    -3.146   0.09298  -0.03258 0.01298  | -1.0462
-1.754   2.412    -3.146   0.09298  -0.03258 0.01298  | -1.0462
-1.754   2.412    -3.146   0.09298  -0.03258 0.01298  | -1.0462
iteration 1...
-1.592   2.412    -3.146   0.09298  -0.03258 0.01298  | -1.0457
-1.592   2.548    -3.146   0.09298  -0.03258 0.01298  | -1.0457
-1.592   2.548    -2.57    0.09298  -0.03258 0.01298  | -1.0457
-1.592   2.548    -2.57    0.1116   -0.03258 0.01298  | -1.0458
-1.592   2.548    -2.57    0.1116   -0.0359  0.01298  | -1.0458
-1.592   2.548    -2.57    0.1116   -0.0359  0.01138  | -1.0458
iteration 2...
-1.569   2.548    -2.57    0.1116   -0.0359  0.01138  | -1.0458
-1.569   2.925    -2.57    0.1116   -0.0359  0.01138  | -1.0458
-1.569   2.925    -2.763   0.1116   -0.0359  0.01138  | -1.0458
-1.569   2.925    -2.763   0.1146   -0.0359  0.01138  | -1.0458
-1.569   2.925    -2.763   0.1146   -0.0359  0.01138  | -1.0458
-1.569   2.925    -2.763   0.1146   -0.0359  0.01138  | -1.0458
iteration 3...
-1.569   2.925    -2.763   0.1146   -0.0359  0.01138  | -1.0458
-1.569   2.943    -2.763   0.1146   -0.0359  0.01138  | -1.0458
-1.569   2.943    -2.792   0.1146   -0.0359  0.01138  | -1.0458
-1.569   2.943    -2.792   0.1146   -0.0359  0.01138  | -1.0458
-1.569   2.943    -2.792   0.1146   -0.03569 0.01138  | -1.0458
-1.569   2.943    -2.792   0.1146   -0.03569 0.01138  | -1.0458
iteration 4...
-1.643   2.943    -2.792   0.1146   -0.03569 0.01138  | -1.0458
-1.643   2.962    -2.792   0.1146   -0.03569 0.01138  | -1.0458
-1.643   2.962    -2.792   0.1146   -0.03569 0.01138  | -1.0458
-1.643   2.962    -2.792   0.1146   -0.03569 0.01138  | -1.0458
-1.643   2.962    -2.792   0.1146   -0.03492 0.01138  | -1.0458
-1.643   2.962    -2.792   0.1146   -0.03492 0.01126  | -1.0458
iteration 5...
-1.654   2.962    -2.792   0.1146   -0.03492 0.01126  | -1.0458
-1.654   2.966    -2.792   0.1146   -0.03492 0.01126  | -1.0458
-1.654   2.966    -2.792   0.1146   -0.03492 0.01126  | -1.0458
-1.654   2.966    -2.792   0.1146   -0.03492 0.01126  | -1.0458
-1.654   2.966    -2.792   0.1146   -0.03492 0.01126  | -1.0458
-1.654   2.966    -2.792   0.1146   -0.03492 0.01126  | -1.0458
Done    'Coregister: Estimate'
Done

CoReg Done in 33.600755 seconds

All done with coregistration.
>> >> 
No sandbox specified



Start   : Wed Nov 21 14:27:17 EST 2018
Finish  : Wed Nov 21 14:28:27 EST 2018


