
                            < M A T L A B (R) >
                  Copyright 1984-2015 The MathWorks, Inc.
                   R2015b (8.6.0.267246) 64-bit (glnxa64)
                              August 20, 2015

 
To get started, type one of these: helpwin, helpdesk, or demo.
For product information, visit www.mathworks.com.
 

	Academic License

>> >> >> >> Coregistation Script Created on 181121_22_33_52_682
>> >> >> >> >> >> [Warning: Name is nonexistent or not a directory:
/Users/rcwelsh/matlabScripts/WELLES/mfiles] 
[> In path (line 109)
  In addpath (line 86)] 
>> >> >> >> >> 
UMBatchJobName =

coregOverlay_181121_22_33_52_682_tehsheng_madcbrai

>> 
UMBatchProcessName =

coregOverlay

>> >> Initializing the job manager in SPM8

UMReSlice =

     0



Calling UMBatchCoReg with:
/nfs/fmri/Analysis/Sean_Working/Git_MADC/preprocess/../../Subjects_ABCDResting/madc1398_scan1/func//run_01/utprun_01.nii
/nfs/fmri/Analysis/Sean_Working/Subjects_ABCDResting/madc1398_scan1/func/coReg/t1mprage.nii
UMReSlice:0
Entering UMBatchCoReg V2.0 for SPM8
Coreging /nfs/fmri/Analysis/Sean_Working/Subjects_ABCDResting/madc1398_scan1/func/coReg/t1mprage.nii to
         /nfs/fmri/Analysis/Sean_Working/Git_MADC/preprocess/../../Subjects_ABCDResting/madc1398_scan1/func//run_01/utprun_01.nii


------------------------------------------------------------------------
Running job #1
------------------------------------------------------------------------
Running 'Coregister: Estimate'
iteration 1...
-1.652   0        0        0        0        0        | -1.0515
-1.652   2        0        0        0        0        | -1.0521
-1.652   2        -0.2927  0        0        0        | -1.0522
-1.652   2        -0.2927  -0.01062 0        0        | -1.0522
-1.652   2        -0.2927  -0.01062 0.01195  0        | -1.0522
-1.652   2        -0.2927  -0.01062 0.01195  0.0007119 | -1.0522
iteration 2...
-1.652   2        -0.2927  -0.01062 0.01195  0.0007119 | -1.0522
-1.652   2.022    -0.2927  -0.01062 0.01195  0.0007119 | -1.0522
-1.652   2.022    -0.1897  -0.01062 0.01195  0.0007119 | -1.0522
-1.652   2.022    -0.1897  -0.01068 0.01195  0.0007119 | -1.0522
-1.652   2.022    -0.1897  -0.01068 0.01287  0.0007119 | -1.0522
-1.652   2.022    -0.1897  -0.01068 0.01287  0.001142 | -1.0522
iteration 3...
-1.582   2.022    -0.1897  -0.01068 0.01287  0.001142 | -1.0522
-1.582   2.042    -0.1897  -0.01068 0.01287  0.001142 | -1.0522
-1.582   2.042    -0.1721  -0.01068 0.01287  0.001142 | -1.0522
-1.582   2.042    -0.1721  -0.01053 0.01287  0.001142 | -1.0522
-1.582   2.042    -0.1721  -0.01053 0.01287  0.001142 | -1.0522
-1.582   2.042    -0.1721  -0.01053 0.01287  0.001142 | -1.0522
iteration 4...
-1.582   2.042    -0.1721  -0.01053 0.01287  0.001142 | -1.0522
-1.582   2.042    -0.1721  -0.01053 0.01287  0.001142 | -1.0522
-1.582   2.042    -0.1699  -0.01053 0.01287  0.001142 | -1.0522
-1.582   2.042    -0.1699  -0.01053 0.01287  0.001142 | -1.0522
-1.582   2.042    -0.1699  -0.01053 0.01287  0.001142 | -1.0522
-1.582   2.042    -0.1699  -0.01053 0.01287  0.001142 | -1.0522
iteration 1...
-1.542   2.042    -0.1699  -0.01053 0.01287  0.001142 | -1.052
-1.542   1.914    -0.1699  -0.01053 0.01287  0.001142 | -1.052
-1.542   1.914    -0.1548  -0.01053 0.01287  0.001142 | -1.052
-1.542   1.914    -0.1548  -0.01032 0.01287  0.001142 | -1.052
-1.542   1.914    -0.1548  -0.01032 0.01555  0.001142 | -1.052
-1.542   1.914    -0.1548  -0.01032 0.01555  -0.004154 | -1.052
iteration 2...
-1.542   1.914    -0.1548  -0.01032 0.01555  -0.004154 | -1.052
-1.542   1.931    -0.1548  -0.01032 0.01555  -0.004154 | -1.052
-1.542   1.931    -0.1873  -0.01032 0.01555  -0.004154 | -1.052
-1.542   1.931    -0.1873  -0.01032 0.01555  -0.004154 | -1.052
-1.542   1.931    -0.1873  -0.01032 0.01437  -0.004154 | -1.052
-1.542   1.931    -0.1873  -0.01032 0.01437  -0.004154 | -1.052
iteration 3...
-1.51    1.931    -0.1873  -0.01032 0.01437  -0.004154 | -1.052
-1.51    1.948    -0.1873  -0.01032 0.01437  -0.004154 | -1.052
-1.51    1.948    -0.1764  -0.01032 0.01437  -0.004154 | -1.052
-1.51    1.948    -0.1764  -0.01011 0.01437  -0.004154 | -1.052
-1.51    1.948    -0.1764  -0.01011 0.01437  -0.004154 | -1.052
-1.51    1.948    -0.1764  -0.01011 0.01437  -0.004154 | -1.052
iteration 4...
-1.51    1.948    -0.1764  -0.01011 0.01437  -0.004154 | -1.052
-1.51    1.944    -0.1764  -0.01011 0.01437  -0.004154 | -1.052
-1.51    1.944    -0.1766  -0.01011 0.01437  -0.004154 | -1.052
-1.51    1.944    -0.1766  -0.01    0.01437  -0.004154 | -1.052
-1.51    1.944    -0.1766  -0.01    0.01437  -0.004154 | -1.052
-1.51    1.944    -0.1766  -0.01    0.01437  -0.004154 | -1.052
Done    'Coregister: Estimate'
Done

CoReg Done in 24.797912 seconds

All done with coregistration.
>> >> 
No sandbox specified



Start   : Wed Nov 21 22:33:57 EST 2018
Finish  : Wed Nov 21 22:35:00 EST 2018


