
                            < M A T L A B (R) >
                  Copyright 1984-2015 The MathWorks, Inc.
                   R2015b (8.6.0.267246) 64-bit (glnxa64)
                              August 20, 2015

 
To get started, type one of these: helpwin, helpdesk, or demo.
For product information, visit www.mathworks.com.
 

	Academic License

>> >> >> >> Coregistation Script Created on 181121_14_58_27_478
>> >> >> >> >> >> [Warning: Name is nonexistent or not a directory:
/Users/rcwelsh/matlabScripts/WELLES/mfiles] 
[> In path (line 109)
  In addpath (line 86)] 
>> >> >> >> >> 
UMBatchJobName =

coregOverlay_181121_14_58_27_478_tehsheng_madcbrai

>> 
UMBatchProcessName =

coregOverlay

>> >> Initializing the job manager in SPM8

UMReSlice =

     0



Calling UMBatchCoReg with:
/nfs/fmri/Analysis/Sean_Working/Git_MADC/preprocess/../../Subjects_ABCDResting/madc1066_scan1/func//run_01/utprun_01.nii
/nfs/fmri/Analysis/Sean_Working/Subjects_ABCDResting/madc1066_scan1/func/coReg/t1mprage.nii
UMReSlice:0
Entering UMBatchCoReg V2.0 for SPM8
Coreging /nfs/fmri/Analysis/Sean_Working/Subjects_ABCDResting/madc1066_scan1/func/coReg/t1mprage.nii to
         /nfs/fmri/Analysis/Sean_Working/Git_MADC/preprocess/../../Subjects_ABCDResting/madc1066_scan1/func//run_01/utprun_01.nii


------------------------------------------------------------------------
Running job #1
------------------------------------------------------------------------
Running 'Coregister: Estimate'
iteration 1...
-0.6472  0        0        0        0        0        | -1.0377
-0.6472  0.3312   0        0        0        0        | -1.0378
-0.6472  0.3312   -0.03607 0        0        0        | -1.0378
-0.6472  0.3312   -0.03607 0.01881  0        0        | -1.0378
-0.6472  0.3312   -0.03607 0.01881  -0.007434 0        | -1.0379
-0.6472  0.3312   -0.03607 0.01881  -0.007434 0.02876  | -1.038
iteration 2...
-0.7416  0.3312   -0.03607 0.01881  -0.007434 0.02876  | -1.038
-0.7416  1.378    -0.03607 0.01881  -0.007434 0.02876  | -1.0381
-0.7416  1.378    0.01435  0.01881  -0.007434 0.02876  | -1.0381
-0.7416  1.378    0.01435  0.03238  -0.007434 0.02876  | -1.0381
-0.7416  1.378    0.01435  0.03238  -0.018   0.02876  | -1.0382
-0.7416  1.378    0.01435  0.03238  -0.018   0.03218  | -1.0382
iteration 3...
-0.7416  1.378    0.01435  0.03238  -0.018   0.03218  | -1.0382
-0.7416  2.124    0.01435  0.03238  -0.018   0.03218  | -1.0382
-0.7416  2.124    -0.3026  0.03238  -0.018   0.03218  | -1.0383
-0.7416  2.124    -0.3026  0.04145  -0.018   0.03218  | -1.0383
-0.7416  2.124    -0.3026  0.04145  -0.01664 0.03218  | -1.0383
-0.7416  2.124    -0.3026  0.04145  -0.01664 0.03111  | -1.0383
iteration 4...
-0.7826  2.124    -0.3026  0.04145  -0.01664 0.03111  | -1.0383
-0.7826  2.125    -0.3026  0.04145  -0.01664 0.03111  | -1.0383
-0.7826  2.125    -0.2896  0.04145  -0.01664 0.03111  | -1.0383
-0.7826  2.125    -0.2896  0.04145  -0.01664 0.03111  | -1.0383
-0.7826  2.125    -0.2896  0.04145  -0.01664 0.03111  | -1.0383
-0.7826  2.125    -0.2896  0.04145  -0.01664 0.03128  | -1.0383
iteration 5...
-0.7827  2.125    -0.2896  0.04145  -0.01664 0.03128  | -1.0383
-0.7827  2.133    -0.2896  0.04145  -0.01664 0.03128  | -1.0383
-0.7827  2.133    -0.2871  0.04145  -0.01664 0.03128  | -1.0383
-0.7827  2.133    -0.2871  0.04145  -0.01664 0.03128  | -1.0383
-0.7827  2.133    -0.2871  0.04145  -0.01664 0.03128  | -1.0383
-0.7827  2.133    -0.2871  0.04145  -0.01664 0.03128  | -1.0383
iteration 1...
-0.9078  2.133    -0.2871  0.04145  -0.01664 0.03128  | -1.038
-0.9078  2.676    -0.2871  0.04145  -0.01664 0.03128  | -1.0381
-0.9078  2.676    -0.02865 0.04145  -0.01664 0.03128  | -1.0381
-0.9078  2.676    -0.02865 0.04558  -0.01664 0.03128  | -1.0381
-0.9078  2.676    -0.02865 0.04558  -0.01545 0.03128  | -1.0381
-0.9078  2.676    -0.02865 0.04558  -0.01545 0.03128  | -1.0381
iteration 2...
-0.8212  2.676    -0.02865 0.04558  -0.01545 0.03128  | -1.0381
-0.8212  2.751    -0.02865 0.04558  -0.01545 0.03128  | -1.0381
-0.8212  2.751    -0.1108  0.04558  -0.01545 0.03128  | -1.0381
-0.8212  2.751    -0.1108  0.04584  -0.01545 0.03128  | -1.0381
-0.8212  2.751    -0.1108  0.04584  -0.01482 0.03128  | -1.0381
-0.8212  2.751    -0.1108  0.04584  -0.01482 0.03128  | -1.0381
iteration 3...
-0.8212  2.751    -0.1108  0.04584  -0.01482 0.03128  | -1.0381
-0.8212  2.774    -0.1108  0.04584  -0.01482 0.03128  | -1.0381
-0.8212  2.774    -0.1108  0.04584  -0.01482 0.03128  | -1.0381
-0.8212  2.774    -0.1108  0.04635  -0.01482 0.03128  | -1.0381
-0.8212  2.774    -0.1108  0.04635  -0.01482 0.03128  | -1.0381
-0.8212  2.774    -0.1108  0.04635  -0.01482 0.03251  | -1.0381
iteration 4...
-0.8212  2.774    -0.1108  0.04635  -0.01482 0.03251  | -1.0381
-0.8212  2.779    -0.1108  0.04635  -0.01482 0.03251  | -1.0381
-0.8212  2.779    -0.1108  0.04635  -0.01482 0.03251  | -1.0381
-0.8212  2.779    -0.1108  0.04635  -0.01482 0.03251  | -1.0381
-0.8212  2.779    -0.1108  0.04635  -0.01482 0.03251  | -1.0381
-0.8212  2.779    -0.1108  0.04635  -0.01482 0.03159  | -1.0381
Done    'Coregister: Estimate'
Done

CoReg Done in 29.086668 seconds

All done with coregistration.
>> >> 
No sandbox specified



Start   : Wed Nov 21 14:58:31 EST 2018
Finish  : Wed Nov 21 14:59:41 EST 2018


