
                            < M A T L A B (R) >
                  Copyright 1984-2015 The MathWorks, Inc.
                   R2015b (8.6.0.267246) 64-bit (glnxa64)
                              August 20, 2015

 
To get started, type one of these: helpwin, helpdesk, or demo.
For product information, visit www.mathworks.com.
 

	Academic License

>> >> >> >> Coregistation Script Created on 181121_17_32_25_488
>> >> >> >> >> >> [Warning: Name is nonexistent or not a directory:
/Users/rcwelsh/matlabScripts/WELLES/mfiles] 
[> In path (line 109)
  In addpath (line 86)] 
>> >> >> >> >> 
UMBatchJobName =

coregOverlay_181121_17_32_25_488_tehsheng_madcbrai

>> 
UMBatchProcessName =

coregOverlay

>> >> Initializing the job manager in SPM8

UMReSlice =

     0



Calling UMBatchCoReg with:
/nfs/fmri/Analysis/Sean_Working/Git_MADC/preprocess/../../Subjects_ABCDResting/madc1228_scan1/func//run_01/utprun_01.nii
/nfs/fmri/Analysis/Sean_Working/Subjects_ABCDResting/madc1228_scan1/func/coReg/t1mprage.nii
UMReSlice:0
Entering UMBatchCoReg V2.0 for SPM8
Coreging /nfs/fmri/Analysis/Sean_Working/Subjects_ABCDResting/madc1228_scan1/func/coReg/t1mprage.nii to
         /nfs/fmri/Analysis/Sean_Working/Git_MADC/preprocess/../../Subjects_ABCDResting/madc1228_scan1/func//run_01/utprun_01.nii


------------------------------------------------------------------------
Running job #1
------------------------------------------------------------------------
Running 'Coregister: Estimate'
iteration 1...
-0.5097  0        0        0        0        0        | -1.048
-0.5097  3.692    0        0        0        0        | -1.0493
-0.5097  3.692    0.9874   0        0        0        | -1.0494
-0.5097  3.692    0.9874   0.004499 0        0        | -1.0494
-0.5097  3.692    0.9874   0.004499 -0.0007236 0        | -1.0494
-0.5097  3.692    0.9874   0.004499 -0.0007236 0.01219  | -1.0495
iteration 2...
-0.5097  3.692    0.9874   0.004499 -0.0007236 0.01219  | -1.0495
-0.5097  3.44     0.9874   0.004499 -0.0007236 0.01219  | -1.0495
-0.5097  3.44     0.9661   0.004499 -0.0007236 0.01219  | -1.0495
-0.5097  3.44     0.9661   0.004499 -0.0007236 0.01219  | -1.0495
-0.5097  3.44     0.9661   0.004499 9.705e-05 0.01219  | -1.0495
-0.5097  3.44     0.9661   0.004499 9.705e-05 0.01219  | -1.0495
iteration 3...
-0.4933  3.44     0.9661   0.004499 9.705e-05 0.01219  | -1.0495
-0.4933  3.443    0.9661   0.004499 9.705e-05 0.01219  | -1.0495
-0.4933  3.443    0.9661   0.004499 9.705e-05 0.01219  | -1.0495
-0.4933  3.443    0.9661   0.004499 9.705e-05 0.01219  | -1.0495
-0.4933  3.443    0.9661   0.004499 0.0002362 0.01219  | -1.0495
-0.4933  3.443    0.9661   0.004499 0.0002362 0.01154  | -1.0495
iteration 4...
-0.4899  3.443    0.9661   0.004499 0.0002362 0.01154  | -1.0495
-0.4899  3.437    0.9661   0.004499 0.0002362 0.01154  | -1.0495
-0.4899  3.437    0.9661   0.004499 0.0002362 0.01154  | -1.0495
-0.4899  3.437    0.9661   0.004499 0.0002362 0.01154  | -1.0495
-0.4899  3.437    0.9661   0.004499 0.0008382 0.01154  | -1.0495
-0.4899  3.437    0.9661   0.004499 0.0008382 0.01154  | -1.0495
iteration 1...
-0.4062  3.437    0.9661   0.004499 0.0008382 0.01154  | -1.0494
-0.4062  3.33     0.9661   0.004499 0.0008382 0.01154  | -1.0494
-0.4062  3.33     1.188    0.004499 0.0008382 0.01154  | -1.0494
-0.4062  3.33     1.188    0.01437  0.0008382 0.01154  | -1.0495
-0.4062  3.33     1.188    0.01437  0.008223 0.01154  | -1.0495
-0.4062  3.33     1.188    0.01437  0.008223 0.01125  | -1.0495
iteration 2...
-0.09313 3.33     1.188    0.01437  0.008223 0.01125  | -1.0495
-0.09313 3.568    1.188    0.01437  0.008223 0.01125  | -1.0495
-0.09313 3.568    0.9097   0.01437  0.008223 0.01125  | -1.0496
-0.09313 3.568    0.9097   0.01778  0.008223 0.01125  | -1.0496
-0.09313 3.568    0.9097   0.01778  0.01255  0.01125  | -1.0496
-0.09313 3.568    0.9097   0.01778  0.01255  0.01355  | -1.0496
0.3827   3.929    0.4875   0.02297  0.01914  0.01704  | -1.0496
iteration 3...
0.3827   3.929    0.4875   0.02297  0.01914  0.01704  | -1.0496
0.3827   4.003    0.4875   0.02297  0.01914  0.01704  | -1.0496
0.3827   4.003    0.6461   0.02297  0.01914  0.01704  | -1.0496
0.3827   4.003    0.6461   0.02577  0.01914  0.01704  | -1.0496
0.3827   4.003    0.6461   0.02577  0.01914  0.01704  | -1.0496
0.3827   4.003    0.6461   0.02577  0.01914  0.01398  | -1.0496
iteration 4...
0.504    4.095    0.5384   0.02709  0.02082  0.01487  | -1.0497
0.504    4.103    0.5384   0.02709  0.02082  0.01487  | -1.0497
0.504    4.103    0.6217   0.02709  0.02082  0.01487  | -1.0497
0.504    4.103    0.6217   0.0269   0.02082  0.01487  | -1.0497
0.504    4.103    0.6217   0.0269   0.02106  0.01487  | -1.0497
0.504    4.103    0.6217   0.0269   0.02106  0.01413  | -1.0497
0.6086   4.189    0.6007   0.02788  0.02271  0.01426  | -1.0497
iteration 5...
0.6164   4.195    0.5992   0.02796  0.02284  0.01427  | -1.0497
0.6164   4.117    0.5992   0.02796  0.02284  0.01427  | -1.0497
0.6164   4.117    0.5992   0.02796  0.02284  0.01427  | -1.0497
0.6164   4.117    0.5992   0.02725  0.02284  0.01427  | -1.0497
0.6164   4.117    0.5992   0.02725  0.02282  0.01427  | -1.0497
0.6164   4.117    0.5992   0.02725  0.02282  0.01427  | -1.0497
iteration 6...
0.6164   4.117    0.5992   0.02725  0.02282  0.01427  | -1.0497
0.6164   4.117    0.5992   0.02725  0.02282  0.01427  | -1.0497
0.6164   4.117    0.6021   0.02725  0.02282  0.01427  | -1.0497
0.6164   4.117    0.6021   0.02725  0.02282  0.01427  | -1.0497
0.6164   4.117    0.6021   0.02725  0.02281  0.01427  | -1.0497
0.6164   4.117    0.6021   0.02725  0.02281  0.01427  | -1.0497
Done    'Coregister: Estimate'
Done

CoReg Done in 38.615220 seconds

All done with coregistration.
>> >> 
No sandbox specified



Start   : Wed Nov 21 17:32:31 EST 2018
Finish  : Wed Nov 21 17:33:56 EST 2018


