
                            < M A T L A B (R) >
                  Copyright 1984-2015 The MathWorks, Inc.
                   R2015b (8.6.0.267246) 64-bit (glnxa64)
                              August 20, 2015

 
To get started, type one of these: helpwin, helpdesk, or demo.
For product information, visit www.mathworks.com.
 

	Academic License

>> >> >> >> Coregistation Script Created on 181122_03_16_36_201
>> >> >> >> >> >> [Warning: Name is nonexistent or not a directory:
/Users/rcwelsh/matlabScripts/WELLES/mfiles] 
[> In path (line 109)
  In addpath (line 86)] 
>> >> >> >> >> 
UMBatchJobName =

coregOverlay_181122_03_16_36_201_tehsheng_madcbrai

>> 
UMBatchProcessName =

coregOverlay

>> >> Initializing the job manager in SPM8

UMReSlice =

     0



Calling UMBatchCoReg with:
/nfs/fmri/Analysis/Sean_Working/Git_MADC/preprocess/../../Subjects_ABCDResting/madc1463_scan1/func//run_01/utprun_01.nii
/nfs/fmri/Analysis/Sean_Working/Subjects_ABCDResting/madc1463_scan1/func/coReg/t1mprage.nii
UMReSlice:0
Entering UMBatchCoReg V2.0 for SPM8
Coreging /nfs/fmri/Analysis/Sean_Working/Subjects_ABCDResting/madc1463_scan1/func/coReg/t1mprage.nii to
         /nfs/fmri/Analysis/Sean_Working/Git_MADC/preprocess/../../Subjects_ABCDResting/madc1463_scan1/func//run_01/utprun_01.nii


------------------------------------------------------------------------
Running job #1
------------------------------------------------------------------------
Running 'Coregister: Estimate'
iteration 1...
-1.344   0        0        0        0        0        | -1.049
-1.344   2.15     0        0        0        0        | -1.05
-1.344   2.15     -1.553   0        0        0        | -1.051
-1.344   2.15     -1.553   0.001995 0        0        | -1.0511
-1.344   2.15     -1.553   0.001995 0.009652 0        | -1.0511
-1.344   2.15     -1.553   0.001995 0.009652 -0.0009258 | -1.0511
iteration 2...
-1.344   2.15     -1.553   0.001995 0.009652 -0.0009258 | -1.0511
-1.344   2.246    -1.553   0.001995 0.009652 -0.0009258 | -1.0511
-1.344   2.246    -1.705   0.001995 0.009652 -0.0009258 | -1.0512
-1.344   2.246    -1.705   0.001178 0.009652 -0.0009258 | -1.0512
-1.344   2.246    -1.705   0.001178 0.01107  -0.0009258 | -1.0512
-1.344   2.246    -1.705   0.001178 0.01107  -0.0009258 | -1.0512
iteration 3...
-1.386   2.246    -1.705   0.001178 0.01107  -0.0009258 | -1.0512
-1.386   2.278    -1.705   0.001178 0.01107  -0.0009258 | -1.0512
-1.386   2.278    -1.706   0.001178 0.01107  -0.0009258 | -1.0512
-1.386   2.278    -1.706   0.0007412 0.01107  -0.0009258 | -1.0512
-1.386   2.278    -1.706   0.0007412 0.01097  -0.0009258 | -1.0512
-1.386   2.278    -1.706   0.0007412 0.01097  -0.0009258 | -1.0512
iteration 4...
-1.374   2.278    -1.706   0.0007412 0.01097  -0.0009258 | -1.0512
-1.374   2.294    -1.706   0.0007412 0.01097  -0.0009258 | -1.0512
-1.374   2.294    -1.706   0.0007412 0.01097  -0.0009258 | -1.0512
-1.374   2.294    -1.706   0.0007412 0.01097  -0.0009258 | -1.0512
-1.374   2.294    -1.706   0.0007412 0.01097  -0.0009258 | -1.0512
-1.374   2.294    -1.706   0.0007412 0.01097  2.549e-05 | -1.0512
-1.362   2.311    -1.706   0.0007412 0.01097  0.0009768 | -1.0512
iteration 5...
-1.362   2.311    -1.706   0.0007412 0.01097  0.0009768 | -1.0512
-1.362   2.311    -1.706   0.0007412 0.01097  0.0009768 | -1.0512
-1.362   2.311    -1.725   0.0007412 0.01097  0.0009768 | -1.0512
-1.362   2.311    -1.725   0.0007412 0.01097  0.0009768 | -1.0512
-1.362   2.311    -1.725   0.0007412 0.01097  0.0009768 | -1.0512
-1.362   2.311    -1.725   0.0007412 0.01097  0.0009768 | -1.0512
iteration 1...
-1.444   2.311    -1.725   0.0007412 0.01097  0.0009768 | -1.051
-1.444   2.278    -1.725   0.0007412 0.01097  0.0009768 | -1.051
-1.444   2.278    -1.47    0.0007412 0.01097  0.0009768 | -1.051
-1.444   2.278    -1.47    0.002335 0.01097  0.0009768 | -1.051
-1.444   2.278    -1.47    0.002335 0.01063  0.0009768 | -1.051
-1.444   2.278    -1.47    0.002335 0.01063  -0.001199 | -1.0511
iteration 2...
-1.444   2.278    -1.47    0.002335 0.01063  -0.001199 | -1.0511
-1.444   2.193    -1.47    0.002335 0.01063  -0.001199 | -1.0511
-1.444   2.193    -1.487   0.002335 0.01063  -0.001199 | -1.0511
-1.444   2.193    -1.487   0.00324  0.01063  -0.001199 | -1.0511
-1.444   2.193    -1.487   0.00324  0.01063  -0.001199 | -1.0511
-1.444   2.193    -1.487   0.00324  0.01063  -0.001593 | -1.0511
-1.444   2.142    -1.497   0.003777 0.01063  -0.001826 | -1.0511
iteration 3...
-1.451   2.142    -1.497   0.003777 0.01063  -0.001826 | -1.0511
-1.451   2.142    -1.497   0.003777 0.01063  -0.001826 | -1.0511
-1.451   2.142    -1.501   0.003777 0.01063  -0.001826 | -1.0511
-1.451   2.142    -1.501   0.004092 0.01063  -0.001826 | -1.0511
-1.451   2.142    -1.501   0.004092 0.01063  -0.001826 | -1.0511
-1.451   2.142    -1.501   0.004092 0.01063  -0.001826 | -1.0511
Done    'Coregister: Estimate'
Done

CoReg Done in 22.682286 seconds

All done with coregistration.
>> >> 
No sandbox specified



Start   : Thu Nov 22 03:16:38 EST 2018
Finish  : Thu Nov 22 03:17:32 EST 2018


