
                            < M A T L A B (R) >
                  Copyright 1984-2015 The MathWorks, Inc.
                   R2015b (8.6.0.267246) 64-bit (glnxa64)
                              August 20, 2015

 
To get started, type one of these: helpwin, helpdesk, or demo.
For product information, visit www.mathworks.com.
 

	Academic License

>> >> >> >> Coregistation Script Created on 181126_16_53_15_954
>> >> >> >> >> >> [Warning: Name is nonexistent or not a directory:
/Users/rcwelsh/matlabScripts/WELLES/mfiles] 
[> In path (line 109)
  In addpath (line 86)] 
>> >> >> >> >> 
UMBatchJobName =

coregOverlay_181126_16_53_15_954_tehsheng_madcbrai

>> 
UMBatchProcessName =

coregOverlay

>> >> Initializing the job manager in SPM8

UMReSlice =

     0



Calling UMBatchCoReg with:
/nfs/fmri/Analysis/Sean_Working/Git_MADC/preprocess/../../Subjects_ABCDResting/madc1299_scan1/func//run_01/utprun_01.nii
/nfs/fmri/Analysis/Sean_Working/Subjects_ABCDResting/madc1299_scan1/func/coReg/t1mprage.nii
UMReSlice:0
Entering UMBatchCoReg V2.0 for SPM8
Coreging /nfs/fmri/Analysis/Sean_Working/Subjects_ABCDResting/madc1299_scan1/func/coReg/t1mprage.nii to
         /nfs/fmri/Analysis/Sean_Working/Git_MADC/preprocess/../../Subjects_ABCDResting/madc1299_scan1/func//run_01/utprun_01.nii


------------------------------------------------------------------------
Running job #1
------------------------------------------------------------------------
Running 'Coregister: Estimate'
iteration 1...
-0.8316  0        0        0        0        0        | -1.0479
-0.8316  2.941    0        0        0        0        | -1.0488
-0.8316  2.941    -1.785   0        0        0        | -1.0491
-0.8316  2.941    -1.785   0.02131  0        0        | -1.0494
-0.8316  2.941    -1.785   0.02131  0        0        | -1.0494
-0.8316  2.941    -1.785   0.02131  0        0        | -1.0494
iteration 2...
-0.8429  2.941    -1.785   0.02131  0        0        | -1.0494
-0.8429  4.062    -1.785   0.02131  0        0        | -1.0496
-0.8429  4.062    -1.591   0.02131  0        0        | -1.0496
-0.8429  4.062    -1.591   0.03518  0        0        | -1.0497
-0.8429  4.062    -1.591   0.03518  0        0        | -1.0497
-0.8429  4.062    -1.591   0.03518  0        0        | -1.0497
iteration 3...
-0.8429  4.062    -1.591   0.03518  0        0        | -1.0497
-0.8429  4.486    -1.591   0.03518  0        0        | -1.0497
-0.8429  4.486    -1.784   0.03518  0        0        | -1.0497
-0.8429  4.486    -1.784   0.03624  0        0        | -1.0497
-0.8429  4.486    -1.784   0.03624  0        0        | -1.0497
-0.8429  4.486    -1.784   0.03624  0        0        | -1.0497
iteration 4...
-0.8429  4.486    -1.784   0.03624  0        0        | -1.0497
-0.8429  4.606    -1.784   0.03624  0        0        | -1.0497
-0.8429  4.606    -1.799   0.03624  0        0        | -1.0497
-0.8429  4.606    -1.799   0.03738  0        0        | -1.0497
-0.8429  4.606    -1.799   0.03738  0        0        | -1.0497
-0.8429  4.606    -1.799   0.03738  0        1.394e-05 | -1.0497
iteration 5...
-0.8429  4.606    -1.799   0.03738  0        1.394e-05 | -1.0497
-0.8429  4.667    -1.799   0.03738  0        1.394e-05 | -1.0497
-0.8429  4.667    -1.763   0.03738  0        1.394e-05 | -1.0497
-0.8429  4.667    -1.763   0.0376   0        1.394e-05 | -1.0497
-0.8429  4.667    -1.763   0.0376   0        1.394e-05 | -1.0497
-0.8429  4.667    -1.763   0.0376   0        1.394e-05 | -1.0497
iteration 6...
-0.8429  4.667    -1.763   0.0376   0        1.394e-05 | -1.0497
-0.8429  4.673    -1.763   0.0376   0        1.394e-05 | -1.0497
-0.8429  4.673    -1.763   0.0376   0        1.394e-05 | -1.0497
-0.8429  4.673    -1.763   0.0376   0        1.394e-05 | -1.0497
-0.8429  4.673    -1.763   0.0376   0        1.394e-05 | -1.0497
-0.8429  4.673    -1.763   0.0376   0        1.394e-05 | -1.0497
iteration 1...
-0.9099  4.673    -1.763   0.0376   0        1.394e-05 | -1.0494
-0.9099  4.24     -1.763   0.0376   0        1.394e-05 | -1.0494
-0.9099  4.24     -1.854   0.0376   0        1.394e-05 | -1.0494
-0.9099  4.24     -1.854   0.04155  0        1.394e-05 | -1.0494
-0.9099  4.24     -1.854   0.04155  0        1.394e-05 | -1.0494
-0.9099  4.24     -1.854   0.04155  0        1.394e-05 | -1.0494
iteration 2...
-0.9099  4.24     -1.854   0.04155  0        1.394e-05 | -1.0494
-0.9099  4.338    -1.854   0.04155  0        1.394e-05 | -1.0494
-0.9099  4.338    -1.99    0.04155  0        1.394e-05 | -1.0494
-0.9099  4.338    -1.99    0.04365  0        1.394e-05 | -1.0495
-0.9099  4.338    -1.99    0.04365  0        1.394e-05 | -1.0495
-0.9099  4.338    -1.99    0.04365  0        1.394e-05 | -1.0495
-0.9099  4.594    -2.347   0.04916  0        1.394e-05 | -1.0495
iteration 3...
-0.9103  4.594    -2.347   0.04916  0        1.394e-05 | -1.0495
-0.9103  4.692    -2.484   0.05128  0        1.394e-05 | -1.0495
-0.9103  4.692    -2.422   0.05128  0        1.394e-05 | -1.0495
-0.9103  4.692    -2.422   0.05039  0        1.394e-05 | -1.0495
-0.9103  4.692    -2.422   0.05039  0        1.394e-05 | -1.0495
-0.9103  4.692    -2.422   0.05039  0        1.394e-05 | -1.0495
iteration 4...
-0.9103  4.692    -2.422   0.05039  0        1.394e-05 | -1.0495
-0.9103  4.66     -2.378   0.04969  0        1.394e-05 | -1.0495
-0.9103  4.66     -2.367   0.04969  0        1.394e-05 | -1.0495
-0.9103  4.66     -2.367   0.04969  0        1.394e-05 | -1.0495
-0.9103  4.66     -2.367   0.04969  0        1.394e-05 | -1.0495
-0.9103  4.66     -2.367   0.04969  0        1.394e-05 | -1.0495
iteration 5...
-0.9103  4.66     -2.367   0.04969  0        1.394e-05 | -1.0495
-0.9103  4.673    -2.386   0.04999  0        1.394e-05 | -1.0495
-0.9103  4.673    -2.369   0.04999  0        1.394e-05 | -1.0495
-0.9103  4.673    -2.369   0.04999  0        1.394e-05 | -1.0495
-0.9103  4.673    -2.369   0.04999  0        1.394e-05 | -1.0495
-0.9103  4.673    -2.369   0.04999  0        1.394e-05 | -1.0495
Done    'Coregister: Estimate'
Done

CoReg Done in 33.223651 seconds

All done with coregistration.
>> >> 
No sandbox specified



Start   : Mon Nov 26 16:53:17 EST 2018
Finish  : Mon Nov 26 16:54:27 EST 2018


