
                            < M A T L A B (R) >
                  Copyright 1984-2015 The MathWorks, Inc.
                   R2015b (8.6.0.267246) 64-bit (glnxa64)
                              August 20, 2015

 
To get started, type one of these: helpwin, helpdesk, or demo.
For product information, visit www.mathworks.com.
 

	Academic License

>> >> >> >> Coregistation Script Created on 181121_18_42_22_982
>> >> >> >> >> >> [Warning: Name is nonexistent or not a directory:
/Users/rcwelsh/matlabScripts/WELLES/mfiles] 
[> In path (line 109)
  In addpath (line 86)] 
>> >> >> >> >> 
UMBatchJobName =

coregOverlay_181121_18_42_22_982_tehsheng_madcbrai

>> 
UMBatchProcessName =

coregOverlay

>> >> Initializing the job manager in SPM8

UMReSlice =

     0



Calling UMBatchCoReg with:
/nfs/fmri/Analysis/Sean_Working/Git_MADC/preprocess/../../Subjects_ABCDResting/madc1382_scan1/func//run_01/utprun_01.nii
/nfs/fmri/Analysis/Sean_Working/Subjects_ABCDResting/madc1382_scan1/func/coReg/t1mprage.nii
UMReSlice:0
Entering UMBatchCoReg V2.0 for SPM8
Coreging /nfs/fmri/Analysis/Sean_Working/Subjects_ABCDResting/madc1382_scan1/func/coReg/t1mprage.nii to
         /nfs/fmri/Analysis/Sean_Working/Git_MADC/preprocess/../../Subjects_ABCDResting/madc1382_scan1/func//run_01/utprun_01.nii


------------------------------------------------------------------------
Running job #1
------------------------------------------------------------------------
Running 'Coregister: Estimate'
iteration 1...
-2.026   0        0        0        0        0        | -1.0483
-2.026   1.274    0        0        0        0        | -1.0486
-2.026   1.274    -2.055   0        0        0        | -1.0494
-2.026   1.274    -2.055   0.007097 0        0        | -1.0494
-2.026   1.274    -2.055   0.007097 0.00397  0        | -1.0495
-2.026   1.274    -2.055   0.007097 0.00397  -0.01645 | -1.0496
iteration 2...
-1.76    1.274    -2.055   0.007097 0.00397  -0.01645 | -1.0496
-1.76    1.581    -2.055   0.007097 0.00397  -0.01645 | -1.0497
-1.76    1.581    -2.108   0.007097 0.00397  -0.01645 | -1.0497
-1.76    1.581    -2.108   0.01549  0.00397  -0.01645 | -1.0497
-1.76    1.581    -2.108   0.01549  0.01097  -0.01645 | -1.0497
-1.76    1.581    -2.108   0.01549  0.01097  -0.0203  | -1.0497
-1.522   1.855    -2.155   0.023    0.01724  -0.02374 | -1.0498
iteration 3...
-1.522   1.855    -2.155   0.023    0.01724  -0.02374 | -1.0498
-1.522   1.855    -2.155   0.023    0.01724  -0.02374 | -1.0498
-1.522   1.855    -2.036   0.023    0.01724  -0.02374 | -1.0498
-1.522   1.855    -2.036   0.02465  0.01724  -0.02374 | -1.0498
-1.522   1.855    -2.036   0.02465  0.01563  -0.02374 | -1.0498
-1.522   1.855    -2.036   0.02465  0.01563  -0.02374 | -1.0498
iteration 4...
-1.559   1.855    -2.036   0.02465  0.01563  -0.02374 | -1.0498
-1.559   1.855    -2.036   0.02465  0.01563  -0.02374 | -1.0498
-1.559   1.855    -1.963   0.02465  0.01563  -0.02374 | -1.0498
-1.559   1.855    -1.963   0.02465  0.01563  -0.02374 | -1.0498
-1.559   1.855    -1.963   0.02465  0.01438  -0.02374 | -1.0498
-1.559   1.855    -1.963   0.02465  0.01438  -0.02515 | -1.0498
iteration 5...
-1.559   1.855    -1.963   0.02465  0.01438  -0.02515 | -1.0498
-1.559   1.855    -1.963   0.02465  0.01438  -0.02515 | -1.0498
-1.559   1.855    -1.923   0.02465  0.01438  -0.02515 | -1.0498
-1.559   1.855    -1.923   0.02494  0.01438  -0.02515 | -1.0498
-1.559   1.855    -1.923   0.02494  0.01438  -0.02515 | -1.0498
-1.559   1.855    -1.923   0.02494  0.01438  -0.02515 | -1.0498
iteration 6...
-1.559   1.855    -1.923   0.02494  0.01438  -0.02515 | -1.0498
-1.559   1.855    -1.923   0.02494  0.01438  -0.02515 | -1.0498
-1.559   1.855    -1.923   0.02494  0.01438  -0.02515 | -1.0498
-1.559   1.855    -1.923   0.02494  0.01438  -0.02515 | -1.0498
-1.559   1.855    -1.923   0.02494  0.01438  -0.02515 | -1.0498
-1.559   1.855    -1.923   0.02494  0.01438  -0.02515 | -1.0498
iteration 1...
-1.371   1.855    -1.923   0.02494  0.01438  -0.02515 | -1.0497
-1.371   2.156    -1.923   0.02494  0.01438  -0.02515 | -1.0497
-1.371   2.156    -1.923   0.02494  0.01438  -0.02515 | -1.0497
-1.371   2.156    -1.923   0.02576  0.01438  -0.02515 | -1.0497
-1.371   2.156    -1.923   0.02576  0.01124  -0.02515 | -1.0497
-1.371   2.156    -1.923   0.02576  0.01124  -0.02232 | -1.0497
iteration 2...
-1.501   2.156    -1.923   0.02576  0.01124  -0.02232 | -1.0497
-1.501   2.243    -1.923   0.02576  0.01124  -0.02232 | -1.0497
-1.501   2.243    -1.936   0.02576  0.01124  -0.02232 | -1.0497
-1.501   2.243    -1.936   0.02567  0.01124  -0.02232 | -1.0497
-1.501   2.243    -1.936   0.02567  0.009525 -0.02232 | -1.0497
-1.501   2.243    -1.936   0.02567  0.009525 -0.02179 | -1.0497
-1.582   2.298    -1.945   0.02561  0.008461 -0.02146 | -1.0497
iteration 3...
-1.582   2.298    -1.945   0.02561  0.008461 -0.02146 | -1.0497
-1.582   2.258    -1.945   0.02561  0.008461 -0.02146 | -1.0497
-1.582   2.258    -1.953   0.02561  0.008461 -0.02146 | -1.0497
-1.582   2.258    -1.953   0.02512  0.008461 -0.02146 | -1.0497
-1.582   2.258    -1.953   0.02512  0.008461 -0.02146 | -1.0497
-1.582   2.258    -1.953   0.02512  0.008461 -0.02146 | -1.0497
-1.582   2.234    -1.957   0.02482  0.008461 -0.02146 | -1.0497
iteration 4...
-1.582   2.234    -1.957   0.02482  0.008461 -0.02146 | -1.0497
-1.582   2.235    -1.957   0.02483  0.008461 -0.02146 | -1.0497
-1.582   2.235    -1.946   0.02483  0.008461 -0.02146 | -1.0497
-1.582   2.235    -1.946   0.02483  0.008461 -0.02146 | -1.0497
-1.582   2.235    -1.946   0.02483  0.008461 -0.02146 | -1.0497
-1.582   2.235    -1.946   0.02483  0.008461 -0.02146 | -1.0497
Done    'Coregister: Estimate'
Done

CoReg Done in 30.404018 seconds

All done with coregistration.
>> >> 
No sandbox specified



Start   : Wed Nov 21 18:42:25 EST 2018
Finish  : Wed Nov 21 18:43:32 EST 2018


