
                            < M A T L A B (R) >
                  Copyright 1984-2015 The MathWorks, Inc.
                   R2015b (8.6.0.267246) 64-bit (glnxa64)
                              August 20, 2015

 
To get started, type one of these: helpwin, helpdesk, or demo.
For product information, visit www.mathworks.com.
 

	Academic License

>> >> >> >> Coregistation Script Created on 181121_21_43_58_549
>> >> >> >> >> >> [Warning: Name is nonexistent or not a directory:
/Users/rcwelsh/matlabScripts/WELLES/mfiles] 
[> In path (line 109)
  In addpath (line 86)] 
>> >> >> >> >> 
UMBatchJobName =

coregOverlay_181121_21_43_58_549_tehsheng_madcbrai

>> 
UMBatchProcessName =

coregOverlay

>> >> Initializing the job manager in SPM8

UMReSlice =

     0



Calling UMBatchCoReg with:
/nfs/fmri/Analysis/Sean_Working/Git_MADC/preprocess/../../Subjects_ABCDResting/madc1440_scan1/func//run_01/utprun_01.nii
/nfs/fmri/Analysis/Sean_Working/Subjects_ABCDResting/madc1440_scan1/func/coReg/t1mprage.nii
UMReSlice:0
Entering UMBatchCoReg V2.0 for SPM8
Coreging /nfs/fmri/Analysis/Sean_Working/Subjects_ABCDResting/madc1440_scan1/func/coReg/t1mprage.nii to
         /nfs/fmri/Analysis/Sean_Working/Git_MADC/preprocess/../../Subjects_ABCDResting/madc1440_scan1/func//run_01/utprun_01.nii


------------------------------------------------------------------------
Running job #1
------------------------------------------------------------------------
Running 'Coregister: Estimate'
iteration 1...
-1.632   0        0        0        0        0        | -1.0466
-1.632   1.746    0        0        0        0        | -1.0473
-1.632   1.746    0.5973   0        0        0        | -1.0474
-1.632   1.746    0.5973   -0.01275 0        0        | -1.0476
-1.632   1.746    0.5973   -0.01275 0.001994 0        | -1.0476
-1.632   1.746    0.5973   -0.01275 0.001994 -0.01842 | -1.0478
iteration 2...
-1.747   1.746    0.5973   -0.01275 0.001994 -0.01842 | -1.0478
-1.747   1.974    0.5973   -0.01275 0.001994 -0.01842 | -1.0478
-1.747   1.974    0.5835   -0.01275 0.001994 -0.01842 | -1.0478
-1.747   1.974    0.5835   -0.02083 0.001994 -0.01842 | -1.0478
-1.747   1.974    0.5835   -0.02083 0.001994 -0.01842 | -1.0478
-1.747   1.974    0.5835   -0.02083 0.001994 -0.02136 | -1.0478
-1.833   2.142    0.5733   -0.02679 0.001994 -0.02354 | -1.0479
iteration 3...
-1.833   2.142    0.5733   -0.02679 0.001994 -0.02354 | -1.0479
-1.833   2.463    0.5733   -0.02679 0.001994 -0.02354 | -1.0479
-1.833   2.463    0.5837   -0.02679 0.001994 -0.02354 | -1.0479
-1.87    2.537    0.5792   -0.02942 0.001994 -0.0245  | -1.0479
-1.87    2.537    0.5792   -0.02942 0.003633 -0.0245  | -1.0479
-1.87    2.537    0.5792   -0.02942 0.003633 -0.0245  | -1.0479
-1.908   2.932    0.5851   -0.03205 0.005272 -0.02546 | -1.0479
iteration 4...
-1.96    2.932    0.5851   -0.03205 0.005272 -0.02546 | -1.0479
-1.942   2.748    0.5824   -0.03082 0.004506 -0.02501 | -1.0479
-1.942   2.748    0.5824   -0.03082 0.004506 -0.02501 | -1.0479
-1.942   2.748    0.5824   -0.03082 0.004506 -0.02501 | -1.0479
-1.942   2.748    0.5824   -0.03082 0.004506 -0.02501 | -1.0479
-1.942   2.748    0.5824   -0.03082 0.004506 -0.02675 | -1.0479
iteration 5...
-1.942   2.748    0.5824   -0.03082 0.004506 -0.02675 | -1.0479
-1.946   2.784    0.5829   -0.03106 0.004656 -0.02683 | -1.0479
-1.946   2.784    0.5375   -0.03106 0.004656 -0.02683 | -1.0479
-1.946   2.784    0.5375   -0.03106 0.004656 -0.02683 | -1.0479
-1.946   2.784    0.5375   -0.03106 0.005855 -0.02683 | -1.0479
-1.946   2.784    0.5375   -0.03106 0.005855 -0.02675 | -1.0479
iteration 6...
-1.938   2.784    0.5375   -0.03106 0.005855 -0.02675 | -1.0479
-1.938   2.784    0.5375   -0.03106 0.005855 -0.02675 | -1.0479
-1.938   2.784    0.5654   -0.03106 0.005855 -0.02675 | -1.0479
-1.938   2.784    0.5654   -0.03106 0.005855 -0.02675 | -1.0479
-1.938   2.784    0.5654   -0.03106 0.005855 -0.02675 | -1.0479
-1.938   2.784    0.5654   -0.03106 0.005855 -0.02675 | -1.0479
iteration 7...
-1.938   2.784    0.5654   -0.03106 0.005855 -0.02675 | -1.0479
-1.938   2.783    0.5654   -0.03106 0.005852 -0.02675 | -1.0479
-1.938   2.783    0.5722   -0.03106 0.005852 -0.02675 | -1.0479
-1.938   2.783    0.5722   -0.03106 0.005852 -0.02675 | -1.0479
-1.938   2.783    0.5722   -0.03106 0.005852 -0.02675 | -1.0479
-1.938   2.783    0.5722   -0.03106 0.005852 -0.02675 | -1.0479
iteration 1...
-2.021   2.783    0.5722   -0.03106 0.005852 -0.02675 | -1.0478
-2.021   2.954    0.5722   -0.03106 0.005852 -0.02675 | -1.0478
-2.021   2.954    0.4582   -0.03106 0.005852 -0.02675 | -1.0478
-2.021   2.954    0.4582   -0.02983 0.005852 -0.02675 | -1.0478
-2.021   2.954    0.4582   -0.02983 0.007268 -0.02675 | -1.0478
-2.021   2.954    0.4582   -0.02983 0.007268 -0.0247  | -1.0478
iteration 2...
-2.058   2.954    0.4582   -0.02983 0.007268 -0.0247  | -1.0478
-2.058   2.926    0.4582   -0.02983 0.007268 -0.0247  | -1.0478
-2.058   2.926    0.4766   -0.02983 0.007268 -0.0247  | -1.0478
-2.058   2.926    0.4766   -0.02967 0.007268 -0.0247  | -1.0478
-2.058   2.926    0.4766   -0.02967 0.008124 -0.0247  | -1.0478
-2.058   2.926    0.4766   -0.02967 0.008124 -0.0247  | -1.0478
iteration 3...
-2.079   2.926    0.4766   -0.02967 0.008124 -0.0247  | -1.0478
-2.079   2.915    0.4766   -0.02967 0.008124 -0.0247  | -1.0478
-2.079   2.915    0.4669   -0.02967 0.008124 -0.0247  | -1.0478
-2.079   2.915    0.4669   -0.02962 0.008124 -0.0247  | -1.0478
-2.079   2.915    0.4669   -0.02962 0.008124 -0.0247  | -1.0478
-2.079   2.915    0.4669   -0.02962 0.008124 -0.0247  | -1.0478
iteration 4...
-2.079   2.915    0.4669   -0.02962 0.008124 -0.0247  | -1.0478
-2.079   2.915    0.4669   -0.02962 0.008124 -0.0247  | -1.0478
-2.079   2.915    0.4669   -0.02962 0.008124 -0.0247  | -1.0478
-2.079   2.915    0.4669   -0.02958 0.008124 -0.0247  | -1.0478
-2.079   2.915    0.4669   -0.02958 0.008124 -0.0247  | -1.0478
-2.079   2.915    0.4669   -0.02958 0.008124 -0.0247  | -1.0478
Done    'Coregister: Estimate'
Done

CoReg Done in 28.044477 seconds

All done with coregistration.
>> >> 
No sandbox specified



Start   : Wed Nov 21 21:44:00 EST 2018
Finish  : Wed Nov 21 21:45:10 EST 2018


