
                            < M A T L A B (R) >
                  Copyright 1984-2015 The MathWorks, Inc.
                   R2015b (8.6.0.267246) 64-bit (glnxa64)
                              August 20, 2015

 
To get started, type one of these: helpwin, helpdesk, or demo.
For product information, visit www.mathworks.com.
 

	Academic License

>> >> >> >> Coregistation Script Created on 181122_02_56_37_345
>> >> >> >> >> >> [Warning: Name is nonexistent or not a directory:
/Users/rcwelsh/matlabScripts/WELLES/mfiles] 
[> In path (line 109)
  In addpath (line 86)] 
>> >> >> >> >> 
UMBatchJobName =

coregOverlay_181122_02_56_37_345_tehsheng_madcbrai

>> 
UMBatchProcessName =

coregOverlay

>> >> Initializing the job manager in SPM8

UMReSlice =

     0



Calling UMBatchCoReg with:
/nfs/fmri/Analysis/Sean_Working/Git_MADC/preprocess/../../Subjects_ABCDResting/madc1462_scan1/func//run_01/utprun_01.nii
/nfs/fmri/Analysis/Sean_Working/Subjects_ABCDResting/madc1462_scan1/func/coReg/t1mprage.nii
UMReSlice:0
Entering UMBatchCoReg V2.0 for SPM8
Coreging /nfs/fmri/Analysis/Sean_Working/Subjects_ABCDResting/madc1462_scan1/func/coReg/t1mprage.nii to
         /nfs/fmri/Analysis/Sean_Working/Git_MADC/preprocess/../../Subjects_ABCDResting/madc1462_scan1/func//run_01/utprun_01.nii


------------------------------------------------------------------------
Running job #1
------------------------------------------------------------------------
Running 'Coregister: Estimate'
iteration 1...
-1.276   0        0        0        0        0        | -1.05
-1.276   0.4793   0        0        0        0        | -1.05
-1.276   0.4793   0.4689   0        0        0        | -1.0501
-1.276   0.4793   0.4689   -0.007506 0        0        | -1.0502
-1.276   0.4793   0.4689   -0.007506 0        0        | -1.0502
-1.276   0.4793   0.4689   -0.007506 0        0        | -1.0502
iteration 2...
-1.393   0.4793   0.4689   -0.007506 0        0        | -1.0502
-1.393   1.007    0.4689   -0.007506 0        0        | -1.0502
-1.393   1.007    0.3863   -0.007506 0        0        | -1.0502
-1.393   1.007    0.3863   -0.01192 0        0        | -1.0503
-1.393   1.007    0.3863   -0.01192 0.004423 0        | -1.0503
-1.393   1.007    0.3863   -0.01192 0.004423 -0.0002642 | -1.0503
-1.485   1.426    0.3207   -0.01543 0.007939 -0.0004742 | -1.0504
iteration 3...
-2.108   1.426    0.3207   -0.01543 0.007939 -0.0004742 | -1.0504
-2.108   1.632    0.3207   -0.01543 0.007939 -0.0004742 | -1.0505
-2.108   1.632    0.4308   -0.01543 0.007939 -0.0004742 | -1.0505
-2.214   2.113    0.3555   -0.01945 0.01197  -0.0007152 | -1.0505
-2.214   2.113    0.3555   -0.01945 0.009342 -0.0007152 | -1.0505
-2.214   2.113    0.3555   -0.01945 0.009342 -0.0007152 | -1.0505
iteration 4...
-2.331   2.113    0.3555   -0.01945 0.009342 -0.0007152 | -1.0505
-2.331   1.998    0.3555   -0.01945 0.009342 -0.0007152 | -1.0505
-2.331   1.998    0.3452   -0.01945 0.009342 -0.0007152 | -1.0505
-2.443   2.506    0.2658   -0.0237  0.0136   -0.0009692 | -1.0506
-2.443   2.506    0.2658   -0.0237  0.01171  -0.0009692 | -1.0506
-2.443   2.506    0.2658   -0.0237  0.01171  -0.0009692 | -1.0506
-3.043   3.533    0.03109  -0.03481 0.01789  -0.001634 | -1.0507
iteration 5...
-3.165   3.533    0.03109  -0.03481 0.01789  -0.001634 | -1.0507
-3.165   3.641    0.03109  -0.03481 0.01789  -0.001634 | -1.0507
-3.165   3.641    0.3515   -0.03481 0.01789  -0.001634 | -1.0507
-3.502   4.219    0.2194   -0.04106 0.02137  -0.002008 | -1.0507
-3.502   4.219    0.2194   -0.04106 0.02087  -0.002008 | -1.0507
-3.502   4.219    0.2194   -0.04106 0.02087  -0.00276 | -1.0507
iteration 6...
-3.502   4.219    0.2194   -0.04106 0.02087  -0.00276 | -1.0507
-3.502   4.313    0.2194   -0.04106 0.02087  -0.00276 | -1.0507
-3.502   4.313    0.3694   -0.04106 0.02087  -0.00276 | -1.0507
-3.492   4.295    0.3735   -0.04086 0.02077  -0.002748 | -1.0507
-3.492   4.295    0.3735   -0.04086 0.02077  -0.002748 | -1.0507
-3.492   4.295    0.3735   -0.04086 0.02077  -0.002748 | -1.0507
iteration 7...
-3.492   4.295    0.3735   -0.04086 0.02077  -0.002748 | -1.0507
-3.492   4.247    0.3735   -0.04086 0.02077  -0.002748 | -1.0507
-3.492   4.247    0.3985   -0.04086 0.02077  -0.002748 | -1.0507
-3.492   4.247    0.3985   -0.04086 0.02077  -0.002748 | -1.0507
-3.492   4.247    0.3985   -0.04086 0.02077  -0.002748 | -1.0507
-3.492   4.247    0.3985   -0.04086 0.02077  -0.002757 | -1.0507
iteration 8...
-3.492   4.247    0.3985   -0.04086 0.02077  -0.002757 | -1.0507
-3.492   4.25     0.3985   -0.04086 0.02077  -0.002757 | -1.0507
-3.492   4.25     0.3929   -0.04086 0.02077  -0.002757 | -1.0507
-3.501   4.266    0.3892   -0.04104 0.02086  -0.002768 | -1.0507
-3.501   4.266    0.3892   -0.04104 0.02086  -0.002768 | -1.0507
-3.501   4.266    0.3892   -0.04104 0.02086  -0.002768 | -1.0507
iteration 9...
-3.501   4.266    0.3892   -0.04104 0.02086  -0.002768 | -1.0507
-3.501   4.266    0.3892   -0.04104 0.02086  -0.002768 | -1.0507
-3.501   4.266    0.3892   -0.04104 0.02086  -0.002768 | -1.0507
-3.501   4.266    0.3892   -0.04104 0.02086  -0.002768 | -1.0507
-3.501   4.266    0.3892   -0.04104 0.02086  -0.002768 | -1.0507
-3.501   4.266    0.3892   -0.04104 0.02086  -0.002768 | -1.0507
iteration 1...
-3.347   4.266    0.3892   -0.04104 0.02086  -0.002768 | -1.0506
-3.347   4.298    0.3892   -0.04104 0.02086  -0.002768 | -1.0506
-3.347   4.298    0.3447   -0.04104 0.02086  -0.002768 | -1.0506
-3.347   4.298    0.3447   -0.04104 0.02086  -0.002768 | -1.0506
-3.347   4.298    0.3447   -0.04104 0.02011  -0.002768 | -1.0506
-3.347   4.298    0.3447   -0.04104 0.02011  -0.003008 | -1.0506
-3.168   4.336    0.2929   -0.04104 0.01923  -0.003289 | -1.0506
iteration 2...
-3.168   4.336    0.2929   -0.04104 0.01923  -0.003289 | -1.0506
-3.168   4.308    0.2929   -0.04104 0.01923  -0.003289 | -1.0506
-3.168   4.308    0.3376   -0.04104 0.01923  -0.003289 | -1.0506
-3.168   4.308    0.3376   -0.04104 0.01923  -0.003289 | -1.0506
-3.168   4.308    0.3376   -0.04104 0.01858  -0.003289 | -1.0506
-3.168   4.308    0.3376   -0.04104 0.01858  -0.003432 | -1.0506
iteration 3...
-3.077   4.328    0.3114   -0.04104 0.01813  -0.003574 | -1.0506
-3.077   4.289    0.3114   -0.04104 0.01813  -0.003574 | -1.0506
-3.077   4.289    0.3422   -0.04104 0.01813  -0.003574 | -1.0506
-3.077   4.289    0.3422   -0.04104 0.01813  -0.003574 | -1.0506
-3.077   4.289    0.3422   -0.04104 0.01775  -0.003574 | -1.0506
-3.077   4.289    0.3422   -0.04104 0.01775  -0.002564 | -1.0506
-2.997   4.272    0.3462   -0.04104 0.01702  -0.0018  | -1.0506
iteration 4...
-3       4.272    0.346    -0.04104 0.01705  -0.001829 | -1.0506
-3       4.309    0.346    -0.04104 0.01705  -0.001829 | -1.0506
-3       4.309    0.3314   -0.04104 0.01705  -0.001829 | -1.0506
-3       4.309    0.3314   -0.04104 0.01705  -0.001829 | -1.0506
-3       4.309    0.3314   -0.04104 0.01705  -0.001829 | -1.0506
-3       4.309    0.3314   -0.04104 0.01705  -0.001829 | -1.0506
iteration 5...
-2.971   4.302    0.3329   -0.04104 0.01678  -0.001545 | -1.0506
-2.971   4.312    0.3329   -0.04104 0.01678  -0.001545 | -1.0506
-2.971   4.312    0.328    -0.04104 0.01678  -0.001545 | -1.0506
-2.971   4.312    0.328    -0.04104 0.01678  -0.001545 | -1.0506
-2.971   4.312    0.328    -0.04104 0.01678  -0.001545 | -1.0506
-2.971   4.312    0.328    -0.04104 0.01678  -0.001973 | -1.0506
-2.889   4.322    0.3184   -0.04104 0.01603  -0.002369 | -1.0506
iteration 6...
-2.864   4.325    0.3156   -0.04104 0.01581  -0.002485 | -1.0506
-2.864   4.31     0.3156   -0.04104 0.01581  -0.002485 | -1.0506
-2.864   4.31     0.329    -0.04104 0.01581  -0.002485 | -1.0506
-2.864   4.31     0.329    -0.04104 0.01581  -0.002485 | -1.0506
-2.864   4.31     0.329    -0.04104 0.01581  -0.002485 | -1.0506
-2.864   4.31     0.329    -0.04104 0.01581  -0.001831 | -1.0506
iteration 7...
-2.782   4.32     0.3195   -0.04104 0.01506  -0.002227 | -1.0506
-2.782   4.32     0.3195   -0.04104 0.01506  -0.002227 | -1.0506
-2.782   4.32     0.3323   -0.04104 0.01506  -0.002227 | -1.0506
-2.782   4.32     0.3323   -0.04104 0.01506  -0.002227 | -1.0506
-2.782   4.32     0.3323   -0.04104 0.01506  -0.002227 | -1.0506
-2.782   4.32     0.3323   -0.04104 0.01506  -0.001332 | -1.0506
iteration 8...
-2.748   4.324    0.3282   -0.04104 0.01475  -0.001499 | -1.0506
-2.748   4.32     0.3282   -0.04104 0.01475  -0.001499 | -1.0506
-2.748   4.32     0.3282   -0.04104 0.01475  -0.001499 | -1.0506
-2.748   4.32     0.3282   -0.04104 0.01475  -0.001499 | -1.0506
-2.748   4.32     0.3282   -0.04104 0.01499  -0.001499 | -1.0506
-2.748   4.32     0.3282   -0.04104 0.01499  -0.001499 | -1.0506
iteration 9...
-2.748   4.32     0.3282   -0.04104 0.01499  -0.001499 | -1.0506
-2.748   4.32     0.3282   -0.04104 0.01499  -0.001499 | -1.0506
-2.748   4.32     0.3354   -0.04104 0.01499  -0.001499 | -1.0506
-2.748   4.32     0.3354   -0.04104 0.01499  -0.001499 | -1.0506
-2.748   4.32     0.3354   -0.04104 0.01499  -0.001499 | -1.0506
-2.748   4.32     0.3354   -0.04104 0.01499  -0.001499 | -1.0506
Done    'Coregister: Estimate'
Done

CoReg Done in 44.216254 seconds

All done with coregistration.
>> >> 
No sandbox specified



Start   : Thu Nov 22 02:56:39 EST 2018
Finish  : Thu Nov 22 02:57:54 EST 2018


