
                            < M A T L A B (R) >
                  Copyright 1984-2015 The MathWorks, Inc.
                   R2015b (8.6.0.267246) 64-bit (glnxa64)
                              August 20, 2015

 
To get started, type one of these: helpwin, helpdesk, or demo.
For product information, visit www.mathworks.com.
 

	Academic License

>> >> >> >> Coregistation Script Created on 181121_19_15_17_626
>> >> >> >> >> >> [Warning: Name is nonexistent or not a directory:
/Users/rcwelsh/matlabScripts/WELLES/mfiles] 
[> In path (line 109)
  In addpath (line 86)] 
>> >> >> >> >> 
UMBatchJobName =

coregOverlay_181121_19_15_17_626_tehsheng_madcbrai

>> 
UMBatchProcessName =

coregOverlay

>> >> Initializing the job manager in SPM8

UMReSlice =

     0



Calling UMBatchCoReg with:
/nfs/fmri/Analysis/Sean_Working/Git_MADC/preprocess/../../Subjects_ABCDResting/madc1259_scan1/func//run_01/utprun_01.nii
/nfs/fmri/Analysis/Sean_Working/Subjects_ABCDResting/madc1259_scan1/func/coReg/t1mprage.nii
UMReSlice:0
Entering UMBatchCoReg V2.0 for SPM8
Coreging /nfs/fmri/Analysis/Sean_Working/Subjects_ABCDResting/madc1259_scan1/func/coReg/t1mprage.nii to
         /nfs/fmri/Analysis/Sean_Working/Git_MADC/preprocess/../../Subjects_ABCDResting/madc1259_scan1/func//run_01/utprun_01.nii


------------------------------------------------------------------------
Running job #1
------------------------------------------------------------------------
Running 'Coregister: Estimate'
iteration 1...
-1.466   0        0        0        0        0        | -1.0431
-1.466   0.4794   0        0        0        0        | -1.0432
-1.466   0.4794   -0.2955  0        0        0        | -1.0432
-1.466   0.4794   -0.2955  -0.08233 0        0        | -1.044
-1.466   0.4794   -0.2955  -0.08233 5.931e-05 0        | -1.044
-1.466   0.4794   -0.2955  -0.08233 5.931e-05 -0.04147 | -1.0444
iteration 2...
-1.444   0.4794   -0.2955  -0.08233 5.931e-05 -0.04147 | -1.0444
-1.444   0.4794   -0.2955  -0.08233 5.931e-05 -0.04147 | -1.0444
-1.444   0.4794   -2.462   -0.08233 5.931e-05 -0.04147 | -1.0448
-1.444   0.4794   -2.462   -0.1006  5.931e-05 -0.04147 | -1.0449
-1.444   0.4794   -2.462   -0.1006  -0.006634 -0.04147 | -1.045
-1.444   0.4794   -2.462   -0.1006  -0.006634 -0.04023 | -1.045
iteration 3...
-1.571   0.4794   -2.462   -0.1006  -0.006634 -0.04023 | -1.045
-1.571   1.099    -2.462   -0.1006  -0.006634 -0.04023 | -1.045
-1.571   1.099    -2.846   -0.1006  -0.006634 -0.04023 | -1.0451
-1.571   1.099    -2.846   -0.1089  -0.006634 -0.04023 | -1.0451
-1.571   1.099    -2.846   -0.1089  -0.008279 -0.04023 | -1.0451
-1.571   1.099    -2.846   -0.1089  -0.008279 -0.04168 | -1.0451
iteration 4...
-1.539   1.099    -2.846   -0.1089  -0.008279 -0.04168 | -1.0451
-1.539   1.169    -2.846   -0.1089  -0.008279 -0.04168 | -1.0451
-1.539   1.169    -2.846   -0.1089  -0.008279 -0.04168 | -1.0451
-1.539   1.169    -2.846   -0.1081  -0.008279 -0.04168 | -1.0451
-1.539   1.169    -2.846   -0.1081  -0.009654 -0.04168 | -1.0451
-1.539   1.169    -2.846   -0.1081  -0.009654 -0.04227 | -1.0451
iteration 5...
-1.539   1.169    -2.846   -0.1081  -0.009654 -0.04227 | -1.0451
-1.539   1.187    -2.846   -0.1081  -0.009654 -0.04227 | -1.0451
-1.539   1.187    -2.746   -0.1081  -0.009654 -0.04227 | -1.0451
-1.539   1.187    -2.746   -0.1081  -0.009654 -0.04227 | -1.0451
-1.539   1.187    -2.746   -0.1081  -0.009654 -0.04227 | -1.0451
-1.539   1.187    -2.746   -0.1081  -0.009654 -0.04227 | -1.0451
-1.539   1.21     -2.622   -0.1081  -0.009654 -0.04227 | -1.0451
iteration 6...
-1.559   1.21     -2.622   -0.1081  -0.009654 -0.04227 | -1.0451
-1.559   1.26     -2.622   -0.1081  -0.009654 -0.04227 | -1.0451
-1.559   1.251    -2.67    -0.1081  -0.009654 -0.04227 | -1.0451
-1.559   1.251    -2.67    -0.1081  -0.009654 -0.04227 | -1.0451
-1.559   1.251    -2.67    -0.1081  -0.01017 -0.04227 | -1.0451
-1.559   1.251    -2.67    -0.1081  -0.01017 -0.04227 | -1.0451
iteration 7...
-1.559   1.251    -2.67    -0.1081  -0.01017 -0.04227 | -1.0451
-1.559   1.251    -2.67    -0.1081  -0.01017 -0.04227 | -1.0451
-1.559   1.254    -2.656   -0.1081  -0.01017 -0.04227 | -1.0451
-1.559   1.254    -2.656   -0.1081  -0.01017 -0.04227 | -1.0451
-1.559   1.254    -2.656   -0.1081  -0.01017 -0.04227 | -1.0451
-1.559   1.254    -2.656   -0.1081  -0.01017 -0.04227 | -1.0451
iteration 1...
-1.559   1.254    -2.656   -0.1081  -0.01017 -0.04227 | -1.045
-1.559   1.786    -2.656   -0.1081  -0.01017 -0.04227 | -1.045
-1.559   1.786    -2.595   -0.1081  -0.01017 -0.04227 | -1.045
-1.559   1.786    -2.595   -0.1103  -0.01017 -0.04227 | -1.045
-1.559   1.786    -2.595   -0.1103  -0.004139 -0.04227 | -1.045
-1.559   1.786    -2.595   -0.1103  -0.004139 -0.04304 | -1.045
iteration 2...
-1.652   1.786    -2.595   -0.1103  -0.004139 -0.04304 | -1.045
-1.652   1.868    -2.595   -0.1103  -0.004139 -0.04304 | -1.045
-1.652   1.868    -2.665   -0.1103  -0.004139 -0.04304 | -1.045
-1.652   1.868    -2.665   -0.1118  -0.004139 -0.04304 | -1.045
-1.652   1.868    -2.665   -0.1118  -0.00619 -0.04304 | -1.045
-1.652   1.868    -2.665   -0.1118  -0.00619 -0.04411 | -1.045
iteration 3...
-1.673   1.868    -2.665   -0.1118  -0.00619 -0.04411 | -1.045
-1.673   1.891    -2.665   -0.1118  -0.00619 -0.04411 | -1.045
-1.673   1.891    -2.665   -0.1118  -0.00619 -0.04411 | -1.045
-1.673   1.891    -2.665   -0.1119  -0.00619 -0.04411 | -1.045
-1.673   1.891    -2.665   -0.1119  -0.006557 -0.04411 | -1.045
-1.673   1.891    -2.665   -0.1119  -0.006557 -0.04411 | -1.045
iteration 4...
-1.673   1.891    -2.665   -0.1119  -0.006557 -0.04411 | -1.045
-1.673   1.884    -2.665   -0.1119  -0.006557 -0.04411 | -1.045
-1.673   1.884    -2.642   -0.1119  -0.006557 -0.04411 | -1.045
-1.673   1.884    -2.642   -0.1119  -0.006557 -0.04411 | -1.045
-1.673   1.884    -2.642   -0.1119  -0.006557 -0.04411 | -1.045
-1.673   1.884    -2.642   -0.1119  -0.006557 -0.04411 | -1.045
iteration 5...
-1.673   1.884    -2.642   -0.1119  -0.006557 -0.04411 | -1.045
-1.673   1.884    -2.642   -0.1119  -0.006557 -0.04411 | -1.045
-1.673   1.884    -2.642   -0.1119  -0.006557 -0.04411 | -1.045
-1.673   1.884    -2.642   -0.1119  -0.006557 -0.04411 | -1.045
-1.673   1.884    -2.642   -0.1119  -0.006557 -0.04411 | -1.045
-1.673   1.884    -2.642   -0.1119  -0.006557 -0.04411 | -1.045
Done    'Coregister: Estimate'
Done

CoReg Done in 33.111636 seconds

All done with coregistration.
>> >> 
No sandbox specified



Start   : Wed Nov 21 19:15:19 EST 2018
Finish  : Wed Nov 21 19:16:28 EST 2018


