
                            < M A T L A B (R) >
                  Copyright 1984-2015 The MathWorks, Inc.
                   R2015b (8.6.0.267246) 64-bit (glnxa64)
                              August 20, 2015

 
To get started, type one of these: helpwin, helpdesk, or demo.
For product information, visit www.mathworks.com.
 

	Academic License

>> >> >> >> Coregistation Script Created on 181121_15_50_19_737
>> >> >> >> >> >> [Warning: Name is nonexistent or not a directory:
/Users/rcwelsh/matlabScripts/WELLES/mfiles] 
[> In path (line 109)
  In addpath (line 86)] 
>> >> >> >> >> 
UMBatchJobName =

coregOverlay_181121_15_50_19_737_tehsheng_madcbrai

>> 
UMBatchProcessName =

coregOverlay

>> >> Initializing the job manager in SPM8

UMReSlice =

     0



Calling UMBatchCoReg with:
/nfs/fmri/Analysis/Sean_Working/Git_MADC/preprocess/../../Subjects_ABCDResting/madc1174_scan1/func//run_01/utprun_01.nii
/nfs/fmri/Analysis/Sean_Working/Subjects_ABCDResting/madc1174_scan1/func/coReg/t1mprage.nii
UMReSlice:0
Entering UMBatchCoReg V2.0 for SPM8
Coreging /nfs/fmri/Analysis/Sean_Working/Subjects_ABCDResting/madc1174_scan1/func/coReg/t1mprage.nii to
         /nfs/fmri/Analysis/Sean_Working/Git_MADC/preprocess/../../Subjects_ABCDResting/madc1174_scan1/func//run_01/utprun_01.nii


------------------------------------------------------------------------
Running job #1
------------------------------------------------------------------------
Running 'Coregister: Estimate'
iteration 1...
-2.043   0        0        0        0        0        | -1.044
-2.043   1.24     0        0        0        0        | -1.0442
-2.043   1.24     -0.1172  0        0        0        | -1.0442
-2.043   1.24     -0.1172  0.02293  0        0        | -1.0443
-2.043   1.24     -0.1172  0.02293  -0.01049 0        | -1.0443
-2.043   1.24     -0.1172  0.02293  -0.01049 0.0004415 | -1.0443
iteration 2...
-2.043   1.24     -0.1172  0.02293  -0.01049 0.0004415 | -1.0443
-2.043   0.8259   -0.1172  0.02293  -0.01049 0.0004415 | -1.0444
-2.043   0.8259   -0.3185  0.02293  -0.01049 0.0004415 | -1.0444
-2.043   0.8259   -0.3185  0.02857  -0.01049 0.0004415 | -1.0444
-2.043   0.8259   -0.3185  0.02857  -0.008435 0.0004415 | -1.0444
-2.043   0.8259   -0.3185  0.02857  -0.008435 -0.0003553 | -1.0444
-2.043   0.5668   -0.4444  0.0321   -0.007147 -0.0008532 | -1.0444
iteration 3...
-2.026   0.5668   -0.4444  0.0321   -0.007147 -0.0008532 | -1.0444
-2.026   0.569    -0.4433  0.03207  -0.007158 -0.000849 | -1.0444
-2.026   0.569    -0.3042  0.03207  -0.007158 -0.000849 | -1.0444
-2.026   0.569    -0.3042  0.03288  -0.007158 -0.000849 | -1.0444
-2.026   0.569    -0.3042  0.03288  -0.007158 -0.000849 | -1.0444
-2.026   0.569    -0.3042  0.03288  -0.007158 -0.000849 | -1.0444
iteration 4...
-2.026   0.569    -0.3042  0.03288  -0.007158 -0.000849 | -1.0444
-2.026   0.4886   -0.3433  0.03397  -0.006759 -0.001004 | -1.0444
-2.026   0.4886   -0.1839  0.03397  -0.006759 -0.001004 | -1.0444
-2.026   0.4886   -0.1839  0.03397  -0.006759 -0.001004 | -1.0444
-2.026   0.4886   -0.1839  0.03397  -0.007761 -0.001004 | -1.0444
-2.026   0.4886   -0.1839  0.03397  -0.007761 -0.002155 | -1.0444
iteration 5...
-1.965   0.4886   -0.1839  0.03397  -0.007761 -0.002155 | -1.0444
-1.965   0.4391   -0.2079  0.03464  -0.007515 -0.00225 | -1.0444
-1.965   0.4391   -0.1752  0.03464  -0.007515 -0.00225 | -1.0444
-1.965   0.4391   -0.1752  0.03464  -0.007515 -0.00225 | -1.0444
-1.965   0.4391   -0.1752  0.03464  -0.008343 -0.00225 | -1.0444
-1.965   0.4391   -0.1752  0.03464  -0.008343 -0.00225 | -1.0444
-1.876   0.3672   -0.1625  0.03562  -0.00919 -0.002389 | -1.0444
iteration 6...
-1.876   0.3672   -0.1625  0.03562  -0.00919 -0.002389 | -1.0444
-1.876   0.3008   -0.1947  0.03653  -0.00886 -0.002516 | -1.0444
-1.876   0.3008   -0.1477  0.03653  -0.00886 -0.002516 | -1.0444
-1.876   0.3008   -0.1477  0.0367   -0.00886 -0.002516 | -1.0444
-1.876   0.3008   -0.1477  0.0367   -0.00886 -0.002516 | -1.0444
-1.876   0.3008   -0.1477  0.0367   -0.00886 -0.002516 | -1.0444
iteration 7...
-1.894   0.3008   -0.1477  0.0367   -0.00886 -0.002516 | -1.0444
-1.894   0.3008   -0.1477  0.0367   -0.00886 -0.002516 | -1.0444
-1.894   0.3008   -0.1477  0.0367   -0.00886 -0.002516 | -1.0444
-1.894   0.3008   -0.1477  0.0367   -0.00886 -0.002516 | -1.0444
-1.894   0.3008   -0.1477  0.0367   -0.00886 -0.002516 | -1.0444
-1.894   0.3008   -0.1477  0.0367   -0.00886 -0.002516 | -1.0444
iteration 1...
-2.078   0.3008   -0.1477  0.0367   -0.00886 -0.002516 | -1.044
-2.078   0.1155   -0.1477  0.0367   -0.00886 -0.002516 | -1.044
-2.078   0.1155   -0.1875  0.0367   -0.00886 -0.002516 | -1.044
-2.078   0.1155   -0.1875  0.02758  -0.00886 -0.002516 | -1.044
-2.078   0.1155   -0.1875  0.02758  -0.00632 -0.002516 | -1.044
-2.078   0.1155   -0.1875  0.02758  -0.00632 -0.01095 | -1.044
iteration 2...
-2.055   0.1155   -0.1875  0.02758  -0.00632 -0.01095 | -1.044
-2.055   0.271    -0.1875  0.02758  -0.00632 -0.01095 | -1.0441
-2.055   0.271    -0.1407  0.02758  -0.00632 -0.01095 | -1.0441
-2.055   0.271    -0.1407  0.02514  -0.00632 -0.01095 | -1.0441
-2.055   0.271    -0.1407  0.02514  -0.00632 -0.01095 | -1.0441
-2.055   0.271    -0.1407  0.02514  -0.00632 -0.01245 | -1.0441
iteration 3...
-2.005   0.271    -0.1407  0.02514  -0.00632 -0.01245 | -1.0441
-2.005   0.3338   -0.1407  0.02514  -0.00632 -0.01245 | -1.0441
-2.005   0.3338   -0.1569  0.02514  -0.00632 -0.01245 | -1.0441
-2.005   0.3338   -0.1569  0.02484  -0.00632 -0.01245 | -1.0441
-2.005   0.3338   -0.1569  0.02484  -0.00632 -0.01245 | -1.0441
-2.005   0.3338   -0.1569  0.02484  -0.00632 -0.01245 | -1.0441
iteration 4...
-2       0.3338   -0.1569  0.02484  -0.00632 -0.01245 | -1.0441
-2       0.3526   -0.1569  0.02484  -0.00632 -0.01245 | -1.0441
-2       0.3526   -0.1642  0.02484  -0.00632 -0.01245 | -1.0441
-2       0.3526   -0.1642  0.02441  -0.00632 -0.01245 | -1.0441
-2       0.3526   -0.1642  0.02441  -0.005323 -0.01245 | -1.0441
-2       0.3526   -0.1642  0.02441  -0.005323 -0.01245 | -1.0441
iteration 5...
-2.042   0.3526   -0.1642  0.02441  -0.005323 -0.01245 | -1.0441
-2.042   0.3791   -0.1642  0.02441  -0.005323 -0.01245 | -1.0441
-2.042   0.3791   -0.1591  0.02441  -0.005323 -0.01245 | -1.0441
-2.042   0.3791   -0.1591  0.02423  -0.005323 -0.01245 | -1.0441
-2.042   0.3791   -0.1591  0.02423  -0.005323 -0.01245 | -1.0441
-2.042   0.3791   -0.1591  0.02423  -0.005323 -0.01245 | -1.0441
iteration 6...
-2.042   0.3791   -0.1591  0.02423  -0.005323 -0.01245 | -1.0441
-2.042   0.3826   -0.1591  0.02423  -0.005323 -0.01245 | -1.0441
-2.042   0.3826   -0.1591  0.02423  -0.005323 -0.01245 | -1.0441
-2.042   0.3826   -0.1591  0.02419  -0.005323 -0.01245 | -1.0441
-2.042   0.3826   -0.1591  0.02419  -0.005323 -0.01245 | -1.0441
-2.042   0.3826   -0.1591  0.02419  -0.005323 -0.01245 | -1.0441
Done    'Coregister: Estimate'
Done

CoReg Done in 37.852643 seconds

All done with coregistration.
>> >> 
No sandbox specified



Start   : Wed Nov 21 15:50:28 EST 2018
Finish  : Wed Nov 21 15:51:51 EST 2018


