
                            < M A T L A B (R) >
                  Copyright 1984-2015 The MathWorks, Inc.
                   R2015b (8.6.0.267246) 64-bit (glnxa64)
                              August 20, 2015

 
To get started, type one of these: helpwin, helpdesk, or demo.
For product information, visit www.mathworks.com.
 

	Academic License

>> >> >> >> Coregistation Script Created on 181121_17_49_21_755
>> >> >> >> >> >> [Warning: Name is nonexistent or not a directory:
/Users/rcwelsh/matlabScripts/WELLES/mfiles] 
[> In path (line 109)
  In addpath (line 86)] 
>> >> >> >> >> 
UMBatchJobName =

coregOverlay_181121_17_49_21_755_tehsheng_madcbrai

>> 
UMBatchProcessName =

coregOverlay

>> >> Initializing the job manager in SPM8

UMReSlice =

     0



Calling UMBatchCoReg with:
/nfs/fmri/Analysis/Sean_Working/Git_MADC/preprocess/../../Subjects_ABCDResting/madc1379_scan1/func//run_01/utprun_01.nii
/nfs/fmri/Analysis/Sean_Working/Subjects_ABCDResting/madc1379_scan1/func/coReg/t1mprage.nii
UMReSlice:0
Entering UMBatchCoReg V2.0 for SPM8
Coreging /nfs/fmri/Analysis/Sean_Working/Subjects_ABCDResting/madc1379_scan1/func/coReg/t1mprage.nii to
         /nfs/fmri/Analysis/Sean_Working/Git_MADC/preprocess/../../Subjects_ABCDResting/madc1379_scan1/func//run_01/utprun_01.nii


------------------------------------------------------------------------
Running job #1
------------------------------------------------------------------------
Running 'Coregister: Estimate'
iteration 1...
-1.727   0        0        0        0        0        | -1.0471
-1.727   0.4788   0        0        0        0        | -1.0472
-1.727   0.4788   -2.317   0        0        0        | -1.0479
-1.727   0.4788   -2.317   0.001939 0        0        | -1.0479
-1.727   0.4788   -2.317   0.001939 0.009137 0        | -1.0479
-1.727   0.4788   -2.317   0.001939 0.009137 -0.007326 | -1.0479
iteration 2...
-1.453   0.4788   -2.317   0.001939 0.009137 -0.007326 | -1.048
-1.453   2.149    -2.317   0.001939 0.009137 -0.007326 | -1.0482
-1.453   2.149    -2.357   0.001939 0.009137 -0.007326 | -1.0482
-1.453   2.149    -2.357   0.006803 0.009137 -0.007326 | -1.0482
-1.453   2.149    -2.357   0.006803 0.01609  -0.007326 | -1.0482
-1.453   2.149    -2.357   0.006803 0.01609  -0.004258 | -1.0483
iteration 3...
-1.417   2.149    -2.357   0.006803 0.01609  -0.004258 | -1.0483
-1.417   2.275    -2.357   0.006803 0.01609  -0.004258 | -1.0483
-1.417   2.275    -2.384   0.006803 0.01609  -0.004258 | -1.0483
-1.417   2.275    -2.384   0.006803 0.01609  -0.004258 | -1.0483
-1.417   2.275    -2.384   0.006803 0.01762  -0.004258 | -1.0483
-1.417   2.275    -2.384   0.006803 0.01762  -0.003768 | -1.0483
iteration 4...
-1.419   2.275    -2.384   0.006803 0.01762  -0.003768 | -1.0483
-1.419   2.278    -2.384   0.006803 0.01762  -0.003768 | -1.0483
-1.419   2.278    -2.367   0.006803 0.01762  -0.003768 | -1.0483
-1.419   2.278    -2.367   0.006713 0.01762  -0.003768 | -1.0483
-1.419   2.278    -2.367   0.006713 0.01803  -0.003768 | -1.0483
-1.419   2.278    -2.367   0.006713 0.01803  -0.003731 | -1.0483
iteration 1...
-1.282   2.278    -2.367   0.006713 0.01803  -0.003731 | -1.0482
-1.282   1.863    -2.367   0.006713 0.01803  -0.003731 | -1.0482
-1.282   1.863    -2.435   0.006713 0.01803  -0.003731 | -1.0482
-1.282   1.863    -2.435   0.01368  0.01803  -0.003731 | -1.0482
-1.282   1.863    -2.435   0.01368  0.01627  -0.003731 | -1.0482
-1.282   1.863    -2.435   0.01368  0.01627  0.001149 | -1.0482
iteration 2...
-1.312   1.863    -2.435   0.01368  0.01627  0.001149 | -1.0482
-1.312   1.852    -2.435   0.01368  0.01627  0.001149 | -1.0482
-1.312   1.852    -2.435   0.01368  0.01627  0.001149 | -1.0482
-1.312   1.852    -2.435   0.01513  0.01627  0.001149 | -1.0482
-1.312   1.852    -2.435   0.01513  0.01648  0.001149 | -1.0482
-1.312   1.852    -2.435   0.01513  0.01648  0.001149 | -1.0482
iteration 3...
-1.307   1.852    -2.435   0.01513  0.01648  0.001149 | -1.0482
-1.307   1.852    -2.435   0.01513  0.01648  0.001149 | -1.0482
-1.307   1.852    -2.393   0.01513  0.01648  0.001149 | -1.0482
-1.307   1.852    -2.393   0.01513  0.01648  0.001149 | -1.0482
-1.307   1.852    -2.393   0.01513  0.01648  0.001149 | -1.0482
-1.307   1.852    -2.393   0.01513  0.01648  0.001149 | -1.0482
iteration 4...
-1.307   1.852    -2.393   0.01513  0.01648  0.001149 | -1.0482
-1.307   1.847    -2.393   0.01513  0.01648  0.001149 | -1.0482
-1.307   1.847    -2.393   0.01513  0.01648  0.001149 | -1.0482
-1.307   1.847    -2.393   0.01513  0.01648  0.001149 | -1.0482
-1.307   1.847    -2.393   0.01513  0.01648  0.001149 | -1.0482
-1.307   1.847    -2.393   0.01513  0.01648  0.001149 | -1.0482
Done    'Coregister: Estimate'
Done

CoReg Done in 27.758337 seconds

All done with coregistration.
>> >> 
No sandbox specified



Start   : Wed Nov 21 17:49:25 EST 2018
Finish  : Wed Nov 21 17:50:34 EST 2018


