
                            < M A T L A B (R) >
                  Copyright 1984-2015 The MathWorks, Inc.
                   R2015b (8.6.0.267246) 64-bit (glnxa64)
                              August 20, 2015

 
To get started, type one of these: helpwin, helpdesk, or demo.
For product information, visit www.mathworks.com.
 

	Academic License

>> >> >> >> Coregistation Script Created on 181121_18_15_40_190
>> >> >> >> >> >> [Warning: Name is nonexistent or not a directory:
/Users/rcwelsh/matlabScripts/WELLES/mfiles] 
[> In path (line 109)
  In addpath (line 86)] 
>> >> >> >> >> 
UMBatchJobName =

coregOverlay_181121_18_15_40_190_tehsheng_madcbrai

>> 
UMBatchProcessName =

coregOverlay

>> >> Initializing the job manager in SPM8

UMReSlice =

     0



Calling UMBatchCoReg with:
/nfs/fmri/Analysis/Sean_Working/Git_MADC/preprocess/../../Subjects_ABCDResting/madc1380_scan1/func//run_01/utprun_01.nii
/nfs/fmri/Analysis/Sean_Working/Subjects_ABCDResting/madc1380_scan1/func/coReg/t1mprage.nii
UMReSlice:0
Entering UMBatchCoReg V2.0 for SPM8
Coreging /nfs/fmri/Analysis/Sean_Working/Subjects_ABCDResting/madc1380_scan1/func/coReg/t1mprage.nii to
         /nfs/fmri/Analysis/Sean_Working/Git_MADC/preprocess/../../Subjects_ABCDResting/madc1380_scan1/func//run_01/utprun_01.nii


------------------------------------------------------------------------
Running job #1
------------------------------------------------------------------------
Running 'Coregister: Estimate'
iteration 1...
-2.263   0        0        0        0        0        | -1.0583
-2.263   2.325    0        0        0        0        | -1.0589
-2.263   2.325    -0.7935  0        0        0        | -1.059
-2.263   2.325    -0.7935  0.04483  0        0        | -1.0591
-2.263   2.325    -0.7935  0.04483  -0.01204 0        | -1.0592
-2.263   2.325    -0.7935  0.04483  -0.01204 0.0001038 | -1.0592
iteration 2...
-2.359   2.325    -0.7935  0.04483  -0.01204 0.0001038 | -1.0592
-2.359   2.541    -0.7935  0.04483  -0.01204 0.0001038 | -1.0592
-2.359   2.541    -1.033   0.04483  -0.01204 0.0001038 | -1.0592
-2.359   2.541    -1.033   0.04746  -0.01204 0.0001038 | -1.0592
-2.359   2.541    -1.033   0.04746  -0.01387 0.0001038 | -1.0592
-2.359   2.541    -1.033   0.04746  -0.01387 -0.0004925 | -1.0592
iteration 3...
-2.44    2.541    -1.033   0.04746  -0.01387 -0.0004925 | -1.0592
-2.44    2.549    -1.033   0.04746  -0.01387 -0.0004925 | -1.0592
-2.44    2.549    -1.009   0.04746  -0.01387 -0.0004925 | -1.0592
-2.44    2.549    -1.009   0.04746  -0.01387 -0.0004925 | -1.0592
-2.44    2.549    -1.009   0.04746  -0.01387 -0.0004925 | -1.0592
-2.44    2.549    -1.009   0.04746  -0.01387 -0.00153 | -1.0592
iteration 4...
-2.44    2.549    -1.009   0.04746  -0.01387 -0.00153 | -1.0592
-2.44    2.511    -1.009   0.04746  -0.01387 -0.00153 | -1.0592
-2.44    2.511    -1.009   0.04746  -0.01387 -0.00153 | -1.0592
-2.44    2.511    -1.009   0.04746  -0.01387 -0.00153 | -1.0592
-2.44    2.511    -1.009   0.04746  -0.01387 -0.00153 | -1.0592
-2.44    2.511    -1.009   0.04746  -0.01387 -0.00153 | -1.0592
iteration 5...
-2.44    2.511    -1.009   0.04746  -0.01387 -0.00153 | -1.0592
-2.44    2.511    -1.009   0.04746  -0.01387 -0.00153 | -1.0592
-2.44    2.511    -1.009   0.04746  -0.01387 -0.00153 | -1.0592
-2.44    2.511    -1.009   0.04746  -0.01387 -0.00153 | -1.0592
-2.44    2.511    -1.009   0.04746  -0.01387 -0.00153 | -1.0592
-2.44    2.511    -1.009   0.04746  -0.01387 -0.00153 | -1.0592
iteration 1...
-2.504   2.511    -1.009   0.04746  -0.01387 -0.00153 | -1.0591
-2.504   2.665    -1.009   0.04746  -0.01387 -0.00153 | -1.0591
-2.504   2.665    -1.146   0.04746  -0.01387 -0.00153 | -1.0591
-2.504   2.665    -1.146   0.04422  -0.01387 -0.00153 | -1.0591
-2.504   2.665    -1.146   0.04422  -0.01262 -0.00153 | -1.0591
-2.504   2.665    -1.146   0.04422  -0.01262 -0.007192 | -1.0591
iteration 2...
-2.528   2.665    -1.146   0.04422  -0.01262 -0.007192 | -1.0591
-2.528   2.656    -1.146   0.04422  -0.01262 -0.007192 | -1.0591
-2.528   2.656    -1.136   0.04422  -0.01262 -0.007192 | -1.0591
-2.528   2.656    -1.136   0.04422  -0.01262 -0.007192 | -1.0591
-2.528   2.656    -1.136   0.04422  -0.01457 -0.007192 | -1.0591
-2.528   2.656    -1.136   0.04422  -0.01457 -0.007192 | -1.0591
iteration 3...
-2.574   2.656    -1.136   0.04422  -0.01457 -0.007192 | -1.0591
-2.574   2.656    -1.136   0.04422  -0.01457 -0.007192 | -1.0591
-2.574   2.656    -1.136   0.04422  -0.01457 -0.007192 | -1.0591
-2.574   2.656    -1.136   0.04412  -0.01457 -0.007192 | -1.0591
-2.574   2.656    -1.136   0.04412  -0.01452 -0.007192 | -1.0591
-2.574   2.656    -1.136   0.04412  -0.01452 -0.007192 | -1.0591
iteration 4...
-2.574   2.656    -1.136   0.04412  -0.01452 -0.007192 | -1.0591
-2.574   2.656    -1.136   0.04412  -0.01452 -0.007192 | -1.0591
-2.574   2.656    -1.136   0.04412  -0.01452 -0.007192 | -1.0591
-2.574   2.656    -1.136   0.04413  -0.01452 -0.007192 | -1.0591
-2.574   2.656    -1.136   0.04413  -0.01528 -0.007192 | -1.0591
-2.574   2.656    -1.136   0.04413  -0.01528 -0.007457 | -1.0591
Done    'Coregister: Estimate'
Done

CoReg Done in 28.127499 seconds

All done with coregistration.
>> >> 
No sandbox specified



Start   : Wed Nov 21 18:15:43 EST 2018
Finish  : Wed Nov 21 18:16:51 EST 2018


