
                            < M A T L A B (R) >
                  Copyright 1984-2015 The MathWorks, Inc.
                   R2015b (8.6.0.267246) 64-bit (glnxa64)
                              August 20, 2015

 
To get started, type one of these: helpwin, helpdesk, or demo.
For product information, visit www.mathworks.com.
 

	Academic License

>> >> >> >> Coregistation Script Created on 181121_21_44_50_915
>> >> >> >> >> >> [Warning: Name is nonexistent or not a directory:
/Users/rcwelsh/matlabScripts/WELLES/mfiles] 
[> In path (line 109)
  In addpath (line 86)] 
>> >> >> >> >> 
UMBatchJobName =

coregOverlay_181121_21_44_50_915_tehsheng_madcbrai

>> 
UMBatchProcessName =

coregOverlay

>> >> Initializing the job manager in SPM8

UMReSlice =

     0



Calling UMBatchCoReg with:
/nfs/fmri/Analysis/Sean_Working/Git_MADC/preprocess/../../Subjects_ABCDResting/madc1294_scan1/func//run_01/utprun_01.nii
/nfs/fmri/Analysis/Sean_Working/Subjects_ABCDResting/madc1294_scan1/func/coReg/t1mprage.nii
UMReSlice:0
Entering UMBatchCoReg V2.0 for SPM8
Coreging /nfs/fmri/Analysis/Sean_Working/Subjects_ABCDResting/madc1294_scan1/func/coReg/t1mprage.nii to
         /nfs/fmri/Analysis/Sean_Working/Git_MADC/preprocess/../../Subjects_ABCDResting/madc1294_scan1/func//run_01/utprun_01.nii


------------------------------------------------------------------------
Running job #1
------------------------------------------------------------------------
Running 'Coregister: Estimate'
iteration 1...
-2.128   0        0        0        0        0        | -1.0498
-2.128   2.605    0        0        0        0        | -1.0504
-2.128   2.605    1.977    0        0        0        | -1.0508
-2.128   2.605    1.977    -0.002193 0        0        | -1.0508
-2.128   2.605    1.977    -0.002193 0.01555  0        | -1.0509
-2.128   2.605    1.977    -0.002193 0.01555  0.008381 | -1.0509
iteration 2...
-2.109   2.605    1.977    -0.002193 0.01555  0.008381 | -1.0509
-2.109   2.177    1.977    -0.002193 0.01555  0.008381 | -1.0509
-2.109   2.177    2.416    -0.002193 0.01555  0.008381 | -1.051
-2.109   2.177    2.416    0.0003624 0.01555  0.008381 | -1.051
-2.109   2.177    2.416    0.0003624 0.01586  0.008381 | -1.051
-2.109   2.177    2.416    0.0003624 0.01586  0.006019 | -1.051
iteration 3...
-2.152   2.177    2.416    0.0003624 0.01586  0.006019 | -1.051
-2.152   2.018    2.416    0.0003624 0.01586  0.006019 | -1.051
-2.152   2.018    2.429    0.0003624 0.01586  0.006019 | -1.051
-2.152   2.018    2.429    0.004408 0.01586  0.006019 | -1.051
-2.152   2.018    2.429    0.004408 0.01672  0.006019 | -1.051
-2.152   2.018    2.429    0.004408 0.01672  0.0003564 | -1.051
iteration 4...
-2.257   2.018    2.429    0.004408 0.01672  0.0003564 | -1.051
-2.257   2.072    2.429    0.004408 0.01672  0.0003564 | -1.051
-2.257   2.072    2.38     0.004408 0.01672  0.0003564 | -1.051
-2.257   2.072    2.38     0.004408 0.01672  0.0003564 | -1.051
-2.257   2.072    2.38     0.004408 0.01672  0.0003564 | -1.051
-2.257   2.072    2.38     0.004408 0.01672  0.0003564 | -1.051
iteration 5...
-2.257   2.072    2.38     0.004408 0.01672  0.0003564 | -1.051
-2.257   2.082    2.38     0.004408 0.01672  0.0003564 | -1.051
-2.257   2.082    2.381    0.004408 0.01672  0.0003564 | -1.051
-2.257   2.082    2.381    0.004408 0.01672  0.0003564 | -1.051
-2.257   2.082    2.381    0.004408 0.01672  0.0003564 | -1.051
-2.257   2.082    2.381    0.004408 0.01672  0.0003564 | -1.051
iteration 1...
-2.284   2.082    2.381    0.004408 0.01672  0.0003564 | -1.0507
-2.284   1.77     2.381    0.004408 0.01672  0.0003564 | -1.0508
-2.284   1.77     1.977    0.004408 0.01672  0.0003564 | -1.0508
-2.284   1.77     1.977    0.011    0.01672  0.0003564 | -1.0508
-2.284   1.77     1.977    0.011    0.01326  0.0003564 | -1.0508
-2.284   1.77     1.977    0.011    0.01326  0.001578 | -1.0508
iteration 2...
-2.208   1.77     1.977    0.011    0.01326  0.001578 | -1.0508
-2.208   1.792    1.977    0.011    0.01326  0.001578 | -1.0508
-2.208   1.792    1.746    0.011    0.01326  0.001578 | -1.0508
-2.208   1.792    1.746    0.01429  0.01326  0.001578 | -1.0508
-2.208   1.792    1.746    0.01429  0.01188  0.001578 | -1.0508
-2.208   1.792    1.746    0.01429  0.01188  0.001591 | -1.0508
iteration 3...
-2.138   1.792    1.746    0.01429  0.01188  0.001591 | -1.0508
-2.138   1.776    1.746    0.01429  0.01188  0.001591 | -1.0508
-2.138   1.776    1.688    0.01429  0.01188  0.001591 | -1.0508
-2.138   1.776    1.688    0.01472  0.01188  0.001591 | -1.0508
-2.138   1.776    1.688    0.01472  0.01188  0.001591 | -1.0508
-2.138   1.776    1.688    0.01472  0.01188  0.001494 | -1.0508
iteration 4...
-2.138   1.776    1.688    0.01472  0.01188  0.001494 | -1.0508
-2.138   1.776    1.688    0.01472  0.01188  0.001494 | -1.0508
-2.138   1.776    1.688    0.01472  0.01188  0.001494 | -1.0508
-2.138   1.776    1.688    0.01472  0.01188  0.001494 | -1.0508
-2.138   1.776    1.688    0.01472  0.01188  0.001494 | -1.0508
-2.138   1.776    1.688    0.01472  0.01188  0.001494 | -1.0508
Done    'Coregister: Estimate'
Done

CoReg Done in 28.795601 seconds

All done with coregistration.
>> >> 
No sandbox specified



Start   : Wed Nov 21 21:44:55 EST 2018
Finish  : Wed Nov 21 21:45:59 EST 2018


