
                            < M A T L A B (R) >
                  Copyright 1984-2015 The MathWorks, Inc.
                   R2015b (8.6.0.267246) 64-bit (glnxa64)
                              August 20, 2015

 
To get started, type one of these: helpwin, helpdesk, or demo.
For product information, visit www.mathworks.com.
 

	Academic License

>> >> >> >> Coregistation Script Created on 181122_06_14_37_701
>> >> >> >> >> >> [Warning: Name is nonexistent or not a directory:
/Users/rcwelsh/matlabScripts/WELLES/mfiles] 
[> In path (line 109)
  In addpath (line 86)] 
>> >> >> >> >> 
UMBatchJobName =

coregOverlay_181122_06_14_37_701_tehsheng_madcbrai

>> 
UMBatchProcessName =

coregOverlay

>> >> Initializing the job manager in SPM8

UMReSlice =

     0



Calling UMBatchCoReg with:
/nfs/fmri/Analysis/Sean_Working/Git_MADC/preprocess/../../Subjects_ABCDResting/madc1494_scan1/func//run_01/utprun_01.nii
/nfs/fmri/Analysis/Sean_Working/Subjects_ABCDResting/madc1494_scan1/func/coReg/t1mprage.nii
UMReSlice:0
Entering UMBatchCoReg V2.0 for SPM8
Coreging /nfs/fmri/Analysis/Sean_Working/Subjects_ABCDResting/madc1494_scan1/func/coReg/t1mprage.nii to
         /nfs/fmri/Analysis/Sean_Working/Git_MADC/preprocess/../../Subjects_ABCDResting/madc1494_scan1/func//run_01/utprun_01.nii


------------------------------------------------------------------------
Running job #1
------------------------------------------------------------------------
Running 'Coregister: Estimate'
iteration 1...
-1.437   0        0        0        0        0        | -1.0484
-1.437   1.459    0        0        0        0        | -1.0488
-1.437   1.459    -0.6472  0        0        0        | -1.0488
-1.437   1.459    -0.6472  -0.001662 0        0        | -1.0489
-1.437   1.459    -0.6472  -0.001662 0.001447 0        | -1.0489
-1.437   1.459    -0.6472  -0.001662 0.001447 -0.0006893 | -1.0489
iteration 2...
-1.419   1.459    -0.6472  -0.001662 0.001447 -0.0006893 | -1.0489
-1.419   1.498    -0.6472  -0.001662 0.001447 -0.0006893 | -1.0489
-1.419   1.498    -0.6797  -0.001662 0.001447 -0.0006893 | -1.0489
-1.419   1.498    -0.6797  -0.002358 0.001447 -0.0006893 | -1.0489
-1.419   1.498    -0.6797  -0.002358 0.001447 -0.0006893 | -1.0489
-1.419   1.498    -0.6797  -0.002358 0.001447 -0.0006893 | -1.0489
-1.401   1.538    -0.7133  -0.003078 0.001447 -0.0006893 | -1.0489
iteration 3...
-1.412   1.538    -0.7133  -0.003078 0.001447 -0.0006893 | -1.0489
-1.412   1.561    -0.7133  -0.003078 0.001447 -0.0006893 | -1.0489
-1.412   1.561    -0.728   -0.003078 0.001447 -0.0006893 | -1.0489
-1.412   1.561    -0.728   -0.003078 0.001447 -0.0006893 | -1.0489
-1.412   1.561    -0.728   -0.003078 0.001447 -0.0006893 | -1.0489
-1.412   1.561    -0.728   -0.003078 0.001447 -0.0006688 | -1.0489
iteration 4...
-1.412   1.561    -0.728   -0.003078 0.001447 -0.0006688 | -1.0489
-1.412   1.561    -0.728   -0.003078 0.001447 -0.0006688 | -1.0489
-1.412   1.561    -0.7331  -0.003078 0.001447 -0.0006688 | -1.0489
-1.412   1.561    -0.7331  -0.003078 0.001447 -0.0006688 | -1.0489
-1.412   1.561    -0.7331  -0.003078 0.001447 -0.0006688 | -1.0489
-1.412   1.561    -0.7331  -0.003078 0.001447 -0.0006693 | -1.0489
iteration 1...
-1.638   1.561    -0.7331  -0.003078 0.001447 -0.0006693 | -1.0488
-1.638   1.334    -0.7331  -0.003078 0.001447 -0.0006693 | -1.0488
-1.638   1.334    -1.173   -0.003078 0.001447 -0.0006693 | -1.0488
-1.638   1.334    -1.173   -0.002248 0.001447 -0.0006693 | -1.0488
-1.638   1.334    -1.173   -0.002248 0.001447 -0.0006693 | -1.0488
-1.638   1.334    -1.173   -0.002248 0.001447 0.001922 | -1.0488
iteration 2...
-1.576   1.334    -1.173   -0.002248 0.001447 0.001922 | -1.0488
-1.576   1.635    -1.173   -0.002248 0.001447 0.001922 | -1.0488
-1.576   1.635    -1.222   -0.002248 0.001447 0.001922 | -1.0488
-1.576   1.635    -1.222   -0.002248 0.001447 0.001922 | -1.0488
-1.576   1.635    -1.222   -0.002248 0.0004645 0.001922 | -1.0488
-1.576   1.635    -1.222   -0.002248 0.0004645 0.002625 | -1.0488
iteration 3...
-1.576   1.635    -1.222   -0.002248 0.0004645 0.002625 | -1.0488
-1.576   1.639    -1.222   -0.002248 0.0004645 0.002625 | -1.0488
-1.576   1.639    -1.227   -0.002248 0.0004645 0.002625 | -1.0488
-1.576   1.639    -1.227   -0.002664 0.0004645 0.002625 | -1.0488
-1.576   1.639    -1.227   -0.002664 0.0004645 0.002625 | -1.0488
-1.576   1.639    -1.227   -0.002664 0.0004645 0.002625 | -1.0488
Done    'Coregister: Estimate'
Done

CoReg Done in 23.122988 seconds

All done with coregistration.
>> >> 
No sandbox specified



Start   : Thu Nov 22 06:14:39 EST 2018
Finish  : Thu Nov 22 06:15:34 EST 2018


