
                            < M A T L A B (R) >
                  Copyright 1984-2015 The MathWorks, Inc.
                   R2015b (8.6.0.267246) 64-bit (glnxa64)
                              August 20, 2015

 
To get started, type one of these: helpwin, helpdesk, or demo.
For product information, visit www.mathworks.com.
 

	Academic License

>> >> >> >> Coregistation Script Created on 181121_20_56_53_601
>> >> >> >> >> >> [Warning: Name is nonexistent or not a directory:
/Users/rcwelsh/matlabScripts/WELLES/mfiles] 
[> In path (line 109)
  In addpath (line 86)] 
>> >> >> >> >> 
UMBatchJobName =

coregOverlay_181121_20_56_53_601_tehsheng_madcbrai

>> 
UMBatchProcessName =

coregOverlay

>> >> Initializing the job manager in SPM8

UMReSlice =

     0



Calling UMBatchCoReg with:
/nfs/fmri/Analysis/Sean_Working/Git_MADC/preprocess/../../Subjects_ABCDResting/madc1271_scan1/func//run_01/utprun_01.nii
/nfs/fmri/Analysis/Sean_Working/Subjects_ABCDResting/madc1271_scan1/func/coReg/t1mprage.nii
UMReSlice:0
Entering UMBatchCoReg V2.0 for SPM8
Coreging /nfs/fmri/Analysis/Sean_Working/Subjects_ABCDResting/madc1271_scan1/func/coReg/t1mprage.nii to
         /nfs/fmri/Analysis/Sean_Working/Git_MADC/preprocess/../../Subjects_ABCDResting/madc1271_scan1/func//run_01/utprun_01.nii


------------------------------------------------------------------------
Running job #1
------------------------------------------------------------------------
Running 'Coregister: Estimate'
iteration 1...
-2.619   0        0        0        0        0        | -1.0421
-2.619   1.228    0        0        0        0        | -1.0423
-2.619   1.228    0.3226   0        0        0        | -1.0423
-2.619   1.228    0.3226   0.05743  0        0        | -1.0428
-2.619   1.228    0.3226   0.05743  0.009018 0        | -1.0428
-2.619   1.228    0.3226   0.05743  0.009018 -0.001079 | -1.0428
iteration 2...
-1.913   1.228    0.3226   0.05743  0.009018 -0.001079 | -1.043
-1.913   2.705    0.3226   0.05743  0.009018 -0.001079 | -1.0433
-1.913   2.705    -0.1772  0.05743  0.009018 -0.001079 | -1.0433
-1.913   2.705    -0.1772  0.06194  0.009018 -0.001079 | -1.0433
-1.913   2.705    -0.1772  0.06194  0.01327  -0.001079 | -1.0433
-1.913   2.705    -0.1772  0.06194  0.01327  -0.003605 | -1.0434
iteration 3...
-1.622   2.705    -0.1772  0.06194  0.01327  -0.003605 | -1.0434
-1.622   2.849    -0.1772  0.06194  0.01327  -0.003605 | -1.0434
-1.622   2.849    -0.007489 0.06194  0.01327  -0.003605 | -1.0434
-1.622   2.849    -0.007489 0.06522  0.01327  -0.003605 | -1.0434
-1.622   2.849    -0.007489 0.06522  0.01788  -0.003605 | -1.0434
-1.622   2.849    -0.007489 0.06522  0.01788  -0.0003163 | -1.0434
iteration 4...
-1.503   2.849    -0.007489 0.06522  0.01788  -0.0003163 | -1.0434
-1.503   2.824    -0.007489 0.06522  0.01788  -0.0003163 | -1.0434
-1.503   2.824    0.02371  0.06522  0.01788  -0.0003163 | -1.0434
-1.503   2.824    0.02371  0.07325  0.01788  -0.0003163 | -1.0434
-1.503   2.824    0.02371  0.07325  0.0226   -0.0003163 | -1.0434
-1.503   2.824    0.02371  0.07325  0.0226   -0.0003163 | -1.0434
iteration 5...
-1.45    2.824    0.02371  0.07325  0.0226   -0.0003163 | -1.0434
-1.45    3.077    0.02371  0.07325  0.0226   -0.0003163 | -1.0434
-1.45    3.077    0.06403  0.07325  0.0226   -0.0003163 | -1.0434
-1.45    3.077    0.06403  0.07791  0.0226   -0.0003163 | -1.0435
-1.45    3.077    0.06403  0.07791  0.02301  -0.0003163 | -1.0435
-1.45    3.077    0.06403  0.07791  0.02301  -0.0006421 | -1.0435
iteration 6...
-1.461   3.077    0.06403  0.07791  0.02301  -0.0006421 | -1.0435
-1.461   3.093    0.06403  0.07791  0.02301  -0.0006421 | -1.0435
-1.461   3.093    0.06403  0.07791  0.02301  -0.0006421 | -1.0435
-1.461   3.093    0.06403  0.07829  0.02301  -0.0006421 | -1.0435
-1.461   3.093    0.06403  0.07829  0.02301  -0.0006421 | -1.0435
-1.461   3.093    0.06403  0.07829  0.02301  -0.0006421 | -1.0435
iteration 7...
-1.461   3.093    0.06403  0.07829  0.02301  -0.0006421 | -1.0435
-1.461   3.104    0.06403  0.07829  0.02301  -0.0006421 | -1.0435
-1.461   3.104    0.06623  0.07829  0.02301  -0.0006421 | -1.0435
-1.461   3.104    0.06623  0.07829  0.02301  -0.0006421 | -1.0435
-1.461   3.104    0.06623  0.07829  0.02301  -0.0006421 | -1.0435
-1.461   3.104    0.06623  0.07829  0.02301  -0.0006421 | -1.0435
iteration 1...
-1.442   3.104    0.06623  0.07829  0.02301  -0.0006421 | -1.0434
-1.442   2.733    0.06623  0.07829  0.02301  -0.0006421 | -1.0434
-1.442   2.733    -0.006034 0.07829  0.02301  -0.0006421 | -1.0434
-1.442   2.733    -0.006034 0.0716   0.02301  -0.0006421 | -1.0434
-1.442   2.733    -0.006034 0.0716   0.01945  -0.0006421 | -1.0434
-1.442   2.733    -0.006034 0.0716   0.01945  -0.001754 | -1.0434
iteration 2...
-1.48    2.733    -0.006034 0.0716   0.01945  -0.001754 | -1.0434
-1.48    2.673    -0.006034 0.0716   0.01945  -0.001754 | -1.0434
-1.48    2.673    -0.00419 0.0716   0.01945  -0.001754 | -1.0434
-1.48    2.673    -0.00419 0.07169  0.01945  -0.001754 | -1.0434
-1.48    2.673    -0.00419 0.07169  0.0198   -0.001754 | -1.0434
-1.48    2.673    -0.00419 0.07169  0.0198   -0.001864 | -1.0434
iteration 3...
-1.48    2.673    -0.00419 0.07169  0.0198   -0.001864 | -1.0434
-1.48    2.673    -0.00419 0.07169  0.0198   -0.001864 | -1.0434
-1.48    2.673    -0.002542 0.07169  0.0198   -0.001864 | -1.0434
-1.48    2.673    -0.002542 0.07169  0.0198   -0.001864 | -1.0434
-1.48    2.673    -0.002542 0.07169  0.0198   -0.001864 | -1.0434
-1.48    2.673    -0.002542 0.07169  0.0198   -0.001864 | -1.0434
Done    'Coregister: Estimate'
Done

CoReg Done in 25.486977 seconds

All done with coregistration.
>> >> 
No sandbox specified



Start   : Wed Nov 21 20:56:56 EST 2018
Finish  : Wed Nov 21 20:58:01 EST 2018


