
                            < M A T L A B (R) >
                  Copyright 1984-2015 The MathWorks, Inc.
                   R2015b (8.6.0.267246) 64-bit (glnxa64)
                              August 20, 2015

 
To get started, type one of these: helpwin, helpdesk, or demo.
For product information, visit www.mathworks.com.
 

	Academic License

>> >> >> >> Coregistation Script Created on 181121_13_14_09_314
>> >> >> >> >> >> [Warning: Name is nonexistent or not a directory:
/Users/rcwelsh/matlabScripts/WELLES/mfiles] 
[> In path (line 109)
  In addpath (line 86)] 
>> >> >> >> >> 
UMBatchJobName =

coregOverlay_181121_13_14_09_314_tehsheng_madcbrai

>> 
UMBatchProcessName =

coregOverlay

>> >> Initializing the job manager in SPM8

UMReSlice =

     0



Calling UMBatchCoReg with:
/nfs/fmri/Analysis/Sean_Working/Git_MADC/preprocess/../../Subjects_ABCDResting/madc0775_scan1/func//run_01/utprun_01.nii
/nfs/fmri/Analysis/Sean_Working/Subjects_ABCDResting/madc0775_scan1/func/coReg/t1mprage.nii
UMReSlice:0
Entering UMBatchCoReg V2.0 for SPM8
Coreging /nfs/fmri/Analysis/Sean_Working/Subjects_ABCDResting/madc0775_scan1/func/coReg/t1mprage.nii to
         /nfs/fmri/Analysis/Sean_Working/Git_MADC/preprocess/../../Subjects_ABCDResting/madc0775_scan1/func//run_01/utprun_01.nii


------------------------------------------------------------------------
Running job #1
------------------------------------------------------------------------
Running 'Coregister: Estimate'
iteration 1...
-1.179   0        0        0        0        0        | -1.0493
-1.179   1.964    0        0        0        0        | -1.0497
-1.179   1.964    -2.312   0        0        0        | -1.0511
-1.179   1.964    -2.312   0        0        0        | -1.0511
-1.179   1.964    -2.312   0        0.01181  0        | -1.0512
-1.179   1.964    -2.312   0        0.01181  -0.002176 | -1.0512
iteration 2...
-1.052   1.964    -2.312   0        0.01181  -0.002176 | -1.0512
-1.052   1.663    -2.312   0        0.01181  -0.002176 | -1.0512
-1.052   1.663    -2.312   0        0.01181  -0.002176 | -1.0512
-1.052   1.663    -2.312   0        0.01181  -0.002176 | -1.0512
-1.052   1.663    -2.312   0        0.01181  -0.002176 | -1.0512
-1.052   1.663    -2.312   0        0.01181  -0.003721 | -1.0512
iteration 3...
-1.072   1.663    -2.312   0        0.01181  -0.003721 | -1.0512
-1.072   1.663    -2.312   0        0.01181  -0.003721 | -1.0512
-1.072   1.663    -2.304   0        0.01181  -0.003721 | -1.0512
-1.072   1.663    -2.304   -0.0003976 0.01181  -0.003721 | -1.0512
-1.072   1.663    -2.304   -0.0003976 0.01181  -0.003721 | -1.0512
-1.072   1.663    -2.304   -0.0003976 0.01181  -0.003721 | -1.0512
iteration 4...
-1.075   1.663    -2.304   -0.0003976 0.01181  -0.003721 | -1.0512
-1.075   1.664    -2.304   -0.0003976 0.01181  -0.003721 | -1.0512
-1.075   1.664    -2.304   -0.0003976 0.01181  -0.003721 | -1.0512
-1.075   1.664    -2.304   -0.0008504 0.01181  -0.003721 | -1.0512
-1.075   1.664    -2.304   -0.0008504 0.01181  -0.003721 | -1.0512
-1.075   1.664    -2.304   -0.0008504 0.01181  -0.003721 | -1.0512
iteration 1...
-1.037   1.664    -2.304   -0.0008504 0.01181  -0.003721 | -1.0509
-1.037   2.035    -2.304   -0.0008504 0.01181  -0.003721 | -1.0509
-1.037   2.035    -2.516   -0.0008504 0.01181  -0.003721 | -1.0509
-1.037   2.035    -2.516   0.01016  0.01181  -0.003721 | -1.051
-1.037   2.035    -2.516   0.01016  0.01181  -0.003721 | -1.051
-1.037   2.035    -2.516   0.01016  0.01181  -0.007327 | -1.051
iteration 2...
-1.037   2.035    -2.516   0.01016  0.01181  -0.007327 | -1.051
-1.037   2.149    -2.516   0.01016  0.01181  -0.007327 | -1.051
-1.037   2.149    -2.516   0.01016  0.01181  -0.007327 | -1.051
-1.037   2.149    -2.516   0.01109  0.01181  -0.007327 | -1.051
-1.037   2.149    -2.516   0.01109  0.01165  -0.007327 | -1.051
-1.037   2.149    -2.516   0.01109  0.01165  -0.007268 | -1.051
iteration 3...
-1.037   2.149    -2.516   0.01109  0.01165  -0.007268 | -1.051
-1.037   2.149    -2.516   0.01109  0.01165  -0.007268 | -1.051
-1.037   2.149    -2.552   0.01109  0.01165  -0.007268 | -1.051
-1.037   2.149    -2.552   0.01198  0.01165  -0.007268 | -1.051
-1.037   2.149    -2.552   0.01198  0.01165  -0.007268 | -1.051
-1.037   2.149    -2.552   0.01198  0.01165  -0.007268 | -1.051
-1.037   2.149    -2.572   0.01247  0.01165  -0.007268 | -1.051
iteration 4...
-1.037   2.149    -2.572   0.01247  0.01165  -0.007268 | -1.051
-1.037   2.174    -2.572   0.01247  0.01165  -0.007268 | -1.051
-1.037   2.174    -2.576   0.01247  0.01165  -0.007268 | -1.051
-1.037   2.174    -2.576   0.01247  0.01165  -0.007268 | -1.051
-1.037   2.174    -2.576   0.01247  0.01101  -0.007268 | -1.051
-1.037   2.174    -2.576   0.01247  0.01101  -0.007568 | -1.051
iteration 5...
-1.037   2.174    -2.576   0.01247  0.01101  -0.007568 | -1.051
-1.037   2.161    -2.576   0.01247  0.01101  -0.007568 | -1.051
-1.037   2.161    -2.586   0.01247  0.01101  -0.007568 | -1.051
-1.037   2.161    -2.586   0.01247  0.01101  -0.007568 | -1.051
-1.037   2.161    -2.586   0.01247  0.01101  -0.007568 | -1.051
-1.037   2.161    -2.586   0.01247  0.01101  -0.007568 | -1.051
Done    'Coregister: Estimate'
Done

CoReg Done in 32.698168 seconds

All done with coregistration.
>> >> 
No sandbox specified



Start   : Wed Nov 21 13:14:13 EST 2018
Finish  : Wed Nov 21 13:15:28 EST 2018


