
                            < M A T L A B (R) >
                  Copyright 1984-2015 The MathWorks, Inc.
                   R2015b (8.6.0.267246) 64-bit (glnxa64)
                              August 20, 2015

 
To get started, type one of these: helpwin, helpdesk, or demo.
For product information, visit www.mathworks.com.
 

	Academic License

>> >> >> >> Coregistation Script Created on 181121_16_17_50_788
>> >> >> >> >> >> [Warning: Name is nonexistent or not a directory:
/Users/rcwelsh/matlabScripts/WELLES/mfiles] 
[> In path (line 109)
  In addpath (line 86)] 
>> >> >> >> >> 
UMBatchJobName =

coregOverlay_181121_16_17_50_788_tehsheng_madcbrai

>> 
UMBatchProcessName =

coregOverlay

>> >> Initializing the job manager in SPM8

UMReSlice =

     0



Calling UMBatchCoReg with:
/nfs/fmri/Analysis/Sean_Working/Git_MADC/preprocess/../../Subjects_ABCDResting/madc1179_scan1/func//run_01/utprun_01.nii
/nfs/fmri/Analysis/Sean_Working/Subjects_ABCDResting/madc1179_scan1/func/coReg/t1mprage.nii
UMReSlice:0
Entering UMBatchCoReg V2.0 for SPM8
Coreging /nfs/fmri/Analysis/Sean_Working/Subjects_ABCDResting/madc1179_scan1/func/coReg/t1mprage.nii to
         /nfs/fmri/Analysis/Sean_Working/Git_MADC/preprocess/../../Subjects_ABCDResting/madc1179_scan1/func//run_01/utprun_01.nii


------------------------------------------------------------------------
Running job #1
------------------------------------------------------------------------
Running 'Coregister: Estimate'
iteration 1...
-2.104   0        0        0        0        0        | -1.05
-2.104   2.93     0        0        0        0        | -1.0508
-2.104   2.93     -1.651   0        0        0        | -1.051
-2.104   2.93     -1.651   0.002674 0        0        | -1.051
-2.104   2.93     -1.651   0.002674 -0.004463 0        | -1.051
-2.104   2.93     -1.651   0.002674 -0.004463 -0.02298 | -1.0512
iteration 2...
-1.937   2.93     -1.651   0.002674 -0.004463 -0.02298 | -1.0512
-1.937   3.05     -1.651   0.002674 -0.004463 -0.02298 | -1.0512
-1.937   3.05     -1.573   0.002674 -0.004463 -0.02298 | -1.0512
-1.937   3.05     -1.573   -0.002102 -0.004463 -0.02298 | -1.0512
-1.937   3.05     -1.573   -0.002102 -0.0009844 -0.02298 | -1.0512
-1.937   3.05     -1.573   -0.002102 -0.0009844 -0.02298 | -1.0512
iteration 3...
-1.937   3.05     -1.573   -0.002102 -0.0009844 -0.02298 | -1.0512
-1.937   3.012    -1.573   -0.002102 -0.0009844 -0.02298 | -1.0512
-1.937   3.012    -1.573   -0.002102 -0.0009844 -0.02298 | -1.0512
-1.937   3.012    -1.573   -0.002794 -0.0009844 -0.02298 | -1.0512
-1.937   3.012    -1.573   -0.002794 -0.001328 -0.02298 | -1.0512
-1.937   3.012    -1.573   -0.002794 -0.001328 -0.02298 | -1.0512
iteration 4...
-1.937   3.012    -1.573   -0.002794 -0.001328 -0.02298 | -1.0512
-1.937   2.99     -1.573   -0.002794 -0.001328 -0.02298 | -1.0512
-1.937   2.99     -1.511   -0.002794 -0.001328 -0.02298 | -1.0512
-1.937   2.99     -1.511   -0.003259 -0.001328 -0.02298 | -1.0512
-1.937   2.99     -1.511   -0.003259 -0.001328 -0.02298 | -1.0512
-1.937   2.99     -1.511   -0.003259 -0.001328 -0.02298 | -1.0512
iteration 5...
-1.937   2.99     -1.511   -0.003259 -0.001328 -0.02298 | -1.0512
-1.937   3.005    -1.511   -0.003259 -0.001328 -0.02298 | -1.0512
-1.937   3.005    -1.488   -0.003259 -0.001328 -0.02298 | -1.0512
-1.937   3.005    -1.488   -0.003259 -0.001328 -0.02298 | -1.0512
-1.937   3.005    -1.488   -0.003259 -0.001328 -0.02298 | -1.0512
-1.937   3.005    -1.488   -0.003259 -0.001328 -0.02298 | -1.0512
iteration 6...
-1.938   3.005    -1.488   -0.003259 -0.001328 -0.02298 | -1.0512
-1.938   3.009    -1.488   -0.003259 -0.001328 -0.02298 | -1.0512
-1.938   3.009    -1.488   -0.003259 -0.001328 -0.02298 | -1.0512
-1.938   3.009    -1.488   -0.003394 -0.001328 -0.02298 | -1.0512
-1.938   3.009    -1.488   -0.003394 -0.001328 -0.02298 | -1.0512
-1.938   3.009    -1.488   -0.003394 -0.001328 -0.02298 | -1.0512
iteration 1...
-1.911   3.009    -1.488   -0.003394 -0.001328 -0.02298 | -1.0514
-1.911   3.022    -1.488   -0.003394 -0.001328 -0.02298 | -1.0514
-1.911   3.022    -1.992   -0.003394 -0.001328 -0.02298 | -1.0514
-1.911   3.022    -1.992   -0.0004307 -0.001328 -0.02298 | -1.0514
-1.911   3.022    -1.992   -0.0004307 -0.002018 -0.02298 | -1.0514
-1.911   3.022    -1.992   -0.0004307 -0.002018 -0.02359 | -1.0514
iteration 2...
-1.911   3.022    -1.992   -0.0004307 -0.002018 -0.02359 | -1.0514
-1.911   3.132    -1.992   -0.0004307 -0.002018 -0.02359 | -1.0514
-1.911   3.132    -2.03    -0.0004307 -0.002018 -0.02359 | -1.0514
-1.911   3.132    -2.03    0.0007514 -0.002018 -0.02359 | -1.0514
-1.911   3.132    -2.03    0.0007514 -0.002018 -0.02359 | -1.0514
-1.911   3.132    -2.03    0.0007514 -0.002018 -0.02359 | -1.0514
iteration 3...
-1.911   3.132    -2.03    0.0007514 -0.002018 -0.02359 | -1.0514
-1.911   3.167    -2.03    0.0007514 -0.002018 -0.02359 | -1.0514
-1.911   3.167    -2.057   0.0007514 -0.002018 -0.02359 | -1.0514
-1.911   3.167    -2.057   0.000752 -0.002018 -0.02359 | -1.0514
-1.911   3.167    -2.057   0.000752 -0.004146 -0.02359 | -1.0514
-1.911   3.167    -2.057   0.000752 -0.004146 -0.02374 | -1.0514
iteration 4...
-1.911   3.167    -2.057   0.000752 -0.004146 -0.02374 | -1.0514
-1.911   3.2      -2.057   0.000752 -0.004146 -0.02374 | -1.0514
-1.911   3.2      -2.078   0.000752 -0.004146 -0.02374 | -1.0514
-1.911   3.2      -2.078   0.000752 -0.004146 -0.02374 | -1.0514
-1.911   3.2      -2.078   0.000752 -0.004146 -0.02374 | -1.0514
-1.911   3.2      -2.078   0.000752 -0.004146 -0.02374 | -1.0514
iteration 5...
-1.911   3.2      -2.078   0.000752 -0.004146 -0.02374 | -1.0514
-1.911   3.2      -2.078   0.000752 -0.004146 -0.02374 | -1.0514
-1.911   3.2      -2.078   0.000752 -0.004146 -0.02374 | -1.0514
-1.911   3.2      -2.078   0.000752 -0.004146 -0.02374 | -1.0514
-1.911   3.2      -2.078   0.000752 -0.004146 -0.02374 | -1.0514
-1.911   3.2      -2.078   0.000752 -0.004146 -0.02374 | -1.0514
Done    'Coregister: Estimate'
Done

CoReg Done in 32.896701 seconds

All done with coregistration.
>> >> 
No sandbox specified



Start   : Wed Nov 21 16:17:55 EST 2018
Finish  : Wed Nov 21 16:19:13 EST 2018


