
                            < M A T L A B (R) >
                  Copyright 1984-2015 The MathWorks, Inc.
                   R2015b (8.6.0.267246) 64-bit (glnxa64)
                              August 20, 2015

 
To get started, type one of these: helpwin, helpdesk, or demo.
For product information, visit www.mathworks.com.
 

	Academic License

>> >> >> >> Coregistation Script Created on 181121_13_38_38_292
>> >> >> >> >> >> [Warning: Name is nonexistent or not a directory:
/Users/rcwelsh/matlabScripts/WELLES/mfiles] 
[> In path (line 109)
  In addpath (line 86)] 
>> >> >> >> >> 
UMBatchJobName =

coregOverlay_181121_13_38_38_292_tehsheng_madcbrai

>> 
UMBatchProcessName =

coregOverlay

>> >> Initializing the job manager in SPM8

UMReSlice =

     0



Calling UMBatchCoReg with:
/nfs/fmri/Analysis/Sean_Working/Git_MADC/preprocess/../../Subjects_ABCDResting/madc1410_scan1/func//run_01/utprun_01.nii
/nfs/fmri/Analysis/Sean_Working/Subjects_ABCDResting/madc1410_scan1/func/coReg/t1mprage.nii
UMReSlice:0
Entering UMBatchCoReg V2.0 for SPM8
Coreging /nfs/fmri/Analysis/Sean_Working/Subjects_ABCDResting/madc1410_scan1/func/coReg/t1mprage.nii to
         /nfs/fmri/Analysis/Sean_Working/Git_MADC/preprocess/../../Subjects_ABCDResting/madc1410_scan1/func//run_01/utprun_01.nii


------------------------------------------------------------------------
Running job #1
------------------------------------------------------------------------
Running 'Coregister: Estimate'
iteration 1...
-0.92    0        0        0        0        0        | -1.054
-0.92    1.91     0        0        0        0        | -1.0548
-0.92    1.91     0.6215   0        0        0        | -1.0549
-0.92    1.91     0.6215   0        0        0        | -1.0549
-0.92    1.91     0.6215   0        -9.217e-05 0        | -1.0549
-0.92    1.91     0.6215   0        -9.217e-05 0.01849  | -1.0551
iteration 2...
-0.6829  1.91     0.6215   0        -9.217e-05 0.01849  | -1.0551
-0.6829  1.657    0.6215   0        -9.217e-05 0.01849  | -1.0552
-0.6829  1.657    0.7185   0        -9.217e-05 0.01849  | -1.0552
-0.6829  1.657    0.7185   -0.0002776 -9.217e-05 0.01849  | -1.0552
-0.6829  1.657    0.7185   -0.0002776 -9.217e-05 0.01849  | -1.0552
-0.6829  1.657    0.7185   -0.0002776 -9.217e-05 0.01943  | -1.0552
iteration 3...
-0.6829  1.657    0.7185   -0.0002776 -9.217e-05 0.01943  | -1.0552
-0.6829  1.637    0.7185   -0.0002776 -9.217e-05 0.01943  | -1.0552
-0.6829  1.637    0.7235   -0.0002776 -9.217e-05 0.01943  | -1.0552
-0.6829  1.637    0.7235   -0.0005782 -9.217e-05 0.01943  | -1.0552
-0.6829  1.637    0.7235   -0.0005782 -0.0003749 0.01943  | -1.0552
-0.6829  1.637    0.7235   -0.0005782 -0.0003749 0.01943  | -1.0552
iteration 4...
-0.6829  1.637    0.7235   -0.0005782 -0.0003749 0.01943  | -1.0552
-0.6829  1.637    0.7235   -0.0005782 -0.0003749 0.01943  | -1.0552
-0.6829  1.637    0.7235   -0.0005782 -0.0003749 0.01943  | -1.0552
-0.6829  1.637    0.7235   -0.0005782 -0.0003749 0.01943  | -1.0552
-0.6829  1.637    0.7235   -0.0005782 -0.0004363 0.01943  | -1.0552
-0.6829  1.637    0.7235   -0.0005782 -0.0004363 0.01943  | -1.0552
iteration 1...
-0.5356  1.637    0.7235   -0.0005782 -0.0004363 0.01943  | -1.0549
-0.5356  1.759    0.7235   -0.0005782 -0.0004363 0.01943  | -1.055
-0.5356  1.759    0.8174   -0.0005782 -0.0004363 0.01943  | -1.055
-0.5356  1.759    0.8174   0.0008877 -0.0004363 0.01943  | -1.055
-0.5356  1.759    0.8174   0.0008877 0.001356 0.01943  | -1.055
-0.5356  1.759    0.8174   0.0008877 0.001356 0.01943  | -1.055
iteration 2...
-0.4925  1.759    0.8174   0.0008877 0.001356 0.01943  | -1.055
-0.4925  1.78     0.8174   0.0008877 0.001356 0.01943  | -1.055
-0.4925  1.78     0.8174   0.0008877 0.001356 0.01943  | -1.055
-0.4925  1.78     0.8174   0.001082 0.001356 0.01943  | -1.055
-0.4925  1.78     0.8174   0.001082 0.00345  0.01943  | -1.055
-0.4925  1.78     0.8174   0.001082 0.00345  0.0189   | -1.055
iteration 3...
-0.4925  1.78     0.8174   0.001082 0.00345  0.0189   | -1.055
-0.4925  1.788    0.8174   0.001082 0.00345  0.0189   | -1.055
-0.4925  1.788    0.8159   0.001082 0.00345  0.0189   | -1.055
-0.4925  1.788    0.8159   0.001082 0.00345  0.0189   | -1.055
-0.4925  1.788    0.8159   0.001082 0.00349  0.0189   | -1.055
-0.4925  1.788    0.8159   0.001082 0.00349  0.01889  | -1.055
Done    'Coregister: Estimate'
Done

CoReg Done in 24.551088 seconds

All done with coregistration.
>> >> 
No sandbox specified



Start   : Wed Nov 21 13:38:40 EST 2018
Finish  : Wed Nov 21 13:39:48 EST 2018


