
                            < M A T L A B (R) >
                  Copyright 1984-2015 The MathWorks, Inc.
                   R2015b (8.6.0.267246) 64-bit (glnxa64)
                              August 20, 2015

 
To get started, type one of these: helpwin, helpdesk, or demo.
For product information, visit www.mathworks.com.
 

	Academic License

>> >> >> >> Coregistation Script Created on 181121_14_07_06_115
>> >> >> >> >> >> [Warning: Name is nonexistent or not a directory:
/Users/rcwelsh/matlabScripts/WELLES/mfiles] 
[> In path (line 109)
  In addpath (line 86)] 
>> >> >> >> >> 
UMBatchJobName =

coregOverlay_181121_14_07_06_115_tehsheng_madcbrai

>> 
UMBatchProcessName =

coregOverlay

>> >> Initializing the job manager in SPM8

UMReSlice =

     0



Calling UMBatchCoReg with:
/nfs/fmri/Analysis/Sean_Working/Git_MADC/preprocess/../../Subjects_ABCDResting/madc0960_scan1/func//run_01/utprun_01.nii
/nfs/fmri/Analysis/Sean_Working/Subjects_ABCDResting/madc0960_scan1/func/coReg/t1mprage.nii
UMReSlice:0
Entering UMBatchCoReg V2.0 for SPM8
Coreging /nfs/fmri/Analysis/Sean_Working/Subjects_ABCDResting/madc0960_scan1/func/coReg/t1mprage.nii to
         /nfs/fmri/Analysis/Sean_Working/Git_MADC/preprocess/../../Subjects_ABCDResting/madc0960_scan1/func//run_01/utprun_01.nii


------------------------------------------------------------------------
Running job #1
------------------------------------------------------------------------
Running 'Coregister: Estimate'
iteration 1...
-0.6646  0        0        0        0        0        | -1.0505
-0.6646  0.7339   0        0        0        0        | -1.0506
-0.6646  0.7339   0.3234   0        0        0        | -1.0506
-0.6646  0.7339   0.3234   0.003575 0        0        | -1.0506
-0.6646  0.7339   0.3234   0.003575 0        0        | -1.0506
-0.6646  0.7339   0.3234   0.003575 0        0        | -1.0506
iteration 2...
-0.6469  0.7339   0.3234   0.003575 0        0        | -1.0506
-0.6469  0.7458   0.3234   0.003575 0        0        | -1.0506
-0.6469  0.7458   0.2821   0.003575 0        0        | -1.0506
-0.6469  0.7458   0.2821   0.003593 0        0        | -1.0506
-0.6469  0.7458   0.2821   0.003593 0        0        | -1.0506
-0.6469  0.7458   0.2821   0.003593 0        0.0001169 | -1.0506
iteration 3...
-0.6469  0.7458   0.2821   0.003593 0        0.0001169 | -1.0506
-0.6469  0.7405   0.2821   0.003593 0        0.0001169 | -1.0506
-0.6469  0.7405   0.2786   0.003593 0        0.0001169 | -1.0506
-0.6469  0.7405   0.2786   0.003593 0        0.0001169 | -1.0506
-0.6469  0.7405   0.2786   0.003593 0        0.0001169 | -1.0506
-0.6469  0.7405   0.2786   0.003593 0        0.0001134 | -1.0506
iteration 1...
-0.4141  0.7405   0.2786   0.003593 0        0.0001134 | -1.0507
-0.4141  0.5423   0.2786   0.003593 0        0.0001134 | -1.0507
-0.4141  0.5423   0.207    0.003593 0        0.0001134 | -1.0507
-0.4141  0.5423   0.207    0.006705 0        0.0001134 | -1.0507
-0.4141  0.5423   0.207    0.006705 -0.003851 0.0001134 | -1.0507
-0.4141  0.5423   0.207    0.006705 -0.003851 0.0001134 | -1.0507
iteration 2...
-0.4708  0.5423   0.207    0.006705 -0.003851 0.0001134 | -1.0507
-0.4708  0.6572   0.207    0.006705 -0.003851 0.0001134 | -1.0507
-0.4708  0.6572   0.1953   0.006705 -0.003851 0.0001134 | -1.0507
-0.4708  0.6572   0.1953   0.007043 -0.003851 0.0001134 | -1.0507
-0.4708  0.6572   0.1953   0.007043 -0.007765 0.0001134 | -1.0507
-0.4708  0.6572   0.1953   0.007043 -0.007765 -0.0009696 | -1.0507
iteration 3...
-0.8206  0.6572   0.1953   0.007043 -0.007765 -0.0009696 | -1.0507
-0.8206  0.7768   0.1953   0.007043 -0.007765 -0.0009696 | -1.0507
-0.8206  0.7768   0.1335   0.007043 -0.007765 -0.0009696 | -1.0507
-0.8206  0.7768   0.1335   0.007098 -0.007765 -0.0009696 | -1.0507
-0.8206  0.7768   0.1335   0.007098 -0.01252 -0.0009696 | -1.0507
-0.8206  0.7768   0.1335   0.007098 -0.01252 -0.0009696 | -1.0507
iteration 4...
-0.8206  0.7768   0.1335   0.007098 -0.01252 -0.0009696 | -1.0507
-0.8206  0.7799   0.1335   0.007098 -0.01252 -0.0009696 | -1.0507
-0.8206  0.7799   0.1579   0.007098 -0.01252 -0.0009696 | -1.0507
-0.8206  0.7799   0.1579   0.007014 -0.01252 -0.0009696 | -1.0507
-0.8206  0.7799   0.1579   0.007014 -0.01095 -0.0009696 | -1.0507
-0.8206  0.7799   0.1579   0.007014 -0.01095 -0.0009696 | -1.0507
iteration 5...
-0.812   0.7799   0.1579   0.007014 -0.01095 -0.0009696 | -1.0507
-0.812   0.7654   0.1579   0.007014 -0.01095 -0.0009696 | -1.0507
-0.812   0.7654   0.1484   0.007014 -0.01095 -0.0009696 | -1.0507
-0.812   0.7654   0.1484   0.007165 -0.01095 -0.0009696 | -1.0507
-0.812   0.7654   0.1484   0.007165 -0.01095 -0.0009696 | -1.0507
-0.812   0.7654   0.1484   0.007165 -0.01095 -0.0009696 | -1.0507
Done    'Coregister: Estimate'
Done

CoReg Done in 32.101114 seconds

All done with coregistration.
>> >> 
No sandbox specified



Start   : Wed Nov 21 14:07:09 EST 2018
Finish  : Wed Nov 21 14:08:23 EST 2018


