
                            < M A T L A B (R) >
                  Copyright 1984-2015 The MathWorks, Inc.
                   R2015b (8.6.0.267246) 64-bit (glnxa64)
                              August 20, 2015

 
To get started, type one of these: helpwin, helpdesk, or demo.
For product information, visit www.mathworks.com.
 

	Academic License

>> >> >> >> Coregistation Script Created on 181121_21_44_00_520
>> >> >> >> >> >> [Warning: Name is nonexistent or not a directory:
/Users/rcwelsh/matlabScripts/WELLES/mfiles] 
[> In path (line 109)
  In addpath (line 86)] 
>> >> >> >> >> 
UMBatchJobName =

coregOverlay_181121_21_44_00_520_tehsheng_madcbrai

>> 
UMBatchProcessName =

coregOverlay

>> >> Initializing the job manager in SPM8

UMReSlice =

     0



Calling UMBatchCoReg with:
/nfs/fmri/Analysis/Sean_Working/Git_MADC/preprocess/../../Subjects_ABCDResting/madc1395_scan1/func//run_01/utprun_01.nii
/nfs/fmri/Analysis/Sean_Working/Subjects_ABCDResting/madc1395_scan1/func/coReg/t1mprage.nii
UMReSlice:0
Entering UMBatchCoReg V2.0 for SPM8
Coreging /nfs/fmri/Analysis/Sean_Working/Subjects_ABCDResting/madc1395_scan1/func/coReg/t1mprage.nii to
         /nfs/fmri/Analysis/Sean_Working/Git_MADC/preprocess/../../Subjects_ABCDResting/madc1395_scan1/func//run_01/utprun_01.nii


------------------------------------------------------------------------
Running job #1
------------------------------------------------------------------------
Running 'Coregister: Estimate'
iteration 1...
-1.295   0        0        0        0        0        | -1.0492
-1.295   2.336    0        0        0        0        | -1.0498
-1.295   2.336    -0.9629  0        0        0        | -1.0501
-1.295   2.336    -0.9629  0.01334  0        0        | -1.0502
-1.295   2.336    -0.9629  0.01334  0.004685 0        | -1.0502
-1.295   2.336    -0.9629  0.01334  0.004685 0.0009309 | -1.0502
iteration 2...
-1.488   2.336    -0.9629  0.01334  0.004685 0.0009309 | -1.0502
-1.488   1.968    -0.9629  0.01334  0.004685 0.0009309 | -1.0503
-1.488   1.968    -1.247   0.01334  0.004685 0.0009309 | -1.0503
-1.488   1.968    -1.247   0.02057  0.004685 0.0009309 | -1.0503
-1.488   1.968    -1.247   0.02057  0.01315  0.0009309 | -1.0503
-1.488   1.968    -1.247   0.02057  0.01315  0.005881 | -1.0503
iteration 3...
-1.465   1.968    -1.247   0.02057  0.01315  0.005881 | -1.0503
-1.465   1.715    -1.247   0.02057  0.01315  0.005881 | -1.0503
-1.465   1.715    -1.221   0.02057  0.01315  0.005881 | -1.0503
-1.465   1.715    -1.221   0.02326  0.01315  0.005881 | -1.0504
-1.465   1.715    -1.221   0.02326  0.01409  0.005881 | -1.0504
-1.465   1.715    -1.221   0.02326  0.01409  0.005881 | -1.0504
iteration 4...
-1.465   1.715    -1.221   0.02326  0.01409  0.005881 | -1.0504
-1.465   1.667    -1.221   0.02326  0.01409  0.005881 | -1.0504
-1.465   1.667    -1.208   0.02326  0.01409  0.005881 | -1.0504
-1.465   1.667    -1.208   0.02314  0.01409  0.005881 | -1.0504
-1.465   1.667    -1.208   0.02314  0.01409  0.005881 | -1.0504
-1.465   1.667    -1.208   0.02314  0.01409  0.006107 | -1.0504
iteration 5...
-1.465   1.667    -1.208   0.02314  0.01409  0.006107 | -1.0504
-1.465   1.663    -1.208   0.02314  0.01409  0.006107 | -1.0504
-1.465   1.663    -1.21    0.02314  0.01409  0.006107 | -1.0504
-1.465   1.663    -1.21    0.02312  0.01409  0.006107 | -1.0504
-1.465   1.663    -1.21    0.02312  0.01409  0.006107 | -1.0504
-1.465   1.663    -1.21    0.02312  0.01409  0.006107 | -1.0504
iteration 1...
-1.327   1.663    -1.21    0.02312  0.01409  0.006107 | -1.0503
-1.327   1.466    -1.21    0.02312  0.01409  0.006107 | -1.0503
-1.327   1.466    -1.066   0.02312  0.01409  0.006107 | -1.0503
-1.327   1.466    -1.066   0.02613  0.01409  0.006107 | -1.0503
-1.327   1.466    -1.066   0.02613  0.01015  0.006107 | -1.0503
-1.327   1.466    -1.066   0.02613  0.01015  0.0006407 | -1.0503
iteration 2...
-1.264   1.466    -1.066   0.02613  0.01015  0.0006407 | -1.0503
-1.264   1.274    -1.066   0.02613  0.01015  0.0006407 | -1.0503
-1.264   1.274    -1.046   0.02613  0.01015  0.0006407 | -1.0503
-1.264   1.274    -1.046   0.02763  0.01015  0.0006407 | -1.0503
-1.264   1.274    -1.046   0.02763  0.008651 0.0006407 | -1.0503
-1.264   1.274    -1.046   0.02763  0.008651 0.0009128 | -1.0503
-1.217   1.133    -1.031   0.02873  0.007542 0.001114 | -1.0503
iteration 3...
-1.172   1.133    -1.031   0.02873  0.007542 0.001114 | -1.0503
-1.185   1.174    -1.035   0.02841  0.007867 0.001055 | -1.0503
-1.185   1.174    -1.065   0.02841  0.007867 0.001055 | -1.0503
-1.185   1.174    -1.065   0.02857  0.007867 0.001055 | -1.0503
-1.185   1.174    -1.065   0.02857  0.007638 0.001055 | -1.0503
-1.185   1.174    -1.065   0.02857  0.007638 0.001055 | -1.0503
iteration 4...
-1.185   1.174    -1.065   0.02857  0.007638 0.001055 | -1.0503
-1.194   1.199    -1.067   0.02838  0.007829 0.001021 | -1.0503
-1.194   1.199    -1.069   0.02838  0.007829 0.001021 | -1.0503
-1.194   1.199    -1.069   0.02838  0.007829 0.001021 | -1.0503
-1.194   1.199    -1.069   0.02838  0.007829 0.001021 | -1.0503
-1.194   1.199    -1.069   0.02838  0.007829 0.001021 | -1.0503
iteration 5...
-1.194   1.199    -1.069   0.02838  0.007829 0.001021 | -1.0503
-1.194   1.199    -1.069   0.02838  0.007829 0.001021 | -1.0503
-1.194   1.199    -1.069   0.02838  0.007829 0.001021 | -1.0503
-1.194   1.199    -1.069   0.02838  0.007829 0.001021 | -1.0503
-1.194   1.199    -1.069   0.02838  0.007829 0.001021 | -1.0503
-1.194   1.199    -1.069   0.02838  0.007829 0.001021 | -1.0503
Done    'Coregister: Estimate'
Done

CoReg Done in 32.646374 seconds

All done with coregistration.
>> >> 
No sandbox specified



Start   : Wed Nov 21 21:44:04 EST 2018
Finish  : Wed Nov 21 21:45:14 EST 2018


