
                            < M A T L A B (R) >
                  Copyright 1984-2015 The MathWorks, Inc.
                   R2015b (8.6.0.267246) 64-bit (glnxa64)
                              August 20, 2015

 
To get started, type one of these: helpwin, helpdesk, or demo.
For product information, visit www.mathworks.com.
 

	Academic License

>> >> >> >> Coregistation Script Created on 181121_15_26_07_869
>> >> >> >> >> >> [Warning: Name is nonexistent or not a directory:
/Users/rcwelsh/matlabScripts/WELLES/mfiles] 
[> In path (line 109)
  In addpath (line 86)] 
>> >> >> >> >> 
UMBatchJobName =

coregOverlay_181121_15_26_07_869_tehsheng_madcbrai

>> 
UMBatchProcessName =

coregOverlay

>> >> Initializing the job manager in SPM8

UMReSlice =

     0



Calling UMBatchCoReg with:
/nfs/fmri/Analysis/Sean_Working/Git_MADC/preprocess/../../Subjects_ABCDResting/madc1415_scan1/func//run_01/utprun_01.nii
/nfs/fmri/Analysis/Sean_Working/Subjects_ABCDResting/madc1415_scan1/func/coReg/t1mprage.nii
UMReSlice:0
Entering UMBatchCoReg V2.0 for SPM8
Coreging /nfs/fmri/Analysis/Sean_Working/Subjects_ABCDResting/madc1415_scan1/func/coReg/t1mprage.nii to
         /nfs/fmri/Analysis/Sean_Working/Git_MADC/preprocess/../../Subjects_ABCDResting/madc1415_scan1/func//run_01/utprun_01.nii


------------------------------------------------------------------------
Running job #1
------------------------------------------------------------------------
Running 'Coregister: Estimate'
iteration 1...
-1.028   0        0        0        0        0        | -1.0489
-1.028   3.269    0        0        0        0        | -1.0502
-1.028   3.269    -1.288   0        0        0        | -1.0503
-1.028   3.269    -1.288   -0.01682 0        0        | -1.0504
-1.028   3.269    -1.288   -0.01682 0.01208  0        | -1.0504
-1.028   3.269    -1.288   -0.01682 0.01208  0.006513 | -1.0504
iteration 2...
-1.275   3.269    -1.288   -0.01682 0.01208  0.006513 | -1.0505
-1.275   3.355    -1.288   -0.01682 0.01208  0.006513 | -1.0505
-1.275   3.355    -1.126   -0.01682 0.01208  0.006513 | -1.0505
-1.275   3.355    -1.126   -0.01589 0.01208  0.006513 | -1.0505
-1.275   3.355    -1.126   -0.01589 0.02024  0.006513 | -1.0505
-1.275   3.355    -1.126   -0.01589 0.02024  0.006513 | -1.0505
iteration 3...
-1.275   3.355    -1.126   -0.01589 0.02024  0.006513 | -1.0505
-1.275   3.252    -1.126   -0.01589 0.02024  0.006513 | -1.0505
-1.275   3.252    -1.055   -0.01589 0.02024  0.006513 | -1.0505
-1.275   3.252    -1.055   -0.01465 0.02024  0.006513 | -1.0505
-1.275   3.252    -1.055   -0.01465 0.01882  0.006513 | -1.0505
-1.275   3.252    -1.055   -0.01465 0.01882  0.006513 | -1.0505
iteration 4...
-1.359   3.252    -1.055   -0.01465 0.01882  0.006513 | -1.0505
-1.359   3.193    -1.055   -0.01465 0.01882  0.006513 | -1.0505
-1.359   3.193    -1.083   -0.01465 0.01882  0.006513 | -1.0505
-1.359   3.193    -1.083   -0.01465 0.01882  0.006513 | -1.0505
-1.359   3.193    -1.083   -0.01465 0.02033  0.006513 | -1.0505
-1.359   3.193    -1.083   -0.01465 0.02033  0.006513 | -1.0505
-1.466   3.117    -1.118   -0.01465 0.02225  0.006513 | -1.0505
iteration 5...
-1.489   3.117    -1.118   -0.01465 0.02225  0.006513 | -1.0505
-1.475   3.128    -1.113   -0.01465 0.02198  0.006513 | -1.0505
-1.475   3.128    -1.112   -0.01465 0.02198  0.006513 | -1.0505
-1.475   3.128    -1.112   -0.01317 0.02198  0.006513 | -1.0505
-1.475   3.128    -1.112   -0.01317 0.02308  0.006513 | -1.0505
-1.475   3.128    -1.112   -0.01317 0.02308  0.006547 | -1.0505
iteration 6...
-1.477   3.128    -1.112   -0.01317 0.02308  0.006547 | -1.0505
-1.479   3.126    -1.113   -0.01317 0.02312  0.006547 | -1.0505
-1.479   3.126    -1.149   -0.01317 0.02312  0.006547 | -1.0505
-1.479   3.126    -1.149   -0.01317 0.02312  0.006547 | -1.0505
-1.479   3.126    -1.149   -0.01317 0.02309  0.006547 | -1.0505
-1.479   3.126    -1.149   -0.01317 0.02309  0.006547 | -1.0505
iteration 7...
-1.479   3.126    -1.149   -0.01317 0.02309  0.006547 | -1.0505
-1.479   3.126    -1.149   -0.01317 0.02309  0.006547 | -1.0505
-1.479   3.126    -1.154   -0.01317 0.02309  0.006547 | -1.0505
-1.479   3.126    -1.154   -0.01317 0.02309  0.006547 | -1.0505
-1.479   3.126    -1.154   -0.01317 0.02309  0.006547 | -1.0505
-1.479   3.126    -1.154   -0.01317 0.02309  0.006547 | -1.0505
iteration 1...
-1.509   3.126    -1.154   -0.01317 0.02309  0.006547 | -1.0505
-1.509   3.037    -1.154   -0.01317 0.02309  0.006547 | -1.0505
-1.509   3.037    -1.626   -0.01317 0.02309  0.006547 | -1.0505
-1.509   3.037    -1.626   -0.0181  0.02309  0.006547 | -1.0505
-1.509   3.037    -1.626   -0.0181  0.02738  0.006547 | -1.0505
-1.509   3.037    -1.626   -0.0181  0.02738  0.00938  | -1.0505
iteration 2...
-1.578   3.037    -1.626   -0.0181  0.02738  0.00938  | -1.0505
-1.578   3.237    -1.626   -0.0181  0.02738  0.00938  | -1.0505
-1.578   3.237    -1.613   -0.0181  0.02738  0.00938  | -1.0505
-1.578   3.237    -1.613   -0.01887 0.02738  0.00938  | -1.0505
-1.578   3.237    -1.613   -0.01887 0.0298   0.00938  | -1.0505
-1.578   3.237    -1.613   -0.01887 0.0298   0.01074  | -1.0505
iteration 3...
-1.652   3.237    -1.613   -0.01887 0.0298   0.01074  | -1.0505
-1.652   3.262    -1.613   -0.01887 0.0298   0.01074  | -1.0505
-1.652   3.262    -1.547   -0.01887 0.0298   0.01074  | -1.0505
-1.652   3.262    -1.547   -0.01887 0.0298   0.01074  | -1.0505
-1.652   3.262    -1.547   -0.01887 0.02979  0.01074  | -1.0505
-1.652   3.262    -1.547   -0.01887 0.02979  0.01071  | -1.0505
iteration 4...
-1.652   3.262    -1.547   -0.01887 0.02979  0.01071  | -1.0505
-1.652   3.262    -1.547   -0.01887 0.02979  0.01071  | -1.0505
-1.652   3.262    -1.547   -0.01887 0.02979  0.01071  | -1.0505
-1.652   3.262    -1.547   -0.01887 0.02979  0.01071  | -1.0505
-1.652   3.262    -1.547   -0.01887 0.02979  0.01071  | -1.0505
-1.652   3.262    -1.547   -0.01887 0.02979  0.01071  | -1.0505
Done    'Coregister: Estimate'
Done

CoReg Done in 30.629652 seconds

All done with coregistration.
>> >> 
No sandbox specified



Start   : Wed Nov 21 15:26:10 EST 2018
Finish  : Wed Nov 21 15:27:23 EST 2018


