
                            < M A T L A B (R) >
                  Copyright 1984-2015 The MathWorks, Inc.
                   R2015b (8.6.0.267246) 64-bit (glnxa64)
                              August 20, 2015

 
To get started, type one of these: helpwin, helpdesk, or demo.
For product information, visit www.mathworks.com.
 

	Academic License

>> >> >> >> Coregistation Script Created on 181121_12_20_57_409
>> >> >> >> >> >> [Warning: Name is nonexistent or not a directory:
/Users/rcwelsh/matlabScripts/WELLES/mfiles] 
[> In path (line 109)
  In addpath (line 86)] 
>> >> >> >> >> 
UMBatchJobName =

coregOverlay_181121_12_20_57_409_tehsheng_madcbrai

>> 
UMBatchProcessName =

coregOverlay

>> >> Initializing the job manager in SPM8

UMReSlice =

     0



Calling UMBatchCoReg with:
/nfs/fmri/Analysis/Sean_Working/Git_MADC/preprocess/../../Subjects_ABCDResting/madc1407_scan1/func//run_01/utprun_01.nii
/nfs/fmri/Analysis/Sean_Working/Subjects_ABCDResting/madc1407_scan1/func/coReg/t1mprage.nii
UMReSlice:0
Entering UMBatchCoReg V2.0 for SPM8
Coreging /nfs/fmri/Analysis/Sean_Working/Subjects_ABCDResting/madc1407_scan1/func/coReg/t1mprage.nii to
         /nfs/fmri/Analysis/Sean_Working/Git_MADC/preprocess/../../Subjects_ABCDResting/madc1407_scan1/func//run_01/utprun_01.nii


------------------------------------------------------------------------
Running job #1
------------------------------------------------------------------------
Running 'Coregister: Estimate'
iteration 1...
-1.405   0        0        0        0        0        | -1.0475
-1.405   1.047    0        0        0        0        | -1.0477
-1.405   1.047    -0.7801  0        0        0        | -1.0478
-1.405   1.047    -0.7801  0.004668 0        0        | -1.0478
-1.405   1.047    -0.7801  0.004668 0        0        | -1.0478
-1.405   1.047    -0.7801  0.004668 0        0.007759 | -1.0478
iteration 2...
-1.405   1.047    -0.7801  0.004668 0        0.007759 | -1.0478
-1.405   0.9405   -0.7801  0.004668 0        0.007759 | -1.0478
-1.405   0.9405   -0.6537  0.004668 0        0.007759 | -1.0478
-1.405   0.9405   -0.6537  0.004668 0        0.007759 | -1.0478
-1.405   0.9405   -0.6537  0.004668 -0.0001596 0.007759 | -1.0478
-1.405   0.9405   -0.6537  0.004668 -0.0001596 0.007759 | -1.0478
iteration 3...
-1.405   0.9405   -0.6537  0.004668 -0.0001596 0.007759 | -1.0478
-1.405   0.9444   -0.6537  0.004668 -0.0001596 0.007759 | -1.0478
-1.405   0.9444   -0.6446  0.004668 -0.0001596 0.007759 | -1.0478
-1.405   0.9444   -0.6446  0.004668 -0.0001596 0.007759 | -1.0478
-1.405   0.9444   -0.6446  0.004668 -0.0001596 0.007759 | -1.0478
-1.405   0.9444   -0.6446  0.004668 -0.0001596 0.007759 | -1.0478
iteration 1...
-1.115   0.9444   -0.6446  0.004668 -0.0001596 0.007759 | -1.0478
-1.115   0.9601   -0.6446  0.004668 -0.0001596 0.007759 | -1.0478
-1.115   0.9601   -1.058   0.004668 -0.0001596 0.007759 | -1.0479
-1.115   0.9601   -1.058   -0.001409 -0.0001596 0.007759 | -1.0479
-1.115   0.9601   -1.058   -0.001409 0.003767 0.007759 | -1.0479
-1.115   0.9601   -1.058   -0.001409 0.003767 0.00526  | -1.0479
iteration 2...
-1.117   0.9601   -1.058   -0.001409 0.003767 0.00526  | -1.0479
-1.117   1.042    -1.058   -0.001409 0.003767 0.00526  | -1.0479
-1.117   1.042    -1.177   -0.001409 0.003767 0.00526  | -1.0479
-1.117   1.042    -1.177   -0.001925 0.003767 0.00526  | -1.0479
-1.117   1.042    -1.177   -0.001925 0.003767 0.00526  | -1.0479
-1.117   1.042    -1.177   -0.001925 0.003767 0.003675 | -1.0479
iteration 3...
-1.117   1.042    -1.177   -0.001925 0.003767 0.003675 | -1.0479
-1.117   1.06     -1.177   -0.001925 0.003767 0.003675 | -1.0479
-1.117   1.06     -1.177   -0.001925 0.003767 0.003675 | -1.0479
-1.117   1.06     -1.177   -0.001887 0.003767 0.003675 | -1.0479
-1.117   1.06     -1.177   -0.001887 0.003767 0.003675 | -1.0479
-1.117   1.06     -1.177   -0.001887 0.003767 0.003675 | -1.0479
Done    'Coregister: Estimate'
Done

CoReg Done in 23.765144 seconds

All done with coregistration.
>> >> 
No sandbox specified



Start   : Wed Nov 21 12:21:01 EST 2018
Finish  : Wed Nov 21 12:22:24 EST 2018


