
                            < M A T L A B (R) >
                  Copyright 1984-2015 The MathWorks, Inc.
                   R2015b (8.6.0.267246) 64-bit (glnxa64)
                              August 20, 2015

 
To get started, type one of these: helpwin, helpdesk, or demo.
For product information, visit www.mathworks.com.
 

	Academic License

>> >> >> >> Coregistation Script Created on 181122_05_55_33_852
>> >> >> >> >> >> [Warning: Name is nonexistent or not a directory:
/Users/rcwelsh/matlabScripts/WELLES/mfiles] 
[> In path (line 109)
  In addpath (line 86)] 
>> >> >> >> >> 
UMBatchJobName =

coregOverlay_181122_05_55_33_852_tehsheng_madcbrai

>> 
UMBatchProcessName =

coregOverlay

>> >> Initializing the job manager in SPM8

UMReSlice =

     0



Calling UMBatchCoReg with:
/nfs/fmri/Analysis/Sean_Working/Git_MADC/preprocess/../../Subjects_ABCDResting/madc1493_scan1/func//run_01/utprun_01.nii
/nfs/fmri/Analysis/Sean_Working/Subjects_ABCDResting/madc1493_scan1/func/coReg/t1mprage.nii
UMReSlice:0
Entering UMBatchCoReg V2.0 for SPM8
Coreging /nfs/fmri/Analysis/Sean_Working/Subjects_ABCDResting/madc1493_scan1/func/coReg/t1mprage.nii to
         /nfs/fmri/Analysis/Sean_Working/Git_MADC/preprocess/../../Subjects_ABCDResting/madc1493_scan1/func//run_01/utprun_01.nii


------------------------------------------------------------------------
Running job #1
------------------------------------------------------------------------
Running 'Coregister: Estimate'
iteration 1...
-1.701   0        0        0        0        0        | -1.0506
-1.701   1.047    0        0        0        0        | -1.0507
-1.701   1.047    -0.3519  0        0        0        | -1.0507
-1.701   1.047    -0.3519  0.008903 0        0        | -1.0508
-1.701   1.047    -0.3519  0.008903 0.001915 0        | -1.0508
-1.701   1.047    -0.3519  0.008903 0.001915 0        | -1.0508
iteration 2...
-1.662   1.047    -0.3519  0.008903 0.001915 0        | -1.0508
-1.662   0.7291   -0.3519  0.008903 0.001915 0        | -1.0508
-1.662   0.7291   -0.306   0.008903 0.001915 0        | -1.0508
-1.662   0.7291   -0.306   0.01471  0.001915 0        | -1.0508
-1.662   0.7291   -0.306   0.01471  0.003174 0        | -1.0508
-1.662   0.7291   -0.306   0.01471  0.003174 0        | -1.0508
-1.595   0.1878   -0.2278  0.02458  0.005316 0        | -1.0509
iteration 3...
-1.637   0.1878   -0.2278  0.02458  0.005316 0        | -1.0509
-1.637   0.1878   -0.2278  0.02458  0.005316 0        | -1.0509
-1.637   0.1878   -0.1534  0.02458  0.005316 0        | -1.0509
-1.637   0.1878   -0.1534  0.02141  0.005316 0        | -1.0509
-1.637   0.1878   -0.1534  0.02141  0.002388 0        | -1.0509
-1.637   0.1878   -0.1534  0.02141  0.002388 0        | -1.0509
iteration 4...
-1.592   0.1878   -0.1534  0.02141  0.002388 0        | -1.0509
-1.588   0.1572   -0.1489  0.02197  0.002509 0        | -1.0509
-1.588   0.1572   -0.1023  0.02197  0.002509 0        | -1.0509
-1.588   0.1572   -0.1023  0.02193  0.002509 0        | -1.0509
-1.588   0.1572   -0.1023  0.02193  0.001453 0        | -1.0509
-1.588   0.1572   -0.1023  0.02193  0.001453 -4.931e-05 | -1.0509
-1.555   0.1365   -0.06781 0.02229  0.0008219 -8.259e-05 | -1.0509
iteration 5...
-1.557   0.1375   -0.06958 0.02227  0.0008542 -8.088e-05 | -1.0509
-1.557   0.1375   -0.06958 0.02227  0.0008542 -8.088e-05 | -1.0509
-1.557   0.1375   -0.06958 0.02227  0.0008542 -8.088e-05 | -1.0509
-1.557   0.1375   -0.06958 0.02227  0.0008542 -8.088e-05 | -1.0509
-1.557   0.1375   -0.06958 0.02227  0.0008542 -8.088e-05 | -1.0509
-1.557   0.1375   -0.06958 0.02227  0.0008542 -8.088e-05 | -1.0509
iteration 1...
-1.649   0.1375   -0.06958 0.02227  0.0008542 -8.088e-05 | -1.0508
-1.649   0.1752   -0.06958 0.02227  0.0008542 -8.088e-05 | -1.0508
-1.649   0.1752   -0.0009303 0.02227  0.0008542 -8.088e-05 | -1.0508
-1.649   0.1752   -0.0009303 0.01934  0.0008542 -8.088e-05 | -1.0508
-1.649   0.1752   -0.0009303 0.01934  0.0008542 -8.088e-05 | -1.0508
-1.649   0.1752   -0.0009303 0.01934  0.0008542 0.001684 | -1.0508
iteration 2...
-1.691   0.1752   -0.0009303 0.01934  0.0008542 0.001684 | -1.0508
-1.691   0.2693   -0.0009303 0.01934  0.0008542 0.001684 | -1.0508
-1.691   0.2693   0.001455 0.01934  0.0008542 0.001684 | -1.0508
-1.691   0.2693   0.001455 0.01934  0.0008542 0.001684 | -1.0508
-1.691   0.2693   0.001455 0.01934  -0.0005709 0.001684 | -1.0508
-1.691   0.2693   0.001455 0.01934  -0.0005709 0.002586 | -1.0508
iteration 3...
-1.662   0.2693   0.001455 0.01934  -0.0005709 0.002586 | -1.0508
-1.662   0.2964   0.001455 0.01934  -0.0005709 0.002586 | -1.0508
-1.662   0.2964   -0.008946 0.01934  -0.0005709 0.002586 | -1.0508
-1.662   0.2964   -0.008946 0.01934  -0.0005709 0.002586 | -1.0508
-1.662   0.2964   -0.008946 0.01934  -0.000928 0.002586 | -1.0508
-1.662   0.2964   -0.008946 0.01934  -0.000928 0.002859 | -1.0508
iteration 4...
-1.662   0.2964   -0.008946 0.01934  -0.000928 0.002859 | -1.0508
-1.662   0.3017   -0.008946 0.01934  -0.000928 0.002859 | -1.0508
-1.662   0.3017   -0.009278 0.01934  -0.000928 0.002859 | -1.0508
-1.662   0.3017   -0.009278 0.01934  -0.000928 0.002859 | -1.0508
-1.662   0.3017   -0.009278 0.01934  -0.000928 0.002859 | -1.0508
-1.662   0.3017   -0.009278 0.01934  -0.000928 0.002859 | -1.0508
Done    'Coregister: Estimate'
Done

CoReg Done in 24.676393 seconds

All done with coregistration.
>> >> 
No sandbox specified



Start   : Thu Nov 22 05:55:35 EST 2018
Finish  : Thu Nov 22 05:56:30 EST 2018


