
                            < M A T L A B (R) >
                  Copyright 1984-2015 The MathWorks, Inc.
                   R2015b (8.6.0.267246) 64-bit (glnxa64)
                              August 20, 2015

 
To get started, type one of these: helpwin, helpdesk, or demo.
For product information, visit www.mathworks.com.
 

	Academic License

>> >> >> >> Coregistation Script Created on 181121_15_24_10_076
>> >> >> >> >> >> [Warning: Name is nonexistent or not a directory:
/Users/rcwelsh/matlabScripts/WELLES/mfiles] 
[> In path (line 109)
  In addpath (line 86)] 
>> >> >> >> >> 
UMBatchJobName =

coregOverlay_181121_15_24_10_076_tehsheng_madcbrai

>> 
UMBatchProcessName =

coregOverlay

>> >> Initializing the job manager in SPM8

UMReSlice =

     0



Calling UMBatchCoReg with:
/nfs/fmri/Analysis/Sean_Working/Git_MADC/preprocess/../../Subjects_ABCDResting/madc1143_scan1/func//run_01/utprun_01.nii
/nfs/fmri/Analysis/Sean_Working/Subjects_ABCDResting/madc1143_scan1/func/coReg/t1mprage.nii
UMReSlice:0
Entering UMBatchCoReg V2.0 for SPM8
Coreging /nfs/fmri/Analysis/Sean_Working/Subjects_ABCDResting/madc1143_scan1/func/coReg/t1mprage.nii to
         /nfs/fmri/Analysis/Sean_Working/Git_MADC/preprocess/../../Subjects_ABCDResting/madc1143_scan1/func//run_01/utprun_01.nii


------------------------------------------------------------------------
Running job #1
------------------------------------------------------------------------
Running 'Coregister: Estimate'
iteration 1...
-0.8864  0        0        0        0        0        | -1.0551
-0.8864  0.3601   0        0        0        0        | -1.0551
-0.8864  0.3601   -3.033   0        0        0        | -1.0561
-0.8864  0.3601   -3.033   0        0        0        | -1.0561
-0.8864  0.3601   -3.033   0        0.0007626 0        | -1.0561
-0.8864  0.3601   -3.033   0        0.0007626 -0.027   | -1.0563
iteration 2...
-1.187   0.3601   -3.033   0        0.0007626 -0.027   | -1.0563
-1.187   1.142    -3.033   0        0.0007626 -0.027   | -1.0564
-1.187   1.142    -2.49    0        0.0007626 -0.027   | -1.0564
-1.187   1.142    -2.49    -0.001653 0.0007626 -0.027   | -1.0564
-1.187   1.142    -2.49    -0.001653 0.0007626 -0.027   | -1.0564
-1.187   1.142    -2.49    -0.001653 0.0007626 -0.027   | -1.0564
iteration 3...
-1.277   1.142    -2.49    -0.001653 0.0007626 -0.027   | -1.0564
-1.277   0.984    -2.49    -0.001653 0.0007626 -0.027   | -1.0564
-1.277   0.984    -2.473   -0.001653 0.0007626 -0.027   | -1.0564
-1.277   0.984    -2.473   -0.001653 0.0007626 -0.027   | -1.0564
-1.277   0.984    -2.473   -0.001653 0.001083 -0.027   | -1.0564
-1.277   0.984    -2.473   -0.001653 0.001083 -0.027   | -1.0564
iteration 4...
-1.277   0.984    -2.473   -0.001653 0.001083 -0.027   | -1.0564
-1.277   0.984    -2.473   -0.001653 0.001083 -0.027   | -1.0564
-1.277   0.984    -2.465   -0.001653 0.001083 -0.027   | -1.0564
-1.277   0.984    -2.465   -0.001653 0.001083 -0.027   | -1.0564
-1.277   0.984    -2.465   -0.001653 0.001083 -0.027   | -1.0564
-1.277   0.984    -2.465   -0.001653 0.001083 -0.027   | -1.0564
iteration 1...
-1.135   0.984    -2.465   -0.001653 0.001083 -0.027   | -1.0561
-1.135   1.017    -2.465   -0.001653 0.001083 -0.027   | -1.0561
-1.135   1.017    -2.776   -0.001653 0.001083 -0.027   | -1.0562
-1.135   1.017    -2.776   -0.01133 0.001083 -0.027   | -1.0562
-1.135   1.017    -2.776   -0.01133 0.0003068 -0.027   | -1.0562
-1.135   1.017    -2.776   -0.01133 0.0003068 -0.02562 | -1.0562
iteration 2...
-1.127   1.017    -2.776   -0.01133 0.0003068 -0.02562 | -1.0562
-1.127   1.332    -2.776   -0.01133 0.0003068 -0.02562 | -1.0562
-1.127   1.332    -2.825   -0.01133 0.0003068 -0.02562 | -1.0562
-1.127   1.332    -2.825   -0.01482 0.0003068 -0.02562 | -1.0562
-1.127   1.332    -2.825   -0.01482 0.0003068 -0.02562 | -1.0562
-1.127   1.332    -2.825   -0.01482 0.0003068 -0.02386 | -1.0562
iteration 3...
-1.13    1.332    -2.825   -0.01482 0.0003068 -0.02386 | -1.0562
-1.13    1.415    -2.825   -0.01482 0.0003068 -0.02386 | -1.0562
-1.13    1.415    -2.783   -0.01482 0.0003068 -0.02386 | -1.0562
-1.13    1.415    -2.783   -0.01482 0.0003068 -0.02386 | -1.0562
-1.13    1.415    -2.783   -0.01482 0.0009748 -0.02386 | -1.0562
-1.13    1.415    -2.783   -0.01482 0.0009748 -0.02386 | -1.0562
iteration 4...
-1.146   1.415    -2.783   -0.01482 0.0009748 -0.02386 | -1.0562
-1.146   1.415    -2.783   -0.01482 0.0009748 -0.02386 | -1.0562
-1.146   1.415    -2.78    -0.01482 0.0009748 -0.02386 | -1.0562
-1.146   1.415    -2.78    -0.01482 0.0009748 -0.02386 | -1.0562
-1.146   1.415    -2.78    -0.01482 0.0009748 -0.02386 | -1.0562
-1.146   1.415    -2.78    -0.01482 0.0009748 -0.02386 | -1.0562
Done    'Coregister: Estimate'
Done

CoReg Done in 31.148407 seconds

All done with coregistration.
>> >> 
No sandbox specified



Start   : Wed Nov 21 15:24:13 EST 2018
Finish  : Wed Nov 21 15:25:33 EST 2018


