
                            < M A T L A B (R) >
                  Copyright 1984-2015 The MathWorks, Inc.
                   R2015b (8.6.0.267246) 64-bit (glnxa64)
                              August 20, 2015

 
To get started, type one of these: helpwin, helpdesk, or demo.
For product information, visit www.mathworks.com.
 

	Academic License

>> >> >> >> Coregistation Script Created on 181121_14_32_30_207
>> >> >> >> >> >> [Warning: Name is nonexistent or not a directory:
/Users/rcwelsh/matlabScripts/WELLES/mfiles] 
[> In path (line 109)
  In addpath (line 86)] 
>> >> >> >> >> 
UMBatchJobName =

coregOverlay_181121_14_32_30_207_tehsheng_madcbrai

>> 
UMBatchProcessName =

coregOverlay

>> >> Initializing the job manager in SPM8

UMReSlice =

     0



Calling UMBatchCoReg with:
/nfs/fmri/Analysis/Sean_Working/Git_MADC/preprocess/../../Subjects_ABCDResting/madc1053_scan1/func//run_01/utprun_01.nii
/nfs/fmri/Analysis/Sean_Working/Subjects_ABCDResting/madc1053_scan1/func/coReg/t1mprage.nii
UMReSlice:0
Entering UMBatchCoReg V2.0 for SPM8
Coreging /nfs/fmri/Analysis/Sean_Working/Subjects_ABCDResting/madc1053_scan1/func/coReg/t1mprage.nii to
         /nfs/fmri/Analysis/Sean_Working/Git_MADC/preprocess/../../Subjects_ABCDResting/madc1053_scan1/func//run_01/utprun_01.nii


------------------------------------------------------------------------
Running job #1
------------------------------------------------------------------------
Running 'Coregister: Estimate'
iteration 1...
-2.171   0        0        0        0        0        | -1.0441
-2.171   -0.1553  0        0        0        0        | -1.0441
-2.171   -0.1553  0.008425 0        0        0        | -1.0441
-2.171   -0.1553  0.008425 -0.001424 0        0        | -1.0441
-2.171   -0.1553  0.008425 -0.001424 0.001289 0        | -1.0441
-2.171   -0.1553  0.008425 -0.001424 0.001289 -0.0005289 | -1.0441
iteration 2...
-2.177   -0.1553  0.008425 -0.001424 0.001289 -0.0005289 | -1.0441
-2.177   -0.09591 0.008425 -0.001424 0.001289 -0.0005289 | -1.0441
-2.177   -0.09591 -0.0292  -0.001424 0.001289 -0.0005289 | -1.0441
-2.177   -0.09591 -0.0292  -0.001424 0.001289 -0.0005289 | -1.0441
-2.177   -0.09591 -0.0292  -0.001424 0.001289 -0.0005289 | -1.0441
-2.177   -0.09591 -0.0292  -0.001424 0.001289 -0.0005289 | -1.0441
iteration 3...
-2.177   -0.09591 -0.0292  -0.001424 0.001289 -0.0005289 | -1.0441
-2.177   -0.0955  -0.0292  -0.001424 0.001289 -0.0005289 | -1.0441
-2.177   -0.0955  -0.0292  -0.001424 0.001289 -0.0005289 | -1.0441
-2.177   -0.0955  -0.0292  -0.001424 0.001289 -0.0005289 | -1.0441
-2.177   -0.0955  -0.0292  -0.001424 0.001289 -0.0005289 | -1.0441
-2.177   -0.0955  -0.0292  -0.001424 0.001289 -0.0005289 | -1.0441
iteration 1...
-2.189   -0.0955  -0.0292  -0.001424 0.001289 -0.0005289 | -1.044
-2.189   -0.7866  -0.0292  -0.001424 0.001289 -0.0005289 | -1.044
-2.189   -0.7866  -0.5624  -0.001424 0.001289 -0.0005289 | -1.0441
-2.189   -0.7866  -0.5624  0.002804 0.001289 -0.0005289 | -1.0441
-2.189   -0.7866  -0.5624  0.002804 0.003499 -0.0005289 | -1.0441
-2.189   -0.7866  -0.5624  0.002804 0.003499 -0.003636 | -1.0441
iteration 2...
-2.219   -0.7866  -0.5624  0.002804 0.003499 -0.003636 | -1.0441
-2.219   -0.8326  -0.5624  0.002804 0.003499 -0.003636 | -1.0441
-2.219   -0.8326  -0.6432  0.002804 0.003499 -0.003636 | -1.0441
-2.219   -0.8326  -0.6432  0.004075 0.003499 -0.003636 | -1.0441
-2.219   -0.8326  -0.6432  0.004075 0.007334 -0.003636 | -1.0441
-2.219   -0.8326  -0.6432  0.004075 0.007334 -0.005949 | -1.0441
iteration 3...
-2.241   -0.8326  -0.6432  0.004075 0.007334 -0.005949 | -1.0441
-2.241   -0.9023  -0.6432  0.004075 0.007334 -0.005949 | -1.0441
-2.241   -0.9023  -0.6334  0.004075 0.007334 -0.005949 | -1.0441
-2.241   -0.9023  -0.6334  0.006788 0.007334 -0.005949 | -1.0441
-2.241   -0.9023  -0.6334  0.006788 0.007334 -0.005949 | -1.0441
-2.241   -0.9023  -0.6334  0.006788 0.007334 -0.005452 | -1.0441
iteration 4...
-2.243   -0.9023  -0.6334  0.006788 0.007334 -0.005452 | -1.0441
-2.243   -1.031   -0.6334  0.006788 0.007334 -0.005452 | -1.0441
-2.243   -1.031   -0.6334  0.006788 0.007334 -0.005452 | -1.0441
-2.243   -1.031   -0.6334  0.006561 0.007334 -0.005452 | -1.0441
-2.243   -1.031   -0.6334  0.006561 0.007334 -0.005452 | -1.0441
-2.243   -1.031   -0.6334  0.006561 0.007334 -0.004359 | -1.0441
iteration 5...
-2.243   -1.031   -0.6334  0.006561 0.007334 -0.004359 | -1.0441
-2.243   -1.031   -0.6334  0.006561 0.007334 -0.004359 | -1.0441
-2.243   -1.031   -0.6334  0.006561 0.007334 -0.004359 | -1.0441
-2.243   -1.031   -0.6334  0.006561 0.007334 -0.004359 | -1.0441
-2.243   -1.031   -0.6334  0.006561 0.007334 -0.004359 | -1.0441
-2.243   -1.031   -0.6334  0.006561 0.007334 -0.004359 | -1.0441
Done    'Coregister: Estimate'
Done

CoReg Done in 36.307152 seconds

All done with coregistration.
>> >> 
No sandbox specified



Start   : Wed Nov 21 14:32:33 EST 2018
Finish  : Wed Nov 21 14:33:54 EST 2018


