
                            < M A T L A B (R) >
                  Copyright 1984-2015 The MathWorks, Inc.
                   R2015b (8.6.0.267246) 64-bit (glnxa64)
                              August 20, 2015

 
To get started, type one of these: helpwin, helpdesk, or demo.
For product information, visit www.mathworks.com.
 

	Academic License

>> >> >> >> Coregistation Script Created on 181121_14_01_42_240
>> >> >> >> >> >> [Warning: Name is nonexistent or not a directory:
/Users/rcwelsh/matlabScripts/WELLES/mfiles] 
[> In path (line 109)
  In addpath (line 86)] 
>> >> >> >> >> 
UMBatchJobName =

coregOverlay_181121_14_01_42_240_tehsheng_madcbrai

>> 
UMBatchProcessName =

coregOverlay

>> >> Initializing the job manager in SPM8

UMReSlice =

     0



Calling UMBatchCoReg with:
/nfs/fmri/Analysis/Sean_Working/Git_MADC/preprocess/../../Subjects_ABCDResting/madc1358_scan1/func//run_01/utprun_01.nii
/nfs/fmri/Analysis/Sean_Working/Subjects_ABCDResting/madc1358_scan1/func/coReg/t1mprage.nii
UMReSlice:0
Entering UMBatchCoReg V2.0 for SPM8
Coreging /nfs/fmri/Analysis/Sean_Working/Subjects_ABCDResting/madc1358_scan1/func/coReg/t1mprage.nii to
         /nfs/fmri/Analysis/Sean_Working/Git_MADC/preprocess/../../Subjects_ABCDResting/madc1358_scan1/func//run_01/utprun_01.nii


------------------------------------------------------------------------
Running job #1
------------------------------------------------------------------------
Running 'Coregister: Estimate'
iteration 1...
-2.964   0        0        0        0        0        | -1.0461
-2.964   3.389    0        0        0        0        | -1.0472
-2.964   3.389    0.1159   0        0        0        | -1.0472
-2.964   3.389    0.1159   -0.005023 0        0        | -1.0472
-2.964   3.389    0.1159   -0.005023 0.0006224 0        | -1.0473
-2.964   3.389    0.1159   -0.005023 0.0006224 0        | -1.0473
iteration 2...
-2.733   3.389    0.1159   -0.005023 0.0006224 0        | -1.0473
-2.733   3.324    0.1159   -0.005023 0.0006224 0        | -1.0473
-2.733   3.324    0.2399   -0.005023 0.0006224 0        | -1.0473
-2.733   3.324    0.2399   -0.006531 0.0006224 0        | -1.0473
-2.733   3.324    0.2399   -0.006531 0.003668 0        | -1.0473
-2.733   3.324    0.2399   -0.006531 0.003668 0.001967 | -1.0473
-2.577   3.279    0.3233   -0.007545 0.005716 0.003289 | -1.0473
iteration 3...
-2.577   3.279    0.3233   -0.007545 0.005716 0.003289 | -1.0473
-2.577   3.205    0.3233   -0.007545 0.005716 0.003289 | -1.0473
-2.577   3.205    0.3433   -0.007545 0.005716 0.003289 | -1.0473
-2.577   3.205    0.3433   -0.007545 0.005716 0.003289 | -1.0473
-2.577   3.205    0.3433   -0.007545 0.004475 0.003289 | -1.0473
-2.577   3.205    0.3433   -0.007545 0.004475 0.003289 | -1.0473
iteration 4...
-2.577   3.205    0.3433   -0.007545 0.004475 0.003289 | -1.0473
-2.577   3.233    0.3433   -0.007545 0.004475 0.003289 | -1.0473
-2.577   3.233    0.34     -0.007545 0.004475 0.003289 | -1.0473
-2.577   3.233    0.34     -0.007545 0.004475 0.003289 | -1.0473
-2.577   3.233    0.34     -0.007545 0.004166 0.003289 | -1.0473
-2.577   3.233    0.34     -0.007545 0.004166 0.003289 | -1.0473
iteration 5...
-2.577   3.233    0.34     -0.007545 0.004166 0.003289 | -1.0473
-2.577   3.223    0.34     -0.007545 0.004166 0.003289 | -1.0473
-2.577   3.223    0.34     -0.007545 0.004166 0.003289 | -1.0473
-2.577   3.223    0.34     -0.007545 0.004166 0.003289 | -1.0473
-2.577   3.223    0.34     -0.007545 0.004166 0.003289 | -1.0473
-2.577   3.223    0.34     -0.007545 0.004166 0.003289 | -1.0473
iteration 1...
-2.744   3.223    0.34     -0.007545 0.004166 0.003289 | -1.0471
-2.744   2.838    0.34     -0.007545 0.004166 0.003289 | -1.0471
-2.744   2.838    -0.005717 -0.007545 0.004166 0.003289 | -1.0471
-2.744   2.838    -0.005717 -0.01626 0.004166 0.003289 | -1.0471
-2.744   2.838    -0.005717 -0.01626 0.0129   0.003289 | -1.0472
-2.744   2.838    -0.005717 -0.01626 0.0129   -0.002306 | -1.0472
iteration 2...
-2.584   2.838    -0.005717 -0.01626 0.0129   -0.002306 | -1.0472
-2.584   2.698    -0.005717 -0.01626 0.0129   -0.002306 | -1.0472
-2.584   2.698    0.08708  -0.01626 0.0129   -0.002306 | -1.0472
-2.584   2.698    0.08708  -0.0177  0.0129   -0.002306 | -1.0472
-2.584   2.698    0.08708  -0.0177  0.01649  -0.002306 | -1.0472
-2.584   2.698    0.08708  -0.0177  0.01649  -0.002254 | -1.0472
-2.372   2.514    0.2099   -0.01961 0.02124  -0.002186 | -1.0472
iteration 3...
-2.323   2.514    0.2099   -0.01961 0.02124  -0.002186 | -1.0472
-2.323   2.581    0.2099   -0.01961 0.02124  -0.002186 | -1.0472
-2.323   2.581    0.2099   -0.01961 0.02124  -0.002186 | -1.0472
-2.323   2.581    0.2099   -0.01964 0.02124  -0.002186 | -1.0472
-2.342   2.598    0.1988   -0.01947 0.02081  -0.002192 | -1.0472
-2.342   2.598    0.1988   -0.01947 0.02081  -2.975e-05 | -1.0472
iteration 4...
-2.294   2.598    0.1988   -0.01947 0.02081  -2.975e-05 | -1.0472
-2.294   2.553    0.1988   -0.01947 0.02081  -2.975e-05 | -1.0472
-2.294   2.553    0.2154   -0.01947 0.02081  -2.975e-05 | -1.0472
-2.294   2.553    0.2154   -0.02058 0.02081  -2.975e-05 | -1.0472
-2.294   2.553    0.2154   -0.02058 0.02081  -2.975e-05 | -1.0472
-2.294   2.553    0.2154   -0.02058 0.02081  -2.975e-05 | -1.0472
iteration 5...
-2.294   2.553    0.2154   -0.02058 0.02081  -2.975e-05 | -1.0472
-2.294   2.527    0.2154   -0.02058 0.02081  -2.975e-05 | -1.0472
-2.294   2.527    0.2154   -0.02058 0.02081  -2.975e-05 | -1.0472
-2.294   2.527    0.2154   -0.02074 0.02081  -2.975e-05 | -1.0472
-2.294   2.527    0.2153   -0.02074 0.02081  -2.981e-05 | -1.0472
-2.294   2.527    0.2153   -0.02074 0.02081  -2.981e-05 | -1.0472
iteration 6...
-2.294   2.527    0.2153   -0.02074 0.02081  -2.981e-05 | -1.0472
-2.294   2.523    0.2153   -0.02074 0.02081  -2.981e-05 | -1.0472
-2.294   2.523    0.2196   -0.02074 0.02081  -2.981e-05 | -1.0472
-2.294   2.523    0.2196   -0.02074 0.02081  -2.981e-05 | -1.0472
-2.294   2.523    0.2196   -0.02074 0.02081  -2.981e-05 | -1.0472
-2.294   2.523    0.2196   -0.02074 0.02081  -2.981e-05 | -1.0472
Done    'Coregister: Estimate'
Done

CoReg Done in 38.243487 seconds

All done with coregistration.
>> >> 
No sandbox specified



Start   : Wed Nov 21 14:01:44 EST 2018
Finish  : Wed Nov 21 14:03:00 EST 2018


