
                            < M A T L A B (R) >
                  Copyright 1984-2015 The MathWorks, Inc.
                   R2015b (8.6.0.267246) 64-bit (glnxa64)
                              August 20, 2015

 
To get started, type one of these: helpwin, helpdesk, or demo.
For product information, visit www.mathworks.com.
 

	Academic License

>> >> >> >> Coregistation Script Created on 181121_19_34_03_003
>> >> >> >> >> >> [Warning: Name is nonexistent or not a directory:
/Users/rcwelsh/matlabScripts/WELLES/mfiles] 
[> In path (line 109)
  In addpath (line 86)] 
>> >> >> >> >> 
UMBatchJobName =

coregOverlay_181121_19_34_03_003_tehsheng_madcbrai

>> 
UMBatchProcessName =

coregOverlay

>> >> Initializing the job manager in SPM8

UMReSlice =

     0



Calling UMBatchCoReg with:
/nfs/fmri/Analysis/Sean_Working/Git_MADC/preprocess/../../Subjects_ABCDResting/madc1387_scan1/func//run_01/utprun_01.nii
/nfs/fmri/Analysis/Sean_Working/Subjects_ABCDResting/madc1387_scan1/func/coReg/t1mprage.nii
UMReSlice:0
Entering UMBatchCoReg V2.0 for SPM8
Coreging /nfs/fmri/Analysis/Sean_Working/Subjects_ABCDResting/madc1387_scan1/func/coReg/t1mprage.nii to
         /nfs/fmri/Analysis/Sean_Working/Git_MADC/preprocess/../../Subjects_ABCDResting/madc1387_scan1/func//run_01/utprun_01.nii


------------------------------------------------------------------------
Running job #1
------------------------------------------------------------------------
Running 'Coregister: Estimate'
iteration 1...
-1.077   0        0        0        0        0        | -1.0438
-1.077   0.4879   0        0        0        0        | -1.0439
-1.077   0.4879   -1.988   0        0        0        | -1.0447
-1.077   0.4879   -1.988   0.02485  0        0        | -1.045
-1.077   0.4879   -1.988   0.02485  0.006732 0        | -1.045
-1.077   0.4879   -1.988   0.02485  0.006732 0        | -1.045
iteration 2...
-1.171   0.4879   -1.988   0.02485  0.006732 0        | -1.045
-1.171   0.2551   -1.988   0.02485  0.006732 0        | -1.045
-1.171   0.2551   -1.674   0.02485  0.006732 0        | -1.045
-1.171   0.2551   -1.674   0.0283   0.006732 0        | -1.045
-1.171   0.2551   -1.674   0.0283   0.01541  0        | -1.045
-1.171   0.2551   -1.674   0.0283   0.01541  -0.0007707 | -1.045
iteration 3...
-1.135   0.2551   -1.674   0.0283   0.01541  -0.0007707 | -1.045
-1.135   0.1708   -1.674   0.0283   0.01541  -0.0007707 | -1.045
-1.135   0.1708   -1.612   0.0283   0.01541  -0.0007707 | -1.045
-1.135   0.1708   -1.612   0.0283   0.01541  -0.0007707 | -1.045
-1.135   0.1708   -1.612   0.0283   0.01541  -0.0007707 | -1.045
-1.135   0.1708   -1.612   0.0283   0.01541  -0.001205 | -1.045
iteration 4...
-1.081   0.1708   -1.612   0.0283   0.01541  -0.001205 | -1.045
-1.081   0.1611   -1.612   0.0283   0.01541  -0.001205 | -1.045
-1.081   0.1611   -1.612   0.0283   0.01541  -0.001205 | -1.045
-1.081   0.1611   -1.612   0.0283   0.01541  -0.001205 | -1.045
-1.081   0.1611   -1.612   0.0283   0.01541  -0.001205 | -1.045
-1.081   0.1611   -1.612   0.0283   0.01541  -0.001205 | -1.045
iteration 5...
-1.081   0.1611   -1.612   0.0283   0.01541  -0.001205 | -1.045
-1.081   0.1611   -1.612   0.0283   0.01541  -0.001205 | -1.045
-1.081   0.1611   -1.612   0.0283   0.01541  -0.001205 | -1.045
-1.081   0.1611   -1.612   0.0283   0.01541  -0.001205 | -1.045
-1.081   0.1611   -1.612   0.0283   0.01541  -0.001205 | -1.045
-1.081   0.1611   -1.612   0.0283   0.01541  -0.001205 | -1.045
iteration 1...
-1.118   0.1611   -1.612   0.0283   0.01541  -0.001205 | -1.0449
-1.118   0.1611   -1.612   0.0283   0.01541  -0.001205 | -1.0449
-1.118   0.1611   -1.873   0.0283   0.01541  -0.001205 | -1.0449
-1.118   0.1611   -1.873   0.02718  0.01541  -0.001205 | -1.0449
-1.118   0.1611   -1.873   0.02718  0.008201 -0.001205 | -1.0449
-1.118   0.1611   -1.873   0.02718  0.008201 0.005591 | -1.045
iteration 2...
-1.218   0.1611   -1.873   0.02718  0.008201 0.005591 | -1.045
-1.218   0.2942   -1.873   0.02718  0.008201 0.005591 | -1.045
-1.218   0.2942   -1.915   0.02718  0.008201 0.005591 | -1.045
-1.218   0.2942   -1.915   0.02703  0.008201 0.005591 | -1.045
-1.218   0.2942   -1.915   0.02703  0.008532 0.005591 | -1.045
-1.218   0.2942   -1.915   0.02703  0.008532 0.005591 | -1.045
iteration 3...
-1.218   0.2942   -1.915   0.02703  0.008532 0.005591 | -1.045
-1.218   0.3068   -1.915   0.02703  0.008532 0.005591 | -1.045
-1.218   0.3068   -1.917   0.02703  0.008532 0.005591 | -1.045
-1.218   0.3068   -1.917   0.02694  0.008532 0.005591 | -1.045
-1.218   0.3068   -1.917   0.02694  0.008532 0.005591 | -1.045
-1.218   0.3068   -1.917   0.02694  0.008532 0.005591 | -1.045
Done    'Coregister: Estimate'
Done

CoReg Done in 24.582277 seconds

All done with coregistration.
>> >> 
No sandbox specified



Start   : Wed Nov 21 19:34:06 EST 2018
Finish  : Wed Nov 21 19:35:08 EST 2018


