
                            < M A T L A B (R) >
                  Copyright 1984-2015 The MathWorks, Inc.
                   R2015b (8.6.0.267246) 64-bit (glnxa64)
                              August 20, 2015

 
To get started, type one of these: helpwin, helpdesk, or demo.
For product information, visit www.mathworks.com.
 

	Academic License

>> >> >> >> Coregistation Script Created on 181121_16_34_57_083
>> >> >> >> >> >> [Warning: Name is nonexistent or not a directory:
/Users/rcwelsh/matlabScripts/WELLES/mfiles] 
[> In path (line 109)
  In addpath (line 86)] 
>> >> >> >> >> 
UMBatchJobName =

coregOverlay_181121_16_34_57_083_tehsheng_madcbrai

>> 
UMBatchProcessName =

coregOverlay

>> >> Initializing the job manager in SPM8

UMReSlice =

     0



Calling UMBatchCoReg with:
/nfs/fmri/Analysis/Sean_Working/Git_MADC/preprocess/../../Subjects_ABCDResting/madc1374_scan1/func//run_01/utprun_01.nii
/nfs/fmri/Analysis/Sean_Working/Subjects_ABCDResting/madc1374_scan1/func/coReg/t1mprage.nii
UMReSlice:0
Entering UMBatchCoReg V2.0 for SPM8
Coreging /nfs/fmri/Analysis/Sean_Working/Subjects_ABCDResting/madc1374_scan1/func/coReg/t1mprage.nii to
         /nfs/fmri/Analysis/Sean_Working/Git_MADC/preprocess/../../Subjects_ABCDResting/madc1374_scan1/func//run_01/utprun_01.nii


------------------------------------------------------------------------
Running job #1
------------------------------------------------------------------------
Running 'Coregister: Estimate'
iteration 1...
-0.0401  0        0        0        0        0        | -1.0456
-0.0401  0.9746   0        0        0        0        | -1.0457
-0.0401  0.9746   -3.035   0        0        0        | -1.0459
-0.0401  0.9746   -3.035   0.1641   0        0        | -1.0474
-0.0401  0.9746   -3.035   0.1641   0.01067  0        | -1.0474
-0.0401  0.9746   -3.035   0.1641   0.01067  0.00414  | -1.0474
iteration 2...
-0.4775  0.9746   -3.035   0.1641   0.01067  0.00414  | -1.0475
-0.4775  1.375    -3.035   0.1641   0.01067  0.00414  | -1.0475
-0.4775  1.375    -4.314   0.1641   0.01067  0.00414  | -1.0476
-0.4775  1.375    -4.314   0.1592   0.01067  0.00414  | -1.0476
-0.4775  1.375    -4.314   0.1592   0.008686 0.00414  | -1.0476
-0.4775  1.375    -4.314   0.1592   0.008686 0.005868 | -1.0476
iteration 3...
-0.5154  1.375    -4.314   0.1592   0.008686 0.005868 | -1.0476
-0.5154  1.525    -4.314   0.1592   0.008686 0.005868 | -1.0476
-0.5154  1.525    -4.314   0.1592   0.008686 0.005868 | -1.0476
-0.5154  1.525    -4.314   0.1578   0.008686 0.005868 | -1.0476
-0.5154  1.525    -4.314   0.1578   0.009806 0.005868 | -1.0476
-0.5154  1.525    -4.314   0.1578   0.009806 0.01036  | -1.0476
iteration 4...
-0.4713  1.525    -4.314   0.1578   0.009806 0.01036  | -1.0476
-0.4713  1.633    -4.314   0.1578   0.009806 0.01036  | -1.0476
-0.4713  1.633    -4.522   0.1578   0.009806 0.01036  | -1.0476
-0.4713  1.633    -4.522   0.1552   0.009806 0.01036  | -1.0476
-0.4713  1.633    -4.522   0.1552   0.02649  0.01036  | -1.0476
-0.4713  1.633    -4.522   0.1552   0.02649  0.01171  | -1.0476
iteration 5...
-0.5669  1.633    -4.522   0.1552   0.02649  0.01171  | -1.0477
-0.5669  1.599    -4.522   0.1552   0.02649  0.01171  | -1.0477
-0.5669  1.599    -4.676   0.1552   0.02649  0.01171  | -1.0477
-0.5669  1.599    -4.676   0.1552   0.02649  0.01171  | -1.0477
-0.5669  1.599    -4.676   0.1552   0.02649  0.01171  | -1.0477
-0.5669  1.599    -4.676   0.1552   0.02649  0.0116   | -1.0477
iteration 6...
-0.5684  1.599    -4.676   0.1552   0.02649  0.0116   | -1.0477
-0.5684  1.599    -4.676   0.1552   0.02649  0.0116   | -1.0477
-0.5684  1.599    -4.676   0.1552   0.02649  0.0116   | -1.0477
-0.5684  1.599    -4.676   0.1552   0.02649  0.0116   | -1.0477
-0.5684  1.599    -4.676   0.1552   0.02649  0.0116   | -1.0477
-0.5684  1.599    -4.676   0.1552   0.02649  0.0116   | -1.0477
iteration 1...
-0.4026  1.599    -4.676   0.1552   0.02649  0.0116   | -1.0473
-0.4026  2.275    -4.676   0.1552   0.02649  0.0116   | -1.0473
-0.4026  2.275    -4.525   0.1552   0.02649  0.0116   | -1.0473
-0.4026  2.275    -4.525   0.128    0.02649  0.0116   | -1.0473
-0.4026  2.275    -4.525   0.128    0.02868  0.0116   | -1.0474
-0.4026  2.275    -4.525   0.128    0.02868  0.0116   | -1.0474
iteration 2...
-0.4026  2.275    -4.525   0.128    0.02868  0.0116   | -1.0474
-0.4026  2.271    -4.525   0.128    0.02868  0.0116   | -1.0474
-0.4026  2.271    -3.883   0.128    0.02868  0.0116   | -1.0474
-0.4026  2.271    -3.883   0.1241   0.02868  0.0116   | -1.0474
-0.4026  2.271    -3.883   0.1241   0.02632  0.0116   | -1.0474
-0.4026  2.271    -3.883   0.1241   0.02632  0.01294  | -1.0474
iteration 3...
-0.4195  2.271    -3.883   0.1241   0.02632  0.01294  | -1.0474
-0.4195  2.283    -3.883   0.1241   0.02632  0.01294  | -1.0474
-0.4195  2.283    -3.783   0.1241   0.02632  0.01294  | -1.0474
-0.4195  2.283    -3.783   0.1241   0.02632  0.01294  | -1.0474
-0.4195  2.283    -3.783   0.1241   0.02632  0.01294  | -1.0474
-0.4195  2.283    -3.783   0.1241   0.02632  0.01286  | -1.0474
iteration 4...
-0.4195  2.283    -3.783   0.1241   0.02632  0.01286  | -1.0474
-0.4195  2.3      -3.783   0.1241   0.02632  0.01286  | -1.0474
-0.4195  2.3      -3.783   0.1241   0.02632  0.01286  | -1.0474
-0.4195  2.3      -3.783   0.1232   0.02632  0.01286  | -1.0474
-0.4195  2.3      -3.783   0.1232   0.02632  0.01286  | -1.0474
-0.4195  2.3      -3.783   0.1232   0.02632  0.01286  | -1.0474
iteration 5...
-0.4195  2.3      -3.783   0.1232   0.02632  0.01286  | -1.0474
-0.4195  2.305    -3.783   0.1232   0.02632  0.01286  | -1.0474
-0.4195  2.305    -3.761   0.1232   0.02632  0.01286  | -1.0474
-0.4195  2.305    -3.761   0.1232   0.02632  0.01286  | -1.0474
-0.4195  2.305    -3.761   0.1232   0.02632  0.01286  | -1.0474
-0.4195  2.305    -3.761   0.1232   0.02632  0.01286  | -1.0474
iteration 6...
-0.4195  2.305    -3.761   0.1232   0.02632  0.01286  | -1.0474
-0.4195  2.304    -3.761   0.1232   0.02632  0.01286  | -1.0474
-0.4195  2.304    -3.761   0.1232   0.02632  0.01286  | -1.0474
-0.4195  2.304    -3.761   0.1232   0.02632  0.01286  | -1.0474
-0.4195  2.304    -3.761   0.1232   0.02632  0.01286  | -1.0474
-0.4195  2.304    -3.761   0.1232   0.02632  0.01286  | -1.0474
Done    'Coregister: Estimate'
Done

CoReg Done in 38.891796 seconds

All done with coregistration.
>> >> 
No sandbox specified



Start   : Wed Nov 21 16:35:00 EST 2018
Finish  : Wed Nov 21 16:36:14 EST 2018


