
                            < M A T L A B (R) >
                  Copyright 1984-2015 The MathWorks, Inc.
                   R2015b (8.6.0.267246) 64-bit (glnxa64)
                              August 20, 2015

 
To get started, type one of these: helpwin, helpdesk, or demo.
For product information, visit www.mathworks.com.
 

	Academic License

>> >> >> >> Coregistation Script Created on 181121_20_51_15_449
>> >> >> >> >> >> [Warning: Name is nonexistent or not a directory:
/Users/rcwelsh/matlabScripts/WELLES/mfiles] 
[> In path (line 109)
  In addpath (line 86)] 
>> >> >> >> >> 
UMBatchJobName =

coregOverlay_181121_20_51_15_449_tehsheng_madcbrai

>> 
UMBatchProcessName =

coregOverlay

>> >> Initializing the job manager in SPM8

UMReSlice =

     0



Calling UMBatchCoReg with:
/nfs/fmri/Analysis/Sean_Working/Git_MADC/preprocess/../../Subjects_ABCDResting/madc1393_scan1/func//run_01/utprun_01.nii
/nfs/fmri/Analysis/Sean_Working/Subjects_ABCDResting/madc1393_scan1/func/coReg/t1mprage.nii
UMReSlice:0
Entering UMBatchCoReg V2.0 for SPM8
Coreging /nfs/fmri/Analysis/Sean_Working/Subjects_ABCDResting/madc1393_scan1/func/coReg/t1mprage.nii to
         /nfs/fmri/Analysis/Sean_Working/Git_MADC/preprocess/../../Subjects_ABCDResting/madc1393_scan1/func//run_01/utprun_01.nii


------------------------------------------------------------------------
Running job #1
------------------------------------------------------------------------
Running 'Coregister: Estimate'
iteration 1...
-0.5614  0        0        0        0        0        | -1.0475
-0.5614  1.597    0        0        0        0        | -1.0478
-0.5614  1.597    -1.311   0        0        0        | -1.0483
-0.5614  1.597    -1.311   0.01639  0        0        | -1.0484
-0.5614  1.597    -1.311   0.01639  0.01099  0        | -1.0485
-0.5614  1.597    -1.311   0.01639  0.01099  -0.005071 | -1.0485
iteration 2...
-0.3865  1.597    -1.311   0.01639  0.01099  -0.005071 | -1.0485
-0.3865  1.518    -1.311   0.01639  0.01099  -0.005071 | -1.0485
-0.3865  1.518    -1.478   0.01639  0.01099  -0.005071 | -1.0486
-0.3865  1.518    -1.478   0.02064  0.01099  -0.005071 | -1.0486
-0.3865  1.518    -1.478   0.02064  0.01258  -0.005071 | -1.0486
-0.3865  1.518    -1.478   0.02064  0.01258  -0.004653 | -1.0486
iteration 3...
-0.3924  1.518    -1.478   0.02064  0.01258  -0.004653 | -1.0486
-0.3924  1.553    -1.478   0.02064  0.01258  -0.004653 | -1.0486
-0.3924  1.553    -1.563   0.02064  0.01258  -0.004653 | -1.0486
-0.3924  1.553    -1.563   0.0218   0.01258  -0.004653 | -1.0486
-0.3924  1.553    -1.563   0.0218   0.01258  -0.004653 | -1.0486
-0.3924  1.553    -1.563   0.0218   0.01258  -0.004653 | -1.0486
iteration 4...
-0.3924  1.553    -1.563   0.0218   0.01258  -0.004653 | -1.0486
-0.3924  1.553    -1.563   0.0218   0.01258  -0.004653 | -1.0486
-0.3924  1.553    -1.563   0.0218   0.01258  -0.004653 | -1.0486
-0.3924  1.553    -1.563   0.0218   0.01258  -0.004653 | -1.0486
-0.3924  1.553    -1.563   0.0218   0.01258  -0.004653 | -1.0486
-0.3924  1.553    -1.563   0.0218   0.01258  -0.004653 | -1.0486
iteration 1...
-0.3072  1.553    -1.563   0.0218   0.01258  -0.004653 | -1.0486
-0.3072  1.758    -1.563   0.0218   0.01258  -0.004653 | -1.0487
-0.3072  1.758    -1.736   0.0218   0.01258  -0.004653 | -1.0487
-0.3072  1.758    -1.736   0.02157  0.01258  -0.004653 | -1.0487
-0.3072  1.758    -1.736   0.02157  0.01738  -0.004653 | -1.0487
-0.3072  1.758    -1.736   0.02157  0.01738  -0.006354 | -1.0487
iteration 2...
-0.3096  1.758    -1.736   0.02157  0.01738  -0.006354 | -1.0487
-0.3096  1.748    -1.736   0.02157  0.01738  -0.006354 | -1.0487
-0.3096  1.748    -1.748   0.02157  0.01738  -0.006354 | -1.0487
-0.3096  1.748    -1.748   0.02248  0.01738  -0.006354 | -1.0487
-0.3096  1.748    -1.748   0.02248  0.01738  -0.006354 | -1.0487
-0.3096  1.748    -1.748   0.02248  0.01738  -0.006354 | -1.0487
iteration 3...
-0.3096  1.748    -1.748   0.02248  0.01738  -0.006354 | -1.0487
-0.3096  1.748    -1.748   0.02248  0.01738  -0.006354 | -1.0487
-0.3096  1.748    -1.762   0.02248  0.01738  -0.006354 | -1.0487
-0.3096  1.748    -1.762   0.02255  0.01738  -0.006354 | -1.0487
-0.3096  1.748    -1.762   0.02255  0.01738  -0.006354 | -1.0487
-0.3096  1.748    -1.762   0.02255  0.01738  -0.006354 | -1.0487
Done    'Coregister: Estimate'
Done

CoReg Done in 20.670496 seconds

All done with coregistration.
>> >> 
No sandbox specified



Start   : Wed Nov 21 20:51:17 EST 2018
Finish  : Wed Nov 21 20:52:11 EST 2018


