
                            < M A T L A B (R) >
                  Copyright 1984-2015 The MathWorks, Inc.
                   R2015b (8.6.0.267246) 64-bit (glnxa64)
                              August 20, 2015

 
To get started, type one of these: helpwin, helpdesk, or demo.
For product information, visit www.mathworks.com.
 

	Academic License

>> >> >> >> Coregistation Script Created on 181122_01_54_22_453
>> >> >> >> >> >> [Warning: Name is nonexistent or not a directory:
/Users/rcwelsh/matlabScripts/WELLES/mfiles] 
[> In path (line 109)
  In addpath (line 86)] 
>> >> >> >> >> 
UMBatchJobName =

coregOverlay_181122_01_54_22_453_tehsheng_madcbrai

>> 
UMBatchProcessName =

coregOverlay

>> >> Initializing the job manager in SPM8

UMReSlice =

     0



Calling UMBatchCoReg with:
/nfs/fmri/Analysis/Sean_Working/Git_MADC/preprocess/../../Subjects_ABCDResting/madc1458_scan1/func//run_01/utprun_01.nii
/nfs/fmri/Analysis/Sean_Working/Subjects_ABCDResting/madc1458_scan1/func/coReg/t1mprage.nii
UMReSlice:0
Entering UMBatchCoReg V2.0 for SPM8
Coreging /nfs/fmri/Analysis/Sean_Working/Subjects_ABCDResting/madc1458_scan1/func/coReg/t1mprage.nii to
         /nfs/fmri/Analysis/Sean_Working/Git_MADC/preprocess/../../Subjects_ABCDResting/madc1458_scan1/func//run_01/utprun_01.nii


------------------------------------------------------------------------
Running job #1
------------------------------------------------------------------------
Running 'Coregister: Estimate'
iteration 1...
-0.8361  0        0        0        0        0        | -1.0568
-0.8361  1.816    0        0        0        0        | -1.0571
-0.8361  1.816    -1.502   0        0        0        | -1.0577
-0.8361  1.816    -1.502   0.05236  0        0        | -1.0583
-0.8361  1.816    -1.502   0.05236  0        0        | -1.0583
-0.8361  1.816    -1.502   0.05236  0        0.0259   | -1.0587
iteration 2...
-0.6908  1.816    -1.502   0.05236  0        0.0259   | -1.0587
-0.6908  2.271    -1.502   0.05236  0        0.0259   | -1.0587
-0.6908  2.271    -1.544   0.05236  0        0.0259   | -1.0587
-0.6908  2.271    -1.544   0.07236  0        0.0259   | -1.0588
-0.6908  2.271    -1.544   0.07236  0.00223  0.0259   | -1.0588
-0.6908  2.271    -1.544   0.07236  0.00223  0.0243   | -1.0588
iteration 3...
-0.68    2.271    -1.544   0.07236  0.00223  0.0243   | -1.0588
-0.68    2.546    -1.544   0.07236  0.00223  0.0243   | -1.0588
-0.68    2.546    -1.701   0.07236  0.00223  0.0243   | -1.0589
-0.68    2.546    -1.701   0.07388  0.00223  0.0243   | -1.0589
-0.68    2.546    -1.701   0.07388  0.00223  0.0243   | -1.0589
-0.68    2.546    -1.701   0.07388  0.00223  0.0243   | -1.0589
iteration 4...
-0.68    2.546    -1.701   0.07388  0.00223  0.0243   | -1.0589
-0.68    2.563    -1.701   0.07388  0.00223  0.0243   | -1.0589
-0.68    2.563    -1.747   0.07388  0.00223  0.0243   | -1.0589
-0.68    2.563    -1.747   0.07414  0.00223  0.0243   | -1.0589
-0.68    2.563    -1.747   0.07414  0.00223  0.0243   | -1.0589
-0.68    2.563    -1.747   0.07414  0.00223  0.0243   | -1.0589
iteration 5...
-0.68    2.563    -1.747   0.07414  0.00223  0.0243   | -1.0589
-0.68    2.573    -1.747   0.07414  0.00223  0.0243   | -1.0589
-0.68    2.573    -1.747   0.07414  0.00223  0.0243   | -1.0589
-0.68    2.573    -1.747   0.07423  0.00223  0.0243   | -1.0589
-0.68    2.573    -1.747   0.07423  0.00223  0.0243   | -1.0589
-0.68    2.573    -1.747   0.07423  0.00223  0.0243   | -1.0589
iteration 1...
-0.68    2.573    -1.747   0.07423  0.00223  0.0243   | -1.0586
-0.68    2.593    -1.747   0.07423  0.00223  0.0243   | -1.0586
-0.68    2.593    -1.905   0.07423  0.00223  0.0243   | -1.0586
-0.68    2.593    -1.905   0.07012  0.00223  0.0243   | -1.0586
-0.68    2.593    -1.905   0.07012  0.01094  0.0243   | -1.0587
-0.68    2.593    -1.905   0.07012  0.01094  0.02204  | -1.0587
iteration 2...
-0.6544  2.593    -1.905   0.07012  0.01094  0.02204  | -1.0587
-0.6544  2.629    -1.905   0.07012  0.01094  0.02204  | -1.0587
-0.6544  2.629    -1.864   0.07012  0.01094  0.02204  | -1.0587
-0.6544  2.629    -1.864   0.06789  0.01094  0.02204  | -1.0587
-0.6544  2.629    -1.864   0.06789  0.01094  0.02204  | -1.0587
-0.6544  2.629    -1.864   0.06789  0.01094  0.02204  | -1.0587
iteration 3...
-0.6544  2.629    -1.864   0.06789  0.01094  0.02204  | -1.0587
-0.6544  2.608    -1.864   0.06789  0.01094  0.02204  | -1.0587
-0.6544  2.608    -1.864   0.06789  0.01094  0.02204  | -1.0587
-0.6544  2.608    -1.864   0.06789  0.01094  0.02204  | -1.0587
-0.6544  2.608    -1.864   0.06789  0.01094  0.02204  | -1.0587
-0.6544  2.608    -1.864   0.06789  0.01094  0.02204  | -1.0587
iteration 4...
-0.6544  2.608    -1.864   0.06789  0.01094  0.02204  | -1.0587
-0.6544  2.608    -1.864   0.06789  0.01094  0.02204  | -1.0587
-0.6544  2.608    -1.864   0.06789  0.01094  0.02204  | -1.0587
-0.6544  2.608    -1.864   0.06789  0.01094  0.02204  | -1.0587
-0.6544  2.608    -1.864   0.06789  0.01094  0.02204  | -1.0587
-0.6544  2.608    -1.864   0.06789  0.01094  0.02204  | -1.0587
Done    'Coregister: Estimate'
Done

CoReg Done in 25.323088 seconds

All done with coregistration.
>> >> 
No sandbox specified



Start   : Thu Nov 22 01:54:24 EST 2018
Finish  : Thu Nov 22 01:55:21 EST 2018


