
                            < M A T L A B (R) >
                  Copyright 1984-2015 The MathWorks, Inc.
                   R2015b (8.6.0.267246) 64-bit (glnxa64)
                              August 20, 2015

 
To get started, type one of these: helpwin, helpdesk, or demo.
For product information, visit www.mathworks.com.
 

	Academic License

>> >> >> >> Coregistation Script Created on 181121_12_47_38_064
>> >> >> >> >> >> [Warning: Name is nonexistent or not a directory:
/Users/rcwelsh/matlabScripts/WELLES/mfiles] 
[> In path (line 109)
  In addpath (line 86)] 
>> >> >> >> >> 
UMBatchJobName =

coregOverlay_181121_12_47_38_064_tehsheng_madcbrai

>> 
UMBatchProcessName =

coregOverlay

>> >> Initializing the job manager in SPM8

UMReSlice =

     0



Calling UMBatchCoReg with:
/nfs/fmri/Analysis/Sean_Working/Git_MADC/preprocess/../../Subjects_ABCDResting/madc0768_scan1/func//run_01/utprun_01.nii
/nfs/fmri/Analysis/Sean_Working/Subjects_ABCDResting/madc0768_scan1/func/coReg/t1mprage.nii
UMReSlice:0
Entering UMBatchCoReg V2.0 for SPM8
Coreging /nfs/fmri/Analysis/Sean_Working/Subjects_ABCDResting/madc0768_scan1/func/coReg/t1mprage.nii to
         /nfs/fmri/Analysis/Sean_Working/Git_MADC/preprocess/../../Subjects_ABCDResting/madc0768_scan1/func//run_01/utprun_01.nii


------------------------------------------------------------------------
Running job #1
------------------------------------------------------------------------
Running 'Coregister: Estimate'
iteration 1...
0.01496  0        0        0        0        0        | -1.0481
0.01496  0.1072   0        0        0        0        | -1.0481
0.01496  0.1072   -1.373   0        0        0        | -1.0483
0.01496  0.1072   -1.373   6.263e-06 0        0        | -1.0483
0.01496  0.1072   -1.373   6.263e-06 0        0        | -1.0483
0.01496  0.1072   -1.373   6.263e-06 0        0        | -1.0483
iteration 2...
0.01496  0.1072   -1.373   6.263e-06 0        0        | -1.0483
0.01496  2.037    -1.373   6.263e-06 0        0        | -1.0484
0.01496  2.037    -2.089   6.263e-06 0        0        | -1.0485
0.01496  2.037    -2.089   -0.003266 0        0        | -1.0485
0.01496  2.037    -2.089   -0.003266 0        0        | -1.0485
0.01496  2.037    -2.089   -0.003266 0        0        | -1.0485
iteration 3...
-0.2777  2.037    -2.089   -0.003266 0        0        | -1.0485
-0.2777  2.154    -2.089   -0.003266 0        0        | -1.0485
-0.2777  2.154    -2.173   -0.003266 0        0        | -1.0485
-0.2777  2.154    -2.173   -0.004086 0        0        | -1.0485
-0.2777  2.154    -2.173   -0.004086 0.001378 0        | -1.0485
-0.2777  2.154    -2.173   -0.004086 0.001378 0.007285 | -1.0485
iteration 4...
-0.2777  2.154    -2.173   -0.004086 0.001378 0.007285 | -1.0485
-0.2777  1.947    -2.173   -0.004086 0.001378 0.007285 | -1.0485
-0.2777  1.947    -2.144   -0.004086 0.001378 0.007285 | -1.0485
-0.2777  1.947    -2.144   -0.004086 0.001378 0.007285 | -1.0485
-0.2777  1.947    -2.144   -0.004086 0.001378 0.007285 | -1.0485
-0.2777  1.947    -2.144   -0.004086 0.001378 0.009498 | -1.0485
iteration 5...
-0.2777  1.947    -2.144   -0.004086 0.001378 0.009498 | -1.0485
-0.2777  1.91     -2.144   -0.004086 0.001378 0.009498 | -1.0485
-0.2777  1.91     -2.109   -0.004086 0.001378 0.009498 | -1.0485
-0.2777  1.91     -2.109   -0.003977 0.001378 0.009498 | -1.0485
-0.2777  1.91     -2.109   -0.003977 0.001378 0.009498 | -1.0485
-0.2777  1.91     -2.109   -0.003977 0.001378 0.009498 | -1.0485
iteration 6...
-0.2777  1.91     -2.109   -0.003977 0.001378 0.009498 | -1.0485
-0.2777  1.91     -2.109   -0.003977 0.001378 0.009498 | -1.0485
-0.2777  1.91     -2.122   -0.003977 0.001378 0.009498 | -1.0485
-0.2777  1.91     -2.122   -0.003888 0.001378 0.009498 | -1.0485
-0.2777  1.91     -2.122   -0.003888 0.001447 0.009498 | -1.0485
-0.2777  1.91     -2.122   -0.003888 0.001447 0.009498 | -1.0485
iteration 1...
-0.2681  1.91     -2.122   -0.003888 0.001447 0.009498 | -1.0482
-0.2681  1.701    -2.122   -0.003888 0.001447 0.009498 | -1.0482
-0.2681  1.701    -1.823   -0.003888 0.001447 0.009498 | -1.0482
-0.2681  1.701    -1.823   0.01611  0.001447 0.009498 | -1.0482
-0.2681  1.701    -1.823   0.01611  0.001447 0.009498 | -1.0482
-0.2681  1.701    -1.823   0.01611  0.001447 0.008052 | -1.0482
iteration 2...
-0.252   1.701    -1.823   0.01611  0.001447 0.008052 | -1.0482
-0.252   1.695    -1.823   0.01611  0.001447 0.008052 | -1.0482
-0.252   1.695    -1.978   0.01611  0.001447 0.008052 | -1.0482
-0.252   1.695    -1.978   0.01611  0.001447 0.008052 | -1.0482
-0.252   1.695    -1.978   0.01611  0.001447 0.008052 | -1.0482
-0.252   1.695    -1.978   0.01611  0.001447 0.008052 | -1.0482
iteration 3...
-0.252   1.695    -1.978   0.01611  0.001447 0.008052 | -1.0482
-0.252   1.73     -1.978   0.01611  0.001447 0.008052 | -1.0482
-0.252   1.73     -1.983   0.01611  0.001447 0.008052 | -1.0482
-0.252   1.73     -1.983   0.01611  0.001447 0.008052 | -1.0482
-0.252   1.73     -1.983   0.01611  0.001447 0.008052 | -1.0482
-0.252   1.73     -1.983   0.01611  0.001447 0.008052 | -1.0482
iteration 4...
-0.252   1.73     -1.983   0.01611  0.001447 0.008052 | -1.0482
-0.252   1.73     -1.983   0.01611  0.001447 0.008052 | -1.0482
-0.252   1.73     -1.983   0.01611  0.001447 0.008052 | -1.0482
-0.252   1.73     -1.983   0.01611  0.001447 0.008052 | -1.0482
-0.252   1.73     -1.983   0.01611  0.001447 0.008052 | -1.0482
-0.252   1.73     -1.983   0.01611  0.001447 0.008052 | -1.0482
Done    'Coregister: Estimate'
Done

CoReg Done in 31.986717 seconds

All done with coregistration.
>> >> 
No sandbox specified



Start   : Wed Nov 21 12:47:42 EST 2018
Finish  : Wed Nov 21 12:49:00 EST 2018


