
                            < M A T L A B (R) >
                  Copyright 1984-2015 The MathWorks, Inc.
                   R2015b (8.6.0.267246) 64-bit (glnxa64)
                              August 20, 2015

 
To get started, type one of these: helpwin, helpdesk, or demo.
For product information, visit www.mathworks.com.
 

	Academic License

>> >> >> >> Coregistation Script Created on 181121_22_35_00_171
>> >> >> >> >> >> [Warning: Name is nonexistent or not a directory:
/Users/rcwelsh/matlabScripts/WELLES/mfiles] 
[> In path (line 109)
  In addpath (line 86)] 
>> >> >> >> >> 
UMBatchJobName =

coregOverlay_181121_22_35_00_171_tehsheng_madcbrai

>> 
UMBatchProcessName =

coregOverlay

>> >> Initializing the job manager in SPM8

UMReSlice =

     0



Calling UMBatchCoReg with:
/nfs/fmri/Analysis/Sean_Working/Git_MADC/preprocess/../../Subjects_ABCDResting/madc1315_scan1/func//run_01/utprun_01.nii
/nfs/fmri/Analysis/Sean_Working/Subjects_ABCDResting/madc1315_scan1/func/coReg/t1mprage.nii
UMReSlice:0
Entering UMBatchCoReg V2.0 for SPM8
Coreging /nfs/fmri/Analysis/Sean_Working/Subjects_ABCDResting/madc1315_scan1/func/coReg/t1mprage.nii to
         /nfs/fmri/Analysis/Sean_Working/Git_MADC/preprocess/../../Subjects_ABCDResting/madc1315_scan1/func//run_01/utprun_01.nii


------------------------------------------------------------------------
Running job #1
------------------------------------------------------------------------
Running 'Coregister: Estimate'
iteration 1...
-1.69    0        0        0        0        0        | -1.0489
-1.69    1.978    0        0        0        0        | -1.0495
-1.69    1.978    -1.114   0        0        0        | -1.0497
-1.69    1.978    -1.114   0.02166  0        0        | -1.0498
-1.69    1.978    -1.114   0.02166  -0.01662 0        | -1.0499
-1.69    1.978    -1.114   0.02166  -0.01662 -0.01298 | -1.05
iteration 2...
-1.526   1.978    -1.114   0.02166  -0.01662 -0.01298 | -1.05
-1.526   1.973    -1.114   0.02166  -0.01662 -0.01298 | -1.05
-1.526   1.973    -1.244   0.02166  -0.01662 -0.01298 | -1.05
-1.526   1.973    -1.244   0.02504  -0.01662 -0.01298 | -1.05
-1.526   1.973    -1.244   0.02504  -0.01662 -0.01298 | -1.05
-1.526   1.973    -1.244   0.02504  -0.01662 -0.01163 | -1.05
iteration 3...
-1.538   1.973    -1.244   0.02504  -0.01662 -0.01163 | -1.05
-1.538   1.944    -1.244   0.02504  -0.01662 -0.01163 | -1.05
-1.538   1.944    -1.297   0.02504  -0.01662 -0.01163 | -1.05
-1.538   1.944    -1.297   0.02593  -0.01662 -0.01163 | -1.05
-1.538   1.944    -1.297   0.02593  -0.01662 -0.01163 | -1.05
-1.538   1.944    -1.297   0.02593  -0.01662 -0.01159 | -1.05
iteration 4...
-1.538   1.944    -1.297   0.02593  -0.01662 -0.01159 | -1.05
-1.538   1.943    -1.297   0.02593  -0.01662 -0.01159 | -1.05
-1.538   1.943    -1.306   0.02593  -0.01662 -0.01159 | -1.05
-1.538   1.943    -1.306   0.02567  -0.01662 -0.01159 | -1.05
-1.538   1.943    -1.306   0.02567  -0.01657 -0.01159 | -1.05
-1.538   1.943    -1.306   0.02567  -0.01657 -0.01159 | -1.05
iteration 1...
-1.622   1.943    -1.306   0.02567  -0.01657 -0.01159 | -1.0498
-1.622   1.858    -1.306   0.02567  -0.01657 -0.01159 | -1.0498
-1.622   1.858    -1.374   0.02567  -0.01657 -0.01159 | -1.0498
-1.622   1.858    -1.374   0.02127  -0.01657 -0.01159 | -1.0498
-1.622   1.858    -1.374   0.02127  -0.0166  -0.01159 | -1.0498
-1.622   1.858    -1.374   0.02127  -0.0166  -0.00936 | -1.0498
iteration 2...
-1.622   1.858    -1.374   0.02127  -0.0166  -0.00936 | -1.0498
-1.622   1.959    -1.374   0.02127  -0.0166  -0.00936 | -1.0498
-1.622   1.959    -1.341   0.02127  -0.0166  -0.00936 | -1.0498
-1.622   1.959    -1.341   0.02051  -0.0166  -0.00936 | -1.0498
-1.622   1.959    -1.341   0.02051  -0.01638 -0.00936 | -1.0498
-1.622   1.959    -1.341   0.02051  -0.01638 -0.00936 | -1.0498
iteration 3...
-1.622   1.959    -1.341   0.02051  -0.01638 -0.00936 | -1.0498
-1.622   1.966    -1.341   0.02051  -0.01638 -0.00936 | -1.0498
-1.622   1.966    -1.337   0.02051  -0.01638 -0.00936 | -1.0498
-1.622   1.966    -1.337   0.02051  -0.01638 -0.00936 | -1.0498
-1.622   1.966    -1.337   0.02051  -0.01638 -0.00936 | -1.0498
-1.622   1.966    -1.337   0.02051  -0.01638 -0.00936 | -1.0498
Done    'Coregister: Estimate'
Done

CoReg Done in 22.818574 seconds

All done with coregistration.
>> >> 
No sandbox specified



Start   : Wed Nov 21 22:35:03 EST 2018
Finish  : Wed Nov 21 22:36:04 EST 2018


