
                            < M A T L A B (R) >
                  Copyright 1984-2015 The MathWorks, Inc.
                   R2015b (8.6.0.267246) 64-bit (glnxa64)
                              August 20, 2015

 
To get started, type one of these: helpwin, helpdesk, or demo.
For product information, visit www.mathworks.com.
 

	Academic License

>> >> >> >> Coregistation Script Created on 181122_06_53_56_594
>> >> >> >> >> >> [Warning: Name is nonexistent or not a directory:
/Users/rcwelsh/matlabScripts/WELLES/mfiles] 
[> In path (line 109)
  In addpath (line 86)] 
>> >> >> >> >> 
UMBatchJobName =

coregOverlay_181122_06_53_56_594_tehsheng_madcbrai

>> 
UMBatchProcessName =

coregOverlay

>> >> Initializing the job manager in SPM8

UMReSlice =

     0



Calling UMBatchCoReg with:
/nfs/fmri/Analysis/Sean_Working/Git_MADC/preprocess/../../Subjects_ABCDResting/madc1507_scan1/func//run_01/utprun_01.nii
/nfs/fmri/Analysis/Sean_Working/Subjects_ABCDResting/madc1507_scan1/func/coReg/t1mprage.nii
UMReSlice:0
Entering UMBatchCoReg V2.0 for SPM8
Coreging /nfs/fmri/Analysis/Sean_Working/Subjects_ABCDResting/madc1507_scan1/func/coReg/t1mprage.nii to
         /nfs/fmri/Analysis/Sean_Working/Git_MADC/preprocess/../../Subjects_ABCDResting/madc1507_scan1/func//run_01/utprun_01.nii


------------------------------------------------------------------------
Running job #1
------------------------------------------------------------------------
Running 'Coregister: Estimate'
iteration 1...
-0.8773  0        0        0        0        0        | -1.0571
-0.8773  1.368    0        0        0        0        | -1.0574
-0.8773  1.368    -0.1751  0        0        0        | -1.0574
-0.8773  1.368    -0.1751  -0.003763 0        0        | -1.0574
-0.8773  1.368    -0.1751  -0.003763 -0.01164 0        | -1.0575
-0.8773  1.368    -0.1751  -0.003763 -0.01164 0        | -1.0575
iteration 2...
-0.5645  1.368    -0.1751  -0.003763 -0.01164 0        | -1.0575
-0.5645  1.404    -0.1751  -0.003763 -0.01164 0        | -1.0575
-0.5645  1.404    -0.5267  -0.003763 -0.01164 0        | -1.0575
-0.5645  1.404    -0.5267  -0.00415 -0.01164 0        | -1.0575
-0.5645  1.404    -0.5267  -0.00415 -0.01549 0        | -1.0575
-0.5645  1.404    -0.5267  -0.00415 -0.01549 0.002712 | -1.0575
iteration 3...
-0.4975  1.404    -0.5267  -0.00415 -0.01549 0.002712 | -1.0575
-0.4975  1.69     -0.5267  -0.00415 -0.01549 0.002712 | -1.0575
-0.4975  1.69     -0.5171  -0.00415 -0.01549 0.002712 | -1.0575
-0.4975  1.69     -0.5171  -0.007442 -0.01549 0.002712 | -1.0575
-0.4975  1.69     -0.5171  -0.007442 -0.01748 0.002712 | -1.0575
-0.4975  1.69     -0.5171  -0.007442 -0.01748 0.0008609 | -1.0575
-0.4642  1.832    -0.5123  -0.009079 -0.01846 -5.959e-05 | -1.0575
iteration 4...
-0.3711  1.832    -0.5123  -0.009079 -0.01846 -5.959e-05 | -1.0575
-0.3711  1.832    -0.5123  -0.009079 -0.01846 -5.959e-05 | -1.0575
-0.3711  1.832    -0.5123  -0.009079 -0.01846 -5.959e-05 | -1.0575
-0.3711  1.832    -0.5123  -0.009079 -0.01846 -5.959e-05 | -1.0575
-0.3711  1.832    -0.5123  -0.009079 -0.01861 -5.959e-05 | -1.0575
-0.3711  1.832    -0.5123  -0.009079 -0.01861 -0.004781 | -1.0575
iteration 5...
-0.3649  1.832    -0.5123  -0.009079 -0.01861 -0.004781 | -1.0575
-0.3649  1.804    -0.5123  -0.009079 -0.01861 -0.004781 | -1.0575
-0.3649  1.804    -0.4857  -0.009079 -0.01861 -0.004781 | -1.0575
-0.356   1.842    -0.4845  -0.009515 -0.01887 -0.005026 | -1.0575
-0.356   1.842    -0.4845  -0.009515 -0.02008 -0.005026 | -1.0576
-0.356   1.842    -0.4845  -0.009515 -0.02008 -0.005026 | -1.0576
iteration 6...
-0.3323  1.842    -0.4845  -0.009515 -0.02008 -0.005026 | -1.0576
-0.3323  1.805    -0.4845  -0.009515 -0.02008 -0.005026 | -1.0576
-0.3323  1.805    -0.4662  -0.009515 -0.02008 -0.005026 | -1.0576
-0.3382  1.78     -0.467   -0.009227 -0.0199  -0.004864 | -1.0576
-0.3382  1.78     -0.467   -0.009227 -0.0199  -0.004864 | -1.0576
-0.3382  1.78     -0.467   -0.009227 -0.0199  -0.004864 | -1.0576
iteration 7...
-0.3382  1.78     -0.467   -0.009227 -0.0199  -0.004864 | -1.0576
-0.3382  1.798    -0.467   -0.009227 -0.0199  -0.004864 | -1.0576
-0.3382  1.798    -0.467   -0.009227 -0.0199  -0.004864 | -1.0576
-0.3387  1.796    -0.4671  -0.009204 -0.01989 -0.004851 | -1.0576
-0.3387  1.796    -0.4671  -0.009204 -0.01989 -0.004851 | -1.0576
-0.3387  1.796    -0.4671  -0.009204 -0.01989 -0.004851 | -1.0576
iteration 1...
-0.5673  1.796    -0.4671  -0.009204 -0.01989 -0.004851 | -1.0576
-0.5673  1.808    -0.4671  -0.009204 -0.01989 -0.004851 | -1.0576
-0.5673  1.808    -0.1204  -0.009204 -0.01989 -0.004851 | -1.0576
-0.5673  1.808    -0.1204  -0.002715 -0.01989 -0.004851 | -1.0577
-0.5673  1.808    -0.1204  -0.002715 -0.01927 -0.004851 | -1.0577
-0.5673  1.808    -0.1204  -0.002715 -0.01927 0.003946 | -1.0577
iteration 2...
-0.5679  1.808    -0.1204  -0.002715 -0.01927 0.003946 | -1.0577
-0.5679  1.713    -0.1204  -0.002715 -0.01927 0.003946 | -1.0577
-0.5679  1.713    -0.1057  -0.002715 -0.01927 0.003946 | -1.0577
-0.5679  1.713    -0.1057  -0.002386 -0.01927 0.003946 | -1.0577
-0.5679  1.713    -0.1057  -0.002386 -0.01701 0.003946 | -1.0577
-0.5679  1.713    -0.1057  -0.002386 -0.01701 0.003946 | -1.0577
iteration 3...
-0.6223  1.713    -0.1057  -0.002386 -0.01701 0.003946 | -1.0577
-0.6223  1.689    -0.1057  -0.002386 -0.01701 0.003946 | -1.0577
-0.6223  1.689    -0.09022 -0.002386 -0.01701 0.003946 | -1.0577
-0.6223  1.689    -0.09022 -0.002026 -0.01701 0.003946 | -1.0577
-0.6223  1.689    -0.09022 -0.002026 -0.01718 0.003946 | -1.0577
-0.6223  1.689    -0.09022 -0.002026 -0.01718 0.002277 | -1.0577
iteration 4...
-0.6223  1.689    -0.09022 -0.002026 -0.01718 0.002277 | -1.0577
-0.6223  1.656    -0.09022 -0.002026 -0.01718 0.002277 | -1.0577
-0.6223  1.656    -0.09753 -0.002026 -0.01718 0.002277 | -1.0577
-0.6223  1.656    -0.09753 -0.002026 -0.01718 0.002277 | -1.0577
-0.6223  1.656    -0.09753 -0.002026 -0.01718 0.002277 | -1.0577
-0.6223  1.656    -0.09753 -0.002026 -0.01718 0.001838 | -1.0577
iteration 5...
-0.6223  1.656    -0.09753 -0.002026 -0.01718 0.001838 | -1.0577
-0.6223  1.656    -0.09753 -0.002026 -0.01718 0.001838 | -1.0577
-0.6223  1.656    -0.1015  -0.002026 -0.01718 0.001838 | -1.0577
-0.6223  1.656    -0.1015  -0.001929 -0.01718 0.001838 | -1.0577
-0.6223  1.656    -0.1015  -0.001929 -0.01718 0.001838 | -1.0577
-0.6223  1.656    -0.1015  -0.001929 -0.01718 0.001723 | -1.0577
Done    'Coregister: Estimate'
Done

CoReg Done in 29.921305 seconds

All done with coregistration.
>> >> 
No sandbox specified



Start   : Thu Nov 22 06:53:58 EST 2018
Finish  : Thu Nov 22 06:55:00 EST 2018


