
                            < M A T L A B (R) >
                  Copyright 1984-2015 The MathWorks, Inc.
                   R2015b (8.6.0.267246) 64-bit (glnxa64)
                              August 20, 2015

 
To get started, type one of these: helpwin, helpdesk, or demo.
For product information, visit www.mathworks.com.
 

	Academic License

>> >> >> >> Coregistation Script Created on 181122_03_56_26_982
>> >> >> >> >> >> [Warning: Name is nonexistent or not a directory:
/Users/rcwelsh/matlabScripts/WELLES/mfiles] 
[> In path (line 109)
  In addpath (line 86)] 
>> >> >> >> >> 
UMBatchJobName =

coregOverlay_181122_03_56_26_982_tehsheng_madcbrai

>> 
UMBatchProcessName =

coregOverlay

>> >> Initializing the job manager in SPM8

UMReSlice =

     0



Calling UMBatchCoReg with:
/nfs/fmri/Analysis/Sean_Working/Git_MADC/preprocess/../../Subjects_ABCDResting/madc1479_scan1/func//run_01/utprun_01.nii
/nfs/fmri/Analysis/Sean_Working/Subjects_ABCDResting/madc1479_scan1/func/coReg/t1mprage.nii
UMReSlice:0
Entering UMBatchCoReg V2.0 for SPM8
Coreging /nfs/fmri/Analysis/Sean_Working/Subjects_ABCDResting/madc1479_scan1/func/coReg/t1mprage.nii to
         /nfs/fmri/Analysis/Sean_Working/Git_MADC/preprocess/../../Subjects_ABCDResting/madc1479_scan1/func//run_01/utprun_01.nii


------------------------------------------------------------------------
Running job #1
------------------------------------------------------------------------
Running 'Coregister: Estimate'
iteration 1...
-0.8563  0        0        0        0        0        | -1.0522
-0.8563  1.698    0        0        0        0        | -1.0528
-0.8563  1.698    -2.095   0        0        0        | -1.0533
-0.8563  1.698    -2.095   0.01217  0        0        | -1.0533
-0.8563  1.698    -2.095   0.01217  0.0129   0        | -1.0533
-0.8563  1.698    -2.095   0.01217  0.0129   0.02887  | -1.0537
iteration 2...
-1.007   1.698    -2.095   0.01217  0.0129   0.02887  | -1.0537
-1.007   2.084    -2.095   0.01217  0.0129   0.02887  | -1.0538
-1.007   2.084    -1.967   0.01217  0.0129   0.02887  | -1.0538
-1.007   2.084    -1.967   0.01988  0.0129   0.02887  | -1.0538
-1.007   2.084    -1.967   0.01988  0.01969  0.02887  | -1.0538
-1.007   2.084    -1.967   0.01988  0.01969  0.02768  | -1.0538
iteration 3...
-1.082   2.084    -1.967   0.01988  0.01969  0.02768  | -1.0538
-1.082   2.085    -1.967   0.01988  0.01969  0.02768  | -1.0538
-1.082   2.085    -1.94    0.01988  0.01969  0.02768  | -1.0538
-1.082   2.085    -1.94    0.02168  0.01969  0.02768  | -1.0538
-1.082   2.085    -1.94    0.02168  0.01705  0.02768  | -1.0538
-1.082   2.085    -1.94    0.02168  0.01705  0.02768  | -1.0538
iteration 4...
-1.094   2.085    -1.94    0.02168  0.01705  0.02768  | -1.0538
-1.094   2.034    -1.94    0.02168  0.01705  0.02768  | -1.0538
-1.094   2.034    -1.893   0.02168  0.01705  0.02768  | -1.0538
-1.094   2.034    -1.893   0.02209  0.01705  0.02768  | -1.0538
-1.094   2.034    -1.893   0.02209  0.01705  0.02768  | -1.0538
-1.094   2.034    -1.893   0.02209  0.01705  0.02768  | -1.0538
iteration 5...
-1.094   2.034    -1.893   0.02209  0.01705  0.02768  | -1.0538
-1.094   2.034    -1.893   0.02209  0.01705  0.02768  | -1.0538
-1.094   2.034    -1.884   0.02209  0.01705  0.02768  | -1.0538
-1.094   2.034    -1.884   0.02209  0.01705  0.02768  | -1.0538
-1.094   2.034    -1.884   0.02209  0.01666  0.02768  | -1.0538
-1.094   2.034    -1.884   0.02209  0.01666  0.02768  | -1.0538
iteration 1...
-0.8394  2.034    -1.884   0.02209  0.01666  0.02768  | -1.0538
-0.8394  2.1      -1.884   0.02209  0.01666  0.02768  | -1.0538
-0.8394  2.1      -1.489   0.02209  0.01666  0.02768  | -1.0538
-0.8394  2.1      -1.489   0.01929  0.01666  0.02768  | -1.0538
-0.8394  2.1      -1.489   0.01929  0.01934  0.02768  | -1.0538
-0.8394  2.1      -1.489   0.01929  0.01934  0.0273   | -1.0538
iteration 2...
-0.892   2.1      -1.489   0.01929  0.01934  0.0273   | -1.0538
-0.892   2.04     -1.489   0.01929  0.01934  0.0273   | -1.0538
-0.892   2.04     -1.501   0.01929  0.01934  0.0273   | -1.0538
-0.892   2.04     -1.501   0.01929  0.01934  0.0273   | -1.0538
-0.892   2.04     -1.501   0.01929  0.01939  0.0273   | -1.0538
-0.892   2.04     -1.501   0.01929  0.01939  0.0273   | -1.0538
iteration 3...
-0.892   2.04     -1.501   0.01929  0.01939  0.0273   | -1.0538
-0.892   2.04     -1.501   0.01929  0.01939  0.0273   | -1.0538
-0.892   2.04     -1.501   0.01929  0.01939  0.0273   | -1.0538
-0.892   2.04     -1.501   0.01929  0.01939  0.0273   | -1.0538
-0.892   2.04     -1.501   0.01929  0.01939  0.0273   | -1.0538
-0.892   2.04     -1.501   0.01929  0.01939  0.0273   | -1.0538
Done    'Coregister: Estimate'
Done

CoReg Done in 21.267296 seconds

All done with coregistration.
>> >> 
No sandbox specified



Start   : Thu Nov 22 03:56:28 EST 2018
Finish  : Thu Nov 22 03:57:24 EST 2018


