
                            < M A T L A B (R) >
                  Copyright 1984-2015 The MathWorks, Inc.
                   R2015b (8.6.0.267246) 64-bit (glnxa64)
                              August 20, 2015

 
To get started, type one of these: helpwin, helpdesk, or demo.
For product information, visit www.mathworks.com.
 

	Academic License

>> >> >> >> Coregistation Script Created on 181121_14_05_18_226
>> >> >> >> >> >> [Warning: Name is nonexistent or not a directory:
/Users/rcwelsh/matlabScripts/WELLES/mfiles] 
[> In path (line 109)
  In addpath (line 86)] 
>> >> >> >> >> 
UMBatchJobName =

coregOverlay_181121_14_05_18_226_tehsheng_madcbrai

>> 
UMBatchProcessName =

coregOverlay

>> >> Initializing the job manager in SPM8

UMReSlice =

     0



Calling UMBatchCoReg with:
/nfs/fmri/Analysis/Sean_Working/Git_MADC/preprocess/../../Subjects_ABCDResting/madc1411_scan1/func//run_01/utprun_01.nii
/nfs/fmri/Analysis/Sean_Working/Subjects_ABCDResting/madc1411_scan1/func/coReg/t1mprage.nii
UMReSlice:0
Entering UMBatchCoReg V2.0 for SPM8
Coreging /nfs/fmri/Analysis/Sean_Working/Subjects_ABCDResting/madc1411_scan1/func/coReg/t1mprage.nii to
         /nfs/fmri/Analysis/Sean_Working/Git_MADC/preprocess/../../Subjects_ABCDResting/madc1411_scan1/func//run_01/utprun_01.nii


------------------------------------------------------------------------
Running job #1
------------------------------------------------------------------------
Running 'Coregister: Estimate'
iteration 1...
-1.585   0        0        0        0        0        | -1.0468
-1.585   1.274    0        0        0        0        | -1.0471
-1.585   1.274    -1.677   0        0        0        | -1.0474
-1.585   1.274    -1.677   0.03698  0        0        | -1.0476
-1.585   1.274    -1.677   0.03698  -0.005129 0        | -1.0476
-1.585   1.274    -1.677   0.03698  -0.005129 0.001881 | -1.0476
iteration 2...
-1.481   1.274    -1.677   0.03698  -0.005129 0.001881 | -1.0476
-1.481   0.6271   -1.677   0.03698  -0.005129 0.001881 | -1.0477
-1.481   0.6271   -1.829   0.03698  -0.005129 0.001881 | -1.0477
-1.481   0.6271   -1.829   0.0424   -0.005129 0.001881 | -1.0477
-1.481   0.6271   -1.829   0.0424   -0.005129 0.001881 | -1.0477
-1.481   0.6271   -1.829   0.0424   -0.005129 0.001881 | -1.0477
iteration 3...
-1.506   0.6271   -1.829   0.0424   -0.005129 0.001881 | -1.0477
-1.506   0.6531   -1.829   0.0424   -0.005129 0.001881 | -1.0477
-1.506   0.6531   -1.739   0.0424   -0.005129 0.001881 | -1.0477
-1.506   0.6531   -1.739   0.04269  -0.005129 0.001881 | -1.0477
-1.506   0.6531   -1.739   0.04269  -0.005129 0.001881 | -1.0477
-1.506   0.6531   -1.739   0.04269  -0.005129 0.001881 | -1.0477
iteration 4...
-1.504   0.6531   -1.739   0.04269  -0.005129 0.001881 | -1.0477
-1.504   0.6493   -1.739   0.04269  -0.005129 0.001881 | -1.0477
-1.504   0.6493   -1.739   0.04269  -0.005129 0.001881 | -1.0477
-1.504   0.6493   -1.739   0.04269  -0.005129 0.001881 | -1.0477
-1.504   0.6493   -1.739   0.04269  -0.005088 0.001881 | -1.0477
-1.504   0.6493   -1.739   0.04269  -0.005088 0.001881 | -1.0477
iteration 1...
-1.34    0.6493   -1.739   0.04269  -0.005088 0.001881 | -1.0475
-1.34    0.5971   -1.739   0.04269  -0.005088 0.001881 | -1.0475
-1.34    0.5971   -1.945   0.04269  -0.005088 0.001881 | -1.0475
-1.34    0.5971   -1.945   0.04024  -0.005088 0.001881 | -1.0475
-1.34    0.5971   -1.945   0.04024  -0.005088 0.001881 | -1.0475
-1.34    0.5971   -1.945   0.04024  -0.005088 -0.005301 | -1.0475
iteration 2...
-1.34    0.5971   -1.945   0.04024  -0.005088 -0.005301 | -1.0475
-1.34    0.6332   -1.945   0.04024  -0.005088 -0.005301 | -1.0475
-1.34    0.6332   -1.915   0.04024  -0.005088 -0.005301 | -1.0475
-1.34    0.6332   -1.915   0.03863  -0.005088 -0.005301 | -1.0475
-1.34    0.6332   -1.915   0.03863  -0.008175 -0.005301 | -1.0475
-1.34    0.6332   -1.915   0.03863  -0.008175 -0.005301 | -1.0475
iteration 3...
-1.257   0.6332   -1.915   0.03863  -0.008175 -0.005301 | -1.0475
-1.257   0.682    -1.915   0.03863  -0.008175 -0.005301 | -1.0475
-1.257   0.682    -1.983   0.03863  -0.008175 -0.005301 | -1.0475
-1.257   0.682    -1.983   0.03863  -0.008175 -0.005301 | -1.0475
-1.257   0.682    -1.983   0.03863  -0.009479 -0.005301 | -1.0475
-1.257   0.682    -1.983   0.03863  -0.009479 -0.006177 | -1.0475
iteration 4...
-1.237   0.682    -1.983   0.03863  -0.009479 -0.006177 | -1.0475
-1.237   0.682    -1.983   0.03863  -0.009479 -0.006177 | -1.0475
-1.237   0.682    -1.992   0.03863  -0.009479 -0.006177 | -1.0475
-1.237   0.682    -1.992   0.03844  -0.009479 -0.006177 | -1.0475
-1.237   0.682    -1.992   0.03844  -0.009479 -0.006177 | -1.0475
-1.237   0.682    -1.992   0.03844  -0.009479 -0.006177 | -1.0475
iteration 5...
-1.237   0.682    -1.992   0.03844  -0.009479 -0.006177 | -1.0475
-1.237   0.682    -1.992   0.03844  -0.009479 -0.006177 | -1.0475
-1.237   0.682    -2.006   0.03844  -0.009479 -0.006177 | -1.0475
-1.237   0.682    -2.006   0.03844  -0.009479 -0.006177 | -1.0475
-1.237   0.682    -2.006   0.03844  -0.009479 -0.006177 | -1.0475
-1.237   0.682    -2.006   0.03844  -0.009479 -0.006177 | -1.0475
Done    'Coregister: Estimate'
Done

CoReg Done in 32.132261 seconds

All done with coregistration.
>> >> 
No sandbox specified



Start   : Wed Nov 21 14:05:20 EST 2018
Finish  : Wed Nov 21 14:06:33 EST 2018


