
                            < M A T L A B (R) >
                  Copyright 1984-2015 The MathWorks, Inc.
                   R2015b (8.6.0.267246) 64-bit (glnxa64)
                              August 20, 2015

 
To get started, type one of these: helpwin, helpdesk, or demo.
For product information, visit www.mathworks.com.
 

	Academic License

>> >> >> >> Coregistation Script Created on 181121_20_05_27_782
>> >> >> >> >> >> [Warning: Name is nonexistent or not a directory:
/Users/rcwelsh/matlabScripts/WELLES/mfiles] 
[> In path (line 109)
  In addpath (line 86)] 
>> >> >> >> >> 
UMBatchJobName =

coregOverlay_181121_20_05_27_782_tehsheng_madcbrai

>> 
UMBatchProcessName =

coregOverlay

>> >> Initializing the job manager in SPM8

UMReSlice =

     0



Calling UMBatchCoReg with:
/nfs/fmri/Analysis/Sean_Working/Git_MADC/preprocess/../../Subjects_ABCDResting/madc1434_scan1/func//run_01/utprun_01.nii
/nfs/fmri/Analysis/Sean_Working/Subjects_ABCDResting/madc1434_scan1/func/coReg/t1mprage.nii
UMReSlice:0
Entering UMBatchCoReg V2.0 for SPM8
Coreging /nfs/fmri/Analysis/Sean_Working/Subjects_ABCDResting/madc1434_scan1/func/coReg/t1mprage.nii to
         /nfs/fmri/Analysis/Sean_Working/Git_MADC/preprocess/../../Subjects_ABCDResting/madc1434_scan1/func//run_01/utprun_01.nii


------------------------------------------------------------------------
Running job #1
------------------------------------------------------------------------
Running 'Coregister: Estimate'
iteration 1...
-0.7923  0        0        0        0        0        | -1.0511
-0.7923  0.9506   0        0        0        0        | -1.0514
-0.7923  0.9506   -0.5532  0        0        0        | -1.0515
-0.7923  0.9506   -0.5532  0.00197  0        0        | -1.0515
-0.7923  0.9506   -0.5532  0.00197  0.003936 0        | -1.0515
-0.7923  0.9506   -0.5532  0.00197  0.003936 -0.002127 | -1.0516
iteration 2...
-0.8589  0.9506   -0.5532  0.00197  0.003936 -0.002127 | -1.0516
-0.8589  0.9402   -0.5532  0.00197  0.003936 -0.002127 | -1.0516
-0.8589  0.9402   -0.4901  0.00197  0.003936 -0.002127 | -1.0516
-0.8589  0.9402   -0.4901  0.002415 0.003936 -0.002127 | -1.0516
-0.8589  0.9402   -0.4901  0.002415 0.005108 -0.002127 | -1.0516
-0.8589  0.9402   -0.4901  0.002415 0.005108 -0.002127 | -1.0516
-0.9254  0.9299   -0.4269  0.002859 0.00628  -0.002127 | -1.0516
iteration 3...
-0.9254  0.9299   -0.4269  0.002859 0.00628  -0.002127 | -1.0516
-0.9254  0.9006   -0.4269  0.002859 0.00628  -0.002127 | -1.0516
-0.9254  0.9006   -0.4705  0.002859 0.00628  -0.002127 | -1.0516
-0.9254  0.9006   -0.4705  0.002625 0.00628  -0.002127 | -1.0516
-0.9254  0.9006   -0.4705  0.002625 0.005959 -0.002127 | -1.0516
-0.9254  0.9006   -0.4705  0.002625 0.005959 -0.002127 | -1.0516
iteration 4...
-0.9696  0.8938   -0.4285  0.00292  0.006737 -0.002127 | -1.0516
-0.9696  0.912    -0.4285  0.00292  0.006737 -0.002127 | -1.0516
-0.9696  0.912    -0.4765  0.00292  0.006737 -0.002127 | -1.0516
-0.9696  0.912    -0.4765  0.00292  0.006737 -0.002127 | -1.0516
-0.9696  0.912    -0.4765  0.00292  0.007672 -0.002127 | -1.0516
-0.9696  0.912    -0.4765  0.00292  0.007672 -0.002127 | -1.0516
iteration 5...
-0.9696  0.912    -0.4765  0.00292  0.007672 -0.002127 | -1.0516
-0.9696  0.912    -0.4765  0.00292  0.007672 -0.002127 | -1.0516
-0.9696  0.912    -0.4631  0.00292  0.007672 -0.002127 | -1.0516
-0.9696  0.912    -0.4631  0.00292  0.007672 -0.002127 | -1.0516
-0.9696  0.912    -0.4631  0.00292  0.007672 -0.002127 | -1.0516
-0.9696  0.912    -0.4631  0.00292  0.007672 -0.002127 | -1.0516
iteration 1...
-1.038   0.912    -0.4631  0.00292  0.007672 -0.002127 | -1.0513
-1.038   1.307    -0.4631  0.00292  0.007672 -0.002127 | -1.0513
-1.038   1.307    -0.461   0.00292  0.007672 -0.002127 | -1.0513
-1.038   1.307    -0.461   0.004738 0.007672 -0.002127 | -1.0513
-1.038   1.307    -0.461   0.004738 0.01463  -0.002127 | -1.0514
-1.038   1.307    -0.461   0.004738 0.01463  0.0003666 | -1.0514
iteration 2...
-1.27    1.307    -0.461   0.004738 0.01463  0.0003666 | -1.0514
-1.27    1.201    -0.461   0.004738 0.01463  0.0003666 | -1.0514
-1.27    1.201    -0.4144  0.004738 0.01463  0.0003666 | -1.0514
-1.27    1.201    -0.4144  0.00536  0.01463  0.0003666 | -1.0514
-1.27    1.201    -0.4144  0.00536  0.01688  0.0003666 | -1.0514
-1.27    1.201    -0.4144  0.00536  0.01688  -0.0008101 | -1.0514
iteration 3...
-1.328   1.201    -0.4144  0.00536  0.01688  -0.0008101 | -1.0514
-1.328   1.138    -0.4144  0.00536  0.01688  -0.0008101 | -1.0514
-1.328   1.138    -0.4144  0.00536  0.01688  -0.0008101 | -1.0514
-1.328   1.138    -0.4144  0.006232 0.01688  -0.0008101 | -1.0514
-1.328   1.138    -0.4144  0.006232 0.01728  -0.0008101 | -1.0514
-1.328   1.138    -0.4144  0.006232 0.01728  -0.0007083 | -1.0514
iteration 4...
-1.328   1.138    -0.4144  0.006232 0.01728  -0.0007083 | -1.0514
-1.328   1.103    -0.4144  0.006232 0.01728  -0.0007083 | -1.0514
-1.328   1.103    -0.4308  0.006232 0.01728  -0.0007083 | -1.0514
-1.328   1.103    -0.4308  0.006232 0.01728  -0.0007083 | -1.0514
-1.328   1.103    -0.4308  0.006232 0.01728  -0.0007083 | -1.0514
-1.328   1.103    -0.4308  0.006232 0.01728  -0.0007083 | -1.0514
iteration 5...
-1.328   1.103    -0.4308  0.006232 0.01728  -0.0007083 | -1.0514
-1.328   1.104    -0.4308  0.006232 0.01728  -0.0007083 | -1.0514
-1.328   1.104    -0.4308  0.006232 0.01728  -0.0007083 | -1.0514
-1.328   1.104    -0.4308  0.006232 0.01728  -0.0007083 | -1.0514
-1.328   1.104    -0.4308  0.006232 0.01728  -0.0007083 | -1.0514
-1.328   1.104    -0.4308  0.006232 0.01728  -0.0007083 | -1.0514
Done    'Coregister: Estimate'
Done

CoReg Done in 35.510188 seconds

All done with coregistration.
>> >> 
No sandbox specified



Start   : Wed Nov 21 20:05:30 EST 2018
Finish  : Wed Nov 21 20:06:45 EST 2018


