
                            < M A T L A B (R) >
                  Copyright 1984-2015 The MathWorks, Inc.
                   R2015b (8.6.0.267246) 64-bit (glnxa64)
                              August 20, 2015

 
To get started, type one of these: helpwin, helpdesk, or demo.
For product information, visit www.mathworks.com.
 

	Academic License

>> >> >> >> Coregistation Script Created on 181121_23_20_42_504
>> >> >> >> >> >> [Warning: Name is nonexistent or not a directory:
/Users/rcwelsh/matlabScripts/WELLES/mfiles] 
[> In path (line 109)
  In addpath (line 86)] 
>> >> >> >> >> 
UMBatchJobName =

coregOverlay_181121_23_20_42_504_tehsheng_madcbrai

>> 
UMBatchProcessName =

coregOverlay

>> >> Initializing the job manager in SPM8

UMReSlice =

     0



Calling UMBatchCoReg with:
/nfs/fmri/Analysis/Sean_Working/Git_MADC/preprocess/../../Subjects_ABCDResting/madc1446_scan1/func//run_01/utprun_01.nii
/nfs/fmri/Analysis/Sean_Working/Subjects_ABCDResting/madc1446_scan1/func/coReg/t1mprage.nii
UMReSlice:0
Entering UMBatchCoReg V2.0 for SPM8
Coreging /nfs/fmri/Analysis/Sean_Working/Subjects_ABCDResting/madc1446_scan1/func/coReg/t1mprage.nii to
         /nfs/fmri/Analysis/Sean_Working/Git_MADC/preprocess/../../Subjects_ABCDResting/madc1446_scan1/func//run_01/utprun_01.nii


------------------------------------------------------------------------
Running job #1
------------------------------------------------------------------------
Running 'Coregister: Estimate'
iteration 1...
-2.102   0        0        0        0        0        | -1.0484
-2.102   2.987    0        0        0        0        | -1.0498
-2.102   2.987    -2.296   0        0        0        | -1.0506
-2.102   2.987    -2.296   0.0192   0        0        | -1.0507
-2.102   2.987    -2.296   0.0192   -0.01469 0        | -1.0507
-2.102   2.987    -2.296   0.0192   -0.01469 0.002305 | -1.0507
iteration 2...
-2.204   2.987    -2.296   0.0192   -0.01469 0.002305 | -1.0508
-2.204   3.74     -2.296   0.0192   -0.01469 0.002305 | -1.0508
-2.204   3.74     -2.751   0.0192   -0.01469 0.002305 | -1.0508
-2.204   3.74     -2.751   0.03762  -0.01469 0.002305 | -1.051
-2.204   3.74     -2.751   0.03762  -0.01575 0.002305 | -1.051
-2.204   3.74     -2.751   0.03762  -0.01575 0.003126 | -1.051
-2.374   4.995    -3.508   0.0683   -0.01752 0.004493 | -1.0511
iteration 3...
-2.372   4.995    -3.508   0.0683   -0.01752 0.004493 | -1.0511
-2.372   5.524    -3.508   0.0683   -0.01752 0.004493 | -1.0512
-2.372   5.524    -3.37    0.0683   -0.01752 0.004493 | -1.0512
-2.356   5.403    -3.297   0.06535  -0.01735 0.004361 | -1.0512
-2.356   5.403    -3.297   0.06535  -0.01546 0.004361 | -1.0512
-2.356   5.403    -3.297   0.06535  -0.01546 0.001667 | -1.0512
iteration 4...
-2.324   5.403    -3.297   0.06535  -0.01546 0.001667 | -1.0512
-2.324   5.4      -3.297   0.06535  -0.01546 0.001667 | -1.0512
-2.324   5.4      -3.415   0.06535  -0.01546 0.001667 | -1.0512
-2.324   5.4      -3.415   0.06535  -0.01546 0.001667 | -1.0512
-2.324   5.4      -3.415   0.06535  -0.01546 0.001667 | -1.0512
-2.324   5.4      -3.415   0.06535  -0.01546 0.001667 | -1.0512
iteration 5...
-2.324   5.4      -3.415   0.06535  -0.01546 0.001667 | -1.0512
-2.324   5.4      -3.415   0.06535  -0.01546 0.001667 | -1.0512
-2.324   5.4      -3.415   0.06535  -0.01546 0.001667 | -1.0512
-2.324   5.4      -3.415   0.06535  -0.01546 0.001667 | -1.0512
-2.324   5.4      -3.415   0.06535  -0.01546 0.001667 | -1.0512
-2.324   5.4      -3.415   0.06535  -0.01546 0.001667 | -1.0512
iteration 1...
-2.324   5.4      -3.415   0.06535  -0.01546 0.001667 | -1.051
-2.324   5.043    -3.415   0.06535  -0.01546 0.001667 | -1.051
-2.324   5.043    -3.061   0.06535  -0.01546 0.001667 | -1.0511
-2.324   5.043    -3.061   0.06636  -0.01546 0.001667 | -1.0511
-2.324   5.043    -3.061   0.06636  -0.01254 0.001667 | -1.0511
-2.324   5.043    -3.061   0.06636  -0.01254 0.00452  | -1.0511
iteration 2...
-2.198   5.043    -3.061   0.06636  -0.01254 0.00452  | -1.0511
-2.198   5.19     -3.061   0.06636  -0.01254 0.00452  | -1.0511
-2.198   5.19     -3.033   0.06636  -0.01254 0.00452  | -1.0511
-2.198   5.19     -3.033   0.06636  -0.01254 0.00452  | -1.0511
-2.198   5.19     -3.033   0.06636  -0.01028 0.00452  | -1.0511
-2.198   5.19     -3.033   0.06636  -0.01028 0.006316 | -1.0511
-1.995   5.428    -2.987   0.06636  -0.006614 0.009233 | -1.0511
iteration 3...
-2.004   5.418    -2.989   0.06636  -0.006774 0.009106 | -1.0511
-2.004   5.244    -2.989   0.06636  -0.006774 0.009106 | -1.0511
-2.004   5.244    -3.033   0.06636  -0.006774 0.009106 | -1.0511
-2.004   5.244    -3.033   0.06636  -0.006774 0.009106 | -1.0511
-2.004   5.244    -3.033   0.06636  -0.005127 0.009106 | -1.0511
-2.004   5.244    -3.033   0.06636  -0.005127 0.008151 | -1.0511
iteration 4...
-1.93    5.331    -3.016   0.06636  -0.003795 0.00921  | -1.0511
-1.93    5.246    -3.016   0.06636  -0.003795 0.00921  | -1.0511
-1.93    5.246    -3.009   0.06636  -0.003795 0.00921  | -1.0511
-1.93    5.246    -3.009   0.06636  -0.003795 0.00921  | -1.0511
-1.93    5.246    -3.009   0.06636  -0.002744 0.00921  | -1.0511
-1.93    5.246    -3.009   0.06636  -0.002744 0.007162 | -1.0511
-1.677   5.254    -2.928   0.06636  0.00543  0.00377  | -1.0511
iteration 5...
-1.677   5.254    -2.928   0.06636  0.00543  0.00377  | -1.0511
-1.677   5.217    -2.928   0.06636  0.00543  0.00377  | -1.0511
-1.677   5.217    -2.955   0.06636  0.00543  0.00377  | -1.0511
-1.677   5.217    -2.955   0.06636  0.00543  0.00377  | -1.0511
-1.677   5.217    -2.955   0.06636  0.003206 0.00377  | -1.0511
-1.677   5.217    -2.955   0.06636  0.003206 0.006477 | -1.0511
iteration 6...
-1.543   5.221    -2.912   0.06636  0.007514 0.00469  | -1.0511
-1.543   5.221    -2.912   0.06636  0.007514 0.00469  | -1.0511
-1.543   5.221    -2.943   0.06636  0.007514 0.00469  | -1.0511
-1.543   5.221    -2.943   0.06636  0.007514 0.00469  | -1.0511
-1.543   5.221    -2.943   0.06636  0.007514 0.00469  | -1.0511
-1.543   5.221    -2.943   0.06636  0.007514 0.00469  | -1.0511
iteration 7...
-1.543   5.221    -2.943   0.06636  0.007514 0.00469  | -1.0511
-1.543   5.221    -2.943   0.06636  0.007514 0.00469  | -1.0511
-1.543   5.221    -2.944   0.06636  0.007514 0.00469  | -1.0511
-1.543   5.221    -2.944   0.06636  0.007514 0.00469  | -1.0511
-1.543   5.221    -2.944   0.06636  0.007514 0.00469  | -1.0511
-1.543   5.221    -2.944   0.06636  0.007514 0.00469  | -1.0511
Done    'Coregister: Estimate'
Done

CoReg Done in 38.842458 seconds

All done with coregistration.
>> >> 
No sandbox specified



Start   : Wed Nov 21 23:20:45 EST 2018
Finish  : Wed Nov 21 23:21:58 EST 2018


