
                            < M A T L A B (R) >
                  Copyright 1984-2015 The MathWorks, Inc.
                   R2015b (8.6.0.267246) 64-bit (glnxa64)
                              August 20, 2015

 
To get started, type one of these: helpwin, helpdesk, or demo.
For product information, visit www.mathworks.com.
 

	Academic License

>> >> >> >> Coregistation Script Created on 181121_21_21_01_801
>> >> >> >> >> >> [Warning: Name is nonexistent or not a directory:
/Users/rcwelsh/matlabScripts/WELLES/mfiles] 
[> In path (line 109)
  In addpath (line 86)] 
>> >> >> >> >> 
UMBatchJobName =

coregOverlay_181121_21_21_01_801_tehsheng_madcbrai

>> 
UMBatchProcessName =

coregOverlay

>> >> Initializing the job manager in SPM8

UMReSlice =

     0



Calling UMBatchCoReg with:
/nfs/fmri/Analysis/Sean_Working/Git_MADC/preprocess/../../Subjects_ABCDResting/madc1276_scan1/func//run_01/utprun_01.nii
/nfs/fmri/Analysis/Sean_Working/Subjects_ABCDResting/madc1276_scan1/func/coReg/t1mprage.nii
UMReSlice:0
Entering UMBatchCoReg V2.0 for SPM8
Coreging /nfs/fmri/Analysis/Sean_Working/Subjects_ABCDResting/madc1276_scan1/func/coReg/t1mprage.nii to
         /nfs/fmri/Analysis/Sean_Working/Git_MADC/preprocess/../../Subjects_ABCDResting/madc1276_scan1/func//run_01/utprun_01.nii


------------------------------------------------------------------------
Running job #1
------------------------------------------------------------------------
Running 'Coregister: Estimate'
iteration 1...
-1.694   0        0        0        0        0        | -1.0456
-1.694   2.288    0        0        0        0        | -1.0465
-1.694   2.288    0.9722   0        0        0        | -1.0466
-1.694   2.288    0.9722   -0.00729 0        0        | -1.0467
-1.694   2.288    0.9722   -0.00729 -0.005816 0        | -1.0467
-1.694   2.288    0.9722   -0.00729 -0.005816 0        | -1.0467
iteration 2...
-1.694   2.288    0.9722   -0.00729 -0.005816 0        | -1.0467
-1.694   2.332    0.9722   -0.00729 -0.005816 0        | -1.0467
-1.694   2.332    1.036    -0.00729 -0.005816 0        | -1.0467
-1.694   2.332    1.036    -0.00729 -0.005816 0        | -1.0467
-1.694   2.332    1.036    -0.00729 -0.005816 0        | -1.0467
-1.694   2.332    1.036    -0.00729 -0.005816 0        | -1.0467
iteration 3...
-1.811   2.332    1.036    -0.00729 -0.005816 0        | -1.0467
-1.811   2.36     1.036    -0.00729 -0.005816 0        | -1.0467
-1.811   2.36     1.06     -0.00729 -0.005816 0        | -1.0467
-1.811   2.36     1.06     -0.007286 -0.005816 0        | -1.0467
-1.811   2.36     1.06     -0.007286 -0.005816 0        | -1.0467
-1.811   2.36     1.06     -0.007286 -0.005816 -0.002724 | -1.0467
iteration 4...
-1.863   2.36     1.06     -0.007286 -0.005816 -0.002724 | -1.0467
-1.863   2.398    1.06     -0.007286 -0.005816 -0.002724 | -1.0467
-1.863   2.398    1.066    -0.007286 -0.005816 -0.002724 | -1.0467
-1.863   2.398    1.066    -0.008474 -0.005816 -0.002724 | -1.0467
-1.863   2.398    1.066    -0.008474 -0.004607 -0.002724 | -1.0467
-1.863   2.398    1.066    -0.008474 -0.004607 -0.009102 | -1.0467
iteration 5...
-1.863   2.398    1.066    -0.008474 -0.004607 -0.009102 | -1.0467
-1.863   2.366    1.066    -0.008474 -0.004607 -0.009102 | -1.0467
-1.863   2.366    1.129    -0.008474 -0.004607 -0.009102 | -1.0467
-1.863   2.366    1.129    -0.0151  -0.004607 -0.009102 | -1.0467
-1.863   2.366    1.129    -0.0151  0.003836 -0.009102 | -1.0467
-1.863   2.366    1.129    -0.0151  0.003836 -0.009709 | -1.0467
iteration 6...
-1.863   2.366    1.129    -0.0151  0.003836 -0.009709 | -1.0467
-1.863   2.379    1.129    -0.0151  0.003836 -0.009709 | -1.0467
-1.863   2.379    1.168    -0.0151  0.003836 -0.009709 | -1.0467
-1.863   2.379    1.168    -0.01534 0.003836 -0.009709 | -1.0467
-1.863   2.379    1.168    -0.01534 0.003836 -0.009709 | -1.0467
-1.863   2.379    1.168    -0.01534 0.003836 -0.009709 | -1.0467
iteration 7...
-1.863   2.379    1.168    -0.01534 0.003836 -0.009709 | -1.0467
-1.863   2.379    1.168    -0.01534 0.003836 -0.009709 | -1.0467
-1.863   2.379    1.173    -0.01534 0.003836 -0.009709 | -1.0467
-1.863   2.379    1.173    -0.01534 0.003836 -0.009709 | -1.0467
-1.863   2.379    1.173    -0.01534 0.003836 -0.009709 | -1.0467
-1.863   2.379    1.173    -0.01534 0.003836 -0.009709 | -1.0467
iteration 1...
-1.863   2.379    1.173    -0.01534 0.003836 -0.009709 | -1.0468
-1.863   2.502    1.173    -0.01534 0.003836 -0.009709 | -1.0468
-1.863   2.502    1.405    -0.01534 0.003836 -0.009709 | -1.0468
-1.863   2.502    1.405    -0.01752 0.003836 -0.009709 | -1.0468
-1.863   2.502    1.405    -0.01752 -0.002424 -0.009709 | -1.0468
-1.863   2.502    1.405    -0.01752 -0.002424 -0.009513 | -1.0468
iteration 2...
-1.944   2.502    1.405    -0.01752 -0.002424 -0.009513 | -1.0468
-1.944   2.426    1.405    -0.01752 -0.002424 -0.009513 | -1.0468
-1.944   2.426    1.477    -0.01752 -0.002424 -0.009513 | -1.0468
-1.944   2.426    1.477    -0.01881 -0.002424 -0.009513 | -1.0468
-1.944   2.426    1.477    -0.01881 -0.002424 -0.009513 | -1.0468
-1.944   2.426    1.477    -0.01881 -0.002424 -0.01267 | -1.0468
iteration 3...
-2.059   2.426    1.477    -0.01881 -0.002424 -0.01267 | -1.0468
-2.059   2.379    1.477    -0.01881 -0.002424 -0.01267 | -1.0468
-2.059   2.379    1.533    -0.01881 -0.002424 -0.01267 | -1.0468
-2.059   2.379    1.533    -0.01881 -0.002424 -0.01267 | -1.0468
-2.059   2.379    1.533    -0.01881 -0.003774 -0.01267 | -1.0468
-2.059   2.379    1.533    -0.01881 -0.003774 -0.01304 | -1.0468
iteration 4...
-2.059   2.379    1.533    -0.01881 -0.003774 -0.01304 | -1.0468
-2.059   2.415    1.533    -0.01881 -0.003774 -0.01304 | -1.0468
-2.059   2.415    1.516    -0.01881 -0.003774 -0.01304 | -1.0468
-2.059   2.415    1.516    -0.01938 -0.003774 -0.01304 | -1.0468
-2.059   2.415    1.516    -0.01938 -0.003659 -0.01304 | -1.0468
-2.059   2.415    1.516    -0.01938 -0.003659 -0.01304 | -1.0468
iteration 5...
-2.059   2.415    1.516    -0.01938 -0.003659 -0.01304 | -1.0468
-2.059   2.425    1.516    -0.01938 -0.003659 -0.01304 | -1.0468
-2.059   2.425    1.511    -0.01938 -0.003659 -0.01304 | -1.0468
-2.059   2.425    1.511    -0.01938 -0.003659 -0.01304 | -1.0468
-2.059   2.425    1.511    -0.01938 -0.003659 -0.01304 | -1.0468
-2.059   2.425    1.511    -0.01938 -0.003659 -0.01304 | -1.0468
Done    'Coregister: Estimate'
Done

CoReg Done in 36.737187 seconds

All done with coregistration.
>> >> 
No sandbox specified



Start   : Wed Nov 21 21:21:05 EST 2018
Finish  : Wed Nov 21 21:22:20 EST 2018


