
                            < M A T L A B (R) >
                  Copyright 1984-2015 The MathWorks, Inc.
                   R2015b (8.6.0.267246) 64-bit (glnxa64)
                              August 20, 2015

 
To get started, type one of these: helpwin, helpdesk, or demo.
For product information, visit www.mathworks.com.
 

	Academic License

>> >> >> >> Coregistation Script Created on 181122_00_54_54_417
>> >> >> >> >> >> [Warning: Name is nonexistent or not a directory:
/Users/rcwelsh/matlabScripts/WELLES/mfiles] 
[> In path (line 109)
  In addpath (line 86)] 
>> >> >> >> >> 
UMBatchJobName =

coregOverlay_181122_00_54_54_417_tehsheng_madcbrai

>> 
UMBatchProcessName =

coregOverlay

>> >> Initializing the job manager in SPM8

UMReSlice =

     0



Calling UMBatchCoReg with:
/nfs/fmri/Analysis/Sean_Working/Git_MADC/preprocess/../../Subjects_ABCDResting/madc1453_scan1/func//run_01/utprun_01.nii
/nfs/fmri/Analysis/Sean_Working/Subjects_ABCDResting/madc1453_scan1/func/coReg/t1mprage.nii
UMReSlice:0
Entering UMBatchCoReg V2.0 for SPM8
Coreging /nfs/fmri/Analysis/Sean_Working/Subjects_ABCDResting/madc1453_scan1/func/coReg/t1mprage.nii to
         /nfs/fmri/Analysis/Sean_Working/Git_MADC/preprocess/../../Subjects_ABCDResting/madc1453_scan1/func//run_01/utprun_01.nii


------------------------------------------------------------------------
Running job #1
------------------------------------------------------------------------
Running 'Coregister: Estimate'
iteration 1...
-1.53    0        0        0        0        0        | -1.0543
-1.53    2.327    0        0        0        0        | -1.0551
-1.53    2.327    -0.08672 0        0        0        | -1.0551
-1.53    2.327    -0.08672 -0.0271  0        0        | -1.0553
-1.53    2.327    -0.08672 -0.0271  0.0001197 0        | -1.0553
-1.53    2.327    -0.08672 -0.0271  0.0001197 -0.01614 | -1.0554
iteration 2...
-1.532   2.327    -0.08672 -0.0271  0.0001197 -0.01614 | -1.0554
-1.532   2.488    -0.08672 -0.0271  0.0001197 -0.01614 | -1.0555
-1.532   2.488    -0.1059  -0.0271  0.0001197 -0.01614 | -1.0555
-1.532   2.488    -0.1059  -0.02605 0.0001197 -0.01614 | -1.0555
-1.532   2.488    -0.1059  -0.02605 0.003508 -0.01614 | -1.0555
-1.532   2.488    -0.1059  -0.02605 0.003508 -0.01614 | -1.0555
iteration 3...
-1.532   2.488    -0.1059  -0.02605 0.003508 -0.01614 | -1.0555
-1.532   2.542    -0.1059  -0.02605 0.003508 -0.01614 | -1.0555
-1.532   2.542    -0.1713  -0.02605 0.003508 -0.01614 | -1.0555
-1.532   2.542    -0.1713  -0.02637 0.003508 -0.01614 | -1.0555
-1.532   2.542    -0.1713  -0.02637 0.003508 -0.01614 | -1.0555
-1.532   2.542    -0.1713  -0.02637 0.003508 -0.01614 | -1.0555
iteration 4...
-1.532   2.542    -0.1713  -0.02637 0.003508 -0.01614 | -1.0555
-1.532   2.546    -0.1713  -0.02637 0.003508 -0.01614 | -1.0555
-1.532   2.546    -0.1713  -0.02637 0.003508 -0.01614 | -1.0555
-1.532   2.546    -0.1713  -0.02637 0.003508 -0.01614 | -1.0555
-1.532   2.546    -0.1713  -0.02637 0.003508 -0.01614 | -1.0555
-1.532   2.546    -0.1713  -0.02637 0.003508 -0.01614 | -1.0555
iteration 1...
-1.429   2.546    -0.1713  -0.02637 0.003508 -0.01614 | -1.0555
-1.429   2.431    -0.1713  -0.02637 0.003508 -0.01614 | -1.0555
-1.429   2.431    -0.2912  -0.02637 0.003508 -0.01614 | -1.0555
-1.429   2.431    -0.2912  -0.02573 0.003508 -0.01614 | -1.0555
-1.429   2.431    -0.2912  -0.02573 -0.0002973 -0.01614 | -1.0555
-1.429   2.431    -0.2912  -0.02573 -0.0002973 -0.01119 | -1.0555
iteration 2...
-1.429   2.431    -0.2912  -0.02573 -0.0002973 -0.01119 | -1.0555
-1.429   2.431    -0.2912  -0.02573 -0.0002973 -0.01119 | -1.0555
-1.429   2.431    -0.2846  -0.02573 -0.0002973 -0.01119 | -1.0555
-1.429   2.431    -0.2846  -0.02491 -0.0002973 -0.01119 | -1.0555
-1.429   2.431    -0.2846  -0.02491 -0.001169 -0.01119 | -1.0555
-1.429   2.431    -0.2846  -0.02491 -0.001169 -0.01119 | -1.0555
iteration 3...
-1.429   2.431    -0.2846  -0.02491 -0.001169 -0.01119 | -1.0555
-1.429   2.431    -0.2846  -0.02491 -0.001169 -0.01119 | -1.0555
-1.429   2.431    -0.2913  -0.02491 -0.001169 -0.01119 | -1.0555
-1.429   2.431    -0.2913  -0.02494 -0.001169 -0.01119 | -1.0555
-1.429   2.431    -0.2913  -0.02494 -0.002143 -0.01119 | -1.0555
-1.429   2.431    -0.2913  -0.02494 -0.002143 -0.01119 | -1.0555
iteration 4...
-1.429   2.431    -0.2913  -0.02494 -0.002143 -0.01119 | -1.0555
-1.429   2.431    -0.2913  -0.02494 -0.002143 -0.01119 | -1.0555
-1.429   2.431    -0.2945  -0.02494 -0.002143 -0.01119 | -1.0555
-1.429   2.431    -0.2945  -0.02511 -0.002143 -0.01119 | -1.0555
-1.429   2.431    -0.2945  -0.02511 -0.001879 -0.01119 | -1.0555
-1.429   2.431    -0.2945  -0.02511 -0.001879 -0.01119 | -1.0555
Done    'Coregister: Estimate'
Done

CoReg Done in 23.124646 seconds

All done with coregistration.
>> >> 
No sandbox specified



Start   : Thu Nov 22 00:54:56 EST 2018
Finish  : Thu Nov 22 00:55:56 EST 2018


