
                            < M A T L A B (R) >
                  Copyright 1984-2015 The MathWorks, Inc.
                   R2015b (8.6.0.267246) 64-bit (glnxa64)
                              August 20, 2015

 
To get started, type one of these: helpwin, helpdesk, or demo.
For product information, visit www.mathworks.com.
 

	Academic License

>> >> >> >> Coregistation Script Created on 181121_20_26_49_447
>> >> >> >> >> >> [Warning: Name is nonexistent or not a directory:
/Users/rcwelsh/matlabScripts/WELLES/mfiles] 
[> In path (line 109)
  In addpath (line 86)] 
>> >> >> >> >> 
UMBatchJobName =

coregOverlay_181121_20_26_49_447_tehsheng_madcbrai

>> 
UMBatchProcessName =

coregOverlay

>> >> Initializing the job manager in SPM8

UMReSlice =

     0



Calling UMBatchCoReg with:
/nfs/fmri/Analysis/Sean_Working/Git_MADC/preprocess/../../Subjects_ABCDResting/madc1389_scan1/func//run_01/utprun_01.nii
/nfs/fmri/Analysis/Sean_Working/Subjects_ABCDResting/madc1389_scan1/func/coReg/t1mprage.nii
UMReSlice:0
Entering UMBatchCoReg V2.0 for SPM8
Coreging /nfs/fmri/Analysis/Sean_Working/Subjects_ABCDResting/madc1389_scan1/func/coReg/t1mprage.nii to
         /nfs/fmri/Analysis/Sean_Working/Git_MADC/preprocess/../../Subjects_ABCDResting/madc1389_scan1/func//run_01/utprun_01.nii


------------------------------------------------------------------------
Running job #1
------------------------------------------------------------------------
Running 'Coregister: Estimate'
iteration 1...
-1.704   0        0        0        0        0        | -1.0444
-1.704   -0.8789  0        0        0        0        | -1.0446
-1.704   -0.8789  2.323    0        0        0        | -1.0459
-1.704   -0.8789  2.323    0.001973 0        0        | -1.0459
-1.704   -0.8789  2.323    0.001973 0        0        | -1.0459
-1.704   -0.8789  2.323    0.001973 0        0.0104   | -1.046
iteration 2...
-1.506   -0.8789  2.323    0.001973 0        0.0104   | -1.046
-1.506   -1.065   2.323    0.001973 0        0.0104   | -1.046
-1.506   -1.065   2.384    0.001973 0        0.0104   | -1.046
-1.506   -1.065   2.384    0.007061 0        0.0104   | -1.046
-1.506   -1.065   2.384    0.007061 0.00544  0.0104   | -1.046
-1.506   -1.065   2.384    0.007061 0.00544  0.0104   | -1.046
iteration 3...
-1.495   -1.065   2.384    0.007061 0.00544  0.0104   | -1.046
-1.495   -1.108   2.384    0.007061 0.00544  0.0104   | -1.046
-1.495   -1.108   2.525    0.007061 0.00544  0.0104   | -1.046
-1.495   -1.108   2.525    0.007061 0.00544  0.0104   | -1.046
-1.495   -1.108   2.525    0.007061 0.00544  0.0104   | -1.046
-1.495   -1.108   2.525    0.007061 0.00544  0.0104   | -1.046
iteration 4...
-1.495   -1.108   2.525    0.007061 0.00544  0.0104   | -1.046
-1.495   -1.108   2.525    0.007061 0.00544  0.0104   | -1.046
-1.495   -1.108   2.525    0.007061 0.00544  0.0104   | -1.046
-1.495   -1.108   2.525    0.007061 0.00544  0.0104   | -1.046
-1.495   -1.108   2.525    0.007061 0.00544  0.0104   | -1.046
-1.495   -1.108   2.525    0.007061 0.00544  0.0104   | -1.046
iteration 1...
-1.277   -1.108   2.525    0.007061 0.00544  0.0104   | -1.0459
-1.277   -1.254   2.525    0.007061 0.00544  0.0104   | -1.0459
-1.277   -1.254   2.489    0.007061 0.00544  0.0104   | -1.0459
-1.277   -1.254   2.489    0.0083   0.00544  0.0104   | -1.0459
-1.277   -1.254   2.489    0.0083   0.00222  0.0104   | -1.046
-1.277   -1.254   2.489    0.0083   0.00222  0.004688 | -1.046
iteration 2...
-1.26    -1.254   2.489    0.0083   0.00222  0.004688 | -1.046
-1.26    -1.335   2.489    0.0083   0.00222  0.004688 | -1.046
-1.26    -1.335   2.486    0.0083   0.00222  0.004688 | -1.046
-1.26    -1.335   2.486    0.0083   0.00222  0.004688 | -1.046
-1.26    -1.335   2.486    0.0083   0.0008029 0.004688 | -1.046
-1.26    -1.335   2.486    0.0083   0.0008029 0.004722 | -1.046
iteration 3...
-1.26    -1.335   2.486    0.0083   0.0008029 0.004722 | -1.046
-1.26    -1.335   2.486    0.0083   0.0008029 0.004722 | -1.046
-1.26    -1.335   2.475    0.0083   0.0008029 0.004722 | -1.046
-1.26    -1.335   2.475    0.0083   0.0008029 0.004722 | -1.046
-1.26    -1.335   2.475    0.0083   0.0008029 0.004722 | -1.046
-1.26    -1.335   2.475    0.0083   0.0008029 0.004722 | -1.046
Done    'Coregister: Estimate'
Done

CoReg Done in 24.096694 seconds

All done with coregistration.
>> >> 
No sandbox specified



Start   : Wed Nov 21 20:26:53 EST 2018
Finish  : Wed Nov 21 20:27:55 EST 2018


