
                            < M A T L A B (R) >
                  Copyright 1984-2015 The MathWorks, Inc.
                   R2015b (8.6.0.267246) 64-bit (glnxa64)
                              August 20, 2015

 
To get started, type one of these: helpwin, helpdesk, or demo.
For product information, visit www.mathworks.com.
 

	Academic License

>> >> >> >> Coregistation Script Created on 181121_20_54_47_720
>> >> >> >> >> >> [Warning: Name is nonexistent or not a directory:
/Users/rcwelsh/matlabScripts/WELLES/mfiles] 
[> In path (line 109)
  In addpath (line 86)] 
>> >> >> >> >> 
UMBatchJobName =

coregOverlay_181121_20_54_47_720_tehsheng_madcbrai

>> 
UMBatchProcessName =

coregOverlay

>> >> Initializing the job manager in SPM8

UMReSlice =

     0



Calling UMBatchCoReg with:
/nfs/fmri/Analysis/Sean_Working/Git_MADC/preprocess/../../Subjects_ABCDResting/madc1438_scan1/func//run_01/utprun_01.nii
/nfs/fmri/Analysis/Sean_Working/Subjects_ABCDResting/madc1438_scan1/func/coReg/t1mprage.nii
UMReSlice:0
Entering UMBatchCoReg V2.0 for SPM8
Coreging /nfs/fmri/Analysis/Sean_Working/Subjects_ABCDResting/madc1438_scan1/func/coReg/t1mprage.nii to
         /nfs/fmri/Analysis/Sean_Working/Git_MADC/preprocess/../../Subjects_ABCDResting/madc1438_scan1/func//run_01/utprun_01.nii


------------------------------------------------------------------------
Running job #1
------------------------------------------------------------------------
Running 'Coregister: Estimate'
iteration 1...
-2.728   0        0        0        0        0        | -1.0479
-2.728   3.598    0        0        0        0        | -1.0492
-2.728   3.598    -3.141   0        0        0        | -1.0502
-2.728   3.598    -3.141   0        0        0        | -1.0502
-2.728   3.598    -3.141   0        0.0003757 0        | -1.0502
-2.728   3.598    -3.141   0        0.0003757 -0.03248 | -1.0502
iteration 2...
-2.728   3.598    -3.141   0        0.0003757 -0.03248 | -1.0502
-2.728   3.406    -3.141   0        0.0003757 -0.03248 | -1.0503
-2.728   3.406    -3.13    0        0.0003757 -0.03248 | -1.0503
-2.728   3.406    -3.13    -1.223e-05 0.0003757 -0.03248 | -1.0503
-2.728   3.406    -3.13    -1.223e-05 0.01907  -0.03248 | -1.0503
-2.728   3.406    -3.13    -1.223e-05 0.01907  -0.02528 | -1.0503
iteration 3...
-2.696   3.406    -3.13    -1.223e-05 0.01907  -0.02528 | -1.0503
-2.696   3.379    -3.13    -1.223e-05 0.01907  -0.02528 | -1.0503
-2.696   3.379    -3.002   -1.223e-05 0.01907  -0.02528 | -1.0503
-2.696   3.379    -3.002   -0.00254 0.01907  -0.02528 | -1.0503
-2.696   3.379    -3.002   -0.00254 0.02077  -0.02528 | -1.0503
-2.696   3.379    -3.002   -0.00254 0.02077  -0.0239  | -1.0503
iteration 4...
-2.667   3.379    -3.002   -0.00254 0.02077  -0.0239  | -1.0503
-2.667   3.284    -3.002   -0.00254 0.02077  -0.0239  | -1.0503
-2.667   3.284    -2.902   -0.00254 0.02077  -0.0239  | -1.0503
-2.667   3.284    -2.902   -0.00212 0.02077  -0.0239  | -1.0503
-2.667   3.284    -2.902   -0.00212 0.02077  -0.0239  | -1.0503
-2.667   3.284    -2.902   -0.00212 0.02077  -0.0239  | -1.0503
iteration 5...
-2.667   3.284    -2.902   -0.00212 0.02077  -0.0239  | -1.0503
-2.667   3.317    -2.902   -0.00212 0.02077  -0.0239  | -1.0503
-2.667   3.317    -2.909   -0.00212 0.02077  -0.0239  | -1.0503
-2.667   3.317    -2.909   -0.00212 0.02077  -0.0239  | -1.0503
-2.667   3.317    -2.909   -0.00212 0.02077  -0.0239  | -1.0503
-2.667   3.317    -2.909   -0.00212 0.02077  -0.0239  | -1.0503
iteration 6...
-2.667   3.317    -2.909   -0.00212 0.02077  -0.0239  | -1.0503
-2.667   3.317    -2.909   -0.00212 0.02077  -0.0239  | -1.0503
-2.667   3.317    -2.909   -0.00212 0.02077  -0.0239  | -1.0503
-2.667   3.317    -2.909   -0.00212 0.02077  -0.0239  | -1.0503
-2.667   3.317    -2.909   -0.00212 0.02077  -0.0239  | -1.0503
-2.667   3.317    -2.909   -0.00212 0.02077  -0.0239  | -1.0503
iteration 1...
-2.456   3.317    -2.909   -0.00212 0.02077  -0.0239  | -1.05
-2.456   3.658    -2.909   -0.00212 0.02077  -0.0239  | -1.05
-2.456   3.658    -3.434   -0.00212 0.02077  -0.0239  | -1.0501
-2.456   3.658    -3.434   0.01075  0.02077  -0.0239  | -1.0501
-2.456   3.658    -3.434   0.01075  0.02077  -0.0239  | -1.0501
-2.456   3.658    -3.434   0.01075  0.02077  -0.01838 | -1.0501
iteration 2...
-2.378   3.658    -3.434   0.01075  0.02077  -0.01838 | -1.0501
-2.378   3.763    -3.434   0.01075  0.02077  -0.01838 | -1.0501
-2.378   3.763    -3.488   0.01075  0.02077  -0.01838 | -1.0501
-2.378   3.763    -3.488   0.007624 0.02077  -0.01838 | -1.0501
-2.378   3.763    -3.488   0.007624 0.02049  -0.01838 | -1.0501
-2.378   3.763    -3.488   0.007624 0.02049  -0.01775 | -1.0501
iteration 3...
-2.388   3.763    -3.488   0.007624 0.02049  -0.01775 | -1.0501
-2.388   3.727    -3.488   0.007624 0.02049  -0.01775 | -1.0501
-2.388   3.727    -3.488   0.007624 0.02049  -0.01775 | -1.0501
-2.388   3.727    -3.488   0.007706 0.02049  -0.01775 | -1.0501
-2.388   3.727    -3.488   0.007706 0.02041  -0.01775 | -1.0501
-2.388   3.727    -3.488   0.007706 0.02041  -0.01775 | -1.0501
iteration 4...
-2.388   3.727    -3.488   0.007706 0.02041  -0.01775 | -1.0501
-2.388   3.732    -3.488   0.007706 0.02041  -0.01775 | -1.0501
-2.388   3.732    -3.488   0.007706 0.02041  -0.01775 | -1.0501
-2.388   3.732    -3.488   0.007722 0.02041  -0.01775 | -1.0501
-2.388   3.732    -3.488   0.007722 0.02041  -0.01775 | -1.0501
-2.388   3.732    -3.488   0.007722 0.02041  -0.01775 | -1.0501
Done    'Coregister: Estimate'
Done

CoReg Done in 29.206222 seconds

All done with coregistration.
>> >> 
No sandbox specified



Start   : Wed Nov 21 20:54:50 EST 2018
Finish  : Wed Nov 21 20:55:58 EST 2018


