
                            < M A T L A B (R) >
                  Copyright 1984-2015 The MathWorks, Inc.
                   R2015b (8.6.0.267246) 64-bit (glnxa64)
                              August 20, 2015

 
To get started, type one of these: helpwin, helpdesk, or demo.
For product information, visit www.mathworks.com.
 

	Academic License

>> >> >> >> Coregistation Script Created on 181121_22_59_31_636
>> >> >> >> >> >> [Warning: Name is nonexistent or not a directory:
/Users/rcwelsh/matlabScripts/WELLES/mfiles] 
[> In path (line 109)
  In addpath (line 86)] 
>> >> >> >> >> 
UMBatchJobName =

coregOverlay_181121_22_59_31_636_tehsheng_madcbrai

>> 
UMBatchProcessName =

coregOverlay

>> >> Initializing the job manager in SPM8

UMReSlice =

     0



Calling UMBatchCoReg with:
/nfs/fmri/Analysis/Sean_Working/Git_MADC/preprocess/../../Subjects_ABCDResting/madc1399_scan1/func//run_01/utprun_01.nii
/nfs/fmri/Analysis/Sean_Working/Subjects_ABCDResting/madc1399_scan1/func/coReg/t1mprage.nii
UMReSlice:0
Entering UMBatchCoReg V2.0 for SPM8
Coreging /nfs/fmri/Analysis/Sean_Working/Subjects_ABCDResting/madc1399_scan1/func/coReg/t1mprage.nii to
         /nfs/fmri/Analysis/Sean_Working/Git_MADC/preprocess/../../Subjects_ABCDResting/madc1399_scan1/func//run_01/utprun_01.nii


------------------------------------------------------------------------
Running job #1
------------------------------------------------------------------------
Running 'Coregister: Estimate'
iteration 1...
-1.207   0        0        0        0        0        | -1.0471
-1.207   1.047    0        0        0        0        | -1.0473
-1.207   1.047    -0.6866  0        0        0        | -1.0473
-1.207   1.047    -0.6866  0.01795  0        0        | -1.0474
-1.207   1.047    -0.6866  0.01795  0        0        | -1.0474
-1.207   1.047    -0.6866  0.01795  0        0        | -1.0474
iteration 2...
-1.199   1.047    -0.6866  0.01795  0        0        | -1.0475
-1.199   2.06     -0.6866  0.01795  0        0        | -1.0476
-1.199   2.06     -0.44    0.01795  0        0        | -1.0476
-1.199   2.06     -0.44    0.029    0        0        | -1.0477
-1.199   2.06     -0.44    0.029    0        0        | -1.0477
-1.199   2.06     -0.44    0.029    0        0        | -1.0477
iteration 3...
-1.269   2.06     -0.44    0.029    0        0        | -1.0477
-1.269   2.143    -0.44    0.029    0        0        | -1.0477
-1.269   2.143    -0.2088  0.029    0        0        | -1.0477
-1.269   2.143    -0.2088  0.02918  0        0        | -1.0477
-1.269   2.143    -0.2088  0.02918  -0.002151 0        | -1.0477
-1.269   2.143    -0.2088  0.02918  -0.002151 -0.000323 | -1.0477
iteration 4...
-1.305   2.143    -0.2088  0.02918  -0.002151 -0.000323 | -1.0477
-1.305   2.145    -0.2088  0.02918  -0.002151 -0.000323 | -1.0477
-1.305   2.145    -0.2545  0.02918  -0.002151 -0.000323 | -1.0477
-1.305   2.145    -0.2545  0.03024  -0.002151 -0.000323 | -1.0477
-1.305   2.145    -0.2545  0.03024  -0.002151 -0.000323 | -1.0477
-1.305   2.145    -0.2545  0.03024  -0.002151 -0.0001539 | -1.0477
iteration 5...
-1.392   2.145    -0.2545  0.03024  -0.002151 -0.0001539 | -1.0477
-1.392   2.184    -0.2545  0.03024  -0.002151 -0.0001539 | -1.0477
-1.392   2.184    -0.2793  0.03024  -0.002151 -0.0001539 | -1.0477
-1.392   2.184    -0.2793  0.03024  -0.002151 -0.0001539 | -1.0477
-1.392   2.184    -0.2793  0.03024  -0.002674 -0.0001539 | -1.0477
-1.392   2.184    -0.2793  0.03024  -0.002674 0.0002537 | -1.0477
iteration 6...
-1.392   2.184    -0.2793  0.03024  -0.002674 0.0002537 | -1.0477
-1.392   2.194    -0.2793  0.03024  -0.002674 0.0002537 | -1.0477
-1.392   2.194    -0.2706  0.03024  -0.002674 0.0002537 | -1.0477
-1.392   2.194    -0.2706  0.03024  -0.002674 0.0002537 | -1.0477
-1.392   2.194    -0.2706  0.03024  -0.002674 0.0002537 | -1.0477
-1.392   2.194    -0.2706  0.03024  -0.002674 0.0002537 | -1.0477
iteration 1...
-1.508   2.194    -0.2706  0.03024  -0.002674 0.0002537 | -1.0475
-1.508   2.854    -0.2706  0.03024  -0.002674 0.0002537 | -1.0476
-1.508   2.854    0.07867  0.03024  -0.002674 0.0002537 | -1.0476
-1.508   2.854    0.07867  0.03269  -0.002674 0.0002537 | -1.0476
-1.508   2.854    0.07867  0.03269  -0.00818 0.0002537 | -1.0476
-1.508   2.854    0.07867  0.03269  -0.00818 -0.00483 | -1.0476
iteration 2...
-1.534   2.854    0.07867  0.03269  -0.00818 -0.00483 | -1.0476
-1.534   2.954    0.07867  0.03269  -0.00818 -0.00483 | -1.0476
-1.534   2.954    0.1206   0.03269  -0.00818 -0.00483 | -1.0476
-1.534   2.954    0.1206   0.03411  -0.00818 -0.00483 | -1.0476
-1.534   2.954    0.1206   0.03411  -0.01034 -0.00483 | -1.0476
-1.534   2.954    0.1206   0.03411  -0.01034 -0.004911 | -1.0476
iteration 3...
-1.61    2.954    0.1206   0.03411  -0.01034 -0.004911 | -1.0476
-1.61    2.985    0.1206   0.03411  -0.01034 -0.004911 | -1.0476
-1.61    2.985    0.1368   0.03411  -0.01034 -0.004911 | -1.0476
-1.61    2.985    0.1368   0.03411  -0.01034 -0.004911 | -1.0476
-1.61    2.985    0.1368   0.03411  -0.01034 -0.004911 | -1.0476
-1.61    2.985    0.1368   0.03411  -0.01034 -0.004911 | -1.0476
iteration 4...
-1.601   2.985    0.1368   0.03411  -0.01034 -0.004911 | -1.0476
-1.601   2.984    0.1368   0.03411  -0.01034 -0.004911 | -1.0476
-1.601   2.984    0.1368   0.03411  -0.01034 -0.004911 | -1.0476
-1.601   2.984    0.1368   0.03411  -0.01034 -0.004911 | -1.0476
-1.601   2.984    0.1368   0.03411  -0.01034 -0.004911 | -1.0476
-1.601   2.984    0.1368   0.03411  -0.01034 -0.004911 | -1.0476
Done    'Coregister: Estimate'
Done

CoReg Done in 28.998759 seconds

All done with coregistration.
>> >> 
No sandbox specified



Start   : Wed Nov 21 22:59:34 EST 2018
Finish  : Wed Nov 21 23:00:42 EST 2018


