
                            < M A T L A B (R) >
                  Copyright 1984-2015 The MathWorks, Inc.
                   R2015b (8.6.0.267246) 64-bit (glnxa64)
                              August 20, 2015

 
To get started, type one of these: helpwin, helpdesk, or demo.
For product information, visit www.mathworks.com.
 

	Academic License

>> >> >> >> Coregistation Script Created on 181121_12_47_57_710
>> >> >> >> >> >> [Warning: Name is nonexistent or not a directory:
/Users/rcwelsh/matlabScripts/WELLES/mfiles] 
[> In path (line 109)
  In addpath (line 86)] 
>> >> >> >> >> 
UMBatchJobName =

coregOverlay_181121_12_47_57_710_tehsheng_madcbrai

>> 
UMBatchProcessName =

coregOverlay

>> >> Initializing the job manager in SPM8

UMReSlice =

     0



Calling UMBatchCoReg with:
/nfs/fmri/Analysis/Sean_Working/Git_MADC/preprocess/../../Subjects_ABCDResting/madc1353_scan1/func//run_01/utprun_01.nii
/nfs/fmri/Analysis/Sean_Working/Subjects_ABCDResting/madc1353_scan1/func/coReg/t1mprage.nii
UMReSlice:0
Entering UMBatchCoReg V2.0 for SPM8
Coreging /nfs/fmri/Analysis/Sean_Working/Subjects_ABCDResting/madc1353_scan1/func/coReg/t1mprage.nii to
         /nfs/fmri/Analysis/Sean_Working/Git_MADC/preprocess/../../Subjects_ABCDResting/madc1353_scan1/func//run_01/utprun_01.nii


------------------------------------------------------------------------
Running job #1
------------------------------------------------------------------------
Running 'Coregister: Estimate'
iteration 1...
-1.09    0        0        0        0        0        | -1.0562
-1.09    1.286    0        0        0        0        | -1.0565
-1.09    1.286    -1.368   0        0        0        | -1.057
-1.09    1.286    -1.368   0.02463  0        0        | -1.0572
-1.09    1.286    -1.368   0.02463  0.004602 0        | -1.0572
-1.09    1.286    -1.368   0.02463  0.004602 -0.01209 | -1.0573
iteration 2...
-1.336   1.286    -1.368   0.02463  0.004602 -0.01209 | -1.0573
-1.336   1.248    -1.368   0.02463  0.004602 -0.01209 | -1.0573
-1.336   1.248    -1.176   0.02463  0.004602 -0.01209 | -1.0573
-1.336   1.248    -1.176   0.02732  0.004602 -0.01209 | -1.0573
-1.336   1.248    -1.176   0.02732  -0.00254 -0.01209 | -1.0573
-1.336   1.248    -1.176   0.02732  -0.00254 -0.01187 | -1.0573
iteration 3...
-1.336   1.248    -1.176   0.02732  -0.00254 -0.01187 | -1.0573
-1.336   1.159    -1.176   0.02732  -0.00254 -0.01187 | -1.0573
-1.336   1.159    -1.176   0.02732  -0.00254 -0.01187 | -1.0573
-1.336   1.159    -1.176   0.0277   -0.00254 -0.01187 | -1.0573
-1.336   1.159    -1.176   0.0277   -0.00254 -0.01187 | -1.0573
-1.336   1.159    -1.176   0.0277   -0.00254 -0.01187 | -1.0573
iteration 4...
-1.311   1.159    -1.176   0.0277   -0.00254 -0.01187 | -1.0573
-1.311   1.159    -1.176   0.0277   -0.00254 -0.01187 | -1.0573
-1.311   1.159    -1.154   0.0277   -0.00254 -0.01187 | -1.0573
-1.311   1.159    -1.154   0.02832  -0.00254 -0.01187 | -1.0573
-1.311   1.159    -1.154   0.02832  -0.001488 -0.01187 | -1.0573
-1.311   1.159    -1.154   0.02832  -0.001488 -0.01307 | -1.0573
iteration 5...
-1.311   1.159    -1.154   0.02832  -0.001488 -0.01307 | -1.0573
-1.311   1.159    -1.154   0.02832  -0.001488 -0.01307 | -1.0573
-1.311   1.159    -1.142   0.02832  -0.001488 -0.01307 | -1.0573
-1.311   1.159    -1.142   0.02832  -0.001488 -0.01307 | -1.0573
-1.311   1.159    -1.142   0.02832  -0.001488 -0.01307 | -1.0573
-1.311   1.159    -1.142   0.02832  -0.001488 -0.01307 | -1.0573
iteration 1...
-1.098   1.159    -1.142   0.02832  -0.001488 -0.01307 | -1.0571
-1.098   1.254    -1.142   0.02832  -0.001488 -0.01307 | -1.0571
-1.098   1.254    -1.09    0.02832  -0.001488 -0.01307 | -1.0571
-1.098   1.254    -1.09    0.02286  -0.001488 -0.01307 | -1.0571
-1.098   1.254    -1.09    0.02286  -0.004335 -0.01307 | -1.0571
-1.098   1.254    -1.09    0.02286  -0.004335 -0.004494 | -1.0571
iteration 2...
-1.172   1.254    -1.09    0.02286  -0.004335 -0.004494 | -1.0571
-1.172   1.207    -1.09    0.02286  -0.004335 -0.004494 | -1.0571
-1.172   1.207    -1.159   0.02286  -0.004335 -0.004494 | -1.0571
-1.172   1.207    -1.159   0.02164  -0.004335 -0.004494 | -1.0571
-1.172   1.207    -1.159   0.02164  -0.004335 -0.004494 | -1.0571
-1.172   1.207    -1.159   0.02164  -0.004335 -0.003046 | -1.0571
iteration 3...
-1.187   1.207    -1.159   0.02164  -0.004335 -0.003046 | -1.0571
-1.187   1.207    -1.159   0.02164  -0.004335 -0.003046 | -1.0571
-1.187   1.207    -1.193   0.02164  -0.004335 -0.003046 | -1.0571
-1.187   1.207    -1.193   0.02194  -0.004335 -0.003046 | -1.0571
-1.187   1.207    -1.193   0.02194  -0.004335 -0.003046 | -1.0571
-1.187   1.207    -1.193   0.02194  -0.004335 -0.002553 | -1.0571
iteration 4...
-1.189   1.207    -1.193   0.02194  -0.004335 -0.002553 | -1.0571
-1.189   1.21     -1.193   0.02194  -0.004335 -0.002553 | -1.0571
-1.189   1.21     -1.186   0.02194  -0.004335 -0.002553 | -1.0571
-1.189   1.21     -1.186   0.02194  -0.004335 -0.002553 | -1.0571
-1.189   1.21     -1.186   0.02194  -0.004335 -0.002553 | -1.0571
-1.189   1.21     -1.186   0.02194  -0.004335 -0.002553 | -1.0571
Done    'Coregister: Estimate'
Done

CoReg Done in 30.297357 seconds

All done with coregistration.
>> >> 
No sandbox specified



Start   : Wed Nov 21 12:48:01 EST 2018
Finish  : Wed Nov 21 12:49:06 EST 2018


