
                            < M A T L A B (R) >
                  Copyright 1984-2015 The MathWorks, Inc.
                   R2015b (8.6.0.267246) 64-bit (glnxa64)
                              August 20, 2015

 
To get started, type one of these: helpwin, helpdesk, or demo.
For product information, visit www.mathworks.com.
 

	Academic License

>> >> >> >> Coregistation Script Created on 181121_17_59_29_760
>> >> >> >> >> >> [Warning: Name is nonexistent or not a directory:
/Users/rcwelsh/matlabScripts/WELLES/mfiles] 
[> In path (line 109)
  In addpath (line 86)] 
>> >> >> >> >> 
UMBatchJobName =

coregOverlay_181121_17_59_29_760_tehsheng_madcbrai

>> 
UMBatchProcessName =

coregOverlay

>> >> Initializing the job manager in SPM8

UMReSlice =

     0



Calling UMBatchCoReg with:
/nfs/fmri/Analysis/Sean_Working/Git_MADC/preprocess/../../Subjects_ABCDResting/madc1243_scan1/func//run_01/utprun_01.nii
/nfs/fmri/Analysis/Sean_Working/Subjects_ABCDResting/madc1243_scan1/func/coReg/t1mprage.nii
UMReSlice:0
Entering UMBatchCoReg V2.0 for SPM8
Coreging /nfs/fmri/Analysis/Sean_Working/Subjects_ABCDResting/madc1243_scan1/func/coReg/t1mprage.nii to
         /nfs/fmri/Analysis/Sean_Working/Git_MADC/preprocess/../../Subjects_ABCDResting/madc1243_scan1/func//run_01/utprun_01.nii


------------------------------------------------------------------------
Running job #1
------------------------------------------------------------------------
Running 'Coregister: Estimate'
iteration 1...
-1.743   0        0        0        0        0        | -1.0461
-1.743   2.436    0        0        0        0        | -1.0475
-1.743   2.436    0.3116   0        0        0        | -1.0475
-1.743   2.436    0.3116   -0.005718 0        0        | -1.0475
-1.743   2.436    0.3116   -0.005718 -0.0009016 0        | -1.0475
-1.743   2.436    0.3116   -0.005718 -0.0009016 -0.002716 | -1.0475
iteration 2...
-1.743   2.436    0.3116   -0.005718 -0.0009016 -0.002716 | -1.0475
-1.743   2.573    0.3116   -0.005718 -0.0009016 -0.002716 | -1.0475
-1.743   2.573    0.3643   -0.005718 -0.0009016 -0.002716 | -1.0475
-1.743   2.573    0.3643   -0.009174 -0.0009016 -0.002716 | -1.0475
-1.743   2.573    0.3643   -0.009174 -0.0009016 -0.002716 | -1.0475
-1.743   2.573    0.3643   -0.009174 -0.0009016 -0.002716 | -1.0475
-1.743   2.863    0.4759   -0.01649 -0.0009016 -0.002716 | -1.0476
iteration 3...
-1.743   2.863    0.4759   -0.01649 -0.0009016 -0.002716 | -1.0476
-1.743   3.054    0.4759   -0.01649 -0.0009016 -0.002716 | -1.0476
-1.743   3.054    0.4236   -0.01649 -0.0009016 -0.002716 | -1.0476
-1.743   3.105    0.4434   -0.01779 -0.0009016 -0.002716 | -1.0476
-1.743   3.105    0.4434   -0.01779 -0.0009016 -0.002716 | -1.0476
-1.743   3.105    0.4434   -0.01779 -0.0009016 -0.004179 | -1.0476
iteration 4...
-1.786   3.105    0.4434   -0.01779 -0.0009016 -0.004179 | -1.0476
-1.786   3.105    0.4434   -0.01779 -0.0009016 -0.004179 | -1.0476
-1.786   3.105    0.3959   -0.01779 -0.0009016 -0.004179 | -1.0476
-1.786   3.174    0.4223   -0.01952 -0.0009016 -0.004179 | -1.0476
-1.786   3.174    0.4223   -0.01952 0.0005051 -0.004179 | -1.0476
-1.786   3.174    0.4223   -0.01952 0.0005051 -0.004334 | -1.0476
-1.818   3.226    0.4062   -0.02084 0.001578 -0.004453 | -1.0476
iteration 5...
-1.912   3.226    0.4062   -0.02084 0.001578 -0.004453 | -1.0476
-1.912   3.25     0.4062   -0.02084 0.001578 -0.004453 | -1.0476
-1.912   3.25     0.3958   -0.02084 0.001578 -0.004453 | -1.0476
-1.912   3.228    0.3874   -0.02028 0.001578 -0.004453 | -1.0476
-1.936   3.266    0.3757   -0.02124 0.002359 -0.004539 | -1.0476
-1.936   3.266    0.3757   -0.02124 0.002359 -0.006234 | -1.0476
iteration 6...
-1.97    3.266    0.3757   -0.02124 0.002359 -0.006234 | -1.0476
-1.97    3.266    0.3757   -0.02124 0.002359 -0.006234 | -1.0476
-1.97    3.266    0.3926   -0.02124 0.002359 -0.006234 | -1.0476
-1.97    3.255    0.3884   -0.02097 0.002359 -0.006234 | -1.0476
-1.97    3.255    0.3884   -0.02097 0.002359 -0.006234 | -1.0476
-1.97    3.255    0.3884   -0.02097 0.002359 -0.006234 | -1.0476
iteration 7...
-1.97    3.255    0.3884   -0.02097 0.002359 -0.006234 | -1.0476
-1.97    3.254    0.3884   -0.02097 0.002359 -0.006234 | -1.0476
-1.97    3.254    0.3884   -0.02097 0.002359 -0.006234 | -1.0476
-1.97    3.256    0.3892   -0.02102 0.002359 -0.006234 | -1.0476
-1.969   3.253    0.3901   -0.02095 0.002299 -0.006227 | -1.0476
-1.969   3.253    0.3901   -0.02095 0.002299 -0.006227 | -1.0476
iteration 1...
-1.969   3.253    0.3901   -0.02095 0.002299 -0.006227 | -1.0474
-1.969   3.461    0.3901   -0.02095 0.002299 -0.006227 | -1.0474
-1.969   3.461    0.3869   -0.02095 0.002299 -0.006227 | -1.0474
-1.969   3.461    0.3869   -0.0211  0.002299 -0.006227 | -1.0474
-1.969   3.461    0.3869   -0.0211  0.001283 -0.006227 | -1.0474
-1.969   3.461    0.3869   -0.0211  0.001283 -0.007107 | -1.0474
iteration 2...
-1.969   3.461    0.3869   -0.0211  0.001283 -0.007107 | -1.0474
-1.969   3.461    0.3869   -0.0211  0.001283 -0.007107 | -1.0474
-1.969   3.461    0.3869   -0.0211  0.001283 -0.007107 | -1.0474
-1.969   3.461    0.3869   -0.02125 0.001283 -0.007107 | -1.0474
-1.969   3.461    0.3869   -0.02125 0.001283 -0.007107 | -1.0474
-1.969   3.461    0.3869   -0.02125 0.001283 -0.007492 | -1.0474
Done    'Coregister: Estimate'
Done

CoReg Done in 22.093347 seconds

All done with coregistration.
>> >> 
No sandbox specified



Start   : Wed Nov 21 17:59:32 EST 2018
Finish  : Wed Nov 21 18:00:34 EST 2018


