
                            < M A T L A B (R) >
                  Copyright 1984-2015 The MathWorks, Inc.
                   R2015b (8.6.0.267246) 64-bit (glnxa64)
                              August 20, 2015

 
To get started, type one of these: helpwin, helpdesk, or demo.
For product information, visit www.mathworks.com.
 

	Academic License

>> >> >> >> Coregistation Script Created on 181122_00_30_54_754
>> >> >> >> >> >> [Warning: Name is nonexistent or not a directory:
/Users/rcwelsh/matlabScripts/WELLES/mfiles] 
[> In path (line 109)
  In addpath (line 86)] 
>> >> >> >> >> 
UMBatchJobName =

coregOverlay_181122_00_30_54_754_tehsheng_madcbrai

>> 
UMBatchProcessName =

coregOverlay

>> >> Initializing the job manager in SPM8

UMReSlice =

     0



Calling UMBatchCoReg with:
/nfs/fmri/Analysis/Sean_Working/Git_MADC/preprocess/../../Subjects_ABCDResting/madc1449_scan1/func//run_01/utprun_01.nii
/nfs/fmri/Analysis/Sean_Working/Subjects_ABCDResting/madc1449_scan1/func/coReg/t1mprage.nii
UMReSlice:0
Entering UMBatchCoReg V2.0 for SPM8
Coreging /nfs/fmri/Analysis/Sean_Working/Subjects_ABCDResting/madc1449_scan1/func/coReg/t1mprage.nii to
         /nfs/fmri/Analysis/Sean_Working/Git_MADC/preprocess/../../Subjects_ABCDResting/madc1449_scan1/func//run_01/utprun_01.nii


------------------------------------------------------------------------
Running job #1
------------------------------------------------------------------------
Running 'Coregister: Estimate'
iteration 1...
-1.713   0        0        0        0        0        | -1.0477
-1.713   3.053    0        0        0        0        | -1.0486
-1.713   3.053    -8.146   0        0        0        | -1.0517
-1.713   3.053    -8.146   -0.03428 0        0        | -1.0518
-1.713   3.053    -8.146   -0.03428 -0.007485 0        | -1.0518
-1.713   3.053    -8.146   -0.03428 -0.007485 0.002057 | -1.0518
iteration 2...
-1.645   3.053    -8.146   -0.03428 -0.007485 0.002057 | -1.0518
-1.645   3.137    -8.146   -0.03428 -0.007485 0.002057 | -1.0518
-1.645   3.137    -7.355   -0.03428 -0.007485 0.002057 | -1.0519
-1.645   3.137    -7.355   -0.02415 -0.007485 0.002057 | -1.052
-1.645   3.137    -7.355   -0.02415 -0.007485 0.002057 | -1.052
-1.645   3.137    -7.355   -0.02415 -0.007485 0.005468 | -1.052
iteration 3...
-1.606   3.137    -7.355   -0.02415 -0.007485 0.005468 | -1.052
-1.606   3.106    -7.355   -0.02415 -0.007485 0.005468 | -1.052
-1.606   3.106    -7.385   -0.02415 -0.007485 0.005468 | -1.052
-1.606   3.106    -7.385   -0.02378 -0.007485 0.005468 | -1.052
-1.606   3.106    -7.385   -0.02378 -0.0059  0.005468 | -1.052
-1.606   3.106    -7.385   -0.02378 -0.0059  0.005982 | -1.052
iteration 4...
-1.625   3.106    -7.385   -0.02378 -0.0059  0.005982 | -1.052
-1.625   3.161    -7.385   -0.02378 -0.0059  0.005982 | -1.052
-1.625   3.161    -7.457   -0.02378 -0.0059  0.005982 | -1.052
-1.625   3.161    -7.457   -0.02378 -0.0059  0.005982 | -1.052
-1.625   3.161    -7.457   -0.02378 -0.005443 0.005982 | -1.052
-1.625   3.161    -7.457   -0.02378 -0.005443 0.005982 | -1.052
iteration 5...
-1.614   3.161    -7.457   -0.02378 -0.005443 0.005982 | -1.052
-1.614   3.161    -7.457   -0.02378 -0.005443 0.005982 | -1.052
-1.614   3.161    -7.473   -0.02378 -0.005443 0.005982 | -1.052
-1.614   3.161    -7.473   -0.02378 -0.005443 0.005982 | -1.052
-1.614   3.161    -7.473   -0.02378 -0.005443 0.005982 | -1.052
-1.614   3.161    -7.473   -0.02378 -0.005443 0.006057 | -1.052
iteration 6...
-1.614   3.161    -7.473   -0.02378 -0.005443 0.006057 | -1.052
-1.614   3.177    -7.473   -0.02378 -0.005443 0.006057 | -1.052
-1.614   3.177    -7.465   -0.02378 -0.005443 0.006057 | -1.052
-1.614   3.177    -7.465   -0.02378 -0.005443 0.006057 | -1.052
-1.614   3.177    -7.465   -0.02378 -0.005443 0.006057 | -1.052
-1.614   3.177    -7.465   -0.02378 -0.005443 0.006057 | -1.052
iteration 1...
-1.696   3.177    -7.465   -0.02378 -0.005443 0.006057 | -1.0517
-1.696   3.266    -7.465   -0.02378 -0.005443 0.006057 | -1.0517
-1.696   3.266    -6.418   -0.02378 -0.005443 0.006057 | -1.0517
-1.696   3.266    -6.418   -0.02891 -0.005443 0.006057 | -1.0517
-1.696   3.266    -6.418   -0.02891 -0.02054 0.006057 | -1.0518
-1.696   3.266    -6.418   -0.02891 -0.02054 -0.001287 | -1.0518
iteration 2...
-1.703   3.266    -6.418   -0.02891 -0.02054 -0.001287 | -1.0518
-1.703   3.127    -6.418   -0.02891 -0.02054 -0.001287 | -1.0518
-1.703   3.127    -5.748   -0.02891 -0.02054 -0.001287 | -1.0518
-1.703   3.127    -5.748   -0.03287 -0.02054 -0.001287 | -1.0518
-1.703   3.127    -5.748   -0.03287 -0.02272 -0.001287 | -1.0518
-1.703   3.127    -5.748   -0.03287 -0.02272 -0.003899 | -1.0518
iteration 3...
-1.703   3.127    -5.748   -0.03287 -0.02272 -0.003899 | -1.0518
-1.703   2.975    -5.748   -0.03287 -0.02272 -0.003899 | -1.0518
-1.703   2.975    -5.534   -0.03287 -0.02272 -0.003899 | -1.0518
-1.703   2.975    -5.534   -0.03287 -0.02272 -0.003899 | -1.0518
-1.703   2.975    -5.534   -0.03287 -0.02262 -0.003899 | -1.0518
-1.703   2.975    -5.534   -0.03287 -0.02262 -0.003899 | -1.0518
iteration 4...
-1.703   2.975    -5.534   -0.03287 -0.02262 -0.003899 | -1.0518
-1.703   2.934    -5.534   -0.03287 -0.02262 -0.003899 | -1.0518
-1.703   2.934    -5.495   -0.03287 -0.02262 -0.003899 | -1.0518
-1.703   2.934    -5.495   -0.03264 -0.02262 -0.003899 | -1.0518
-1.703   2.934    -5.495   -0.03264 -0.02262 -0.003899 | -1.0518
-1.703   2.934    -5.495   -0.03264 -0.02262 -0.003899 | -1.0518
iteration 5...
-1.703   2.934    -5.495   -0.03264 -0.02262 -0.003899 | -1.0518
-1.703   2.932    -5.495   -0.03264 -0.02262 -0.003899 | -1.0518
-1.703   2.932    -5.506   -0.03264 -0.02262 -0.003899 | -1.0518
-1.703   2.932    -5.506   -0.03264 -0.02262 -0.003899 | -1.0518
-1.703   2.932    -5.506   -0.03264 -0.02262 -0.003899 | -1.0518
-1.703   2.932    -5.506   -0.03264 -0.02262 -0.003899 | -1.0518
Done    'Coregister: Estimate'
Done

CoReg Done in 28.063401 seconds

All done with coregistration.
>> >> 
No sandbox specified



Start   : Thu Nov 22 00:30:57 EST 2018
Finish  : Thu Nov 22 00:32:04 EST 2018


