
                            < M A T L A B (R) >
                  Copyright 1984-2015 The MathWorks, Inc.
                   R2015b (8.6.0.267246) 64-bit (glnxa64)
                              August 20, 2015

 
To get started, type one of these: helpwin, helpdesk, or demo.
For product information, visit www.mathworks.com.
 

	Academic License

>> >> >> >> Coregistation Script Created on 181121_19_44_18_745
>> >> >> >> >> >> [Warning: Name is nonexistent or not a directory:
/Users/rcwelsh/matlabScripts/WELLES/mfiles] 
[> In path (line 109)
  In addpath (line 86)] 
>> >> >> >> >> 
UMBatchJobName =

coregOverlay_181121_19_44_18_745_tehsheng_madcbrai

>> 
UMBatchProcessName =

coregOverlay

>> >> Initializing the job manager in SPM8

UMReSlice =

     0



Calling UMBatchCoReg with:
/nfs/fmri/Analysis/Sean_Working/Git_MADC/preprocess/../../Subjects_ABCDResting/madc1260_scan1/func//run_01/utprun_01.nii
/nfs/fmri/Analysis/Sean_Working/Subjects_ABCDResting/madc1260_scan1/func/coReg/t1mprage.nii
UMReSlice:0
Entering UMBatchCoReg V2.0 for SPM8
Coreging /nfs/fmri/Analysis/Sean_Working/Subjects_ABCDResting/madc1260_scan1/func/coReg/t1mprage.nii to
         /nfs/fmri/Analysis/Sean_Working/Git_MADC/preprocess/../../Subjects_ABCDResting/madc1260_scan1/func//run_01/utprun_01.nii


------------------------------------------------------------------------
Running job #1
------------------------------------------------------------------------
Running 'Coregister: Estimate'
iteration 1...
-0.2287  0        0        0        0        0        | -1.0497
-0.2287  0.8467   0        0        0        0        | -1.0498
-0.2287  0.8467   -1.575   0        0        0        | -1.0503
-0.2287  0.8467   -1.575   0.01337  0        0        | -1.0504
-0.2287  0.8467   -1.575   0.01337  -0.004163 0        | -1.0504
-0.2287  0.8467   -1.575   0.01337  -0.004163 0.006652 | -1.0504
iteration 2...
-0.7184  0.8467   -1.575   0.01337  -0.004163 0.006652 | -1.0505
-0.7184  1.753    -1.575   0.01337  -0.004163 0.006652 | -1.0506
-0.7184  1.753    -1.862   0.01337  -0.004163 0.006652 | -1.0506
-0.7184  1.753    -1.862   0.01859  -0.004163 0.006652 | -1.0506
-0.7184  1.753    -1.862   0.01859  -0.00956 0.006652 | -1.0506
-0.7184  1.753    -1.862   0.01859  -0.00956 0.008815 | -1.0506
iteration 3...
-0.8332  1.753    -1.862   0.01859  -0.00956 0.008815 | -1.0506
-0.8332  1.796    -1.862   0.01859  -0.00956 0.008815 | -1.0506
-0.8332  1.796    -1.757   0.01859  -0.00956 0.008815 | -1.0506
-0.8332  1.796    -1.757   0.01859  -0.00956 0.008815 | -1.0506
-0.8332  1.796    -1.757   0.01859  -0.00956 0.008815 | -1.0506
-0.8332  1.796    -1.757   0.01859  -0.00956 0.01002  | -1.0506
iteration 4...
-0.8332  1.796    -1.757   0.01859  -0.00956 0.01002  | -1.0506
-0.8332  1.779    -1.757   0.01859  -0.00956 0.01002  | -1.0506
-0.8332  1.779    -1.757   0.01859  -0.00956 0.01002  | -1.0506
-0.8332  1.779    -1.757   0.01859  -0.00956 0.01002  | -1.0506
-0.8332  1.779    -1.757   0.01859  -0.009548 0.01002  | -1.0506
-0.8332  1.779    -1.757   0.01859  -0.009548 0.009612 | -1.0506
iteration 1...
-1.014   1.779    -1.757   0.01859  -0.009548 0.009612 | -1.0504
-1.014   1.812    -1.757   0.01859  -0.009548 0.009612 | -1.0504
-1.014   1.812    -1.628   0.01859  -0.009548 0.009612 | -1.0504
-1.014   1.812    -1.628   0.01698  -0.009548 0.009612 | -1.0504
-1.014   1.812    -1.628   0.01698  -0.005473 0.009612 | -1.0504
-1.014   1.812    -1.628   0.01698  -0.005473 0.009612 | -1.0504
iteration 2...
-0.949   1.812    -1.628   0.01698  -0.005473 0.009612 | -1.0504
-0.949   1.763    -1.628   0.01698  -0.005473 0.009612 | -1.0504
-0.949   1.763    -1.653   0.01698  -0.005473 0.009612 | -1.0504
-0.949   1.763    -1.653   0.01698  -0.005473 0.009612 | -1.0504
-0.949   1.763    -1.653   0.01698  -0.005473 0.009612 | -1.0504
-0.949   1.763    -1.653   0.01698  -0.005473 0.009612 | -1.0504
iteration 3...
-0.949   1.763    -1.653   0.01698  -0.005473 0.009612 | -1.0504
-0.949   1.772    -1.653   0.01698  -0.005473 0.009612 | -1.0504
-0.949   1.772    -1.651   0.01698  -0.005473 0.009612 | -1.0504
-0.949   1.772    -1.651   0.01698  -0.005473 0.009612 | -1.0504
-0.949   1.772    -1.651   0.01698  -0.005473 0.009612 | -1.0504
-0.949   1.772    -1.651   0.01698  -0.005473 0.009612 | -1.0504
Done    'Coregister: Estimate'
Done

CoReg Done in 25.260434 seconds

All done with coregistration.
>> >> 
No sandbox specified



Start   : Wed Nov 21 19:44:21 EST 2018
Finish  : Wed Nov 21 19:45:29 EST 2018


