
                            < M A T L A B (R) >
                  Copyright 1984-2015 The MathWorks, Inc.
                   R2015b (8.6.0.267246) 64-bit (glnxa64)
                              August 20, 2015

 
To get started, type one of these: helpwin, helpdesk, or demo.
For product information, visit www.mathworks.com.
 

	Academic License

>> >> >> >> Coregistation Script Created on 181121_23_46_37_864
>> >> >> >> >> >> [Warning: Name is nonexistent or not a directory:
/Users/rcwelsh/matlabScripts/WELLES/mfiles] 
[> In path (line 109)
  In addpath (line 86)] 
>> >> >> >> >> 
UMBatchJobName =

coregOverlay_181121_23_46_37_864_tehsheng_madcbrai

>> 
UMBatchProcessName =

coregOverlay

>> >> Initializing the job manager in SPM8

UMReSlice =

     0



Calling UMBatchCoReg with:
/nfs/fmri/Analysis/Sean_Working/Git_MADC/preprocess/../../Subjects_ABCDResting/madc1402_scan1/func//run_01/utprun_01.nii
/nfs/fmri/Analysis/Sean_Working/Subjects_ABCDResting/madc1402_scan1/func/coReg/t1mprage.nii
UMReSlice:0
Entering UMBatchCoReg V2.0 for SPM8
Coreging /nfs/fmri/Analysis/Sean_Working/Subjects_ABCDResting/madc1402_scan1/func/coReg/t1mprage.nii to
         /nfs/fmri/Analysis/Sean_Working/Git_MADC/preprocess/../../Subjects_ABCDResting/madc1402_scan1/func//run_01/utprun_01.nii


------------------------------------------------------------------------
Running job #1
------------------------------------------------------------------------
Running 'Coregister: Estimate'
iteration 1...
-1.909   0        0        0        0        0        | -1.0508
-1.909   1.63     0        0        0        0        | -1.0516
-1.909   1.63     -0.7985  0        0        0        | -1.0517
-1.909   1.63     -0.7985  -0.03056 0        0        | -1.0521
-1.909   1.63     -0.7985  -0.03056 0        0        | -1.0521
-1.909   1.63     -0.7985  -0.03056 0        0        | -1.0521
iteration 2...
-1.909   1.63     -0.7985  -0.03056 0        0        | -1.0521
-1.909   2.206    -0.7985  -0.03056 0        0        | -1.0522
-1.909   2.206    -0.6793  -0.03056 0        0        | -1.0522
-1.909   2.206    -0.6793  -0.03785 0        0        | -1.0522
-1.909   2.206    -0.6793  -0.03785 0        0        | -1.0522
-1.909   2.206    -0.6793  -0.03785 0        0        | -1.0522
iteration 3...
-1.916   2.206    -0.6793  -0.03785 0        0        | -1.0522
-1.916   2.411    -0.6793  -0.03785 0        0        | -1.0523
-1.916   2.411    -0.6635  -0.03785 0        0        | -1.0523
-1.916   2.411    -0.6635  -0.03974 0        0        | -1.0523
-1.916   2.411    -0.6635  -0.03974 0        0        | -1.0523
-1.916   2.411    -0.6635  -0.03974 0        0        | -1.0523
iteration 4...
-1.916   2.411    -0.6635  -0.03974 0        0        | -1.0523
-1.916   2.469    -0.6635  -0.03974 0        0        | -1.0523
-1.916   2.469    -0.674   -0.03974 0        0        | -1.0523
-1.916   2.469    -0.674   -0.03974 0        0        | -1.0523
-1.916   2.469    -0.674   -0.03974 0        0        | -1.0523
-1.916   2.469    -0.674   -0.03974 0        0        | -1.0523
iteration 5...
-1.916   2.469    -0.674   -0.03974 0        0        | -1.0523
-1.916   2.469    -0.674   -0.03974 0        0        | -1.0523
-1.916   2.469    -0.674   -0.03974 0        0        | -1.0523
-1.916   2.469    -0.674   -0.03974 0        0        | -1.0523
-1.916   2.469    -0.674   -0.03974 0        0        | -1.0523
-1.916   2.469    -0.674   -0.03974 0        0        | -1.0523
iteration 1...
-1.691   2.469    -0.674   -0.03974 0        0        | -1.0519
-1.691   2.356    -0.674   -0.03974 0        0        | -1.052
-1.691   2.356    -0.8199  -0.03974 0        0        | -1.052
-1.691   2.356    -0.8199  -0.04172 0        0        | -1.052
-1.691   2.356    -0.8199  -0.04172 0.0004273 0        | -1.052
-1.691   2.356    -0.8199  -0.04172 0.0004273 -0.001184 | -1.052
iteration 2...
-1.691   2.356    -0.8199  -0.04172 0.0004273 -0.001184 | -1.052
-1.691   2.389    -0.8199  -0.04172 0.0004273 -0.001184 | -1.052
-1.691   2.389    -0.8246  -0.04172 0.0004273 -0.001184 | -1.052
-1.691   2.389    -0.8246  -0.04237 0.0004273 -0.001184 | -1.052
-1.691   2.389    -0.8246  -0.04237 0.0008349 -0.001184 | -1.052
-1.691   2.389    -0.8246  -0.04237 0.0008349 -0.001184 | -1.052
iteration 3...
-1.699   2.389    -0.8246  -0.04237 0.0008349 -0.001184 | -1.052
-1.699   2.41     -0.8246  -0.04237 0.0008349 -0.001184 | -1.052
-1.699   2.41     -0.8311  -0.04237 0.0008349 -0.001184 | -1.052
-1.699   2.41     -0.8311  -0.04237 0.0008349 -0.001184 | -1.052
-1.699   2.41     -0.8311  -0.04237 0.0008349 -0.001184 | -1.052
-1.699   2.41     -0.8311  -0.04237 0.0008349 -0.001184 | -1.052
iteration 4...
-1.699   2.41     -0.8311  -0.04237 0.0008349 -0.001184 | -1.052
-1.699   2.41     -0.8311  -0.04237 0.0008349 -0.001184 | -1.052
-1.699   2.41     -0.8296  -0.04237 0.0008349 -0.001184 | -1.052
-1.699   2.41     -0.8296  -0.04237 0.0008349 -0.001184 | -1.052
-1.699   2.41     -0.8296  -0.04237 0.0008349 -0.001184 | -1.052
-1.699   2.41     -0.8296  -0.04237 0.0008349 -0.0008969 | -1.052
Done    'Coregister: Estimate'
Done

CoReg Done in 25.610981 seconds

All done with coregistration.
>> >> 
No sandbox specified



Start   : Wed Nov 21 23:46:41 EST 2018
Finish  : Wed Nov 21 23:47:44 EST 2018


