
                            < M A T L A B (R) >
                  Copyright 1984-2015 The MathWorks, Inc.
                   R2015b (8.6.0.267246) 64-bit (glnxa64)
                              August 20, 2015

 
To get started, type one of these: helpwin, helpdesk, or demo.
For product information, visit www.mathworks.com.
 

	Academic License

>> >> >> >> Coregistation Script Created on 181121_16_43_06_493
>> >> >> >> >> >> [Warning: Name is nonexistent or not a directory:
/Users/rcwelsh/matlabScripts/WELLES/mfiles] 
[> In path (line 109)
  In addpath (line 86)] 
>> >> >> >> >> 
UMBatchJobName =

coregOverlay_181121_16_43_06_493_tehsheng_madcbrai

>> 
UMBatchProcessName =

coregOverlay

>> >> Initializing the job manager in SPM8

UMReSlice =

     0



Calling UMBatchCoReg with:
/nfs/fmri/Analysis/Sean_Working/Git_MADC/preprocess/../../Subjects_ABCDResting/madc1420_scan1/func//run_01/utprun_01.nii
/nfs/fmri/Analysis/Sean_Working/Subjects_ABCDResting/madc1420_scan1/func/coReg/t1mprage.nii
UMReSlice:0
Entering UMBatchCoReg V2.0 for SPM8
Coreging /nfs/fmri/Analysis/Sean_Working/Subjects_ABCDResting/madc1420_scan1/func/coReg/t1mprage.nii to
         /nfs/fmri/Analysis/Sean_Working/Git_MADC/preprocess/../../Subjects_ABCDResting/madc1420_scan1/func//run_01/utprun_01.nii


------------------------------------------------------------------------
Running job #1
------------------------------------------------------------------------
Running 'Coregister: Estimate'
iteration 1...
-2.304   0        0        0        0        0        | -1.0478
-2.304   0.5542   0        0        0        0        | -1.0479
-2.304   0.5542   -2.599   0        0        0        | -1.0492
-2.304   0.5542   -2.599   0.01677  0        0        | -1.0493
-2.304   0.5542   -2.599   0.01677  0        0        | -1.0493
-2.304   0.5542   -2.599   0.01677  0        -0.01769 | -1.0494
iteration 2...
-2.378   0.5542   -2.599   0.01677  0        -0.01769 | -1.0494
-2.378   -0.5013  -2.599   0.01677  0        -0.01769 | -1.0496
-2.378   -0.5013  -2.832   0.01677  0        -0.01769 | -1.0496
-2.378   -0.5013  -2.832   0.0256   0        -0.01769 | -1.0497
-2.378   -0.5013  -2.832   0.0256   -0.0005882 -0.01769 | -1.0497
-2.378   -0.5013  -2.832   0.0256   -0.0005882 -0.01769 | -1.0497
iteration 3...
-2.383   -0.5013  -2.832   0.0256   -0.0005882 -0.01769 | -1.0497
-2.383   -0.8758  -2.832   0.0256   -0.0005882 -0.01769 | -1.0497
-2.383   -0.8758  -2.727   0.0256   -0.0005882 -0.01769 | -1.0497
-2.383   -0.8758  -2.727   0.03091  -0.0005882 -0.01769 | -1.0497
-2.383   -0.8758  -2.727   0.03091  -0.0005576 -0.01769 | -1.0497
-2.383   -0.8758  -2.727   0.03091  -0.0005576 -0.01769 | -1.0497
iteration 4...
-2.354   -0.8758  -2.727   0.03091  -0.0005576 -0.01769 | -1.0497
-2.354   -0.9557  -2.727   0.03091  -0.0005576 -0.01769 | -1.0497
-2.354   -0.9557  -2.698   0.03091  -0.0005576 -0.01769 | -1.0497
-2.354   -0.9557  -2.698   0.03188  -0.0005576 -0.01769 | -1.0497
-2.354   -0.9557  -2.698   0.03188  -0.0005576 -0.01769 | -1.0497
-2.354   -0.9557  -2.698   0.03188  -0.0005576 -0.01769 | -1.0497
iteration 5...
-2.349   -0.9557  -2.698   0.03188  -0.0005576 -0.01769 | -1.0497
-2.349   -0.9776  -2.698   0.03188  -0.0005576 -0.01769 | -1.0497
-2.349   -0.9776  -2.641   0.03188  -0.0005576 -0.01769 | -1.0497
-2.349   -0.9776  -2.641   0.03315  -0.0005576 -0.01769 | -1.0497
-2.349   -0.9776  -2.641   0.03315  -0.0006853 -0.01769 | -1.0497
-2.349   -0.9776  -2.641   0.03315  -0.0006853 -0.01769 | -1.0497
-2.344   -1.001   -2.579   0.03453  -0.0008241 -0.01769 | -1.0497
iteration 6...
-2.344   -1.001   -2.579   0.03453  -0.0008241 -0.01769 | -1.0497
-2.344   -1.036   -2.579   0.03453  -0.0008241 -0.01769 | -1.0497
-2.344   -1.037   -2.576   0.03459  -0.0008309 -0.01769 | -1.0497
-2.344   -1.037   -2.576   0.03459  -0.0008309 -0.01769 | -1.0497
-2.344   -1.037   -2.576   0.03459  -0.0008309 -0.01769 | -1.0497
-2.344   -1.037   -2.576   0.03459  -0.0008309 -0.01769 | -1.0497
iteration 7...
-2.344   -1.037   -2.576   0.03459  -0.0008309 -0.01769 | -1.0497
-2.344   -1.043   -2.576   0.03459  -0.0008309 -0.01769 | -1.0497
-2.344   -1.043   -2.576   0.03459  -0.0008309 -0.01769 | -1.0497
-2.344   -1.043   -2.576   0.03459  -0.0008309 -0.01769 | -1.0497
-2.344   -1.043   -2.576   0.03459  -0.0008309 -0.01769 | -1.0497
-2.344   -1.043   -2.576   0.03459  -0.0008309 -0.01769 | -1.0497
iteration 1...
-2.205   -1.043   -2.576   0.03459  -0.0008309 -0.01769 | -1.0495
-2.205   -0.7597  -2.576   0.03459  -0.0008309 -0.01769 | -1.0496
-2.205   -0.7597  -2.569   0.03459  -0.0008309 -0.01769 | -1.0496
-2.205   -0.7597  -2.569   0.03459  -0.0008309 -0.01769 | -1.0496
-2.205   -0.7597  -2.569   0.03459  -0.00331 -0.01769 | -1.0496
-2.205   -0.7597  -2.569   0.03459  -0.00331 -0.01769 | -1.0496
iteration 2...
-2.205   -0.7597  -2.569   0.03459  -0.00331 -0.01769 | -1.0496
-2.205   -0.774   -2.569   0.03459  -0.00331 -0.01769 | -1.0496
-2.205   -0.774   -2.576   0.03459  -0.00331 -0.01769 | -1.0496
-2.205   -0.774   -2.576   0.03459  -0.00331 -0.01769 | -1.0496
-2.205   -0.774   -2.576   0.03459  -0.00331 -0.01769 | -1.0496
-2.205   -0.774   -2.576   0.03459  -0.00331 -0.01769 | -1.0496
Done    'Coregister: Estimate'
Done

CoReg Done in 24.280447 seconds

All done with coregistration.
>> >> 
No sandbox specified



Start   : Wed Nov 21 16:43:11 EST 2018
Finish  : Wed Nov 21 16:44:25 EST 2018


