
                            < M A T L A B (R) >
                  Copyright 1984-2015 The MathWorks, Inc.
                   R2015b (8.6.0.267246) 64-bit (glnxa64)
                              August 20, 2015

 
To get started, type one of these: helpwin, helpdesk, or demo.
For product information, visit www.mathworks.com.
 

	Academic License

>> >> >> >> Coregistation Script Created on 181121_22_09_59_579
>> >> >> >> >> >> [Warning: Name is nonexistent or not a directory:
/Users/rcwelsh/matlabScripts/WELLES/mfiles] 
[> In path (line 109)
  In addpath (line 86)] 
>> >> >> >> >> 
UMBatchJobName =

coregOverlay_181121_22_09_59_579_tehsheng_madcbrai

>> 
UMBatchProcessName =

coregOverlay

>> >> Initializing the job manager in SPM8

UMReSlice =

     0



Calling UMBatchCoReg with:
/nfs/fmri/Analysis/Sean_Working/Git_MADC/preprocess/../../Subjects_ABCDResting/madc1442_scan1/func//run_01/utprun_01.nii
/nfs/fmri/Analysis/Sean_Working/Subjects_ABCDResting/madc1442_scan1/func/coReg/t1mprage.nii
UMReSlice:0
Entering UMBatchCoReg V2.0 for SPM8
Coreging /nfs/fmri/Analysis/Sean_Working/Subjects_ABCDResting/madc1442_scan1/func/coReg/t1mprage.nii to
         /nfs/fmri/Analysis/Sean_Working/Git_MADC/preprocess/../../Subjects_ABCDResting/madc1442_scan1/func//run_01/utprun_01.nii


------------------------------------------------------------------------
Running job #1
------------------------------------------------------------------------
Running 'Coregister: Estimate'
iteration 1...
-1.887   0        0        0        0        0        | -1.0524
-1.887   2.601    0        0        0        0        | -1.0535
-1.887   2.601    -6.63    0        0        0        | -1.0559
-1.887   2.601    -6.63    0.05128  0        0        | -1.0562
-1.887   2.601    -6.63    0.05128  0.0234   0        | -1.0562
-1.887   2.601    -6.63    0.05128  0.0234   -0.005861 | -1.0562
iteration 2...
-1.771   2.601    -6.63    0.05128  0.0234   -0.005861 | -1.0562
-1.771   2.641    -6.63    0.05128  0.0234   -0.005861 | -1.0562
-1.771   2.641    -6.69    0.05128  0.0234   -0.005861 | -1.0562
-1.771   2.641    -6.69    0.05264  0.0234   -0.005861 | -1.0562
-1.771   2.641    -6.69    0.05264  0.01094  -0.005861 | -1.0562
-1.771   2.641    -6.69    0.05264  0.01094  -0.01293 | -1.0562
iteration 3...
-1.62    2.641    -6.69    0.05264  0.01094  -0.01293 | -1.0563
-1.62    2.59     -6.69    0.05264  0.01094  -0.01293 | -1.0563
-1.62    2.59     -6.694   0.05264  0.01094  -0.01293 | -1.0563
-1.62    2.59     -6.694   0.05198  0.01094  -0.01293 | -1.0563
-1.62    2.59     -6.694   0.05198  0.00331  -0.01293 | -1.0563
-1.62    2.59     -6.694   0.05198  0.00331  -0.01524 | -1.0563
iteration 4...
-1.62    2.59     -6.694   0.05198  0.00331  -0.01524 | -1.0563
-1.62    2.546    -6.694   0.05198  0.00331  -0.01524 | -1.0563
-1.62    2.546    -6.699   0.05198  0.00331  -0.01524 | -1.0563
-1.62    2.546    -6.699   0.05248  0.00331  -0.01524 | -1.0563
-1.62    2.546    -6.699   0.05248  0.00331  -0.01524 | -1.0563
-1.62    2.546    -6.699   0.05248  0.00331  -0.01524 | -1.0563
iteration 5...
-1.62    2.546    -6.699   0.05248  0.00331  -0.01524 | -1.0563
-1.62    2.553    -6.699   0.05248  0.00331  -0.01524 | -1.0563
-1.62    2.553    -6.687   0.05248  0.00331  -0.01524 | -1.0563
-1.62    2.553    -6.687   0.05248  0.00331  -0.01524 | -1.0563
-1.62    2.553    -6.687   0.05248  0.00331  -0.01524 | -1.0563
-1.62    2.553    -6.687   0.05248  0.00331  -0.01524 | -1.0563
iteration 1...
-1.442   2.553    -6.687   0.05248  0.00331  -0.01524 | -1.056
-1.442   2.424    -6.687   0.05248  0.00331  -0.01524 | -1.056
-1.442   2.424    -7.546   0.05248  0.00331  -0.01524 | -1.0561
-1.442   2.424    -7.546   0.07272  0.00331  -0.01524 | -1.0562
-1.442   2.424    -7.546   0.07272  -0.002507 -0.01524 | -1.0562
-1.442   2.424    -7.546   0.07272  -0.002507 -0.007605 | -1.0562
iteration 2...
-1.27    2.424    -7.546   0.07272  -0.002507 -0.007605 | -1.0562
-1.27    2.384    -7.546   0.07272  -0.002507 -0.007605 | -1.0562
-1.27    2.384    -7.57    0.07272  -0.002507 -0.007605 | -1.0562
-1.27    2.384    -7.57    0.07297  -0.002507 -0.007605 | -1.0562
-1.27    2.384    -7.57    0.07297  0.002115 -0.007605 | -1.0562
-1.27    2.384    -7.57    0.07297  0.002115 -0.004817 | -1.0562
iteration 3...
-1.298   2.384    -7.57    0.07297  0.002115 -0.004817 | -1.0562
-1.298   2.392    -7.57    0.07297  0.002115 -0.004817 | -1.0562
-1.298   2.392    -7.577   0.07297  0.002115 -0.004817 | -1.0562
-1.298   2.392    -7.577   0.07326  0.002115 -0.004817 | -1.0562
-1.298   2.392    -7.577   0.07326  0.0006322 -0.004817 | -1.0562
-1.298   2.392    -7.577   0.07326  0.0006322 -0.004745 | -1.0562
iteration 4...
-1.298   2.392    -7.577   0.07326  0.0006322 -0.004745 | -1.0562
-1.298   2.381    -7.577   0.07326  0.0006322 -0.004745 | -1.0562
-1.298   2.381    -7.575   0.07326  0.0006322 -0.004745 | -1.0562
-1.298   2.381    -7.575   0.07339  0.0006322 -0.004745 | -1.0562
-1.298   2.381    -7.575   0.07339  0.0006322 -0.004745 | -1.0562
-1.298   2.381    -7.575   0.07339  0.0006322 -0.004745 | -1.0562
Done    'Coregister: Estimate'
Done

CoReg Done in 28.211317 seconds

All done with coregistration.
>> >> 
No sandbox specified



Start   : Wed Nov 21 22:10:02 EST 2018
Finish  : Wed Nov 21 22:11:05 EST 2018


