
                            < M A T L A B (R) >
                  Copyright 1984-2015 The MathWorks, Inc.
                   R2015b (8.6.0.267246) 64-bit (glnxa64)
                              August 20, 2015

 
To get started, type one of these: helpwin, helpdesk, or demo.
For product information, visit www.mathworks.com.
 

	Academic License

>> >> >> >> Coregistation Script Created on 181121_12_20_49_925
>> >> >> >> >> >> [Warning: Name is nonexistent or not a directory:
/Users/rcwelsh/matlabScripts/WELLES/mfiles] 
[> In path (line 109)
  In addpath (line 86)] 
>> >> >> >> >> 
UMBatchJobName =

coregOverlay_181121_12_20_49_925_tehsheng_madcbrai

>> 
UMBatchProcessName =

coregOverlay

>> >> Initializing the job manager in SPM8

UMReSlice =

     0



Calling UMBatchCoReg with:
/nfs/fmri/Analysis/Sean_Working/Git_MADC/preprocess/../../Subjects_ABCDResting/madc1348_scan1/func//run_01/utprun_01.nii
/nfs/fmri/Analysis/Sean_Working/Subjects_ABCDResting/madc1348_scan1/func/coReg/t1mprage.nii
UMReSlice:0
Entering UMBatchCoReg V2.0 for SPM8
Coreging /nfs/fmri/Analysis/Sean_Working/Subjects_ABCDResting/madc1348_scan1/func/coReg/t1mprage.nii to
         /nfs/fmri/Analysis/Sean_Working/Git_MADC/preprocess/../../Subjects_ABCDResting/madc1348_scan1/func//run_01/utprun_01.nii


------------------------------------------------------------------------
Running job #1
------------------------------------------------------------------------
Running 'Coregister: Estimate'
iteration 1...
-1.136   0        0        0        0        0        | -1.0537
-1.136   0.3048   0        0        0        0        | -1.0538
-1.136   0.3048   -0.1442  0        0        0        | -1.0538
-1.136   0.3048   -0.1442  0.03058  0        0        | -1.0542
-1.136   0.3048   -0.1442  0.03058  0.01117  0        | -1.0543
-1.136   0.3048   -0.1442  0.03058  0.01117  0        | -1.0543
iteration 2...
-1.136   0.3048   -0.1442  0.03058  0.01117  0        | -1.0543
-1.136   -0.1551  -0.1442  0.03058  0.01117  0        | -1.0544
-1.136   -0.1551  -0.03625 0.03058  0.01117  0        | -1.0544
-1.136   -0.1551  -0.03625 0.03305  0.01117  0        | -1.0544
-1.136   -0.1551  -0.03625 0.03305  0.01117  0        | -1.0544
-1.136   -0.1551  -0.03625 0.03305  0.01117  0        | -1.0544
iteration 3...
-1.136   -0.1551  -0.03625 0.03305  0.01117  0        | -1.0544
-1.136   -0.1927  -0.03625 0.03305  0.01117  0        | -1.0544
-1.136   -0.1927  0.007297 0.03305  0.01117  0        | -1.0544
-1.136   -0.1927  0.007297 0.03305  0.01117  0        | -1.0544
-1.136   -0.1927  0.007297 0.03305  0.01117  0        | -1.0544
-1.136   -0.1927  0.007297 0.03305  0.01117  -0.0005257 | -1.0544
iteration 4...
-1.136   -0.1927  0.007297 0.03305  0.01117  -0.0005257 | -1.0544
-1.136   -0.1863  0.007297 0.03305  0.01117  -0.0005257 | -1.0544
-1.136   -0.1863  0.007297 0.03305  0.01117  -0.0005257 | -1.0544
-1.136   -0.1863  0.007297 0.03276  0.01117  -0.0005257 | -1.0544
-1.136   -0.1863  0.007297 0.03276  0.01117  -0.0005257 | -1.0544
-1.136   -0.1863  0.007297 0.03276  0.01117  -0.0005257 | -1.0544
iteration 1...
-1.288   -0.1863  0.007297 0.03276  0.01117  -0.0005257 | -1.0543
-1.288   -0.04475 0.007297 0.03276  0.01117  -0.0005257 | -1.0543
-1.288   -0.04475 -0.1434  0.03276  0.01117  -0.0005257 | -1.0543
-1.288   -0.04475 -0.1434  0.03527  0.01117  -0.0005257 | -1.0543
-1.288   -0.04475 -0.1434  0.03527  0.01464  -0.0005257 | -1.0543
-1.288   -0.04475 -0.1434  0.03527  0.01464  -0.004014 | -1.0543
iteration 2...
-1.342   -0.04475 -0.1434  0.03527  0.01464  -0.004014 | -1.0543
-1.342   -0.01831 -0.1434  0.03527  0.01464  -0.004014 | -1.0543
-1.342   -0.01831 -0.1451  0.03527  0.01464  -0.004014 | -1.0543
-1.342   -0.01831 -0.1451  0.03465  0.01464  -0.004014 | -1.0543
-1.342   -0.01831 -0.1451  0.03465  0.01464  -0.004014 | -1.0543
-1.342   -0.01831 -0.1451  0.03465  0.01464  -0.003124 | -1.0543
iteration 3...
-1.342   -0.01831 -0.1451  0.03465  0.01464  -0.003124 | -1.0543
-1.342   -0.007743 -0.1451  0.03465  0.01464  -0.003124 | -1.0543
-1.342   -0.007743 -0.1606  0.03465  0.01464  -0.003124 | -1.0543
-1.342   -0.007743 -0.1606  0.03465  0.01464  -0.003124 | -1.0543
-1.342   -0.007743 -0.1606  0.03465  0.01464  -0.003124 | -1.0543
-1.342   -0.007743 -0.1606  0.03465  0.01464  -0.003124 | -1.0543
Done    'Coregister: Estimate'
Done

CoReg Done in 24.314337 seconds

All done with coregistration.
>> >> 
No sandbox specified



Start   : Wed Nov 21 12:20:51 EST 2018
Finish  : Wed Nov 21 12:22:25 EST 2018


