
                            < M A T L A B (R) >
                  Copyright 1984-2015 The MathWorks, Inc.
                   R2015b (8.6.0.267246) 64-bit (glnxa64)
                              August 20, 2015

 
To get started, type one of these: helpwin, helpdesk, or demo.
For product information, visit www.mathworks.com.
 

	Academic License

>> >> >> >> Coregistation Script Created on 181121_22_57_00_012
>> >> >> >> >> >> [Warning: Name is nonexistent or not a directory:
/Users/rcwelsh/matlabScripts/WELLES/mfiles] 
[> In path (line 109)
  In addpath (line 86)] 
>> >> >> >> >> 
UMBatchJobName =

coregOverlay_181121_22_57_00_012_tehsheng_madcbrai

>> 
UMBatchProcessName =

coregOverlay

>> >> Initializing the job manager in SPM8

UMReSlice =

     0



Calling UMBatchCoReg with:
/nfs/fmri/Analysis/Sean_Working/Git_MADC/preprocess/../../Subjects_ABCDResting/madc1445_scan1/func//run_01/utprun_01.nii
/nfs/fmri/Analysis/Sean_Working/Subjects_ABCDResting/madc1445_scan1/func/coReg/t1mprage.nii
UMReSlice:0
Entering UMBatchCoReg V2.0 for SPM8
Coreging /nfs/fmri/Analysis/Sean_Working/Subjects_ABCDResting/madc1445_scan1/func/coReg/t1mprage.nii to
         /nfs/fmri/Analysis/Sean_Working/Git_MADC/preprocess/../../Subjects_ABCDResting/madc1445_scan1/func//run_01/utprun_01.nii


------------------------------------------------------------------------
Running job #1
------------------------------------------------------------------------
Running 'Coregister: Estimate'
iteration 1...
-0.7667  0        0        0        0        0        | -1.0491
-0.7667  1.047    0        0        0        0        | -1.0493
-0.7667  1.047    1.13     0        0        0        | -1.0495
-0.7667  1.047    1.13     0.05292  0        0        | -1.0498
-0.7667  1.047    1.13     0.05292  0.01142  0        | -1.0499
-0.7667  1.047    1.13     0.05292  0.01142  -0.01129 | -1.05
iteration 2...
-0.3926  1.047    1.13     0.05292  0.01142  -0.01129 | -1.0501
-0.3926  2.437    1.13     0.05292  0.01142  -0.01129 | -1.0503
-0.3926  2.437    2.002    0.05292  0.01142  -0.01129 | -1.0504
-0.3926  2.437    2.002    0.06489  0.01142  -0.01129 | -1.0505
-0.3926  2.437    2.002    0.06489  0.02026  -0.01129 | -1.0505
-0.3926  2.437    2.002    0.06489  0.02026  -0.01822 | -1.0506
iteration 3...
-0.3288  2.437    2.002    0.06489  0.02026  -0.01822 | -1.0506
-0.3288  2.453    2.002    0.06489  0.02026  -0.01822 | -1.0506
-0.3288  2.453    2.186    0.06489  0.02026  -0.01822 | -1.0506
-0.3288  2.453    2.186    0.06511  0.02026  -0.01822 | -1.0506
-0.3288  2.453    2.186    0.06511  0.01923  -0.01822 | -1.0506
-0.3288  2.453    2.186    0.06511  0.01923  -0.01822 | -1.0506
iteration 4...
-0.3288  2.453    2.186    0.06511  0.01923  -0.01822 | -1.0506
-0.3288  2.535    2.186    0.06511  0.01923  -0.01822 | -1.0506
-0.3288  2.535    2.211    0.06511  0.01923  -0.01822 | -1.0506
-0.3288  2.535    2.211    0.06533  0.01923  -0.01822 | -1.0506
-0.3288  2.535    2.211    0.06533  0.01923  -0.01822 | -1.0506
-0.3288  2.535    2.211    0.06533  0.01923  -0.01822 | -1.0506
iteration 5...
-0.3287  2.535    2.211    0.06533  0.01923  -0.01822 | -1.0506
-0.3287  2.535    2.211    0.06533  0.01923  -0.01822 | -1.0506
-0.3287  2.535    2.227    0.06533  0.01923  -0.01822 | -1.0506
-0.3287  2.535    2.227    0.0656   0.01923  -0.01822 | -1.0506
-0.3287  2.535    2.227    0.0656   0.01923  -0.01822 | -1.0506
-0.3287  2.535    2.227    0.0656   0.01923  -0.01822 | -1.0506
iteration 1...
0.09689  2.535    2.227    0.0656   0.01923  -0.01822 | -1.0503
0.09689  2.451    2.227    0.0656   0.01923  -0.01822 | -1.0503
0.09689  2.451    2.332    0.0656   0.01923  -0.01822 | -1.0503
0.09689  2.451    2.332    0.0656   0.01923  -0.01822 | -1.0503
0.09689  2.451    2.332    0.0656   0.01275  -0.01822 | -1.0504
0.09689  2.451    2.332    0.0656   0.01275  -0.01822 | -1.0504
iteration 2...
0.09046  2.451    2.332    0.0656   0.01275  -0.01822 | -1.0504
0.09046  2.434    2.332    0.0656   0.01275  -0.01822 | -1.0504
0.09046  2.434    2.349    0.0656   0.01275  -0.01822 | -1.0504
0.09046  2.434    2.349    0.06622  0.01275  -0.01822 | -1.0504
0.09046  2.434    2.349    0.06622  0.01308  -0.01822 | -1.0504
0.09046  2.434    2.349    0.06622  0.01308  -0.01822 | -1.0504
iteration 3...
0.1124   2.434    2.349    0.06622  0.01308  -0.01822 | -1.0504
0.1124   2.435    2.349    0.06622  0.01308  -0.01822 | -1.0504
0.1124   2.435    2.358    0.06622  0.01308  -0.01822 | -1.0504
0.1124   2.435    2.358    0.06622  0.01308  -0.01822 | -1.0504
0.1124   2.435    2.358    0.06622  0.01308  -0.01822 | -1.0504
0.1124   2.435    2.358    0.06622  0.01308  -0.01822 | -1.0504
iteration 4...
0.1124   2.435    2.358    0.06622  0.01308  -0.01822 | -1.0504
0.1124   2.433    2.358    0.06622  0.01308  -0.01822 | -1.0504
0.1124   2.433    2.358    0.06622  0.01308  -0.01822 | -1.0504
0.1124   2.433    2.358    0.06622  0.01308  -0.01822 | -1.0504
0.1124   2.433    2.358    0.06622  0.01308  -0.01822 | -1.0504
0.1124   2.433    2.358    0.06622  0.01308  -0.01822 | -1.0504
Done    'Coregister: Estimate'
Done

CoReg Done in 25.411440 seconds

All done with coregistration.
>> >> 
No sandbox specified



Start   : Wed Nov 21 22:57:02 EST 2018
Finish  : Wed Nov 21 22:58:05 EST 2018


