
                            < M A T L A B (R) >
                  Copyright 1984-2015 The MathWorks, Inc.
                   R2015b (8.6.0.267246) 64-bit (glnxa64)
                              August 20, 2015

 
To get started, type one of these: helpwin, helpdesk, or demo.
For product information, visit www.mathworks.com.
 

	Academic License

>> >> >> >> Coregistation Script Created on 181121_22_09_53_580
>> >> >> >> >> >> [Warning: Name is nonexistent or not a directory:
/Users/rcwelsh/matlabScripts/WELLES/mfiles] 
[> In path (line 109)
  In addpath (line 86)] 
>> >> >> >> >> 
UMBatchJobName =

coregOverlay_181121_22_09_53_580_tehsheng_madcbrai

>> 
UMBatchProcessName =

coregOverlay

>> >> Initializing the job manager in SPM8

UMReSlice =

     0



Calling UMBatchCoReg with:
/nfs/fmri/Analysis/Sean_Working/Git_MADC/preprocess/../../Subjects_ABCDResting/madc1314_scan1/func//run_01/utprun_01.nii
/nfs/fmri/Analysis/Sean_Working/Subjects_ABCDResting/madc1314_scan1/func/coReg/t1mprage.nii
UMReSlice:0
Entering UMBatchCoReg V2.0 for SPM8
Coreging /nfs/fmri/Analysis/Sean_Working/Subjects_ABCDResting/madc1314_scan1/func/coReg/t1mprage.nii to
         /nfs/fmri/Analysis/Sean_Working/Git_MADC/preprocess/../../Subjects_ABCDResting/madc1314_scan1/func//run_01/utprun_01.nii


------------------------------------------------------------------------
Running job #1
------------------------------------------------------------------------
Running 'Coregister: Estimate'
iteration 1...
-2.331   0        0        0        0        0        | -1.0522
-2.331   1.212    0        0        0        0        | -1.0525
-2.331   1.212    0.06583  0        0        0        | -1.0525
-2.331   1.212    0.06583  0.01416  0        0        | -1.0526
-2.331   1.212    0.06583  0.01416  -0.01887 0        | -1.0527
-2.331   1.212    0.06583  0.01416  -0.01887 -0.01456 | -1.0528
iteration 2...
-2.604   1.212    0.06583  0.01416  -0.01887 -0.01456 | -1.0528
-2.604   1.352    0.06583  0.01416  -0.01887 -0.01456 | -1.0529
-2.604   1.352    -0.02456 0.01416  -0.01887 -0.01456 | -1.0529
-2.604   1.352    -0.02456 0.01593  -0.01887 -0.01456 | -1.0529
-2.604   1.352    -0.02456 0.01593  -0.02506 -0.01456 | -1.0529
-2.604   1.352    -0.02456 0.01593  -0.02506 -0.01511 | -1.0529
iteration 3...
-2.698   1.352    -0.02456 0.01593  -0.02506 -0.01511 | -1.0529
-2.698   1.325    -0.02456 0.01593  -0.02506 -0.01511 | -1.0529
-2.698   1.325    -0.1293  0.01593  -0.02506 -0.01511 | -1.0529
-2.698   1.325    -0.1293  0.01462  -0.02506 -0.01511 | -1.0529
-2.698   1.325    -0.1293  0.01462  -0.02506 -0.01511 | -1.0529
-2.698   1.325    -0.1293  0.01462  -0.02506 -0.01511 | -1.0529
iteration 4...
-2.698   1.325    -0.1293  0.01462  -0.02506 -0.01511 | -1.0529
-2.698   1.349    -0.1293  0.01462  -0.02506 -0.01511 | -1.0529
-2.698   1.349    -0.1293  0.01462  -0.02506 -0.01511 | -1.0529
-2.698   1.349    -0.1293  0.01462  -0.02506 -0.01511 | -1.0529
-2.698   1.349    -0.1293  0.01462  -0.02508 -0.01511 | -1.0529
-2.698   1.349    -0.1293  0.01462  -0.02508 -0.01511 | -1.0529
iteration 5...
-2.698   1.349    -0.1293  0.01462  -0.02508 -0.01511 | -1.0529
-2.698   1.349    -0.1293  0.01462  -0.02508 -0.01511 | -1.0529
-2.698   1.349    -0.1293  0.01462  -0.02508 -0.01511 | -1.0529
-2.698   1.349    -0.1293  0.01462  -0.02508 -0.01511 | -1.0529
-2.698   1.349    -0.1293  0.01462  -0.02508 -0.01511 | -1.0529
-2.698   1.349    -0.1293  0.01462  -0.02508 -0.01511 | -1.0529
iteration 1...
-2.518   1.349    -0.1293  0.01462  -0.02508 -0.01511 | -1.053
-2.518   1.501    -0.1293  0.01462  -0.02508 -0.01511 | -1.053
-2.518   1.501    -0.184   0.01462  -0.02508 -0.01511 | -1.053
-2.518   1.501    -0.184   0.01182  -0.02508 -0.01511 | -1.053
-2.518   1.501    -0.184   0.01182  -0.02749 -0.01511 | -1.053
-2.518   1.501    -0.184   0.01182  -0.02749 -0.01285 | -1.053
iteration 2...
-2.557   1.501    -0.184   0.01182  -0.02749 -0.01285 | -1.053
-2.557   1.491    -0.184   0.01182  -0.02749 -0.01285 | -1.053
-2.557   1.491    -0.2327  0.01182  -0.02749 -0.01285 | -1.053
-2.557   1.491    -0.2327  0.01225  -0.02749 -0.01285 | -1.053
-2.557   1.491    -0.2327  0.01225  -0.02746 -0.01285 | -1.053
-2.557   1.491    -0.2327  0.01225  -0.02746 -0.01285 | -1.053
iteration 3...
-2.56    1.491    -0.2327  0.01225  -0.02746 -0.01285 | -1.053
-2.56    1.492    -0.2327  0.01225  -0.02746 -0.01285 | -1.053
-2.56    1.492    -0.2223  0.01225  -0.02746 -0.01285 | -1.053
-2.56    1.492    -0.2223  0.01225  -0.02746 -0.01285 | -1.053
-2.56    1.492    -0.2223  0.01225  -0.02746 -0.01285 | -1.053
-2.56    1.492    -0.2223  0.01225  -0.02746 -0.01285 | -1.053
Done    'Coregister: Estimate'
Done

CoReg Done in 23.448381 seconds

All done with coregistration.
>> >> 
No sandbox specified



Start   : Wed Nov 21 22:09:57 EST 2018
Finish  : Wed Nov 21 22:11:02 EST 2018


