
                            < M A T L A B (R) >
                  Copyright 1984-2015 The MathWorks, Inc.
                   R2015b (8.6.0.267246) 64-bit (glnxa64)
                              August 20, 2015

 
To get started, type one of these: helpwin, helpdesk, or demo.
For product information, visit www.mathworks.com.
 

	Academic License

>> >> >> >> Coregistation Script Created on 181121_19_07_07_820
>> >> >> >> >> >> [Warning: Name is nonexistent or not a directory:
/Users/rcwelsh/matlabScripts/WELLES/mfiles] 
[> In path (line 109)
  In addpath (line 86)] 
>> >> >> >> >> 
UMBatchJobName =

coregOverlay_181121_19_07_07_820_tehsheng_madcbrai

>> 
UMBatchProcessName =

coregOverlay

>> >> Initializing the job manager in SPM8

UMReSlice =

     0



Calling UMBatchCoReg with:
/nfs/fmri/Analysis/Sean_Working/Git_MADC/preprocess/../../Subjects_ABCDResting/madc1384_scan1/func//run_01/utprun_01.nii
/nfs/fmri/Analysis/Sean_Working/Subjects_ABCDResting/madc1384_scan1/func/coReg/t1mprage.nii
UMReSlice:0
Entering UMBatchCoReg V2.0 for SPM8
Coreging /nfs/fmri/Analysis/Sean_Working/Subjects_ABCDResting/madc1384_scan1/func/coReg/t1mprage.nii to
         /nfs/fmri/Analysis/Sean_Working/Git_MADC/preprocess/../../Subjects_ABCDResting/madc1384_scan1/func//run_01/utprun_01.nii


------------------------------------------------------------------------
Running job #1
------------------------------------------------------------------------
Running 'Coregister: Estimate'
iteration 1...
-0.7651  0        0        0        0        0        | -1.0502
-0.7651  3.271    0        0        0        0        | -1.0512
-0.7651  3.271    2.351    0        0        0        | -1.0515
-0.7651  3.271    2.351    -0.004973 0        0        | -1.0515
-0.7651  3.271    2.351    -0.004973 0.009391 0        | -1.0515
-0.7651  3.271    2.351    -0.004973 0.009391 0.008285 | -1.0515
iteration 2...
-1.029   3.271    2.351    -0.004973 0.009391 0.008285 | -1.0515
-1.029   3.109    2.351    -0.004973 0.009391 0.008285 | -1.0516
-1.029   3.109    2.743    -0.004973 0.009391 0.008285 | -1.0516
-1.029   3.109    2.743    -0.00666 0.009391 0.008285 | -1.0516
-1.029   3.109    2.743    -0.00666 -0.003185 0.008285 | -1.0516
-1.029   3.109    2.743    -0.00666 -0.003185 0.008093 | -1.0516
-1.212   2.998    3.014    -0.007827 -0.01188 0.007959 | -1.0516
iteration 3...
-1.494   2.998    3.014    -0.007827 -0.01188 0.007959 | -1.0517
-1.494   2.738    3.014    -0.007827 -0.01188 0.007959 | -1.0517
-1.494   2.738    3.037    -0.007827 -0.01188 0.007959 | -1.0517
-1.494   2.738    3.037    -0.0112  -0.01188 0.007959 | -1.0517
-1.504   2.732    3.052    -0.01126 -0.01235 0.007952 | -1.0517
-1.504   2.732    3.052    -0.01126 -0.01235 0.005085 | -1.0517
iteration 4...
-1.497   2.732    3.052    -0.01126 -0.01235 0.005085 | -1.0517
-1.497   2.617    3.052    -0.01126 -0.01235 0.005085 | -1.0517
-1.497   2.617    3.125    -0.01126 -0.01235 0.005085 | -1.0517
-1.497   2.617    3.125    -0.01156 -0.01235 0.005085 | -1.0517
-1.497   2.617    3.125    -0.01156 -0.01235 0.005085 | -1.0517
-1.497   2.617    3.125    -0.01156 -0.01235 0.005085 | -1.0517
iteration 5...
-1.483   2.617    3.125    -0.01156 -0.01235 0.005085 | -1.0517
-1.483   2.617    3.125    -0.01156 -0.01235 0.005085 | -1.0517
-1.483   2.617    3.125    -0.01156 -0.01235 0.005085 | -1.0517
-1.483   2.617    3.125    -0.01153 -0.01235 0.005085 | -1.0517
-1.483   2.617    3.125    -0.01153 -0.01235 0.005085 | -1.0517
-1.483   2.617    3.125    -0.01153 -0.01235 0.005085 | -1.0517
iteration 1...
-1.739   2.617    3.125    -0.01153 -0.01235 0.005085 | -1.0515
-1.739   2.503    3.125    -0.01153 -0.01235 0.005085 | -1.0515
-1.739   2.503    2.658    -0.01153 -0.01235 0.005085 | -1.0516
-1.739   2.503    2.658    -0.008956 -0.01235 0.005085 | -1.0516
-1.739   2.503    2.658    -0.008956 -0.01333 0.005085 | -1.0516
-1.739   2.503    2.658    -0.008956 -0.01333 -0.008064 | -1.0516
iteration 2...
-1.902   2.503    2.658    -0.008956 -0.01333 -0.008064 | -1.0516
-1.902   2.649    2.658    -0.008956 -0.01333 -0.008064 | -1.0516
-1.902   2.649    2.605    -0.008956 -0.01333 -0.008064 | -1.0516
-1.902   2.649    2.605    -0.006852 -0.01333 -0.008064 | -1.0516
-1.902   2.649    2.605    -0.006852 -0.01464 -0.008064 | -1.0516
-1.902   2.649    2.605    -0.006852 -0.01464 -0.009978 | -1.0516
iteration 3...
-1.963   2.649    2.605    -0.006852 -0.01464 -0.009978 | -1.0516
-1.963   2.649    2.605    -0.006852 -0.01464 -0.009978 | -1.0516
-1.963   2.649    2.482    -0.006852 -0.01464 -0.009978 | -1.0516
-1.963   2.649    2.482    -0.0052  -0.01464 -0.009978 | -1.0516
-1.963   2.649    2.482    -0.0052  -0.01464 -0.009978 | -1.0516
-1.963   2.649    2.482    -0.0052  -0.01464 -0.01054 | -1.0516
-2.038   2.649    2.332    -0.003187 -0.01464 -0.01122 | -1.0516
iteration 4...
-1.965   2.649    2.332    -0.003187 -0.01464 -0.01122 | -1.0516
-1.965   2.758    2.332    -0.003187 -0.01464 -0.01122 | -1.0516
-2.017   2.758    2.228    -0.00179 -0.01464 -0.01169 | -1.0516
-2.017   2.758    2.228    0.0006184 -0.01464 -0.01169 | -1.0516
-2.017   2.758    2.228    0.0006184 -0.01464 -0.01169 | -1.0516
-2.017   2.758    2.228    0.0006184 -0.01464 -0.01169 | -1.0516
-1.996   2.868    2.124    0.004424 -0.01464 -0.01217 | -1.0516
iteration 5...
-1.951   2.868    2.124    0.004424 -0.01464 -0.01217 | -1.0516
-1.951   2.986    2.124    0.004424 -0.01464 -0.01217 | -1.0517
-1.951   2.986    2.124    0.004424 -0.01464 -0.01217 | -1.0517
-1.951   2.986    2.124    0.004142 -0.01464 -0.01217 | -1.0517
-1.951   2.986    2.124    0.004142 -0.01361 -0.01217 | -1.0517
-1.951   2.986    2.124    0.004142 -0.01361 -0.01101 | -1.0517
iteration 6...
-1.948   2.986    2.124    0.004142 -0.01361 -0.01101 | -1.0517
-1.948   3.013    2.124    0.004142 -0.01361 -0.01101 | -1.0517
-1.943   3.038    2.101    0.004989 -0.01361 -0.01111 | -1.0517
-1.943   3.038    2.101    0.004989 -0.01361 -0.01111 | -1.0517
-1.943   3.038    2.101    0.004989 -0.01361 -0.01111 | -1.0517
-1.943   3.038    2.101    0.004989 -0.01361 -0.01111 | -1.0517
iteration 7...
-1.943   3.038    2.101    0.004989 -0.01361 -0.01111 | -1.0517
-1.943   3.038    2.101    0.004989 -0.01361 -0.01111 | -1.0517
-1.938   3.066    2.075    0.005957 -0.01361 -0.01123 | -1.0517
-1.938   3.066    2.075    0.004536 -0.01361 -0.01123 | -1.0517
-1.938   3.066    2.075    0.004536 -0.01361 -0.01123 | -1.0517
-1.938   3.066    2.075    0.004536 -0.01361 -0.01123 | -1.0517
iteration 8...
-1.938   3.066    2.075    0.004536 -0.01361 -0.01123 | -1.0517
-1.938   3.013    2.075    0.004536 -0.01361 -0.01123 | -1.0517
-1.938   3.012    2.075    0.004512 -0.01361 -0.01123 | -1.0517
-1.938   3.012    2.075    0.004512 -0.01361 -0.01123 | -1.0517
-1.938   3.012    2.075    0.004512 -0.01361 -0.01123 | -1.0517
-1.938   3.012    2.075    0.004512 -0.01361 -0.01123 | -1.0517
iteration 9...
-1.938   3.012    2.075    0.004512 -0.01361 -0.01123 | -1.0517
-1.938   3.012    2.075    0.004512 -0.01361 -0.01123 | -1.0517
-1.938   3.012    2.075    0.004512 -0.01361 -0.01123 | -1.0517
-1.938   3.012    2.075    0.004512 -0.01361 -0.01123 | -1.0517
-1.938   3.012    2.075    0.004512 -0.01361 -0.01123 | -1.0517
-1.938   3.012    2.075    0.004512 -0.01361 -0.01123 | -1.0517
Done    'Coregister: Estimate'
Done

CoReg Done in 44.784928 seconds

All done with coregistration.
>> >> 
No sandbox specified



Start   : Wed Nov 21 19:07:11 EST 2018
Finish  : Wed Nov 21 19:08:33 EST 2018


