
                            < M A T L A B (R) >
                  Copyright 1984-2015 The MathWorks, Inc.
                   R2015b (8.6.0.267246) 64-bit (glnxa64)
                              August 20, 2015

 
To get started, type one of these: helpwin, helpdesk, or demo.
For product information, visit www.mathworks.com.
 

	Academic License

>> >> >> >> Coregistation Script Created on 181121_21_18_41_820
>> >> >> >> >> >> [Warning: Name is nonexistent or not a directory:
/Users/rcwelsh/matlabScripts/WELLES/mfiles] 
[> In path (line 109)
  In addpath (line 86)] 
>> >> >> >> >> 
UMBatchJobName =

coregOverlay_181121_21_18_41_820_tehsheng_madcbrai

>> 
UMBatchProcessName =

coregOverlay

>> >> Initializing the job manager in SPM8

UMReSlice =

     0



Calling UMBatchCoReg with:
/nfs/fmri/Analysis/Sean_Working/Git_MADC/preprocess/../../Subjects_ABCDResting/madc1439_scan1/func//run_01/utprun_01.nii
/nfs/fmri/Analysis/Sean_Working/Subjects_ABCDResting/madc1439_scan1/func/coReg/t1mprage.nii
UMReSlice:0
Entering UMBatchCoReg V2.0 for SPM8
Coreging /nfs/fmri/Analysis/Sean_Working/Subjects_ABCDResting/madc1439_scan1/func/coReg/t1mprage.nii to
         /nfs/fmri/Analysis/Sean_Working/Git_MADC/preprocess/../../Subjects_ABCDResting/madc1439_scan1/func//run_01/utprun_01.nii


------------------------------------------------------------------------
Running job #1
------------------------------------------------------------------------
Running 'Coregister: Estimate'
iteration 1...
-1.662   0        0        0        0        0        | -1.0525
-1.662   1.363    0        0        0        0        | -1.0528
-1.662   1.363    -1.768   0        0        0        | -1.0533
-1.662   1.363    -1.768   0.01779  0        0        | -1.0533
-1.662   1.363    -1.768   0.01779  0        0        | -1.0533
-1.662   1.363    -1.768   0.01779  0        -0.01159 | -1.0534
iteration 2...
-1.73    1.363    -1.768   0.01779  0        -0.01159 | -1.0534
-1.73    0.9835   -1.768   0.01779  0        -0.01159 | -1.0534
-1.73    0.9835   -1.301   0.01779  0        -0.01159 | -1.0534
-1.73    0.9835   -1.301   0.02407  0        -0.01159 | -1.0535
-1.73    0.9835   -1.301   0.02407  0.005113 -0.01159 | -1.0535
-1.73    0.9835   -1.301   0.02407  0.005113 -0.01117 | -1.0535
-1.765   0.7887   -1.06    0.0273   0.00774  -0.01096 | -1.0535
iteration 3...
-1.792   0.7887   -1.06    0.0273   0.00774  -0.01096 | -1.0535
-1.781   0.8455   -1.131   0.02636  0.006973 -0.01102 | -1.0535
-1.781   0.8455   -1.163   0.02636  0.006973 -0.01102 | -1.0535
-1.781   0.8455   -1.163   0.02636  0.006973 -0.01102 | -1.0535
-1.781   0.8455   -1.163   0.02636  0.009132 -0.01102 | -1.0535
-1.781   0.8455   -1.163   0.02636  0.009132 -0.009777 | -1.0535
iteration 4...
-1.839   0.8455   -1.163   0.02636  0.009132 -0.009777 | -1.0535
-1.867   0.6879   -0.9689  0.02897  0.01126  -0.009604 | -1.0535
-1.867   0.6879   -1.211   0.02897  0.01126  -0.009604 | -1.0535
-1.867   0.6879   -1.211   0.03006  0.01126  -0.009604 | -1.0535
-1.867   0.6879   -1.211   0.03006  0.01126  -0.009604 | -1.0535
-1.867   0.6879   -1.211   0.03006  0.01126  -0.006862 | -1.0535
iteration 5...
-1.878   0.6879   -1.211   0.03006  0.01126  -0.006862 | -1.0535
-1.885   0.6532   -1.169   0.03063  0.01173  -0.006824 | -1.0535
-1.885   0.6532   -1.254   0.03063  0.01173  -0.006824 | -1.0535
-1.885   0.6532   -1.254   0.03241  0.01173  -0.006824 | -1.0535
-1.885   0.6532   -1.254   0.03241  0.01173  -0.006824 | -1.0535
-1.885   0.6532   -1.254   0.03241  0.01173  -0.006824 | -1.0535
iteration 6...
-1.906   0.6532   -1.254   0.03241  0.01173  -0.006824 | -1.0535
-1.914   0.6084   -1.198   0.03316  0.01233  -0.006775 | -1.0535
-1.914   0.6084   -1.198   0.03316  0.01233  -0.006775 | -1.0535
-1.914   0.6084   -1.198   0.03316  0.01233  -0.006775 | -1.0535
-1.914   0.6084   -1.198   0.03316  0.01434  -0.006775 | -1.0535
-1.914   0.6084   -1.198   0.03316  0.01434  -0.006027 | -1.0535
iteration 7...
-1.914   0.6084   -1.198   0.03316  0.01434  -0.006027 | -1.0535
-1.914   0.6084   -1.198   0.03316  0.01434  -0.006027 | -1.0535
-1.914   0.6084   -1.237   0.03316  0.01434  -0.006027 | -1.0535
-1.914   0.6084   -1.237   0.03316  0.01434  -0.006027 | -1.0535
-1.914   0.6084   -1.237   0.03316  0.01434  -0.006027 | -1.0535
-1.914   0.6084   -1.237   0.03316  0.01434  -0.006027 | -1.0535
iteration 8...
-1.914   0.6084   -1.237   0.03316  0.01434  -0.006027 | -1.0535
-1.914   0.6084   -1.237   0.03316  0.01434  -0.006027 | -1.0535
-1.914   0.6084   -1.237   0.03316  0.01434  -0.006027 | -1.0535
-1.914   0.6084   -1.237   0.03316  0.01434  -0.006027 | -1.0535
-1.914   0.6084   -1.237   0.03316  0.01434  -0.006027 | -1.0535
-1.914   0.6084   -1.237   0.03316  0.01434  -0.006027 | -1.0535
iteration 1...
-1.696   0.6084   -1.237   0.03316  0.01434  -0.006027 | -1.0536
-1.696   0.6536   -1.237   0.03316  0.01434  -0.006027 | -1.0536
-1.696   0.6536   -1.401   0.03316  0.01434  -0.006027 | -1.0536
-1.696   0.6536   -1.401   0.03424  0.01434  -0.006027 | -1.0536
-1.696   0.6536   -1.401   0.03424  0.004202 -0.006027 | -1.0536
-1.696   0.6536   -1.401   0.03424  0.004202 -0.005628 | -1.0536
iteration 2...
-1.604   0.6536   -1.401   0.03424  0.004202 -0.005628 | -1.0536
-1.604   0.5879   -1.401   0.03424  0.004202 -0.005628 | -1.0536
-1.604   0.5879   -1.375   0.03424  0.004202 -0.005628 | -1.0536
-1.604   0.5879   -1.375   0.03515  0.004202 -0.005628 | -1.0536
-1.604   0.5879   -1.375   0.03515  0.002341 -0.005628 | -1.0536
-1.604   0.5879   -1.375   0.03515  0.002341 -0.005628 | -1.0536
-1.483   0.5021   -1.342   0.03635  -8.718e-05 -0.005628 | -1.0536
iteration 3...
-1.483   0.5021   -1.342   0.03635  -8.718e-05 -0.005628 | -1.0536
-1.483   0.5049   -1.342   0.03635  -8.718e-05 -0.005628 | -1.0536
-1.483   0.5049   -1.344   0.03635  -8.718e-05 -0.005628 | -1.0536
-1.483   0.5049   -1.344   0.03747  -8.718e-05 -0.005628 | -1.0536
-1.483   0.5049   -1.344   0.03747  -8.718e-05 -0.005628 | -1.0536
-1.483   0.5049   -1.344   0.03747  -8.718e-05 -0.005628 | -1.0536
iteration 4...
-1.483   0.5049   -1.344   0.03747  -8.718e-05 -0.005628 | -1.0536
-1.483   0.4787   -1.344   0.03747  -8.718e-05 -0.005628 | -1.0536
-1.483   0.4787   -1.338   0.03747  -8.718e-05 -0.005628 | -1.0536
-1.483   0.4787   -1.338   0.03796  -8.718e-05 -0.005628 | -1.0536
-1.483   0.4787   -1.338   0.03796  -8.718e-05 -0.005628 | -1.0536
-1.483   0.4787   -1.338   0.03796  -8.718e-05 -0.005628 | -1.0536
-1.483   0.4525   -1.331   0.03846  -8.718e-05 -0.005628 | -1.0536
iteration 5...
-1.483   0.4525   -1.331   0.03846  -8.718e-05 -0.005628 | -1.0536
-1.483   0.4525   -1.331   0.03846  -8.718e-05 -0.005628 | -1.0536
-1.483   0.4525   -1.334   0.03846  -8.718e-05 -0.005628 | -1.0536
-1.483   0.4525   -1.334   0.03846  -8.718e-05 -0.005628 | -1.0536
-1.483   0.4525   -1.334   0.03846  -8.718e-05 -0.005628 | -1.0536
-1.483   0.4525   -1.334   0.03846  -8.718e-05 -0.005628 | -1.0536
Done    'Coregister: Estimate'
Done

CoReg Done in 33.240923 seconds

All done with coregistration.
>> >> 
No sandbox specified



Start   : Wed Nov 21 21:18:44 EST 2018
Finish  : Wed Nov 21 21:19:54 EST 2018


