
                            < M A T L A B (R) >
                  Copyright 1984-2015 The MathWorks, Inc.
                   R2015b (8.6.0.267246) 64-bit (glnxa64)
                              August 20, 2015

 
To get started, type one of these: helpwin, helpdesk, or demo.
For product information, visit www.mathworks.com.
 

	Academic License

>> >> >> >> Coregistation Script Created on 181122_05_35_05_644
>> >> >> >> >> >> [Warning: Name is nonexistent or not a directory:
/Users/rcwelsh/matlabScripts/WELLES/mfiles] 
[> In path (line 109)
  In addpath (line 86)] 
>> >> >> >> >> 
UMBatchJobName =

coregOverlay_181122_05_35_05_644_tehsheng_madcbrai

>> 
UMBatchProcessName =

coregOverlay

>> >> Initializing the job manager in SPM8

UMReSlice =

     0



Calling UMBatchCoReg with:
/nfs/fmri/Analysis/Sean_Working/Git_MADC/preprocess/../../Subjects_ABCDResting/madc1489_scan1/func//run_01/utprun_01.nii
/nfs/fmri/Analysis/Sean_Working/Subjects_ABCDResting/madc1489_scan1/func/coReg/t1mprage.nii
UMReSlice:0
Entering UMBatchCoReg V2.0 for SPM8
Coreging /nfs/fmri/Analysis/Sean_Working/Subjects_ABCDResting/madc1489_scan1/func/coReg/t1mprage.nii to
         /nfs/fmri/Analysis/Sean_Working/Git_MADC/preprocess/../../Subjects_ABCDResting/madc1489_scan1/func//run_01/utprun_01.nii


------------------------------------------------------------------------
Running job #1
------------------------------------------------------------------------
Running 'Coregister: Estimate'
iteration 1...
-2.412   0        0        0        0        0        | -1.0348
-2.412   20.57    0        0        0        0        | -1.0512
-2.412   20.57    -3.44    0        0        0        | -1.0535
-2.412   20.57    -3.44    0.02626  0        0        | -1.0536
-2.412   20.57    -3.44    0.02626  0.008399 0        | -1.0536
-2.412   20.57    -3.44    0.02626  0.008399 -0.009571 | -1.0537
iteration 2...
-2.452   20.57    -3.44    0.02626  0.008399 -0.009571 | -1.0537
-2.452   20.19    -3.44    0.02626  0.008399 -0.009571 | -1.0537
-2.452   20.19    -3.429   0.02626  0.008399 -0.009571 | -1.0537
-2.452   20.19    -3.429   0.03234  0.008399 -0.009571 | -1.0537
-2.452   20.19    -3.429   0.03234  0.002144 -0.009571 | -1.0538
-2.452   20.19    -3.429   0.03234  0.002144 -0.009571 | -1.0538
iteration 3...
-2.366   20.19    -3.429   0.03234  0.002144 -0.009571 | -1.0538
-2.366   20.01    -3.429   0.03234  0.002144 -0.009571 | -1.0538
-2.366   20.01    -3.431   0.03234  0.002144 -0.009571 | -1.0538
-2.366   20.01    -3.431   0.03335  0.002144 -0.009571 | -1.0538
-2.366   20.01    -3.431   0.03335  0.002144 -0.009571 | -1.0538
-2.366   20.01    -3.431   0.03335  0.002144 -0.009847 | -1.0538
iteration 4...
-2.366   20.01    -3.431   0.03335  0.002144 -0.009847 | -1.0538
-2.366   20       -3.431   0.03335  0.002144 -0.009847 | -1.0538
-2.366   20       -3.388   0.03335  0.002144 -0.009847 | -1.0538
-2.366   20       -3.388   0.03336  0.002144 -0.009847 | -1.0538
-2.366   20       -3.388   0.03336  0.0004275 -0.009847 | -1.0538
-2.366   20       -3.388   0.03336  0.0004275 -0.009847 | -1.0538
iteration 5...
-2.34    20       -3.388   0.03336  0.0004275 -0.009847 | -1.0538
-2.34    20       -3.388   0.03336  0.0004275 -0.009847 | -1.0538
-2.34    20       -3.37    0.03336  0.0004275 -0.009847 | -1.0538
-2.34    20       -3.37    0.03345  0.0004275 -0.009847 | -1.0538
-2.34    20       -3.37    0.03345  0.0004275 -0.009847 | -1.0538
-2.34    20       -3.37    0.03345  0.0004275 -0.009847 | -1.0538
iteration 6...
-2.34    20       -3.37    0.03345  0.0004275 -0.009847 | -1.0538
-2.34    20       -3.37    0.03345  0.0004275 -0.009847 | -1.0538
-2.34    20       -3.375   0.03345  0.0004275 -0.009847 | -1.0538
-2.34    20       -3.375   0.03346  0.0004275 -0.009847 | -1.0538
-2.34    20       -3.375   0.03346  0.0004275 -0.009847 | -1.0538
-2.34    20       -3.375   0.03346  0.0004275 -0.009847 | -1.0538
iteration 1...
-2.319   20       -3.375   0.03346  0.0004275 -0.009847 | -1.0534
-2.319   20.03    -3.375   0.03346  0.0004275 -0.009847 | -1.0534
-2.319   20.03    -3.496   0.03346  0.0004275 -0.009847 | -1.0534
-2.319   20.03    -3.496   0.04471  0.0004275 -0.009847 | -1.0535
-2.319   20.03    -3.496   0.04471  -0.006747 -0.009847 | -1.0535
-2.319   20.03    -3.496   0.04471  -0.006747 -0.009847 | -1.0535
iteration 2...
-2.154   20.03    -3.496   0.04471  -0.006747 -0.009847 | -1.0535
-2.154   19.78    -3.496   0.04471  -0.006747 -0.009847 | -1.0535
-2.154   19.78    -3.622   0.04471  -0.006747 -0.009847 | -1.0535
-2.154   19.78    -3.622   0.04963  -0.006747 -0.009847 | -1.0535
-2.154   19.78    -3.622   0.04963  -0.0111  -0.009847 | -1.0535
-2.154   19.78    -3.622   0.04963  -0.0111  -0.01036 | -1.0535
-1.996   19.54    -3.742   0.05435  -0.01528 -0.01086 | -1.0535
iteration 3...
-1.946   19.54    -3.742   0.05435  -0.01528 -0.01086 | -1.0535
-1.953   19.55    -3.736   0.05413  -0.01508 -0.01084 | -1.0535
-1.953   19.55    -3.617   0.05413  -0.01508 -0.01084 | -1.0535
-1.953   19.55    -3.617   0.05572  -0.01508 -0.01084 | -1.0535
-1.953   19.55    -3.617   0.05572  -0.01508 -0.01084 | -1.0535
-1.953   19.55    -3.617   0.05572  -0.01508 -0.01084 | -1.0535
iteration 4...
-1.953   19.55    -3.617   0.05572  -0.01508 -0.01084 | -1.0535
-1.948   19.54    -3.621   0.05587  -0.01521 -0.01085 | -1.0535
-1.948   19.54    -3.621   0.05587  -0.01521 -0.01085 | -1.0535
-1.948   19.54    -3.621   0.05587  -0.01521 -0.01085 | -1.0535
-1.948   19.54    -3.621   0.05587  -0.01521 -0.01085 | -1.0535
-1.948   19.54    -3.621   0.05587  -0.01521 -0.01085 | -1.0535
Done    'Coregister: Estimate'
Done

CoReg Done in 27.506271 seconds

All done with coregistration.
>> >> 
No sandbox specified



Start   : Thu Nov 22 05:35:07 EST 2018
Finish  : Thu Nov 22 05:36:07 EST 2018


