
                            < M A T L A B (R) >
                  Copyright 1984-2015 The MathWorks, Inc.
                   R2015b (8.6.0.267246) 64-bit (glnxa64)
                              August 20, 2015

 
To get started, type one of these: helpwin, helpdesk, or demo.
For product information, visit www.mathworks.com.
 

	Academic License

>> >> >> >> Coregistation Script Created on 181121_14_59_45_052
>> >> >> >> >> >> [Warning: Name is nonexistent or not a directory:
/Users/rcwelsh/matlabScripts/WELLES/mfiles] 
[> In path (line 109)
  In addpath (line 86)] 
>> >> >> >> >> 
UMBatchJobName =

coregOverlay_181121_14_59_45_052_tehsheng_madcbrai

>> 
UMBatchProcessName =

coregOverlay

>> >> Initializing the job manager in SPM8

UMReSlice =

     0



Calling UMBatchCoReg with:
/nfs/fmri/Analysis/Sean_Working/Git_MADC/preprocess/../../Subjects_ABCDResting/madc1413_scan1/func//run_01/utprun_01.nii
/nfs/fmri/Analysis/Sean_Working/Subjects_ABCDResting/madc1413_scan1/func/coReg/t1mprage.nii
UMReSlice:0
Entering UMBatchCoReg V2.0 for SPM8
Coreging /nfs/fmri/Analysis/Sean_Working/Subjects_ABCDResting/madc1413_scan1/func/coReg/t1mprage.nii to
         /nfs/fmri/Analysis/Sean_Working/Git_MADC/preprocess/../../Subjects_ABCDResting/madc1413_scan1/func//run_01/utprun_01.nii


------------------------------------------------------------------------
Running job #1
------------------------------------------------------------------------
Running 'Coregister: Estimate'
iteration 1...
-1.923   0        0        0        0        0        | -1.0431
-1.923   3.879    0        0        0        0        | -1.044
-1.923   3.879    -2.13    0        0        0        | -1.0446
-1.923   3.879    -2.13    0.028    0        0        | -1.0448
-1.923   3.879    -2.13    0.028    0        0        | -1.0448
-1.923   3.879    -2.13    0.028    0        9.404e-05 | -1.0448
iteration 2...
-1.922   3.879    -2.13    0.028    0        9.404e-05 | -1.0448
-1.922   4.413    -2.13    0.028    0        9.404e-05 | -1.0449
-1.922   4.413    -2.183   0.028    0        9.404e-05 | -1.0449
-1.922   4.413    -2.183   0.03213  0        9.404e-05 | -1.0449
-1.922   4.413    -2.183   0.03213  0        9.404e-05 | -1.0449
-1.922   4.413    -2.183   0.03213  0        9.404e-05 | -1.0449
-1.921   4.884    -2.23    0.03578  0        9.404e-05 | -1.0449
iteration 3...
-1.921   4.884    -2.23    0.03578  0        9.404e-05 | -1.0449
-1.921   4.884    -2.23    0.03578  0        9.404e-05 | -1.0449
-1.921   4.884    -2.23    0.03578  0        9.404e-05 | -1.0449
-1.921   4.884    -2.23    0.03578  0        9.404e-05 | -1.0449
-1.921   4.884    -2.23    0.03578  0        9.404e-05 | -1.0449
-1.921   4.884    -2.23    0.03578  0        9.404e-05 | -1.0449
iteration 1...
-1.936   4.884    -2.23    0.03578  0        9.404e-05 | -1.0449
-1.936   4.794    -2.23    0.03578  0        9.404e-05 | -1.0449
-1.936   4.794    -1.988   0.03578  0        9.404e-05 | -1.0449
-1.936   4.794    -1.988   0.04259  0        9.404e-05 | -1.0449
-1.936   4.794    -1.988   0.04259  0        9.404e-05 | -1.0449
-1.936   4.794    -1.988   0.04259  0        6.919e-05 | -1.0449
iteration 2...
-1.936   4.794    -1.988   0.04259  0        6.919e-05 | -1.0449
-1.936   5.067    -1.988   0.04259  0        6.919e-05 | -1.0449
-1.936   5.067    -2.063   0.04259  0        6.919e-05 | -1.0449
-1.936   5.067    -2.063   0.04521  0        6.919e-05 | -1.0449
-1.936   5.067    -2.063   0.04521  0        6.919e-05 | -1.0449
-1.936   5.067    -2.063   0.04521  0        6.919e-05 | -1.0449
iteration 3...
-1.936   5.067    -2.063   0.04521  0        6.919e-05 | -1.0449
-1.936   5.113    -2.063   0.04521  0        6.919e-05 | -1.0449
-1.936   5.113    -2.044   0.04521  0        6.919e-05 | -1.0449
-1.936   5.113    -2.044   0.04596  0        6.919e-05 | -1.0449
-1.936   5.113    -2.044   0.04596  0        6.919e-05 | -1.0449
-1.936   5.113    -2.044   0.04596  0        6.919e-05 | -1.0449
-1.936   5.16     -2.026   0.04671  0        6.919e-05 | -1.0449
iteration 4...
-1.933   5.16     -2.026   0.04671  0        6.919e-05 | -1.0449
-1.933   5.16     -2.026   0.04671  0        6.919e-05 | -1.0449
-1.933   5.16     -2.026   0.04671  0        6.919e-05 | -1.0449
-1.933   5.16     -2.026   0.04663  0        6.919e-05 | -1.0449
-1.933   5.16     -2.026   0.04663  0        6.919e-05 | -1.0449
-1.933   5.16     -2.026   0.04663  0        6.919e-05 | -1.0449
Done    'Coregister: Estimate'
Done

CoReg Done in 26.287894 seconds

All done with coregistration.
>> >> 
No sandbox specified



Start   : Wed Nov 21 14:59:47 EST 2018
Finish  : Wed Nov 21 15:01:09 EST 2018


