
                            < M A T L A B (R) >
                  Copyright 1984-2015 The MathWorks, Inc.
                   R2015b (8.6.0.267246) 64-bit (glnxa64)
                              August 20, 2015

 
To get started, type one of these: helpwin, helpdesk, or demo.
For product information, visit www.mathworks.com.
 

	Academic License

>> >> >> >> Coregistation Script Created on 181121_18_25_13_098
>> >> >> >> >> >> [Warning: Name is nonexistent or not a directory:
/Users/rcwelsh/matlabScripts/WELLES/mfiles] 
[> In path (line 109)
  In addpath (line 86)] 
>> >> >> >> >> 
UMBatchJobName =

coregOverlay_181121_18_25_13_098_tehsheng_madcbrai

>> 
UMBatchProcessName =

coregOverlay

>> >> Initializing the job manager in SPM8

UMReSlice =

     0



Calling UMBatchCoReg with:
/nfs/fmri/Analysis/Sean_Working/Git_MADC/preprocess/../../Subjects_ABCDResting/madc1250_scan1/func//run_01/utprun_01.nii
/nfs/fmri/Analysis/Sean_Working/Subjects_ABCDResting/madc1250_scan1/func/coReg/t1mprage.nii
UMReSlice:0
Entering UMBatchCoReg V2.0 for SPM8
Coreging /nfs/fmri/Analysis/Sean_Working/Subjects_ABCDResting/madc1250_scan1/func/coReg/t1mprage.nii to
         /nfs/fmri/Analysis/Sean_Working/Git_MADC/preprocess/../../Subjects_ABCDResting/madc1250_scan1/func//run_01/utprun_01.nii


------------------------------------------------------------------------
Running job #1
------------------------------------------------------------------------
Running 'Coregister: Estimate'
iteration 1...
-0.9265  0        0        0        0        0        | -1.0502
-0.9265  1.171    0        0        0        0        | -1.0504
-0.9265  1.171    1.95     0        0        0        | -1.0506
-0.9265  1.171    1.95     0.02868  0        0        | -1.0506
-0.9265  1.171    1.95     0.02868  0.01627  0        | -1.0507
-0.9265  1.171    1.95     0.02868  0.01627  0.03129  | -1.051
iteration 2...
-1.056   1.171    1.95     0.02868  0.01627  0.03129  | -1.051
-1.056   0.9536   1.95     0.02868  0.01627  0.03129  | -1.051
-1.056   0.9536   1.473    0.02868  0.01627  0.03129  | -1.051
-1.056   0.9536   1.473    0.03755  0.01627  0.03129  | -1.0511
-1.056   0.9536   1.473    0.03755  0.02059  0.03129  | -1.0511
-1.056   0.9536   1.473    0.03755  0.02059  0.03314  | -1.0511
iteration 3...
-1.325   0.9536   1.473    0.03755  0.02059  0.03314  | -1.0511
-1.325   0.3017   1.473    0.03755  0.02059  0.03314  | -1.0511
-1.325   0.3017   1.46     0.03755  0.02059  0.03314  | -1.0511
-1.325   0.3017   1.46     0.04643  0.02059  0.03314  | -1.0511
-1.325   0.3017   1.46     0.04643  0.01809  0.03314  | -1.0511
-1.325   0.3017   1.46     0.04643  0.01809  0.03314  | -1.0511
iteration 4...
-1.325   0.3017   1.46     0.04643  0.01809  0.03314  | -1.0511
-1.325   0.2598   1.46     0.04643  0.01809  0.03314  | -1.0511
-1.325   0.2598   1.229    0.04643  0.01809  0.03314  | -1.0511
-1.325   0.2598   1.229    0.04764  0.01809  0.03314  | -1.0511
-1.325   0.2598   1.229    0.04764  0.01809  0.03314  | -1.0511
-1.325   0.2598   1.229    0.04764  0.01809  0.03314  | -1.0511
iteration 5...
-1.472   0.2598   1.229    0.04764  0.01809  0.03314  | -1.0511
-1.472   0.2366   1.229    0.04764  0.01809  0.03314  | -1.0511
-1.472   0.2366   1.279    0.04764  0.01809  0.03314  | -1.0511
-1.472   0.2366   1.279    0.04691  0.01809  0.03314  | -1.0511
-1.472   0.2366   1.279    0.04691  0.01809  0.03314  | -1.0511
-1.472   0.2366   1.279    0.04691  0.01809  0.03314  | -1.0511
iteration 6...
-1.462   0.2366   1.279    0.04691  0.01809  0.03314  | -1.0511
-1.462   0.2366   1.279    0.04691  0.01809  0.03314  | -1.0511
-1.462   0.2366   1.272    0.04691  0.01809  0.03314  | -1.0511
-1.462   0.2366   1.272    0.04679  0.01809  0.03314  | -1.0511
-1.462   0.2366   1.272    0.04679  0.01809  0.03314  | -1.0511
-1.462   0.2366   1.272    0.04679  0.01809  0.03046  | -1.0511
iteration 7...
-1.514   0.2366   1.272    0.04679  0.01809  0.03046  | -1.0511
-1.514   0.1565   1.272    0.04679  0.01809  0.03046  | -1.0511
-1.514   0.1565   1.272    0.04679  0.01809  0.03046  | -1.0511
-1.514   0.1565   1.272    0.04703  0.01809  0.03046  | -1.0511
-1.514   0.1565   1.272    0.04703  0.01809  0.03046  | -1.0511
-1.514   0.1565   1.272    0.04703  0.01809  0.03046  | -1.0511
iteration 8...
-1.514   0.1565   1.272    0.04703  0.01809  0.03046  | -1.0511
-1.514   0.1561   1.272    0.04703  0.01809  0.03046  | -1.0511
-1.514   0.1561   1.272    0.04703  0.01809  0.03046  | -1.0511
-1.514   0.1561   1.272    0.04703  0.01809  0.03046  | -1.0511
-1.514   0.1561   1.272    0.04703  0.01809  0.03046  | -1.0511
-1.514   0.1561   1.272    0.04703  0.01809  0.03046  | -1.0511
iteration 1...
-1.322   0.1561   1.272    0.04703  0.01809  0.03046  | -1.051
-1.322   0.282    1.272    0.04703  0.01809  0.03046  | -1.051
-1.322   0.282    0.5757   0.04703  0.01809  0.03046  | -1.0511
-1.322   0.282    0.5757   0.05498  0.01809  0.03046  | -1.0511
-1.322   0.282    0.5757   0.05498  0.02141  0.03046  | -1.0511
-1.322   0.282    0.5757   0.05498  0.02141  0.02374  | -1.0511
iteration 2...
-1.39    0.282    0.5757   0.05498  0.02141  0.02374  | -1.0511
-1.39    0.1025   0.5757   0.05498  0.02141  0.02374  | -1.0512
-1.39    0.1025   0.5499   0.05498  0.02141  0.02374  | -1.0512
-1.39    0.1025   0.5499   0.05675  0.02141  0.02374  | -1.0512
-1.39    0.1025   0.5499   0.05675  0.02165  0.02374  | -1.0512
-1.39    0.1025   0.5499   0.05675  0.02165  0.02374  | -1.0512
iteration 3...
-1.39    0.1025   0.5499   0.05675  0.02165  0.02374  | -1.0512
-1.39    0.03186  0.5499   0.05675  0.02165  0.02374  | -1.0512
-1.39    0.03186  0.5603   0.05675  0.02165  0.02374  | -1.0512
-1.39    0.03186  0.5603   0.05762  0.02165  0.02374  | -1.0512
-1.39    0.03186  0.5603   0.05762  0.02165  0.02374  | -1.0512
-1.39    0.03186  0.5603   0.05762  0.02165  0.02374  | -1.0512
iteration 4...
-1.39    0.03186  0.5603   0.05762  0.02165  0.02374  | -1.0512
-1.39    0.01707  0.5603   0.05762  0.02165  0.02374  | -1.0512
-1.39    0.01707  0.5603   0.05762  0.02165  0.02374  | -1.0512
-1.39    0.01707  0.5603   0.05762  0.02165  0.02374  | -1.0512
-1.39    0.01707  0.5603   0.05762  0.02165  0.02374  | -1.0512
-1.39    0.01707  0.5603   0.05762  0.02165  0.02374  | -1.0512
Done    'Coregister: Estimate'
Done

CoReg Done in 31.342356 seconds

All done with coregistration.
>> >> 
No sandbox specified



Start   : Wed Nov 21 18:25:16 EST 2018
Finish  : Wed Nov 21 18:26:27 EST 2018


