
                            < M A T L A B (R) >
                  Copyright 1984-2015 The MathWorks, Inc.
                   R2015b (8.6.0.267246) 64-bit (glnxa64)
                              August 20, 2015

 
To get started, type one of these: helpwin, helpdesk, or demo.
For product information, visit www.mathworks.com.
 

	Academic License

>> >> >> >> Coregistation Script Created on 181122_05_14_35_055
>> >> >> >> >> >> [Warning: Name is nonexistent or not a directory:
/Users/rcwelsh/matlabScripts/WELLES/mfiles] 
[> In path (line 109)
  In addpath (line 86)] 
>> >> >> >> >> 
UMBatchJobName =

coregOverlay_181122_05_14_35_055_tehsheng_madcbrai

>> 
UMBatchProcessName =

coregOverlay

>> >> Initializing the job manager in SPM8

UMReSlice =

     0



Calling UMBatchCoReg with:
/nfs/fmri/Analysis/Sean_Working/Git_MADC/preprocess/../../Subjects_ABCDResting/madc1487_scan1/func//run_01/utprun_01.nii
/nfs/fmri/Analysis/Sean_Working/Subjects_ABCDResting/madc1487_scan1/func/coReg/t1mprage.nii
UMReSlice:0
Entering UMBatchCoReg V2.0 for SPM8
Coreging /nfs/fmri/Analysis/Sean_Working/Subjects_ABCDResting/madc1487_scan1/func/coReg/t1mprage.nii to
         /nfs/fmri/Analysis/Sean_Working/Git_MADC/preprocess/../../Subjects_ABCDResting/madc1487_scan1/func//run_01/utprun_01.nii


------------------------------------------------------------------------
Running job #1
------------------------------------------------------------------------
Running 'Coregister: Estimate'
iteration 1...
-2.617   0        0        0        0        0        | -1.0516
-2.617   2.069    0        0        0        0        | -1.0521
-2.617   2.069    0.7639   0        0        0        | -1.0521
-2.617   2.069    0.7639   -0.04699 0        0        | -1.0525
-2.617   2.069    0.7639   -0.04699 -0.02399 0        | -1.0526
-2.617   2.069    0.7639   -0.04699 -0.02399 -0.03236 | -1.0529
iteration 2...
-1.893   2.069    0.7639   -0.04699 -0.02399 -0.03236 | -1.0531
-1.893   1.974    0.7639   -0.04699 -0.02399 -0.03236 | -1.0531
-1.893   1.974    0.4072   -0.04699 -0.02399 -0.03236 | -1.0531
-1.893   1.974    0.4072   -0.04699 -0.02399 -0.03236 | -1.0531
-1.893   1.974    0.4072   -0.04699 -0.02551 -0.03236 | -1.0531
-1.893   1.974    0.4072   -0.04699 -0.02551 -0.03236 | -1.0531
iteration 3...
-1.893   1.974    0.4072   -0.04699 -0.02551 -0.03236 | -1.0531
-1.893   1.917    0.4072   -0.04699 -0.02551 -0.03236 | -1.0531
-1.893   1.917    0.4072   -0.04699 -0.02551 -0.03236 | -1.0531
-1.893   1.917    0.4072   -0.04682 -0.02551 -0.03236 | -1.0531
-1.893   1.917    0.4072   -0.04682 -0.02551 -0.03236 | -1.0531
-1.893   1.917    0.4072   -0.04682 -0.02551 -0.03236 | -1.0531
iteration 4...
-1.893   1.917    0.4072   -0.04682 -0.02551 -0.03236 | -1.0531
-1.893   1.917    0.4072   -0.04682 -0.02551 -0.03236 | -1.0531
-1.893   1.917    0.4072   -0.04682 -0.02551 -0.03236 | -1.0531
-1.893   1.917    0.4072   -0.04684 -0.02551 -0.03236 | -1.0531
-1.893   1.917    0.4072   -0.04684 -0.02551 -0.03236 | -1.0531
-1.893   1.917    0.4072   -0.04684 -0.02551 -0.03236 | -1.0531
iteration 1...
-2.015   1.917    0.4072   -0.04684 -0.02551 -0.03236 | -1.0529
-2.015   1.762    0.4072   -0.04684 -0.02551 -0.03236 | -1.0529
-2.015   1.762    0.4603   -0.04684 -0.02551 -0.03236 | -1.0529
-2.015   1.762    0.4603   -0.04922 -0.02551 -0.03236 | -1.0529
-2.015   1.762    0.4603   -0.04922 -0.02709 -0.03236 | -1.0529
-2.015   1.762    0.4603   -0.04922 -0.02709 -0.02382 | -1.053
iteration 2...
-2.018   1.762    0.4603   -0.04922 -0.02709 -0.02382 | -1.053
-2.018   1.796    0.4603   -0.04922 -0.02709 -0.02382 | -1.053
-2.018   1.796    0.4627   -0.04922 -0.02709 -0.02382 | -1.053
-2.018   1.796    0.4627   -0.04749 -0.02709 -0.02382 | -1.053
-2.018   1.796    0.4627   -0.04749 -0.02709 -0.02382 | -1.053
-2.018   1.796    0.4627   -0.04749 -0.02709 -0.02382 | -1.053
iteration 3...
-2.018   1.796    0.4627   -0.04749 -0.02709 -0.02382 | -1.053
-2.018   1.77     0.4627   -0.04749 -0.02709 -0.02382 | -1.053
-2.018   1.77     0.4627   -0.04749 -0.02709 -0.02382 | -1.053
-2.018   1.77     0.4627   -0.04749 -0.02709 -0.02382 | -1.053
-2.018   1.77     0.4627   -0.04749 -0.02709 -0.02382 | -1.053
-2.018   1.77     0.4627   -0.04749 -0.02709 -0.02382 | -1.053
iteration 4...
-2.018   1.77     0.4627   -0.04749 -0.02709 -0.02382 | -1.053
-2.018   1.77     0.4627   -0.04749 -0.02709 -0.02382 | -1.053
-2.018   1.77     0.4627   -0.04749 -0.02709 -0.02382 | -1.053
-2.018   1.77     0.4627   -0.04749 -0.02709 -0.02382 | -1.053
-2.018   1.77     0.4627   -0.04749 -0.02709 -0.02382 | -1.053
-2.018   1.77     0.4627   -0.04749 -0.02709 -0.02382 | -1.053
Done    'Coregister: Estimate'
Done

CoReg Done in 23.198312 seconds

All done with coregistration.
>> >> 
No sandbox specified



Start   : Thu Nov 22 05:14:36 EST 2018
Finish  : Thu Nov 22 05:15:30 EST 2018


