
                            < M A T L A B (R) >
                  Copyright 1984-2015 The MathWorks, Inc.
                   R2015b (8.6.0.267246) 64-bit (glnxa64)
                              August 20, 2015

 
To get started, type one of these: helpwin, helpdesk, or demo.
For product information, visit www.mathworks.com.
 

	Academic License

>> >> >> >> Coregistation Script Created on 181121_22_33_49_975
>> >> >> >> >> >> [Warning: Name is nonexistent or not a directory:
/Users/rcwelsh/matlabScripts/WELLES/mfiles] 
[> In path (line 109)
  In addpath (line 86)] 
>> >> >> >> >> 
UMBatchJobName =

coregOverlay_181121_22_33_49_975_tehsheng_madcbrai

>> 
UMBatchProcessName =

coregOverlay

>> >> Initializing the job manager in SPM8

UMReSlice =

     0



Calling UMBatchCoReg with:
/nfs/fmri/Analysis/Sean_Working/Git_MADC/preprocess/../../Subjects_ABCDResting/madc1444_scan1/func//run_01/utprun_01.nii
/nfs/fmri/Analysis/Sean_Working/Subjects_ABCDResting/madc1444_scan1/func/coReg/t1mprage.nii
UMReSlice:0
Entering UMBatchCoReg V2.0 for SPM8
Coreging /nfs/fmri/Analysis/Sean_Working/Subjects_ABCDResting/madc1444_scan1/func/coReg/t1mprage.nii to
         /nfs/fmri/Analysis/Sean_Working/Git_MADC/preprocess/../../Subjects_ABCDResting/madc1444_scan1/func//run_01/utprun_01.nii


------------------------------------------------------------------------
Running job #1
------------------------------------------------------------------------
Running 'Coregister: Estimate'
iteration 1...
-0.8423  0        0        0        0        0        | -1.0527
-0.8423  3.722    0        0        0        0        | -1.0551
-0.8423  3.722    0.9395   0        0        0        | -1.0553
-0.8423  3.722    0.9395   -0.006366 0        0        | -1.0553
-0.8423  3.722    0.9395   -0.006366 0        0        | -1.0553
-0.8423  3.722    0.9395   -0.006366 0        -0.001609 | -1.0553
iteration 2...
-0.7961  3.722    0.9395   -0.006366 0        -0.001609 | -1.0553
-0.7961  3.634    0.9395   -0.006366 0        -0.001609 | -1.0553
-0.7961  3.634    0.9536   -0.006366 0        -0.001609 | -1.0553
-0.7961  3.634    0.9536   -0.006366 0        -0.001609 | -1.0553
-0.7961  3.634    0.9536   -0.006366 -0.0004292 -0.001609 | -1.0553
-0.7961  3.634    0.9536   -0.006366 -0.0004292 -0.001659 | -1.0553
iteration 3...
-0.7285  3.634    0.9536   -0.006366 -0.0004292 -0.001659 | -1.0553
-0.7285  3.623    0.9536   -0.006366 -0.0004292 -0.001659 | -1.0553
-0.7285  3.623    0.9528   -0.006366 -0.0004292 -0.001659 | -1.0553
-0.7285  3.623    0.9528   -0.005765 -0.0004292 -0.001659 | -1.0553
-0.7285  3.623    0.9528   -0.005765 -0.0004292 -0.001659 | -1.0553
-0.7285  3.623    0.9528   -0.005765 -0.0004292 -0.002605 | -1.0553
iteration 4...
-0.7136  3.623    0.9528   -0.005765 -0.0004292 -0.002605 | -1.0553
-0.7136  3.608    0.9528   -0.005765 -0.0004292 -0.002605 | -1.0553
-0.7136  3.608    0.9396   -0.005765 -0.0004292 -0.002605 | -1.0553
-0.7136  3.608    0.9396   -0.005521 -0.0004292 -0.002605 | -1.0553
-0.7136  3.608    0.9396   -0.005521 -0.0004292 -0.002605 | -1.0553
-0.7136  3.608    0.9396   -0.005521 -0.0004292 -0.002702 | -1.0553
iteration 5...
-0.7136  3.608    0.9396   -0.005521 -0.0004292 -0.002702 | -1.0553
-0.7136  3.603    0.9396   -0.005521 -0.0004292 -0.002702 | -1.0553
-0.7136  3.603    0.9335   -0.005521 -0.0004292 -0.002702 | -1.0553
-0.7136  3.603    0.9335   -0.005521 -0.0004292 -0.002702 | -1.0553
-0.7136  3.603    0.9335   -0.005521 -0.0004292 -0.002702 | -1.0553
-0.7136  3.603    0.9335   -0.005521 -0.0004292 -0.002702 | -1.0553
iteration 1...
-0.8244  3.603    0.9335   -0.005521 -0.0004292 -0.002702 | -1.0553
-0.8244  3.627    0.9335   -0.005521 -0.0004292 -0.002702 | -1.0553
-0.8244  3.627    1.061    -0.005521 -0.0004292 -0.002702 | -1.0553
-0.8244  3.627    1.061    -0.009399 -0.0004292 -0.002702 | -1.0554
-0.8244  3.627    1.061    -0.009399 -0.002868 -0.002702 | -1.0554
-0.8244  3.627    1.061    -0.009399 -0.002868 -0.009305 | -1.0554
iteration 2...
-0.8244  3.627    1.061    -0.009399 -0.002868 -0.009305 | -1.0554
-0.8244  3.704    1.061    -0.009399 -0.002868 -0.009305 | -1.0554
-0.8244  3.704    1.012    -0.009399 -0.002868 -0.009305 | -1.0554
-0.8244  3.704    1.012    -0.009399 -0.002868 -0.009305 | -1.0554
-0.8244  3.704    1.012    -0.009399 -0.003763 -0.009305 | -1.0554
-0.8244  3.704    1.012    -0.009399 -0.003763 -0.009305 | -1.0554
iteration 3...
-0.7728  3.704    1.012    -0.009399 -0.003763 -0.009305 | -1.0554
-0.7728  3.709    1.012    -0.009399 -0.003763 -0.009305 | -1.0554
-0.7728  3.709    1.023    -0.009399 -0.003763 -0.009305 | -1.0554
-0.7728  3.709    1.023    -0.009399 -0.003763 -0.009305 | -1.0554
-0.7728  3.709    1.023    -0.009399 -0.00455 -0.009305 | -1.0554
-0.7728  3.709    1.023    -0.009399 -0.00455 -0.009071 | -1.0554
-0.7415  3.712    1.031    -0.009399 -0.005026 -0.00893 | -1.0554
iteration 4...
-0.7415  3.712    1.031    -0.009399 -0.005026 -0.00893 | -1.0554
-0.7415  3.709    1.031    -0.009399 -0.005026 -0.00893 | -1.0554
-0.7415  3.709    1.016    -0.009399 -0.005026 -0.00893 | -1.0554
-0.7415  3.709    1.016    -0.009399 -0.005026 -0.00893 | -1.0554
-0.7415  3.709    1.016    -0.009399 -0.005026 -0.00893 | -1.0554
-0.7415  3.709    1.016    -0.009399 -0.005026 -0.00893 | -1.0554
Done    'Coregister: Estimate'
Done

CoReg Done in 27.863817 seconds

All done with coregistration.
>> >> 
No sandbox specified



Start   : Wed Nov 21 22:33:52 EST 2018
Finish  : Wed Nov 21 22:35:01 EST 2018


