
                            < M A T L A B (R) >
                  Copyright 1984-2015 The MathWorks, Inc.
                   R2015b (8.6.0.267246) 64-bit (glnxa64)
                              August 20, 2015

 
To get started, type one of these: helpwin, helpdesk, or demo.
For product information, visit www.mathworks.com.
 

	Academic License

>> >> >> >> Coregistation Script Created on 181122_06_33_37_014
>> >> >> >> >> >> [Warning: Name is nonexistent or not a directory:
/Users/rcwelsh/matlabScripts/WELLES/mfiles] 
[> In path (line 109)
  In addpath (line 86)] 
>> >> >> >> >> 
UMBatchJobName =

coregOverlay_181122_06_33_37_014_tehsheng_madcbrai

>> 
UMBatchProcessName =

coregOverlay

>> >> Initializing the job manager in SPM8

UMReSlice =

     0



Calling UMBatchCoReg with:
/nfs/fmri/Analysis/Sean_Working/Git_MADC/preprocess/../../Subjects_ABCDResting/madc1501_scan1/func//run_01/utprun_01.nii
/nfs/fmri/Analysis/Sean_Working/Subjects_ABCDResting/madc1501_scan1/func/coReg/t1mprage.nii
UMReSlice:0
Entering UMBatchCoReg V2.0 for SPM8
Coreging /nfs/fmri/Analysis/Sean_Working/Subjects_ABCDResting/madc1501_scan1/func/coReg/t1mprage.nii to
         /nfs/fmri/Analysis/Sean_Working/Git_MADC/preprocess/../../Subjects_ABCDResting/madc1501_scan1/func//run_01/utprun_01.nii


------------------------------------------------------------------------
Running job #1
------------------------------------------------------------------------
Running 'Coregister: Estimate'
iteration 1...
-0.2369  0        0        0        0        0        | -1.0449
-0.2369  1.746    0        0        0        0        | -1.0454
-0.2369  1.746    -1.104   0        0        0        | -1.0455
-0.2369  1.746    -1.104   0.03024  0        0        | -1.0457
-0.2369  1.746    -1.104   0.03024  0.002491 0        | -1.0457
-0.2369  1.746    -1.104   0.03024  0.002491 0.0138   | -1.0459
iteration 2...
-0.3734  1.746    -1.104   0.03024  0.002491 0.0138   | -1.0459
-0.3734  1.929    -1.104   0.03024  0.002491 0.0138   | -1.0459
-0.3734  1.929    -0.9137  0.03024  0.002491 0.0138   | -1.0459
-0.3734  1.929    -0.9137  0.03095  0.002491 0.0138   | -1.0459
-0.3734  1.929    -0.9137  0.03095  0.006122 0.0138   | -1.0459
-0.3734  1.929    -0.9137  0.03095  0.006122 0.01662  | -1.0459
iteration 3...
-0.3734  1.929    -0.9137  0.03095  0.006122 0.01662  | -1.0459
-0.3734  1.927    -0.9137  0.03095  0.006122 0.01662  | -1.0459
-0.3734  1.927    -0.823   0.03095  0.006122 0.01662  | -1.0459
-0.3734  1.927    -0.823   0.03079  0.006122 0.01662  | -1.0459
-0.3734  1.927    -0.823   0.03079  0.006122 0.01662  | -1.0459
-0.3734  1.927    -0.823   0.03079  0.006122 0.01662  | -1.0459
iteration 4...
-0.3734  1.927    -0.823   0.03079  0.006122 0.01662  | -1.0459
-0.3734  1.859    -0.823   0.03079  0.006122 0.01662  | -1.0459
-0.3734  1.859    -0.823   0.03079  0.006122 0.01662  | -1.0459
-0.3734  1.859    -0.823   0.03073  0.006122 0.01662  | -1.0459
-0.3734  1.859    -0.823   0.03073  0.006122 0.01662  | -1.0459
-0.3734  1.859    -0.823   0.03073  0.006122 0.01662  | -1.0459
iteration 5...
-0.3734  1.859    -0.823   0.03073  0.006122 0.01662  | -1.0459
-0.3734  1.859    -0.823   0.03073  0.006122 0.01662  | -1.0459
-0.3734  1.859    -0.823   0.03073  0.006122 0.01662  | -1.0459
-0.3734  1.859    -0.823   0.0307   0.006122 0.01662  | -1.0459
-0.3734  1.859    -0.823   0.0307   0.006122 0.01662  | -1.0459
-0.3734  1.859    -0.823   0.0307   0.006122 0.01662  | -1.0459
iteration 1...
-0.2439  1.859    -0.823   0.0307   0.006122 0.01662  | -1.0458
-0.2439  2.121    -0.823   0.0307   0.006122 0.01662  | -1.0459
-0.2439  2.121    -0.7414  0.0307   0.006122 0.01662  | -1.0459
-0.2439  2.121    -0.7414  0.02054  0.006122 0.01662  | -1.0459
-0.2439  2.121    -0.7414  0.02054  0.01327  0.01662  | -1.0459
-0.2439  2.121    -0.7414  0.02054  0.01327  0.01662  | -1.0459
iteration 2...
-0.2439  2.121    -0.7414  0.02054  0.01327  0.01662  | -1.0459
-0.2439  2.087    -0.7414  0.02054  0.01327  0.01662  | -1.0459
-0.2439  2.087    -0.8351  0.02054  0.01327  0.01662  | -1.0459
-0.2439  2.087    -0.8351  0.01939  0.01327  0.01662  | -1.0459
-0.2439  2.087    -0.8351  0.01939  0.01327  0.01662  | -1.0459
-0.2439  2.087    -0.8351  0.01939  0.01327  0.01662  | -1.0459
iteration 3...
-0.2509  2.087    -0.8351  0.01939  0.01327  0.01662  | -1.0459
-0.2509  2.102    -0.8351  0.01939  0.01327  0.01662  | -1.0459
-0.2509  2.102    -0.8351  0.01939  0.01327  0.01662  | -1.0459
-0.2509  2.102    -0.8351  0.01939  0.01327  0.01662  | -1.0459
-0.2509  2.102    -0.8351  0.01939  0.01327  0.01662  | -1.0459
-0.2509  2.102    -0.8351  0.01939  0.01327  0.01662  | -1.0459
Done    'Coregister: Estimate'
Done

CoReg Done in 21.370857 seconds

All done with coregistration.
>> >> 
No sandbox specified



Start   : Thu Nov 22 06:33:38 EST 2018
Finish  : Thu Nov 22 06:34:32 EST 2018


