
                            < M A T L A B (R) >
                  Copyright 1984-2015 The MathWorks, Inc.
                   R2015b (8.6.0.267246) 64-bit (glnxa64)
                              August 20, 2015

 
To get started, type one of these: helpwin, helpdesk, or demo.
For product information, visit www.mathworks.com.
 

	Academic License

>> >> >> >> Coregistation Script Created on 181122_03_37_04_944
>> >> >> >> >> >> [Warning: Name is nonexistent or not a directory:
/Users/rcwelsh/matlabScripts/WELLES/mfiles] 
[> In path (line 109)
  In addpath (line 86)] 
>> >> >> >> >> 
UMBatchJobName =

coregOverlay_181122_03_37_04_944_tehsheng_madcbrai

>> 
UMBatchProcessName =

coregOverlay

>> >> Initializing the job manager in SPM8

UMReSlice =

     0



Calling UMBatchCoReg with:
/nfs/fmri/Analysis/Sean_Working/Git_MADC/preprocess/../../Subjects_ABCDResting/madc1473_scan1/func//run_01/utprun_01.nii
/nfs/fmri/Analysis/Sean_Working/Subjects_ABCDResting/madc1473_scan1/func/coReg/t1mprage.nii
UMReSlice:0
Entering UMBatchCoReg V2.0 for SPM8
Coreging /nfs/fmri/Analysis/Sean_Working/Subjects_ABCDResting/madc1473_scan1/func/coReg/t1mprage.nii to
         /nfs/fmri/Analysis/Sean_Working/Git_MADC/preprocess/../../Subjects_ABCDResting/madc1473_scan1/func//run_01/utprun_01.nii


------------------------------------------------------------------------
Running job #1
------------------------------------------------------------------------
Running 'Coregister: Estimate'
iteration 1...
-1.127   0        0        0        0        0        | -1.0494
-1.127   1.597    0        0        0        0        | -1.0501
-1.127   1.597    -0.9441  0        0        0        | -1.0502
-1.127   1.597    -0.9441  -0.03322 0        0        | -1.0506
-1.127   1.597    -0.9441  -0.03322 0.0006131 0        | -1.0506
-1.127   1.597    -0.9441  -0.03322 0.0006131 -0.00272 | -1.0506
iteration 2...
-1.093   1.597    -0.9441  -0.03322 0.0006131 -0.00272 | -1.0506
-1.093   2.247    -0.9441  -0.03322 0.0006131 -0.00272 | -1.0507
-1.093   2.247    -1.449   -0.03322 0.0006131 -0.00272 | -1.0507
-1.093   2.247    -1.449   -0.03322 0.0006131 -0.00272 | -1.0507
-1.093   2.247    -1.449   -0.03322 -0.002735 -0.00272 | -1.0507
-1.093   2.247    -1.449   -0.03322 -0.002735 -0.004841 | -1.0507
iteration 3...
-1.069   2.247    -1.449   -0.03322 -0.002735 -0.004841 | -1.0507
-1.069   2.677    -1.449   -0.03322 -0.002735 -0.004841 | -1.0508
-1.069   2.677    -1.522   -0.03322 -0.002735 -0.004841 | -1.0508
-1.069   2.677    -1.522   -0.03456 -0.002735 -0.004841 | -1.0508
-1.069   2.677    -1.522   -0.03456 -0.004175 -0.004841 | -1.0508
-1.069   2.677    -1.522   -0.03456 -0.004175 -0.002146 | -1.0508
iteration 4...
-1.128   2.677    -1.522   -0.03456 -0.004175 -0.002146 | -1.0508
-1.128   2.71     -1.522   -0.03456 -0.004175 -0.002146 | -1.0508
-1.128   2.71     -1.502   -0.03456 -0.004175 -0.002146 | -1.0508
-1.128   2.71     -1.502   -0.03473 -0.004175 -0.002146 | -1.0508
-1.128   2.71     -1.502   -0.03473 -0.003132 -0.002146 | -1.0508
-1.128   2.71     -1.502   -0.03473 -0.003132 -0.002267 | -1.0508
-1.163   2.729    -1.491   -0.03482 -0.002524 -0.002338 | -1.0508
iteration 5...
-1.171   2.733    -1.488   -0.03485 -0.002385 -0.002354 | -1.0508
-1.171   2.729    -1.488   -0.03485 -0.002385 -0.002354 | -1.0508
-1.171   2.729    -1.513   -0.03485 -0.002385 -0.002354 | -1.0508
-1.171   2.729    -1.513   -0.03458 -0.002385 -0.002354 | -1.0508
-1.171   2.729    -1.513   -0.03458 -0.002385 -0.002354 | -1.0508
-1.171   2.729    -1.513   -0.03458 -0.002385 -0.002354 | -1.0508
iteration 6...
-1.171   2.729    -1.513   -0.03458 -0.002385 -0.002354 | -1.0508
-1.171   2.729    -1.513   -0.03458 -0.002385 -0.002354 | -1.0508
-1.171   2.729    -1.504   -0.03458 -0.002385 -0.002354 | -1.0508
-1.171   2.729    -1.504   -0.03458 -0.002385 -0.002354 | -1.0508
-1.171   2.729    -1.504   -0.03458 -0.002385 -0.002354 | -1.0508
-1.171   2.729    -1.504   -0.03458 -0.002385 -0.002354 | -1.0508
iteration 1...
-0.9316  2.729    -1.504   -0.03458 -0.002385 -0.002354 | -1.0505
-0.9316  2.223    -1.504   -0.03458 -0.002385 -0.002354 | -1.0505
-0.9316  2.223    -1.444   -0.03458 -0.002385 -0.002354 | -1.0506
-0.9316  2.223    -1.444   -0.03581 -0.002385 -0.002354 | -1.0506
-0.9316  2.223    -1.444   -0.03581 -0.011   -0.002354 | -1.0506
-0.9316  2.223    -1.444   -0.03581 -0.011   0.0004634 | -1.0506
iteration 2...
-0.8859  2.223    -1.444   -0.03581 -0.011   0.0004634 | -1.0506
-0.8859  2.277    -1.444   -0.03581 -0.011   0.0004634 | -1.0506
-0.8859  2.277    -1.473   -0.03581 -0.011   0.0004634 | -1.0506
-0.8859  2.277    -1.473   -0.03587 -0.011   0.0004634 | -1.0506
-0.8859  2.277    -1.473   -0.03587 -0.01205 0.0004634 | -1.0506
-0.8859  2.277    -1.473   -0.03587 -0.01205 0.0004634 | -1.0506
iteration 3...
-0.8869  2.277    -1.473   -0.03587 -0.01205 0.0004634 | -1.0506
-0.8869  2.277    -1.473   -0.03587 -0.01205 0.0004634 | -1.0506
-0.8869  2.277    -1.469   -0.03587 -0.01205 0.0004634 | -1.0506
-0.8869  2.277    -1.469   -0.03587 -0.01205 0.0004634 | -1.0506
-0.8869  2.277    -1.469   -0.03587 -0.01205 0.0004634 | -1.0506
-0.8869  2.277    -1.469   -0.03587 -0.01205 0.0004634 | -1.0506
Done    'Coregister: Estimate'
Done

CoReg Done in 22.874253 seconds

All done with coregistration.
>> >> 
No sandbox specified



Start   : Thu Nov 22 03:37:06 EST 2018
Finish  : Thu Nov 22 03:38:00 EST 2018


