
                            < M A T L A B (R) >
                  Copyright 1984-2015 The MathWorks, Inc.
                   R2015b (8.6.0.267246) 64-bit (glnxa64)
                              August 20, 2015

 
To get started, type one of these: helpwin, helpdesk, or demo.
For product information, visit www.mathworks.com.
 

	Academic License

>> >> >> >> Coregistation Script Created on 181121_13_12_33_067
>> >> >> >> >> >> [Warning: Name is nonexistent or not a directory:
/Users/rcwelsh/matlabScripts/WELLES/mfiles] 
[> In path (line 109)
  In addpath (line 86)] 
>> >> >> >> >> 
UMBatchJobName =

coregOverlay_181121_13_12_33_067_tehsheng_madcbrai

>> 
UMBatchProcessName =

coregOverlay

>> >> Initializing the job manager in SPM8

UMReSlice =

     0



Calling UMBatchCoReg with:
/nfs/fmri/Analysis/Sean_Working/Git_MADC/preprocess/../../Subjects_ABCDResting/madc1409_scan1/func//run_01/utprun_01.nii
/nfs/fmri/Analysis/Sean_Working/Subjects_ABCDResting/madc1409_scan1/func/coReg/t1mprage.nii
UMReSlice:0
Entering UMBatchCoReg V2.0 for SPM8
Coreging /nfs/fmri/Analysis/Sean_Working/Subjects_ABCDResting/madc1409_scan1/func/coReg/t1mprage.nii to
         /nfs/fmri/Analysis/Sean_Working/Git_MADC/preprocess/../../Subjects_ABCDResting/madc1409_scan1/func//run_01/utprun_01.nii


------------------------------------------------------------------------
Running job #1
------------------------------------------------------------------------
Running 'Coregister: Estimate'
iteration 1...
-1.023   0        0        0        0        0        | -1.0517
-1.023   1.976    0        0        0        0        | -1.052
-1.023   1.976    -7.066   0        0        0        | -1.0522
-1.023   1.976    -7.066   0.05236  0        0        | -1.0524
-1.023   1.976    -7.066   0.05236  0        0        | -1.0524
-1.023   1.976    -7.066   0.05236  0        0.008385 | -1.0524
iteration 2...
-0.7531  1.976    -7.066   0.05236  0        0.008385 | -1.0524
-0.7531  1.64     -7.066   0.05236  0        0.008385 | -1.0524
-0.7531  1.64     -7.024   0.05236  0        0.008385 | -1.0524
-0.7531  1.64     -7.024   0.06952  0        0.008385 | -1.0524
-0.7531  1.64     -7.024   0.06952  -0.01181 0.008385 | -1.0525
-0.7531  1.64     -7.024   0.06952  -0.01181 0.008385 | -1.0525
iteration 3...
-0.7531  1.64     -7.024   0.06952  -0.01181 0.008385 | -1.0525
-0.7531  1.785    -7.024   0.06952  -0.01181 0.008385 | -1.0525
-0.7531  1.785    -7.147   0.06952  -0.01181 0.008385 | -1.0525
-0.7531  1.785    -7.147   0.07142  -0.01181 0.008385 | -1.0525
-0.7531  1.785    -7.147   0.07142  -0.01181 0.008385 | -1.0525
-0.7531  1.785    -7.147   0.07142  -0.01181 0.008288 | -1.0525
iteration 4...
-0.7531  1.785    -7.147   0.07142  -0.01181 0.008288 | -1.0525
-0.7531  1.781    -7.147   0.07142  -0.01181 0.008288 | -1.0525
-0.7531  1.781    -7.147   0.07142  -0.01181 0.008288 | -1.0525
-0.7531  1.781    -7.147   0.07142  -0.01181 0.008288 | -1.0525
-0.7531  1.781    -7.147   0.07142  -0.01181 0.008288 | -1.0525
-0.7531  1.781    -7.147   0.07142  -0.01181 0.008288 | -1.0525
iteration 1...
-1.005   1.781    -7.147   0.07142  -0.01181 0.008288 | -1.0521
-1.005   1.509    -7.147   0.07142  -0.01181 0.008288 | -1.0521
-1.005   1.509    -7.168   0.07142  -0.01181 0.008288 | -1.0521
-1.005   1.509    -7.168   0.07599  -0.01181 0.008288 | -1.0521
-1.005   1.509    -7.168   0.07599  0.01513  0.008288 | -1.0522
-1.005   1.509    -7.168   0.07599  0.01513  0.01196  | -1.0522
iteration 2...
-1.243   1.509    -7.168   0.07599  0.01513  0.01196  | -1.0522
-1.243   1.531    -7.168   0.07599  0.01513  0.01196  | -1.0522
-1.243   1.531    -6.832   0.07599  0.01513  0.01196  | -1.0522
-1.243   1.531    -6.832   0.1054   0.01513  0.01196  | -1.0522
-1.243   1.531    -6.832   0.1054   0.01764  0.01196  | -1.0522
-1.243   1.531    -6.832   0.1054   0.01764  0.009423 | -1.0522
iteration 3...
-1.218   1.531    -6.832   0.1054   0.01764  0.009423 | -1.0522
-1.218   1.286    -6.832   0.1054   0.01764  0.009423 | -1.0522
-1.218   1.286    -6.564   0.1054   0.01764  0.009423 | -1.0522
-1.218   1.286    -6.564   0.1095   0.01764  0.009423 | -1.0522
-1.218   1.286    -6.564   0.1095   0.01764  0.009423 | -1.0522
-1.218   1.286    -6.564   0.1095   0.01764  0.009607 | -1.0522
iteration 4...
-1.218   1.286    -6.564   0.1095   0.01764  0.009607 | -1.0522
-1.218   1.196    -6.564   0.1095   0.01764  0.009607 | -1.0522
-1.218   1.196    -6.564   0.1095   0.01764  0.009607 | -1.0522
-1.218   1.196    -6.564   0.1099   0.01764  0.009607 | -1.0522
-1.218   1.196    -6.564   0.1099   0.01764  0.009607 | -1.0522
-1.218   1.196    -6.564   0.1099   0.01764  0.01097  | -1.0522
iteration 5...
-1.191   1.196    -6.564   0.1099   0.01764  0.01097  | -1.0522
-1.191   1.193    -6.564   0.1099   0.01764  0.01097  | -1.0522
-1.191   1.193    -6.525   0.1099   0.01764  0.01097  | -1.0522
-1.191   1.193    -6.525   0.1099   0.01764  0.01097  | -1.0522
-1.191   1.193    -6.525   0.1099   0.01696  0.01097  | -1.0522
-1.191   1.193    -6.525   0.1099   0.01696  0.01097  | -1.0522
iteration 6...
-1.191   1.193    -6.525   0.1099   0.01696  0.01097  | -1.0522
-1.191   1.184    -6.525   0.1099   0.01696  0.01097  | -1.0522
-1.191   1.184    -6.524   0.1099   0.01696  0.01097  | -1.0522
-1.191   1.184    -6.524   0.1099   0.01696  0.01097  | -1.0522
-1.191   1.184    -6.524   0.1099   0.01696  0.01097  | -1.0522
-1.191   1.184    -6.524   0.1099   0.01696  0.01097  | -1.0522
Done    'Coregister: Estimate'
Done

CoReg Done in 40.409497 seconds

All done with coregistration.
>> >> 
No sandbox specified



Start   : Wed Nov 21 13:12:35 EST 2018
Finish  : Wed Nov 21 13:13:53 EST 2018


