
                            < M A T L A B (R) >
                  Copyright 1984-2015 The MathWorks, Inc.
                   R2015b (8.6.0.267246) 64-bit (glnxa64)
                              August 20, 2015

 
To get started, type one of these: helpwin, helpdesk, or demo.
For product information, visit www.mathworks.com.
 

	Academic License

>> >> >> >> Coregistation Script Created on 181121_20_08_51_866
>> >> >> >> >> >> [Warning: Name is nonexistent or not a directory:
/Users/rcwelsh/matlabScripts/WELLES/mfiles] 
[> In path (line 109)
  In addpath (line 86)] 
>> >> >> >> >> 
UMBatchJobName =

coregOverlay_181121_20_08_51_866_tehsheng_madcbrai

>> 
UMBatchProcessName =

coregOverlay

>> >> Initializing the job manager in SPM8

UMReSlice =

     0



Calling UMBatchCoReg with:
/nfs/fmri/Analysis/Sean_Working/Git_MADC/preprocess/../../Subjects_ABCDResting/madc1263_scan1/func//run_01/utprun_01.nii
/nfs/fmri/Analysis/Sean_Working/Subjects_ABCDResting/madc1263_scan1/func/coReg/t1mprage.nii
UMReSlice:0
Entering UMBatchCoReg V2.0 for SPM8
Coreging /nfs/fmri/Analysis/Sean_Working/Subjects_ABCDResting/madc1263_scan1/func/coReg/t1mprage.nii to
         /nfs/fmri/Analysis/Sean_Working/Git_MADC/preprocess/../../Subjects_ABCDResting/madc1263_scan1/func//run_01/utprun_01.nii


------------------------------------------------------------------------
Running job #1
------------------------------------------------------------------------
Running 'Coregister: Estimate'
iteration 1...
-1.104   0        0        0        0        0        | -1.0504
-1.104   1.824    0        0        0        0        | -1.0508
-1.104   1.824    -0.6036  0        0        0        | -1.0509
-1.104   1.824    -0.6036  -0.01248 0        0        | -1.0509
-1.104   1.824    -0.6036  -0.01248 -0.005331 0        | -1.051
-1.104   1.824    -0.6036  -0.01248 -0.005331 0.001512 | -1.051
iteration 2...
-1.087   1.824    -0.6036  -0.01248 -0.005331 0.001512 | -1.051
-1.087   1.975    -0.6036  -0.01248 -0.005331 0.001512 | -1.051
-1.087   1.975    -0.2036  -0.01248 -0.005331 0.001512 | -1.051
-1.087   1.975    -0.2036  -0.01248 -0.005331 0.001512 | -1.051
-1.087   1.975    -0.2036  -0.01248 -0.006113 0.001512 | -1.051
-1.087   1.975    -0.2036  -0.01248 -0.006113 0.001512 | -1.051
iteration 3...
-1.063   1.975    -0.2036  -0.01248 -0.006113 0.001512 | -1.051
-1.063   1.975    -0.2036  -0.01248 -0.006113 0.001512 | -1.051
-1.063   1.975    -0.1992  -0.01248 -0.006113 0.001512 | -1.051
-1.063   1.975    -0.1992  -0.01248 -0.006113 0.001512 | -1.051
-1.063   1.975    -0.1992  -0.01248 -0.006113 0.001512 | -1.051
-1.063   1.975    -0.1992  -0.01248 -0.006113 0.001512 | -1.051
iteration 4...
-1.063   1.975    -0.1992  -0.01248 -0.006113 0.001512 | -1.051
-1.063   1.975    -0.1992  -0.01248 -0.006113 0.001512 | -1.051
-1.063   1.975    -0.1992  -0.01248 -0.006113 0.001512 | -1.051
-1.063   1.975    -0.1992  -0.01248 -0.006113 0.001512 | -1.051
-1.063   1.975    -0.1992  -0.01248 -0.006113 0.001512 | -1.051
-1.063   1.975    -0.1992  -0.01248 -0.006113 0.001512 | -1.051
iteration 1...
-1.215   1.975    -0.1992  -0.01248 -0.006113 0.001512 | -1.0509
-1.215   1.844    -0.1992  -0.01248 -0.006113 0.001512 | -1.0509
-1.215   1.844    -0.9019  -0.01248 -0.006113 0.001512 | -1.0509
-1.215   1.844    -0.9019  -0.01248 -0.006113 0.001512 | -1.0509
-1.215   1.844    -0.9019  -0.01248 -0.002775 0.001512 | -1.0509
-1.215   1.844    -0.9019  -0.01248 -0.002775 0.001512 | -1.0509
iteration 2...
-1.279   1.844    -0.9019  -0.01248 -0.002775 0.001512 | -1.0509
-1.279   1.916    -0.9019  -0.01248 -0.002775 0.001512 | -1.0509
-1.279   1.916    -0.9019  -0.01248 -0.002775 0.001512 | -1.0509
-1.279   1.916    -0.9019  -0.01289 -0.002775 0.001512 | -1.0509
-1.279   1.916    -0.9019  -0.01289 -0.002775 0.001512 | -1.0509
-1.279   1.916    -0.9019  -0.01289 -0.002775 0.001512 | -1.0509
iteration 3...
-1.273   1.916    -0.9019  -0.01289 -0.002775 0.001512 | -1.0509
-1.273   1.94     -0.9019  -0.01289 -0.002775 0.001512 | -1.0509
-1.273   1.94     -0.9212  -0.01289 -0.002775 0.001512 | -1.0509
-1.273   1.94     -0.9212  -0.01322 -0.002775 0.001512 | -1.0509
-1.273   1.94     -0.9212  -0.01322 -0.002775 0.001512 | -1.0509
-1.273   1.94     -0.9212  -0.01322 -0.002775 0.001512 | -1.0509
iteration 4...
-1.273   1.94     -0.9212  -0.01322 -0.002775 0.001512 | -1.0509
-1.273   1.953    -0.9212  -0.01322 -0.002775 0.001512 | -1.0509
-1.273   1.953    -0.9249  -0.01322 -0.002775 0.001512 | -1.0509
-1.273   1.953    -0.9249  -0.01343 -0.002775 0.001512 | -1.0509
-1.273   1.953    -0.9249  -0.01343 -0.002775 0.001512 | -1.0509
-1.273   1.953    -0.9249  -0.01343 -0.002775 0.001512 | -1.0509
Done    'Coregister: Estimate'
Done

CoReg Done in 27.525612 seconds

All done with coregistration.
>> >> 
No sandbox specified



Start   : Wed Nov 21 20:08:54 EST 2018
Finish  : Wed Nov 21 20:10:02 EST 2018


