
                            < M A T L A B (R) >
                  Copyright 1984-2015 The MathWorks, Inc.
                   R2015b (8.6.0.267246) 64-bit (glnxa64)
                              August 20, 2015

 
To get started, type one of these: helpwin, helpdesk, or demo.
For product information, visit www.mathworks.com.
 

	Academic License

>> >> >> >> Coregistation Script Created on 181122_00_33_28_246
>> >> >> >> >> >> [Warning: Name is nonexistent or not a directory:
/Users/rcwelsh/matlabScripts/WELLES/mfiles] 
[> In path (line 109)
  In addpath (line 86)] 
>> >> >> >> >> 
UMBatchJobName =

coregOverlay_181122_00_33_28_246_tehsheng_madcbrai

>> 
UMBatchProcessName =

coregOverlay

>> >> Initializing the job manager in SPM8

UMReSlice =

     0



Calling UMBatchCoReg with:
/nfs/fmri/Analysis/Sean_Working/Git_MADC/preprocess/../../Subjects_ABCDResting/madc1404_scan1/func//run_01/utprun_01.nii
/nfs/fmri/Analysis/Sean_Working/Subjects_ABCDResting/madc1404_scan1/func/coReg/t1mprage.nii
UMReSlice:0
Entering UMBatchCoReg V2.0 for SPM8
Coreging /nfs/fmri/Analysis/Sean_Working/Subjects_ABCDResting/madc1404_scan1/func/coReg/t1mprage.nii to
         /nfs/fmri/Analysis/Sean_Working/Git_MADC/preprocess/../../Subjects_ABCDResting/madc1404_scan1/func//run_01/utprun_01.nii


------------------------------------------------------------------------
Running job #1
------------------------------------------------------------------------
Running 'Coregister: Estimate'
iteration 1...
-0.9087  0        0        0        0        0        | -1.0507
-0.9087  0.7256   0        0        0        0        | -1.0508
-0.9087  0.7256   3.192    0        0        0        | -1.0512
-0.9087  0.7256   3.192    -0.00635 0        0        | -1.0512
-0.9087  0.7256   3.192    -0.00635 -0.005486 0        | -1.0513
-0.9087  0.7256   3.192    -0.00635 -0.005486 0.03105  | -1.0513
iteration 2...
-0.7887  0.7256   3.192    -0.00635 -0.005486 0.03105  | -1.0513
-0.7887  0.7256   3.192    -0.00635 -0.005486 0.03105  | -1.0513
-0.7887  0.7256   2.316    -0.00635 -0.005486 0.03105  | -1.0513
-0.7887  0.7256   2.316    -0.00635 -0.005486 0.03105  | -1.0513
-0.7887  0.7256   2.316    -0.00635 -0.009391 0.03105  | -1.0513
-0.7887  0.7256   2.316    -0.00635 -0.009391 0.03272  | -1.0513
iteration 3...
-0.8807  0.7256   2.316    -0.00635 -0.009391 0.03272  | -1.0513
-0.8807  0.609    2.316    -0.00635 -0.009391 0.03272  | -1.0514
-0.8807  0.609    2.33     -0.00635 -0.009391 0.03272  | -1.0514
-0.8807  0.609    2.33     -0.007362 -0.009391 0.03272  | -1.0514
-0.8807  0.609    2.33     -0.007362 -0.01061 0.03272  | -1.0514
-0.8807  0.609    2.33     -0.007362 -0.01061 0.03894  | -1.0514
iteration 4...
-1.034   0.609    2.33     -0.007362 -0.01061 0.03894  | -1.0514
-1.034   0.6288   2.33     -0.007362 -0.01061 0.03894  | -1.0514
-1.034   0.6288   2.34     -0.007362 -0.01061 0.03894  | -1.0514
-1.034   0.6288   2.34     -0.006976 -0.01061 0.03894  | -1.0514
-1.034   0.6288   2.34     -0.006976 -0.01225 0.03894  | -1.0514
-1.034   0.6288   2.34     -0.006976 -0.01225 0.0381   | -1.0514
-1.292   0.6623   2.357    -0.006325 -0.015   0.03668  | -1.0514
iteration 5...
-1.292   0.6623   2.357    -0.006325 -0.015   0.03668  | -1.0514
-1.292   0.6623   2.357    -0.006325 -0.015   0.03668  | -1.0514
-1.292   0.6623   2.511    -0.006325 -0.015   0.03668  | -1.0514
-1.292   0.6623   2.511    -0.006325 -0.015   0.03668  | -1.0514
-1.292   0.6623   2.511    -0.006325 -0.01768 0.03668  | -1.0514
-1.292   0.6623   2.511    -0.006325 -0.01768 0.03668  | -1.0514
iteration 6...
-1.384   0.6742   2.517    -0.006093 -0.01866 0.03617  | -1.0514
-1.384   0.6332   2.517    -0.006093 -0.01866 0.03617  | -1.0514
-1.384   0.6332   2.486    -0.006093 -0.01866 0.03617  | -1.0514
-1.384   0.6332   2.486    -0.006085 -0.01866 0.03617  | -1.0514
-1.384   0.6332   2.486    -0.006085 -0.01898 0.03617  | -1.0514
-1.384   0.6332   2.486    -0.006085 -0.01898 0.03617  | -1.0514
iteration 7...
-1.389   0.6338   2.486    -0.006072 -0.01904 0.03614  | -1.0514
-1.389   0.6338   2.486    -0.006072 -0.01904 0.03614  | -1.0514
-1.389   0.6338   2.486    -0.006072 -0.01904 0.03614  | -1.0514
-1.389   0.6338   2.486    -0.006072 -0.01904 0.03614  | -1.0514
-1.389   0.6338   2.486    -0.006072 -0.01904 0.03614  | -1.0514
-1.389   0.6338   2.486    -0.006072 -0.01904 0.03614  | -1.0514
iteration 1...
-1.774   0.6338   2.486    -0.006072 -0.01904 0.03614  | -1.0515
-1.774   1.245    2.486    -0.006072 -0.01904 0.03614  | -1.0515
-1.774   1.245    2.676    -0.006072 -0.01904 0.03614  | -1.0515
-1.774   1.245    2.676    -0.007101 -0.01904 0.03614  | -1.0515
-1.774   1.245    2.676    -0.007101 -0.01255 0.03614  | -1.0516
-1.774   1.245    2.676    -0.007101 -0.01255 0.04131  | -1.0516
iteration 2...
-1.514   1.245    2.676    -0.007101 -0.01255 0.04131  | -1.0516
-1.514   1.209    2.676    -0.007101 -0.01255 0.04131  | -1.0516
-1.514   1.209    2.535    -0.007101 -0.01255 0.04131  | -1.0516
-1.514   1.209    2.535    -0.007101 -0.01255 0.04131  | -1.0516
-1.514   1.209    2.535    -0.007101 -0.007852 0.04131  | -1.0516
-1.514   1.209    2.535    -0.007101 -0.007852 0.04131  | -1.0516
-1.157   1.158    2.341    -0.007101 -0.001372 0.04131  | -1.0516
iteration 3...
-1.062   1.158    2.341    -0.007101 -0.001372 0.04131  | -1.0516
-1.062   1.176    2.341    -0.007101 -0.001372 0.04131  | -1.0516
-1.062   1.176    2.511    -0.007101 -0.001372 0.04131  | -1.0516
-1.062   1.176    2.511    -0.009538 -0.001372 0.04131  | -1.0516
-0.9781  1.164    2.465    -0.009538 0.0001409 0.04131  | -1.0516
-0.9781  1.164    2.465    -0.009538 0.0001409 0.04131  | -1.0516
iteration 4...
-1.013   1.164    2.465    -0.009538 0.0001409 0.04131  | -1.0516
-1.013   1.105    2.465    -0.009538 0.0001409 0.04131  | -1.0516
-1.013   1.105    2.476    -0.009538 0.0001409 0.04131  | -1.0516
-1.013   1.105    2.476    -0.01024 0.0001409 0.04131  | -1.0516
-0.9755  1.1      2.456    -0.01024 0.000818 0.04131  | -1.0516
-0.9755  1.1      2.456    -0.01024 0.000818 0.04592  | -1.0516
iteration 5...
-0.9792  1.1      2.456    -0.01024 0.000818 0.04592  | -1.0516
-0.9792  1.132    2.456    -0.01024 0.000818 0.04592  | -1.0516
-0.9792  1.132    2.453    -0.01024 0.000818 0.04592  | -1.0516
-0.9792  1.132    2.453    -0.01112 0.000818 0.04592  | -1.0516
-0.9279  1.125    2.425    -0.01112 0.001747 0.04592  | -1.0516
-0.9279  1.125    2.425    -0.01112 0.001747 0.04625  | -1.0516
iteration 6...
-0.9279  1.125    2.425    -0.01112 0.001747 0.04625  | -1.0516
-0.9279  1.132    2.425    -0.01112 0.001747 0.04625  | -1.0516
-0.9279  1.132    2.451    -0.01112 0.001747 0.04625  | -1.0516
-0.9279  1.132    2.451    -0.01112 0.001747 0.04625  | -1.0516
-0.9279  1.132    2.451    -0.01112 0.001747 0.04625  | -1.0516
-0.9279  1.132    2.451    -0.01112 0.001747 0.04629  | -1.0516
iteration 7...
-0.9279  1.132    2.451    -0.01112 0.001747 0.04629  | -1.0516
-0.9279  1.132    2.451    -0.01112 0.001747 0.04629  | -1.0516
-0.9279  1.132    2.448    -0.01112 0.001747 0.04629  | -1.0516
-0.9279  1.132    2.448    -0.01112 0.001747 0.04629  | -1.0516
-0.9213  1.131    2.445    -0.01112 0.001867 0.04629  | -1.0516
-0.9213  1.131    2.445    -0.01112 0.001867 0.04629  | -1.0516
Done    'Coregister: Estimate'
Done

CoReg Done in 41.043188 seconds

All done with coregistration.
>> >> 
No sandbox specified



Start   : Thu Nov 22 00:33:30 EST 2018
Finish  : Thu Nov 22 00:34:52 EST 2018


