
                            < M A T L A B (R) >
                  Copyright 1984-2015 The MathWorks, Inc.
                   R2015b (8.6.0.267246) 64-bit (glnxa64)
                              August 20, 2015

 
To get started, type one of these: helpwin, helpdesk, or demo.
For product information, visit www.mathworks.com.
 

	Academic License

>> >> >> >> Coregistation Script Created on 181122_00_10_29_048
>> >> >> >> >> >> [Warning: Name is nonexistent or not a directory:
/Users/rcwelsh/matlabScripts/WELLES/mfiles] 
[> In path (line 109)
  In addpath (line 86)] 
>> >> >> >> >> 
UMBatchJobName =

coregOverlay_181122_00_10_29_048_tehsheng_madcbrai

>> 
UMBatchProcessName =

coregOverlay

>> >> Initializing the job manager in SPM8

UMReSlice =

     0



Calling UMBatchCoReg with:
/nfs/fmri/Analysis/Sean_Working/Git_MADC/preprocess/../../Subjects_ABCDResting/madc1403_scan1/func//run_01/utprun_01.nii
/nfs/fmri/Analysis/Sean_Working/Subjects_ABCDResting/madc1403_scan1/func/coReg/t1mprage.nii
UMReSlice:0
Entering UMBatchCoReg V2.0 for SPM8
Coreging /nfs/fmri/Analysis/Sean_Working/Subjects_ABCDResting/madc1403_scan1/func/coReg/t1mprage.nii to
         /nfs/fmri/Analysis/Sean_Working/Git_MADC/preprocess/../../Subjects_ABCDResting/madc1403_scan1/func//run_01/utprun_01.nii


------------------------------------------------------------------------
Running job #1
------------------------------------------------------------------------
Running 'Coregister: Estimate'
iteration 1...
-0.9364  0        0        0        0        0        | -1.0492
-0.9364  1.047    0        0        0        0        | -1.0493
-0.9364  1.047    -1.301   0        0        0        | -1.0497
-0.9364  1.047    -1.301   0.0005424 0        0        | -1.0497
-0.9364  1.047    -1.301   0.0005424 0.003314 0        | -1.0497
-0.9364  1.047    -1.301   0.0005424 0.003314 -0.003425 | -1.0497
iteration 2...
-1.256   1.047    -1.301   0.0005424 0.003314 -0.003425 | -1.0497
-1.256   1.132    -1.301   0.0005424 0.003314 -0.003425 | -1.0497
-1.256   1.132    -1.333   0.0005424 0.003314 -0.003425 | -1.0497
-1.256   1.132    -1.333   0.0005424 0.003314 -0.003425 | -1.0497
-1.256   1.132    -1.333   0.0005424 0.007918 -0.003425 | -1.0497
-1.256   1.132    -1.333   0.0005424 0.007918 -0.003425 | -1.0497
iteration 3...
-1.256   1.132    -1.333   0.0005424 0.007918 -0.003425 | -1.0497
-1.256   1.121    -1.333   0.0005424 0.007918 -0.003425 | -1.0497
-1.256   1.121    -1.471   0.0005424 0.007918 -0.003425 | -1.0497
-1.256   1.121    -1.471   -0.0012  0.007918 -0.003425 | -1.0497
-1.256   1.121    -1.471   -0.0012  0.0094   -0.003425 | -1.0497
-1.256   1.121    -1.471   -0.0012  0.0094   -0.00441 | -1.0497
iteration 4...
-1.256   1.121    -1.471   -0.0012  0.0094   -0.00441 | -1.0497
-1.256   1.126    -1.471   -0.0012  0.0094   -0.00441 | -1.0497
-1.256   1.126    -1.471   -0.0012  0.0094   -0.00441 | -1.0497
-1.256   1.126    -1.471   -0.0012  0.0094   -0.00441 | -1.0497
-1.256   1.126    -1.471   -0.0012  0.0094   -0.00441 | -1.0497
-1.256   1.126    -1.471   -0.0012  0.0094   -0.00441 | -1.0497
iteration 1...
-1.274   1.126    -1.471   -0.0012  0.0094   -0.00441 | -1.0497
-1.274   1.048    -1.471   -0.0012  0.0094   -0.00441 | -1.0497
-1.274   1.048    -1.625   -0.0012  0.0094   -0.00441 | -1.0497
-1.274   1.048    -1.625   0.004607 0.0094   -0.00441 | -1.0497
-1.274   1.048    -1.625   0.004607 0.01269  -0.00441 | -1.0497
-1.274   1.048    -1.625   0.004607 0.01269  -0.007448 | -1.0497
iteration 2...
-1.291   1.048    -1.625   0.004607 0.01269  -0.007448 | -1.0497
-1.291   0.9724   -1.625   0.004607 0.01269  -0.007448 | -1.0497
-1.291   0.9724   -1.492   0.004607 0.01269  -0.007448 | -1.0497
-1.291   0.9724   -1.492   0.005561 0.01269  -0.007448 | -1.0497
-1.291   0.9724   -1.492   0.005561 0.01316  -0.007448 | -1.0497
-1.291   0.9724   -1.492   0.005561 0.01316  -0.007448 | -1.0497
iteration 3...
-1.291   0.9724   -1.492   0.005561 0.01316  -0.007448 | -1.0497
-1.291   0.9336   -1.492   0.005561 0.01316  -0.007448 | -1.0497
-1.291   0.9336   -1.484   0.005561 0.01316  -0.007448 | -1.0497
-1.291   0.9336   -1.484   0.005861 0.01316  -0.007448 | -1.0497
-1.291   0.9336   -1.484   0.005861 0.01322  -0.007448 | -1.0497
-1.291   0.9336   -1.484   0.005861 0.01322  -0.007448 | -1.0497
-1.291   0.9114   -1.48    0.006033 0.01325  -0.007448 | -1.0497
iteration 4...
-1.291   0.9114   -1.48    0.006033 0.01325  -0.007448 | -1.0497
-1.291   0.9114   -1.48    0.006033 0.01325  -0.007448 | -1.0497
-1.291   0.9114   -1.467   0.006033 0.01325  -0.007448 | -1.0497
-1.291   0.9114   -1.467   0.005983 0.01325  -0.007448 | -1.0497
-1.291   0.9114   -1.467   0.005983 0.01325  -0.007448 | -1.0497
-1.291   0.9114   -1.467   0.005983 0.01325  -0.007448 | -1.0497
Done    'Coregister: Estimate'
Done

CoReg Done in 25.758029 seconds

All done with coregistration.
>> >> 
No sandbox specified



Start   : Thu Nov 22 00:10:31 EST 2018
Finish  : Thu Nov 22 00:11:39 EST 2018


