
                            < M A T L A B (R) >
                  Copyright 1984-2015 The MathWorks, Inc.
                   R2015b (8.6.0.267246) 64-bit (glnxa64)
                              August 20, 2015

 
To get started, type one of these: helpwin, helpdesk, or demo.
For product information, visit www.mathworks.com.
 

	Academic License

>> >> >> >> Coregistation Script Created on 181121_16_18_00_694
>> >> >> >> >> >> [Warning: Name is nonexistent or not a directory:
/Users/rcwelsh/matlabScripts/WELLES/mfiles] 
[> In path (line 109)
  In addpath (line 86)] 
>> >> >> >> >> 
UMBatchJobName =

coregOverlay_181121_16_18_00_694_tehsheng_madcbrai

>> 
UMBatchProcessName =

coregOverlay

>> >> Initializing the job manager in SPM8

UMReSlice =

     0



Calling UMBatchCoReg with:
/nfs/fmri/Analysis/Sean_Working/Git_MADC/preprocess/../../Subjects_ABCDResting/madc1419_scan1/func//run_01/utprun_01.nii
/nfs/fmri/Analysis/Sean_Working/Subjects_ABCDResting/madc1419_scan1/func/coReg/t1mprage.nii
UMReSlice:0
Entering UMBatchCoReg V2.0 for SPM8
Coreging /nfs/fmri/Analysis/Sean_Working/Subjects_ABCDResting/madc1419_scan1/func/coReg/t1mprage.nii to
         /nfs/fmri/Analysis/Sean_Working/Git_MADC/preprocess/../../Subjects_ABCDResting/madc1419_scan1/func//run_01/utprun_01.nii


------------------------------------------------------------------------
Running job #1
------------------------------------------------------------------------
Running 'Coregister: Estimate'
iteration 1...
-1.079   0        0        0        0        0        | -1.0474
-1.079   2.013    0        0        0        0        | -1.0479
-1.079   2.013    -1.573   0        0        0        | -1.0482
-1.079   2.013    -1.573   -0.006378 0        0        | -1.0482
-1.079   2.013    -1.573   -0.006378 -0.004687 0        | -1.0482
-1.079   2.013    -1.573   -0.006378 -0.004687 0.003658 | -1.0482
iteration 2...
-0.938   2.013    -1.573   -0.006378 -0.004687 0.003658 | -1.0482
-0.938   2.637    -1.573   -0.006378 -0.004687 0.003658 | -1.0483
-0.938   2.637    -1.621   -0.006378 -0.004687 0.003658 | -1.0483
-0.938   2.637    -1.621   -0.01139 -0.004687 0.003658 | -1.0483
-0.938   2.637    -1.621   -0.01139 -0.004687 0.003658 | -1.0483
-0.938   2.637    -1.621   -0.01139 -0.004687 0.003658 | -1.0483
iteration 3...
-0.938   2.637    -1.621   -0.01139 -0.004687 0.003658 | -1.0483
-0.938   2.629    -1.621   -0.01139 -0.004687 0.003658 | -1.0483
-0.938   2.629    -1.488   -0.01139 -0.004687 0.003658 | -1.0483
-0.938   2.629    -1.488   -0.01139 -0.004687 0.003658 | -1.0483
-0.938   2.629    -1.488   -0.01139 -0.004687 0.003658 | -1.0483
-0.938   2.629    -1.488   -0.01139 -0.004687 0.003658 | -1.0483
iteration 4...
-0.938   2.629    -1.488   -0.01139 -0.004687 0.003658 | -1.0483
-0.938   2.617    -1.488   -0.01139 -0.004687 0.003658 | -1.0483
-0.938   2.617    -1.488   -0.01139 -0.004687 0.003658 | -1.0483
-0.938   2.617    -1.488   -0.01139 -0.004687 0.003658 | -1.0483
-0.938   2.617    -1.488   -0.01139 -0.004687 0.003658 | -1.0483
-0.938   2.617    -1.488   -0.01139 -0.004687 0.003658 | -1.0483
iteration 1...
-0.938   2.617    -1.488   -0.01139 -0.004687 0.003658 | -1.048
-0.938   2.3      -1.488   -0.01139 -0.004687 0.003658 | -1.0481
-0.938   2.3      -1.233   -0.01139 -0.004687 0.003658 | -1.0481
-0.938   2.3      -1.233   -0.01739 -0.004687 0.003658 | -1.0481
-0.938   2.3      -1.233   -0.01739 -0.003845 0.003658 | -1.0481
-0.938   2.3      -1.233   -0.01739 -0.003845 0.005677 | -1.0481
iteration 2...
-0.964   2.3      -1.233   -0.01739 -0.003845 0.005677 | -1.0481
-0.964   2.369    -1.233   -0.01739 -0.003845 0.005677 | -1.0481
-0.964   2.369    -1.126   -0.01739 -0.003845 0.005677 | -1.0481
-0.964   2.369    -1.126   -0.01818 -0.003845 0.005677 | -1.0481
-0.964   2.369    -1.126   -0.01818 -0.004183 0.005677 | -1.0481
-0.964   2.369    -1.126   -0.01818 -0.004183 0.005677 | -1.0481
iteration 3...
-0.964   2.369    -1.126   -0.01818 -0.004183 0.005677 | -1.0481
-0.964   2.369    -1.126   -0.01818 -0.004183 0.005677 | -1.0481
-0.964   2.369    -1.118   -0.01818 -0.004183 0.005677 | -1.0481
-0.964   2.369    -1.118   -0.01818 -0.004183 0.005677 | -1.0481
-0.964   2.369    -1.118   -0.01818 -0.004183 0.005677 | -1.0481
-0.964   2.369    -1.118   -0.01818 -0.004183 0.005677 | -1.0481
Done    'Coregister: Estimate'
Done

CoReg Done in 24.634026 seconds

All done with coregistration.
>> >> 
No sandbox specified



Start   : Wed Nov 21 16:18:03 EST 2018
Finish  : Wed Nov 21 16:19:13 EST 2018


