
                            < M A T L A B (R) >
                  Copyright 1984-2015 The MathWorks, Inc.
                   R2015b (8.6.0.267246) 64-bit (glnxa64)
                              August 20, 2015

 
To get started, type one of these: helpwin, helpdesk, or demo.
For product information, visit www.mathworks.com.
 

	Academic License

>> >> >> >> Coregistation Script Created on 181122_04_15_57_002
>> >> >> >> >> >> [Warning: Name is nonexistent or not a directory:
/Users/rcwelsh/matlabScripts/WELLES/mfiles] 
[> In path (line 109)
  In addpath (line 86)] 
>> >> >> >> >> 
UMBatchJobName =

coregOverlay_181122_04_15_57_002_tehsheng_madcbrai

>> 
UMBatchProcessName =

coregOverlay

>> >> Initializing the job manager in SPM8

UMReSlice =

     0



Calling UMBatchCoReg with:
/nfs/fmri/Analysis/Sean_Working/Git_MADC/preprocess/../../Subjects_ABCDResting/madc1480_scan1/func//run_01/utprun_01.nii
/nfs/fmri/Analysis/Sean_Working/Subjects_ABCDResting/madc1480_scan1/func/coReg/t1mprage.nii
UMReSlice:0
Entering UMBatchCoReg V2.0 for SPM8
Coreging /nfs/fmri/Analysis/Sean_Working/Subjects_ABCDResting/madc1480_scan1/func/coReg/t1mprage.nii to
         /nfs/fmri/Analysis/Sean_Working/Git_MADC/preprocess/../../Subjects_ABCDResting/madc1480_scan1/func//run_01/utprun_01.nii


------------------------------------------------------------------------
Running job #1
------------------------------------------------------------------------
Running 'Coregister: Estimate'
iteration 1...
-2.048   0        0        0        0        0        | -1.0478
-2.048   0.7096   0        0        0        0        | -1.0479
-2.048   0.7096   -2.052   0        0        0        | -1.0486
-2.048   0.7096   -2.052   0.05247  0        0        | -1.0494
-2.048   0.7096   -2.052   0.05247  -0.01269 0        | -1.0495
-2.048   0.7096   -2.052   0.05247  -0.01269 0        | -1.0495
iteration 2...
-1.909   0.7096   -2.052   0.05247  -0.01269 0        | -1.0495
-1.909   0.9862   -2.052   0.05247  -0.01269 0        | -1.0496
-1.909   0.9862   -2.123   0.05247  -0.01269 0        | -1.0496
-1.909   0.9862   -2.123   0.05113  -0.01269 0        | -1.0496
-1.909   0.9862   -2.123   0.05113  -0.01269 0        | -1.0496
-1.909   0.9862   -2.123   0.05113  -0.01269 0        | -1.0496
iteration 3...
-1.909   0.9862   -2.123   0.05113  -0.01269 0        | -1.0496
-1.909   0.9862   -2.123   0.05113  -0.01269 0        | -1.0496
-1.909   0.9862   -2.123   0.05113  -0.01269 0        | -1.0496
-1.909   0.9862   -2.123   0.05113  -0.01269 0        | -1.0496
-1.909   0.9862   -2.123   0.05113  -0.01269 0        | -1.0496
-1.909   0.9862   -2.123   0.05113  -0.01269 0        | -1.0496
iteration 1...
-1.773   0.9862   -2.123   0.05113  -0.01269 0        | -1.0495
-1.773   0.9297   -2.123   0.05113  -0.01269 0        | -1.0495
-1.773   0.9297   -2.148   0.05113  -0.01269 0        | -1.0495
-1.773   0.9297   -2.148   0.05002  -0.01269 0        | -1.0495
-1.773   0.9297   -2.148   0.05002  -0.01925 0        | -1.0495
-1.773   0.9297   -2.148   0.05002  -0.01925 -0.002444 | -1.0495
iteration 2...
-1.782   0.9297   -2.148   0.05002  -0.01925 -0.002444 | -1.0495
-1.782   0.9297   -2.148   0.05002  -0.01925 -0.002444 | -1.0495
-1.782   0.9297   -2.118   0.05002  -0.01925 -0.002444 | -1.0495
-1.782   0.9297   -2.118   0.05002  -0.01925 -0.002444 | -1.0495
-1.782   0.9297   -2.118   0.05002  -0.01959 -0.002444 | -1.0495
-1.782   0.9297   -2.118   0.05002  -0.01959 -0.002444 | -1.0495
-1.787   0.9297   -2.102   0.05002  -0.01977 -0.002444 | -1.0495
iteration 3...
-1.787   0.9297   -2.102   0.05002  -0.01977 -0.002444 | -1.0495
-1.787   0.9075   -2.102   0.05002  -0.01977 -0.002444 | -1.0495
-1.787   0.9075   -2.102   0.05002  -0.01977 -0.002444 | -1.0495
-1.787   0.9075   -2.102   0.04975  -0.01977 -0.002444 | -1.0495
-1.787   0.9075   -2.102   0.04975  -0.01977 -0.002444 | -1.0495
-1.787   0.9075   -2.102   0.04975  -0.01977 -0.002444 | -1.0495
iteration 4...
-1.787   0.9075   -2.102   0.04975  -0.01977 -0.002444 | -1.0495
-1.787   0.9075   -2.102   0.04975  -0.01977 -0.002444 | -1.0495
-1.787   0.9075   -2.102   0.04975  -0.01977 -0.002444 | -1.0495
-1.787   0.9075   -2.102   0.04961  -0.01977 -0.002444 | -1.0495
-1.787   0.9075   -2.102   0.04961  -0.01977 -0.002444 | -1.0495
-1.787   0.9075   -2.102   0.04961  -0.01977 -0.002444 | -1.0495
Done    'Coregister: Estimate'
Done

CoReg Done in 21.902002 seconds

All done with coregistration.
>> >> 
No sandbox specified



Start   : Thu Nov 22 04:15:59 EST 2018
Finish  : Thu Nov 22 04:16:51 EST 2018


