
                            < M A T L A B (R) >
                  Copyright 1984-2015 The MathWorks, Inc.
                   R2015b (8.6.0.267246) 64-bit (glnxa64)
                              August 20, 2015

 
To get started, type one of these: helpwin, helpdesk, or demo.
For product information, visit www.mathworks.com.
 

	Academic License

>> >> >> >> Coregistation Script Created on 181121_14_52_46_475
>> >> >> >> >> >> [Warning: Name is nonexistent or not a directory:
/Users/rcwelsh/matlabScripts/WELLES/mfiles] 
[> In path (line 109)
  In addpath (line 86)] 
>> >> >> >> >> 
UMBatchJobName =

coregOverlay_181121_14_52_46_475_tehsheng_madcbrai

>> 
UMBatchProcessName =

coregOverlay

>> >> Initializing the job manager in SPM8

UMReSlice =

     0



Calling UMBatchCoReg with:
/nfs/fmri/Analysis/Sean_Working/Git_MADC/preprocess/../../Subjects_ABCDResting/madc1362_scan1/func//run_01/utprun_01.nii
/nfs/fmri/Analysis/Sean_Working/Subjects_ABCDResting/madc1362_scan1/func/coReg/t1mprage.nii
UMReSlice:0
Entering UMBatchCoReg V2.0 for SPM8
Coreging /nfs/fmri/Analysis/Sean_Working/Subjects_ABCDResting/madc1362_scan1/func/coReg/t1mprage.nii to
         /nfs/fmri/Analysis/Sean_Working/Git_MADC/preprocess/../../Subjects_ABCDResting/madc1362_scan1/func//run_01/utprun_01.nii


------------------------------------------------------------------------
Running job #1
------------------------------------------------------------------------
Running 'Coregister: Estimate'
iteration 1...
-0.6237  0        0        0        0        0        | -1.0438
-0.6237  1.005    0        0        0        0        | -1.0439
-0.6237  1.005    -0.3648  0        0        0        | -1.044
-0.6237  1.005    -0.3648  -0.001375 0        0        | -1.044
-0.6237  1.005    -0.3648  -0.001375 0.002477 0        | -1.044
-0.6237  1.005    -0.3648  -0.001375 0.002477 0.002422 | -1.044
iteration 2...
-0.5732  1.005    -0.3648  -0.001375 0.002477 0.002422 | -1.044
-0.5732  0.8228   -0.3648  -0.001375 0.002477 0.002422 | -1.044
-0.5732  0.8228   -0.3784  -0.001375 0.002477 0.002422 | -1.044
-0.5732  0.8228   -0.3784  -0.003732 0.002477 0.002422 | -1.044
-0.5732  0.8228   -0.3784  -0.003732 0.002382 0.002422 | -1.044
-0.5732  0.8228   -0.3784  -0.003732 0.002382 0.009603 | -1.044
iteration 3...
-0.5732  0.8228   -0.3784  -0.003732 0.002382 0.009603 | -1.044
-0.5732  0.6734   -0.3784  -0.003732 0.002382 0.009603 | -1.044
-0.5732  0.6734   -0.4131  -0.003732 0.002382 0.009603 | -1.044
-0.5732  0.6734   -0.4131  -0.01361 0.002382 0.009603 | -1.044
-0.5732  0.6734   -0.4131  -0.01361 0.0001512 0.009603 | -1.044
-0.5732  0.6734   -0.4131  -0.01361 0.0001512 0.009603 | -1.044
iteration 4...
-0.5591  0.6734   -0.4131  -0.01361 0.0001512 0.009603 | -1.044
-0.5591  0.5124   -0.4131  -0.01361 0.0001512 0.009603 | -1.0441
-0.5591  0.5124   -0.2497  -0.01361 0.0001512 0.009603 | -1.0441
-0.5591  0.5124   -0.2497  -0.01464 0.0001512 0.009603 | -1.0441
-0.5591  0.5124   -0.2497  -0.01464 0.0001512 0.009603 | -1.0441
-0.5591  0.5124   -0.2497  -0.01464 0.0001512 0.01136  | -1.0441
iteration 5...
-0.5331  0.5124   -0.2497  -0.01464 0.0001512 0.01136  | -1.0441
-0.5331  0.4885   -0.2497  -0.01464 0.0001512 0.01136  | -1.0441
-0.5331  0.4885   -0.2119  -0.01464 0.0001512 0.01136  | -1.0441
-0.5331  0.4885   -0.2119  -0.01536 0.0001512 0.01136  | -1.0441
-0.5331  0.4885   -0.2119  -0.01536 0.0001512 0.01136  | -1.0441
-0.5331  0.4885   -0.2119  -0.01536 0.0001512 0.01136  | -1.0441
iteration 6...
-0.5331  0.4885   -0.2119  -0.01536 0.0001512 0.01136  | -1.0441
-0.5331  0.4451   -0.2119  -0.01536 0.0001512 0.01136  | -1.0441
-0.5331  0.4451   -0.2372  -0.01536 0.0001512 0.01136  | -1.0441
-0.5331  0.4451   -0.2372  -0.0163  0.0001512 0.01136  | -1.0441
-0.5331  0.4451   -0.2372  -0.0163  0.0001512 0.01136  | -1.0441
-0.5331  0.4451   -0.2372  -0.0163  0.0001512 0.01136  | -1.0441
iteration 7...
-0.5331  0.4451   -0.2372  -0.0163  0.0001512 0.01136  | -1.0441
-0.5331  0.4196   -0.2372  -0.0163  0.0001512 0.01136  | -1.0441
-0.5331  0.4196   -0.2372  -0.0163  0.0001512 0.01136  | -1.0441
-0.5331  0.4196   -0.2372  -0.0163  0.0001512 0.01136  | -1.0441
-0.5331  0.4196   -0.2372  -0.0163  0.0001512 0.01136  | -1.0441
-0.5331  0.4196   -0.2372  -0.0163  0.0001512 0.01136  | -1.0441
iteration 8...
-0.5331  0.4196   -0.2372  -0.0163  0.0001512 0.01136  | -1.0441
-0.5331  0.4196   -0.2372  -0.0163  0.0001512 0.01136  | -1.0441
-0.5331  0.4196   -0.2372  -0.0163  0.0001512 0.01136  | -1.0441
-0.5331  0.4196   -0.2372  -0.0163  0.0001512 0.01136  | -1.0441
-0.5331  0.4196   -0.2372  -0.0163  0.0001512 0.01136  | -1.0441
-0.5331  0.4196   -0.2372  -0.0163  0.0001512 0.01136  | -1.0441
iteration 1...
-0.6419  0.4196   -0.2372  -0.0163  0.0001512 0.01136  | -1.0439
-0.6419  0.233    -0.2372  -0.0163  0.0001512 0.01136  | -1.0439
-0.6419  0.233    -0.3892  -0.0163  0.0001512 0.01136  | -1.0439
-0.6419  0.233    -0.3892  -0.01469 0.0001512 0.01136  | -1.0439
-0.6419  0.233    -0.3892  -0.01469 0.003859 0.01136  | -1.0439
-0.6419  0.233    -0.3892  -0.01469 0.003859 0.008213 | -1.0439
iteration 2...
-0.5719  0.233    -0.3892  -0.01469 0.003859 0.008213 | -1.0439
-0.5719  0.2698   -0.3892  -0.01469 0.003859 0.008213 | -1.0439
-0.5719  0.2698   -0.3971  -0.01469 0.003859 0.008213 | -1.0439
-0.5719  0.2698   -0.3971  -0.01469 0.003859 0.008213 | -1.0439
-0.5719  0.2698   -0.3971  -0.01469 0.003859 0.008213 | -1.0439
-0.5719  0.2698   -0.3971  -0.01469 0.003859 0.008281 | -1.0439
iteration 3...
-0.5719  0.2698   -0.3971  -0.01469 0.003859 0.008281 | -1.0439
-0.5719  0.2725   -0.3971  -0.01469 0.003859 0.008281 | -1.0439
-0.5719  0.2725   -0.3971  -0.01469 0.003859 0.008281 | -1.0439
-0.5719  0.2725   -0.3971  -0.01469 0.003859 0.008281 | -1.0439
-0.5719  0.2725   -0.3971  -0.01469 0.004938 0.008281 | -1.0439
-0.5719  0.2725   -0.3971  -0.01469 0.004938 0.008281 | -1.0439
iteration 4...
-0.5007  0.2725   -0.3971  -0.01469 0.004938 0.008281 | -1.0439
-0.5007  0.2675   -0.3971  -0.01469 0.004938 0.008281 | -1.0439
-0.5007  0.2675   -0.3971  -0.01469 0.004938 0.008281 | -1.0439
-0.5007  0.2675   -0.3971  -0.01469 0.004938 0.008281 | -1.0439
-0.5007  0.2675   -0.3971  -0.01469 0.004938 0.008281 | -1.0439
-0.5007  0.2675   -0.3971  -0.01469 0.004938 0.008281 | -1.0439
iteration 5...
-0.5007  0.2675   -0.3971  -0.01469 0.004938 0.008281 | -1.0439
-0.5007  0.2675   -0.3971  -0.01469 0.004938 0.008281 | -1.0439
-0.5007  0.2675   -0.3971  -0.01469 0.004938 0.008281 | -1.0439
-0.5007  0.2675   -0.3971  -0.01469 0.004938 0.008281 | -1.0439
-0.5007  0.2675   -0.3971  -0.01469 0.004938 0.008281 | -1.0439
-0.5007  0.2675   -0.3971  -0.01469 0.004938 0.008281 | -1.0439
Done    'Coregister: Estimate'
Done

CoReg Done in 34.412159 seconds

All done with coregistration.
>> >> 
No sandbox specified



Start   : Wed Nov 21 14:52:48 EST 2018
Finish  : Wed Nov 21 14:53:59 EST 2018


