
                            < M A T L A B (R) >
                  Copyright 1984-2015 The MathWorks, Inc.
                   R2015b (8.6.0.267246) 64-bit (glnxa64)
                              August 20, 2015

 
To get started, type one of these: helpwin, helpdesk, or demo.
For product information, visit www.mathworks.com.
 

	Academic License

>> >> >> >> Coregistation Script Created on 181121_16_59_15_972
>> >> >> >> >> >> [Warning: Name is nonexistent or not a directory:
/Users/rcwelsh/matlabScripts/WELLES/mfiles] 
[> In path (line 109)
  In addpath (line 86)] 
>> >> >> >> >> 
UMBatchJobName =

coregOverlay_181121_16_59_15_972_tehsheng_madcbrai

>> 
UMBatchProcessName =

coregOverlay

>> >> Initializing the job manager in SPM8

UMReSlice =

     0



Calling UMBatchCoReg with:
/nfs/fmri/Analysis/Sean_Working/Git_MADC/preprocess/../../Subjects_ABCDResting/madc1377_scan1/func//run_01/utprun_01.nii
/nfs/fmri/Analysis/Sean_Working/Subjects_ABCDResting/madc1377_scan1/func/coReg/t1mprage.nii
UMReSlice:0
Entering UMBatchCoReg V2.0 for SPM8
Coreging /nfs/fmri/Analysis/Sean_Working/Subjects_ABCDResting/madc1377_scan1/func/coReg/t1mprage.nii to
         /nfs/fmri/Analysis/Sean_Working/Git_MADC/preprocess/../../Subjects_ABCDResting/madc1377_scan1/func//run_01/utprun_01.nii


------------------------------------------------------------------------
Running job #1
------------------------------------------------------------------------
Running 'Coregister: Estimate'
iteration 1...
-1.478   0        0        0        0        0        | -1.0463
-1.478   2.91     0        0        0        0        | -1.0475
-1.478   2.91     -0.429   0        0        0        | -1.0475
-1.478   2.91     -0.429   0.005003 0        0        | -1.0475
-1.478   2.91     -0.429   0.005003 -0.004252 0        | -1.0475
-1.478   2.91     -0.429   0.005003 -0.004252 -0.01464 | -1.0476
iteration 2...
-1.687   2.91     -0.429   0.005003 -0.004252 -0.01464 | -1.0477
-1.687   3.479    -0.429   0.005003 -0.004252 -0.01464 | -1.0477
-1.687   3.479    -0.5995  0.005003 -0.004252 -0.01464 | -1.0477
-1.687   3.479    -0.5995  -0.0009299 -0.004252 -0.01464 | -1.0477
-1.687   3.479    -0.5995  -0.0009299 -0.004252 -0.01464 | -1.0477
-1.687   3.479    -0.5995  -0.0009299 -0.004252 -0.0178  | -1.0477
iteration 3...
-1.7     3.479    -0.5995  -0.0009299 -0.004252 -0.0178  | -1.0477
-1.7     3.504    -0.5995  -0.0009299 -0.004252 -0.0178  | -1.0477
-1.7     3.504    -0.6567  -0.0009299 -0.004252 -0.0178  | -1.0477
-1.7     3.504    -0.6567  0.0004264 -0.004252 -0.0178  | -1.0477
-1.7     3.504    -0.6567  0.0004264 -0.003227 -0.0178  | -1.0477
-1.7     3.504    -0.6567  0.0004264 -0.003227 -0.0178  | -1.0477
iteration 4...
-1.718   3.504    -0.6567  0.0004264 -0.003227 -0.0178  | -1.0477
-1.718   3.506    -0.6567  0.0004264 -0.003227 -0.0178  | -1.0477
-1.718   3.506    -0.6776  0.0004264 -0.003227 -0.0178  | -1.0477
-1.718   3.506    -0.6776  0.000268 -0.003227 -0.0178  | -1.0477
-1.718   3.506    -0.6776  0.000268 -0.003227 -0.0178  | -1.0477
-1.718   3.506    -0.6776  0.000268 -0.003227 -0.0178  | -1.0477
iteration 5...
-1.718   3.506    -0.6776  0.000268 -0.003227 -0.0178  | -1.0477
-1.718   3.506    -0.6776  0.000268 -0.003227 -0.0178  | -1.0477
-1.718   3.506    -0.6776  0.000268 -0.003227 -0.0178  | -1.0477
-1.718   3.506    -0.6776  0.000268 -0.003227 -0.0178  | -1.0477
-1.718   3.506    -0.6776  0.000268 -0.003227 -0.0178  | -1.0477
-1.718   3.506    -0.6776  0.000268 -0.003227 -0.0178  | -1.0477
iteration 1...
-1.829   3.506    -0.6776  0.000268 -0.003227 -0.0178  | -1.0476
-1.829   3.471    -0.6776  0.000268 -0.003227 -0.0178  | -1.0476
-1.829   3.471    -0.966   0.000268 -0.003227 -0.0178  | -1.0476
-1.829   3.471    -0.966   0.001815 -0.003227 -0.0178  | -1.0476
-1.829   3.471    -0.966   0.001815 9.808e-05 -0.0178  | -1.0476
-1.829   3.471    -0.966   0.001815 9.808e-05 -0.02298 | -1.0476
iteration 2...
-1.931   3.471    -0.966   0.001815 9.808e-05 -0.02298 | -1.0476
-1.931   3.517    -0.966   0.001815 9.808e-05 -0.02298 | -1.0476
-1.931   3.517    -0.9709  0.001815 9.808e-05 -0.02298 | -1.0476
-1.931   3.517    -0.9709  0.001815 9.808e-05 -0.02298 | -1.0476
-1.931   3.517    -0.9709  0.001815 9.808e-05 -0.02298 | -1.0476
-1.931   3.517    -0.9709  0.001815 9.808e-05 -0.0239  | -1.0476
-1.983   3.541    -0.9735  0.001815 9.808e-05 -0.02438 | -1.0476
iteration 3...
-1.983   3.541    -0.9735  0.001815 9.808e-05 -0.02438 | -1.0476
-1.983   3.521    -0.9735  0.001815 9.808e-05 -0.02438 | -1.0476
-1.983   3.521    -0.9735  0.001815 9.808e-05 -0.02438 | -1.0476
-1.983   3.521    -0.9735  0.001746 9.808e-05 -0.02438 | -1.0476
-1.983   3.521    -0.9735  0.001746 -0.0001114 -0.02438 | -1.0476
-1.983   3.521    -0.9735  0.001746 -0.0001114 -0.02438 | -1.0476
iteration 4...
-1.983   3.521    -0.9735  0.001746 -0.0001114 -0.02438 | -1.0476
-1.983   3.521    -0.9735  0.001746 -0.0001114 -0.02438 | -1.0476
-1.983   3.521    -0.9735  0.001746 -0.0001114 -0.02438 | -1.0476
-1.983   3.521    -0.9735  0.001746 -0.0001114 -0.02438 | -1.0476
-1.983   3.521    -0.9735  0.001746 -0.0001114 -0.02438 | -1.0476
-1.983   3.521    -0.9735  0.001746 -0.0001114 -0.02438 | -1.0476
Done    'Coregister: Estimate'
Done

CoReg Done in 32.545717 seconds

All done with coregistration.
>> >> 
No sandbox specified



Start   : Wed Nov 21 16:59:19 EST 2018
Finish  : Wed Nov 21 17:00:34 EST 2018


