
                            < M A T L A B (R) >
                  Copyright 1984-2015 The MathWorks, Inc.
                   R2015b (8.6.0.267246) 64-bit (glnxa64)
                              August 20, 2015

 
To get started, type one of these: helpwin, helpdesk, or demo.
For product information, visit www.mathworks.com.
 

	Academic License

>> >> >> >> Coregistation Script Created on 181121_23_23_59_882
>> >> >> >> >> >> [Warning: Name is nonexistent or not a directory:
/Users/rcwelsh/matlabScripts/WELLES/mfiles] 
[> In path (line 109)
  In addpath (line 86)] 
>> >> >> >> >> 
UMBatchJobName =

coregOverlay_181121_23_23_59_882_tehsheng_madcbrai

>> 
UMBatchProcessName =

coregOverlay

>> >> Initializing the job manager in SPM8

UMReSlice =

     0



Calling UMBatchCoReg with:
/nfs/fmri/Analysis/Sean_Working/Git_MADC/preprocess/../../Subjects_ABCDResting/madc1401_scan1/func//run_01/utprun_01.nii
/nfs/fmri/Analysis/Sean_Working/Subjects_ABCDResting/madc1401_scan1/func/coReg/t1mprage.nii
UMReSlice:0
Entering UMBatchCoReg V2.0 for SPM8
Coreging /nfs/fmri/Analysis/Sean_Working/Subjects_ABCDResting/madc1401_scan1/func/coReg/t1mprage.nii to
         /nfs/fmri/Analysis/Sean_Working/Git_MADC/preprocess/../../Subjects_ABCDResting/madc1401_scan1/func//run_01/utprun_01.nii


------------------------------------------------------------------------
Running job #1
------------------------------------------------------------------------
Running 'Coregister: Estimate'
iteration 1...
-0.7363  0        0        0        0        0        | -1.0486
-0.7363  2.226    0        0        0        0        | -1.0493
-0.7363  2.226    1.111    0        0        0        | -1.0496
-0.7363  2.226    1.111    -0.0001605 0        0        | -1.0496
-0.7363  2.226    1.111    -0.0001605 0        0        | -1.0496
-0.7363  2.226    1.111    -0.0001605 0        0.01466  | -1.0497
iteration 2...
-0.4986  2.226    1.111    -0.0001605 0        0.01466  | -1.0497
-0.4986  2.66     1.111    -0.0001605 0        0.01466  | -1.0497
-0.4986  2.66     1.128    -0.0001605 0        0.01466  | -1.0497
-0.4986  2.66     1.128    -0.0001605 0        0.01466  | -1.0497
-0.4986  2.66     1.128    -0.0001605 0.003905 0.01466  | -1.0497
-0.4986  2.66     1.128    -0.0001605 0.003905 0.01466  | -1.0497
iteration 3...
-0.4986  2.66     1.128    -0.0001605 0.003905 0.01466  | -1.0497
-0.4986  2.66     1.128    -0.0001605 0.003905 0.01466  | -1.0497
-0.4986  2.66     1.273    -0.0001605 0.003905 0.01466  | -1.0497
-0.4986  2.66     1.273    -0.0003127 0.003905 0.01466  | -1.0497
-0.4986  2.66     1.273    -0.0003127 0.003905 0.01466  | -1.0497
-0.4986  2.66     1.273    -0.0003127 0.003905 0.01584  | -1.0497
iteration 4...
-0.5024  2.66     1.273    -0.0003127 0.003905 0.01584  | -1.0497
-0.5024  2.66     1.273    -0.0003127 0.003905 0.01584  | -1.0497
-0.5024  2.66     1.294    -0.0003127 0.003905 0.01584  | -1.0497
-0.5024  2.66     1.294    -0.0003127 0.003905 0.01584  | -1.0497
-0.5024  2.66     1.294    -0.0003127 0.003905 0.01584  | -1.0497
-0.5024  2.66     1.294    -0.0003127 0.003905 0.01584  | -1.0497
iteration 5...
-0.5024  2.66     1.294    -0.0003127 0.003905 0.01584  | -1.0497
-0.5024  2.66     1.294    -0.0003127 0.003905 0.01584  | -1.0497
-0.5024  2.66     1.294    -0.0003127 0.003905 0.01584  | -1.0497
-0.5024  2.66     1.294    -0.0003127 0.003905 0.01584  | -1.0497
-0.5024  2.66     1.294    -0.0003127 0.003905 0.01584  | -1.0497
-0.5024  2.66     1.294    -0.0003127 0.003905 0.01584  | -1.0497
iteration 1...
-0.6509  2.66     1.294    -0.0003127 0.003905 0.01584  | -1.0496
-0.6509  2.395    1.294    -0.0003127 0.003905 0.01584  | -1.0496
-0.6509  2.395    1.294    -0.0003127 0.003905 0.01584  | -1.0496
-0.6509  2.395    1.294    0.005855 0.003905 0.01584  | -1.0496
-0.6509  2.395    1.294    0.005855 0.002676 0.01584  | -1.0496
-0.6509  2.395    1.294    0.005855 0.002676 0.01674  | -1.0496
iteration 2...
-0.6189  2.395    1.294    0.005855 0.002676 0.01674  | -1.0496
-0.6189  2.371    1.294    0.005855 0.002676 0.01674  | -1.0496
-0.6189  2.371    1.17     0.005855 0.002676 0.01674  | -1.0496
-0.6189  2.371    1.17     0.007397 0.002676 0.01674  | -1.0496
-0.6189  2.371    1.17     0.007397 0.002676 0.01674  | -1.0496
-0.6189  2.371    1.17     0.007397 0.002676 0.01766  | -1.0496
-0.5868  2.348    1.046    0.008938 0.002676 0.01857  | -1.0496
iteration 3...
-0.5752  2.348    1.046    0.008938 0.002676 0.01857  | -1.0496
-0.5752  2.348    1.046    0.008938 0.002676 0.01857  | -1.0496
-0.5752  2.348    1.046    0.008938 0.002676 0.01857  | -1.0496
-0.5752  2.348    1.046    0.009173 0.002676 0.01857  | -1.0496
-0.5752  2.348    1.046    0.009173 0.002946 0.01857  | -1.0496
-0.5752  2.348    1.046    0.009173 0.002946 0.01857  | -1.0496
Done    'Coregister: Estimate'
Done

CoReg Done in 23.175815 seconds

All done with coregistration.
>> >> 
No sandbox specified



Start   : Wed Nov 21 23:24:02 EST 2018
Finish  : Wed Nov 21 23:25:06 EST 2018


