
                            < M A T L A B (R) >
                  Copyright 1984-2015 The MathWorks, Inc.
                   R2015b (8.6.0.267246) 64-bit (glnxa64)
                              August 20, 2015

 
To get started, type one of these: helpwin, helpdesk, or demo.
For product information, visit www.mathworks.com.
 

	Academic License

>> >> >> >> Coregistation Script Created on 181121_13_12_50_527
>> >> >> >> >> >> [Warning: Name is nonexistent or not a directory:
/Users/rcwelsh/matlabScripts/WELLES/mfiles] 
[> In path (line 109)
  In addpath (line 86)] 
>> >> >> >> >> 
UMBatchJobName =

coregOverlay_181121_13_12_50_527_tehsheng_madcbrai

>> 
UMBatchProcessName =

coregOverlay

>> >> Initializing the job manager in SPM8

UMReSlice =

     0



Calling UMBatchCoReg with:
/nfs/fmri/Analysis/Sean_Working/Git_MADC/preprocess/../../Subjects_ABCDResting/madc1356_scan1/func//run_01/utprun_01.nii
/nfs/fmri/Analysis/Sean_Working/Subjects_ABCDResting/madc1356_scan1/func/coReg/t1mprage.nii
UMReSlice:0
Entering UMBatchCoReg V2.0 for SPM8
Coreging /nfs/fmri/Analysis/Sean_Working/Subjects_ABCDResting/madc1356_scan1/func/coReg/t1mprage.nii to
         /nfs/fmri/Analysis/Sean_Working/Git_MADC/preprocess/../../Subjects_ABCDResting/madc1356_scan1/func//run_01/utprun_01.nii


------------------------------------------------------------------------
Running job #1
------------------------------------------------------------------------
Running 'Coregister: Estimate'
iteration 1...
-0.811   0        0        0        0        0        | -1.0362
-0.811   1.777    0        0        0        0        | -1.0366
-0.811   1.777    25.07    0        0        0        | -1.0472
-0.811   1.777    25.07    -0.001308 0        0        | -1.0472
-0.811   1.777    25.07    -0.001308 -0.0001864 0        | -1.0472
-0.811   1.777    25.07    -0.001308 -0.0001864 -0.01972 | -1.0473
iteration 2...
-0.1098  1.777    25.07    -0.001308 -0.0001864 -0.01972 | -1.0474
-0.1098  -1.408   25.07    -0.001308 -0.0001864 -0.01972 | -1.0486
-0.1098  -1.408   24.93    -0.001308 -0.0001864 -0.01972 | -1.0486
-0.1098  -1.408   24.93    -0.0002418 -0.0001864 -0.01972 | -1.0487
-0.1098  -1.408   24.93    -0.0002418 0.002513 -0.01972 | -1.0487
-0.1098  -1.408   24.93    -0.0002418 0.002513 -0.01891 | -1.0487
iteration 3...
-0.006593 -1.408   24.93    -0.0002418 0.002513 -0.01891 | -1.0487
-0.006593 -1.477   24.93    -0.0002418 0.002513 -0.01891 | -1.0487
-0.006593 -1.477   24.98    -0.0002418 0.002513 -0.01891 | -1.0487
-0.006593 -1.477   24.98    0.0009391 0.002513 -0.01891 | -1.0487
-0.006593 -1.477   24.98    0.0009391 0.00358  -0.01891 | -1.0487
-0.006593 -1.477   24.98    0.0009391 0.00358  -0.01846 | -1.0487
0.121    -1.562   25.05    0.002399 0.004899 -0.0179  | -1.0487
iteration 4...
0.121    -1.562   25.05    0.002399 0.004899 -0.0179  | -1.0487
0.121    -1.605   25.05    0.002399 0.004899 -0.0179  | -1.0487
0.121    -1.605   24.96    0.002399 0.004899 -0.0179  | -1.0487
0.121    -1.605   24.96    0.0009969 0.004899 -0.0179  | -1.0487
0.121    -1.605   24.96    0.0009969 0.005622 -0.0179  | -1.0487
0.121    -1.605   24.96    0.0009969 0.005622 -0.01744 | -1.0487
iteration 5...
0.1324   -1.612   24.96    0.001128 0.00574  -0.01739 | -1.0487
0.1324   -1.641   24.96    0.001128 0.00574  -0.01739 | -1.0487
0.1324   -1.641   24.94    0.001128 0.00574  -0.01739 | -1.0487
0.1324   -1.641   24.94    0.001128 0.00574  -0.01739 | -1.0487
0.1324   -1.641   24.94    0.001128 0.007648 -0.01739 | -1.0487
0.1324   -1.641   24.94    0.001128 0.007648 -0.01739 | -1.0487
iteration 6...
0.1324   -1.641   24.94    0.001128 0.007648 -0.01739 | -1.0487
0.1324   -1.657   24.94    0.001128 0.007648 -0.01739 | -1.0487
0.1324   -1.657   24.92    0.001128 0.007648 -0.01739 | -1.0487
0.1324   -1.657   24.92    0.001128 0.007648 -0.01739 | -1.0487
0.1324   -1.657   24.92    0.001128 0.007889 -0.01739 | -1.0487
0.1324   -1.657   24.92    0.001128 0.007889 -0.01739 | -1.0487
iteration 7...
0.1324   -1.657   24.92    0.001128 0.007889 -0.01739 | -1.0487
0.1324   -1.657   24.92    0.001128 0.007889 -0.01739 | -1.0487
0.1324   -1.657   24.92    0.001128 0.007889 -0.01739 | -1.0487
0.1324   -1.657   24.92    0.001128 0.007889 -0.01739 | -1.0487
0.1324   -1.657   24.92    0.001128 0.007801 -0.01739 | -1.0487
0.1324   -1.657   24.92    0.001128 0.007801 -0.01692 | -1.0487
iteration 1...
0.0987   -1.657   24.92    0.001128 0.007801 -0.01692 | -1.0484
0.0987   -1.437   24.92    0.001128 0.007801 -0.01692 | -1.0484
0.0987   -1.437   25.11    0.001128 0.007801 -0.01692 | -1.0484
0.0987   -1.437   25.11    -0.00262 0.007801 -0.01692 | -1.0484
0.0987   -1.437   25.11    -0.00262 0.007717 -0.01692 | -1.0484
0.0987   -1.437   25.11    -0.00262 0.007717 -0.02538 | -1.0485
iteration 2...
0.06975  -1.437   25.11    -0.00262 0.007717 -0.02538 | -1.0485
0.06975  -1.531   25.11    -0.00262 0.007717 -0.02538 | -1.0485
0.06975  -1.531   25.11    -0.00262 0.007717 -0.02538 | -1.0485
0.06975  -1.531   25.11    -0.003289 0.007717 -0.02538 | -1.0485
0.06975  -1.531   25.11    -0.003289 0.009713 -0.02538 | -1.0485
0.06975  -1.531   25.11    -0.003289 0.009713 -0.02678 | -1.0485
iteration 3...
0.065    -1.531   25.11    -0.003289 0.009713 -0.02678 | -1.0485
0.065    -1.531   25.11    -0.003289 0.009713 -0.02678 | -1.0485
0.065    -1.531   25.14    -0.003289 0.009713 -0.02678 | -1.0485
0.065    -1.531   25.14    -0.003098 0.009713 -0.02678 | -1.0485
0.065    -1.531   25.14    -0.003098 0.009809 -0.02678 | -1.0485
0.065    -1.531   25.14    -0.003098 0.009809 -0.02684 | -1.0485
iteration 4...
0.065    -1.531   25.14    -0.003098 0.009809 -0.02684 | -1.0485
0.065    -1.531   25.14    -0.003098 0.009809 -0.02684 | -1.0485
0.065    -1.531   25.14    -0.003098 0.009809 -0.02684 | -1.0485
0.065    -1.531   25.14    -0.003098 0.009809 -0.02684 | -1.0485
0.065    -1.531   25.14    -0.003098 0.009809 -0.02684 | -1.0485
0.065    -1.531   25.14    -0.003098 0.009809 -0.02684 | -1.0485
Done    'Coregister: Estimate'
Done

CoReg Done in 32.785557 seconds

All done with coregistration.
>> >> 
No sandbox specified



Start   : Wed Nov 21 13:12:53 EST 2018
Finish  : Wed Nov 21 13:14:13 EST 2018


