
                            < M A T L A B (R) >
                  Copyright 1984-2015 The MathWorks, Inc.
                   R2015b (8.6.0.267246) 64-bit (glnxa64)
                              August 20, 2015

 
To get started, type one of these: helpwin, helpdesk, or demo.
For product information, visit www.mathworks.com.
 

	Academic License

>> >> >> >> Coregistation Script Created on 181126_17_14_49_026
>> >> >> >> >> >> [Warning: Name is nonexistent or not a directory:
/Users/rcwelsh/matlabScripts/WELLES/mfiles] 
[> In path (line 109)
  In addpath (line 86)] 
>> >> >> >> >> 
UMBatchJobName =

coregOverlay_181126_17_14_49_026_tehsheng_madcbrai

>> 
UMBatchProcessName =

coregOverlay

>> >> Initializing the job manager in SPM8

UMReSlice =

     0



Calling UMBatchCoReg with:
/nfs/fmri/Analysis/Sean_Working/Git_MADC/preprocess/../../Subjects_ABCDResting/madc1307_scan1/func//run_01/utprun_01.nii
/nfs/fmri/Analysis/Sean_Working/Subjects_ABCDResting/madc1307_scan1/func/coReg/t1mprage.nii
UMReSlice:0
Entering UMBatchCoReg V2.0 for SPM8
Coreging /nfs/fmri/Analysis/Sean_Working/Subjects_ABCDResting/madc1307_scan1/func/coReg/t1mprage.nii to
         /nfs/fmri/Analysis/Sean_Working/Git_MADC/preprocess/../../Subjects_ABCDResting/madc1307_scan1/func//run_01/utprun_01.nii


------------------------------------------------------------------------
Running job #1
------------------------------------------------------------------------
Running 'Coregister: Estimate'
iteration 1...
-2.128   0        0        0        0        0        | -1.0527
-2.128   1.563    0        0        0        0        | -1.053
-2.128   1.563    -0.2664  0        0        0        | -1.0531
-2.128   1.563    -0.2664  -0.001095 0        0        | -1.0531
-2.128   1.563    -0.2664  -0.001095 -0.01072 0        | -1.0531
-2.128   1.563    -0.2664  -0.001095 -0.01072 0.002003 | -1.0531
iteration 2...
-2.128   1.563    -0.2664  -0.001095 -0.01072 0.002003 | -1.0531
-2.128   1.594    -0.2664  -0.001095 -0.01072 0.002003 | -1.0531
-2.128   1.594    -0.4904  -0.001095 -0.01072 0.002003 | -1.0531
-2.128   1.594    -0.4904  -0.0012  -0.01072 0.002003 | -1.0531
-2.128   1.594    -0.4904  -0.0012  -0.01072 0.002003 | -1.0531
-2.128   1.594    -0.4904  -0.0012  -0.01072 0.002003 | -1.0531
iteration 3...
-2.127   1.594    -0.4904  -0.0012  -0.01072 0.002003 | -1.0531
-2.127   1.595    -0.4904  -0.0012  -0.01072 0.002003 | -1.0531
-2.127   1.595    -0.4753  -0.0012  -0.01072 0.002003 | -1.0531
-2.127   1.595    -0.4753  -0.0012  -0.01072 0.002003 | -1.0531
-2.127   1.595    -0.4753  -0.0012  -0.01072 0.002003 | -1.0531
-2.127   1.595    -0.4753  -0.0012  -0.01072 0.002003 | -1.0531
iteration 1...
-2.047   1.595    -0.4753  -0.0012  -0.01072 0.002003 | -1.053
-2.047   1.32     -0.4753  -0.0012  -0.01072 0.002003 | -1.053
-2.047   1.32     -0.748   -0.0012  -0.01072 0.002003 | -1.0531
-2.047   1.32     -0.748   -0.002027 -0.01072 0.002003 | -1.0531
-2.047   1.32     -0.748   -0.002027 -0.01671 0.002003 | -1.0531
-2.047   1.32     -0.748   -0.002027 -0.01671 0.0003042 | -1.0531
iteration 2...
-2.065   1.32     -0.748   -0.002027 -0.01671 0.0003042 | -1.0531
-2.065   1.325    -0.748   -0.002027 -0.01671 0.0003042 | -1.0531
-2.065   1.325    -0.8067  -0.002027 -0.01671 0.0003042 | -1.0531
-2.065   1.325    -0.8067  -0.002461 -0.01671 0.0003042 | -1.0531
-2.065   1.325    -0.8067  -0.002461 -0.01724 0.0003042 | -1.0531
-2.065   1.325    -0.8067  -0.002461 -0.01724 0.0003042 | -1.0531
iteration 3...
-2.094   1.325    -0.8067  -0.002461 -0.01724 0.0003042 | -1.0531
-2.094   1.33     -0.8067  -0.002461 -0.01724 0.0003042 | -1.0531
-2.094   1.33     -0.8084  -0.002461 -0.01724 0.0003042 | -1.0531
-2.094   1.33     -0.8084  -0.00272 -0.01724 0.0003042 | -1.0531
-2.094   1.33     -0.8084  -0.00272 -0.01737 0.0003042 | -1.0531
-2.094   1.33     -0.8084  -0.00272 -0.01737 0.0004446 | -1.0531
iteration 4...
-2.094   1.33     -0.8084  -0.00272 -0.01737 0.0004446 | -1.0531
-2.094   1.334    -0.8084  -0.00272 -0.01737 0.0004446 | -1.0531
-2.094   1.334    -0.8084  -0.00272 -0.01737 0.0004446 | -1.0531
-2.094   1.334    -0.8084  -0.00272 -0.01737 0.0004446 | -1.0531
-2.094   1.334    -0.8084  -0.00272 -0.01737 0.0004446 | -1.0531
-2.094   1.334    -0.8084  -0.00272 -0.01737 0.0004446 | -1.0531
Done    'Coregister: Estimate'
Done

CoReg Done in 24.259242 seconds

All done with coregistration.
>> >> 
No sandbox specified



Start   : Mon Nov 26 17:14:50 EST 2018
Finish  : Mon Nov 26 17:15:48 EST 2018


