
                            < M A T L A B (R) >
                  Copyright 1984-2015 The MathWorks, Inc.
                   R2015b (8.6.0.267246) 64-bit (glnxa64)
                              August 20, 2015

 
To get started, type one of these: helpwin, helpdesk, or demo.
For product information, visit www.mathworks.com.
 

	Academic License

>> >> >> >> Coregistation Script Created on 181122_04_35_00_593
>> >> >> >> >> >> [Warning: Name is nonexistent or not a directory:
/Users/rcwelsh/matlabScripts/WELLES/mfiles] 
[> In path (line 109)
  In addpath (line 86)] 
>> >> >> >> >> 
UMBatchJobName =

coregOverlay_181122_04_35_00_593_tehsheng_madcbrai

>> 
UMBatchProcessName =

coregOverlay

>> >> Initializing the job manager in SPM8

UMReSlice =

     0



Calling UMBatchCoReg with:
/nfs/fmri/Analysis/Sean_Working/Git_MADC/preprocess/../../Subjects_ABCDResting/madc1482_scan1/func//run_01/utprun_01.nii
/nfs/fmri/Analysis/Sean_Working/Subjects_ABCDResting/madc1482_scan1/func/coReg/t1mprage.nii
UMReSlice:0
Entering UMBatchCoReg V2.0 for SPM8
Coreging /nfs/fmri/Analysis/Sean_Working/Subjects_ABCDResting/madc1482_scan1/func/coReg/t1mprage.nii to
         /nfs/fmri/Analysis/Sean_Working/Git_MADC/preprocess/../../Subjects_ABCDResting/madc1482_scan1/func//run_01/utprun_01.nii


------------------------------------------------------------------------
Running job #1
------------------------------------------------------------------------
Running 'Coregister: Estimate'
iteration 1...
-0.9198  0        0        0        0        0        | -1.0539
-0.9198  2.355    0        0        0        0        | -1.0547
-0.9198  2.355    -2.783   0        0        0        | -1.056
-0.9198  2.355    -2.783   0.01598  0        0        | -1.0561
-0.9198  2.355    -2.783   0.01598  0.006684 0        | -1.0562
-0.9198  2.355    -2.783   0.01598  0.006684 -0.00417 | -1.0562
iteration 2...
-1.295   2.355    -2.783   0.01598  0.006684 -0.00417 | -1.0562
-1.295   2.249    -2.783   0.01598  0.006684 -0.00417 | -1.0562
-1.295   2.249    -2.5     0.01598  0.006684 -0.00417 | -1.0562
-1.295   2.249    -2.5     0.02164  0.006684 -0.00417 | -1.0562
-1.295   2.249    -2.5     0.02164  0.01448  -0.00417 | -1.0563
-1.295   2.249    -2.5     0.02164  0.01448  -0.00578 | -1.0563
iteration 3...
-1.267   2.249    -2.5     0.02164  0.01448  -0.00578 | -1.0563
-1.267   2.165    -2.5     0.02164  0.01448  -0.00578 | -1.0563
-1.267   2.165    -2.515   0.02164  0.01448  -0.00578 | -1.0563
-1.267   2.165    -2.515   0.02294  0.01448  -0.00578 | -1.0563
-1.267   2.165    -2.515   0.02294  0.01448  -0.00578 | -1.0563
-1.267   2.165    -2.515   0.02294  0.01448  -0.00578 | -1.0563
iteration 4...
-1.268   2.165    -2.515   0.02294  0.01448  -0.00578 | -1.0563
-1.268   2.167    -2.515   0.02294  0.01448  -0.00578 | -1.0563
-1.268   2.167    -2.467   0.02294  0.01448  -0.00578 | -1.0563
-1.268   2.167    -2.467   0.02323  0.01448  -0.00578 | -1.0563
-1.268   2.167    -2.467   0.02323  0.01382  -0.00578 | -1.0563
-1.268   2.167    -2.467   0.02323  0.01382  -0.00578 | -1.0563
iteration 5...
-1.268   2.167    -2.467   0.02323  0.01382  -0.00578 | -1.0563
-1.268   2.145    -2.467   0.02323  0.01382  -0.00578 | -1.0563
-1.268   2.145    -2.436   0.02323  0.01382  -0.00578 | -1.0563
-1.268   2.145    -2.436   0.02323  0.01382  -0.00578 | -1.0563
-1.268   2.145    -2.436   0.02323  0.01382  -0.00578 | -1.0563
-1.268   2.145    -2.436   0.02323  0.01382  -0.00578 | -1.0563
iteration 6...
-1.268   2.145    -2.436   0.02323  0.01382  -0.00578 | -1.0563
-1.268   2.142    -2.436   0.02323  0.01382  -0.00578 | -1.0563
-1.268   2.142    -2.436   0.02323  0.01382  -0.00578 | -1.0563
-1.268   2.142    -2.436   0.02323  0.01382  -0.00578 | -1.0563
-1.268   2.142    -2.436   0.02323  0.01382  -0.00578 | -1.0563
-1.268   2.142    -2.436   0.02323  0.01382  -0.00578 | -1.0563
iteration 1...
-1.127   2.142    -2.436   0.02323  0.01382  -0.00578 | -1.0563
-1.127   2.142    -2.436   0.02323  0.01382  -0.00578 | -1.0563
-1.127   2.142    -2.673   0.02323  0.01382  -0.00578 | -1.0563
-1.127   2.142    -2.673   0.02187  0.01382  -0.00578 | -1.0563
-1.127   2.142    -2.673   0.02187  0.009742 -0.00578 | -1.0563
-1.127   2.142    -2.673   0.02187  0.009742 -0.004592 | -1.0563
iteration 2...
-1.174   2.142    -2.673   0.02187  0.009742 -0.004592 | -1.0563
-1.174   2.108    -2.673   0.02187  0.009742 -0.004592 | -1.0563
-1.174   2.108    -2.703   0.02187  0.009742 -0.004592 | -1.0563
-1.174   2.108    -2.703   0.02187  0.009742 -0.004592 | -1.0563
-1.174   2.108    -2.703   0.02187  0.008883 -0.004592 | -1.0563
-1.174   2.108    -2.703   0.02187  0.008883 -0.004592 | -1.0563
iteration 3...
-1.17    2.108    -2.703   0.02187  0.008883 -0.004592 | -1.0563
-1.17    2.097    -2.703   0.02187  0.008883 -0.004592 | -1.0563
-1.17    2.097    -2.707   0.02187  0.008883 -0.004592 | -1.0563
-1.17    2.097    -2.707   0.02215  0.008883 -0.004592 | -1.0563
-1.17    2.097    -2.707   0.02215  0.008883 -0.004592 | -1.0563
-1.17    2.097    -2.707   0.02215  0.008883 -0.004592 | -1.0563
Done    'Coregister: Estimate'
Done

CoReg Done in 24.824461 seconds

All done with coregistration.
>> >> 
No sandbox specified



Start   : Thu Nov 22 04:35:02 EST 2018
Finish  : Thu Nov 22 04:36:01 EST 2018


