
                            < M A T L A B (R) >
                  Copyright 1984-2015 The MathWorks, Inc.
                   R2015b (8.6.0.267246) 64-bit (glnxa64)
                              August 20, 2015

 
To get started, type one of these: helpwin, helpdesk, or demo.
For product information, visit www.mathworks.com.
 

	Academic License

>> >> >> >> Coregistation Script Created on 181121_22_08_54_296
>> >> >> >> >> >> [Warning: Name is nonexistent or not a directory:
/Users/rcwelsh/matlabScripts/WELLES/mfiles] 
[> In path (line 109)
  In addpath (line 86)] 
>> >> >> >> >> 
UMBatchJobName =

coregOverlay_181121_22_08_54_296_tehsheng_madcbrai

>> 
UMBatchProcessName =

coregOverlay

>> >> Initializing the job manager in SPM8

UMReSlice =

     0



Calling UMBatchCoReg with:
/nfs/fmri/Analysis/Sean_Working/Git_MADC/preprocess/../../Subjects_ABCDResting/madc1396_scan1/func//run_01/utprun_01.nii
/nfs/fmri/Analysis/Sean_Working/Subjects_ABCDResting/madc1396_scan1/func/coReg/t1mprage.nii
UMReSlice:0
Entering UMBatchCoReg V2.0 for SPM8
Coreging /nfs/fmri/Analysis/Sean_Working/Subjects_ABCDResting/madc1396_scan1/func/coReg/t1mprage.nii to
         /nfs/fmri/Analysis/Sean_Working/Git_MADC/preprocess/../../Subjects_ABCDResting/madc1396_scan1/func//run_01/utprun_01.nii


------------------------------------------------------------------------
Running job #1
------------------------------------------------------------------------
Running 'Coregister: Estimate'
iteration 1...
-2.391   0        0        0        0        0        | -1.0434
-2.391   1.345    0        0        0        0        | -1.0436
-2.391   1.345    -0.5236  0        0        0        | -1.0437
-2.391   1.345    -0.5236  0.02662  0        0        | -1.0439
-2.391   1.345    -0.5236  0.02662  0.005403 0        | -1.0439
-2.391   1.345    -0.5236  0.02662  0.005403 -0.003325 | -1.0439
iteration 2...
-2.318   1.345    -0.5236  0.02662  0.005403 -0.003325 | -1.0439
-2.318   1.709    -0.5236  0.02662  0.005403 -0.003325 | -1.0439
-2.318   1.709    -0.4904  0.02662  0.005403 -0.003325 | -1.0439
-2.318   1.709    -0.4904  0.02344  0.005403 -0.003325 | -1.0439
-2.318   1.709    -0.4904  0.02344  0.004692 -0.003325 | -1.0439
-2.318   1.709    -0.4904  0.02344  0.004692 -0.00656 | -1.0439
iteration 3...
-2.252   1.709    -0.4904  0.02344  0.004692 -0.00656 | -1.0439
-2.252   1.678    -0.4904  0.02344  0.004692 -0.00656 | -1.0439
-2.252   1.678    -0.5343  0.02344  0.004692 -0.00656 | -1.0439
-2.252   1.678    -0.5343  0.02344  0.004692 -0.00656 | -1.0439
-2.252   1.678    -0.5343  0.02344  0.004692 -0.00656 | -1.0439
-2.252   1.678    -0.5343  0.02344  0.004692 -0.005707 | -1.0439
iteration 4...
-2.252   1.678    -0.5343  0.02344  0.004692 -0.005707 | -1.0439
-2.252   1.678    -0.5343  0.02344  0.004692 -0.005707 | -1.0439
-2.252   1.678    -0.5343  0.02344  0.004692 -0.005707 | -1.0439
-2.252   1.678    -0.5343  0.02344  0.004692 -0.005707 | -1.0439
-2.252   1.678    -0.5343  0.02344  0.004692 -0.005707 | -1.0439
-2.252   1.678    -0.5343  0.02344  0.004692 -0.005707 | -1.0439
iteration 1...
-1.788   1.678    -0.5343  0.02344  0.004692 -0.005707 | -1.044
-1.788   1.532    -0.5343  0.02344  0.004692 -0.005707 | -1.044
-1.788   1.532    -0.4621  0.02344  0.004692 -0.005707 | -1.044
-1.788   1.532    -0.4621  0.0188   0.004692 -0.005707 | -1.044
-1.788   1.532    -0.4621  0.0188   0.004692 -0.005707 | -1.044
-1.788   1.532    -0.4621  0.0188   0.004692 -0.006112 | -1.044
iteration 2...
-1.788   1.532    -0.4621  0.0188   0.004692 -0.006112 | -1.044
-1.788   1.508    -0.4621  0.0188   0.004692 -0.006112 | -1.044
-1.788   1.508    -0.4724  0.0188   0.004692 -0.006112 | -1.044
-1.788   1.508    -0.4724  0.01864  0.004692 -0.006112 | -1.044
-1.788   1.508    -0.4724  0.01864  0.004692 -0.006112 | -1.044
-1.788   1.508    -0.4724  0.01864  0.004692 -0.006112 | -1.044
iteration 3...
-1.788   1.508    -0.4724  0.01864  0.004692 -0.006112 | -1.044
-1.788   1.511    -0.4724  0.01864  0.004692 -0.006112 | -1.044
-1.788   1.511    -0.4724  0.01864  0.004692 -0.006112 | -1.044
-1.788   1.511    -0.4724  0.01864  0.004692 -0.006112 | -1.044
-1.788   1.511    -0.4724  0.01864  0.004692 -0.006112 | -1.044
-1.788   1.511    -0.4724  0.01864  0.004692 -0.006112 | -1.044
Done    'Coregister: Estimate'
Done

CoReg Done in 22.747280 seconds

All done with coregistration.
>> >> 
No sandbox specified



Start   : Wed Nov 21 22:08:57 EST 2018
Finish  : Wed Nov 21 22:09:59 EST 2018


