
                            < M A T L A B (R) >
                  Copyright 1984-2015 The MathWorks, Inc.
                   R2015b (8.6.0.267246) 64-bit (glnxa64)
                              August 20, 2015

 
To get started, type one of these: helpwin, helpdesk, or demo.
For product information, visit www.mathworks.com.
 

	Academic License

>> >> >> >> Coregistation Script Created on 181121_15_43_31_658
>> >> >> >> >> >> [Warning: Name is nonexistent or not a directory:
/Users/rcwelsh/matlabScripts/WELLES/mfiles] 
[> In path (line 109)
  In addpath (line 86)] 
>> >> >> >> >> 
UMBatchJobName =

coregOverlay_181121_15_43_31_658_tehsheng_madcbrai

>> 
UMBatchProcessName =

coregOverlay

>> >> Initializing the job manager in SPM8

UMReSlice =

     0



Calling UMBatchCoReg with:
/nfs/fmri/Analysis/Sean_Working/Git_MADC/preprocess/../../Subjects_ABCDResting/madc1368_scan1/func//run_01/utprun_01.nii
/nfs/fmri/Analysis/Sean_Working/Subjects_ABCDResting/madc1368_scan1/func/coReg/t1mprage.nii
UMReSlice:0
Entering UMBatchCoReg V2.0 for SPM8
Coreging /nfs/fmri/Analysis/Sean_Working/Subjects_ABCDResting/madc1368_scan1/func/coReg/t1mprage.nii to
         /nfs/fmri/Analysis/Sean_Working/Git_MADC/preprocess/../../Subjects_ABCDResting/madc1368_scan1/func//run_01/utprun_01.nii


------------------------------------------------------------------------
Running job #1
------------------------------------------------------------------------
Running 'Coregister: Estimate'
iteration 1...
-0.4457  0        0        0        0        0        | -1.0505
-0.4457  1.459    0        0        0        0        | -1.0507
-0.4457  1.459    2.952    0        0        0        | -1.0516
-0.4457  1.459    2.952    -0.03617 0        0        | -1.052
-0.4457  1.459    2.952    -0.03617 -0.02448 0        | -1.0522
-0.4457  1.459    2.952    -0.03617 -0.02448 0.01341  | -1.0524
iteration 2...
0.2234   1.459    2.952    -0.03617 -0.02448 0.01341  | -1.0525
0.2234   1.253    2.952    -0.03617 -0.02448 0.01341  | -1.0525
0.2234   1.253    2.708    -0.03617 -0.02448 0.01341  | -1.0525
0.2234   1.253    2.708    -0.03617 -0.02448 0.01341  | -1.0525
0.2234   1.253    2.708    -0.03617 -0.02679 0.01341  | -1.0525
0.2234   1.253    2.708    -0.03617 -0.02679 0.01649  | -1.0525
iteration 3...
0.2234   1.253    2.708    -0.03617 -0.02679 0.01649  | -1.0525
0.2234   1.253    2.708    -0.03617 -0.02679 0.01649  | -1.0525
0.2234   1.253    2.671    -0.03617 -0.02679 0.01649  | -1.0525
0.2234   1.253    2.671    -0.03617 -0.02679 0.01649  | -1.0525
0.2234   1.253    2.671    -0.03617 -0.02679 0.01649  | -1.0525
0.2234   1.253    2.671    -0.03617 -0.02679 0.01649  | -1.0525
iteration 4...
0.2234   1.253    2.671    -0.03617 -0.02679 0.01649  | -1.0525
0.2234   1.253    2.671    -0.03617 -0.02679 0.01649  | -1.0525
0.2234   1.253    2.671    -0.03617 -0.02679 0.01649  | -1.0525
0.2234   1.253    2.671    -0.03617 -0.02679 0.01649  | -1.0525
0.2234   1.253    2.671    -0.03617 -0.02679 0.01649  | -1.0525
0.2234   1.253    2.671    -0.03617 -0.02679 0.01649  | -1.0525
iteration 1...
0.1753   1.253    2.671    -0.03617 -0.02679 0.01649  | -1.0523
0.1753   1.567    2.671    -0.03617 -0.02679 0.01649  | -1.0523
0.1753   1.567    2.879    -0.03617 -0.02679 0.01649  | -1.0523
0.1753   1.567    2.879    -0.03855 -0.02679 0.01649  | -1.0523
0.1753   1.567    2.879    -0.03855 -0.02598 0.01649  | -1.0523
0.1753   1.567    2.879    -0.03855 -0.02598 0.01791  | -1.0523
iteration 2...
0.1482   1.567    2.879    -0.03855 -0.02598 0.01791  | -1.0523
0.1482   1.562    2.879    -0.03855 -0.02598 0.01791  | -1.0523
0.1482   1.562    2.917    -0.03855 -0.02598 0.01791  | -1.0523
0.1482   1.562    2.917    -0.03855 -0.02598 0.01791  | -1.0523
0.1482   1.562    2.917    -0.03855 -0.0246  0.01791  | -1.0523
0.1482   1.562    2.917    -0.03855 -0.0246  0.01791  | -1.0523
iteration 3...
0.1482   1.562    2.917    -0.03855 -0.0246  0.01791  | -1.0523
0.1482   1.562    2.917    -0.03855 -0.0246  0.01791  | -1.0523
0.1482   1.562    2.896    -0.03855 -0.0246  0.01791  | -1.0523
0.1482   1.562    2.896    -0.03855 -0.0246  0.01791  | -1.0523
0.1482   1.562    2.896    -0.03855 -0.02444 0.01791  | -1.0523
0.1482   1.562    2.896    -0.03855 -0.02444 0.01791  | -1.0523
iteration 4...
0.1482   1.562    2.896    -0.03855 -0.02444 0.01791  | -1.0523
0.1482   1.562    2.896    -0.03855 -0.02444 0.01791  | -1.0523
0.1482   1.562    2.896    -0.03855 -0.02444 0.01791  | -1.0523
0.1482   1.562    2.896    -0.03855 -0.02444 0.01791  | -1.0523
0.1482   1.562    2.896    -0.03855 -0.02444 0.01791  | -1.0523
0.1482   1.562    2.896    -0.03855 -0.02444 0.01791  | -1.0523
Done    'Coregister: Estimate'
Done

CoReg Done in 28.224008 seconds

All done with coregistration.
>> >> 
No sandbox specified



Start   : Wed Nov 21 15:43:34 EST 2018
Finish  : Wed Nov 21 15:44:41 EST 2018


