
                            < M A T L A B (R) >
                  Copyright 1984-2015 The MathWorks, Inc.
                   R2015b (8.6.0.267246) 64-bit (glnxa64)
                              August 20, 2015

 
To get started, type one of these: helpwin, helpdesk, or demo.
For product information, visit www.mathworks.com.
 

	Academic License

>> >> >> >> Coregistation Script Created on 181121_18_49_55_497
>> >> >> >> >> >> [Warning: Name is nonexistent or not a directory:
/Users/rcwelsh/matlabScripts/WELLES/mfiles] 
[> In path (line 109)
  In addpath (line 86)] 
>> >> >> >> >> 
UMBatchJobName =

coregOverlay_181121_18_49_55_497_tehsheng_madcbrai

>> 
UMBatchProcessName =

coregOverlay

>> >> Initializing the job manager in SPM8

UMReSlice =

     0



Calling UMBatchCoReg with:
/nfs/fmri/Analysis/Sean_Working/Git_MADC/preprocess/../../Subjects_ABCDResting/madc1254_scan1/func//run_01/utprun_01.nii
/nfs/fmri/Analysis/Sean_Working/Subjects_ABCDResting/madc1254_scan1/func/coReg/t1mprage.nii
UMReSlice:0
Entering UMBatchCoReg V2.0 for SPM8
Coreging /nfs/fmri/Analysis/Sean_Working/Subjects_ABCDResting/madc1254_scan1/func/coReg/t1mprage.nii to
         /nfs/fmri/Analysis/Sean_Working/Git_MADC/preprocess/../../Subjects_ABCDResting/madc1254_scan1/func//run_01/utprun_01.nii


------------------------------------------------------------------------
Running job #1
------------------------------------------------------------------------
Running 'Coregister: Estimate'
iteration 1...
-0.8609  0        0        0        0        0        | -1.0467
-0.8609  -0.0812  0        0        0        0        | -1.0467
-0.8609  -0.0812  -2.453   0        0        0        | -1.0475
-0.8609  -0.0812  -2.453   0.008822 0        0        | -1.0475
-0.8609  -0.0812  -2.453   0.008822 0.004755 0        | -1.0475
-0.8609  -0.0812  -2.453   0.008822 0.004755 0        | -1.0475
iteration 2...
-0.9002  -0.0812  -2.453   0.008822 0.004755 0        | -1.0475
-0.9002  -0.073   -2.453   0.008822 0.004755 0        | -1.0475
-0.9002  -0.073   -2.203   0.008822 0.004755 0        | -1.0475
-0.9002  -0.073   -2.203   0.0103   0.004755 0        | -1.0475
-0.9002  -0.073   -2.203   0.0103   0.00749  0        | -1.0476
-0.9002  -0.073   -2.203   0.0103   0.00749  0.0008404 | -1.0476
iteration 3...
-0.987   -0.073   -2.203   0.0103   0.00749  0.0008404 | -1.0476
-0.987   0.04013  -2.203   0.0103   0.00749  0.0008404 | -1.0476
-0.987   0.04013  -2.16    0.0103   0.00749  0.0008404 | -1.0476
-0.987   0.04013  -2.16    0.01006  0.00749  0.0008404 | -1.0476
-0.987   0.04013  -2.16    0.01006  0.006726 0.0008404 | -1.0476
-0.987   0.04013  -2.16    0.01006  0.006726 0.0008404 | -1.0476
iteration 4...
-0.97    0.04013  -2.16    0.01006  0.006726 0.0008404 | -1.0476
-0.97    0.03709  -2.16    0.01006  0.006726 0.0008404 | -1.0476
-0.97    0.03709  -2.166   0.01006  0.006726 0.0008404 | -1.0476
-0.97    0.03709  -2.166   0.01006  0.006726 0.0008404 | -1.0476
-0.97    0.03709  -2.166   0.01006  0.006726 0.0008404 | -1.0476
-0.97    0.03709  -2.166   0.01006  0.006726 0.0008404 | -1.0476
iteration 1...
-1.009   0.03709  -2.166   0.01006  0.006726 0.0008404 | -1.0473
-1.009   0.06143  -2.166   0.01006  0.006726 0.0008404 | -1.0473
-1.009   0.06143  -2.506   0.01006  0.006726 0.0008404 | -1.0474
-1.009   0.06143  -2.506   0.01877  0.006726 0.0008404 | -1.0474
-1.009   0.06143  -2.506   0.01877  -0.001438 0.0008404 | -1.0474
-1.009   0.06143  -2.506   0.01877  -0.001438 -0.008603 | -1.0474
iteration 2...
-1.075   0.06143  -2.506   0.01877  -0.001438 -0.008603 | -1.0474
-1.075   0.2374   -2.506   0.01877  -0.001438 -0.008603 | -1.0474
-1.075   0.2374   -2.586   0.01877  -0.001438 -0.008603 | -1.0474
-1.075   0.2374   -2.586   0.0198   -0.001438 -0.008603 | -1.0474
-1.075   0.2374   -2.586   0.0198   -0.007678 -0.008603 | -1.0474
-1.075   0.2374   -2.586   0.0198   -0.007678 -0.009078 | -1.0474
iteration 3...
-1.098   0.2374   -2.586   0.0198   -0.007678 -0.009078 | -1.0474
-1.098   0.2424   -2.586   0.0198   -0.007678 -0.009078 | -1.0474
-1.098   0.2424   -2.67    0.0198   -0.007678 -0.009078 | -1.0474
-1.098   0.2424   -2.67    0.01844  -0.007678 -0.009078 | -1.0474
-1.098   0.2424   -2.67    0.01844  -0.007678 -0.009078 | -1.0474
-1.098   0.2424   -2.67    0.01844  -0.007678 -0.009078 | -1.0474
iteration 4...
-1.098   0.2424   -2.67    0.01844  -0.007678 -0.009078 | -1.0474
-1.098   0.2648   -2.67    0.01844  -0.007678 -0.009078 | -1.0474
-1.098   0.2648   -2.675   0.01844  -0.007678 -0.009078 | -1.0474
-1.098   0.2648   -2.675   0.01844  -0.007678 -0.009078 | -1.0474
-1.098   0.2648   -2.675   0.01844  -0.008482 -0.009078 | -1.0474
-1.098   0.2648   -2.675   0.01844  -0.008482 -0.008602 | -1.0474
iteration 5...
-1.098   0.2648   -2.675   0.01844  -0.008482 -0.008602 | -1.0474
-1.098   0.2648   -2.675   0.01844  -0.008482 -0.008602 | -1.0474
-1.098   0.2648   -2.69    0.01844  -0.008482 -0.008602 | -1.0474
-1.098   0.2648   -2.69    0.01782  -0.008482 -0.008602 | -1.0474
-1.098   0.2648   -2.69    0.01782  -0.008482 -0.008602 | -1.0474
-1.098   0.2648   -2.69    0.01782  -0.008482 -0.008602 | -1.0474
Done    'Coregister: Estimate'
Done

CoReg Done in 32.304256 seconds

All done with coregistration.
>> >> 
No sandbox specified



Start   : Wed Nov 21 18:49:58 EST 2018
Finish  : Wed Nov 21 18:51:11 EST 2018


