
                            < M A T L A B (R) >
                  Copyright 1984-2015 The MathWorks, Inc.
                   R2015b (8.6.0.267246) 64-bit (glnxa64)
                              August 20, 2015

 
To get started, type one of these: helpwin, helpdesk, or demo.
For product information, visit www.mathworks.com.
 

	Academic License

>> >> >> >> Coregistation Script Created on 181121_12_20_35_329
>> >> >> >> >> >> [Warning: Name is nonexistent or not a directory:
/Users/rcwelsh/matlabScripts/WELLES/mfiles] 
[> In path (line 109)
  In addpath (line 86)] 
>> >> >> >> >> 
UMBatchJobName =

coregOverlay_181121_12_20_35_329_tehsheng_madcbrai

>> 
UMBatchProcessName =

coregOverlay

>> >> Initializing the job manager in SPM8

UMReSlice =

     0



Calling UMBatchCoReg with:
/nfs/fmri/Analysis/Sean_Working/Git_MADC/preprocess/../../Subjects_ABCDResting/madc0732_scan1/func//run_01/utprun_01.nii
/nfs/fmri/Analysis/Sean_Working/Subjects_ABCDResting/madc0732_scan1/func/coReg/t1mprage.nii
UMReSlice:0
Entering UMBatchCoReg V2.0 for SPM8
Coreging /nfs/fmri/Analysis/Sean_Working/Subjects_ABCDResting/madc0732_scan1/func/coReg/t1mprage.nii to
         /nfs/fmri/Analysis/Sean_Working/Git_MADC/preprocess/../../Subjects_ABCDResting/madc0732_scan1/func//run_01/utprun_01.nii


------------------------------------------------------------------------
Running job #1
------------------------------------------------------------------------
Running 'Coregister: Estimate'
iteration 1...
-2.95    0        0        0        0        0        | -1.049
-2.95    1.831    0        0        0        0        | -1.0493
-2.95    1.831    -2.033   0        0        0        | -1.0498
-2.95    1.831    -2.033   0.001206 0        0        | -1.0498
-2.95    1.831    -2.033   0.001206 0        0        | -1.0498
-2.95    1.831    -2.033   0.001206 0        0.002234 | -1.0498
iteration 2...
-3.18    1.831    -2.033   0.001206 0        0.002234 | -1.0499
-3.18    2.111    -2.033   0.001206 0        0.002234 | -1.0499
-3.18    2.111    -1.988   0.001206 0        0.002234 | -1.0499
-3.18    2.111    -1.988   0.002044 0        0.002234 | -1.0499
-3.18    2.111    -1.988   0.002044 -0.003276 0.002234 | -1.0499
-3.18    2.111    -1.988   0.002044 -0.003276 0.002234 | -1.0499
iteration 3...
-3.246   2.111    -1.988   0.002044 -0.003276 0.002234 | -1.0499
-3.246   2.203    -1.988   0.002044 -0.003276 0.002234 | -1.0499
-3.246   2.203    -2.017   0.002044 -0.003276 0.002234 | -1.0499
-3.246   2.203    -2.017   0.003083 -0.003276 0.002234 | -1.0499
-3.246   2.203    -2.017   0.003083 -0.006066 0.002234 | -1.0499
-3.246   2.203    -2.017   0.003083 -0.006066 0.002234 | -1.0499
-3.314   2.297    -2.046   0.004134 -0.00889 0.002234 | -1.0499
iteration 4...
-3.314   2.297    -2.046   0.004134 -0.00889 0.002234 | -1.0499
-3.314   2.296    -2.046   0.004134 -0.00889 0.002234 | -1.0499
-3.314   2.296    -2.098   0.004134 -0.00889 0.002234 | -1.0499
-3.314   2.296    -2.098   0.00592  -0.00889 0.002234 | -1.0499
-3.314   2.296    -2.098   0.00592  -0.00889 0.002234 | -1.0499
-3.314   2.296    -2.098   0.00592  -0.00889 0.003134 | -1.0499
-3.314   2.295    -2.126   0.006863 -0.00889 0.003609 | -1.0499
iteration 5...
-3.336   2.326    -2.135   0.007209 -0.009819 0.003609 | -1.0499
-3.336   2.497    -2.135   0.007209 -0.009819 0.003609 | -1.0499
-3.336   2.497    -2.127   0.007209 -0.009819 0.003609 | -1.0499
-3.336   2.497    -2.127   0.02276  -0.009819 0.003609 | -1.0499
-3.336   2.497    -2.127   0.02276  -0.009819 0.003609 | -1.0499
-3.336   2.497    -2.133   0.02294  -0.009819 0.003702 | -1.0499
iteration 6...
-4.073   3.523    -2.45    0.03446  -0.04075 0.003702 | -1.05
-4.073   3.882    -2.45    0.03446  -0.04075 0.003702 | -1.05
-4.073   3.882    -3.098   0.03446  -0.04075 0.003702 | -1.05
-4.073   3.882    -3.098   0.04339  -0.04075 0.003702 | -1.05
-4.073   3.882    -3.098   0.04339  -0.03694 0.003702 | -1.05
-4.073   3.882    -3.111   0.04382  -0.03694 0.003921 | -1.05
iteration 7...
-4.063   3.868    -3.107   0.04367  -0.03653 0.003921 | -1.05
-4.063   3.945    -3.107   0.04367  -0.03653 0.003921 | -1.05
-4.063   3.945    -3.315   0.04367  -0.03653 0.003921 | -1.0501
-4.063   3.945    -3.315   0.04787  -0.03653 0.003921 | -1.0501
-4.063   3.945    -3.315   0.04787  -0.03584 0.003921 | -1.0501
-4.063   3.944    -3.341   0.04878  -0.03584 0.004377 | -1.0501
iteration 8...
-4.067   3.95     -3.343   0.04884  -0.03601 0.004377 | -1.0501
-4.067   4.043    -3.343   0.04884  -0.03601 0.004377 | -1.0501
-4.067   4.043    -3.426   0.04884  -0.03601 0.004377 | -1.0501
-4.067   4.043    -3.426   0.04884  -0.03601 0.004377 | -1.0501
-4.067   4.043    -3.426   0.04884  -0.03601 0.004377 | -1.0501
-4.067   4.043    -3.426   0.04884  -0.03601 0.004377 | -1.0501
iteration 9...
-4.058   4.029    -3.421   0.04869  -0.03561 0.004377 | -1.0501
-4.058   4.038    -3.421   0.04869  -0.03561 0.004377 | -1.0501
-4.058   4.038    -3.421   0.04869  -0.03561 0.004377 | -1.0501
-4.058   4.038    -3.421   0.04876  -0.03561 0.004377 | -1.0501
-4.058   4.038    -3.421   0.04876  -0.03561 0.004377 | -1.0501
-4.058   4.038    -3.421   0.04876  -0.03561 0.004377 | -1.0501
iteration 1...
-3.903   4.038    -3.421   0.04876  -0.03561 0.004377 | -1.0499
-3.903   3.464    -3.421   0.04876  -0.03561 0.004377 | -1.0499
-3.903   3.464    -3.732   0.04876  -0.03561 0.004377 | -1.0499
-3.903   3.464    -3.732   0.0565   -0.03561 0.004377 | -1.0499
-3.903   3.464    -3.732   0.0565   -0.03597 0.004377 | -1.0499
-3.903   3.464    -3.732   0.0565   -0.03597 0.00821  | -1.0499
iteration 2...
-3.841   3.464    -3.732   0.0565   -0.03597 0.00821  | -1.0499
-3.841   3.764    -3.732   0.0565   -0.03597 0.00821  | -1.0499
-3.841   3.764    -3.82    0.0565   -0.03597 0.00821  | -1.0499
-3.841   3.764    -3.82    0.06148  -0.03597 0.00821  | -1.0499
-3.841   3.764    -3.82    0.06148  -0.03499 0.00821  | -1.0499
-3.841   3.764    -3.82    0.06148  -0.03499 0.00821  | -1.0499
-3.742   4.244    -3.961   0.06944  -0.03344 0.00821  | -1.05
iteration 3...
-3.771   4.244    -3.961   0.06944  -0.03344 0.00821  | -1.05
-3.771   4.158    -3.961   0.06944  -0.03344 0.00821  | -1.05
-3.771   4.158    -4.099   0.06944  -0.03344 0.00821  | -1.05
-3.663   4.681    -4.252   0.07812  -0.03174 0.00821  | -1.05
-3.663   4.681    -4.252   0.07812  -0.03181 0.00821  | -1.05
-3.663   4.681    -4.252   0.07812  -0.03181 0.01093  | -1.05
-3.609   4.982    -4.452   0.08409  -0.03069 0.0128   | -1.05
iteration 4...
-3.636   4.982    -4.452   0.08409  -0.03069 0.0128   | -1.05
-3.636   4.659    -4.452   0.08409  -0.03069 0.0128   | -1.05
-3.636   4.659    -4.501   0.08409  -0.03069 0.0128   | -1.05
-3.623   4.732    -4.55    0.08554  -0.03042 0.01325  | -1.05
-3.623   4.732    -4.55    0.08554  -0.03146 0.01325  | -1.05
-3.623   4.732    -4.55    0.08554  -0.03146 0.01325  | -1.05
iteration 5...
-3.635   4.732    -4.55    0.08554  -0.03146 0.01325  | -1.05
-3.635   4.67     -4.55    0.08554  -0.03146 0.01325  | -1.05
-3.635   4.67     -4.563   0.08554  -0.03146 0.01325  | -1.05
-3.635   4.672    -4.564   0.08559  -0.03145 0.01326  | -1.05
-3.635   4.672    -4.564   0.08559  -0.03145 0.01326  | -1.05
-3.635   4.672    -4.564   0.08559  -0.03145 0.01326  | -1.05
iteration 6...
-3.635   4.672    -4.564   0.08559  -0.03145 0.01326  | -1.05
-3.635   4.668    -4.564   0.08559  -0.03145 0.01326  | -1.05
-3.635   4.668    -4.562   0.08559  -0.03145 0.01326  | -1.05
-3.635   4.668    -4.562   0.08559  -0.03145 0.01326  | -1.05
-3.635   4.668    -4.562   0.08559  -0.03145 0.01326  | -1.05
-3.635   4.668    -4.562   0.08559  -0.03145 0.01317  | -1.05
Done    'Coregister: Estimate'
Done

CoReg Done in 44.488272 seconds

All done with coregistration.
>> >> 
No sandbox specified



Start   : Wed Nov 21 12:20:37 EST 2018
Finish  : Wed Nov 21 12:22:27 EST 2018


