
                            < M A T L A B (R) >
                  Copyright 1984-2015 The MathWorks, Inc.
                   R2015b (8.6.0.267246) 64-bit (glnxa64)
                              August 20, 2015

 
To get started, type one of these: helpwin, helpdesk, or demo.
For product information, visit www.mathworks.com.
 

	Academic License

>> >> >> >> Coregistation Script Created on 181122_01_35_01_281
>> >> >> >> >> >> [Warning: Name is nonexistent or not a directory:
/Users/rcwelsh/matlabScripts/WELLES/mfiles] 
[> In path (line 109)
  In addpath (line 86)] 
>> >> >> >> >> 
UMBatchJobName =

coregOverlay_181122_01_35_01_281_tehsheng_madcbrai

>> 
UMBatchProcessName =

coregOverlay

>> >> Initializing the job manager in SPM8

UMReSlice =

     0



Calling UMBatchCoReg with:
/nfs/fmri/Analysis/Sean_Working/Git_MADC/preprocess/../../Subjects_ABCDResting/madc1457_scan1/func//run_01/utprun_01.nii
/nfs/fmri/Analysis/Sean_Working/Subjects_ABCDResting/madc1457_scan1/func/coReg/t1mprage.nii
UMReSlice:0
Entering UMBatchCoReg V2.0 for SPM8
Coreging /nfs/fmri/Analysis/Sean_Working/Subjects_ABCDResting/madc1457_scan1/func/coReg/t1mprage.nii to
         /nfs/fmri/Analysis/Sean_Working/Git_MADC/preprocess/../../Subjects_ABCDResting/madc1457_scan1/func//run_01/utprun_01.nii


------------------------------------------------------------------------
Running job #1
------------------------------------------------------------------------
Running 'Coregister: Estimate'
iteration 1...
-1.651   0        0        0        0        0        | -1.0554
-1.651   1.424    0        0        0        0        | -1.0557
-1.651   1.424    -1.273   0        0        0        | -1.056
-1.651   1.424    -1.273   0.01625  0        0        | -1.0561
-1.651   1.424    -1.273   0.01625  -0.01956 0        | -1.0562
-1.651   1.424    -1.273   0.01625  -0.01956 -0.0006665 | -1.0562
iteration 2...
-1.626   1.424    -1.273   0.01625  -0.01956 -0.0006665 | -1.0562
-1.626   0.9908   -1.273   0.01625  -0.01956 -0.0006665 | -1.0562
-1.626   0.9908   -1.008   0.01625  -0.01956 -0.0006665 | -1.0563
-1.626   0.9908   -1.008   0.02987  -0.01956 -0.0006665 | -1.0563
-1.626   0.9908   -1.008   0.02987  -0.02282 -0.0006665 | -1.0563
-1.626   0.9908   -1.008   0.02987  -0.02282 0.005174 | -1.0563
iteration 3...
-1.368   0.9908   -1.008   0.02987  -0.02282 0.005174 | -1.0563
-1.368   0.4873   -1.008   0.02987  -0.02282 0.005174 | -1.0564
-1.368   0.4873   -0.9251  0.02987  -0.02282 0.005174 | -1.0564
-1.368   0.4873   -0.9251  0.03511  -0.02282 0.005174 | -1.0564
-1.368   0.4873   -0.9251  0.03511  -0.02588 0.005174 | -1.0564
-1.368   0.4873   -0.9251  0.03511  -0.02588 0.001184 | -1.0564
iteration 4...
-1.428   0.4873   -0.9251  0.03511  -0.02588 0.001184 | -1.0564
-1.428   0.3808   -0.9251  0.03511  -0.02588 0.001184 | -1.0564
-1.428   0.3808   -0.9046  0.03511  -0.02588 0.001184 | -1.0564
-1.428   0.3808   -0.9046  0.03513  -0.02588 0.001184 | -1.0564
-1.428   0.3808   -0.9046  0.03513  -0.02588 0.001184 | -1.0564
-1.428   0.3808   -0.9046  0.03513  -0.02588 -0.0004208 | -1.0564
iteration 5...
-1.428   0.3808   -0.9046  0.03513  -0.02588 -0.0004208 | -1.0564
-1.428   0.3847   -0.9046  0.03513  -0.02588 -0.0004208 | -1.0564
-1.428   0.3847   -0.9046  0.03513  -0.02588 -0.0004208 | -1.0564
-1.428   0.3847   -0.9046  0.03489  -0.02588 -0.0004208 | -1.0564
-1.428   0.3847   -0.9046  0.03489  -0.02595 -0.0004208 | -1.0564
-1.428   0.3847   -0.9046  0.03489  -0.02595 -0.0004153 | -1.0564
iteration 1...
-1.373   0.3847   -0.9046  0.03489  -0.02595 -0.0004153 | -1.0562
-1.373   0.7189   -0.9046  0.03489  -0.02595 -0.0004153 | -1.0563
-1.373   0.7189   -1.039   0.03489  -0.02595 -0.0004153 | -1.0563
-1.373   0.7189   -1.039   0.03162  -0.02595 -0.0004153 | -1.0563
-1.373   0.7189   -1.039   0.03162  -0.01982 -0.0004153 | -1.0563
-1.373   0.7189   -1.039   0.03162  -0.01982 -0.0008328 | -1.0563
iteration 2...
-1.486   0.7189   -1.039   0.03162  -0.01982 -0.0008328 | -1.0563
-1.486   0.8079   -1.039   0.03162  -0.01982 -0.0008328 | -1.0563
-1.486   0.8079   -1.018   0.03162  -0.01982 -0.0008328 | -1.0563
-1.486   0.8079   -1.018   0.03071  -0.01982 -0.0008328 | -1.0563
-1.486   0.8079   -1.018   0.03071  -0.01838 -0.0008328 | -1.0563
-1.486   0.8079   -1.018   0.03071  -0.01838 -0.0008328 | -1.0563
iteration 3...
-1.499   0.8079   -1.018   0.03071  -0.01838 -0.0008328 | -1.0563
-1.499   0.8154   -1.018   0.03071  -0.01838 -0.0008328 | -1.0563
-1.499   0.8154   -1.035   0.03071  -0.01838 -0.0008328 | -1.0563
-1.499   0.8154   -1.035   0.03071  -0.01838 -0.0008328 | -1.0563
-1.499   0.8154   -1.035   0.03071  -0.01838 -0.0008328 | -1.0563
-1.499   0.8154   -1.035   0.03071  -0.01838 -0.001405 | -1.0563
-1.511   0.8228   -1.051   0.03071  -0.01838 -0.001978 | -1.0563
iteration 4...
-1.505   0.8228   -1.051   0.03071  -0.01838 -0.001978 | -1.0563
-1.505   0.8228   -1.051   0.03071  -0.01838 -0.001978 | -1.0563
-1.505   0.8228   -1.04    0.03071  -0.01838 -0.001978 | -1.0563
-1.505   0.8228   -1.04    0.03071  -0.01838 -0.001978 | -1.0563
-1.505   0.8228   -1.04    0.03071  -0.01838 -0.001978 | -1.0563
-1.505   0.8228   -1.04    0.03071  -0.01838 -0.001978 | -1.0563
Done    'Coregister: Estimate'
Done

CoReg Done in 25.328650 seconds

All done with coregistration.
>> >> 
No sandbox specified



Start   : Thu Nov 22 01:35:03 EST 2018
Finish  : Thu Nov 22 01:35:59 EST 2018


