
                            < M A T L A B (R) >
                  Copyright 1984-2015 The MathWorks, Inc.
                   R2015b (8.6.0.267246) 64-bit (glnxa64)
                              August 20, 2015

 
To get started, type one of these: helpwin, helpdesk, or demo.
For product information, visit www.mathworks.com.
 

	Academic License

>> >> >> >> Coregistation Script Created on 181121_21_15_51_065
>> >> >> >> >> >> [Warning: Name is nonexistent or not a directory:
/Users/rcwelsh/matlabScripts/WELLES/mfiles] 
[> In path (line 109)
  In addpath (line 86)] 
>> >> >> >> >> 
UMBatchJobName =

coregOverlay_181121_21_15_51_065_tehsheng_madcbrai

>> 
UMBatchProcessName =

coregOverlay

>> >> Initializing the job manager in SPM8

UMReSlice =

     0



Calling UMBatchCoReg with:
/nfs/fmri/Analysis/Sean_Working/Git_MADC/preprocess/../../Subjects_ABCDResting/madc1394_scan1/func//run_01/utprun_01.nii
/nfs/fmri/Analysis/Sean_Working/Subjects_ABCDResting/madc1394_scan1/func/coReg/t1mprage.nii
UMReSlice:0
Entering UMBatchCoReg V2.0 for SPM8
Coreging /nfs/fmri/Analysis/Sean_Working/Subjects_ABCDResting/madc1394_scan1/func/coReg/t1mprage.nii to
         /nfs/fmri/Analysis/Sean_Working/Git_MADC/preprocess/../../Subjects_ABCDResting/madc1394_scan1/func//run_01/utprun_01.nii


------------------------------------------------------------------------
Running job #1
------------------------------------------------------------------------
Running 'Coregister: Estimate'
iteration 1...
-1.898   0        0        0        0        0        | -1.0564
-1.898   1.914    0        0        0        0        | -1.057
-1.898   1.914    0.06229  0        0        0        | -1.057
-1.898   1.914    0.06229  0        0        0        | -1.057
-1.898   1.914    0.06229  0        0.00366  0        | -1.057
-1.898   1.914    0.06229  0        0.00366  -0.001486 | -1.057
iteration 2...
-1.667   1.914    0.06229  0        0.00366  -0.001486 | -1.057
-1.667   1.936    0.06229  0        0.00366  -0.001486 | -1.057
-1.667   1.936    0.1218   0        0.00366  -0.001486 | -1.057
-1.667   1.936    0.1218   -0.001126 0.00366  -0.001486 | -1.057
-1.667   1.936    0.1218   -0.001126 0.009173 -0.001486 | -1.057
-1.667   1.936    0.1218   -0.001126 0.009173 -0.002029 | -1.057
-1.053   1.992    0.28     -0.004115 0.02381  -0.003473 | -1.0571
iteration 3...
-1.052   1.992    0.28     -0.004115 0.02381  -0.003473 | -1.0571
-1.052   1.397    0.28     -0.004115 0.02381  -0.003473 | -1.0571
-1.052   1.397    0.2318   -0.004115 0.02381  -0.003473 | -1.0571
-1.052   1.397    0.2318   -0.01034 0.02381  -0.003473 | -1.0571
-1.052   1.397    0.2318   -0.01034 0.02381  -0.003473 | -1.0571
-1.052   1.397    0.2318   -0.01034 0.02381  -0.009681 | -1.0571
iteration 4...
-1.052   1.397    0.2318   -0.01034 0.02381  -0.009681 | -1.0571
-1.052   1.348    0.2318   -0.01034 0.02381  -0.009681 | -1.0571
-1.052   1.348    -0.1476  -0.01034 0.02381  -0.009681 | -1.0572
-1.052   1.348    -0.1476  -0.01096 0.02381  -0.009681 | -1.0572
-1.052   1.348    -0.1476  -0.01096 0.02381  -0.009681 | -1.0572
-1.052   1.348    -0.1476  -0.01096 0.02381  -0.009681 | -1.0572
iteration 5...
-1.052   1.348    -0.1476  -0.01096 0.02381  -0.009681 | -1.0572
-1.052   1.339    -0.1476  -0.01096 0.02381  -0.009681 | -1.0572
-1.052   1.339    -0.1767  -0.01096 0.02381  -0.009681 | -1.0572
-1.052   1.339    -0.1767  -0.01096 0.02381  -0.009681 | -1.0572
-0.9011  1.352    -0.1379  -0.01169 0.02741  -0.01004 | -1.0572
-0.9011  1.352    -0.1379  -0.01169 0.02741  -0.01004 | -1.0572
iteration 6...
-0.9011  1.352    -0.1379  -0.01169 0.02741  -0.01004 | -1.0572
-0.9011  1.39     -0.1379  -0.01169 0.02741  -0.01004 | -1.0572
-0.9011  1.39     -0.2399  -0.01169 0.02741  -0.01004 | -1.0572
-0.9011  1.39     -0.2399  -0.01169 0.02741  -0.01004 | -1.0572
-0.8866  1.391    -0.2362  -0.01177 0.02775  -0.01007 | -1.0572
-0.8866  1.391    -0.2362  -0.01177 0.02775  -0.01007 | -1.0572
iteration 7...
-0.9122  1.391    -0.2362  -0.01177 0.02775  -0.01007 | -1.0572
-0.9122  1.378    -0.2362  -0.01177 0.02775  -0.01007 | -1.0572
-0.9122  1.378    -0.2362  -0.01177 0.02775  -0.01007 | -1.0572
-0.9122  1.378    -0.2362  -0.0116  0.02775  -0.01007 | -1.0572
-0.9228  1.377    -0.2389  -0.01155 0.0275   -0.01004 | -1.0572
-0.9228  1.377    -0.2389  -0.01155 0.0275   -0.01004 | -1.0572
iteration 8...
-0.9228  1.377    -0.2389  -0.01155 0.0275   -0.01004 | -1.0572
-0.9228  1.383    -0.2389  -0.01155 0.0275   -0.01004 | -1.0572
-0.9228  1.383    -0.2061  -0.01155 0.0275   -0.01004 | -1.0572
-0.9228  1.383    -0.2061  -0.01155 0.0275   -0.01004 | -1.0572
-0.9228  1.383    -0.2061  -0.01155 0.0275   -0.01004 | -1.0572
-0.9228  1.383    -0.2061  -0.01155 0.0275   -0.01004 | -1.0572
iteration 9...
-0.9228  1.383    -0.2061  -0.01155 0.0275   -0.01004 | -1.0572
-0.9228  1.383    -0.2061  -0.01155 0.0275   -0.01004 | -1.0572
-0.9228  1.383    -0.2061  -0.01155 0.0275   -0.01004 | -1.0572
-0.9228  1.383    -0.2061  -0.01155 0.0275   -0.01004 | -1.0572
-0.9228  1.383    -0.2061  -0.01155 0.0275   -0.01004 | -1.0572
-0.9228  1.383    -0.2061  -0.01155 0.0275   -0.01004 | -1.0572
iteration 1...
-0.9384  1.383    -0.2061  -0.01155 0.0275   -0.01004 | -1.0571
-0.9384  1.305    -0.2061  -0.01155 0.0275   -0.01004 | -1.0571
-0.9384  1.305    -0.1663  -0.01155 0.0275   -0.01004 | -1.0571
-0.9384  1.305    -0.1663  -0.003598 0.0275   -0.01004 | -1.0571
-0.9384  1.305    -0.1663  -0.003598 0.02517  -0.01004 | -1.0571
-0.9384  1.305    -0.1663  -0.003598 0.02517  -0.01111 | -1.0571
iteration 2...
-1.113   1.305    -0.1663  -0.003598 0.02517  -0.01111 | -1.0571
-1.113   1.449    -0.1663  -0.003598 0.02517  -0.01111 | -1.0571
-1.113   1.449    -0.213   -0.003598 0.02517  -0.01111 | -1.0571
-1.113   1.449    -0.213   -0.001692 0.02517  -0.01111 | -1.0571
-1.113   1.449    -0.213   -0.001692 0.02215  -0.01111 | -1.0571
-1.113   1.449    -0.213   -0.001692 0.02215  -0.01175 | -1.0571
-1.23    1.545    -0.2442  -0.0004186 0.02013  -0.01217 | -1.0571
iteration 3...
-1.23    1.545    -0.2442  -0.0004186 0.02013  -0.01217 | -1.0571
-1.23    1.52     -0.2442  -0.0004186 0.02013  -0.01217 | -1.0571
-1.23    1.52     -0.1916  -0.0004186 0.02013  -0.01217 | -1.0571
-1.23    1.52     -0.1916  -0.0004186 0.02013  -0.01217 | -1.0571
-1.23    1.52     -0.1916  -0.0004186 0.02013  -0.01217 | -1.0571
-1.23    1.52     -0.1916  -0.0004186 0.02013  -0.01217 | -1.0571
iteration 4...
-1.236   1.525    -0.1932  -0.0003513 0.02003  -0.01219 | -1.0571
-1.236   1.512    -0.1932  -0.0003513 0.02003  -0.01219 | -1.0571
-1.236   1.512    -0.1932  -0.0003513 0.02003  -0.01219 | -1.0571
-1.236   1.512    -0.1932  -0.0003513 0.02003  -0.01219 | -1.0571
-1.236   1.512    -0.1932  -0.0003513 0.02003  -0.01219 | -1.0571
-1.236   1.512    -0.1932  -0.0003513 0.02003  -0.01219 | -1.0571
Done    'Coregister: Estimate'
Done

CoReg Done in 29.414775 seconds

All done with coregistration.
>> >> 
No sandbox specified



Start   : Wed Nov 21 21:15:54 EST 2018
Finish  : Wed Nov 21 21:17:01 EST 2018


