
                            < M A T L A B (R) >
                  Copyright 1984-2015 The MathWorks, Inc.
                   R2015b (8.6.0.267246) 64-bit (glnxa64)
                              August 20, 2015

 
To get started, type one of these: helpwin, helpdesk, or demo.
For product information, visit www.mathworks.com.
 

	Academic License

>> >> >> >> Coregistation Script Created on 181122_04_54_56_228
>> >> >> >> >> >> [Warning: Name is nonexistent or not a directory:
/Users/rcwelsh/matlabScripts/WELLES/mfiles] 
[> In path (line 109)
  In addpath (line 86)] 
>> >> >> >> >> 
UMBatchJobName =

coregOverlay_181122_04_54_56_228_tehsheng_madcbrai

>> 
UMBatchProcessName =

coregOverlay

>> >> Initializing the job manager in SPM8

UMReSlice =

     0



Calling UMBatchCoReg with:
/nfs/fmri/Analysis/Sean_Working/Git_MADC/preprocess/../../Subjects_ABCDResting/madc1484_scan1/func//run_01/utprun_01.nii
/nfs/fmri/Analysis/Sean_Working/Subjects_ABCDResting/madc1484_scan1/func/coReg/t1mprage.nii
UMReSlice:0
Entering UMBatchCoReg V2.0 for SPM8
Coreging /nfs/fmri/Analysis/Sean_Working/Subjects_ABCDResting/madc1484_scan1/func/coReg/t1mprage.nii to
         /nfs/fmri/Analysis/Sean_Working/Git_MADC/preprocess/../../Subjects_ABCDResting/madc1484_scan1/func//run_01/utprun_01.nii


------------------------------------------------------------------------
Running job #1
------------------------------------------------------------------------
Running 'Coregister: Estimate'
iteration 1...
-0.7745  0        0        0        0        0        | -1.0459
-0.7745  2.46     0        0        0        0        | -1.0465
-0.7745  2.46     -2.269   0        0        0        | -1.047
-0.7745  2.46     -2.269   0.01595  0        0        | -1.0471
-0.7745  2.46     -2.269   0.01595  0        0        | -1.0471
-0.7745  2.46     -2.269   0.01595  0        0        | -1.0471
iteration 2...
-1.378   2.46     -2.269   0.01595  0        0        | -1.0471
-1.378   2.312    -2.269   0.01595  0        0        | -1.0471
-1.378   2.312    -2.133   0.01595  0        0        | -1.0471
-1.378   2.312    -2.133   0.01991  0        0        | -1.0471
-1.378   2.312    -2.133   0.01991  0        0        | -1.0471
-1.378   2.312    -2.133   0.01991  0        0        | -1.0471
iteration 3...
-1.378   2.312    -2.133   0.01991  0        0        | -1.0471
-1.378   2.312    -2.133   0.01991  0        0        | -1.0471
-1.378   2.312    -2.148   0.01991  0        0        | -1.0471
-1.378   2.312    -2.148   0.01991  0        0        | -1.0471
-1.378   2.312    -2.148   0.01991  0        0        | -1.0471
-1.378   2.312    -2.148   0.01991  0        0        | -1.0471
iteration 1...
-1.129   2.312    -2.148   0.01991  0        0        | -1.047
-1.129   2.004    -2.148   0.01991  0        0        | -1.047
-1.129   2.004    -2.237   0.01991  0        0        | -1.047
-1.129   2.004    -2.237   0.01286  0        0        | -1.047
-1.129   2.004    -2.237   0.01286  -0.01261 0        | -1.047
-1.129   2.004    -2.237   0.01286  -0.01261 -0.003817 | -1.047
iteration 2...
-1.129   2.004    -2.237   0.01286  -0.01261 -0.003817 | -1.047
-1.129   2.142    -2.237   0.01286  -0.01261 -0.003817 | -1.047
-1.129   2.142    -2.115   0.01286  -0.01261 -0.003817 | -1.047
-1.129   2.142    -2.115   0.0162   -0.01261 -0.003817 | -1.047
-1.129   2.142    -2.115   0.0162   -0.01367 -0.003817 | -1.047
-1.129   2.142    -2.115   0.0162   -0.01367 -0.004095 | -1.047
iteration 3...
-1.129   2.142    -2.115   0.0162   -0.01367 -0.004095 | -1.047
-1.129   2.116    -2.115   0.0162   -0.01367 -0.004095 | -1.047
-1.129   2.116    -2.136   0.0162   -0.01367 -0.004095 | -1.047
-1.129   2.116    -2.136   0.0162   -0.01367 -0.004095 | -1.047
-1.129   2.116    -2.136   0.0162   -0.01367 -0.004095 | -1.047
-1.129   2.116    -2.136   0.0162   -0.01367 -0.004095 | -1.047
iteration 4...
-1.129   2.116    -2.136   0.0162   -0.01367 -0.004095 | -1.047
-1.129   2.116    -2.136   0.0162   -0.01367 -0.004095 | -1.047
-1.129   2.116    -2.136   0.0162   -0.01367 -0.004095 | -1.047
-1.129   2.116    -2.136   0.0162   -0.01367 -0.004095 | -1.047
-1.129   2.116    -2.136   0.0162   -0.01367 -0.004095 | -1.047
-1.129   2.116    -2.136   0.0162   -0.01367 -0.004095 | -1.047
Done    'Coregister: Estimate'
Done

CoReg Done in 26.219300 seconds

All done with coregistration.
>> >> 
No sandbox specified



Start   : Thu Nov 22 04:54:57 EST 2018
Finish  : Thu Nov 22 04:55:57 EST 2018


