
                            < M A T L A B (R) >
                  Copyright 1984-2015 The MathWorks, Inc.
                   R2015b (8.6.0.267246) 64-bit (glnxa64)
                              August 20, 2015

 
To get started, type one of these: helpwin, helpdesk, or demo.
For product information, visit www.mathworks.com.
 

	Academic License

>> >> >> >> Coregistation Script Created on 181121_12_47_37_028
>> >> >> >> >> >> [Warning: Name is nonexistent or not a directory:
/Users/rcwelsh/matlabScripts/WELLES/mfiles] 
[> In path (line 109)
  In addpath (line 86)] 
>> >> >> >> >> 
UMBatchJobName =

coregOverlay_181121_12_47_37_028_tehsheng_madcbrai

>> 
UMBatchProcessName =

coregOverlay

>> >> Initializing the job manager in SPM8

UMReSlice =

     0



Calling UMBatchCoReg with:
/nfs/fmri/Analysis/Sean_Working/Git_MADC/preprocess/../../Subjects_ABCDResting/madc1408_scan1/func//run_01/utprun_01.nii
/nfs/fmri/Analysis/Sean_Working/Subjects_ABCDResting/madc1408_scan1/func/coReg/t1mprage.nii
UMReSlice:0
Entering UMBatchCoReg V2.0 for SPM8
Coreging /nfs/fmri/Analysis/Sean_Working/Subjects_ABCDResting/madc1408_scan1/func/coReg/t1mprage.nii to
         /nfs/fmri/Analysis/Sean_Working/Git_MADC/preprocess/../../Subjects_ABCDResting/madc1408_scan1/func//run_01/utprun_01.nii


------------------------------------------------------------------------
Running job #1
------------------------------------------------------------------------
Running 'Coregister: Estimate'
iteration 1...
-1.867   0        0        0        0        0        | -1.0479
-1.867   -1.01    0        0        0        0        | -1.048
-1.867   -1.01    -1.174   0        0        0        | -1.0485
-1.867   -1.01    -1.174   0.001207 0        0        | -1.0485
-1.867   -1.01    -1.174   0.001207 0        0        | -1.0485
-1.867   -1.01    -1.174   0.001207 0        0        | -1.0485
iteration 2...
-1.863   -1.01    -1.174   0.001207 0        0        | -1.0485
-1.863   -0.7092  -1.174   0.001207 0        0        | -1.0485
-1.863   -0.7092  -1.184   0.001207 0        0        | -1.0485
-1.863   -0.7092  -1.184   -0.001485 0        0        | -1.0485
-1.863   -0.7092  -1.184   -0.001485 0        0        | -1.0485
-1.863   -0.7092  -1.184   -0.001485 0        0        | -1.0485
iteration 3...
-1.862   -0.7092  -1.184   -0.001485 0        0        | -1.0485
-1.862   -0.6081  -1.184   -0.001485 0        0        | -1.0486
-1.862   -0.6081  -1.189   -0.001485 0        0        | -1.0486
-1.862   -0.6081  -1.189   -0.002691 0        0        | -1.0486
-1.862   -0.6081  -1.189   -0.002691 0        0        | -1.0486
-1.862   -0.6081  -1.189   -0.002691 0        0        | -1.0486
iteration 4...
-1.86    -0.6081  -1.189   -0.002691 0        0        | -1.0486
-1.86    -0.5652  -1.189   -0.002691 0        0        | -1.0486
-1.86    -0.5652  -1.19    -0.002691 0        0        | -1.0486
-1.86    -0.5652  -1.19    -0.002691 0        0        | -1.0486
-1.86    -0.5652  -1.19    -0.002691 0        0        | -1.0486
-1.86    -0.5652  -1.19    -0.002691 0        0        | -1.0486
iteration 5...
-1.855   -0.5652  -1.19    -0.002691 0        0        | -1.0486
-1.855   -0.5722  -1.19    -0.002691 0        0        | -1.0486
-1.855   -0.5722  -1.19    -0.002691 0        0        | -1.0486
-1.855   -0.5722  -1.19    -0.002869 0        0        | -1.0486
-1.855   -0.5722  -1.19    -0.002869 0        0        | -1.0486
-1.855   -0.5722  -1.19    -0.002869 0        0        | -1.0486
iteration 1...
-1.743   -0.5722  -1.19    -0.002869 0        0        | -1.0485
-1.743   -0.3478  -1.19    -0.002869 0        0        | -1.0485
-1.743   -0.3478  -1.405   -0.002869 0        0        | -1.0485
-1.743   -0.3478  -1.405   -0.00143 0        0        | -1.0485
-1.743   -0.3478  -1.405   -0.00143 -0.00354 0        | -1.0485
-1.743   -0.3478  -1.405   -0.00143 -0.00354 0.003197 | -1.0485
iteration 2...
-1.66    -0.3478  -1.405   -0.00143 -0.00354 0.003197 | -1.0485
-1.66    -0.3424  -1.405   -0.00143 -0.00354 0.003197 | -1.0485
-1.66    -0.3424  -1.426   -0.00143 -0.00354 0.003197 | -1.0485
-1.66    -0.3424  -1.426   -0.00135 -0.00354 0.003197 | -1.0485
-1.66    -0.3424  -1.426   -0.00135 -0.00491 0.003197 | -1.0485
-1.66    -0.3424  -1.426   -0.00135 -0.00491 0.002962 | -1.0485
-1.59    -0.3378  -1.444   -0.001282 -0.006068 0.002763 | -1.0485
iteration 3...
-1.59    -0.3378  -1.444   -0.001282 -0.006068 0.002763 | -1.0485
-1.59    -0.3378  -1.444   -0.001282 -0.006068 0.002763 | -1.0485
-1.59    -0.3378  -1.402   -0.001282 -0.006068 0.002763 | -1.0485
-1.59    -0.3378  -1.402   -0.001195 -0.006068 0.002763 | -1.0485
-1.59    -0.3378  -1.402   -0.001195 -0.006068 0.002763 | -1.0485
-1.59    -0.3378  -1.402   -0.001195 -0.006068 0.002763 | -1.0485
iteration 4...
-1.577   -0.3369  -1.406   -0.001181 -0.006296 0.002724 | -1.0485
-1.577   -0.3457  -1.406   -0.001181 -0.006296 0.002724 | -1.0485
-1.577   -0.3457  -1.397   -0.001181 -0.006296 0.002724 | -1.0485
-1.577   -0.3457  -1.397   -0.001045 -0.006296 0.002724 | -1.0485
-1.577   -0.3457  -1.397   -0.001045 -0.006296 0.002724 | -1.0485
-1.577   -0.3457  -1.397   -0.001045 -0.006296 0.002724 | -1.0485
Done    'Coregister: Estimate'
Done

CoReg Done in 29.461050 seconds

All done with coregistration.
>> >> 
No sandbox specified



Start   : Wed Nov 21 12:47:39 EST 2018
Finish  : Wed Nov 21 12:49:00 EST 2018


