
                            < M A T L A B (R) >
                  Copyright 1984-2015 The MathWorks, Inc.
                   R2015b (8.6.0.267246) 64-bit (glnxa64)
                              August 20, 2015

 
To get started, type one of these: helpwin, helpdesk, or demo.
For product information, visit www.mathworks.com.
 

	Academic License

>> >> >> >> Coregistation Script Created on 181121_19_59_06_941
>> >> >> >> >> >> [Warning: Name is nonexistent or not a directory:
/Users/rcwelsh/matlabScripts/WELLES/mfiles] 
[> In path (line 109)
  In addpath (line 86)] 
>> >> >> >> >> 
UMBatchJobName =

coregOverlay_181121_19_59_06_941_tehsheng_madcbrai

>> 
UMBatchProcessName =

coregOverlay

>> >> Initializing the job manager in SPM8

UMReSlice =

     0



Calling UMBatchCoReg with:
/nfs/fmri/Analysis/Sean_Working/Git_MADC/preprocess/../../Subjects_ABCDResting/madc1388_scan1/func//run_01/utprun_01.nii
/nfs/fmri/Analysis/Sean_Working/Subjects_ABCDResting/madc1388_scan1/func/coReg/t1mprage.nii
UMReSlice:0
Entering UMBatchCoReg V2.0 for SPM8
Coreging /nfs/fmri/Analysis/Sean_Working/Subjects_ABCDResting/madc1388_scan1/func/coReg/t1mprage.nii to
         /nfs/fmri/Analysis/Sean_Working/Git_MADC/preprocess/../../Subjects_ABCDResting/madc1388_scan1/func//run_01/utprun_01.nii


------------------------------------------------------------------------
Running job #1
------------------------------------------------------------------------
Running 'Coregister: Estimate'
iteration 1...
-1.676   0        0        0        0        0        | -1.0487
-1.676   0.4944   0        0        0        0        | -1.0487
-1.676   0.4944   -1.136   0        0        0        | -1.049
-1.676   0.4944   -1.136   0.07349  0        0        | -1.0498
-1.676   0.4944   -1.136   0.07349  0        0        | -1.0498
-1.676   0.4944   -1.136   0.07349  0        -0.01135 | -1.0499
iteration 2...
-1.811   0.4944   -1.136   0.07349  0        -0.01135 | -1.0499
-1.811   0.7742   -1.136   0.07349  0        -0.01135 | -1.0499
-1.811   0.7742   -1.103   0.07349  0        -0.01135 | -1.0499
-1.811   0.7742   -1.103   0.07336  0        -0.01135 | -1.0499
-1.811   0.7742   -1.103   0.07336  0.0008608 -0.01135 | -1.0499
-1.811   0.7742   -1.103   0.07336  0.0008608 -0.01135 | -1.0499
iteration 3...
-1.811   0.7742   -1.103   0.07336  0.0008608 -0.01135 | -1.0499
-1.811   0.7405   -1.103   0.07336  0.0008608 -0.01135 | -1.0499
-1.811   0.7405   -1.101   0.07336  0.0008608 -0.01135 | -1.0499
-1.811   0.7405   -1.101   0.07336  0.0008608 -0.01135 | -1.0499
-1.811   0.7405   -1.101   0.07336  0.0008608 -0.01135 | -1.0499
-1.811   0.7405   -1.101   0.07336  0.0008608 -0.01135 | -1.0499
iteration 4...
-1.811   0.7405   -1.101   0.07336  0.0008608 -0.01135 | -1.0499
-1.811   0.7405   -1.101   0.07336  0.0008608 -0.01135 | -1.0499
-1.811   0.7405   -1.1     0.07336  0.0008608 -0.01135 | -1.0499
-1.811   0.7405   -1.1     0.07336  0.0008608 -0.01135 | -1.0499
-1.811   0.7405   -1.1     0.07336  0.0008608 -0.01135 | -1.0499
-1.811   0.7405   -1.1     0.07336  0.0008608 -0.01135 | -1.0499
iteration 1...
-1.793   0.7405   -1.1     0.07336  0.0008608 -0.01135 | -1.0498
-1.793   1.096    -1.1     0.07336  0.0008608 -0.01135 | -1.0498
-1.793   1.096    -1.114   0.07336  0.0008608 -0.01135 | -1.0498
-1.793   1.096    -1.114   0.06708  0.0008608 -0.01135 | -1.0498
-1.793   1.096    -1.114   0.06708  -0.009602 -0.01135 | -1.0498
-1.793   1.096    -1.114   0.06708  -0.009602 -0.01528 | -1.0499
iteration 2...
-1.793   1.096    -1.114   0.06708  -0.009602 -0.01528 | -1.0499
-1.793   1.198    -1.114   0.06708  -0.009602 -0.01528 | -1.0499
-1.793   1.198    -1.082   0.06708  -0.009602 -0.01528 | -1.0499
-1.793   1.198    -1.082   0.06708  -0.009602 -0.01528 | -1.0499
-1.793   1.198    -1.082   0.06708  -0.0108  -0.01528 | -1.0499
-1.793   1.198    -1.082   0.06708  -0.0108  -0.01528 | -1.0499
iteration 3...
-1.793   1.198    -1.082   0.06708  -0.0108  -0.01528 | -1.0499
-1.793   1.189    -1.082   0.06708  -0.0108  -0.01528 | -1.0499
-1.793   1.189    -1.088   0.06708  -0.0108  -0.01528 | -1.0499
-1.793   1.189    -1.088   0.06708  -0.0108  -0.01528 | -1.0499
-1.793   1.189    -1.088   0.06708  -0.0108  -0.01528 | -1.0499
-1.793   1.189    -1.088   0.06708  -0.0108  -0.01528 | -1.0499
Done    'Coregister: Estimate'
Done

CoReg Done in 24.241977 seconds

All done with coregistration.
>> >> 
No sandbox specified



Start   : Wed Nov 21 19:59:10 EST 2018
Finish  : Wed Nov 21 20:00:14 EST 2018


