
                            < M A T L A B (R) >
                  Copyright 1984-2015 The MathWorks, Inc.
                   R2015b (8.6.0.267246) 64-bit (glnxa64)
                              August 20, 2015

 
To get started, type one of these: helpwin, helpdesk, or demo.
For product information, visit www.mathworks.com.
 

	Academic License

>> >> >> >> Coregistation Script Created on 181121_17_34_15_923
>> >> >> >> >> >> [Warning: Name is nonexistent or not a directory:
/Users/rcwelsh/matlabScripts/WELLES/mfiles] 
[> In path (line 109)
  In addpath (line 86)] 
>> >> >> >> >> 
UMBatchJobName =

coregOverlay_181121_17_34_15_923_tehsheng_madcbrai

>> 
UMBatchProcessName =

coregOverlay

>> >> Initializing the job manager in SPM8

UMReSlice =

     0



Calling UMBatchCoReg with:
/nfs/fmri/Analysis/Sean_Working/Git_MADC/preprocess/../../Subjects_ABCDResting/madc1423_scan1/func//run_01/utprun_01.nii
/nfs/fmri/Analysis/Sean_Working/Subjects_ABCDResting/madc1423_scan1/func/coReg/t1mprage.nii
UMReSlice:0
Entering UMBatchCoReg V2.0 for SPM8
Coreging /nfs/fmri/Analysis/Sean_Working/Subjects_ABCDResting/madc1423_scan1/func/coReg/t1mprage.nii to
         /nfs/fmri/Analysis/Sean_Working/Git_MADC/preprocess/../../Subjects_ABCDResting/madc1423_scan1/func//run_01/utprun_01.nii


------------------------------------------------------------------------
Running job #1
------------------------------------------------------------------------
Running 'Coregister: Estimate'
iteration 1...
-0.6472  0        0        0        0        0        | -1.0466
-0.6472  1.237    0        0        0        0        | -1.0469
-0.6472  1.237    0.02229  0        0        0        | -1.0469
-0.6472  1.237    0.02229  0.01405  0        0        | -1.0469
-0.6472  1.237    0.02229  0.01405  0        0        | -1.0469
-0.6472  1.237    0.02229  0.01405  0        0        | -1.0469
iteration 2...
-0.6472  1.237    0.02229  0.01405  0        0        | -1.0469
-0.6472  2.168    0.02229  0.01405  0        0        | -1.0471
-0.6472  2.168    -0.1397  0.01405  0        0        | -1.0471
-0.6472  2.168    -0.1397  0.02262  0        0        | -1.0471
-0.6472  2.168    -0.1397  0.02262  0        0        | -1.0471
-0.6472  2.168    -0.1397  0.02262  0        0        | -1.0471
iteration 3...
-0.6472  2.168    -0.1397  0.02262  0        0        | -1.0471
-0.6472  2.312    -0.1397  0.02262  0        0        | -1.0471
-0.6472  2.312    0.1189   0.02262  0        0        | -1.0472
-0.6472  2.312    0.1189   0.0257   0        0        | -1.0472
-0.6472  2.312    0.1189   0.0257   0        0        | -1.0472
-0.6472  2.312    0.1189   0.0257   0        0        | -1.0472
iteration 4...
-0.629   2.312    0.1189   0.0257   0        0        | -1.0472
-0.629   2.34     0.1189   0.0257   0        0        | -1.0472
-0.629   2.34     0.2146   0.0257   0        0        | -1.0472
-0.629   2.34     0.2146   0.02701  0        0        | -1.0472
-0.629   2.34     0.2146   0.02701  0        0        | -1.0472
-0.629   2.34     0.2146   0.02701  0        0        | -1.0472
iteration 5...
-0.629   2.34     0.2146   0.02701  0        0        | -1.0472
-0.629   2.341    0.2146   0.02701  0        0        | -1.0472
-0.629   2.341    0.2705   0.02701  0        0        | -1.0472
-0.629   2.341    0.2705   0.02793  0        0        | -1.0472
-0.629   2.341    0.2705   0.02793  0        0        | -1.0472
-0.629   2.341    0.2705   0.02793  0        0        | -1.0472
iteration 6...
-0.6405  2.341    0.2705   0.02793  0        0        | -1.0472
-0.6405  2.351    0.2705   0.02793  0        0        | -1.0472
-0.6405  2.351    0.2804   0.02793  0        0        | -1.0472
-0.6405  2.351    0.2804   0.02793  0        0        | -1.0472
-0.6405  2.351    0.2804   0.02793  0        0        | -1.0472
-0.6405  2.351    0.2804   0.02793  0        0        | -1.0472
iteration 1...
-0.6405  2.351    0.2804   0.02793  0        0        | -1.0469
-0.6405  2.244    0.2804   0.02793  0        0        | -1.047
-0.6405  2.244    0.05961  0.02793  0        0        | -1.047
-0.6405  2.244    0.05961  0.03243  0        0        | -1.047
-0.6405  2.244    0.05961  0.03243  0        0        | -1.047
-0.6405  2.244    0.05961  0.03243  0        -0.005154 | -1.047
iteration 2...
-0.6405  2.244    0.05961  0.03243  0        -0.005154 | -1.047
-0.6405  2.382    0.05961  0.03243  0        -0.005154 | -1.047
-0.6405  2.382    0.1336   0.03243  0        -0.005154 | -1.047
-0.6405  2.382    0.1336   0.03376  0        -0.005154 | -1.047
-0.6405  2.382    0.1336   0.03376  0        -0.005154 | -1.047
-0.6405  2.382    0.1336   0.03376  0        -0.005154 | -1.047
iteration 3...
-0.6405  2.382    0.1336   0.03376  0        -0.005154 | -1.047
-0.6405  2.398    0.1336   0.03376  0        -0.005154 | -1.047
-0.6405  2.398    0.1804   0.03376  0        -0.005154 | -1.047
-0.6405  2.398    0.1804   0.03455  0        -0.005154 | -1.047
-0.6405  2.398    0.1804   0.03455  0        -0.005154 | -1.047
-0.6405  2.398    0.1804   0.03455  0        -0.005154 | -1.047
-0.6405  2.408    0.2095   0.03504  0        -0.005154 | -1.047
iteration 4...
-0.6405  2.408    0.2095   0.03504  0        -0.005154 | -1.047
-0.6405  2.426    0.2095   0.03504  0        -0.005154 | -1.047
-0.6405  2.424    0.2052   0.03497  0        -0.005154 | -1.047
-0.6405  2.424    0.2052   0.03497  0        -0.005154 | -1.047
-0.6405  2.424    0.2052   0.03497  0.0001735 -0.005154 | -1.047
-0.6405  2.424    0.2052   0.03497  0.0001735 -0.005154 | -1.047
Done    'Coregister: Estimate'
Done

CoReg Done in 29.765314 seconds

All done with coregistration.
>> >> 
No sandbox specified



Start   : Wed Nov 21 17:34:21 EST 2018
Finish  : Wed Nov 21 17:35:37 EST 2018


