
                            < M A T L A B (R) >
                  Copyright 1984-2015 The MathWorks, Inc.
                   R2015b (8.6.0.267246) 64-bit (glnxa64)
                              August 20, 2015

 
To get started, type one of these: helpwin, helpdesk, or demo.
For product information, visit www.mathworks.com.
 

	Academic License

>> >> >> >> Coregistation Script Created on 181121_13_38_41_286
>> >> >> >> >> >> [Warning: Name is nonexistent or not a directory:
/Users/rcwelsh/matlabScripts/WELLES/mfiles] 
[> In path (line 109)
  In addpath (line 86)] 
>> >> >> >> >> 
UMBatchJobName =

coregOverlay_181121_13_38_41_286_tehsheng_madcbrai

>> 
UMBatchProcessName =

coregOverlay

>> >> Initializing the job manager in SPM8

UMReSlice =

     0



Calling UMBatchCoReg with:
/nfs/fmri/Analysis/Sean_Working/Git_MADC/preprocess/../../Subjects_ABCDResting/madc1357_scan1/func//run_01/utprun_01.nii
/nfs/fmri/Analysis/Sean_Working/Subjects_ABCDResting/madc1357_scan1/func/coReg/t1mprage.nii
UMReSlice:0
Entering UMBatchCoReg V2.0 for SPM8
Coreging /nfs/fmri/Analysis/Sean_Working/Subjects_ABCDResting/madc1357_scan1/func/coReg/t1mprage.nii to
         /nfs/fmri/Analysis/Sean_Working/Git_MADC/preprocess/../../Subjects_ABCDResting/madc1357_scan1/func//run_01/utprun_01.nii


------------------------------------------------------------------------
Running job #1
------------------------------------------------------------------------
Running 'Coregister: Estimate'
iteration 1...
-1.726   0        0        0        0        0        | -1.0484
-1.726   2.568    0        0        0        0        | -1.0497
-1.726   2.568    -0.2697  0        0        0        | -1.0498
-1.726   2.568    -0.2697  0        0        0        | -1.0498
-1.726   2.568    -0.2697  0        -0.007133 0        | -1.0498
-1.726   2.568    -0.2697  0        -0.007133 -0.008319 | -1.0498
iteration 2...
-1.761   2.568    -0.2697  0        -0.007133 -0.008319 | -1.0498
-1.761   2.679    -0.2697  0        -0.007133 -0.008319 | -1.0498
-1.761   2.679    -0.3969  0        -0.007133 -0.008319 | -1.0498
-1.761   2.679    -0.3969  -0.006013 -0.007133 -0.008319 | -1.0499
-1.761   2.679    -0.3969  -0.006013 -0.005791 -0.008319 | -1.0499
-1.761   2.679    -0.3969  -0.006013 -0.005791 -0.01082 | -1.0499
iteration 3...
-1.694   2.679    -0.3969  -0.006013 -0.005791 -0.01082 | -1.0499
-1.694   2.752    -0.3969  -0.006013 -0.005791 -0.01082 | -1.0499
-1.694   2.752    -0.3586  -0.006013 -0.005791 -0.01082 | -1.0499
-1.694   2.752    -0.3586  -0.006013 -0.005791 -0.01082 | -1.0499
-1.694   2.752    -0.3586  -0.006013 -0.002674 -0.01082 | -1.0499
-1.694   2.752    -0.3586  -0.006013 -0.002674 -0.01123 | -1.0499
iteration 4...
-1.648   2.752    -0.3586  -0.006013 -0.002674 -0.01123 | -1.0499
-1.648   2.752    -0.3586  -0.006013 -0.002674 -0.01123 | -1.0499
-1.648   2.752    -0.4079  -0.006013 -0.002674 -0.01123 | -1.0499
-1.648   2.752    -0.4079  -0.005989 -0.002674 -0.01123 | -1.0499
-1.648   2.752    -0.4079  -0.005989 -0.001669 -0.01123 | -1.0499
-1.648   2.752    -0.4079  -0.005989 -0.001669 -0.01123 | -1.0499
iteration 5...
-1.648   2.752    -0.4079  -0.005989 -0.001669 -0.01123 | -1.0499
-1.648   2.752    -0.4079  -0.005989 -0.001669 -0.01123 | -1.0499
-1.648   2.752    -0.4079  -0.005989 -0.001669 -0.01123 | -1.0499
-1.648   2.752    -0.4079  -0.005982 -0.001669 -0.01123 | -1.0499
-1.648   2.752    -0.4079  -0.005982 -0.001409 -0.01123 | -1.0499
-1.648   2.752    -0.4079  -0.005982 -0.001409 -0.01123 | -1.0499
iteration 1...
-1.708   2.752    -0.4079  -0.005982 -0.001409 -0.01123 | -1.0498
-1.708   3.133    -0.4079  -0.005982 -0.001409 -0.01123 | -1.0499
-1.708   3.133    -0.4531  -0.005982 -0.001409 -0.01123 | -1.0499
-1.708   3.133    -0.4531  -0.01608 -0.001409 -0.01123 | -1.0499
-1.708   3.133    -0.4531  -0.01608 9.581e-05 -0.01123 | -1.0499
-1.708   3.133    -0.4531  -0.01608 9.581e-05 -0.01303 | -1.0499
iteration 2...
-1.734   3.133    -0.4531  -0.01608 9.581e-05 -0.01303 | -1.0499
-1.734   3.073    -0.4531  -0.01608 9.581e-05 -0.01303 | -1.0499
-1.734   3.073    -0.2906  -0.01608 9.581e-05 -0.01303 | -1.0499
-1.734   3.073    -0.2906  -0.01757 9.581e-05 -0.01303 | -1.0499
-1.734   3.073    -0.2906  -0.01757 9.581e-05 -0.01303 | -1.0499
-1.734   3.073    -0.2906  -0.01757 9.581e-05 -0.01303 | -1.0499
iteration 3...
-1.733   3.073    -0.2906  -0.01757 9.581e-05 -0.01303 | -1.0499
-1.733   3.024    -0.2906  -0.01757 9.581e-05 -0.01303 | -1.0499
-1.733   3.024    -0.2805  -0.01757 9.581e-05 -0.01303 | -1.0499
-1.733   3.024    -0.2805  -0.01807 9.581e-05 -0.01303 | -1.0499
-1.733   3.024    -0.2805  -0.01807 -0.0001621 -0.01303 | -1.0499
-1.733   3.024    -0.2805  -0.01807 -0.0001621 -0.01303 | -1.0499
iteration 4...
-1.733   3.024    -0.2805  -0.01807 -0.0001621 -0.01303 | -1.0499
-1.733   3.01     -0.2805  -0.01807 -0.0001621 -0.01303 | -1.0499
-1.733   3.01     -0.2634  -0.01807 -0.0001621 -0.01303 | -1.0499
-1.733   3.01     -0.2634  -0.01834 -0.0001621 -0.01303 | -1.0499
-1.733   3.01     -0.2634  -0.01834 -0.0001621 -0.01303 | -1.0499
-1.733   3.01     -0.2634  -0.01834 -0.0001621 -0.01303 | -1.0499
-1.733   2.972    -0.2156  -0.01911 -0.0001621 -0.01303 | -1.0499
iteration 5...
-1.755   2.972    -0.2156  -0.01911 -0.0001621 -0.01303 | -1.0499
-1.755   2.978    -0.2156  -0.01911 -0.0001621 -0.01303 | -1.0499
-1.755   2.978    -0.2156  -0.01911 -0.0001621 -0.01303 | -1.0499
-1.755   2.978    -0.2156  -0.01911 -0.0001621 -0.01303 | -1.0499
-1.755   2.978    -0.2156  -0.01911 -0.0009138 -0.01303 | -1.0499
-1.755   2.978    -0.2156  -0.01911 -0.0009138 -0.01303 | -1.0499
iteration 6...
-1.755   2.978    -0.2156  -0.01911 -0.0009138 -0.01303 | -1.0499
-1.755   2.98     -0.2156  -0.01911 -0.0009138 -0.01303 | -1.0499
-1.755   2.98     -0.2156  -0.01911 -0.0009138 -0.01303 | -1.0499
-1.755   2.98     -0.2156  -0.01911 -0.0009138 -0.01303 | -1.0499
-1.755   2.98     -0.2156  -0.01911 -0.0009138 -0.01303 | -1.0499
-1.755   2.98     -0.2156  -0.01911 -0.0009138 -0.01303 | -1.0499
Done    'Coregister: Estimate'
Done

CoReg Done in 38.008010 seconds

All done with coregistration.
>> >> 
No sandbox specified



Start   : Wed Nov 21 13:38:44 EST 2018
Finish  : Wed Nov 21 13:40:01 EST 2018


