
                            < M A T L A B (R) >
                  Copyright 1984-2015 The MathWorks, Inc.
                   R2015b (8.6.0.267246) 64-bit (glnxa64)
                              August 20, 2015

 
To get started, type one of these: helpwin, helpdesk, or demo.
For product information, visit www.mathworks.com.
 

	Academic License

>> >> >> >> Coregistation Script Created on 181122_00_07_44_445
>> >> >> >> >> >> [Warning: Name is nonexistent or not a directory:
/Users/rcwelsh/matlabScripts/WELLES/mfiles] 
[> In path (line 109)
  In addpath (line 86)] 
>> >> >> >> >> 
UMBatchJobName =

coregOverlay_181122_00_07_44_445_tehsheng_madcbrai

>> 
UMBatchProcessName =

coregOverlay

>> >> Initializing the job manager in SPM8

UMReSlice =

     0



Calling UMBatchCoReg with:
/nfs/fmri/Analysis/Sean_Working/Git_MADC/preprocess/../../Subjects_ABCDResting/madc1448_scan1/func//run_01/utprun_01.nii
/nfs/fmri/Analysis/Sean_Working/Subjects_ABCDResting/madc1448_scan1/func/coReg/t1mprage.nii
UMReSlice:0
Entering UMBatchCoReg V2.0 for SPM8
Coreging /nfs/fmri/Analysis/Sean_Working/Subjects_ABCDResting/madc1448_scan1/func/coReg/t1mprage.nii to
         /nfs/fmri/Analysis/Sean_Working/Git_MADC/preprocess/../../Subjects_ABCDResting/madc1448_scan1/func//run_01/utprun_01.nii


------------------------------------------------------------------------
Running job #1
------------------------------------------------------------------------
Running 'Coregister: Estimate'
iteration 1...
-1.701   0        0        0        0        0        | -1.056
-1.701   2.037    0        0        0        0        | -1.0568
-1.701   2.037    -0.105   0        0        0        | -1.0568
-1.701   2.037    -0.105   0.03122  0        0        | -1.057
-1.701   2.037    -0.105   0.03122  0.00657  0        | -1.057
-1.701   2.037    -0.105   0.03122  0.00657  -0.02374 | -1.0572
iteration 2...
-1.701   2.037    -0.105   0.03122  0.00657  -0.02374 | -1.0572
-1.701   2.093    -0.105   0.03122  0.00657  -0.02374 | -1.0572
-1.701   2.093    0.06941  0.03122  0.00657  -0.02374 | -1.0572
-1.701   2.093    0.06941  0.03521  0.00657  -0.02374 | -1.0573
-1.701   2.093    0.06941  0.03521  0.008243 -0.02374 | -1.0573
-1.701   2.093    0.06941  0.03521  0.008243 -0.02374 | -1.0573
iteration 3...
-1.718   2.093    0.06941  0.03521  0.008243 -0.02374 | -1.0573
-1.718   2.073    0.06941  0.03521  0.008243 -0.02374 | -1.0573
-1.718   2.073    0.09009  0.03521  0.008243 -0.02374 | -1.0573
-1.718   2.073    0.09009  0.03525  0.008243 -0.02374 | -1.0573
-1.718   2.073    0.09009  0.03525  0.008478 -0.02374 | -1.0573
-1.718   2.073    0.09009  0.03525  0.008478 -0.02362 | -1.0573
iteration 4...
-1.718   2.073    0.09009  0.03525  0.008478 -0.02362 | -1.0573
-1.718   2.073    0.09009  0.03525  0.008478 -0.02362 | -1.0573
-1.718   2.073    0.08752  0.03525  0.008478 -0.02362 | -1.0573
-1.718   2.073    0.08752  0.03544  0.008478 -0.02362 | -1.0573
-1.718   2.073    0.08752  0.03544  0.008481 -0.02362 | -1.0573
-1.718   2.073    0.08752  0.03544  0.008481 -0.02362 | -1.0573
iteration 1...
-1.718   2.073    0.08752  0.03544  0.008481 -0.02362 | -1.0571
-1.718   1.991    0.08752  0.03544  0.008481 -0.02362 | -1.0571
-1.718   1.991    0.2217   0.03544  0.008481 -0.02362 | -1.0571
-1.718   1.991    0.2217   0.02734  0.008481 -0.02362 | -1.0571
-1.718   1.991    0.2217   0.02734  0.000807 -0.02362 | -1.0571
-1.718   1.991    0.2217   0.02734  0.000807 -0.02502 | -1.0571
iteration 2...
-1.718   1.991    0.2217   0.02734  0.000807 -0.02502 | -1.0571
-1.718   1.964    0.2217   0.02734  0.000807 -0.02502 | -1.0571
-1.718   1.964    0.2638   0.02734  0.000807 -0.02502 | -1.0571
-1.718   1.964    0.2638   0.02581  0.000807 -0.02502 | -1.0571
-1.718   1.964    0.2638   0.02581  -2.718e-05 -0.02502 | -1.0571
-1.718   1.964    0.2638   0.02581  -2.718e-05 -0.02502 | -1.0571
iteration 3...
-1.722   1.964    0.2638   0.02581  -2.718e-05 -0.02502 | -1.0571
-1.722   1.958    0.2638   0.02581  -2.718e-05 -0.02502 | -1.0571
-1.722   1.958    0.2684   0.02581  -2.718e-05 -0.02502 | -1.0571
-1.722   1.958    0.2684   0.02581  -2.718e-05 -0.02502 | -1.0571
-1.722   1.958    0.2684   0.02581  -2.718e-05 -0.02502 | -1.0571
-1.722   1.958    0.2684   0.02581  -2.718e-05 -0.02502 | -1.0571
Done    'Coregister: Estimate'
Done

CoReg Done in 21.340227 seconds

All done with coregistration.
>> >> 
No sandbox specified



Start   : Thu Nov 22 00:07:46 EST 2018
Finish  : Thu Nov 22 00:08:44 EST 2018


