
                            < M A T L A B (R) >
                  Copyright 1984-2015 The MathWorks, Inc.
                   R2015b (8.6.0.267246) 64-bit (glnxa64)
                              August 20, 2015

 
To get started, type one of these: helpwin, helpdesk, or demo.
For product information, visit www.mathworks.com.
 

	Academic License

>> >> >> >> Coregistation Script Created on 181121_17_08_12_537
>> >> >> >> >> >> [Warning: Name is nonexistent or not a directory:
/Users/rcwelsh/matlabScripts/WELLES/mfiles] 
[> In path (line 109)
  In addpath (line 86)] 
>> >> >> >> >> 
UMBatchJobName =

coregOverlay_181121_17_08_12_537_tehsheng_madcbrai

>> 
UMBatchProcessName =

coregOverlay

>> >> Initializing the job manager in SPM8

UMReSlice =

     0



Calling UMBatchCoReg with:
/nfs/fmri/Analysis/Sean_Working/Git_MADC/preprocess/../../Subjects_ABCDResting/madc1227_scan1/func//run_01/utprun_01.nii
/nfs/fmri/Analysis/Sean_Working/Subjects_ABCDResting/madc1227_scan1/func/coReg/t1mprage.nii
UMReSlice:0
Entering UMBatchCoReg V2.0 for SPM8
Coreging /nfs/fmri/Analysis/Sean_Working/Subjects_ABCDResting/madc1227_scan1/func/coReg/t1mprage.nii to
         /nfs/fmri/Analysis/Sean_Working/Git_MADC/preprocess/../../Subjects_ABCDResting/madc1227_scan1/func//run_01/utprun_01.nii


------------------------------------------------------------------------
Running job #1
------------------------------------------------------------------------
Running 'Coregister: Estimate'
iteration 1...
-2.335   0        0        0        0        0        | -1.0416
-2.335   3.726    0        0        0        0        | -1.0427
-2.335   3.726    -9.91    0        0        0        | -1.0449
-2.335   3.726    -9.91    0.1036   0        0        | -1.0454
-2.335   3.726    -9.91    0.1036   -0.05255 0        | -1.0457
-2.335   3.726    -9.91    0.1036   -0.05255 0.01698  | -1.0458
iteration 2...
-1.915   3.726    -9.91    0.1036   -0.05255 0.01698  | -1.0459
-1.915   4.738    -9.91    0.1036   -0.05255 0.01698  | -1.046
-1.915   4.738    -9.837   0.1036   -0.05255 0.01698  | -1.046
-1.915   4.738    -9.837   0.08694  -0.05255 0.01698  | -1.046
-1.915   4.738    -9.837   0.08694  -0.05143 0.01698  | -1.046
-1.915   4.738    -9.837   0.08694  -0.05143 0.01783  | -1.046
iteration 3...
-1.6     4.738    -9.837   0.08694  -0.05143 0.01783  | -1.046
-1.6     4.711    -9.837   0.08694  -0.05143 0.01783  | -1.046
-1.6     4.711    -9.995   0.08694  -0.05143 0.01783  | -1.046
-1.6     4.711    -9.995   0.08698  -0.05143 0.01783  | -1.046
-1.6     4.711    -9.995   0.08698  -0.05413 0.01783  | -1.0461
-1.6     4.711    -9.995   0.08698  -0.05413 0.01919  | -1.0461
iteration 4...
-1.6     4.711    -9.995   0.08698  -0.05413 0.01919  | -1.0461
-1.6     4.711    -9.995   0.08698  -0.05413 0.01919  | -1.0461
-1.6     4.711    -9.995   0.08698  -0.05413 0.01919  | -1.0461
-1.6     4.711    -9.995   0.08744  -0.05413 0.01919  | -1.0461
-1.6     4.711    -9.995   0.08744  -0.05413 0.01919  | -1.0461
-1.6     4.711    -9.995   0.08744  -0.05413 0.01755  | -1.0461
iteration 5...
-1.587   4.711    -9.995   0.08744  -0.05413 0.01755  | -1.0461
-1.587   4.727    -9.995   0.08744  -0.05413 0.01755  | -1.0461
-1.587   4.727    -9.998   0.08744  -0.05413 0.01755  | -1.0461
-1.587   4.727    -9.998   0.08744  -0.05413 0.01755  | -1.0461
-1.587   4.727    -9.998   0.08744  -0.05413 0.01755  | -1.0461
-1.587   4.727    -9.998   0.08744  -0.05413 0.01718  | -1.0461
iteration 6...
-1.587   4.727    -9.998   0.08744  -0.05413 0.01718  | -1.0461
-1.587   4.727    -9.998   0.08744  -0.05413 0.01718  | -1.0461
-1.587   4.727    -9.998   0.08744  -0.05413 0.01718  | -1.0461
-1.587   4.727    -9.998   0.08733  -0.05413 0.01718  | -1.0461
-1.587   4.727    -9.998   0.08733  -0.05413 0.01718  | -1.0461
-1.587   4.727    -9.998   0.08733  -0.05413 0.01718  | -1.0461
iteration 1...
-1.426   4.727    -9.998   0.08733  -0.05413 0.01718  | -1.0457
-1.426   5.125    -9.998   0.08733  -0.05413 0.01718  | -1.0458
-1.426   5.125    -9.701   0.08733  -0.05413 0.01718  | -1.0458
-1.426   5.125    -9.701   0.09459  -0.05413 0.01718  | -1.0458
-1.426   5.125    -9.701   0.09459  -0.05609 0.01718  | -1.0458
-1.426   5.125    -9.701   0.09459  -0.05609 0.01868  | -1.0458
iteration 2...
-1.436   5.125    -9.701   0.09459  -0.05609 0.01868  | -1.0458
-1.436   5.114    -9.701   0.09459  -0.05609 0.01868  | -1.0458
-1.436   5.114    -9.672   0.09459  -0.05609 0.01868  | -1.0458
-1.436   5.114    -9.672   0.09365  -0.05609 0.01868  | -1.0458
-1.436   5.114    -9.672   0.09365  -0.05801 0.01868  | -1.0458
-1.436   5.114    -9.672   0.09365  -0.05801 0.01905  | -1.0458
-1.444   5.105    -9.648   0.09286  -0.05961 0.01935  | -1.0458
iteration 3...
-1.444   5.105    -9.648   0.09286  -0.05961 0.01935  | -1.0458
-1.444   5.088    -9.648   0.09286  -0.05961 0.01935  | -1.0458
-1.444   5.088    -9.635   0.09286  -0.05961 0.01935  | -1.0458
-1.444   5.088    -9.635   0.09433  -0.05961 0.01935  | -1.0458
-1.444   5.088    -9.635   0.09434  -0.05958 0.01934  | -1.0458
-1.444   5.088    -9.635   0.09434  -0.05958 0.01934  | -1.0458
iteration 4...
-1.444   5.088    -9.635   0.09434  -0.05958 0.01934  | -1.0458
-1.444   5.088    -9.635   0.09434  -0.05958 0.01934  | -1.0458
-1.444   5.088    -9.623   0.09434  -0.05958 0.01934  | -1.0458
-1.444   5.088    -9.623   0.09434  -0.05958 0.01934  | -1.0458
-1.444   5.088    -9.623   0.09434  -0.05958 0.01934  | -1.0458
-1.444   5.088    -9.623   0.09434  -0.05958 0.01934  | -1.0458
Done    'Coregister: Estimate'
Done

CoReg Done in 29.862861 seconds

All done with coregistration.
>> >> 
No sandbox specified



Start   : Wed Nov 21 17:08:15 EST 2018
Finish  : Wed Nov 21 17:09:22 EST 2018


