
                            < M A T L A B (R) >
                  Copyright 1984-2015 The MathWorks, Inc.
                   R2015b (8.6.0.267246) 64-bit (glnxa64)
                              August 20, 2015

 
To get started, type one of these: helpwin, helpdesk, or demo.
For product information, visit www.mathworks.com.
 

	Academic License

>> >> >> >> Coregistation Script Created on 181121_23_01_28_941
>> >> >> >> >> >> [Warning: Name is nonexistent or not a directory:
/Users/rcwelsh/matlabScripts/WELLES/mfiles] 
[> In path (line 109)
  In addpath (line 86)] 
>> >> >> >> >> 
UMBatchJobName =

coregOverlay_181121_23_01_28_941_tehsheng_madcbrai

>> 
UMBatchProcessName =

coregOverlay

>> >> Initializing the job manager in SPM8

UMReSlice =

     0



Calling UMBatchCoReg with:
/nfs/fmri/Analysis/Sean_Working/Git_MADC/preprocess/../../Subjects_ABCDResting/madc1340_scan1/func//run_01/utprun_01.nii
/nfs/fmri/Analysis/Sean_Working/Subjects_ABCDResting/madc1340_scan1/func/coReg/t1mprage.nii
UMReSlice:0
Entering UMBatchCoReg V2.0 for SPM8
Coreging /nfs/fmri/Analysis/Sean_Working/Subjects_ABCDResting/madc1340_scan1/func/coReg/t1mprage.nii to
         /nfs/fmri/Analysis/Sean_Working/Git_MADC/preprocess/../../Subjects_ABCDResting/madc1340_scan1/func//run_01/utprun_01.nii


------------------------------------------------------------------------
Running job #1
------------------------------------------------------------------------
Running 'Coregister: Estimate'
iteration 1...
-0.4407  0        0        0        0        0        | -1.0523
-0.4407  1.349    0        0        0        0        | -1.0526
-0.4407  1.349    -6.196   0        0        0        | -1.0551
-0.4407  1.349    -6.196   0.07269  0        0        | -1.0552
-0.4407  1.349    -6.196   0.07269  0.01091  0        | -1.0553
-0.4407  1.349    -6.196   0.07269  0.01091  -0.0004029 | -1.0553
iteration 2...
-1.116   1.349    -6.196   0.07269  0.01091  -0.0004029 | -1.0554
-1.116   1.187    -6.196   0.07269  0.01091  -0.0004029 | -1.0554
-1.116   1.187    -5.479   0.07269  0.01091  -0.0004029 | -1.0555
-1.116   1.187    -5.479   0.07269  0.01091  -0.0004029 | -1.0555
-1.116   1.187    -5.479   0.07269  0.01095  -0.0004029 | -1.0555
-1.116   1.187    -5.479   0.07269  0.01095  -0.004053 | -1.0555
iteration 3...
-1.157   1.187    -5.479   0.07269  0.01095  -0.004053 | -1.0555
-1.157   1.143    -5.479   0.07269  0.01095  -0.004053 | -1.0555
-1.157   1.143    -5.471   0.07269  0.01095  -0.004053 | -1.0555
-1.157   1.143    -5.471   0.07     0.01095  -0.004053 | -1.0555
-1.157   1.143    -5.471   0.07     0.01095  -0.004053 | -1.0555
-1.157   1.143    -5.471   0.07     0.01095  -0.004053 | -1.0555
iteration 4...
-1.157   1.143    -5.471   0.07     0.01095  -0.004053 | -1.0555
-1.157   1.199    -5.471   0.07     0.01095  -0.004053 | -1.0555
-1.157   1.199    -5.509   0.07     0.01095  -0.004053 | -1.0555
-1.157   1.199    -5.509   0.07     0.01095  -0.004053 | -1.0555
-1.157   1.199    -5.509   0.07     0.01095  -0.004053 | -1.0555
-1.157   1.199    -5.509   0.07     0.01095  -0.004053 | -1.0555
iteration 5...
-1.157   1.199    -5.509   0.07     0.01095  -0.004053 | -1.0555
-1.157   1.199    -5.509   0.07     0.01095  -0.004053 | -1.0555
-1.157   1.199    -5.509   0.07     0.01095  -0.004053 | -1.0555
-1.157   1.199    -5.509   0.07     0.01095  -0.004053 | -1.0555
-1.157   1.199    -5.509   0.07     0.01095  -0.004053 | -1.0555
-1.157   1.199    -5.509   0.07     0.01095  -0.004053 | -1.0555
iteration 1...
-1.162   1.199    -5.509   0.07     0.01095  -0.004053 | -1.0555
-1.162   1.461    -5.509   0.07     0.01095  -0.004053 | -1.0555
-1.162   1.461    -5.819   0.07     0.01095  -0.004053 | -1.0555
-1.162   1.461    -5.819   0.05794  0.01095  -0.004053 | -1.0555
-1.162   1.461    -5.819   0.05794  0.008682 -0.004053 | -1.0555
-1.162   1.461    -5.819   0.05794  0.008682 -0.003124 | -1.0555
-1.167   1.657    -6.051   0.0489   0.006981 -0.002428 | -1.0555
iteration 2...
-1.131   1.657    -6.051   0.0489   0.006981 -0.002428 | -1.0555
-1.131   1.888    -6.051   0.0489   0.006981 -0.002428 | -1.0556
-1.131   1.888    -6.108   0.0489   0.006981 -0.002428 | -1.0556
-1.13    1.86     -6.075   0.05018  0.007222 -0.002527 | -1.0556
-1.13    1.86     -6.075   0.05018  0.005239 -0.002527 | -1.0556
-1.13    1.86     -6.075   0.05018  0.005239 -0.002527 | -1.0556
iteration 3...
-1.137   1.86     -6.075   0.05018  0.005239 -0.002527 | -1.0556
-1.137   1.852    -6.075   0.05018  0.005239 -0.002527 | -1.0556
-1.137   1.852    -6.102   0.05018  0.005239 -0.002527 | -1.0556
-1.137   1.817    -6.06    0.0518   0.005545 -0.002652 | -1.0556
-1.137   1.817    -6.06    0.0518   0.005067 -0.002652 | -1.0556
-1.137   1.817    -6.06    0.0518   0.005067 -0.002652 | -1.0556
iteration 4...
-1.141   1.817    -6.06    0.0518   0.005067 -0.002652 | -1.0556
-1.141   1.828    -6.06    0.0518   0.005067 -0.002652 | -1.0556
-1.141   1.828    -6.065   0.0518   0.005067 -0.002652 | -1.0556
-1.141   1.828    -6.065   0.0518   0.005067 -0.002652 | -1.0556
-1.141   1.828    -6.065   0.0518   0.005067 -0.002652 | -1.0556
-1.141   1.828    -6.065   0.0518   0.005067 -0.002652 | -1.0556
Done    'Coregister: Estimate'
Done

CoReg Done in 30.431098 seconds

All done with coregistration.
>> >> 
No sandbox specified



Start   : Wed Nov 21 23:01:31 EST 2018
Finish  : Wed Nov 21 23:02:39 EST 2018


