
                            < M A T L A B (R) >
                  Copyright 1984-2015 The MathWorks, Inc.
                   R2015b (8.6.0.267246) 64-bit (glnxa64)
                              August 20, 2015

 
To get started, type one of these: helpwin, helpdesk, or demo.
For product information, visit www.mathworks.com.
 

	Academic License

>> >> >> >> Coregistation Script Created on 181121_17_07_20_377
>> >> >> >> >> >> [Warning: Name is nonexistent or not a directory:
/Users/rcwelsh/matlabScripts/WELLES/mfiles] 
[> In path (line 109)
  In addpath (line 86)] 
>> >> >> >> >> 
UMBatchJobName =

coregOverlay_181121_17_07_20_377_tehsheng_madcbrai

>> 
UMBatchProcessName =

coregOverlay

>> >> Initializing the job manager in SPM8

UMReSlice =

     0



Calling UMBatchCoReg with:
/nfs/fmri/Analysis/Sean_Working/Git_MADC/preprocess/../../Subjects_ABCDResting/madc1421_scan1/func//run_01/utprun_01.nii
/nfs/fmri/Analysis/Sean_Working/Subjects_ABCDResting/madc1421_scan1/func/coReg/t1mprage.nii
UMReSlice:0
Entering UMBatchCoReg V2.0 for SPM8
Coreging /nfs/fmri/Analysis/Sean_Working/Subjects_ABCDResting/madc1421_scan1/func/coReg/t1mprage.nii to
         /nfs/fmri/Analysis/Sean_Working/Git_MADC/preprocess/../../Subjects_ABCDResting/madc1421_scan1/func//run_01/utprun_01.nii


------------------------------------------------------------------------
Running job #1
------------------------------------------------------------------------
Running 'Coregister: Estimate'
iteration 1...
-1.865   0        0        0        0        0        | -1.0536
-1.865   1.13     0        0        0        0        | -1.0537
-1.865   1.13     0.01657  0        0        0        | -1.0537
-1.865   1.13     0.01657  0.05217  0        0        | -1.0543
-1.865   1.13     0.01657  0.05217  0.007304 0        | -1.0543
-1.865   1.13     0.01657  0.05217  0.007304 0        | -1.0543
iteration 2...
-1.865   1.13     0.01657  0.05217  0.007304 0        | -1.0543
-1.865   0.9378   0.01657  0.05217  0.007304 0        | -1.0543
-1.865   0.9378   -0.3695  0.05217  0.007304 0        | -1.0543
-1.865   0.9378   -0.3695  0.05082  0.007304 0        | -1.0543
-1.865   0.9378   -0.3695  0.05082  0.007304 0        | -1.0543
-1.865   0.9378   -0.3695  0.05082  0.007304 -0.002436 | -1.0543
iteration 3...
-1.788   0.9378   -0.3695  0.05082  0.007304 -0.002436 | -1.0543
-1.788   0.7129   -0.3695  0.05082  0.007304 -0.002436 | -1.0543
-1.788   0.7129   -0.4255  0.05082  0.007304 -0.002436 | -1.0543
-1.788   0.7129   -0.4255  0.05006  0.007304 -0.002436 | -1.0543
-1.788   0.7129   -0.4255  0.05006  0.004036 -0.002436 | -1.0543
-1.788   0.7129   -0.4255  0.05006  0.004036 -0.002436 | -1.0543
iteration 4...
-1.776   0.7129   -0.4255  0.05006  0.004036 -0.002436 | -1.0543
-1.776   1.05     -0.4255  0.05006  0.004036 -0.002436 | -1.0543
-1.776   1.05     -0.4628  0.05006  0.004036 -0.002436 | -1.0543
-1.776   1.05     -0.4628  0.04962  0.004036 -0.002436 | -1.0543
-1.776   1.05     -0.4628  0.04962  0.004036 -0.002436 | -1.0543
-1.776   1.05     -0.4628  0.04962  0.004036 -0.005406 | -1.0543
iteration 5...
-1.747   1.05     -0.4628  0.04962  0.004036 -0.005406 | -1.0543
-1.747   1.069    -0.4628  0.04962  0.004036 -0.005406 | -1.0543
-1.747   1.069    -0.5078  0.04962  0.004036 -0.005406 | -1.0543
-1.747   1.069    -0.5078  0.04881  0.004036 -0.005406 | -1.0543
-1.747   1.069    -0.5078  0.04881  0.004036 -0.005406 | -1.0543
-1.747   1.069    -0.5078  0.04881  0.004036 -0.005406 | -1.0543
iteration 6...
-1.747   1.069    -0.5078  0.04881  0.004036 -0.005406 | -1.0543
-1.747   1.073    -0.5078  0.04881  0.004036 -0.005406 | -1.0543
-1.747   1.073    -0.5099  0.04881  0.004036 -0.005406 | -1.0543
-1.747   1.073    -0.5099  0.04881  0.004036 -0.005406 | -1.0543
-1.747   1.073    -0.5099  0.04881  0.004036 -0.005406 | -1.0543
-1.747   1.073    -0.5099  0.04881  0.004036 -0.005406 | -1.0543
iteration 1...
-1.667   1.073    -0.5099  0.04881  0.004036 -0.005406 | -1.0541
-1.667   0.5574   -0.5099  0.04881  0.004036 -0.005406 | -1.0542
-1.667   0.5574   -0.4877  0.04881  0.004036 -0.005406 | -1.0542
-1.667   0.5574   -0.4877  0.04433  0.004036 -0.005406 | -1.0542
-1.667   0.5574   -0.4877  0.04433  0.004661 -0.005406 | -1.0542
-1.667   0.5574   -0.4877  0.04433  0.004661 -0.005406 | -1.0542
iteration 2...
-1.69    0.5574   -0.4877  0.04433  0.004661 -0.005406 | -1.0542
-1.69    0.702    -0.4877  0.04433  0.004661 -0.005406 | -1.0542
-1.69    0.702    -0.4438  0.04433  0.004661 -0.005406 | -1.0542
-1.69    0.702    -0.4438  0.04348  0.004661 -0.005406 | -1.0542
-1.69    0.702    -0.4438  0.04348  0.004661 -0.005406 | -1.0542
-1.69    0.702    -0.4438  0.04348  0.004661 -0.005406 | -1.0542
iteration 3...
-1.69    0.702    -0.4438  0.04348  0.004661 -0.005406 | -1.0542
-1.69    0.7273   -0.4438  0.04348  0.004661 -0.005406 | -1.0542
-1.69    0.7273   -0.4555  0.04348  0.004661 -0.005406 | -1.0542
-1.69    0.7273   -0.4555  0.04348  0.004661 -0.005406 | -1.0542
-1.69    0.7273   -0.4555  0.04348  0.004661 -0.005406 | -1.0542
-1.69    0.7273   -0.4555  0.04348  0.004661 -0.00545 | -1.0542
iteration 4...
-1.69    0.7273   -0.4555  0.04348  0.004661 -0.00545 | -1.0542
-1.69    0.7279   -0.4555  0.04348  0.004661 -0.00545 | -1.0542
-1.69    0.7279   -0.4555  0.04348  0.004661 -0.00545 | -1.0542
-1.69    0.7279   -0.4555  0.04348  0.004661 -0.00545 | -1.0542
-1.69    0.7279   -0.4555  0.04348  0.004661 -0.00545 | -1.0542
-1.69    0.7279   -0.4555  0.04348  0.004661 -0.00545 | -1.0542
Done    'Coregister: Estimate'
Done

CoReg Done in 30.324056 seconds

All done with coregistration.
>> >> 
No sandbox specified



Start   : Wed Nov 21 17:07:24 EST 2018
Finish  : Wed Nov 21 17:08:38 EST 2018


