
                            < M A T L A B (R) >
                  Copyright 1984-2015 The MathWorks, Inc.
                   R2015b (8.6.0.267246) 64-bit (glnxa64)
                              August 20, 2015

 
To get started, type one of these: helpwin, helpdesk, or demo.
For product information, visit www.mathworks.com.
 

	Academic License

>> >> >> >> Coregistation Script Created on 181121_23_44_48_062
>> >> >> >> >> >> [Warning: Name is nonexistent or not a directory:
/Users/rcwelsh/matlabScripts/WELLES/mfiles] 
[> In path (line 109)
  In addpath (line 86)] 
>> >> >> >> >> 
UMBatchJobName =

coregOverlay_181121_23_44_48_062_tehsheng_madcbrai

>> 
UMBatchProcessName =

coregOverlay

>> >> Initializing the job manager in SPM8

UMReSlice =

     0



Calling UMBatchCoReg with:
/nfs/fmri/Analysis/Sean_Working/Git_MADC/preprocess/../../Subjects_ABCDResting/madc1447_scan1/func//run_01/utprun_01.nii
/nfs/fmri/Analysis/Sean_Working/Subjects_ABCDResting/madc1447_scan1/func/coReg/t1mprage.nii
UMReSlice:0
Entering UMBatchCoReg V2.0 for SPM8
Coreging /nfs/fmri/Analysis/Sean_Working/Subjects_ABCDResting/madc1447_scan1/func/coReg/t1mprage.nii to
         /nfs/fmri/Analysis/Sean_Working/Git_MADC/preprocess/../../Subjects_ABCDResting/madc1447_scan1/func//run_01/utprun_01.nii


------------------------------------------------------------------------
Running job #1
------------------------------------------------------------------------
Running 'Coregister: Estimate'
iteration 1...
-2.173   0        0        0        0        0        | -1.0492
-2.173   1.361    0        0        0        0        | -1.0498
-2.173   1.361    -0.9509  0        0        0        | -1.05
-2.173   1.361    -0.9509  -0.02451 0        0        | -1.0501
-2.173   1.361    -0.9509  -0.02451 -0.002815 0        | -1.0501
-2.173   1.361    -0.9509  -0.02451 -0.002815 -0.007956 | -1.0501
iteration 2...
-2.036   1.361    -0.9509  -0.02451 -0.002815 -0.007956 | -1.0501
-2.036   2.562    -0.9509  -0.02451 -0.002815 -0.007956 | -1.0503
-2.036   2.562    -1.216   -0.02451 -0.002815 -0.007956 | -1.0503
-2.036   2.562    -1.216   -0.03451 -0.002815 -0.007956 | -1.0503
-2.036   2.562    -1.216   -0.03451 -0.0007657 -0.007956 | -1.0504
-2.036   2.562    -1.216   -0.03451 -0.0007657 -0.007956 | -1.0504
iteration 3...
-1.91    2.562    -1.216   -0.03451 -0.0007657 -0.007956 | -1.0504
-1.91    2.472    -1.216   -0.03451 -0.0007657 -0.007956 | -1.0504
-1.91    2.472    -1.255   -0.03451 -0.0007657 -0.007956 | -1.0504
-1.91    2.472    -1.255   -0.03598 -0.0007657 -0.007956 | -1.0504
-1.91    2.472    -1.255   -0.03598 -0.002734 -0.007956 | -1.0504
-1.91    2.472    -1.255   -0.03598 -0.002734 -0.008262 | -1.0504
iteration 4...
-1.91    2.472    -1.255   -0.03598 -0.002734 -0.008262 | -1.0504
-1.91    2.438    -1.255   -0.03598 -0.002734 -0.008262 | -1.0504
-1.91    2.438    -1.223   -0.03598 -0.002734 -0.008262 | -1.0504
-1.91    2.438    -1.223   -0.03598 -0.002734 -0.008262 | -1.0504
-1.91    2.438    -1.223   -0.03598 -0.002734 -0.008262 | -1.0504
-1.91    2.438    -1.223   -0.03598 -0.002734 -0.008262 | -1.0504
iteration 5...
-1.91    2.438    -1.223   -0.03598 -0.002734 -0.008262 | -1.0504
-1.91    2.44     -1.223   -0.03598 -0.002734 -0.008262 | -1.0504
-1.91    2.44     -1.222   -0.03598 -0.002734 -0.008262 | -1.0504
-1.91    2.44     -1.222   -0.03598 -0.002734 -0.008262 | -1.0504
-1.91    2.44     -1.222   -0.03598 -0.002734 -0.008262 | -1.0504
-1.91    2.44     -1.222   -0.03598 -0.002734 -0.008262 | -1.0504
iteration 1...
-2.01    2.44     -1.222   -0.03598 -0.002734 -0.008262 | -1.0502
-2.01    2.217    -1.222   -0.03598 -0.002734 -0.008262 | -1.0502
-2.01    2.217    -0.9877  -0.03598 -0.002734 -0.008262 | -1.0502
-2.01    2.217    -0.9877  -0.03114 -0.002734 -0.008262 | -1.0503
-2.01    2.217    -0.9877  -0.03114 -0.002734 -0.008262 | -1.0503
-2.01    2.217    -0.9877  -0.03114 -0.002734 -0.008262 | -1.0503
iteration 2...
-2.01    2.217    -0.9877  -0.03114 -0.002734 -0.008262 | -1.0503
-2.01    2.022    -0.9877  -0.03114 -0.002734 -0.008262 | -1.0503
-2.01    2.022    -0.9877  -0.03114 -0.002734 -0.008262 | -1.0503
-2.01    2.022    -0.9877  -0.02803 -0.002734 -0.008262 | -1.0503
-2.01    2.022    -0.9877  -0.02803 -0.002734 -0.008262 | -1.0503
-2.01    2.022    -0.9877  -0.02803 -0.002734 -0.008262 | -1.0503
iteration 3...
-2.01    2.022    -0.9877  -0.02803 -0.002734 -0.008262 | -1.0503
-2.01    1.983    -0.9877  -0.02803 -0.002734 -0.008262 | -1.0503
-2.01    1.983    -1.01    -0.02803 -0.002734 -0.008262 | -1.0503
-2.01    1.983    -1.01    -0.02713 -0.002734 -0.008262 | -1.0503
-2.01    1.983    -1.01    -0.02713 -0.002955 -0.008262 | -1.0503
-2.01    1.983    -1.01    -0.02713 -0.002955 -0.008262 | -1.0503
-2.01    1.944    -1.032   -0.02623 -0.003176 -0.008262 | -1.0503
iteration 4...
-1.99    1.944    -1.032   -0.02623 -0.003176 -0.008262 | -1.0503
-1.99    1.934    -1.038   -0.026   -0.003233 -0.008262 | -1.0503
-1.99    1.934    -1.005   -0.026   -0.003233 -0.008262 | -1.0503
-1.99    1.934    -1.005   -0.0264  -0.003233 -0.008262 | -1.0503
-1.99    1.934    -1.005   -0.0264  -0.003795 -0.008262 | -1.0503
-1.99    1.934    -1.005   -0.0264  -0.003795 -0.008262 | -1.0503
iteration 5...
-1.977   1.934    -1.005   -0.0264  -0.003795 -0.008262 | -1.0503
-1.977   1.928    -1.008   -0.02626 -0.00383 -0.008262 | -1.0503
-1.977   1.928    -1.003   -0.02626 -0.00383 -0.008262 | -1.0503
-1.977   1.928    -1.003   -0.02638 -0.00383 -0.008262 | -1.0503
-1.977   1.928    -1.003   -0.02638 -0.003614 -0.008262 | -1.0503
-1.977   1.928    -1.003   -0.02638 -0.003614 -0.008262 | -1.0503
Done    'Coregister: Estimate'
Done

CoReg Done in 29.962796 seconds

All done with coregistration.
>> >> 
No sandbox specified



Start   : Wed Nov 21 23:44:52 EST 2018
Finish  : Wed Nov 21 23:45:57 EST 2018


