
                            < M A T L A B (R) >
                  Copyright 1984-2015 The MathWorks, Inc.
                   R2015b (8.6.0.267246) 64-bit (glnxa64)
                              August 20, 2015

 
To get started, type one of these: helpwin, helpdesk, or demo.
For product information, visit www.mathworks.com.
 

	Academic License

>> >> >> >> Coregistation Script Created on 181121_17_24_15_767
>> >> >> >> >> >> [Warning: Name is nonexistent or not a directory:
/Users/rcwelsh/matlabScripts/WELLES/mfiles] 
[> In path (line 109)
  In addpath (line 86)] 
>> >> >> >> >> 
UMBatchJobName =

coregOverlay_181121_17_24_15_767_tehsheng_madcbrai

>> 
UMBatchProcessName =

coregOverlay

>> >> Initializing the job manager in SPM8

UMReSlice =

     0



Calling UMBatchCoReg with:
/nfs/fmri/Analysis/Sean_Working/Git_MADC/preprocess/../../Subjects_ABCDResting/madc1378_scan1/func//run_01/utprun_01.nii
/nfs/fmri/Analysis/Sean_Working/Subjects_ABCDResting/madc1378_scan1/func/coReg/t1mprage.nii
UMReSlice:0
Entering UMBatchCoReg V2.0 for SPM8
Coreging /nfs/fmri/Analysis/Sean_Working/Subjects_ABCDResting/madc1378_scan1/func/coReg/t1mprage.nii to
         /nfs/fmri/Analysis/Sean_Working/Git_MADC/preprocess/../../Subjects_ABCDResting/madc1378_scan1/func//run_01/utprun_01.nii


------------------------------------------------------------------------
Running job #1
------------------------------------------------------------------------
Running 'Coregister: Estimate'
iteration 1...
-0.6472  0        0        0        0        0        | -1.0409
-0.6472  2.094    0        0        0        0        | -1.0414
-0.6472  2.094    0.7868   0        0        0        | -1.0414
-0.6472  2.094    0.7868   0.02239  0        0        | -1.0415
-0.6472  2.094    0.7868   0.02239  0        0        | -1.0415
-0.6472  2.094    0.7868   0.02239  0        0        | -1.0415
iteration 2...
-0.9088  2.094    0.7868   0.02239  0        0        | -1.0415
-0.9088  2.059    0.7868   0.02239  0        0        | -1.0415
-0.9088  2.059    1.189    0.02239  0        0        | -1.0415
-0.9088  2.059    1.189    0.03613  0        0        | -1.0415
-0.9088  2.059    1.189    0.03613  0        0        | -1.0415
-0.9088  2.059    1.189    0.03613  0        0        | -1.0415
iteration 3...
-0.844   2.059    1.189    0.03613  0        0        | -1.0415
-0.844   2.082    1.189    0.03613  0        0        | -1.0415
-0.844   2.082    1.107    0.03613  0        0        | -1.0415
-0.844   2.082    1.107    0.03807  0        0        | -1.0415
-0.844   2.082    1.107    0.03807  0        0        | -1.0415
-0.844   2.082    1.107    0.03807  0        0        | -1.0415
iteration 4...
-0.844   2.082    1.107    0.03807  0        0        | -1.0415
-0.844   2.137    1.107    0.03807  0        0        | -1.0415
-0.844   2.137    1.064    0.03807  0        0        | -1.0415
-0.844   2.137    1.064    0.03827  0        0        | -1.0415
-0.844   2.137    1.064    0.03827  0        0        | -1.0415
-0.844   2.137    1.064    0.03827  0        0        | -1.0415
iteration 5...
-0.844   2.137    1.064    0.03827  0        0        | -1.0415
-0.844   2.154    1.064    0.03827  0        0        | -1.0415
-0.844   2.154    1.064    0.03827  0        0        | -1.0415
-0.844   2.154    1.064    0.03827  0        0        | -1.0415
-0.844   2.154    1.064    0.03827  0        0        | -1.0415
-0.844   2.154    1.064    0.03827  0        0        | -1.0415
iteration 1...
-1.026   2.154    1.064    0.03827  0        0        | -1.0413
-1.026   1.761    1.064    0.03827  0        0        | -1.0413
-1.026   1.761    0.2983   0.03827  0        0        | -1.0414
-1.026   1.761    0.2983   0.02432  0        0        | -1.0414
-1.026   1.761    0.2983   0.02432  0        0        | -1.0414
-1.026   1.761    0.2983   0.02432  0        0        | -1.0414
iteration 2...
-1.036   1.761    0.2983   0.02432  0        0        | -1.0414
-1.036   1.689    0.2983   0.02432  0        0        | -1.0414
-1.036   1.689    0.2652   0.02432  0        0        | -1.0414
-1.036   1.689    0.2652   0.02364  0        0        | -1.0414
-1.036   1.689    0.2652   0.02364  0        0        | -1.0414
-1.036   1.689    0.2652   0.02364  0        0        | -1.0414
iteration 3...
-1.036   1.689    0.2652   0.02364  0        0        | -1.0414
-1.036   1.692    0.2652   0.02364  0        0        | -1.0414
-1.036   1.692    0.2366   0.02364  0        0        | -1.0414
-1.036   1.692    0.2366   0.02364  0        0        | -1.0414
-1.036   1.692    0.2366   0.02364  0        0        | -1.0414
-1.036   1.692    0.2366   0.02364  0        0        | -1.0414
iteration 4...
-1.036   1.692    0.2366   0.02364  0        0        | -1.0414
-1.036   1.692    0.2366   0.02364  0        0        | -1.0414
-1.036   1.692    0.2366   0.02364  0        0        | -1.0414
-1.036   1.692    0.2366   0.02364  0        0        | -1.0414
-1.036   1.692    0.2366   0.02364  0        0        | -1.0414
-1.036   1.692    0.2366   0.02364  0        0        | -1.0414
Done    'Coregister: Estimate'
Done

CoReg Done in 28.617768 seconds

All done with coregistration.
>> >> 
No sandbox specified



Start   : Wed Nov 21 17:24:19 EST 2018
Finish  : Wed Nov 21 17:25:25 EST 2018


