
                            < M A T L A B (R) >
                  Copyright 1984-2015 The MathWorks, Inc.
                   R2015b (8.6.0.267246) 64-bit (glnxa64)
                              August 20, 2015

 
To get started, type one of these: helpwin, helpdesk, or demo.
For product information, visit www.mathworks.com.
 

	Academic License

>> >> >> >> Coregistation Script Created on 181121_17_58_02_427
>> >> >> >> >> >> [Warning: Name is nonexistent or not a directory:
/Users/rcwelsh/matlabScripts/WELLES/mfiles] 
[> In path (line 109)
  In addpath (line 86)] 
>> >> >> >> >> 
UMBatchJobName =

coregOverlay_181121_17_58_02_427_tehsheng_madcbrai

>> 
UMBatchProcessName =

coregOverlay

>> >> Initializing the job manager in SPM8

UMReSlice =

     0



Calling UMBatchCoReg with:
/nfs/fmri/Analysis/Sean_Working/Git_MADC/preprocess/../../Subjects_ABCDResting/madc1424_scan1/func//run_01/utprun_01.nii
/nfs/fmri/Analysis/Sean_Working/Subjects_ABCDResting/madc1424_scan1/func/coReg/t1mprage.nii
UMReSlice:0
Entering UMBatchCoReg V2.0 for SPM8
Coreging /nfs/fmri/Analysis/Sean_Working/Subjects_ABCDResting/madc1424_scan1/func/coReg/t1mprage.nii to
         /nfs/fmri/Analysis/Sean_Working/Git_MADC/preprocess/../../Subjects_ABCDResting/madc1424_scan1/func//run_01/utprun_01.nii


------------------------------------------------------------------------
Running job #1
------------------------------------------------------------------------
Running 'Coregister: Estimate'
iteration 1...
-0.6472  0        0        0        0        0        | -1.0516
-0.6472  2.175    0        0        0        0        | -1.0526
-0.6472  2.175    -1.293   0        0        0        | -1.0528
-0.6472  2.175    -1.293   -0.008932 0        0        | -1.0528
-0.6472  2.175    -1.293   -0.008932 0.01236  0        | -1.0529
-0.6472  2.175    -1.293   -0.008932 0.01236  0.02     | -1.0531
iteration 2...
-0.7926  2.175    -1.293   -0.008932 0.01236  0.02     | -1.0531
-0.7926  2.355    -1.293   -0.008932 0.01236  0.02     | -1.0531
-0.7926  2.355    -1.281   -0.008932 0.01236  0.02     | -1.0531
-0.7926  2.355    -1.281   -0.009177 0.01236  0.02     | -1.0531
-0.7926  2.355    -1.281   -0.009177 0.01236  0.02     | -1.0531
-0.7926  2.355    -1.281   -0.009177 0.01236  0.02     | -1.0531
iteration 3...
-0.8349  2.355    -1.281   -0.009177 0.01236  0.02     | -1.0531
-0.8349  2.377    -1.281   -0.009177 0.01236  0.02     | -1.0531
-0.8349  2.377    -1.284   -0.009177 0.01236  0.02     | -1.0531
-0.8349  2.377    -1.284   -0.009758 0.01236  0.02     | -1.0531
-0.8349  2.377    -1.284   -0.009758 0.01236  0.02     | -1.0531
-0.8349  2.377    -1.284   -0.009758 0.01236  0.02     | -1.0531
iteration 4...
-0.8349  2.377    -1.284   -0.009758 0.01236  0.02     | -1.0531
-0.8349  2.407    -1.284   -0.009758 0.01236  0.02     | -1.0531
-0.8349  2.407    -1.27    -0.009758 0.01236  0.02     | -1.0531
-0.8349  2.407    -1.27    -0.009908 0.01236  0.02     | -1.0531
-0.8349  2.407    -1.27    -0.009908 0.01236  0.02     | -1.0531
-0.8349  2.407    -1.27    -0.009908 0.01236  0.02     | -1.0531
iteration 5...
-0.8349  2.407    -1.27    -0.009908 0.01236  0.02     | -1.0531
-0.8349  2.407    -1.27    -0.009908 0.01236  0.02     | -1.0531
-0.8349  2.407    -1.273   -0.009908 0.01236  0.02     | -1.0531
-0.8349  2.407    -1.273   -0.01001 0.01236  0.02     | -1.0531
-0.8349  2.407    -1.273   -0.01001 0.01236  0.02     | -1.0531
-0.8349  2.407    -1.273   -0.01001 0.01236  0.02     | -1.0531
iteration 1...
-0.651   2.407    -1.273   -0.01001 0.01236  0.02     | -1.053
-0.651   2.446    -1.273   -0.01001 0.01236  0.02     | -1.053
-0.651   2.446    -1.173   -0.01001 0.01236  0.02     | -1.053
-0.651   2.446    -1.173   -0.007452 0.01236  0.02     | -1.053
-0.651   2.446    -1.173   -0.007452 0.0135   0.02     | -1.053
-0.651   2.446    -1.173   -0.007452 0.0135   0.02348  | -1.053
iteration 2...
-0.6343  2.446    -1.173   -0.007452 0.0135   0.02348  | -1.053
-0.6343  2.387    -1.173   -0.007452 0.0135   0.02348  | -1.053
-0.6343  2.387    -1.184   -0.007452 0.0135   0.02348  | -1.053
-0.6343  2.387    -1.184   -0.006603 0.0135   0.02348  | -1.053
-0.6343  2.387    -1.184   -0.006603 0.0135   0.02348  | -1.053
-0.6343  2.387    -1.184   -0.006603 0.0135   0.02348  | -1.053
iteration 3...
-0.6366  2.387    -1.184   -0.006603 0.0135   0.02348  | -1.053
-0.6366  2.374    -1.184   -0.006603 0.0135   0.02348  | -1.053
-0.6366  2.374    -1.199   -0.006603 0.0135   0.02348  | -1.053
-0.6366  2.374    -1.199   -0.006603 0.0135   0.02348  | -1.053
-0.6366  2.374    -1.199   -0.006603 0.0135   0.02348  | -1.053
-0.6366  2.374    -1.199   -0.006603 0.0135   0.02348  | -1.053
Done    'Coregister: Estimate'
Done

CoReg Done in 26.167599 seconds

All done with coregistration.
>> >> 
No sandbox specified



Start   : Wed Nov 21 17:58:11 EST 2018
Finish  : Wed Nov 21 17:59:27 EST 2018


