
                            < M A T L A B (R) >
                  Copyright 1984-2015 The MathWorks, Inc.
                   R2015b (8.6.0.267246) 64-bit (glnxa64)
                              August 20, 2015

 
To get started, type one of these: helpwin, helpdesk, or demo.
For product information, visit www.mathworks.com.
 

	Academic License

>> >> >> >> Coregistation Script Created on 181121_15_18_38_281
>> >> >> >> >> >> [Warning: Name is nonexistent or not a directory:
/Users/rcwelsh/matlabScripts/WELLES/mfiles] 
[> In path (line 109)
  In addpath (line 86)] 
>> >> >> >> >> 
UMBatchJobName =

coregOverlay_181121_15_18_38_281_tehsheng_madcbrai

>> 
UMBatchProcessName =

coregOverlay

>> >> Initializing the job manager in SPM8

UMReSlice =

     0



Calling UMBatchCoReg with:
/nfs/fmri/Analysis/Sean_Working/Git_MADC/preprocess/../../Subjects_ABCDResting/madc1364_scan1/func//run_01/utprun_01.nii
/nfs/fmri/Analysis/Sean_Working/Subjects_ABCDResting/madc1364_scan1/func/coReg/t1mprage.nii
UMReSlice:0
Entering UMBatchCoReg V2.0 for SPM8
Coreging /nfs/fmri/Analysis/Sean_Working/Subjects_ABCDResting/madc1364_scan1/func/coReg/t1mprage.nii to
         /nfs/fmri/Analysis/Sean_Working/Git_MADC/preprocess/../../Subjects_ABCDResting/madc1364_scan1/func//run_01/utprun_01.nii


------------------------------------------------------------------------
Running job #1
------------------------------------------------------------------------
Running 'Coregister: Estimate'
iteration 1...
-1.324   0        0        0        0        0        | -1.053
-1.324   0.06181  0        0        0        0        | -1.053
-1.324   0.06181  -1.806   0        0        0        | -1.0534
-1.324   0.06181  -1.806   0.04508  0        0        | -1.0537
-1.324   0.06181  -1.806   0.04508  -0.01471 0        | -1.0537
-1.324   0.06181  -1.806   0.04508  -0.01471 -0.004995 | -1.0538
iteration 2...
-1.217   0.06181  -1.806   0.04508  -0.01471 -0.004995 | -1.0538
-1.217   0.8566   -1.806   0.04508  -0.01471 -0.004995 | -1.0539
-1.217   0.8566   -1.188   0.04508  -0.01471 -0.004995 | -1.054
-1.217   0.8566   -1.188   0.05929  -0.01471 -0.004995 | -1.0541
-1.217   0.8566   -1.188   0.05929  -0.009878 -0.004995 | -1.0541
-1.217   0.8566   -1.188   0.05929  -0.009878 -0.004995 | -1.0541
iteration 3...
-1.059   0.8566   -1.188   0.05929  -0.009878 -0.004995 | -1.0541
-1.059   1.116    -1.188   0.05929  -0.009878 -0.004995 | -1.0541
-1.059   1.116    -1.005   0.05929  -0.009878 -0.004995 | -1.0541
-1.059   1.116    -1.005   0.05934  -0.009878 -0.004995 | -1.0541
-1.059   1.116    -1.005   0.05934  -0.004474 -0.004995 | -1.0541
-1.059   1.116    -1.005   0.05934  -0.004474 -0.004995 | -1.0541
iteration 4...
-0.8808  1.116    -1.005   0.05934  -0.004474 -0.004995 | -1.0541
-0.8808  1.07     -1.005   0.05934  -0.004474 -0.004995 | -1.0541
-0.8808  1.07     -0.8811  0.05934  -0.004474 -0.004995 | -1.0541
-0.8808  1.07     -0.8811  0.05934  -0.004474 -0.004995 | -1.0541
-0.8808  1.07     -0.8811  0.05934  -0.002613 -0.004995 | -1.0541
-0.8808  1.07     -0.8811  0.05934  -0.002613 -0.004052 | -1.0541
iteration 5...
-0.8938  1.07     -0.8811  0.05934  -0.002613 -0.004052 | -1.0541
-0.8938  1.07     -0.8811  0.05934  -0.002613 -0.004052 | -1.0541
-0.8938  1.07     -0.8441  0.05934  -0.002613 -0.004052 | -1.0541
-0.8938  1.07     -0.8441  0.05934  -0.002613 -0.004052 | -1.0541
-0.8938  1.07     -0.8441  0.05934  -0.002613 -0.004052 | -1.0541
-0.8938  1.07     -0.8441  0.05934  -0.002613 -0.004052 | -1.0541
iteration 6...
-0.8938  1.07     -0.8441  0.05934  -0.002613 -0.004052 | -1.0541
-0.8938  1.07     -0.8441  0.05934  -0.002613 -0.004052 | -1.0541
-0.8938  1.07     -0.8436  0.05934  -0.002613 -0.004052 | -1.0541
-0.8938  1.07     -0.8436  0.05934  -0.002613 -0.004052 | -1.0541
-0.8938  1.07     -0.8436  0.05934  -0.002613 -0.004052 | -1.0541
-0.8938  1.07     -0.8436  0.05934  -0.002613 -0.004052 | -1.0541
iteration 1...
-1.033   1.07     -0.8436  0.05934  -0.002613 -0.004052 | -1.0541
-1.033   1.109    -0.8436  0.05934  -0.002613 -0.004052 | -1.0541
-1.033   1.109    -0.6959  0.05934  -0.002613 -0.004052 | -1.0541
-1.033   1.109    -0.6959  0.05592  -0.002613 -0.004052 | -1.0542
-1.033   1.109    -0.6959  0.05592  0.009768 -0.004052 | -1.0542
-1.033   1.109    -0.6959  0.05592  0.009768 -0.001976 | -1.0542
iteration 2...
-1.07    1.109    -0.6959  0.05592  0.009768 -0.001976 | -1.0542
-1.07    1.109    -0.6959  0.05592  0.009768 -0.001976 | -1.0542
-1.07    1.109    -0.7     0.05592  0.009768 -0.001976 | -1.0542
-1.07    1.109    -0.7     0.05699  0.009768 -0.001976 | -1.0542
-1.07    1.109    -0.7     0.05699  0.01166  -0.001976 | -1.0542
-1.07    1.109    -0.7     0.05699  0.01166  -0.001117 | -1.0542
iteration 3...
-1.07    1.109    -0.7     0.05699  0.01166  -0.001117 | -1.0542
-1.07    1.141    -0.7     0.05699  0.01166  -0.001117 | -1.0542
-1.07    1.141    -0.6916  0.05699  0.01166  -0.001117 | -1.0542
-1.07    1.141    -0.6916  0.05699  0.01166  -0.001117 | -1.0542
-1.07    1.141    -0.6916  0.05699  0.01166  -0.001117 | -1.0542
-1.07    1.141    -0.6916  0.05699  0.01166  -0.001117 | -1.0542
iteration 4...
-1.07    1.141    -0.6916  0.05699  0.01166  -0.001117 | -1.0542
-1.07    1.141    -0.6916  0.05699  0.01166  -0.001117 | -1.0542
-1.07    1.141    -0.6916  0.05699  0.01166  -0.001117 | -1.0542
-1.07    1.141    -0.6916  0.05699  0.01166  -0.001117 | -1.0542
-1.07    1.141    -0.6916  0.05699  0.01166  -0.001117 | -1.0542
-1.07    1.141    -0.6916  0.05699  0.01166  -0.001117 | -1.0542
Done    'Coregister: Estimate'
Done

CoReg Done in 29.697033 seconds

All done with coregistration.
>> >> 
No sandbox specified



Start   : Wed Nov 21 15:18:40 EST 2018
Finish  : Wed Nov 21 15:19:47 EST 2018


