
                            < M A T L A B (R) >
                  Copyright 1984-2015 The MathWorks, Inc.
                   R2015b (8.6.0.267246) 64-bit (glnxa64)
                              August 20, 2015

 
To get started, type one of these: helpwin, helpdesk, or demo.
For product information, visit www.mathworks.com.
 

	Academic License

>> >> >> >> Coregistation Script Created on 181121_19_39_44_284
>> >> >> >> >> >> [Warning: Name is nonexistent or not a directory:
/Users/rcwelsh/matlabScripts/WELLES/mfiles] 
[> In path (line 109)
  In addpath (line 86)] 
>> >> >> >> >> 
UMBatchJobName =

coregOverlay_181121_19_39_44_284_tehsheng_madcbrai

>> 
UMBatchProcessName =

coregOverlay

>> >> Initializing the job manager in SPM8

UMReSlice =

     0



Calling UMBatchCoReg with:
/nfs/fmri/Analysis/Sean_Working/Git_MADC/preprocess/../../Subjects_ABCDResting/madc1432_scan1/func//run_01/utprun_01.nii
/nfs/fmri/Analysis/Sean_Working/Subjects_ABCDResting/madc1432_scan1/func/coReg/t1mprage.nii
UMReSlice:0
Entering UMBatchCoReg V2.0 for SPM8
Coreging /nfs/fmri/Analysis/Sean_Working/Subjects_ABCDResting/madc1432_scan1/func/coReg/t1mprage.nii to
         /nfs/fmri/Analysis/Sean_Working/Git_MADC/preprocess/../../Subjects_ABCDResting/madc1432_scan1/func//run_01/utprun_01.nii


------------------------------------------------------------------------
Running job #1
------------------------------------------------------------------------
Running 'Coregister: Estimate'
iteration 1...
-3.405   0        0        0        0        0        | -1.0411
-3.405   1.787    0        0        0        0        | -1.0413
-3.405   1.787    -1.444   0        0        0        | -1.0413
-3.405   1.787    -1.444   0.0105   0        0        | -1.0414
-3.405   1.787    -1.444   0.0105   0.008555 0        | -1.0414
-3.405   1.787    -1.444   0.0105   0.008555 0.001761 | -1.0414
iteration 2...
-3.302   1.787    -1.444   0.0105   0.008555 0.001761 | -1.0414
-3.302   1.337    -1.444   0.0105   0.008555 0.001761 | -1.0414
-3.302   1.337    -0.8273  0.0105   0.008555 0.001761 | -1.0415
-3.302   1.337    -0.8273  0.01539  0.008555 0.001761 | -1.0415
-3.302   1.337    -0.8273  0.01539  0.008226 0.001761 | -1.0415
-3.302   1.337    -0.8273  0.01539  0.008226 0.00128  | -1.0415
iteration 3...
-3.307   1.337    -0.8273  0.01539  0.008226 0.00128  | -1.0415
-3.307   1.446    -0.8273  0.01539  0.008226 0.00128  | -1.0415
-3.307   1.446    -0.6777  0.01539  0.008226 0.00128  | -1.0415
-3.307   1.446    -0.6777  0.01539  0.008226 0.00128  | -1.0415
-3.307   1.446    -0.6777  0.01539  0.008226 0.00128  | -1.0415
-3.307   1.446    -0.6777  0.01539  0.008226 0.001548 | -1.0415
iteration 4...
-3.294   1.446    -0.6777  0.01539  0.008226 0.001548 | -1.0415
-3.294   1.476    -0.6777  0.01539  0.008226 0.001548 | -1.0415
-3.294   1.476    -0.6685  0.01539  0.008226 0.001548 | -1.0415
-3.294   1.476    -0.6685  0.01539  0.008226 0.001548 | -1.0415
-3.294   1.476    -0.6685  0.01539  0.008226 0.001548 | -1.0415
-3.294   1.476    -0.6685  0.01539  0.008226 0.001548 | -1.0415
iteration 5...
-3.294   1.476    -0.6685  0.01539  0.008226 0.001548 | -1.0415
-3.294   1.482    -0.6685  0.01539  0.008226 0.001548 | -1.0415
-3.294   1.482    -0.6625  0.01539  0.008226 0.001548 | -1.0415
-3.294   1.482    -0.6625  0.01539  0.008226 0.001548 | -1.0415
-3.294   1.482    -0.6625  0.01539  0.008226 0.001548 | -1.0415
-3.294   1.482    -0.6625  0.01539  0.008226 0.001548 | -1.0415
iteration 1...
-3.243   1.482    -0.6625  0.01539  0.008226 0.001548 | -1.0413
-3.243   1.154    -0.6625  0.01539  0.008226 0.001548 | -1.0414
-3.243   1.154    -0.6828  0.01539  0.008226 0.001548 | -1.0414
-3.243   1.154    -0.6828  0.01509  0.008226 0.001548 | -1.0414
-3.243   1.154    -0.6828  0.01509  0.006589 0.001548 | -1.0414
-3.243   1.154    -0.6828  0.01509  0.006589 -0.0005268 | -1.0414
iteration 2...
-3.14    1.154    -0.6828  0.01509  0.006589 -0.0005268 | -1.0414
-3.14    1.187    -0.6828  0.01509  0.006589 -0.0005268 | -1.0414
-3.14    1.187    -0.6448  0.01509  0.006589 -0.0005268 | -1.0414
-3.14    1.187    -0.6448  0.01467  0.006589 -0.0005268 | -1.0414
-3.14    1.187    -0.6448  0.01467  0.005817 -0.0005268 | -1.0414
-3.14    1.187    -0.6448  0.01467  0.005817 -0.001072 | -1.0414
-3.072   1.209    -0.6197  0.01439  0.005307 -0.001432 | -1.0414
iteration 3...
-3.072   1.209    -0.6197  0.01439  0.005307 -0.001432 | -1.0414
-3.072   1.191    -0.6197  0.01439  0.005307 -0.001432 | -1.0414
-3.072   1.191    -0.6749  0.01439  0.005307 -0.001432 | -1.0414
-3.072   1.191    -0.6749  0.01482  0.005307 -0.001432 | -1.0414
-3.072   1.191    -0.6749  0.01482  0.005307 -0.001432 | -1.0414
-3.072   1.191    -0.6749  0.01482  0.005307 -0.001432 | -1.0414
iteration 4...
-3.067   1.193    -0.673   0.0148   0.005269 -0.001459 | -1.0414
-3.067   1.184    -0.673   0.0148   0.005269 -0.001459 | -1.0414
-3.067   1.184    -0.6836  0.0148   0.005269 -0.001459 | -1.0414
-3.067   1.184    -0.6836  0.0148   0.005269 -0.001459 | -1.0414
-3.067   1.184    -0.6836  0.0148   0.005269 -0.001459 | -1.0414
-3.067   1.184    -0.6836  0.0148   0.005269 -0.001459 | -1.0414
Done    'Coregister: Estimate'
Done

CoReg Done in 29.776979 seconds

All done with coregistration.
>> >> 
No sandbox specified



Start   : Wed Nov 21 19:39:47 EST 2018
Finish  : Wed Nov 21 19:40:59 EST 2018


