
                            < M A T L A B (R) >
                  Copyright 1984-2015 The MathWorks, Inc.
                   R2015b (8.6.0.267246) 64-bit (glnxa64)
                              August 20, 2015

 
To get started, type one of these: helpwin, helpdesk, or demo.
For product information, visit www.mathworks.com.
 

	Academic License

>> >> >> >> Coregistation Script Created on 181121_16_43_06_412
>> >> >> >> >> >> [Warning: Name is nonexistent or not a directory:
/Users/rcwelsh/matlabScripts/WELLES/mfiles] 
[> In path (line 109)
  In addpath (line 86)] 
>> >> >> >> >> 
UMBatchJobName =

coregOverlay_181121_16_43_06_412_tehsheng_madcbrai

>> 
UMBatchProcessName =

coregOverlay

>> >> Initializing the job manager in SPM8

UMReSlice =

     0



Calling UMBatchCoReg with:
/nfs/fmri/Analysis/Sean_Working/Git_MADC/preprocess/../../Subjects_ABCDResting/madc1220_scan1/func//run_01/utprun_01.nii
/nfs/fmri/Analysis/Sean_Working/Subjects_ABCDResting/madc1220_scan1/func/coReg/t1mprage.nii
UMReSlice:0
Entering UMBatchCoReg V2.0 for SPM8
Coreging /nfs/fmri/Analysis/Sean_Working/Subjects_ABCDResting/madc1220_scan1/func/coReg/t1mprage.nii to
         /nfs/fmri/Analysis/Sean_Working/Git_MADC/preprocess/../../Subjects_ABCDResting/madc1220_scan1/func//run_01/utprun_01.nii


------------------------------------------------------------------------
Running job #1
------------------------------------------------------------------------
Running 'Coregister: Estimate'
iteration 1...
-1.542   0        0        0        0        0        | -1.0469
-1.542   0.3347   0        0        0        0        | -1.0469
-1.542   0.3347   -0.9229  0        0        0        | -1.0471
-1.542   0.3347   -0.9229  0.02228  0        0        | -1.0472
-1.542   0.3347   -0.9229  0.02228  -0.02229 0        | -1.0473
-1.542   0.3347   -0.9229  0.02228  -0.02229 -0.007086 | -1.0473
iteration 2...
-1.567   0.3347   -0.9229  0.02228  -0.02229 -0.007086 | -1.0473
-1.567   0.3599   -0.9229  0.02228  -0.02229 -0.007086 | -1.0473
-1.567   0.3599   -0.6384  0.02228  -0.02229 -0.007086 | -1.0473
-1.567   0.3599   -0.6384  0.02674  -0.02229 -0.007086 | -1.0473
-1.567   0.3599   -0.6384  0.02674  -0.02138 -0.007086 | -1.0473
-1.567   0.3599   -0.6384  0.02674  -0.02138 -0.007086 | -1.0473
iteration 3...
-1.658   0.3599   -0.6384  0.02674  -0.02138 -0.007086 | -1.0473
-1.658   0.2323   -0.6384  0.02674  -0.02138 -0.007086 | -1.0473
-1.658   0.2323   -0.594   0.02674  -0.02138 -0.007086 | -1.0473
-1.658   0.2323   -0.594   0.0303   -0.02138 -0.007086 | -1.0473
-1.658   0.2323   -0.594   0.0303   -0.01995 -0.007086 | -1.0473
-1.658   0.2323   -0.594   0.0303   -0.01995 -0.007964 | -1.0473
-1.715   0.1536   -0.5666  0.03249  -0.01907 -0.008506 | -1.0473
iteration 4...
-1.709   0.1536   -0.5666  0.03249  -0.01907 -0.008506 | -1.0473
-1.709   0.1536   -0.5666  0.03249  -0.01907 -0.008506 | -1.0473
-1.709   0.1536   -0.4622  0.03249  -0.01907 -0.008506 | -1.0473
-1.709   0.1536   -0.4622  0.03193  -0.01907 -0.008506 | -1.0473
-1.709   0.1536   -0.4622  0.03193  -0.01802 -0.008506 | -1.0473
-1.709   0.1536   -0.4622  0.03193  -0.01802 -0.008506 | -1.0473
iteration 5...
-1.709   0.1536   -0.4622  0.03193  -0.01802 -0.008506 | -1.0473
-1.721   0.1375   -0.4566  0.03238  -0.01784 -0.008617 | -1.0473
-1.721   0.1375   -0.4566  0.03238  -0.01784 -0.008617 | -1.0473
-1.721   0.1375   -0.4566  0.03238  -0.01784 -0.008617 | -1.0473
-1.721   0.1375   -0.4566  0.03238  -0.01755 -0.008617 | -1.0473
-1.721   0.1375   -0.4566  0.03238  -0.01755 -0.008617 | -1.0473
-1.732   0.1214   -0.451   0.03283  -0.01708 -0.008728 | -1.0473
iteration 6...
-1.74    0.1214   -0.451   0.03283  -0.01708 -0.008728 | -1.0473
-1.747   0.1118   -0.4476  0.0331   -0.01697 -0.008794 | -1.0473
-1.747   0.1118   -0.4218  0.0331   -0.01697 -0.008794 | -1.0473
-1.747   0.1118   -0.4218  0.03241  -0.01697 -0.008794 | -1.0474
-1.747   0.1118   -0.4218  0.03241  -0.01697 -0.008794 | -1.0474
-1.747   0.1118   -0.4218  0.03241  -0.01697 -0.008794 | -1.0474
iteration 7...
-1.747   0.1118   -0.4218  0.03241  -0.01697 -0.008794 | -1.0474
-1.747   0.1118   -0.4218  0.03241  -0.01697 -0.008794 | -1.0474
-1.747   0.1118   -0.4132  0.03241  -0.01697 -0.008794 | -1.0474
-1.747   0.1118   -0.4132  0.03241  -0.01697 -0.008794 | -1.0474
-1.747   0.1118   -0.4132  0.03241  -0.01697 -0.008794 | -1.0474
-1.747   0.1118   -0.4132  0.03241  -0.01697 -0.008752 | -1.0474
iteration 1...
-1.839   0.1118   -0.4132  0.03241  -0.01697 -0.008752 | -1.0471
-1.839   0.2042   -0.4132  0.03241  -0.01697 -0.008752 | -1.0471
-1.839   0.2042   -0.4144  0.03241  -0.01697 -0.008752 | -1.0471
-1.839   0.2042   -0.4144  0.03062  -0.01697 -0.008752 | -1.0471
-1.839   0.2042   -0.4144  0.03062  -0.01719 -0.008752 | -1.0471
-1.839   0.2042   -0.4144  0.03062  -0.01719 -0.001936 | -1.0471
iteration 2...
-1.859   0.2042   -0.4144  0.03062  -0.01719 -0.001936 | -1.0471
-1.859   0.2196   -0.4144  0.03062  -0.01719 -0.001936 | -1.0471
-1.859   0.2196   -0.4249  0.03062  -0.01719 -0.001936 | -1.0471
-1.859   0.2196   -0.4249  0.02869  -0.01719 -0.001936 | -1.0471
-1.859   0.2196   -0.4249  0.02869  -0.01719 -0.001936 | -1.0471
-1.859   0.2196   -0.4249  0.02869  -0.01719 -0.001936 | -1.0471
iteration 3...
-1.886   0.2196   -0.4249  0.02869  -0.01719 -0.001936 | -1.0471
-1.886   0.252    -0.4249  0.02869  -0.01719 -0.001936 | -1.0471
-1.886   0.252    -0.459   0.02869  -0.01719 -0.001936 | -1.0471
-1.886   0.252    -0.459   0.02869  -0.01719 -0.001936 | -1.0471
-1.886   0.252    -0.459   0.02869  -0.01719 -0.001936 | -1.0471
-1.886   0.252    -0.459   0.02869  -0.01719 -0.001936 | -1.0471
iteration 4...
-1.886   0.252    -0.459   0.02869  -0.01719 -0.001936 | -1.0471
-1.886   0.2603   -0.459   0.02869  -0.01719 -0.001936 | -1.0471
-1.886   0.2603   -0.459   0.02869  -0.01719 -0.001936 | -1.0471
-1.886   0.2603   -0.459   0.02869  -0.01719 -0.001936 | -1.0471
-1.886   0.2603   -0.459   0.02869  -0.01719 -0.001936 | -1.0471
-1.886   0.2603   -0.459   0.02869  -0.01719 -0.001936 | -1.0471
Done    'Coregister: Estimate'
Done

CoReg Done in 30.516320 seconds

All done with coregistration.
>> >> 
No sandbox specified



Start   : Wed Nov 21 16:43:11 EST 2018
Finish  : Wed Nov 21 16:44:26 EST 2018


