
                            < M A T L A B (R) >
                  Copyright 1984-2015 The MathWorks, Inc.
                   R2015b (8.6.0.267246) 64-bit (glnxa64)
                              August 20, 2015

 
To get started, type one of these: helpwin, helpdesk, or demo.
For product information, visit www.mathworks.com.
 

	Academic License

>> >> >> >> Coregistation Script Created on 181121_19_12_15_191
>> >> >> >> >> >> [Warning: Name is nonexistent or not a directory:
/Users/rcwelsh/matlabScripts/WELLES/mfiles] 
[> In path (line 109)
  In addpath (line 86)] 
>> >> >> >> >> 
UMBatchJobName =

coregOverlay_181121_19_12_15_191_tehsheng_madcbrai

>> 
UMBatchProcessName =

coregOverlay

>> >> Initializing the job manager in SPM8

UMReSlice =

     0



Calling UMBatchCoReg with:
/nfs/fmri/Analysis/Sean_Working/Git_MADC/preprocess/../../Subjects_ABCDResting/madc1430_scan1/func//run_01/utprun_01.nii
/nfs/fmri/Analysis/Sean_Working/Subjects_ABCDResting/madc1430_scan1/func/coReg/t1mprage.nii
UMReSlice:0
Entering UMBatchCoReg V2.0 for SPM8
Coreging /nfs/fmri/Analysis/Sean_Working/Subjects_ABCDResting/madc1430_scan1/func/coReg/t1mprage.nii to
         /nfs/fmri/Analysis/Sean_Working/Git_MADC/preprocess/../../Subjects_ABCDResting/madc1430_scan1/func//run_01/utprun_01.nii


------------------------------------------------------------------------
Running job #1
------------------------------------------------------------------------
Running 'Coregister: Estimate'
iteration 1...
-2.092   0        0        0        0        0        | -1.0511
-2.092   3.872    0        0        0        0        | -1.0523
-2.092   3.872    -3.53    0        0        0        | -1.0534
-2.092   3.872    -3.53    -0.01543 0        0        | -1.0534
-2.092   3.872    -3.53    -0.01543 0.0005218 0        | -1.0534
-2.092   3.872    -3.53    -0.01543 0.0005218 0        | -1.0534
iteration 2...
-2.092   3.872    -3.53    -0.01543 0.0005218 0        | -1.0534
-2.092   2.8      -3.53    -0.01543 0.0005218 0        | -1.0535
-2.092   2.8      -3.208   -0.01543 0.0005218 0        | -1.0536
-2.092   2.8      -3.208   -0.03152 0.0005218 0        | -1.0537
-2.092   2.8      -3.208   -0.03152 0.0004393 0        | -1.0537
-2.092   2.8      -3.208   -0.03152 0.0004393 0        | -1.0537
-2.092   2.013    -2.972   -0.04334 0.0003787 0        | -1.0538
iteration 3...
-2.129   2.013    -2.972   -0.04334 0.0003787 0        | -1.0538
-2.129   2.039    -2.972   -0.04334 0.0003787 0        | -1.0538
-2.129   2.039    -2.721   -0.04334 0.0003787 0        | -1.0538
-2.129   2.04     -2.722   -0.04332 0.0003789 0        | -1.0538
-2.129   2.04     -2.722   -0.04332 0.003479 0        | -1.0538
-2.129   2.04     -2.722   -0.04332 0.003479 -0.001574 | -1.0538
iteration 4...
-2.129   2.04     -2.722   -0.04332 0.003479 -0.001574 | -1.0538
-2.129   2.007    -2.722   -0.04332 0.003479 -0.001574 | -1.0538
-2.129   2.007    -2.737   -0.04332 0.003479 -0.001574 | -1.0538
-2.129   2.032    -2.744   -0.04293 0.003481 -0.001574 | -1.0538
-2.129   2.032    -2.744   -0.04293 0.003481 -0.001574 | -1.0538
-2.129   2.032    -2.744   -0.04293 0.003481 -0.001574 | -1.0538
-2.129   2.028    -2.757   -0.04272 0.003482 -0.001574 | -1.0538
iteration 5...
-2.129   2.028    -2.757   -0.04272 0.003482 -0.001574 | -1.0538
-2.129   2.028    -2.757   -0.04272 0.003482 -0.001574 | -1.0538
-2.129   2.028    -2.731   -0.04272 0.003482 -0.001574 | -1.0538
-2.129   2.028    -2.731   -0.04272 0.003482 -0.001574 | -1.0538
-2.129   2.028    -2.731   -0.04272 0.003482 -0.001574 | -1.0538
-2.129   2.028    -2.731   -0.04272 0.003482 -0.001574 | -1.0538
iteration 6...
-2.129   2.028    -2.731   -0.04272 0.003482 -0.001574 | -1.0538
-2.129   2.028    -2.731   -0.04272 0.003482 -0.001574 | -1.0538
-2.129   2.028    -2.731   -0.04272 0.003482 -0.001574 | -1.0538
-2.129   2.028    -2.731   -0.04272 0.003482 -0.001574 | -1.0538
-2.129   2.028    -2.731   -0.04272 0.003482 -0.001574 | -1.0538
-2.129   2.028    -2.731   -0.04272 0.003482 -0.001574 | -1.0538
iteration 1...
-2.011   2.028    -2.731   -0.04272 0.003482 -0.001574 | -1.0536
-2.011   2.067    -2.731   -0.04272 0.003482 -0.001574 | -1.0536
-2.011   2.067    -2.579   -0.04272 0.003482 -0.001574 | -1.0536
-2.011   2.067    -2.579   -0.04507 0.003482 -0.001574 | -1.0536
-2.011   2.067    -2.579   -0.04507 0.001483 -0.001574 | -1.0536
-2.011   2.067    -2.579   -0.04507 0.001483 -0.001058 | -1.0536
iteration 2...
-2.032   2.067    -2.579   -0.04507 0.001483 -0.001058 | -1.0536
-2.032   2.067    -2.579   -0.04507 0.001483 -0.001058 | -1.0536
-2.032   2.067    -2.558   -0.04507 0.001483 -0.001058 | -1.0536
-2.032   2.067    -2.558   -0.04507 0.001483 -0.001058 | -1.0536
-2.032   2.067    -2.558   -0.04507 0.00154  -0.001058 | -1.0536
-2.032   2.067    -2.558   -0.04507 0.00154  -0.001058 | -1.0536
iteration 3...
-2.032   2.067    -2.558   -0.04507 0.00154  -0.001058 | -1.0536
-2.032   2.067    -2.558   -0.04507 0.00154  -0.001058 | -1.0536
-2.032   2.067    -2.548   -0.04507 0.00154  -0.001058 | -1.0536
-2.032   2.067    -2.548   -0.04507 0.00154  -0.001058 | -1.0536
-2.032   2.067    -2.548   -0.04507 0.00154  -0.001058 | -1.0536
-2.032   2.067    -2.548   -0.04507 0.00154  -0.001058 | -1.0536
Done    'Coregister: Estimate'
Done

CoReg Done in 26.225987 seconds

All done with coregistration.
>> >> 
No sandbox specified



Start   : Wed Nov 21 19:12:17 EST 2018
Finish  : Wed Nov 21 19:13:24 EST 2018


