
                            < M A T L A B (R) >
                  Copyright 1984-2015 The MathWorks, Inc.
                   R2015b (8.6.0.267246) 64-bit (glnxa64)
                              August 20, 2015

 
To get started, type one of these: helpwin, helpdesk, or demo.
For product information, visit www.mathworks.com.
 

	Academic License

>> >> >> >> Coregistation Script Created on 181122_02_14_35_284
>> >> >> >> >> >> [Warning: Name is nonexistent or not a directory:
/Users/rcwelsh/matlabScripts/WELLES/mfiles] 
[> In path (line 109)
  In addpath (line 86)] 
>> >> >> >> >> 
UMBatchJobName =

coregOverlay_181122_02_14_35_284_tehsheng_madcbrai

>> 
UMBatchProcessName =

coregOverlay

>> >> Initializing the job manager in SPM8

UMReSlice =

     0



Calling UMBatchCoReg with:
/nfs/fmri/Analysis/Sean_Working/Git_MADC/preprocess/../../Subjects_ABCDResting/madc1459_scan1/func//run_01/utprun_01.nii
/nfs/fmri/Analysis/Sean_Working/Subjects_ABCDResting/madc1459_scan1/func/coReg/t1mprage.nii
UMReSlice:0
Entering UMBatchCoReg V2.0 for SPM8
Coreging /nfs/fmri/Analysis/Sean_Working/Subjects_ABCDResting/madc1459_scan1/func/coReg/t1mprage.nii to
         /nfs/fmri/Analysis/Sean_Working/Git_MADC/preprocess/../../Subjects_ABCDResting/madc1459_scan1/func//run_01/utprun_01.nii


------------------------------------------------------------------------
Running job #1
------------------------------------------------------------------------
Running 'Coregister: Estimate'
iteration 1...
-2.7     0        0        0        0        0        | -1.0503
-2.7     0.5965   0        0        0        0        | -1.0504
-2.7     0.5965   -0.1834  0        0        0        | -1.0504
-2.7     0.5965   -0.1834  0.0108   0        0        | -1.0504
-2.7     0.5965   -0.1834  0.0108   0.01034  0        | -1.0504
-2.7     0.5965   -0.1834  0.0108   0.01034  -0.0289  | -1.0505
iteration 2...
-2.245   0.5965   -0.1834  0.0108   0.01034  -0.0289  | -1.0506
-2.245   0.5881   -0.1834  0.0108   0.01034  -0.0289  | -1.0506
-2.245   0.5881   -0.1274  0.0108   0.01034  -0.0289  | -1.0506
-2.245   0.5881   -0.1274  0.01236  0.01034  -0.0289  | -1.0506
-2.245   0.5881   -0.1274  0.01236  0.002766 -0.0289  | -1.0506
-2.245   0.5881   -0.1274  0.01236  0.002766 -0.02898 | -1.0506
iteration 3...
-2.245   0.5881   -0.1274  0.01236  0.002766 -0.02898 | -1.0506
-2.245   0.5899   -0.1274  0.01236  0.002766 -0.02898 | -1.0506
-2.245   0.5899   -0.09682 0.01236  0.002766 -0.02898 | -1.0506
-2.245   0.5899   -0.09682 0.02951  0.002766 -0.02898 | -1.0506
-2.245   0.5899   -0.09682 0.02951  -0.004777 -0.02898 | -1.0507
-2.245   0.5899   -0.09682 0.02951  -0.004777 -0.04344 | -1.0507
iteration 4...
-2.256   0.5899   -0.09682 0.02951  -0.004777 -0.04344 | -1.0507
-2.256   0.3237   -0.09682 0.02951  -0.004777 -0.04344 | -1.0507
-2.256   0.3237   -0.09682 0.02951  -0.004777 -0.04344 | -1.0507
-2.256   0.3237   -0.09682 0.03031  -0.004777 -0.04344 | -1.0507
-2.256   0.3237   -0.09682 0.03031  -0.01073 -0.04344 | -1.0508
-2.256   0.3237   -0.09682 0.03031  -0.01073 -0.04368 | -1.0508
iteration 5...
-2.165   0.3237   -0.09682 0.03031  -0.01073 -0.04368 | -1.0508
-2.165   0.3143   -0.09682 0.03031  -0.01073 -0.04368 | -1.0508
-2.165   0.3143   -0.06647 0.03031  -0.01073 -0.04368 | -1.0508
-2.165   0.3143   -0.06647 0.03031  -0.01073 -0.04368 | -1.0508
-2.165   0.3143   -0.06647 0.03031  -0.0108  -0.04368 | -1.0508
-2.165   0.3143   -0.06647 0.03031  -0.0108  -0.04574 | -1.0508
iteration 6...
-2.165   0.3143   -0.06647 0.03031  -0.0108  -0.04574 | -1.0508
-2.165   0.3003   -0.06647 0.03031  -0.0108  -0.04574 | -1.0508
-2.165   0.3003   -0.08567 0.03031  -0.0108  -0.04574 | -1.0508
-2.165   0.3003   -0.08567 0.03031  -0.0108  -0.04574 | -1.0508
-2.165   0.3003   -0.08567 0.03031  -0.0108  -0.04574 | -1.0508
-2.165   0.3003   -0.08567 0.03031  -0.0108  -0.04574 | -1.0508
iteration 7...
-2.165   0.3003   -0.08567 0.03031  -0.0108  -0.04574 | -1.0508
-2.165   0.3003   -0.08567 0.03031  -0.0108  -0.04574 | -1.0508
-2.165   0.3003   -0.08567 0.03031  -0.0108  -0.04574 | -1.0508
-2.165   0.3003   -0.08567 0.03031  -0.0108  -0.04574 | -1.0508
-2.165   0.3003   -0.08567 0.03031  -0.0108  -0.04574 | -1.0508
-2.165   0.3003   -0.08567 0.03031  -0.0108  -0.04574 | -1.0508
iteration 1...
-2.068   0.3003   -0.08567 0.03031  -0.0108  -0.04574 | -1.0505
-2.068   0.09998  -0.08567 0.03031  -0.0108  -0.04574 | -1.0505
-2.068   0.09998  -0.3148  0.03031  -0.0108  -0.04574 | -1.0505
-2.068   0.09998  -0.3148  0.02522  -0.0108  -0.04574 | -1.0505
-2.068   0.09998  -0.3148  0.02522  -0.009617 -0.04574 | -1.0505
-2.068   0.09998  -0.3148  0.02522  -0.009617 -0.04267 | -1.0505
iteration 2...
-2.114   0.09998  -0.3148  0.02522  -0.009617 -0.04267 | -1.0505
-2.114   0.2015   -0.3148  0.02522  -0.009617 -0.04267 | -1.0505
-2.114   0.2015   -0.2419  0.02522  -0.009617 -0.04267 | -1.0505
-2.114   0.2015   -0.2419  0.02298  -0.009617 -0.04267 | -1.0505
-2.114   0.2015   -0.2419  0.02298  -0.007768 -0.04267 | -1.0505
-2.114   0.2015   -0.2419  0.02298  -0.007768 -0.04267 | -1.0505
iteration 3...
-2.098   0.2015   -0.2419  0.02298  -0.007768 -0.04267 | -1.0505
-2.098   0.2201   -0.2419  0.02298  -0.007768 -0.04267 | -1.0505
-2.098   0.2201   -0.2473  0.02298  -0.007768 -0.04267 | -1.0505
-2.098   0.2201   -0.2473  0.02269  -0.007768 -0.04267 | -1.0505
-2.098   0.2201   -0.2473  0.02269  -0.007768 -0.04267 | -1.0505
-2.098   0.2201   -0.2473  0.02269  -0.007768 -0.04267 | -1.0505
iteration 4...
-2.098   0.2201   -0.2473  0.02269  -0.007768 -0.04267 | -1.0505
-2.098   0.2201   -0.2473  0.02269  -0.007768 -0.04267 | -1.0505
-2.098   0.2201   -0.2633  0.02269  -0.007768 -0.04267 | -1.0505
-2.098   0.2201   -0.2633  0.02269  -0.007768 -0.04267 | -1.0505
-2.098   0.2201   -0.2633  0.02269  -0.007768 -0.04267 | -1.0505
-2.098   0.2201   -0.2633  0.02269  -0.007768 -0.04267 | -1.0505
Done    'Coregister: Estimate'
Done

CoReg Done in 27.221547 seconds

All done with coregistration.
>> >> 
No sandbox specified



Start   : Thu Nov 22 02:14:37 EST 2018
Finish  : Thu Nov 22 02:15:37 EST 2018


