
                            < M A T L A B (R) >
                  Copyright 1984-2015 The MathWorks, Inc.
                   R2015b (8.6.0.267246) 64-bit (glnxa64)
                              August 20, 2015

 
To get started, type one of these: helpwin, helpdesk, or demo.
For product information, visit www.mathworks.com.
 

	Academic License

>> >> >> >> Coregistation Script Created on 181121_14_33_38_716
>> >> >> >> >> >> [Warning: Name is nonexistent or not a directory:
/Users/rcwelsh/matlabScripts/WELLES/mfiles] 
[> In path (line 109)
  In addpath (line 86)] 
>> >> >> >> >> 
UMBatchJobName =

coregOverlay_181121_14_33_38_716_tehsheng_madcbrai

>> 
UMBatchProcessName =

coregOverlay

>> >> Initializing the job manager in SPM8

UMReSlice =

     0



Calling UMBatchCoReg with:
/nfs/fmri/Analysis/Sean_Working/Git_MADC/preprocess/../../Subjects_ABCDResting/madc1412_scan1/func//run_01/utprun_01.nii
/nfs/fmri/Analysis/Sean_Working/Subjects_ABCDResting/madc1412_scan1/func/coReg/t1mprage.nii
UMReSlice:0
Entering UMBatchCoReg V2.0 for SPM8
Coreging /nfs/fmri/Analysis/Sean_Working/Subjects_ABCDResting/madc1412_scan1/func/coReg/t1mprage.nii to
         /nfs/fmri/Analysis/Sean_Working/Git_MADC/preprocess/../../Subjects_ABCDResting/madc1412_scan1/func//run_01/utprun_01.nii


------------------------------------------------------------------------
Running job #1
------------------------------------------------------------------------
Running 'Coregister: Estimate'
iteration 1...
-1.553   0        0        0        0        0        | -1.0549
-1.553   1.655    0        0        0        0        | -1.0555
-1.553   1.655    -1.837   0        0        0        | -1.056
-1.553   1.655    -1.837   0.03317  0        0        | -1.0563
-1.553   1.655    -1.837   0.03317  0        0        | -1.0563
-1.553   1.655    -1.837   0.03317  0        0.01061  | -1.0564
iteration 2...
-1.828   1.655    -1.837   0.03317  0        0.01061  | -1.0564
-1.828   1.284    -1.837   0.03317  0        0.01061  | -1.0564
-1.828   1.284    -1.475   0.03317  0        0.01061  | -1.0565
-1.828   1.284    -1.475   0.03044  0        0.01061  | -1.0565
-1.828   1.284    -1.475   0.03044  -0.003201 0.01061  | -1.0565
-1.828   1.284    -1.475   0.03044  -0.003201 0.009992 | -1.0565
iteration 3...
-1.816   1.284    -1.475   0.03044  -0.003201 0.009992 | -1.0565
-1.816   1.303    -1.475   0.03044  -0.003201 0.009992 | -1.0565
-1.816   1.303    -1.456   0.03044  -0.003201 0.009992 | -1.0565
-1.816   1.303    -1.456   0.03044  -0.003201 0.009992 | -1.0565
-1.816   1.303    -1.456   0.03044  -0.003201 0.009992 | -1.0565
-1.816   1.303    -1.456   0.03044  -0.003201 0.009992 | -1.0565
iteration 4...
-1.823   1.303    -1.456   0.03044  -0.003201 0.009992 | -1.0565
-1.823   1.304    -1.456   0.03044  -0.003201 0.009992 | -1.0565
-1.823   1.304    -1.456   0.03044  -0.003201 0.009992 | -1.0565
-1.823   1.304    -1.456   0.03044  -0.003201 0.009992 | -1.0565
-1.823   1.304    -1.456   0.03044  -0.003201 0.009992 | -1.0565
-1.823   1.304    -1.456   0.03044  -0.003201 0.009992 | -1.0565
iteration 1...
-1.653   1.304    -1.456   0.03044  -0.003201 0.009992 | -1.0562
-1.653   1.4      -1.456   0.03044  -0.003201 0.009992 | -1.0562
-1.653   1.4      -1.283   0.03044  -0.003201 0.009992 | -1.0562
-1.653   1.4      -1.283   0.03265  -0.003201 0.009992 | -1.0562
-1.653   1.4      -1.283   0.03265  -0.01044 0.009992 | -1.0562
-1.653   1.4      -1.283   0.03265  -0.01044 0.006427 | -1.0562
iteration 2...
-1.566   1.4      -1.283   0.03265  -0.01044 0.006427 | -1.0562
-1.566   1.326    -1.283   0.03265  -0.01044 0.006427 | -1.0562
-1.566   1.326    -1.205   0.03265  -0.01044 0.006427 | -1.0562
-1.566   1.326    -1.205   0.03265  -0.01044 0.006427 | -1.0562
-1.566   1.326    -1.205   0.03265  -0.01044 0.006427 | -1.0562
-1.566   1.326    -1.205   0.03265  -0.01044 0.0055   | -1.0562
iteration 3...
-1.566   1.326    -1.205   0.03265  -0.01044 0.0055   | -1.0562
-1.566   1.32     -1.205   0.03265  -0.01044 0.0055   | -1.0562
-1.566   1.32     -1.205   0.03265  -0.01044 0.0055   | -1.0562
-1.566   1.32     -1.205   0.03265  -0.01044 0.0055   | -1.0562
-1.566   1.32     -1.205   0.03265  -0.009908 0.0055   | -1.0562
-1.566   1.32     -1.205   0.03265  -0.009908 0.0055   | -1.0562
Done    'Coregister: Estimate'
Done

CoReg Done in 28.274845 seconds

All done with coregistration.
>> >> 
No sandbox specified



Start   : Wed Nov 21 14:33:42 EST 2018
Finish  : Wed Nov 21 14:35:07 EST 2018


