
                            < M A T L A B (R) >
                  Copyright 1984-2015 The MathWorks, Inc.
                   R2015b (8.6.0.267246) 64-bit (glnxa64)
                              August 20, 2015

 
To get started, type one of these: helpwin, helpdesk, or demo.
For product information, visit www.mathworks.com.
 

	Academic License

>> >> >> >> Coregistation Script Created on 181121_17_32_25_524
>> >> >> >> >> >> [Warning: Name is nonexistent or not a directory:
/Users/rcwelsh/matlabScripts/WELLES/mfiles] 
[> In path (line 109)
  In addpath (line 86)] 
>> >> >> >> >> 
UMBatchJobName =

coregOverlay_181121_17_32_25_524_tehsheng_madcbrai

>> 
UMBatchProcessName =

coregOverlay

>> >> Initializing the job manager in SPM8

UMReSlice =

     0



Calling UMBatchCoReg with:
/nfs/fmri/Analysis/Sean_Working/Git_MADC/preprocess/../../Subjects_ABCDResting/madc1422_scan1/func//run_01/utprun_01.nii
/nfs/fmri/Analysis/Sean_Working/Subjects_ABCDResting/madc1422_scan1/func/coReg/t1mprage.nii
UMReSlice:0
Entering UMBatchCoReg V2.0 for SPM8
Coreging /nfs/fmri/Analysis/Sean_Working/Subjects_ABCDResting/madc1422_scan1/func/coReg/t1mprage.nii to
         /nfs/fmri/Analysis/Sean_Working/Git_MADC/preprocess/../../Subjects_ABCDResting/madc1422_scan1/func//run_01/utprun_01.nii


------------------------------------------------------------------------
Running job #1
------------------------------------------------------------------------
Running 'Coregister: Estimate'
iteration 1...
-1.08    0        0        0        0        0        | -1.05
-1.08    1.306    0        0        0        0        | -1.0501
-1.08    1.306    -0.6982  0        0        0        | -1.0502
-1.08    1.306    -0.6982  0.01547  0        0        | -1.0502
-1.08    1.306    -0.6982  0.01547  -0.005341 0        | -1.0503
-1.08    1.306    -0.6982  0.01547  -0.005341 0.003559 | -1.0503
iteration 2...
-0.7268  1.306    -0.6982  0.01547  -0.005341 0.003559 | -1.0503
-0.7268  1.024    -0.6982  0.01547  -0.005341 0.003559 | -1.0503
-0.7268  1.024    -0.2011  0.01547  -0.005341 0.003559 | -1.0504
-0.7268  1.024    -0.2011  0.01727  -0.005341 0.003559 | -1.0504
-0.7268  1.024    -0.2011  0.01727  -0.007581 0.003559 | -1.0504
-0.7268  1.024    -0.2011  0.01727  -0.007581 0.006074 | -1.0504
iteration 3...
-0.6767  1.024    -0.2011  0.01727  -0.007581 0.006074 | -1.0504
-0.6767  0.9266   -0.2011  0.01727  -0.007581 0.006074 | -1.0504
-0.6767  0.9266   -0.1301  0.01727  -0.007581 0.006074 | -1.0504
-0.6767  0.9266   -0.1301  0.01857  -0.007581 0.006074 | -1.0504
-0.6767  0.9266   -0.1301  0.01857  -0.01042 0.006074 | -1.0504
-0.6767  0.9266   -0.1301  0.01857  -0.01042 0.007092 | -1.0504
iteration 4...
-0.6767  0.9266   -0.1301  0.01857  -0.01042 0.007092 | -1.0504
-0.6767  0.8586   -0.1301  0.01857  -0.01042 0.007092 | -1.0504
-0.6767  0.8586   -0.09374 0.01857  -0.01042 0.007092 | -1.0504
-0.6767  0.8586   -0.09374 0.02021  -0.01042 0.007092 | -1.0504
-0.6767  0.8586   -0.09374 0.02021  -0.01042 0.007092 | -1.0504
-0.6767  0.8586   -0.09374 0.02021  -0.01042 0.006964 | -1.0504
iteration 5...
-0.6767  0.8586   -0.09374 0.02021  -0.01042 0.006964 | -1.0504
-0.6767  0.762    -0.09374 0.02021  -0.01042 0.006964 | -1.0504
-0.6767  0.762    -0.1093  0.02021  -0.01042 0.006964 | -1.0504
-0.6767  0.762    -0.1093  0.02042  -0.01042 0.006964 | -1.0504
-0.6767  0.762    -0.1093  0.02042  -0.01042 0.006964 | -1.0504
-0.6767  0.762    -0.1093  0.02042  -0.01042 0.006964 | -1.0504
-0.6767  0.5579   -0.142   0.02086  -0.01042 0.006964 | -1.0504
iteration 6...
-0.6767  0.5579   -0.142   0.02086  -0.01042 0.006964 | -1.0504
-0.6767  0.5579   -0.142   0.02086  -0.01042 0.006964 | -1.0504
-0.6767  0.5579   -0.08115 0.02086  -0.01042 0.006964 | -1.0504
-0.6767  0.5579   -0.08115 0.02377  -0.01042 0.006964 | -1.0504
-0.6767  0.5579   -0.08115 0.02377  -0.01038 0.006964 | -1.0504
-0.6767  0.5579   -0.08115 0.02377  -0.01038 -0.001165 | -1.0504
iteration 7...
-0.6767  0.5579   -0.08115 0.02377  -0.01038 -0.001165 | -1.0504
-0.6767  0.5623   -0.08044 0.02376  -0.01038 -0.001165 | -1.0504
-0.6767  0.5623   -0.07927 0.02376  -0.01038 -0.001165 | -1.0504
-0.6767  0.5623   -0.07927 0.02388  -0.01038 -0.001165 | -1.0504
-0.6767  0.5623   -0.07927 0.02388  -0.008377 -0.001165 | -1.0504
-0.6767  0.5623   -0.07927 0.02388  -0.008377 -0.001165 | -1.0504
iteration 8...
-0.7356  0.5623   -0.07927 0.02388  -0.008377 -0.001165 | -1.0504
-0.7356  0.547    -0.08173 0.02391  -0.008377 -0.001165 | -1.0504
-0.7356  0.547    -0.08173 0.02391  -0.008377 -0.001165 | -1.0504
-0.7356  0.547    -0.08173 0.02448  -0.008377 -0.001165 | -1.0504
-0.7356  0.547    -0.08173 0.02448  -0.008377 -0.001165 | -1.0504
-0.7356  0.547    -0.08173 0.02448  -0.008377 -0.001165 | -1.0504
iteration 9...
-0.7356  0.547    -0.08173 0.02448  -0.008377 -0.001165 | -1.0504
-0.7356  0.547    -0.08173 0.02448  -0.008377 -0.001165 | -1.0504
-0.7356  0.547    -0.05324 0.02448  -0.008377 -0.001165 | -1.0504
-0.7356  0.547    -0.05324 0.02448  -0.008377 -0.001165 | -1.0504
-0.7356  0.547    -0.05324 0.02448  -0.008377 -0.001165 | -1.0504
-0.7356  0.547    -0.05324 0.02448  -0.008377 -0.001165 | -1.0504
iteration 10...
-0.7356  0.547    -0.05324 0.02448  -0.008377 -0.001165 | -1.0504
-0.7356  0.5314   -0.05573 0.02451  -0.008377 -0.001165 | -1.0504
-0.7356  0.5314   -0.05573 0.02451  -0.008377 -0.001165 | -1.0504
-0.7356  0.5314   -0.05573 0.02451  -0.008377 -0.001165 | -1.0504
-0.7356  0.5314   -0.05573 0.02451  -0.008377 -0.001165 | -1.0504
-0.7356  0.5314   -0.05573 0.02451  -0.008377 -0.001165 | -1.0504
iteration 1...
-0.5932  0.5314   -0.05573 0.02451  -0.008377 -0.001165 | -1.0501
-0.5932  0.7783   -0.05573 0.02451  -0.008377 -0.001165 | -1.0501
-0.5932  0.7783   -0.3533  0.02451  -0.008377 -0.001165 | -1.0501
-0.5932  0.7783   -0.3533  0.02232  -0.008377 -0.001165 | -1.0501
-0.5932  0.7783   -0.3533  0.02232  -0.008377 -0.001165 | -1.0501
-0.5932  0.7783   -0.3533  0.02232  -0.008377 0.003779 | -1.0501
iteration 2...
-0.6537  0.7783   -0.3533  0.02232  -0.008377 0.003779 | -1.0501
-0.6537  0.9866   -0.3533  0.02232  -0.008377 0.003779 | -1.0501
-0.6537  0.9866   -0.4273  0.02232  -0.008377 0.003779 | -1.0501
-0.6537  0.9866   -0.4273  0.01952  -0.008377 0.003779 | -1.0501
-0.6537  0.9866   -0.4273  0.01952  -0.007285 0.003779 | -1.0501
-0.6537  0.9866   -0.4273  0.01952  -0.007285 0.003871 | -1.0501
iteration 3...
-0.6848  0.9866   -0.4273  0.01952  -0.007285 0.003871 | -1.0501
-0.6848  1.053    -0.4273  0.01952  -0.007285 0.003871 | -1.0501
-0.6848  1.053    -0.4393  0.01952  -0.007285 0.003871 | -1.0501
-0.6848  1.053    -0.4393  0.01907  -0.007285 0.003871 | -1.0501
-0.6848  1.053    -0.4393  0.01907  -0.007285 0.003871 | -1.0501
-0.6848  1.053    -0.4393  0.01907  -0.007285 0.004941 | -1.0501
iteration 4...
-0.6848  1.053    -0.4393  0.01907  -0.007285 0.004941 | -1.0501
-0.6848  1.073    -0.4393  0.01907  -0.007285 0.004941 | -1.0501
-0.6848  1.073    -0.4393  0.01907  -0.007285 0.004941 | -1.0501
-0.6848  1.073    -0.4393  0.01907  -0.007285 0.004941 | -1.0501
-0.6848  1.073    -0.4393  0.01907  -0.006735 0.004941 | -1.0501
-0.6848  1.073    -0.4393  0.01907  -0.006735 0.004941 | -1.0501
iteration 5...
-0.7171  1.073    -0.4393  0.01907  -0.006735 0.004941 | -1.0501
-0.7171  1.073    -0.4393  0.01907  -0.006735 0.004941 | -1.0501
-0.7171  1.073    -0.4393  0.01907  -0.006735 0.004941 | -1.0501
-0.7171  1.073    -0.4393  0.01907  -0.006735 0.004941 | -1.0501
-0.7171  1.073    -0.4393  0.01907  -0.006735 0.004941 | -1.0501
-0.7171  1.073    -0.4393  0.01907  -0.006735 0.004941 | -1.0501
iteration 6...
-0.7171  1.073    -0.4393  0.01907  -0.006735 0.004941 | -1.0501
-0.7171  1.073    -0.4393  0.01907  -0.006735 0.004941 | -1.0501
-0.7171  1.073    -0.4393  0.01907  -0.006735 0.004941 | -1.0501
-0.7171  1.073    -0.4393  0.01907  -0.006735 0.004941 | -1.0501
-0.7171  1.073    -0.4393  0.01907  -0.006735 0.004941 | -1.0501
-0.7171  1.073    -0.4393  0.01907  -0.006735 0.004941 | -1.0501
Done    'Coregister: Estimate'
Done

CoReg Done in 39.624270 seconds

All done with coregistration.
>> >> 
No sandbox specified



Start   : Wed Nov 21 17:32:31 EST 2018
Finish  : Wed Nov 21 17:33:56 EST 2018


