
                            < M A T L A B (R) >
                  Copyright 1984-2015 The MathWorks, Inc.
                   R2015b (8.6.0.267246) 64-bit (glnxa64)
                              August 20, 2015

 
To get started, type one of these: helpwin, helpdesk, or demo.
For product information, visit www.mathworks.com.
 

	Academic License

>> >> >> >> Coregistation Script Created on 181121_20_31_09_584
>> >> >> >> >> >> [Warning: Name is nonexistent or not a directory:
/Users/rcwelsh/matlabScripts/WELLES/mfiles] 
[> In path (line 109)
  In addpath (line 86)] 
>> >> >> >> >> 
UMBatchJobName =

coregOverlay_181121_20_31_09_584_tehsheng_madcbrai

>> 
UMBatchProcessName =

coregOverlay

>> >> Initializing the job manager in SPM8

UMReSlice =

     0



Calling UMBatchCoReg with:
/nfs/fmri/Analysis/Sean_Working/Git_MADC/preprocess/../../Subjects_ABCDResting/madc1437_scan1/func//run_01/utprun_01.nii
/nfs/fmri/Analysis/Sean_Working/Subjects_ABCDResting/madc1437_scan1/func/coReg/t1mprage.nii
UMReSlice:0
Entering UMBatchCoReg V2.0 for SPM8
Coreging /nfs/fmri/Analysis/Sean_Working/Subjects_ABCDResting/madc1437_scan1/func/coReg/t1mprage.nii to
         /nfs/fmri/Analysis/Sean_Working/Git_MADC/preprocess/../../Subjects_ABCDResting/madc1437_scan1/func//run_01/utprun_01.nii


------------------------------------------------------------------------
Running job #1
------------------------------------------------------------------------
Running 'Coregister: Estimate'
iteration 1...
-1.79    0        0        0        0        0        | -1.0501
-1.79    2.086    0        0        0        0        | -1.0507
-1.79    2.086    -1.287   0        0        0        | -1.0509
-1.79    2.086    -1.287   -0.02273 0        0        | -1.051
-1.79    2.086    -1.287   -0.02273 0        0        | -1.051
-1.79    2.086    -1.287   -0.02273 0        -0.004287 | -1.051
iteration 2...
-1.444   2.086    -1.287   -0.02273 0        -0.004287 | -1.0511
-1.444   2.554    -1.287   -0.02273 0        -0.004287 | -1.0511
-1.444   2.554    -1.226   -0.02273 0        -0.004287 | -1.0511
-1.444   2.554    -1.226   -0.02288 0        -0.004287 | -1.0511
-1.444   2.554    -1.226   -0.02288 -0.004283 -0.004287 | -1.0511
-1.444   2.554    -1.226   -0.02288 -0.004283 -0.005628 | -1.0511
iteration 3...
-1.444   2.554    -1.226   -0.02288 -0.004283 -0.005628 | -1.0511
-1.444   2.604    -1.226   -0.02288 -0.004283 -0.005628 | -1.0511
-1.444   2.604    -1.148   -0.02288 -0.004283 -0.005628 | -1.0511
-1.444   2.604    -1.148   -0.02338 -0.004283 -0.005628 | -1.0511
-1.444   2.604    -1.148   -0.02338 -0.004283 -0.005628 | -1.0511
-1.444   2.604    -1.148   -0.02338 -0.004283 -0.005977 | -1.0511
iteration 4...
-1.444   2.604    -1.148   -0.02338 -0.004283 -0.005977 | -1.0511
-1.444   2.588    -1.148   -0.02338 -0.004283 -0.005977 | -1.0511
-1.444   2.588    -1.174   -0.02338 -0.004283 -0.005977 | -1.0511
-1.444   2.588    -1.174   -0.02343 -0.004283 -0.005977 | -1.0511
-1.444   2.588    -1.174   -0.02343 -0.004283 -0.005977 | -1.0511
-1.444   2.588    -1.174   -0.02343 -0.004283 -0.005977 | -1.0511
iteration 5...
-1.444   2.588    -1.174   -0.02343 -0.004283 -0.005977 | -1.0511
-1.444   2.596    -1.174   -0.02343 -0.004283 -0.005977 | -1.0511
-1.444   2.596    -1.171   -0.02343 -0.004283 -0.005977 | -1.0511
-1.444   2.596    -1.171   -0.02343 -0.004283 -0.005977 | -1.0511
-1.444   2.596    -1.171   -0.02343 -0.004283 -0.005977 | -1.0511
-1.444   2.596    -1.171   -0.02343 -0.004283 -0.005977 | -1.0511
iteration 1...
-1.474   2.596    -1.171   -0.02343 -0.004283 -0.005977 | -1.0509
-1.474   2.527    -1.171   -0.02343 -0.004283 -0.005977 | -1.0509
-1.474   2.527    -1.387   -0.02343 -0.004283 -0.005977 | -1.0509
-1.474   2.527    -1.387   -0.01409 -0.004283 -0.005977 | -1.051
-1.474   2.527    -1.387   -0.01409 -0.004283 -0.005977 | -1.051
-1.474   2.527    -1.387   -0.01409 -0.004283 -0.0006423 | -1.051
iteration 2...
-1.498   2.527    -1.387   -0.01409 -0.004283 -0.0006423 | -1.051
-1.498   2.538    -1.387   -0.01409 -0.004283 -0.0006423 | -1.051
-1.498   2.538    -1.374   -0.01409 -0.004283 -0.0006423 | -1.051
-1.498   2.538    -1.374   -0.01449 -0.004283 -0.0006423 | -1.051
-1.498   2.538    -1.374   -0.01449 -0.002309 -0.0006423 | -1.051
-1.498   2.538    -1.374   -0.01449 -0.002309 -0.000875 | -1.051
iteration 3...
-1.517   2.538    -1.374   -0.01449 -0.002309 -0.000875 | -1.051
-1.517   2.537    -1.374   -0.01449 -0.002309 -0.000875 | -1.051
-1.517   2.537    -1.397   -0.01449 -0.002309 -0.000875 | -1.051
-1.517   2.537    -1.397   -0.01449 -0.002309 -0.000875 | -1.051
-1.517   2.537    -1.397   -0.01449 -0.002309 -0.000875 | -1.051
-1.517   2.537    -1.397   -0.01449 -0.002309 -0.000875 | -1.051
iteration 4...
-1.517   2.537    -1.397   -0.01449 -0.002309 -0.000875 | -1.051
-1.517   2.54     -1.397   -0.01449 -0.002309 -0.000875 | -1.051
-1.517   2.54     -1.397   -0.01449 -0.002309 -0.000875 | -1.051
-1.517   2.54     -1.397   -0.01449 -0.002309 -0.000875 | -1.051
-1.517   2.54     -1.397   -0.01449 -0.002309 -0.000875 | -1.051
-1.517   2.54     -1.397   -0.01449 -0.002309 -0.000875 | -1.051
Done    'Coregister: Estimate'
Done

CoReg Done in 25.811703 seconds

All done with coregistration.
>> >> 
No sandbox specified



Start   : Wed Nov 21 20:31:12 EST 2018
Finish  : Wed Nov 21 20:32:15 EST 2018


