
No sandbox specified


                            < M A T L A B (R) >
                  Copyright 1984-2017 The MathWorks, Inc.
                   R2017a (9.2.0.556344) 64-bit (glnxa64)
                               March 27, 2017

 
To get started, type one of these: helpwin, helpdesk, or demo.
For product information, visit www.mathworks.com.
 
>> >> >> >> Coregistation Script Created on 180605_00_19_50_815
>> >> >> >> >> >> [Warning: Name is nonexistent or not a directory:
/Users/rcwelsh/matlabScripts/WELLES/mfiles] 
[> In path (line 109)
  In addpath (line 86)] 
>> >> >> >> >> 
UMBatchJobName =

    'smoothfMRI_180605_00_19_50_815_tehsheng_madcbrai'

>> 
UMBatchProcessName =

    'smoothfMRI'

>> >> Initializing the job manager in SPM8
Sandbox is not preen and I can not preen it, thus turning it off
Smoothing 506 "vbm8_w3mm_utprun_" images in /nfs/fmri/Analysis/Subjects_oldResting/madc1507_scan1/func/run_01 with 5.0 5.0 5.0
Entering UMBatchSmooth V1.1


------------------------------------------------------------------------
Running job #1
------------------------------------------------------------------------
Running 'Smooth'
Done    'Smooth'
Done

Smoothing done in 52.271075 seconds.


No need to try to move out of sandbox, it is presently disabled.

All done with smoothing images.
>> >> 

Start   : Tue Jun  5 00:19:52 EDT 2018
Finish  : Tue Jun  5 00:21:23 EDT 2018


