
No sandbox specified


                            < M A T L A B (R) >
                  Copyright 1984-2015 The MathWorks, Inc.
                   R2015b (8.6.0.267246) 64-bit (glnxa64)
                              August 20, 2015

 
To get started, type one of these: helpwin, helpdesk, or demo.
For product information, visit www.mathworks.com.
 
    ----------------------------------------------------
	Your MATLAB license will expire in 52 days.
	Please contact your system administrator or
	MathWorks to renew this license.
    ----------------------------------------------------

	Academic License

>> >> >> >> Coregistation Script Created on 181208_02_27_03_622
>> >> >> >> >> >> [Warning: Name is nonexistent or not a directory:
/Users/rcwelsh/matlabScripts/WELLES/mfiles] 
[> In path (line 109)
  In addpath (line 86)] 
>> >> >> >> >> 
UMBatchJobName =

warpfMRI_181208_02_27_03_622_tehsheng_madcbrai

>> 
UMBatchProcessName =

warpfMRI

>> >> Initializing the job manager in SPM8
Looping on the subjects now

Working on madc1557_5890
Sandbox is not preen and I can not preen it, thus turning it off
Normalizing a total of 2 vasc_3dasl's
Entering UMBatchWarp V2.0 SPM8 Compatible
Entering UMBatchWarpVBM8 V2.0 SPM8 Compatible
Using deformation field 
    /nfs/fmri/Analysis/Sean_Working/Git_MADC/preprocess/../../Subjects_ASL/madc1557_5890/func/coReg/vbm8/y_rt1spgr.nii
Warping 2 images like /nfs/fmri/Analysis/Sean_Working/Subjects_ASL/madc1557_5890/func/run_01/vasc_3dasl.nii,1 to space of /nfs/psych-bhampstelab/VA_SPiRE_2015/fMRI_Working/MCore/SPM/SPM8/spm8_with_R6313/templates/PET.nii,1


------------------------------------------------------------------------
Running job #1
------------------------------------------------------------------------
Running 'Deformations'
Done    'Deformations'
Done

Deformation applied and finished in 4.149311 seconds
No need to try to move out of sandbox, it is presently disabled.

All done with warping of fMRIs to template using HiResolution data.
>> >> 

Start   : Sat Dec  8 02:27:05 EST 2018
Finish  : Sat Dec  8 02:27:41 EST 2018


